C++17!
Using LSH-Graph for astro1m ...
c=        1.5
k=        100
L=        1
K=        12
T=        24
lsh_UB=   0
LOADING DATA...
Load from new file: /users/PAS2671/kabir36/kabir/similarity-search/dataset/astro1m/
N=    1000000
dim=  256

LOADING TIME: 1.81308s.

LOADING BENMARK...
LOADING TIME: 0.000663s.

mkdir: missing operand
Try 'mkdir --help' for more information.

START HASHING...

SETTING HASH PARAMETER...
SETTING TIME: 8.4e-05s.

COMPUTING HASH...
COMPUTING TIME: 0.537235s.

[1m[31mWARNING:
[31mRanges of hash values is too LARGE. 
Please increase W at least 1times.
[0m[31mOld W=    0.3
New W=    5.46814
Increase  18.2271times.
[0mCONSTRUCTING GRAPH...

0%   10   20   30   40   50   60   70   80   90   100%
|----|----|----|----|----|----|----|----|----|----|
***************************************************
CONSTRUCTING TIME: 1478.54s.

SAVING GRAPH...
SAVING TIME: 1.00411s.

dist=18.513193, cnt=33.599422, unique=1, std=9.538922, Recall=0.000000
cc=1506.415771, pruning=0.099778

Loading FastGraph...
*******************************************************************************************************
The result of LSH-G for astro1m is as follow: k=100, probQ = 0.9, L = 1, K = 12, T = 24
******************************************************************************************************
     algName       k      ef        Time      Recall        Cost        CPQ1        CPQ2     Pruning

       fastG     100     200     1.53019      0.5668     2746.43     162.766      2909.2    0.146099

Command terminated by signal 11
	Command being timed: "./lgo astro1m 100 1 12 0.1 1.0 24"
	User time (seconds): 1466.98
	System time (seconds): 13.31
	Percent of CPU this job got: 99%
	Elapsed (wall clock) time (h:mm:ss or m:ss): 24:45.74
	Average shared text size (kbytes): 0
	Average unshared data size (kbytes): 0
	Average stack size (kbytes): 0
	Average total size (kbytes): 0
	Maximum resident set size (kbytes): 2319744
	Average resident set size (kbytes): 0
	Major (requiring I/O) page faults: 0
	Minor (reclaiming a frame) page faults: 7213428
	Voluntary context switches: 600740
	Involuntary context switches: 343901
	Swaps: 0
	File system inputs: 0
	File system outputs: 3279816
	Socket messages sent: 0
	Socket messages received: 0
	Signals delivered: 0
	Page size (bytes): 4096
	Exit status: 0
