C++17!
Using LSH-Graph for astro1m ...
c=        1.5
k=        100
L=        1
K=        18
T=        12
lsh_UB=   0
LOADING DATA...
Load from new file: /users/PAS2671/kabir36/kabir/similarity-search/dataset/astro1m/
N=    1000000
dim=  256

LOADING TIME: 1.76392s.

LOADING BENMARK...
LOADING TIME: 0.000561s.

mkdir: missing operand
Try 'mkdir --help' for more information.

START HASHING...

SETTING HASH PARAMETER...
SETTING TIME: 0.000133s.

COMPUTING HASH...
COMPUTING TIME: 0.757331s.

[1m[31mWARNING:
[31mRanges of hash values is too LARGE. 
Please increase W at least 1times.
[0m[31mOld W=    0.3
New W=    24.216
Increase  80.7201times.
[0mCONSTRUCTING GRAPH...

0%   10   20   30   40   50   60   70   80   90   100%
|----|----|----|----|----|----|----|----|----|----|
***************************************************
CONSTRUCTING TIME: 792.47s.

SAVING GRAPH...
SAVING TIME: 0.81368s.

dist=18.478689, cnt=16.531681, unique=1, std=4.802019, Recall=0.000000
cc=792.228943, pruning=0.088894

Loading FastGraph...
*******************************************************************************************************
The result of LSH-G for astro1m is as follow: k=100, probQ = 0.9, L = 1, K = 18, T = 12
******************************************************************************************************
     algName       k      ef        Time      Recall        Cost        CPQ1        CPQ2     Pruning

       fastG     100     200     1.78501      0.4132     1586.11     144.549     1730.66    0.118737

Command terminated by signal 11
	Command being timed: "./lgo astro1m 100 1 18 0.1 1.0 12"
	User time (seconds): 784.96
	System time (seconds): 10.59
	Percent of CPU this job got: 99%
	Elapsed (wall clock) time (h:mm:ss or m:ss): 13:19.04
	Average shared text size (kbytes): 0
	Average unshared data size (kbytes): 0
	Average stack size (kbytes): 0
	Average total size (kbytes): 0
	Maximum resident set size (kbytes): 2117896
	Average resident set size (kbytes): 0
	Major (requiring I/O) page faults: 0
	Minor (reclaiming a frame) page faults: 6151642
	Voluntary context switches: 512858
	Involuntary context switches: 184288
	Swaps: 0
	File system inputs: 0
	File system outputs: 2655136
	Socket messages sent: 0
	Socket messages received: 0
	Signals delivered: 0
	Page size (bytes): 4096
	Exit status: 0
