C++17!
Using LSH-Graph for astro1m ...
c=        1.5
k=        100
L=        2
K=        12
T=        12
lsh_UB=   0
LOADING DATA...
Load from new file: /users/PAS2671/kabir36/kabir/similarity-search/dataset/astro1m/
N=    1000000
dim=  256

LOADING TIME: 1.73508s.

LOADING BENMARK...
LOADING TIME: 0.000489s.

mkdir: missing operand
Try 'mkdir --help' for more information.

START HASHING...

SETTING HASH PARAMETER...
SETTING TIME: 0.000146s.

COMPUTING HASH...
COMPUTING TIME: 1.00865s.

[1m[31mWARNING:
[31mRanges of hash values is too LARGE. 
Please increase W at least 1times.
[0m[31mOld W=    0.3
New W=    5.46814
Increase  18.2271times.
[0mCONSTRUCTING GRAPH...

0%   10   20   30   40   50   60   70   80   90   100%
|----|----|----|----|----|----|----|----|----|----|
***************************************************
CONSTRUCTING TIME: 796.556s.

SAVING GRAPH...
SAVING TIME: 1.12488s.

dist=18.464197, cnt=16.586248, unique=1, std=4.810674, Recall=0.000000
cc=790.958313, pruning=0.076377

Loading FastGraph...
*******************************************************************************************************
The result of LSH-G for astro1m is as follow: k=100, probQ = 0.9, L = 2, K = 12, T = 12
******************************************************************************************************
     algName       k      ef        Time      Recall        Cost        CPQ1        CPQ2     Pruning

       fastG     100     200     1.26622      0.3993     1642.12     109.321     1751.44   0.0978309

*** Error in `./lgo': free(): invalid pointer: 0x000000003dfeb631 ***
======= Backtrace: =========
/lib64/libc.so.6(+0x81329)[0x2b7d5ee60329]
./lgo[0x40bb5e]
./lgo[0x408415]
/lib64/libc.so.6(__libc_start_main+0xf5)[0x2b7d5ee01555]
./lgo[0x408e0c]
======= Memory map: ========
00400000-00449000 r-xp 00000000 00:3c 1794793                            /users/PAS2671/kabir36/kabir/similarity-search/models/LSH-APG/cppCode/LSH-APG/lgo
00648000-0064a000 r--p 00048000 00:3c 1794793                            /users/PAS2671/kabir36/kabir/similarity-search/models/LSH-APG/cppCode/LSH-APG/lgo
0064a000-0064b000 rw-p 0004a000 00:3c 1794793                            /users/PAS2671/kabir36/kabir/similarity-search/models/LSH-APG/cppCode/LSH-APG/lgo
00e38000-7f46c000 rw-p 00000000 00:00 0                                  [heap]
2b7d5da91000-2b7d5dab3000 r-xp 00000000 00:24 3428292698                 /usr/lib64/ld-2.17.so
2b7d5dab3000-2b7d5daba000 rw-p 00000000 00:00 0 
2b7d5db00000-2b7d5db07000 rw-p 00000000 00:00 0 
2b7d5dcb2000-2b7d5dcb3000 r--p 00021000 00:24 3428292698                 /usr/lib64/ld-2.17.so
2b7d5dcb3000-2b7d5dcb4000 rw-p 00022000 00:24 3428292698                 /usr/lib64/ld-2.17.so
2b7d5dcb4000-2b7d5dcb5000 rw-p 00000000 00:00 0 
2b7d5dcb5000-2b7d5dced000 r-xp 00000000 00:2a 19202863                   /apps/xalt/2.10.29/lib64/libxalt_init.so
2b7d5dced000-2b7d5deed000 ---p 00038000 00:2a 19202863                   /apps/xalt/2.10.29/lib64/libxalt_init.so
2b7d5deed000-2b7d5deee000 r--p 00038000 00:2a 19202863                   /apps/xalt/2.10.29/lib64/libxalt_init.so
2b7d5deee000-2b7d5deef000 rw-p 00039000 00:2a 19202863                   /apps/xalt/2.10.29/lib64/libxalt_init.so
2b7d5deef000-2b7d5def0000 rw-p 00000000 00:00 0 
2b7d5def0000-2b7d5def7000 r-xp 00000000 00:24 3428781212                 /usr/lib64/librt-2.17.so
2b7d5def7000-2b7d5e0f6000 ---p 00007000 00:24 3428781212                 /usr/lib64/librt-2.17.so
2b7d5e0f6000-2b7d5e0f7000 r--p 00006000 00:24 3428781212                 /usr/lib64/librt-2.17.so
2b7d5e0f7000-2b7d5e0f8000 rw-p 00007000 00:24 3428781212                 /usr/lib64/librt-2.17.so
2b7d5e0f8000-2b7d5e26c000 r-xp 00000000 00:2a 7905980                    /apps/gnu/8.4.0/lib64/libstdc++.so.6.0.25
2b7d5e26c000-2b7d5e46b000 ---p 00174000 00:2a 7905980                    /apps/gnu/8.4.0/lib64/libstdc++.so.6.0.25
2b7d5e46b000-2b7d5e475000 r--p 00173000 00:2a 7905980                    /apps/gnu/8.4.0/lib64/libstdc++.so.6.0.25
2b7d5e475000-2b7d5e477000 rw-p 0017d000 00:2a 7905980                    /apps/gnu/8.4.0/lib64/libstdc++.so.6.0.25
2b7d5e477000-2b7d5e47b000 rw-p 00000000 00:00 0 
2b7d5e47b000-2b7d5e57c000 r-xp 00000000 00:24 3428781161                 /usr/lib64/libm-2.17.so
2b7d5e57c000-2b7d5e77b000 ---p 00101000 00:24 3428781161                 /usr/lib64/libm-2.17.so
2b7d5e77b000-2b7d5e77c000 r--p 00100000 00:24 3428781161                 /usr/lib64/libm-2.17.so
2b7d5e77c000-2b7d5e77d000 rw-p 00101000 00:24 3428781161                 /usr/lib64/libm-2.17.so
2b7d5e77d000-2b7d5e7aa000 r-xp 00000000 00:2a 5669150                    /apps/gnu/8.4.0/lib64/libgomp.so.1.0.0
2b7d5e7aa000-2b7d5e9a9000 ---p 0002d000 00:2a 5669150                    /apps/gnu/8.4.0/lib64/libgomp.so.1.0.0
2b7d5e9a9000-2b7d5e9aa000 r--p 0002c000 00:2a 5669150                    /apps/gnu/8.4.0/lib64/libgomp.so.1.0.0
2b7d5e9aa000-2b7d5e9ab000 rw-p 0002d000 00:2a 5669150                    /apps/gnu/8.4.0/lib64/libgomp.so.1.0.0
2b7d5e9ab000-2b7d5e9c2000 r-xp 00000000 00:2a 5669148                    /apps/gnu/8.4.0/lib64/libgcc_s.so.1
2b7d5e9c2000-2b7d5ebc1000 ---p 00017000 00:2a 5669148                    /apps/gnu/8.4.0/lib64/libgcc_s.so.1
2b7d5ebc1000-2b7d5ebc2000 r--p 00016000 00:2a 5669148                    /apps/gnu/8.4.0/lib64/libgcc_s.so.1
2b7d5ebc2000-2b7d5ebc3000 rw-p 00017000 00:2a 5669148                    /apps/gnu/8.4.0/lib64/libgcc_s.so.1
2b7d5ebc3000-2b7d5ebda000 r-xp 00000000 00:24 3428781193                 /usr/lib64/libpthread-2.17.so
2b7d5ebda000-2b7d5edd9000 ---p 00017000 00:24 3428781193                 /usr/lib64/libpthread-2.17.so
2b7d5edd9000-2b7d5edda000 r--p 00016000 00:24 3428781193                 /usr/lib64/libpthread-2.17.so
2b7d5edda000-2b7d5eddb000 rw-p 00017000 00:24 3428781193                 /usr/lib64/libpthread-2.17.so
2b7d5eddb000-2b7d5eddf000 rw-p 00000000 00:00 0 
2b7d5eddf000-2b7d5efa3000 r-xp 00000000 00:24 3428781146                 /usr/lib64/libc-2.17.so
2b7d5efa3000-2b7d5f1a2000 ---p 001c4000 00:24 3428781146                 /usr/lib64/libc-2.17.so
2b7d5f1a2000-2b7d5f1a6000 r--p 001c3000 00:24 3428781146                 /usr/lib64/libc-2.17.so
2b7d5f1a6000-2b7d5f1a8000 rw-p 001c7000 00:24 3428781146                 /usr/lib64/libc-2.17.so
2b7d5f1a8000-2b7d5f1ad000 rw-p 00000000 00:00 0 
2b7d5f1ad000-2b7d5f1af000 r-xp 00000000 00:24 3428781159                 /usr/lib64/libdl-2.17.so
2b7d5f1af000-2b7d5f3af000 ---p 00002000 00:24 3428781159                 /usr/lib64/libdl-2.17.so
2b7d5f3af000-2b7d5f3b0000 r--p 00002000 00:24 3428781159                 /usr/lib64/libdl-2.17.so
2b7d5f3b0000-2b7d5f3b1000 rw-p 00003000 00:24 3428781159                 /usr/lib64/libdl-2.17.so
2b7d5f3b1000-2b7d5f3b5000 r-xp 00000000 00:2a 21954920                   /apps/xalt/2.10.29/lib64/libuuid.so.1.3.0
2b7d5f3b5000-2b7d5f5b4000 ---p 00004000 00:2a 21954920                   /apps/xalt/2.10.29/lib64/libuuid.so.1.3.0
2b7d5f5b4000-2b7d5f5b5000 r--p 00003000 00:2a 21954920                   /apps/xalt/2.10.29/lib64/libuuid.so.1.3.0
2b7d5f5b5000-2b7d5f5b6000 rw-p 00004000 00:2a 21954920                   /apps/xalt/2.10.29/lib64/libuuid.so.1.3.0
2b7d69003000-2b7d69004000 ---p 00000000 00:00 0 
2b7d69004000-2b7d69204000 rw-p 00000000 00:00 0 
2b7d69204000-2b7d69205000 ---p 00000000 00:00 0 
2b7d69205000-2b7d69405000 rw-p 00000000 00:00 0 
2b7d69405000-2b7d69406000 ---p 00000000 00:00 0 
2b7d69406000-2b7d69606000 rw-p 00000000 00:00 0 
2b7d69606000-2b7d69607000 ---p 00000000 00:00 0 
2b7d69607000-2b7d69807000 rw-p 00000000 00:00 0 
2b7d69807000-2b7d69808000 ---p 00000000 00:00 0 
2b7d69808000-2b7d69a08000 rw-p 00000000 00:00 0 
2b7d69a08000-2b7d69a09000 ---p 00000000 00:00 0 
2b7d69a09000-2b7d69c09000 rw-p 00000000 00:00 0 
2b7d69c09000-2b7d69c0a000 ---p 00000000 00:00 0 
2b7d69c0a000-2b7d69e0a000 rw-p 00000000 00:00 0 
2b7d69e0a000-2b7d69e0b000 ---p 00000000 00:00 0 
2b7d69e0b000-2b7d6a00b000 rw-p 00000000 00:00 0 
2b7d6a00b000-2b7d6a00c000 ---p 00000000 00:00 0 
2b7d6a00c000-2b7d6a20c000 rw-p 00000000 00:00 0 
2b7d6a20c000-2b7d6a20d000 ---p 00000000 00:00 0 
2b7d6a20d000-2b7d6a40d000 rw-p 00000000 00:00 0 
2b7d6a40d000-2b7d6a40e000 ---p 00000000 00:00 0 
2b7d6a40e000-2b7d6a60e000 rw-p 00000000 00:00 0 
2b7d6a60e000-2b7d6a60f000 ---p 00000000 00:00 0 
2b7d6a60f000-2b7d6a80f000 rw-p 00000000 00:00 0 
2b7d6a80f000-2b7d6a810000 ---p 00000000 00:00 0 
2b7d6a810000-2b7d6aa10000 rw-p 00000000 00:00 0 
2b7d6aa10000-2b7d6aa11000 ---p 00000000 00:00 0 
2b7d6aa11000-2b7d6ac11000 rw-p 00000000 00:00 0 
2b7d6ac11000-2b7d6ac12000 ---p 00000000 00:00 0 
2b7d6ac12000-2b7d6ae12000 rw-p 00000000 00:00 0 
2b7d6ae12000-2b7d6ae13000 ---p 00000000 00:00 0 
2b7d6ae13000-2b7d6b013000 rw-p 00000000 00:00 0 
2b7d6b013000-2b7d6b014000 ---p 00000000 00:00 0 
2b7d6b014000-2b7d6b214000 rw-p 00000000 00:00 0 
2b7d6b214000-2b7d6b215000 ---p 00000000 00:00 0 
2b7d6b215000-2b7d6b415000 rw-p 00000000 00:00 0 
2b7d6b415000-2b7d6b416000 ---p 00000000 00:00 0 
2b7d6b416000-2b7d6b616000 rw-p 00000000 00:00 0 
2b7d6c000000-2b7d6c17c000 rw-p 00000000 00:00 0 
2b7d6c17c000-2b7d70000000 ---p 00000000 00:00 0 
2b7d70000000-2b7d70177000 rw-p 00000000 00:00 0 
2b7d70177000-2b7d74000000 ---p 00000000 00:00 0 
2b7d74000000-2b7d74172000 rw-p 00000000 00:00 0 
2b7d74172000-2b7d78000000 ---p 00000000 00:00 0 
2b7d78000000-2b7d78178000 rw-p 00000000 00:00 0 
2b7d78178000-2b7d7c000000 ---p 00000000 00:00 0 
2b7d7c000000-2b7d7c17a000 rw-p 00000000 00:00 0 
2b7d7c17a000-2b7d80000000 ---p 00000000 00:00 0 
2b7d80000000-2b7d80175000 rw-p 00000000 00:00 0 
2b7d80175000-2b7d84000000 ---p 00000000 00:00 0 
2b7d84000000-2b7d84171000 rw-p 00000000 00:00 0 
2b7d84171000-2b7d88000000 ---p 00000000 00:00 0 
2b7d88000000-2b7d88175000 rw-p 00000000 00:00 0 
2b7d88175000-2b7d8c000000 ---p 00000000 00:00 0 
2b7d8c000000-2b7d8c183000 rw-p 00000000 00:00 0 
2b7d8c183000-2b7d90000000 ---p 00000000 00:00 0 
2b7d90000000-2b7d90173000 rw-p 00000000 00:00 0 
2b7d90173000-2b7d94000000 ---p 00000000 00:00 0 
2b7d94000000-2b7d9416d000 rw-p 00000000 00:00 0 
2b7d9416d000-2b7d98000000 ---p 00000000 00:00 0 
2b7d98000000-2b7d98177000 rw-p 00000000 00:00 0 
2b7d98177000-2b7d9c000000 ---p 00000000 00:00 0 
2b7d9c000000-2b7d9c16f000 rw-p 00000000 00:00 0 
2b7d9c16f000-2b7da0000000 ---p 00000000 00:00 0 
2b7da0000000-2b7da0177000 rw-p 00000000 00:00 0 
2b7da0177000-2b7da4000000 ---p 00000000 00:00 0 
2b7da4000000-2b7da4174000 rw-p 00000000 00:00 0 
2b7da4174000-2b7da8000000 ---p 00000000 00:00 0 
2b7da8000000-2b7da8179000 rw-p 00000000 00:00 0 
2b7da8179000-2b7dac000000 ---p 00000000 00:00 0 
2b7dac000000-2b7dac174000 rw-p 00000000 00:00 0 
2b7dac174000-2b7db0000000 ---p 00000000 00:00 0 
2b7db0000000-2b7db0173000 rw-p 00000000 00:00 0 
2b7db0173000-2b7db4000000 ---p 00000000 00:00 0 
2b7db4000000-2b7db4179000 rw-p 00000000 00:00 0 
2b7db4179000-2b7db8000000 ---p 00000000 00:00 0 
2b7db8000000-2b7db816b000 rw-p 00000000 00:00 0 
2b7db816b000-2b7dbc000000 ---p 00000000 00:00 0 
2b7dbc000000-2b7dbc178000 rw-p 00000000 00:00 0 
2b7dbc178000-2b7dc0000000 ---p 00000000 00:00 0 
2b7dc0000000-2b7dc016b000 rw-p 00000000 00:00 0 
2b7dc016b000-2b7dc4000000 ---p 00000000 00:00 0 
2b7dc4000000-2b7dc416b000 rw-p 00000000 00:00 0 
2b7dc416b000-2b7dc8000000 ---p 00000000 00:00 0 
2b7dc8000000-2b7dc8173000 rw-p 00000000 00:00 0 
2b7dc8173000-2b7dcc000000 ---p 00000000 00:00 0 
2b7dcc000000-2b7dcc168000 rw-p 00000000 00:00 0 
2b7dcc168000-2b7dd0000000 ---p 00000000 00:00 0 
2b7dd0000000-2b7dd0178000 rw-p 00000000 00:00 0 
2b7dd0178000-2b7dd4000000 ---p 00000000 00:00 0 
2b7dd4000000-2b7dd4175000 rw-p 00000000 00:00 0 
2b7dd4175000-2b7dd8000000 ---p 00000000 00:00 0 
2b7dd8000000-2b7dd8174000 rw-p 00000000 00:00 0 
2b7dd8174000-2b7ddc000000 ---p 00000000 00:00 0 
2b7ddc000000-2b7ddc172000 rw-p 00000000 00:00 0 
2b7ddc172000-2b7de0000000 ---p 00000000 00:00 0 
2b7de0000000-2b7de016d000 rw-p 00000000 00:00 0 
2b7de016d000-2b7de4000000 ---p 00000000 00:00 0 
2b7de4000000-2b7de4176000 rw-p 00000000 00:00 0 
2b7de4176000-2b7de8000000 ---p 00000000 00:00 0 
2b7de8000000-2b7de816a000 rw-p 00000000 00:00 0 
2b7de816a000-2b7dec000000 ---p 00000000 00:00 0 
2b7dec000000-2b7dec171000 rw-p 00000000 00:00 0 
2b7dec171000-2b7df0000000 ---p 00000000 00:00 0 
2b7df0000000-2b7df0174000 rw-p 00000000 00:00 0 
2b7df0174000-2b7df4000000 ---p 00000000 00:00 0 
2b7df4000000-2b7df4171000 rw-p 00000000 00:00 0 
2b7df4171000-2b7df8000000 ---p 00000000 00:00 0 
2b7df8000000-2b7df8177000 rw-p 00000000 00:00 0 
2b7df8177000-2b7dfc000000 ---p 00000000 00:00 0 
2b7dfc000000-2b7dfc174000 rw-p 00000000 00:00 0 
2b7dfc174000-2b7e00000000 ---p 00000000 00:00 0 
2b7e00000000-2b7e0016a000 rw-p 00000000 00:00 0 
2b7e0016a000-2b7e04000000 ---p 00000000 00:00 0 
2b7e04000000-2b7e0416f000 rw-p 00000000 00:00 0 
2b7e0416f000-2b7e08000000 ---p 00000000 00:00 0 
2b7e08000000-2b7e0816f000 rw-p 00000000 00:00 0 
2b7e0816f000-2b7e0c000000 ---p 00000000 00:00 0 
2b7e0c000000-2b7e0c165000 rw-p 00000000 00:00 0 
2b7e0c165000-2b7e10000000 ---p 00000000 00:00 0 
2b7e10000000-2b7e10179000 rw-p 00000000 00:00 0 
2b7e10179000-2b7e14000000 ---p 00000000 00:00 0 
2b7e14000000-2b7e14170000 rw-p 00000000 00:00 0 
2b7e14170000-2b7e18000000 ---p 00000000 00:00 0 
2b7e18000000-2b7e18172000 rw-p 00000000 00:00 0 
2b7e18172000-2b7e1c000000 ---p 00000000 00:00 0 
2b7e1c000000-2b7e1c170000 rw-p 00000000 00:00 0 
2b7e1c170000-2b7e20000000 ---p 00000000 00:00 0 
2b7e20000000-2b7e2016b000 rw-p 00000000 00:00 0 
2b7e2016b000-2b7e24000000 ---p 00000000 00:00 0 
2b7e24000000-2b7e2417b000 rw-p 00000000 00:00 0 
2b7e2417b000-2b7e28000000 ---p 00000000 00:00 0 
2b7e28000000-2b7e28174000 rw-p 00000000 00:00 0 
2b7e28174000-2b7e2c000000 ---p 00000000 00:00 0 
2b7e2c000000-2b7e2c172000 rw-p 00000000 00:00 0 
2b7e2c172000-2b7e30000000 ---p 00000000 00:00 0 
2b7e30000000-2b7e30176000 rw-p 00000000 00:00 0 
2b7e30176000-2b7e34000000 ---p 00000000 00:00 0 
2b7e34000000-2b7e34175000 rw-p 00000000 00:00 0 
2b7e34175000-2b7e38000000 ---p 00000000 00:00 0 
2b7e38000000-2b7e38178000 rw-p 00000000 00:00 0 
2b7e38178000-2b7e3c000000 ---p 00000000 00:00 0 
2b7e3c000000-2b7e3c172000 rw-p 00000000 00:00 0 
2b7e3c172000-2b7e40000000 ---p 00000000 00:00 0 
2b7e40000000-2b7e40173000 rw-p 00000000 00:00 0 
2b7e40173000-2b7e44000000 ---p 00000000 00:00 0 
2b7e44000000-2b7e4416f000 rw-p 00000000 00:00 0 
2b7e4416f000-2b7e48000000 ---p 00000000 00:00 0 
2b7e48000000-2b7e4816e000 rw-p 00000000 00:00 0 
2b7e4816e000-2b7e4c000000 ---p 00000000 00:00 0 
2b7e4c000000-2b7e4c176000 rw-p 00000000 00:00 0 
2b7e4c176000-2b7e50000000 ---p 00000000 00:00 0 
2b7e50000000-2b7e50177000 rw-p 00000000 00:00 0 
2b7e50177000-2b7e54000000 ---p 00000000 00:00 0 
2b7e54000000-2b7e5416f000 rw-p 00000000 00:00 0 
2b7e5416f000-2b7e58000000 ---p 00000000 00:00 0 
2b7e58000000-2b7e58170000 rw-p 00000000 00:00 0 
2b7e58170000-2b7e5c000000 ---p 00000000 00:00 0 
2b7e5c000000-2b7e5c176000 rw-p 00000000 00:00 0 
2b7e5c176000-2b7e60000000 ---p 00000000 00:00 0 
2b7e60000000-2b7e6017a000 rw-p 00000000 00:00 0 
2b7e6017a000-2b7e64000000 ---p 00000000 00:00 0 
2b7e64000000-2b7e6416d000 rw-p 00000000 00:00 0 
2b7e6416d000-2b7e68000000 ---p 00000000 00:00 0 
2b7e68000000-2b7e68170000 rw-p 00000000 00:00 0 
2b7e68170000-2b7e6c000000 ---p 00000000 00:00 0 
2b7e6c000000-2b7e6c172000 rw-p 00000000 00:00 0 
2b7e6c172000-2b7e70000000 ---p 00000000 00:00 0 
2b7e70000000-2b7e7016e000 rw-p 00000000 00:00 0 
2b7e7016e000-2b7e74000000 ---p 00000000 00:00 0 
2b7e74000000-2b7e7416d000 rw-p 00000000 00:00 0 
2b7e7416d000-2b7e78000000 ---p 00000000 00:00 0 
2b7e78000000-2b7e78177000 rw-p 00000000 00:00 0 
2b7e78177000-2b7e7c000000 ---p 00000000 00:00 0 
2b7e7c000000-2b7e7c16f000 rw-p 00000000 00:00 0 
2b7e7c16f000-2b7e80000000 ---p 00000000 00:00 0 
2b7e80000000-2b7e8017b000 rw-p 00000000 00:00 0 
2b7e8017b000-2b7e84000000 ---p 00000000 00:00 0 
2b7e84000000-2b7e8416d000 rw-p 00000000 00:00 0 
2b7e8416d000-2b7e88000000 ---p 00000000 00:00 0 
2b7e88000000-2b7e88172000 rw-p 00000000 00:00 0 
2b7e88172000-2b7e8c000000 ---p 00000000 00:00 0 
2b7e8c000000-2b7e8c177000 rw-p 00000000 00:00 0 
2b7e8c177000-2b7e90000000 ---p 00000000 00:00 0 
2b7e90000000-2b7e9016f000 rw-p 00000000 00:00 0 
2b7e9016f000-2b7e94000000 ---p 00000000 00:00 0 
2b7e94000000-2b7e94172000 rw-p 00000000 00:00 0 
2b7e94172000-2b7e98000000 ---p 00000000 00:00 0 
2b7e98000000-2b7e98172000 rw-p 00000000 00:00 0 
2b7e98172000-2b7e9c000000 ---p 00000000 00:00 0 
2b7e9c000000-2b7e9c171000 rw-p 00000000 00:00 0 
2b7e9c171000-2b7ea0000000 ---p 00000000 00:00 0 
2b7ea0000000-2b7ea0174000 rw-p 00000000 00:00 0 
2b7ea0174000-2b7ea4000000 ---p 00000000 00:00 0 
2b7ea4000000-2b7ea4176000 rw-p 00000000 00:00 0 
2b7ea4176000-2b7ea8000000 ---p 00000000 00:00 0 
2b7ea8000000-2b7ea8175000 rw-p 00000000 00:00 0 
2b7ea8175000-2b7eac000000 ---p 00000000 00:00 0 
2b7eac000000-2b7eac176000 rw-p 00000000 00:00 0 
2b7eac176000-2b7eb0000000 ---p 00000000 00:00 0 
2b7eb0000000-2b7eb017c000 rw-p 00000000 00:00 0 
2b7eb017c000-2b7eb4000000 ---p 00000000 00:00 0 
2b7eb4000000-2b7eb4176000 rw-p 00000000 00:00 0 
2b7eb4176000-2b7eb8000000 ---p 00000000 00:00 0 
2b7eb8000000-2b7eb8174000 rw-p 00000000 00:00 0 
2b7eb8174000-2b7ebc000000 ---p 00000000 00:00 0 
2b7ebc000000-2b7ebc174000 rw-p 00000000 00:00 0 
2b7ebc174000-2b7ec0000000 ---p 00000000 00:00 0 
2b7ec0000000-2b7ec016f000 rw-p 00000000 00:00 0 
2b7ec016f000-2b7ec4000000 ---p 00000000 00:00 0 
2b7ec4000000-2b7ec4174000 rw-p 00000000 00:00 0 
2b7ec4174000-2b7ec8000000 ---p 00000000 00:00 0 
2b7ec8000000-2b7ec817b000 rw-p 00000000 00:00 0 
2b7ec817b000-2b7ecc000000 ---p 00000000 00:00 0 
2b7ecc000000-2b7ecc177000 rw-p 00000000 00:00 0 
2b7ecc177000-2b7ed0000000 ---p 00000000 00:00 0 
2b7ed0000000-2b7ed0173000 rw-p 00000000 00:00 0 
2b7ed0173000-2b7ed4000000 ---p 00000000 00:00 0 
2b7ed4000000-2b7ed416d000 rw-p 00000000 00:00 0 
2b7ed416d000-2b7ed8000000 ---p 00000000 00:00 0 
2b7ed8000000-2b7ed816f000 rw-p 00000000 00:00 0 
2b7ed816f000-2b7edc000000 ---p 00000000 00:00 0 
2b7edc000000-2b7edc174000 rw-p 00000000 00:00 0 
2b7edc174000-2b7ee0000000 ---p 00000000 00:00 0 
2b7ee0000000-2b7ee0173000 rw-p 00000000 00:00 0 
2b7ee0173000-2b7ee4000000 ---p 00000000 00:00 0 
2b7ee4000000-2b7ee4174000 rw-p 00000000 00:00 0 
2b7ee4174000-2b7ee8000000 ---p 00000000 00:00 0 
2b7ee8000000-2b7ee817c000 rw-p 00000000 00:00 0 
2b7ee817c000-2b7eec000000 ---p 00000000 00:00 0 
7ffc4b19c000-7ffc4b1c0000 rw-p 00000000 00:00 0                          [stack]
7ffc4b1d0000-7ffc4b1d2000 r-xp 00000000 00:00 0                          [vdso]
ffffffffff600000-ffffffffff601000 r-xp 00000000 00:00 0                  [vsyscall]

******************************************************************************************************
                                                                                    1180-6:49:46
*****************************************************************************************************


Command terminated by signal 6
	Command being timed: "./lgo astro1m 100 2 12 0.1 1.0 12"
	User time (seconds): 786.52
	System time (seconds): 15.12
	Percent of CPU this job got: 99%
	Elapsed (wall clock) time (h:mm:ss or m:ss): 13:25.20
	Average shared text size (kbytes): 0
	Average unshared data size (kbytes): 0
	Average stack size (kbytes): 0
	Average total size (kbytes): 0
	Maximum resident set size (kbytes): 2215796
	Average resident set size (kbytes): 0
	Major (requiring I/O) page faults: 0
	Minor (reclaiming a frame) page faults: 8326299
	Voluntary context switches: 835595
	Involuntary context switches: 190113
	Swaps: 0
	File system inputs: 0
	File system outputs: 4954360
	Socket messages sent: 0
	Socket messages received: 0
	Signals delivered: 0
	Page size (bytes): 4096
	Exit status: 0
