C++17!
Using LSH-Graph for astro1m ...
c=        1.5
k=        100
L=        2
K=        18
T=        24
lsh_UB=   0
LOADING DATA...
Load from new file: /users/PAS2671/kabir36/kabir/similarity-search/dataset/astro1m/
N=    1000000
dim=  256

LOADING TIME: 1.77113s.

LOADING BENMARK...
LOADING TIME: 0.000473s.

mkdir: missing operand
Try 'mkdir --help' for more information.

START HASHING...

SETTING HASH PARAMETER...
SETTING TIME: 0.000199s.

COMPUTING HASH...
COMPUTING TIME: 1.81413s.

[1m[31mWARNING:
[31mRanges of hash values is too LARGE. 
Please increase W at least 1times.
[0m[31mOld W=    0.3
New W=    24.216
Increase  80.7201times.
[0mCONSTRUCTING GRAPH...

0%   10   20   30   40   50   60   70   80   90   100%
|----|----|----|----|----|----|----|----|----|----|
***************************************************
CONSTRUCTING TIME: 1511.83s.

SAVING GRAPH...
SAVING TIME: 1.50629s.

dist=18.493116, cnt=33.623482, unique=1, std=9.536169, Recall=0.000000
cc=1458.462769, pruning=0.122237

Loading FastGraph...
*******************************************************************************************************
The result of LSH-G for astro1m is as follow: k=100, probQ = 0.9, L = 2, K = 18, T = 24
******************************************************************************************************
     algName       k      ef        Time      Recall        Cost        CPQ1        CPQ2     Pruning

       fastG     100     200     2.76486      0.5702     2696.92     265.025     2961.95    0.172026

Command terminated by signal 11
	Command being timed: "./lgo astro1m 100 2 18 0.1 1.0 24"
	User time (seconds): 1498.34
	System time (seconds): 17.71
	Percent of CPU this job got: 99%
	Elapsed (wall clock) time (h:mm:ss or m:ss): 25:21.37
	Average shared text size (kbytes): 0
	Average unshared data size (kbytes): 0
	Average stack size (kbytes): 0
	Average total size (kbytes): 0
	Maximum resident set size (kbytes): 2383576
	Average resident set size (kbytes): 0
	Major (requiring I/O) page faults: 0
	Minor (reclaiming a frame) page faults: 10187816
	Voluntary context switches: 949799
	Involuntary context switches: 317503
	Swaps: 0
	File system inputs: 0
	File system outputs: 3618800
	Socket messages sent: 0
	Socket messages received: 0
	Signals delivered: 0
	Page size (bytes): 4096
	Exit status: 0
