C++17!
Using LSH-Graph for astro1m ...
c=        1.5
k=        100
L=        2
K=        6
T=        24
lsh_UB=   0
LOADING DATA...
Load from new file: /users/PAS2671/kabir36/kabir/similarity-search/dataset/astro1m/
N=    1000000
dim=  256

LOADING TIME: 1.79268s.

LOADING BENMARK...
LOADING TIME: 0.000565s.

mkdir: missing operand
Try 'mkdir --help' for more information.

START HASHING...

SETTING HASH PARAMETER...
SETTING TIME: 7.8e-05s.

COMPUTING HASH...
COMPUTING TIME: 0.55191s.

[31mOld W=    0.3
New W=    0.3
Increase  1times.
[0mCONSTRUCTING GRAPH...

0%   10   20   30   40   50   60   70   80   90   100%
|----|----|----|----|----|----|----|----|----|----|
***************************************************
CONSTRUCTING TIME: 1508.31s.

SAVING GRAPH...
SAVING TIME: 1.25226s.

dist=18.504648, cnt=33.594669, unique=1, std=9.539386, Recall=0.000000
cc=1506.748535, pruning=0.098186

Loading FastGraph...
*******************************************************************************************************
The result of LSH-G for astro1m is as follow: k=100, probQ = 0.9, L = 2, K = 6, T = 24
******************************************************************************************************
     algName       k      ef        Time      Recall        Cost        CPQ1        CPQ2     Pruning

       fastG     100     200     1.46709      0.5498      2740.1     86.2536     2826.35    0.135112

Command terminated by signal 11
	Command being timed: "./lgo astro1m 100 2 6 0.1 1.0 24"
	User time (seconds): 1494.30
	System time (seconds): 15.97
	Percent of CPU this job got: 99%
	Elapsed (wall clock) time (h:mm:ss or m:ss): 25:15.87
	Average shared text size (kbytes): 0
	Average unshared data size (kbytes): 0
	Average stack size (kbytes): 0
	Average total size (kbytes): 0
	Maximum resident set size (kbytes): 2383380
	Average resident set size (kbytes): 0
	Major (requiring I/O) page faults: 0
	Minor (reclaiming a frame) page faults: 8012612
	Voluntary context switches: 963015
	Involuntary context switches: 319303
	Swaps: 0
	File system inputs: 0
	File system outputs: 3430448
	Socket messages sent: 0
	Socket messages received: 0
	Signals delivered: 0
	Page size (bytes): 4096
	Exit status: 0
