C++17!
Using LSH-Graph for astro1m ...
c=        1.5
k=        100
L=        1
K=        18
T=        24
lsh_UB=   0
LOADING DATA...
Load from new file: /users/PAS2671/kabir36/kabir/similarity-search/dataset/astro1m/
N=    1000000
dim=  256

LOADING TIME: 1.79824s.

LOADING BENMARK...
LOADING TIME: 0.000615s.

mkdir: missing operand
Try 'mkdir --help' for more information.

START HASHING...

SETTING HASH PARAMETER...
SETTING TIME: 0.000118s.

COMPUTING HASH...
COMPUTING TIME: 0.784052s.

[1m[31mWARNING:
[31mRanges of hash values is too LARGE. 
Please increase W at least 1times.
[0m[31mOld W=    0.3
New W=    24.216
Increase  80.7201times.
[0mCONSTRUCTING GRAPH...

0%   10   20   30   40   50   60   70   80   90   100%
|----|----|----|----|----|----|----|----|----|----|
***************************************************
CONSTRUCTING TIME: 1484.38s.

SAVING GRAPH...
SAVING TIME: 0.998484s.

dist=18.464783, cnt=33.607777, unique=1, std=9.542438, Recall=0.000000
cc=1473.157349, pruning=0.120698

Loading FastGraph...
*******************************************************************************************************
The result of LSH-G for astro1m is as follow: k=100, probQ = 0.9, L = 1, K = 18, T = 24
******************************************************************************************************
     algName       k      ef        Time      Recall        Cost        CPQ1        CPQ2     Pruning

       fastG     100     200      1.8269      0.5749      2649.3     244.198      2893.5    0.176477

Command terminated by signal 11
	Command being timed: "./lgo astro1m 100 1 18 0.1 1.0 24"
	User time (seconds): 1472.32
	System time (seconds): 14.28
	Percent of CPU this job got: 99%
	Elapsed (wall clock) time (h:mm:ss or m:ss): 24:51.82
	Average shared text size (kbytes): 0
	Average unshared data size (kbytes): 0
	Average stack size (kbytes): 0
	Average total size (kbytes): 0
	Maximum resident set size (kbytes): 2319876
	Average resident set size (kbytes): 0
	Major (requiring I/O) page faults: 0
	Minor (reclaiming a frame) page faults: 8154939
	Voluntary context switches: 620680
	Involuntary context switches: 316888
	Swaps: 0
	File system inputs: 0
	File system outputs: 3327064
	Socket messages sent: 0
	Socket messages received: 0
	Signals delivered: 0
	Page size (bytes): 4096
	Exit status: 0
