C++17!
Using LSH-Graph for astro1m ...
c=        1.5
k=        100
L=        1
K=        6
T=        24
lsh_UB=   0
LOADING DATA...
Load from new file: /users/PAS2671/kabir36/kabir/similarity-search/dataset/astro1m/
N=    1000000
dim=  256

LOADING TIME: 4.89935s.

LOADING BENMARK...
LOADING TIME: 0.025286s.

mkdir: missing operand
Try 'mkdir --help' for more information.

START HASHING...

SETTING HASH PARAMETER...
SETTING TIME: 5.8e-05s.

COMPUTING HASH...
COMPUTING TIME: 0.297922s.

[31mOld W=    0.3
New W=    0.3
Increase  1times.
[0mCONSTRUCTING GRAPH...

0%   10   20   30   40   50   60   70   80   90   100%
|----|----|----|----|----|----|----|----|----|----|
***************************************************
CONSTRUCTING TIME: 1500.76s.

SAVING GRAPH...
SAVING TIME: 0.96913s.

dist=18.544369, cnt=33.578503, unique=1, std=9.535695, Recall=0.000000
cc=1524.959106, pruning=0.095988

Loading FastGraph...
*******************************************************************************************************
The result of LSH-G for astro1m is as follow: k=100, probQ = 0.9, L = 1, K = 6, T = 24
******************************************************************************************************
     algName       k      ef        Time      Recall        Cost        CPQ1        CPQ2     Pruning

       fastG     100     200     1.40363      0.5682     2821.92     82.2963     2904.22    0.133133

Command terminated by signal 11
	Command being timed: "./lgo astro1m 100 1 6 0.1 1.0 24"
	User time (seconds): 1489.65
	System time (seconds): 12.20
	Percent of CPU this job got: 99%
	Elapsed (wall clock) time (h:mm:ss or m:ss): 25:10.34
	Average shared text size (kbytes): 0
	Average unshared data size (kbytes): 0
	Average stack size (kbytes): 0
	Average total size (kbytes): 0
	Maximum resident set size (kbytes): 2320068
	Average resident set size (kbytes): 0
	Major (requiring I/O) page faults: 0
	Minor (reclaiming a frame) page faults: 5854139
	Voluntary context switches: 596247
	Involuntary context switches: 329386
	Swaps: 0
	File system inputs: 542016
	File system outputs: 3233240
	Socket messages sent: 0
	Socket messages received: 0
	Signals delivered: 0
	Page size (bytes): 4096
	Exit status: 0
