C++17!
Using LSH-Graph for audio ...
c=        1.5
k=        20
L=        2
K=        6
T=        12
lsh_UB=   0
LOADING DATA...
Load from new file: /users/PAS2671/kabir36/kabir/similarity-search/dataset/audio/
N=    53387
dim=  192

LOADING TIME: 0.062533s.

LOADING BENMARK...
LOADING TIME: 0.000568s.

mkdir: missing operand
Try 'mkdir --help' for more information.

START HASHING...

SETTING HASH PARAMETER...
SETTING TIME: 5.6e-05s.

COMPUTING HASH...
COMPUTING TIME: 0.017479s.

[1m[31mWARNING:
[31mRanges of hash values is too LARGE. 
Please increase W at least 1times.
[0m[31mOld W=    0.3
New W=    1098.13
Increase  3660.45times.
[0mCONSTRUCTING GRAPH...

0%   10   20   30   40   50   60   70   80   90   100%
|----|----|----|----|----|----|----|----|----|----|
***************************************************
CONSTRUCTING TIME: 14.6677s.

SAVING GRAPH...
SAVING TIME: 0.052748s.

dist=61432.457031, cnt=18.008110, unique=1, std=4.773856, Recall=0.643072
cc=488.237366, pruning=0.191892

Loading FastGraph...
*******************************************************************************************************
The result of LSH-G for audio is as follow: k=20, probQ = 0.9, L = 2, K = 6, T = 12
******************************************************************************************************
     algName       k      ef        Time      Recall        Cost        CPQ1        CPQ2     Pruning

       fastG      20     200     0.35833      0.9835     1171.41     58.9412     1230.35    0.220162


******************************************************************************************************
                                                                                    1180-4:3:34
*****************************************************************************************************


	Command being timed: "./lgo audio 20 2 6 0.1 1.0 12"
	User time (seconds): 14.66
	System time (seconds): 0.17
	Percent of CPU this job got: 99%
	Elapsed (wall clock) time (h:mm:ss or m:ss): 0:14.90
	Average shared text size (kbytes): 0
	Average unshared data size (kbytes): 0
	Average stack size (kbytes): 0
	Average total size (kbytes): 0
	Maximum resident set size (kbytes): 110504
	Average resident set size (kbytes): 0
	Major (requiring I/O) page faults: 0
	Minor (reclaiming a frame) page faults: 49104
	Voluntary context switches: 14689
	Involuntary context switches: 3218
	Swaps: 0
	File system inputs: 0
	File system outputs: 24392
	Socket messages sent: 0
	Socket messages received: 0
	Signals delivered: 0
	Page size (bytes): 4096
	Exit status: 0
