C++17!
Using LSH-Graph for audio ...
c=        1.5
k=        20
L=        1
K=        18
T=        24
lsh_UB=   0
LOADING DATA...
Load from new file: /users/PAS2671/kabir36/kabir/similarity-search/dataset/audio/
N=    53387
dim=  192

LOADING TIME: 0.06214s.

LOADING BENMARK...
LOADING TIME: 0.000539s.

mkdir: missing operand
Try 'mkdir --help' for more information.

START HASHING...

SETTING HASH PARAMETER...
SETTING TIME: 7.6e-05s.

COMPUTING HASH...
COMPUTING TIME: 0.02366s.

[1m[31mWARNING:
[31mRanges of hash values is too LARGE. 
Please increase W at least 1times.
[0m[31mOld W=    0.3
New W=    160484
Increase  534948times.
[0mCONSTRUCTING GRAPH...

0%   10   20   30   40   50   60   70   80   90   100%
|----|----|----|----|----|----|----|----|----|----|
***************************************************
CONSTRUCTING TIME: 21.493s.

SAVING GRAPH...
SAVING TIME: 0.058579s.

dist=64371.335938, cnt=36.152901, unique=1, std=9.412555, Recall=0.634140
cc=618.282288, pruning=0.441869

Loading FastGraph...
*******************************************************************************************************
The result of LSH-G for audio is as follow: k=20, probQ = 0.9, L = 1, K = 18, T = 24
******************************************************************************************************
     algName       k      ef        Time      Recall        Cost        CPQ1        CPQ2     Pruning

       fastG      20     200     0.46616       0.997     1372.31     259.553     1631.86    0.467387


******************************************************************************************************
                                                                                    1180-4:3:19
*****************************************************************************************************


	Command being timed: "./lgo audio 20 1 18 0.1 1.0 24"
	User time (seconds): 21.48
	System time (seconds): 0.17
	Percent of CPU this job got: 99%
	Elapsed (wall clock) time (h:mm:ss or m:ss): 0:21.74
	Average shared text size (kbytes): 0
	Average unshared data size (kbytes): 0
	Average stack size (kbytes): 0
	Average total size (kbytes): 0
	Maximum resident set size (kbytes): 134648
	Average resident set size (kbytes): 0
	Major (requiring I/O) page faults: 0
	Minor (reclaiming a frame) page faults: 44315
	Voluntary context switches: 11358
	Involuntary context switches: 4312
	Swaps: 0
	File system inputs: 0
	File system outputs: 40784
	Socket messages sent: 0
	Socket messages received: 0
	Signals delivered: 0
	Page size (bytes): 4096
	Exit status: 0
