C++17!
Using LSH-Graph for audio ...
c=        1.5
k=        20
L=        2
K=        18
T=        24
lsh_UB=   0
LOADING DATA...
Load from new file: /users/PAS2671/kabir36/kabir/similarity-search/dataset/audio/
N=    53387
dim=  192

LOADING TIME: 0.06248s.

LOADING BENMARK...
LOADING TIME: 0.000512s.

mkdir: missing operand
Try 'mkdir --help' for more information.

START HASHING...

SETTING HASH PARAMETER...
SETTING TIME: 0.000156s.

COMPUTING HASH...
COMPUTING TIME: 0.045109s.

[1m[31mWARNING:
[31mRanges of hash values is too LARGE. 
Please increase W at least 1times.
[0m[31mOld W=    0.3
New W=    160484
Increase  534948times.
[0mCONSTRUCTING GRAPH...

0%   10   20   30   40   50   60   70   80   90   100%
|----|----|----|----|----|----|----|----|----|----|
***************************************************
CONSTRUCTING TIME: 22.3736s.

SAVING GRAPH...
SAVING TIME: 0.072214s.

dist=64648.925781, cnt=36.166164, unique=1, std=9.403648, Recall=0.645518
cc=618.778259, pruning=0.440831

Loading FastGraph...
*******************************************************************************************************
The result of LSH-G for audio is as follow: k=20, probQ = 0.9, L = 2, K = 18, T = 24
******************************************************************************************************
     algName       k      ef        Time      Recall        Cost        CPQ1        CPQ2     Pruning

       fastG      20     200     0.48078      0.9985     1396.56     275.236      1671.8    0.452727


******************************************************************************************************
                                                                                    1180-4:5:11
*****************************************************************************************************


	Command being timed: "./lgo audio 20 2 18 0.1 1.0 24"
	User time (seconds): 22.36
	System time (seconds): 0.21
	Percent of CPU this job got: 99%
	Elapsed (wall clock) time (h:mm:ss or m:ss): 0:22.67
	Average shared text size (kbytes): 0
	Average unshared data size (kbytes): 0
	Average stack size (kbytes): 0
	Average total size (kbytes): 0
	Maximum resident set size (kbytes): 137788
	Average resident set size (kbytes): 0
	Major (requiring I/O) page faults: 0
	Minor (reclaiming a frame) page faults: 45801
	Voluntary context switches: 19630
	Involuntary context switches: 4738
	Swaps: 0
	File system inputs: 0
	File system outputs: 49584
	Socket messages sent: 0
	Socket messages received: 0
	Signals delivered: 0
	Page size (bytes): 4096
	Exit status: 0
