C++17!
Using LSH-Graph for audio ...
c=        1.5
k=        20
L=        1
K=        6
T=        24
lsh_UB=   0
LOADING DATA...
Load from new file: /users/PAS2671/kabir36/kabir/similarity-search/dataset/audio/
N=    53387
dim=  192

LOADING TIME: 0.065637s.

LOADING BENMARK...
LOADING TIME: 0.000727s.

mkdir: missing operand
Try 'mkdir --help' for more information.

START HASHING...

SETTING HASH PARAMETER...
SETTING TIME: 3.9e-05s.

COMPUTING HASH...
COMPUTING TIME: 0.010369s.

[1m[31mWARNING:
[31mRanges of hash values is too LARGE. 
Please increase W at least 1times.
[0m[31mOld W=    0.3
New W=    1068.97
Increase  3563.23times.
[0mCONSTRUCTING GRAPH...

0%   10   20   30   40   50   60   70   80   90   100%
|----|----|----|----|----|----|----|----|----|----|
***************************************************
CONSTRUCTING TIME: 22.9849s.

SAVING GRAPH...
SAVING TIME: 0.053756s.

dist=64156.937500, cnt=36.128326, unique=1, std=9.407237, Recall=0.645802
cc=709.459167, pruning=0.263511

Loading FastGraph...
*******************************************************************************************************
The result of LSH-G for audio is as follow: k=20, probQ = 0.9, L = 1, K = 6, T = 24
******************************************************************************************************
     algName       k      ef        Time      Recall        Cost        CPQ1        CPQ2     Pruning

       fastG      20     200     0.47764      0.9925     1521.01     76.2776     1597.29     0.32366


******************************************************************************************************
                                                                                    1180-4:2:7
*****************************************************************************************************


	Command being timed: "./lgo audio 20 1 6 0.1 1.0 24"
	User time (seconds): 22.94
	System time (seconds): 0.17
	Percent of CPU this job got: 99%
	Elapsed (wall clock) time (h:mm:ss or m:ss): 0:23.22
	Average shared text size (kbytes): 0
	Average unshared data size (kbytes): 0
	Average stack size (kbytes): 0
	Average total size (kbytes): 0
	Maximum resident set size (kbytes): 115348
	Average resident set size (kbytes): 0
	Major (requiring I/O) page faults: 0
	Minor (reclaiming a frame) page faults: 49293
	Voluntary context switches: 10461
	Involuntary context switches: 5184
	Swaps: 0
	File system inputs: 0
	File system outputs: 35736
	Socket messages sent: 0
	Socket messages received: 0
	Signals delivered: 0
	Page size (bytes): 4096
	Exit status: 0
