C++17!
Using LSH-Graph for audio ...
c=        1.5
k=        20
L=        1
K=        6
T=        12
lsh_UB=   0
LOADING DATA...
Load from new file: /users/PAS2671/kabir36/kabir/similarity-search/dataset/audio/
N=    53387
dim=  192

LOADING TIME: 0.710859s.

LOADING BENMARK...
LOADING TIME: 0.007896s.

mkdir: missing operand
Try 'mkdir --help' for more information.

START HASHING...

SETTING HASH PARAMETER...
SETTING TIME: 5.8e-05s.

COMPUTING HASH...
COMPUTING TIME: 0.015136s.

[1m[31mWARNING:
[31mRanges of hash values is too LARGE. 
Please increase W at least 1times.
[0m[31mOld W=    0.3
New W=    1068.97
Increase  3563.23times.
[0mCONSTRUCTING GRAPH...

0%   10   20   30   40   50   60   70   80   90   100%
|----|----|----|----|----|----|----|----|----|----|
***************************************************
CONSTRUCTING TIME: 15.6289s.

SAVING GRAPH...
SAVING TIME: 0.042192s.

dist=61128.984375, cnt=18.005114, unique=1, std=4.780554, Recall=0.661581
cc=486.447479, pruning=0.193123

Loading FastGraph...
*******************************************************************************************************
The result of LSH-G for audio is as follow: k=20, probQ = 0.9, L = 1, K = 6, T = 12
******************************************************************************************************
     algName       k      ef        Time      Recall        Cost        CPQ1        CPQ2     Pruning

       fastG      20     200     0.35018       0.986     1140.73     52.3482     1193.08     0.23087


******************************************************************************************************
                                                                                    1180-4:1:44
*****************************************************************************************************


	Command being timed: "./lgo audio 20 1 6 0.1 1.0 12"
	User time (seconds): 15.61
	System time (seconds): 0.22
	Percent of CPU this job got: 95%
	Elapsed (wall clock) time (h:mm:ss or m:ss): 0:16.51
	Average shared text size (kbytes): 0
	Average unshared data size (kbytes): 0
	Average stack size (kbytes): 0
	Average total size (kbytes): 0
	Maximum resident set size (kbytes): 104720
	Average resident set size (kbytes): 0
	Major (requiring I/O) page faults: 0
	Minor (reclaiming a frame) page faults: 47660
	Voluntary context switches: 9967
	Involuntary context switches: 3905
	Swaps: 0
	File system inputs: 81440
	File system outputs: 20616
	Socket messages sent: 0
	Socket messages received: 0
	Signals delivered: 0
	Page size (bytes): 4096
	Exit status: 0
