C++17!
Using LSH-Graph for audio ...
c=        1.5
k=        20
L=        2
K=        6
T=        24
lsh_UB=   0
LOADING DATA...
Load from new file: /users/PAS2671/kabir36/kabir/similarity-search/dataset/audio/
N=    53387
dim=  192

LOADING TIME: 0.06269s.

LOADING BENMARK...
LOADING TIME: 0.000803s.

mkdir: missing operand
Try 'mkdir --help' for more information.

START HASHING...

SETTING HASH PARAMETER...
SETTING TIME: 5.7e-05s.

COMPUTING HASH...
COMPUTING TIME: 0.017057s.

[1m[31mWARNING:
[31mRanges of hash values is too LARGE. 
Please increase W at least 1times.
[0m[31mOld W=    0.3
New W=    1098.13
Increase  3660.45times.
[0mCONSTRUCTING GRAPH...

0%   10   20   30   40   50   60   70   80   90   100%
|----|----|----|----|----|----|----|----|----|----|
***************************************************
CONSTRUCTING TIME: 22.0912s.

SAVING GRAPH...
SAVING TIME: 0.080654s.

dist=64302.328125, cnt=36.168129, unique=1, std=9.404582, Recall=0.659085
cc=711.763977, pruning=0.261683

Loading FastGraph...
*******************************************************************************************************
The result of LSH-G for audio is as follow: k=20, probQ = 0.9, L = 2, K = 6, T = 24
******************************************************************************************************
     algName       k      ef        Time      Recall        Cost        CPQ1        CPQ2     Pruning

       fastG      20     200     0.50043       0.992     1546.09     82.7371     1628.83    0.316974


******************************************************************************************************
                                                                                    1180-4:3:57
*****************************************************************************************************


	Command being timed: "./lgo audio 20 2 6 0.1 1.0 24"
	User time (seconds): 22.08
	System time (seconds): 0.18
	Percent of CPU this job got: 99%
	Elapsed (wall clock) time (h:mm:ss or m:ss): 0:22.41
	Average shared text size (kbytes): 0
	Average unshared data size (kbytes): 0
	Average stack size (kbytes): 0
	Average total size (kbytes): 0
	Maximum resident set size (kbytes): 120900
	Average resident set size (kbytes): 0
	Major (requiring I/O) page faults: 0
	Minor (reclaiming a frame) page faults: 50681
	Voluntary context switches: 16785
	Involuntary context switches: 4583
	Swaps: 0
	File system inputs: 0
	File system outputs: 39552
	Socket messages sent: 0
	Socket messages received: 0
	Signals delivered: 0
	Page size (bytes): 4096
	Exit status: 0
