C++17!
Using LSH-Graph for audio ...
c=        1.5
k=        20
L=        1
K=        18
T=        12
lsh_UB=   0
LOADING DATA...
Load from new file: /users/PAS2671/kabir36/kabir/similarity-search/dataset/audio/
N=    53387
dim=  192

LOADING TIME: 0.062777s.

LOADING BENMARK...
LOADING TIME: 0.000503s.

mkdir: missing operand
Try 'mkdir --help' for more information.

START HASHING...

SETTING HASH PARAMETER...
SETTING TIME: 7.7e-05s.

COMPUTING HASH...
COMPUTING TIME: 0.023064s.

[1m[31mWARNING:
[31mRanges of hash values is too LARGE. 
Please increase W at least 1times.
[0m[31mOld W=    0.3
New W=    160484
Increase  534948times.
[0mCONSTRUCTING GRAPH...

0%   10   20   30   40   50   60   70   80   90   100%
|----|----|----|----|----|----|----|----|----|----|
***************************************************
CONSTRUCTING TIME: 14.2322s.

SAVING GRAPH...
SAVING TIME: 0.042679s.

dist=61073.761719, cnt=17.998371, unique=1, std=4.773928, Recall=0.647683
cc=441.492523, pruning=0.300934

Loading FastGraph...
*******************************************************************************************************
The result of LSH-G for audio is as follow: k=20, probQ = 0.9, L = 1, K = 18, T = 12
******************************************************************************************************
     algName       k      ef        Time      Recall        Cost        CPQ1        CPQ2     Pruning

       fastG      20     200     0.35075      0.9885     1071.88     162.467     1234.35    0.304418


******************************************************************************************************
                                                                                    1180-4:2:58
*****************************************************************************************************


	Command being timed: "./lgo audio 20 1 18 0.1 1.0 12"
	User time (seconds): 14.25
	System time (seconds): 0.13
	Percent of CPU this job got: 99%
	Elapsed (wall clock) time (h:mm:ss or m:ss): 0:14.45
	Average shared text size (kbytes): 0
	Average unshared data size (kbytes): 0
	Average stack size (kbytes): 0
	Average total size (kbytes): 0
	Maximum resident set size (kbytes): 128940
	Average resident set size (kbytes): 0
	Major (requiring I/O) page faults: 0
	Minor (reclaiming a frame) page faults: 41634
	Voluntary context switches: 8965
	Involuntary context switches: 3039
	Swaps: 0
	File system inputs: 0
	File system outputs: 25640
	Socket messages sent: 0
	Socket messages received: 0
	Signals delivered: 0
	Page size (bytes): 4096
	Exit status: 0
