C++17!
Using LSH-Graph for audio ...
c=        1.5
k=        20
L=        2
K=        18
T=        12
lsh_UB=   0
LOADING DATA...
Load from new file: /users/PAS2671/kabir36/kabir/similarity-search/dataset/audio/
N=    53387
dim=  192

LOADING TIME: 0.062771s.

LOADING BENMARK...
LOADING TIME: 0.000559s.

mkdir: missing operand
Try 'mkdir --help' for more information.

START HASHING...

SETTING HASH PARAMETER...
SETTING TIME: 0.000141s.

COMPUTING HASH...
COMPUTING TIME: 0.045631s.

[1m[31mWARNING:
[31mRanges of hash values is too LARGE. 
Please increase W at least 1times.
[0m[31mOld W=    0.3
New W=    160484
Increase  534948times.
[0mCONSTRUCTING GRAPH...

0%   10   20   30   40   50   60   70   80   90   100%
|----|----|----|----|----|----|----|----|----|----|
***************************************************
CONSTRUCTING TIME: 14.717s.

SAVING GRAPH...
SAVING TIME: 0.061743s.

dist=61363.890625, cnt=18.021671, unique=1, std=4.775471, Recall=0.637055
cc=445.602875, pruning=0.298279

Loading FastGraph...
*******************************************************************************************************
The result of LSH-G for audio is as follow: k=20, probQ = 0.9, L = 2, K = 18, T = 12
******************************************************************************************************
     algName       k      ef        Time      Recall        Cost        CPQ1        CPQ2     Pruning

       fastG      20     200     0.38583       0.987     1099.27     183.686     1282.96    0.302191


******************************************************************************************************
                                                                                    1180-4:4:49
*****************************************************************************************************


	Command being timed: "./lgo audio 20 2 18 0.1 1.0 12"
	User time (seconds): 14.76
	System time (seconds): 0.16
	Percent of CPU this job got: 99%
	Elapsed (wall clock) time (h:mm:ss or m:ss): 0:14.99
	Average shared text size (kbytes): 0
	Average unshared data size (kbytes): 0
	Average stack size (kbytes): 0
	Average total size (kbytes): 0
	Maximum resident set size (kbytes): 132404
	Average resident set size (kbytes): 0
	Major (requiring I/O) page faults: 0
	Minor (reclaiming a frame) page faults: 43350
	Voluntary context switches: 16332
	Involuntary context switches: 3257
	Swaps: 0
	File system inputs: 0
	File system outputs: 34456
	Socket messages sent: 0
	Socket messages received: 0
	Signals delivered: 0
	Page size (bytes): 4096
	Exit status: 0
