C++17!
Using LSH-Graph for audio ...
c=        1.5
k=        20
L=        2
K=        12
T=        12
lsh_UB=   0
LOADING DATA...
Load from new file: /users/PAS2671/kabir36/kabir/similarity-search/dataset/audio/
N=    53387
dim=  192

LOADING TIME: 0.063171s.

LOADING BENMARK...
LOADING TIME: 0.000635s.

mkdir: missing operand
Try 'mkdir --help' for more information.

START HASHING...

SETTING HASH PARAMETER...
SETTING TIME: 9.6e-05s.

COMPUTING HASH...
COMPUTING TIME: 0.031053s.

[1m[31mWARNING:
[31mRanges of hash values is too LARGE. 
Please increase W at least 1times.
[0m[31mOld W=    0.3
New W=    36238.4
Increase  120795times.
[0mCONSTRUCTING GRAPH...

0%   10   20   30   40   50   60   70   80   90   100%
|----|----|----|----|----|----|----|----|----|----|
***************************************************
CONSTRUCTING TIME: 14.5958s.

SAVING GRAPH...
SAVING TIME: 0.054338s.

dist=61123.750000, cnt=18.007324, unique=1, std=4.777014, Recall=0.667432
cc=457.792633, pruning=0.266332

Loading FastGraph...
*******************************************************************************************************
The result of LSH-G for audio is as follow: k=20, probQ = 0.9, L = 2, K = 12, T = 12
******************************************************************************************************
     algName       k      ef        Time      Recall        Cost        CPQ1        CPQ2     Pruning

       fastG      20     200     0.36505       0.991     1100.55     121.477     1222.03    0.294353


******************************************************************************************************
                                                                                    1180-4:4:11
*****************************************************************************************************


	Command being timed: "./lgo audio 20 2 12 0.1 1.0 12"
	User time (seconds): 14.62
	System time (seconds): 0.16
	Percent of CPU this job got: 99%
	Elapsed (wall clock) time (h:mm:ss or m:ss): 0:14.84
	Average shared text size (kbytes): 0
	Average unshared data size (kbytes): 0
	Average stack size (kbytes): 0
	Average total size (kbytes): 0
	Maximum resident set size (kbytes): 132372
	Average resident set size (kbytes): 0
	Major (requiring I/O) page faults: 0
	Minor (reclaiming a frame) page faults: 42566
	Voluntary context switches: 14356
	Involuntary context switches: 3231
	Swaps: 0
	File system inputs: 0
	File system outputs: 29400
	Socket messages sent: 0
	Socket messages received: 0
	Signals delivered: 0
	Page size (bytes): 4096
	Exit status: 0
