C++17!
Using LSH-Graph for bigann ...
c=        1.5
k=        100
L=        1
K=        18
T=        24
lsh_UB=   0
LOADING DATA...
Load from new file: /users/PAS2671/kabir36/kabir/similarity-search/dataset/bigann/
N=    1000000
dim=  128

LOADING TIME: 0.805115s.

LOADING BENMARK...
LOADING TIME: 0.000807s.

mkdir: missing operand
Try 'mkdir --help' for more information.

START HASHING...

SETTING HASH PARAMETER...
SETTING TIME: 5.9e-05s.

COMPUTING HASH...
COMPUTING TIME: 0.387173s.

[1m[31mWARNING:
[31mRanges of hash values is too LARGE. 
Please increase W at least 1times.
[0m[31mOld W=    0.3
New W=    564.848
Increase  1882.83times.
[0mCONSTRUCTING GRAPH...

0%   10   20   30   40   50   60   70   80   90   100%
|----|----|----|----|----|----|----|----|----|----|
***************************************************
CONSTRUCTING TIME: 902.407s.

SAVING GRAPH...
SAVING TIME: 1.02592s.

dist=263.102448, cnt=36.888153, unique=1, std=9.257453, Recall=0.000139
cc=1220.433838, pruning=0.363256

Loading FastGraph...
*******************************************************************************************************
The result of LSH-G for bigann is as follow: k=100, probQ = 0.9, L = 1, K = 18, T = 24
******************************************************************************************************
     algName       k      ef        Time      Recall        Cost        CPQ1        CPQ2     Pruning

       fastG     100     200     1.05569      0.9614      2536.2     775.276     3311.48    0.529032

Command terminated by signal 11
	Command being timed: "./lgo bigann 100 1 18 0.1 1.0 24"
	User time (seconds): 897.19
	System time (seconds): 6.64
	Percent of CPU this job got: 99%
	Elapsed (wall clock) time (h:mm:ss or m:ss): 15:07.88
	Average shared text size (kbytes): 0
	Average unshared data size (kbytes): 0
	Average stack size (kbytes): 0
	Average total size (kbytes): 0
	Maximum resident set size (kbytes): 1749108
	Average resident set size (kbytes): 0
	Major (requiring I/O) page faults: 0
	Minor (reclaiming a frame) page faults: 3768920
	Voluntary context switches: 425341
	Involuntary context switches: 205299
	Swaps: 0
	File system inputs: 0
	File system outputs: 3235728
	Socket messages sent: 0
	Socket messages received: 0
	Signals delivered: 0
	Page size (bytes): 4096
	Exit status: 0
