C++17!
Using LSH-Graph for bigann ...
c=        1.5
k=        100
L=        1
K=        6
T=        12
lsh_UB=   0
LOADING DATA...
Load from new file: /users/PAS2671/kabir36/kabir/similarity-search/dataset/bigann/
N=    1000000
dim=  128

LOADING TIME: 12.075s.

MAKING BENMARK...

0%   10   20   30   40   50   60   70   80   90   100%
|----|----|----|----|----|----|----|----|----|----|
***************************************************
MAKING TIME: 59.0011s.

SAVING BENMARK...
SAVING TIME: 0.008671s.

mkdir: missing operand
Try 'mkdir --help' for more information.

START HASHING...

SETTING HASH PARAMETER...
SETTING TIME: 2.8e-05s.

COMPUTING HASH...
COMPUTING TIME: 0.156357s.

[1m[31mWARNING:
[31mRanges of hash values is too LARGE. 
Please increase W at least 1times.
[0m[31mOld W=    0.3
New W=    3.86504
Increase  12.8835times.
[0mCONSTRUCTING GRAPH...

0%   10   20   30   40   50   60   70   80   90   100%
|----|----|----|----|----|----|----|----|----|----|
***************************************************
CONSTRUCTING TIME: 500.729s.

SAVING GRAPH...
SAVING TIME: 0.649373s.

dist=257.149994, cnt=18.252150, unique=1, std=4.732827, Recall=0.000831
cc=827.433472, pruning=0.173552

Loading FastGraph...
*******************************************************************************************************
The result of LSH-G for bigann is as follow: k=100, probQ = 0.9, L = 1, K = 6, T = 12
******************************************************************************************************
     algName       k      ef        Time      Recall        Cost        CPQ1        CPQ2     Pruning

       fastG     100     200     0.80082      0.8898     1881.97     122.938     2004.91    0.245604

Command terminated by signal 11
	Command being timed: "./lgo bigann 100 1 6 0.1 1.0 12"
	User time (seconds): 557.75
	System time (seconds): 5.17
	Percent of CPU this job got: 97%
	Elapsed (wall clock) time (h:mm:ss or m:ss): 9:37.36
	Average shared text size (kbytes): 0
	Average unshared data size (kbytes): 0
	Average stack size (kbytes): 0
	Average total size (kbytes): 0
	Maximum resident set size (kbytes): 2507560
	Average resident set size (kbytes): 0
	Major (requiring I/O) page faults: 1
	Minor (reclaiming a frame) page faults: 1908019
	Voluntary context switches: 329757
	Involuntary context switches: 134356
	Swaps: 0
	File system inputs: 1008680
	File system outputs: 4388736
	Socket messages sent: 0
	Socket messages received: 0
	Signals delivered: 0
	Page size (bytes): 4096
	Exit status: 0
