C++17!
Using LSH-Graph for bigann ...
c=        1.5
k=        100
L=        2
K=        12
T=        24
lsh_UB=   0
LOADING DATA...
Load from new file: /users/PAS2671/kabir36/kabir/similarity-search/dataset/bigann/
N=    1000000
dim=  128

LOADING TIME: 0.808948s.

LOADING BENMARK...
LOADING TIME: 0.000616s.

mkdir: missing operand
Try 'mkdir --help' for more information.

START HASHING...

SETTING HASH PARAMETER...
SETTING TIME: 7.3e-05s.

COMPUTING HASH...
COMPUTING TIME: 0.531129s.

[1m[31mWARNING:
[31mRanges of hash values is too LARGE. 
Please increase W at least 1times.
[0m[31mOld W=    0.3
New W=    127.546
Increase  425.154times.
[0mCONSTRUCTING GRAPH...

0%   10   20   30   40   50   60   70   80   90   100%
|----|----|----|----|----|----|----|----|----|----|
***************************************************
CONSTRUCTING TIME: 883.745s.

SAVING GRAPH...
SAVING TIME: 1.24866s.

dist=264.187683, cnt=36.873585, unique=1, std=9.254677, Recall=0.000407
cc=1265.183472, pruning=0.316903

Loading FastGraph...
*******************************************************************************************************
The result of LSH-G for bigann is as follow: k=100, probQ = 0.9, L = 2, K = 12, T = 24
******************************************************************************************************
     algName       k      ef        Time      Recall        Cost        CPQ1        CPQ2     Pruning

       fastG     100     200      1.4347      0.9534     2666.94      494.68     3161.62    0.468799

Command terminated by signal 11
	Command being timed: "./lgo bigann 100 2 12 0.1 1.0 24"
	User time (seconds): 878.42
	System time (seconds): 7.53
	Percent of CPU this job got: 99%
	Elapsed (wall clock) time (h:mm:ss or m:ss): 14:50.25
	Average shared text size (kbytes): 0
	Average unshared data size (kbytes): 0
	Average stack size (kbytes): 0
	Average total size (kbytes): 0
	Maximum resident set size (kbytes): 1813176
	Average resident set size (kbytes): 0
	Major (requiring I/O) page faults: 0
	Minor (reclaiming a frame) page faults: 3470920
	Voluntary context switches: 704268
	Involuntary context switches: 199711
	Swaps: 0
	File system inputs: 0
	File system outputs: 3433992
	Socket messages sent: 0
	Socket messages received: 0
	Signals delivered: 0
	Page size (bytes): 4096
	Exit status: 0
