C++17!
Using LSH-Graph for bigann ...
c=        1.5
k=        100
L=        1
K=        12
T=        12
lsh_UB=   0
LOADING DATA...
Load from new file: /users/PAS2671/kabir36/kabir/similarity-search/dataset/bigann/
N=    1000000
dim=  128

LOADING TIME: 0.806727s.

LOADING BENMARK...
LOADING TIME: 0.000499s.

mkdir: missing operand
Try 'mkdir --help' for more information.

START HASHING...

SETTING HASH PARAMETER...
SETTING TIME: 4.1e-05s.

COMPUTING HASH...
COMPUTING TIME: 0.260654s.

[1m[31mWARNING:
[31mRanges of hash values is too LARGE. 
Please increase W at least 1times.
[0m[31mOld W=    0.3
New W=    127.546
Increase  425.154times.
[0mCONSTRUCTING GRAPH...

0%   10   20   30   40   50   60   70   80   90   100%
|----|----|----|----|----|----|----|----|----|----|
***************************************************
CONSTRUCTING TIME: 500.499s.

SAVING GRAPH...
SAVING TIME: 0.700025s.

dist=258.141571, cnt=18.258007, unique=1, std=4.732970, Recall=0.000544
cc=780.769104, pruning=0.230553

Loading FastGraph...
*******************************************************************************************************
The result of LSH-G for bigann is as follow: k=100, probQ = 0.9, L = 1, K = 12, T = 12
******************************************************************************************************
     algName       k      ef        Time      Recall        Cost        CPQ1        CPQ2     Pruning

       fastG     100     200     0.66387      0.9013     1754.22     261.116     2015.34    0.339832

Command terminated by signal 11
	Command being timed: "./lgo bigann 100 1 12 0.1 1.0 12"
	User time (seconds): 497.77
	System time (seconds): 4.67
	Percent of CPU this job got: 99%
	Elapsed (wall clock) time (h:mm:ss or m:ss): 8:25.21
	Average shared text size (kbytes): 0
	Average unshared data size (kbytes): 0
	Average stack size (kbytes): 0
	Average total size (kbytes): 0
	Maximum resident set size (kbytes): 1742392
	Average resident set size (kbytes): 0
	Major (requiring I/O) page faults: 0
	Minor (reclaiming a frame) page faults: 2438412
	Voluntary context switches: 321203
	Involuntary context switches: 119377
	Swaps: 0
	File system inputs: 0
	File system outputs: 2884560
	Socket messages sent: 0
	Socket messages received: 0
	Signals delivered: 0
	Page size (bytes): 4096
	Exit status: 0
