C++17!
Using LSH-Graph for bigann ...
c=        1.5
k=        100
L=        2
K=        18
T=        12
lsh_UB=   0
LOADING DATA...
Load from new file: /users/PAS2671/kabir36/kabir/similarity-search/dataset/bigann/
N=    1000000
dim=  128

LOADING TIME: 0.821731s.

LOADING BENMARK...
LOADING TIME: 0.000488s.

mkdir: missing operand
Try 'mkdir --help' for more information.

START HASHING...

SETTING HASH PARAMETER...
SETTING TIME: 0.0001s.

COMPUTING HASH...
COMPUTING TIME: 0.837004s.

[1m[31mWARNING:
[31mRanges of hash values is too LARGE. 
Please increase W at least 1times.
[0m[31mOld W=    0.3
New W=    564.848
Increase  1882.83times.
[0mCONSTRUCTING GRAPH...

0%   10   20   30   40   50   60   70   80   90   100%
|----|----|----|----|----|----|----|----|----|----|
***************************************************
CONSTRUCTING TIME: 562.739s.

SAVING GRAPH...
SAVING TIME: 1.06836s.

dist=255.592972, cnt=18.263512, unique=1, std=4.729869, Recall=0.000276
cc=767.248718, pruning=0.252779

Loading FastGraph...
*******************************************************************************************************
The result of LSH-G for bigann is as follow: k=100, probQ = 0.9, L = 2, K = 18, T = 12
******************************************************************************************************
     algName       k      ef        Time      Recall        Cost        CPQ1        CPQ2     Pruning

       fastG     100     200     1.44385      0.9077     1773.07     419.203     2192.27    0.349332

Command terminated by signal 11
	Command being timed: "./lgo bigann 100 2 18 0.1 1.0 12"
	User time (seconds): 560.31
	System time (seconds): 5.74
	Percent of CPU this job got: 99%
	Elapsed (wall clock) time (h:mm:ss or m:ss): 9:29.68
	Average shared text size (kbytes): 0
	Average unshared data size (kbytes): 0
	Average stack size (kbytes): 0
	Average total size (kbytes): 0
	Maximum resident set size (kbytes): 1810000
	Average resident set size (kbytes): 0
	Major (requiring I/O) page faults: 0
	Minor (reclaiming a frame) page faults: 2689748
	Voluntary context switches: 559169
	Involuntary context switches: 132445
	Swaps: 0
	File system inputs: 0
	File system outputs: 3230576
	Socket messages sent: 0
	Socket messages received: 0
	Signals delivered: 0
	Page size (bytes): 4096
	Exit status: 0
