C++17!
Using LSH-Graph for cifar ...
c=        1.5
k=        20
L=        2
K=        6
T=        24
lsh_UB=   0
LOADING DATA...
Load from new file: /users/PAS2671/kabir36/kabir/similarity-search/dataset/cifar/
N=    50000
dim=  512

LOADING TIME: 0.136205s.

LOADING BENMARK...
LOADING TIME: 0.0006s.

mkdir: missing operand
Try 'mkdir --help' for more information.

START HASHING...

SETTING HASH PARAMETER...
SETTING TIME: 0.000128s.

COMPUTING HASH...
COMPUTING TIME: 0.03574s.

[31mOld W=    0.3
New W=    0.3
Increase  1times.
[0mCONSTRUCTING GRAPH...

0%   10   20   30   40   50   60   70   80   90   100%
|----|----|----|----|----|----|----|----|----|----|
***************************************************
CONSTRUCTING TIME: 46.7751s.

SAVING GRAPH...
SAVING TIME: 0.062096s.

dist=0.311988, cnt=34.734058, unique=1, std=9.524499, Recall=0.579787
cc=1251.510132, pruning=0.133798

Loading FastGraph...
*******************************************************************************************************
The result of LSH-G for cifar is as follow: k=20, probQ = 0.9, L = 2, K = 6, T = 24
******************************************************************************************************
     algName       k      ef        Time      Recall        Cost        CPQ1        CPQ2     Pruning

       fastG      20     200     1.23475      0.9805     2825.71     53.3571     2879.07     0.19932


******************************************************************************************************
                                                                                    1180-4:6:27
*****************************************************************************************************


	Command being timed: "./lgo cifar 20 2 6 0.1 1.0 24"
	User time (seconds): 46.69
	System time (seconds): 0.38
	Percent of CPU this job got: 99%
	Elapsed (wall clock) time (h:mm:ss or m:ss): 0:47.23
	Average shared text size (kbytes): 0
	Average unshared data size (kbytes): 0
	Average stack size (kbytes): 0
	Average total size (kbytes): 0
	Maximum resident set size (kbytes): 226052
	Average resident set size (kbytes): 0
	Major (requiring I/O) page faults: 0
	Minor (reclaiming a frame) page faults: 97329
	Voluntary context switches: 26902
	Involuntary context switches: 9633
	Swaps: 0
	File system inputs: 0
	File system outputs: 35992
	Socket messages sent: 0
	Socket messages received: 0
	Signals delivered: 0
	Page size (bytes): 4096
	Exit status: 0
