C++17!
Using LSH-Graph for cifar ...
c=        1.5
k=        20
L=        2
K=        18
T=        24
lsh_UB=   0
LOADING DATA...
Load from new file: /users/PAS2671/kabir36/kabir/similarity-search/dataset/cifar/
N=    50000
dim=  512

LOADING TIME: 0.135741s.

LOADING BENMARK...
LOADING TIME: 0.000504s.

mkdir: missing operand
Try 'mkdir --help' for more information.

START HASHING...

SETTING HASH PARAMETER...
SETTING TIME: 0.000357s.

COMPUTING HASH...
COMPUTING TIME: 0.109597s.

[1m[31mWARNING:
[31mRanges of hash values is too LARGE. 
Please increase W at least 1times.
[0m[31mOld W=    0.3
New W=    0.743289
Increase  2.47763times.
[0mCONSTRUCTING GRAPH...

0%   10   20   30   40   50   60   70   80   90   100%
|----|----|----|----|----|----|----|----|----|----|
***************************************************
CONSTRUCTING TIME: 42.2905s.

SAVING GRAPH...
SAVING TIME: 0.067811s.

dist=0.311025, cnt=34.740559, unique=1, std=9.514487, Recall=0.586451
cc=1055.767578, pruning=0.337795

Loading FastGraph...
*******************************************************************************************************
The result of LSH-G for cifar is as follow: k=20, probQ = 0.9, L = 2, K = 18, T = 24
******************************************************************************************************
     algName       k      ef        Time      Recall        Cost        CPQ1        CPQ2     Pruning

       fastG      20     200     1.15031      0.9895     2369.04     180.452     2549.49    0.423429


******************************************************************************************************
                                                                                    1180-4:8:47
*****************************************************************************************************


	Command being timed: "./lgo cifar 20 2 18 0.1 1.0 24"
	User time (seconds): 42.36
	System time (seconds): 0.31
	Percent of CPU this job got: 99%
	Elapsed (wall clock) time (h:mm:ss or m:ss): 0:42.81
	Average shared text size (kbytes): 0
	Average unshared data size (kbytes): 0
	Average stack size (kbytes): 0
	Average total size (kbytes): 0
	Maximum resident set size (kbytes): 226132
	Average resident set size (kbytes): 0
	Major (requiring I/O) page faults: 0
	Minor (reclaiming a frame) page faults: 98453
	Voluntary context switches: 22012
	Involuntary context switches: 8592
	Swaps: 0
	File system inputs: 0
	File system outputs: 45448
	Socket messages sent: 0
	Socket messages received: 0
	Signals delivered: 0
	Page size (bytes): 4096
	Exit status: 0
