C++17!
Using LSH-Graph for cifar ...
c=        1.5
k=        20
L=        1
K=        18
T=        12
lsh_UB=   0
LOADING DATA...
Load from new file: /users/PAS2671/kabir36/kabir/similarity-search/dataset/cifar/
N=    50000
dim=  512

LOADING TIME: 0.139798s.

LOADING BENMARK...
LOADING TIME: 0.000487s.

mkdir: missing operand
Try 'mkdir --help' for more information.

START HASHING...

SETTING HASH PARAMETER...
SETTING TIME: 0.000183s.

COMPUTING HASH...
COMPUTING TIME: 0.056531s.

[1m[31mWARNING:
[31mRanges of hash values is too LARGE. 
Please increase W at least 1times.
[0m[31mOld W=    0.3
New W=    0.645996
Increase  2.15332times.
[0mCONSTRUCTING GRAPH...

0%   10   20   30   40   50   60   70   80   90   100%
|----|----|----|----|----|----|----|----|----|----|
***************************************************
CONSTRUCTING TIME: 26.5648s.

SAVING GRAPH...
SAVING TIME: 0.045258s.

dist=0.302716, cnt=17.180260, unique=1, std=4.828851, Recall=0.546999
cc=694.147339, pruning=0.247586

Loading FastGraph...
*******************************************************************************************************
The result of LSH-G for cifar is as follow: k=20, probQ = 0.9, L = 1, K = 18, T = 12
******************************************************************************************************
     algName       k      ef        Time      Recall        Cost        CPQ1        CPQ2     Pruning

       fastG      20     200      0.8422       0.974      1660.6     102.304      1762.9    0.307497


******************************************************************************************************
                                                                                    1180-4:4:28
*****************************************************************************************************


	Command being timed: "./lgo cifar 20 1 18 0.1 1.0 12"
	User time (seconds): 26.63
	System time (seconds): 0.23
	Percent of CPU this job got: 99%
	Elapsed (wall clock) time (h:mm:ss or m:ss): 0:26.97
	Average shared text size (kbytes): 0
	Average unshared data size (kbytes): 0
	Average stack size (kbytes): 0
	Average total size (kbytes): 0
	Maximum resident set size (kbytes): 217392
	Average resident set size (kbytes): 0
	Major (requiring I/O) page faults: 0
	Minor (reclaiming a frame) page faults: 93905
	Voluntary context switches: 13867
	Involuntary context switches: 5603
	Swaps: 0
	File system inputs: 0
	File system outputs: 23416
	Socket messages sent: 0
	Socket messages received: 0
	Signals delivered: 0
	Page size (bytes): 4096
	Exit status: 0
