C++17!
Using LSH-Graph for cifar ...
c=        1.5
k=        20
L=        1
K=        6
T=        24
lsh_UB=   0
LOADING DATA...
Load from new file: /users/PAS2671/kabir36/kabir/similarity-search/dataset/cifar/
N=    50000
dim=  512

LOADING TIME: 0.138237s.

LOADING BENMARK...
LOADING TIME: 0.000532s.

mkdir: missing operand
Try 'mkdir --help' for more information.

START HASHING...

SETTING HASH PARAMETER...
SETTING TIME: 7.6e-05s.

COMPUTING HASH...
COMPUTING TIME: 0.021447s.

[31mOld W=    0.3
New W=    0.3
Increase  1times.
[0mCONSTRUCTING GRAPH...

0%   10   20   30   40   50   60   70   80   90   100%
|----|----|----|----|----|----|----|----|----|----|
***************************************************
CONSTRUCTING TIME: 45.7217s.

SAVING GRAPH...
SAVING TIME: 0.05019s.

dist=0.311532, cnt=34.750542, unique=1, std=9.518823, Recall=0.572727
cc=1252.504517, pruning=0.133982

Loading FastGraph...
*******************************************************************************************************
The result of LSH-G for cifar is as follow: k=20, probQ = 0.9, L = 1, K = 6, T = 24
******************************************************************************************************
     algName       k      ef        Time      Recall        Cost        CPQ1        CPQ2     Pruning

       fastG      20     200     1.21758       0.982     2792.23     47.0443     2839.27    0.202777


******************************************************************************************************
                                                                                    1180-4:2:49
*****************************************************************************************************


	Command being timed: "./lgo cifar 20 1 6 0.1 1.0 24"
	User time (seconds): 45.67
	System time (seconds): 0.31
	Percent of CPU this job got: 99%
	Elapsed (wall clock) time (h:mm:ss or m:ss): 0:46.13
	Average shared text size (kbytes): 0
	Average unshared data size (kbytes): 0
	Average stack size (kbytes): 0
	Average total size (kbytes): 0
	Maximum resident set size (kbytes): 223168
	Average resident set size (kbytes): 0
	Major (requiring I/O) page faults: 0
	Minor (reclaiming a frame) page faults: 95970
	Voluntary context switches: 17712
	Involuntary context switches: 9131
	Swaps: 0
	File system inputs: 0
	File system outputs: 32432
	Socket messages sent: 0
	Socket messages received: 0
	Signals delivered: 0
	Page size (bytes): 4096
	Exit status: 0
