C++17!
Using LSH-Graph for cifar ...
c=        1.5
k=        20
L=        2
K=        12
T=        24
lsh_UB=   0
LOADING DATA...
Load from new file: /users/PAS2671/kabir36/kabir/similarity-search/dataset/cifar/
N=    50000
dim=  512

LOADING TIME: 0.135748s.

LOADING BENMARK...
LOADING TIME: 0.000544s.

mkdir: missing operand
Try 'mkdir --help' for more information.

START HASHING...

SETTING HASH PARAMETER...
SETTING TIME: 0.000245s.

COMPUTING HASH...
COMPUTING TIME: 0.074173s.

[31mOld W=    0.3
New W=    0.3
Increase  1times.
[0mCONSTRUCTING GRAPH...

0%   10   20   30   40   50   60   70   80   90   100%
|----|----|----|----|----|----|----|----|----|----|
***************************************************
CONSTRUCTING TIME: 42.36s.

SAVING GRAPH...
SAVING TIME: 0.066619s.

dist=0.311191, cnt=34.728561, unique=1, std=9.539892, Recall=0.590792
cc=1145.045044, pruning=0.235413

Loading FastGraph...
*******************************************************************************************************
The result of LSH-G for cifar is as follow: k=20, probQ = 0.9, L = 2, K = 12, T = 24
******************************************************************************************************
     algName       k      ef        Time      Recall        Cost        CPQ1        CPQ2     Pruning

       fastG      20     200     1.19777      0.9915     2576.97     111.878     2688.85    0.312712


******************************************************************************************************
                                                                                    1180-4:7:37
*****************************************************************************************************


	Command being timed: "./lgo cifar 20 2 12 0.1 1.0 24"
	User time (seconds): 42.32
	System time (seconds): 0.38
	Percent of CPU this job got: 99%
	Elapsed (wall clock) time (h:mm:ss or m:ss): 0:42.85
	Average shared text size (kbytes): 0
	Average unshared data size (kbytes): 0
	Average stack size (kbytes): 0
	Average total size (kbytes): 0
	Maximum resident set size (kbytes): 225876
	Average resident set size (kbytes): 0
	Major (requiring I/O) page faults: 0
	Minor (reclaiming a frame) page faults: 97886
	Voluntary context switches: 26553
	Involuntary context switches: 8555
	Swaps: 0
	File system inputs: 0
	File system outputs: 40696
	Socket messages sent: 0
	Socket messages received: 0
	Signals delivered: 0
	Page size (bytes): 4096
	Exit status: 0
