C++17!
Using LSH-Graph for cifar ...
c=        1.5
k=        20
L=        2
K=        18
T=        12
lsh_UB=   0
LOADING DATA...
Load from new file: /users/PAS2671/kabir36/kabir/similarity-search/dataset/cifar/
N=    50000
dim=  512

LOADING TIME: 0.135822s.

LOADING BENMARK...
LOADING TIME: 0.000521s.

mkdir: missing operand
Try 'mkdir --help' for more information.

START HASHING...

SETTING HASH PARAMETER...
SETTING TIME: 0.000354s.

COMPUTING HASH...
COMPUTING TIME: 0.110427s.

[1m[31mWARNING:
[31mRanges of hash values is too LARGE. 
Please increase W at least 1times.
[0m[31mOld W=    0.3
New W=    0.743289
Increase  2.47763times.
[0mCONSTRUCTING GRAPH...

0%   10   20   30   40   50   60   70   80   90   100%
|----|----|----|----|----|----|----|----|----|----|
***************************************************
CONSTRUCTING TIME: 26.8092s.

SAVING GRAPH...
SAVING TIME: 0.05724s.

dist=0.303460, cnt=17.174360, unique=1, std=4.829392, Recall=0.559697
cc=698.205200, pruning=0.244016

Loading FastGraph...
*******************************************************************************************************
The result of LSH-G for cifar is as follow: k=20, probQ = 0.9, L = 2, K = 18, T = 12
******************************************************************************************************
     algName       k      ef        Time      Recall        Cost        CPQ1        CPQ2     Pruning

       fastG      20     200     0.83782      0.9705     1692.03     121.017     1813.05    0.300314


******************************************************************************************************
                                                                                    1180-4:8:4
*****************************************************************************************************


	Command being timed: "./lgo cifar 20 2 18 0.1 1.0 12"
	User time (seconds): 26.92
	System time (seconds): 0.27
	Percent of CPU this job got: 99%
	Elapsed (wall clock) time (h:mm:ss or m:ss): 0:27.29
	Average shared text size (kbytes): 0
	Average unshared data size (kbytes): 0
	Average stack size (kbytes): 0
	Average total size (kbytes): 0
	Maximum resident set size (kbytes): 220052
	Average resident set size (kbytes): 0
	Major (requiring I/O) page faults: 0
	Minor (reclaiming a frame) page faults: 95832
	Voluntary context switches: 22601
	Involuntary context switches: 5813
	Swaps: 0
	File system inputs: 0
	File system outputs: 31704
	Socket messages sent: 0
	Socket messages received: 0
	Signals delivered: 0
	Page size (bytes): 4096
	Exit status: 0
