C++17!
Using LSH-Graph for cifar ...
c=        1.5
k=        20
L=        2
K=        6
T=        12
lsh_UB=   0
LOADING DATA...
Load from new file: /users/PAS2671/kabir36/kabir/similarity-search/dataset/cifar/
N=    50000
dim=  512

LOADING TIME: 0.135139s.

LOADING BENMARK...
LOADING TIME: 0.000495s.

mkdir: missing operand
Try 'mkdir --help' for more information.

START HASHING...

SETTING HASH PARAMETER...
SETTING TIME: 0.000128s.

COMPUTING HASH...
COMPUTING TIME: 0.035165s.

[31mOld W=    0.3
New W=    0.3
Increase  1times.
[0mCONSTRUCTING GRAPH...

0%   10   20   30   40   50   60   70   80   90   100%
|----|----|----|----|----|----|----|----|----|----|
***************************************************
CONSTRUCTING TIME: 28.4956s.

SAVING GRAPH...
SAVING TIME: 0.05004s.

dist=0.304601, cnt=17.206461, unique=1, std=4.812334, Recall=0.546994
cc=790.604309, pruning=0.103677

Loading FastGraph...
*******************************************************************************************************
The result of LSH-G for cifar is as follow: k=20, probQ = 0.9, L = 2, K = 6, T = 12
******************************************************************************************************
     algName       k      ef        Time      Recall        Cost        CPQ1        CPQ2     Pruning

       fastG      20     200     0.89206       0.961     1918.16     38.5303     1956.69    0.152724


******************************************************************************************************
                                                                                    1180-4:5:39
*****************************************************************************************************


	Command being timed: "./lgo cifar 20 2 6 0.1 1.0 12"
	User time (seconds): 28.54
	System time (seconds): 0.25
	Percent of CPU this job got: 99%
	Elapsed (wall clock) time (h:mm:ss or m:ss): 0:28.89
	Average shared text size (kbytes): 0
	Average unshared data size (kbytes): 0
	Average stack size (kbytes): 0
	Average total size (kbytes): 0
	Maximum resident set size (kbytes): 220912
	Average resident set size (kbytes): 0
	Major (requiring I/O) page faults: 0
	Minor (reclaiming a frame) page faults: 94775
	Voluntary context switches: 22472
	Involuntary context switches: 6191
	Swaps: 0
	File system inputs: 0
	File system outputs: 22272
	Socket messages sent: 0
	Socket messages received: 0
	Signals delivered: 0
	Page size (bytes): 4096
	Exit status: 0
