C++17!
Using LSH-Graph for cifar ...
c=        1.5
k=        20
L=        1
K=        6
T=        12
lsh_UB=   0
LOADING DATA...
Load from new file: /users/PAS2671/kabir36/kabir/similarity-search/dataset/cifar/
N=    50000
dim=  512

LOADING TIME: 2.81458s.

MAKING BENMARK...

0%   10   20   30   40   50   60   70   80   90   100%
|----|----|----|----|----|----|----|----|----|----|
***************************************************
MAKING TIME: 5.03988s.

SAVING BENMARK...
SAVING TIME: 0.017288s.

mkdir: missing operand
Try 'mkdir --help' for more information.

START HASHING...

SETTING HASH PARAMETER...
SETTING TIME: 7.1e-05s.

COMPUTING HASH...
COMPUTING TIME: 0.02138s.

[31mOld W=    0.3
New W=    0.3
Increase  1times.
[0mCONSTRUCTING GRAPH...

0%   10   20   30   40   50   60   70   80   90   100%
|----|----|----|----|----|----|----|----|----|----|
***************************************************
CONSTRUCTING TIME: 27.8394s.

SAVING GRAPH...
SAVING TIME: 0.037444s.

dist=0.303020, cnt=17.179359, unique=1, std=4.819731, Recall=0.566070
cc=785.118225, pruning=0.104337

Loading FastGraph...
*******************************************************************************************************
The result of LSH-G for cifar is as follow: k=20, probQ = 0.9, L = 1, K = 6, T = 12
******************************************************************************************************
     algName       k      ef        Time      Recall        Cost        CPQ1        CPQ2     Pruning

       fastG      20     200     0.87481       0.967     1886.54     32.1334     1918.67    0.154039


******************************************************************************************************
                                                                                    1180-4:2:3
*****************************************************************************************************


	Command being timed: "./lgo cifar 20 1 6 0.1 1.0 12"
	User time (seconds): 32.98
	System time (seconds): 0.34
	Percent of CPU this job got: 92%
	Elapsed (wall clock) time (h:mm:ss or m:ss): 0:35.94
	Average shared text size (kbytes): 0
	Average unshared data size (kbytes): 0
	Average stack size (kbytes): 0
	Average total size (kbytes): 0
	Maximum resident set size (kbytes): 246088
	Average resident set size (kbytes): 0
	Major (requiring I/O) page faults: 0
	Minor (reclaiming a frame) page faults: 103434
	Voluntary context switches: 14540
	Involuntary context switches: 6957
	Swaps: 0
	File system inputs: 201200
	File system outputs: 19320
	Socket messages sent: 0
	Socket messages received: 0
	Signals delivered: 0
	Page size (bytes): 4096
	Exit status: 0
