C++17!
Using LSH-Graph for cifar ...
c=        1.5
k=        20
L=        1
K=        18
T=        24
lsh_UB=   0
LOADING DATA...
Load from new file: /users/PAS2671/kabir36/kabir/similarity-search/dataset/cifar/
N=    50000
dim=  512

LOADING TIME: 0.13595s.

LOADING BENMARK...
LOADING TIME: 0.000601s.

mkdir: missing operand
Try 'mkdir --help' for more information.

START HASHING...

SETTING HASH PARAMETER...
SETTING TIME: 0.000189s.

COMPUTING HASH...
COMPUTING TIME: 0.056712s.

[1m[31mWARNING:
[31mRanges of hash values is too LARGE. 
Please increase W at least 1times.
[0m[31mOld W=    0.3
New W=    0.645996
Increase  2.15332times.
[0mCONSTRUCTING GRAPH...

0%   10   20   30   40   50   60   70   80   90   100%
|----|----|----|----|----|----|----|----|----|----|
***************************************************
CONSTRUCTING TIME: 42.2302s.

SAVING GRAPH...
SAVING TIME: 0.053681s.

dist=0.312211, cnt=34.697460, unique=1, std=9.492002, Recall=0.602110
cc=1050.898193, pruning=0.338607

Loading FastGraph...
*******************************************************************************************************
The result of LSH-G for cifar is as follow: k=20, probQ = 0.9, L = 1, K = 18, T = 24
******************************************************************************************************
     algName       k      ef        Time      Recall        Cost        CPQ1        CPQ2     Pruning

       fastG      20     200      1.1136        0.99     2341.89     162.229     2504.12    0.429158


******************************************************************************************************
                                                                                    1180-4:5:10
*****************************************************************************************************


	Command being timed: "./lgo cifar 20 1 18 0.1 1.0 24"
	User time (seconds): 42.25
	System time (seconds): 0.28
	Percent of CPU this job got: 99%
	Elapsed (wall clock) time (h:mm:ss or m:ss): 0:42.67
	Average shared text size (kbytes): 0
	Average unshared data size (kbytes): 0
	Average stack size (kbytes): 0
	Average total size (kbytes): 0
	Maximum resident set size (kbytes): 222860
	Average resident set size (kbytes): 0
	Major (requiring I/O) page faults: 0
	Minor (reclaiming a frame) page faults: 96486
	Voluntary context switches: 15712
	Involuntary context switches: 8324
	Swaps: 0
	File system inputs: 0
	File system outputs: 37120
	Socket messages sent: 0
	Socket messages received: 0
	Signals delivered: 0
	Page size (bytes): 4096
	Exit status: 0
