C++17!
Using LSH-Graph for cifar ...
c=        1.5
k=        20
L=        1
K=        12
T=        24
lsh_UB=   0
LOADING DATA...
Load from new file: /users/PAS2671/kabir36/kabir/similarity-search/dataset/cifar/
N=    50000
dim=  512

LOADING TIME: 0.135711s.

LOADING BENMARK...
LOADING TIME: 0.000622s.

mkdir: missing operand
Try 'mkdir --help' for more information.

START HASHING...

SETTING HASH PARAMETER...
SETTING TIME: 0.00017s.

COMPUTING HASH...
COMPUTING TIME: 0.04867s.

[31mOld W=    0.3
New W=    0.3
Increase  1times.
[0mCONSTRUCTING GRAPH...

0%   10   20   30   40   50   60   70   80   90   100%
|----|----|----|----|----|----|----|----|----|----|
***************************************************
CONSTRUCTING TIME: 43.2088s.

SAVING GRAPH...
SAVING TIME: 0.056368s.

dist=0.310900, cnt=34.729401, unique=1, std=9.541705, Recall=0.582329
cc=1141.223999, pruning=0.236788

Loading FastGraph...
*******************************************************************************************************
The result of LSH-G for cifar is as follow: k=20, probQ = 0.9, L = 1, K = 12, T = 24
******************************************************************************************************
     algName       k      ef        Time      Recall        Cost        CPQ1        CPQ2     Pruning

       fastG      20     200     1.21793        0.99     2536.06     98.9479     2635.01    0.316384


******************************************************************************************************
                                                                                    1180-4:4:1
*****************************************************************************************************


	Command being timed: "./lgo cifar 20 1 12 0.1 1.0 24"
	User time (seconds): 43.22
	System time (seconds): 0.29
	Percent of CPU this job got: 99%
	Elapsed (wall clock) time (h:mm:ss or m:ss): 0:43.69
	Average shared text size (kbytes): 0
	Average unshared data size (kbytes): 0
	Average stack size (kbytes): 0
	Average total size (kbytes): 0
	Maximum resident set size (kbytes): 223112
	Average resident set size (kbytes): 0
	Major (requiring I/O) page faults: 0
	Minor (reclaiming a frame) page faults: 96314
	Voluntary context switches: 15863
	Involuntary context switches: 8575
	Swaps: 0
	File system inputs: 0
	File system outputs: 34784
	Socket messages sent: 0
	Socket messages received: 0
	Signals delivered: 0
	Page size (bytes): 4096
	Exit status: 0
