C++17!
Using LSH-Graph for crawl ...
c=        1.5
k=        100
L=        2
K=        18
T=        24
lsh_UB=   0
LOADING DATA...
Command terminated by signal 9
	Command being timed: "./lgo crawl 100 2 18 0.1 1.0 24"
	User time (seconds): 1.56
	System time (seconds): 4.06
	Percent of CPU this job got: 30%
	Elapsed (wall clock) time (h:mm:ss or m:ss): 0:18.40
	Average shared text size (kbytes): 0
	Average unshared data size (kbytes): 0
	Average stack size (kbytes): 0
	Average total size (kbytes): 0
	Maximum resident set size (kbytes): 4666332
	Average resident set size (kbytes): 0
	Major (requiring I/O) page faults: 0
	Minor (reclaiming a frame) page faults: 1712083
	Voluntary context switches: 1974
	Involuntary context switches: 63483
	Swaps: 0
	File system inputs: 4703120
	File system outputs: 8
	Socket messages sent: 0
	Socket messages received: 0
	Signals delivered: 0
	Page size (bytes): 4096
	Exit status: 0
