C++17!
Using LSH-Graph for deep ...
c=        1.5
k=        20
L=        1
K=        18
T=        12
lsh_UB=   0
LOADING DATA...
Load from new file: /users/PAS2671/kabir36/kabir/similarity-search/dataset/deep/
N=    1000000
dim=  256

LOADING TIME: 1.57859s.

LOADING BENMARK...
LOADING TIME: 0.000471s.

mkdir: missing operand
Try 'mkdir --help' for more information.

START HASHING...

SETTING HASH PARAMETER...
SETTING TIME: 0.000114s.

COMPUTING HASH...
COMPUTING TIME: 0.752671s.

[1m[31mWARNING:
[31mRanges of hash values is too LARGE. 
Please increase W at least 1times.
[0m[31mOld W=    0.3
New W=    1.2485
Increase  4.16168times.
[0mCONSTRUCTING GRAPH...

0%   10   20   30   40   50   60   70   80   90   100%
|----|----|----|----|----|----|----|----|----|----|
***************************************************
CONSTRUCTING TIME: 916.276s.

SAVING GRAPH...
SAVING TIME: 0.868293s.

dist=0.657500, cnt=17.657320, unique=1, std=4.803531, Recall=0.532543
cc=857.268433, pruning=0.152233

Loading FastGraph...
*******************************************************************************************************
The result of LSH-G for deep is as follow: k=20, probQ = 0.9, L = 1, K = 18, T = 12
******************************************************************************************************
     algName       k      ef        Time      Recall        Cost        CPQ1        CPQ2     Pruning

       fastG      20     200      1.5381       0.914     2034.48      199.47     2233.95     0.21172


******************************************************************************************************
                                                                                    1180-5:42:22
*****************************************************************************************************


	Command being timed: "./lgo deep 20 1 18 0.1 1.0 12"
	User time (seconds): 907.30
	System time (seconds): 10.95
	Percent of CPU this job got: 99%
	Elapsed (wall clock) time (h:mm:ss or m:ss): 15:20.68
	Average shared text size (kbytes): 0
	Average unshared data size (kbytes): 0
	Average stack size (kbytes): 0
	Average total size (kbytes): 0
	Maximum resident set size (kbytes): 2118380
	Average resident set size (kbytes): 0
	Major (requiring I/O) page faults: 0
	Minor (reclaiming a frame) page faults: 6879955
	Voluntary context switches: 511631
	Involuntary context switches: 207748
	Swaps: 0
	File system inputs: 0
	File system outputs: 473632
	Socket messages sent: 0
	Socket messages received: 0
	Signals delivered: 0
	Page size (bytes): 4096
	Exit status: 0
