C++17!
Using LSH-Graph for deep ...
c=        1.5
k=        20
L=        2
K=        18
T=        12
lsh_UB=   0
LOADING DATA...
Load from new file: /users/PAS2671/kabir36/kabir/similarity-search/dataset/deep/
N=    1000000
dim=  256

LOADING TIME: 1.56313s.

LOADING BENMARK...
LOADING TIME: 0.000453s.

mkdir: missing operand
Try 'mkdir --help' for more information.

START HASHING...

SETTING HASH PARAMETER...
SETTING TIME: 0.000203s.

COMPUTING HASH...
COMPUTING TIME: 1.79213s.

[1m[31mWARNING:
[31mRanges of hash values is too LARGE. 
Please increase W at least 1times.
[0m[31mOld W=    0.3
New W=    1.2485
Increase  4.16168times.
[0mCONSTRUCTING GRAPH...

0%   10   20   30   40   50   60   70   80   90   100%
|----|----|----|----|----|----|----|----|----|----|
***************************************************
CONSTRUCTING TIME: 951.702s.

SAVING GRAPH...
SAVING TIME: 1.26527s.

dist=0.656809, cnt=17.661036, unique=1, std=4.803626, Recall=0.541971
cc=861.081909, pruning=0.151359

Loading FastGraph...
*******************************************************************************************************
The result of LSH-G for deep is as follow: k=20, probQ = 0.9, L = 2, K = 18, T = 12
******************************************************************************************************
     algName       k      ef        Time      Recall        Cost        CPQ1        CPQ2     Pruning

       fastG      20     200     2.28942       0.915     2078.32     220.243     2298.56    0.206855


******************************************************************************************************
                                                                                    1180-7:49:59
*****************************************************************************************************


	Command being timed: "./lgo deep 20 2 18 0.1 1.0 12"
	User time (seconds): 940.44
	System time (seconds): 15.07
	Percent of CPU this job got: 99%
	Elapsed (wall clock) time (h:mm:ss or m:ss): 15:58.10
	Average shared text size (kbytes): 0
	Average unshared data size (kbytes): 0
	Average stack size (kbytes): 0
	Average total size (kbytes): 0
	Maximum resident set size (kbytes): 2283148
	Average resident set size (kbytes): 0
	Major (requiring I/O) page faults: 0
	Minor (reclaiming a frame) page faults: 9675967
	Voluntary context switches: 845237
	Involuntary context switches: 211974
	Swaps: 0
	File system inputs: 0
	File system outputs: 637800
	Socket messages sent: 0
	Socket messages received: 0
	Signals delivered: 0
	Page size (bytes): 4096
	Exit status: 0
