C++17!
Using LSH-Graph for deep ...
c=        1.5
k=        20
L=        1
K=        12
T=        24
lsh_UB=   0
LOADING DATA...
Load from new file: /users/PAS2671/kabir36/kabir/similarity-search/dataset/deep/
N=    1000000
dim=  256

LOADING TIME: 1.60691s.

LOADING BENMARK...
LOADING TIME: 0.000992s.

mkdir: missing operand
Try 'mkdir --help' for more information.

START HASHING...

SETTING HASH PARAMETER...
SETTING TIME: 0.000249s.

COMPUTING HASH...
COMPUTING TIME: 0.58259s.

[31mOld W=    0.3
New W=    0.3
Increase  1times.
[0mCONSTRUCTING GRAPH...

0%   10   20   30   40   50   60   70   80   90   100%
|----|----|----|----|----|----|----|----|----|----|
***************************************************
CONSTRUCTING TIME: 1575.28s.

SAVING GRAPH...
SAVING TIME: 1.05031s.

dist=0.674115, cnt=35.839336, unique=1, std=9.419639, Recall=0.568777
cc=1499.804688, pruning=0.145878

Loading FastGraph...
*******************************************************************************************************
The result of LSH-G for deep is as follow: k=20, probQ = 0.9, L = 1, K = 12, T = 24
******************************************************************************************************
     algName       k      ef        Time      Recall        Cost        CPQ1        CPQ2     Pruning

       fastG      20     200     2.31124       0.973      3406.6     214.801      3621.4    0.212605


******************************************************************************************************
                                                                                    1180-5:27:2
*****************************************************************************************************


	Command being timed: "./lgo deep 20 1 12 0.1 1.0 24"
	User time (seconds): 1563.82
	System time (seconds): 11.84
	Percent of CPU this job got: 99%
	Elapsed (wall clock) time (h:mm:ss or m:ss): 26:20.01
	Average shared text size (kbytes): 0
	Average unshared data size (kbytes): 0
	Average stack size (kbytes): 0
	Average total size (kbytes): 0
	Maximum resident set size (kbytes): 2315812
	Average resident set size (kbytes): 0
	Major (requiring I/O) page faults: 0
	Minor (reclaiming a frame) page faults: 7510388
	Voluntary context switches: 557772
	Involuntary context switches: 337953
	Swaps: 0
	File system inputs: 0
	File system outputs: 710856
	Socket messages sent: 0
	Socket messages received: 0
	Signals delivered: 0
	Page size (bytes): 4096
	Exit status: 0
