C++17!
Using LSH-Graph for deep ...
c=        1.5
k=        20
L=        1
K=        12
T=        12
lsh_UB=   0
LOADING DATA...
Load from new file: /users/PAS2671/kabir36/kabir/similarity-search/dataset/deep/
N=    1000000
dim=  256

LOADING TIME: 1.57663s.

LOADING BENMARK...
LOADING TIME: 0.000489s.

mkdir: missing operand
Try 'mkdir --help' for more information.

START HASHING...

SETTING HASH PARAMETER...
SETTING TIME: 8.2e-05s.

COMPUTING HASH...
COMPUTING TIME: 0.56985s.

[31mOld W=    0.3
New W=    0.3
Increase  1times.
[0mCONSTRUCTING GRAPH...

0%   10   20   30   40   50   60   70   80   90   100%
|----|----|----|----|----|----|----|----|----|----|
***************************************************
CONSTRUCTING TIME: 913.986s.

SAVING GRAPH...
SAVING TIME: 0.841412s.

dist=0.660266, cnt=17.659376, unique=1, std=4.804111, Recall=0.521873
cc=895.278748, pruning=0.107439

Loading FastGraph...
*******************************************************************************************************
The result of LSH-G for deep is as follow: k=20, probQ = 0.9, L = 1, K = 12, T = 12
******************************************************************************************************
     algName       k      ef        Time      Recall        Cost        CPQ1        CPQ2     Pruning

       fastG      20     200     1.31552       0.914     2138.53     130.238     2268.77    0.152189


******************************************************************************************************
                                                                                    1180-5:0:42
*****************************************************************************************************


	Command being timed: "./lgo deep 20 1 12 0.1 1.0 12"
	User time (seconds): 904.97
	System time (seconds): 10.67
	Percent of CPU this job got: 99%
	Elapsed (wall clock) time (h:mm:ss or m:ss): 15:18.09
	Average shared text size (kbytes): 0
	Average unshared data size (kbytes): 0
	Average stack size (kbytes): 0
	Average total size (kbytes): 0
	Maximum resident set size (kbytes): 2118516
	Average resident set size (kbytes): 0
	Major (requiring I/O) page faults: 0
	Minor (reclaiming a frame) page faults: 6948088
	Voluntary context switches: 505901
	Involuntary context switches: 207748
	Swaps: 0
	File system inputs: 0
	File system outputs: 426784
	Socket messages sent: 0
	Socket messages received: 0
	Signals delivered: 0
	Page size (bytes): 4096
	Exit status: 0
