C++17!
Using LSH-Graph for deep ...
c=        1.5
k=        20
L=        2
K=        12
T=        24
lsh_UB=   0
LOADING DATA...
Load from new file: /users/PAS2671/kabir36/kabir/similarity-search/dataset/deep/
N=    1000000
dim=  256

LOADING TIME: 1.57761s.

LOADING BENMARK...
LOADING TIME: 0.000498s.

mkdir: missing operand
Try 'mkdir --help' for more information.

START HASHING...

SETTING HASH PARAMETER...
SETTING TIME: 0.00014s.

COMPUTING HASH...
COMPUTING TIME: 1.08029s.

[31mOld W=    0.3
New W=    0.3
Increase  1times.
[0mCONSTRUCTING GRAPH...

0%   10   20   30   40   50   60   70   80   90   100%
|----|----|----|----|----|----|----|----|----|----|
***************************************************
CONSTRUCTING TIME: 1598.39s.

SAVING GRAPH...
SAVING TIME: 1.26319s.

dist=0.673039, cnt=35.846813, unique=1, std=9.415304, Recall=0.586236
cc=1499.087646, pruning=0.145511

Loading FastGraph...
*******************************************************************************************************
The result of LSH-G for deep is as follow: k=20, probQ = 0.9, L = 2, K = 12, T = 24
******************************************************************************************************
     algName       k      ef        Time      Recall        Cost        CPQ1        CPQ2     Pruning

       fastG      20     200     1.96474       0.971     3449.19     228.301     3677.49    0.208614


******************************************************************************************************
                                                                                    1180-7:34:1
*****************************************************************************************************


	Command being timed: "./lgo deep 20 2 12 0.1 1.0 24"
	User time (seconds): 1583.40
	System time (seconds): 16.28
	Percent of CPU this job got: 99%
	Elapsed (wall clock) time (h:mm:ss or m:ss): 26:43.86
	Average shared text size (kbytes): 0
	Average unshared data size (kbytes): 0
	Average stack size (kbytes): 0
	Average total size (kbytes): 0
	Maximum resident set size (kbytes): 2380080
	Average resident set size (kbytes): 0
	Major (requiring I/O) page faults: 0
	Minor (reclaiming a frame) page faults: 9817089
	Voluntary context switches: 949114
	Involuntary context switches: 330024
	Swaps: 0
	File system inputs: 0
	File system outputs: 828184
	Socket messages sent: 0
	Socket messages received: 0
	Signals delivered: 0
	Page size (bytes): 4096
	Exit status: 0
