C++17!
Using LSH-Graph for deep ...
c=        1.5
k=        20
L=        1
K=        18
T=        24
lsh_UB=   0
LOADING DATA...
Load from new file: /users/PAS2671/kabir36/kabir/similarity-search/dataset/deep/
N=    1000000
dim=  256

LOADING TIME: 1.57746s.

LOADING BENMARK...
LOADING TIME: 0.000544s.

mkdir: missing operand
Try 'mkdir --help' for more information.

START HASHING...

SETTING HASH PARAMETER...
SETTING TIME: 0.000116s.

COMPUTING HASH...
COMPUTING TIME: 0.76432s.

[1m[31mWARNING:
[31mRanges of hash values is too LARGE. 
Please increase W at least 1times.
[0m[31mOld W=    0.3
New W=    1.2485
Increase  4.16168times.
[0mCONSTRUCTING GRAPH...

0%   10   20   30   40   50   60   70   80   90   100%
|----|----|----|----|----|----|----|----|----|----|
***************************************************
CONSTRUCTING TIME: 1554.51s.

SAVING GRAPH...
SAVING TIME: 1.05945s.

dist=0.673646, cnt=35.843487, unique=1, std=9.414880, Recall=0.560635
cc=1415.696655, pruning=0.211761

Loading FastGraph...
*******************************************************************************************************
The result of LSH-G for deep is as follow: k=20, probQ = 0.9, L = 1, K = 18, T = 24
******************************************************************************************************
     algName       k      ef        Time      Recall        Cost        CPQ1        CPQ2     Pruning

       fastG      20     200     2.06283      0.9645     3165.54     335.697     3501.24    0.299405


******************************************************************************************************
                                                                                    1180-6:8:21
*****************************************************************************************************


	Command being timed: "./lgo deep 20 1 18 0.1 1.0 24"
	User time (seconds): 1543.35
	System time (seconds): 11.69
	Percent of CPU this job got: 99%
	Elapsed (wall clock) time (h:mm:ss or m:ss): 25:59.18
	Average shared text size (kbytes): 0
	Average unshared data size (kbytes): 0
	Average stack size (kbytes): 0
	Average total size (kbytes): 0
	Maximum resident set size (kbytes): 2316356
	Average resident set size (kbytes): 0
	Major (requiring I/O) page faults: 0
	Minor (reclaiming a frame) page faults: 7315995
	Voluntary context switches: 561374
	Involuntary context switches: 338093
	Swaps: 0
	File system inputs: 0
	File system outputs: 757816
	Socket messages sent: 0
	Socket messages received: 0
	Signals delivered: 0
	Page size (bytes): 4096
	Exit status: 0
