C++17!
Using LSH-Graph for deep ...
c=        1.5
k=        20
L=        2
K=        18
T=        24
lsh_UB=   0
LOADING DATA...
Load from new file: /users/PAS2671/kabir36/kabir/similarity-search/dataset/deep/
N=    1000000
dim=  256

LOADING TIME: 1.61958s.

LOADING BENMARK...
LOADING TIME: 0.000555s.

mkdir: missing operand
Try 'mkdir --help' for more information.

START HASHING...

SETTING HASH PARAMETER...
SETTING TIME: 0.000208s.

COMPUTING HASH...
COMPUTING TIME: 1.81563s.

[1m[31mWARNING:
[31mRanges of hash values is too LARGE. 
Please increase W at least 1times.
[0m[31mOld W=    0.3
New W=    1.2485
Increase  4.16168times.
[0mCONSTRUCTING GRAPH...

0%   10   20   30   40   50   60   70   80   90   100%
|----|----|----|----|----|----|----|----|----|----|
***************************************************
CONSTRUCTING TIME: 1646.7s.

SAVING GRAPH...
SAVING TIME: 1.42056s.

dist=0.676140, cnt=35.835152, unique=1, std=9.416580, Recall=0.569867
cc=1417.399414, pruning=0.210966

Loading FastGraph...
*******************************************************************************************************
The result of LSH-G for deep is as follow: k=20, probQ = 0.9, L = 2, K = 18, T = 24
******************************************************************************************************
     algName       k      ef        Time      Recall        Cost        CPQ1        CPQ2     Pruning

       fastG      20     200     2.19834      0.9635     3206.26      355.45     3561.71    0.294287


******************************************************************************************************
                                                                                    1180-8:17:33
*****************************************************************************************************


	Command being timed: "./lgo deep 20 2 18 0.1 1.0 24"
	User time (seconds): 1631.73
	System time (seconds): 17.14
	Percent of CPU this job got: 99%
	Elapsed (wall clock) time (h:mm:ss or m:ss): 27:33.29
	Average shared text size (kbytes): 0
	Average unshared data size (kbytes): 0
	Average stack size (kbytes): 0
	Average total size (kbytes): 0
	Maximum resident set size (kbytes): 2380232
	Average resident set size (kbytes): 0
	Major (requiring I/O) page faults: 0
	Minor (reclaiming a frame) page faults: 10516693
	Voluntary context switches: 969311
	Involuntary context switches: 345287
	Swaps: 0
	File system inputs: 0
	File system outputs: 921768
	Socket messages sent: 0
	Socket messages received: 0
	Signals delivered: 0
	Page size (bytes): 4096
	Exit status: 0
