C++17!
Using LSH-Graph for deep ...
c=        1.5
k=        20
L=        2
K=        12
T=        12
lsh_UB=   0
LOADING DATA...
Load from new file: /users/PAS2671/kabir36/kabir/similarity-search/dataset/deep/
N=    1000000
dim=  256

LOADING TIME: 1.60235s.

LOADING BENMARK...
LOADING TIME: 0.001092s.

mkdir: missing operand
Try 'mkdir --help' for more information.

START HASHING...

SETTING HASH PARAMETER...
SETTING TIME: 0.000139s.

COMPUTING HASH...
COMPUTING TIME: 1.05455s.

[31mOld W=    0.3
New W=    0.3
Increase  1times.
[0mCONSTRUCTING GRAPH...

0%   10   20   30   40   50   60   70   80   90   100%
|----|----|----|----|----|----|----|----|----|----|
***************************************************
CONSTRUCTING TIME: 952.145s.

SAVING GRAPH...
SAVING TIME: 1.12037s.

dist=0.657731, cnt=17.660864, unique=1, std=4.803308, Recall=0.562500
cc=897.160828, pruning=0.106591

Loading FastGraph...
*******************************************************************************************************
The result of LSH-G for deep is as follow: k=20, probQ = 0.9, L = 2, K = 12, T = 12
******************************************************************************************************
     algName       k      ef        Time      Recall        Cost        CPQ1        CPQ2     Pruning

       fastG      20     200     2.58128      0.9085     2184.21     144.427     2328.64    0.149816


******************************************************************************************************
                                                                                    1180-7:7:17
*****************************************************************************************************


	Command being timed: "./lgo deep 20 2 12 0.1 1.0 12"
	User time (seconds): 940.23
	System time (seconds): 14.83
	Percent of CPU this job got: 99%
	Elapsed (wall clock) time (h:mm:ss or m:ss): 15:57.61
	Average shared text size (kbytes): 0
	Average unshared data size (kbytes): 0
	Average stack size (kbytes): 0
	Average total size (kbytes): 0
	Maximum resident set size (kbytes): 2216896
	Average resident set size (kbytes): 0
	Major (requiring I/O) page faults: 0
	Minor (reclaiming a frame) page faults: 9459238
	Voluntary context switches: 846433
	Involuntary context switches: 212329
	Swaps: 0
	File system inputs: 0
	File system outputs: 544032
	Socket messages sent: 0
	Socket messages received: 0
	Signals delivered: 0
	Page size (bytes): 4096
	Exit status: 0
