C++17!
Using LSH-Graph for deep ...
c=        1.5
k=        20
L=        1
K=        6
T=        12
lsh_UB=   0
LOADING DATA...
Load from new file: /users/PAS2671/kabir36/kabir/similarity-search/dataset/deep/
N=    1000000
dim=  256

LOADING TIME: 19.7627s.

MAKING BENMARK...

0%   10   20   30   40   50   60   70   80   90   100%
|----|----|----|----|----|----|----|----|----|----|
***************************************************
MAKING TIME: 93.381s.

SAVING BENMARK...
SAVING TIME: 0.028212s.

mkdir: missing operand
Try 'mkdir --help' for more information.

START HASHING...

SETTING HASH PARAMETER...
SETTING TIME: 4.7e-05s.

COMPUTING HASH...
COMPUTING TIME: 0.359742s.

[31mOld W=    0.3
New W=    0.3
Increase  1times.
[0mCONSTRUCTING GRAPH...

0%   10   20   30   40   50   60   70   80   90   100%
|----|----|----|----|----|----|----|----|----|----|
***************************************************
CONSTRUCTING TIME: 916.988s.

SAVING GRAPH...
SAVING TIME: 0.763465s.

dist=0.658613, cnt=17.656639, unique=1, std=4.805620, Recall=0.540341
cc=909.427795, pruning=0.100445

Loading FastGraph...
*******************************************************************************************************
The result of LSH-G for deep is as follow: k=20, probQ = 0.9, L = 1, K = 6, T = 12
******************************************************************************************************
     algName       k      ef        Time      Recall        Cost        CPQ1        CPQ2     Pruning

       fastG      20     200     1.31544       0.906     2130.55     65.3888     2195.94    0.159189


******************************************************************************************************
                                                                                    1180-4:18:39
*****************************************************************************************************


	Command being timed: "./lgo deep 20 1 6 0.1 1.0 12"
	User time (seconds): 1000.21
	System time (seconds): 12.11
	Percent of CPU this job got: 98%
	Elapsed (wall clock) time (h:mm:ss or m:ss): 17:12.34
	Average shared text size (kbytes): 0
	Average unshared data size (kbytes): 0
	Average stack size (kbytes): 0
	Average total size (kbytes): 0
	Maximum resident set size (kbytes): 2883512
	Average resident set size (kbytes): 0
	Major (requiring I/O) page faults: 0
	Minor (reclaiming a frame) page faults: 8194985
	Voluntary context switches: 517125
	Involuntary context switches: 236151
	Swaps: 0
	File system inputs: 2008224
	File system outputs: 380472
	Socket messages sent: 0
	Socket messages received: 0
	Signals delivered: 0
	Page size (bytes): 4096
	Exit status: 0
