C++17!
Using LSH-Graph for deep ...
c=        1.5
k=        20
L=        2
K=        6
T=        24
lsh_UB=   0
LOADING DATA...
Load from new file: /users/PAS2671/kabir36/kabir/similarity-search/dataset/deep/
N=    1000000
dim=  256

LOADING TIME: 1.605s.

LOADING BENMARK...
LOADING TIME: 0.000732s.

mkdir: missing operand
Try 'mkdir --help' for more information.

START HASHING...

SETTING HASH PARAMETER...
SETTING TIME: 8.3e-05s.

COMPUTING HASH...
COMPUTING TIME: 0.523566s.

[31mOld W=    0.3
New W=    0.3
Increase  1times.
[0mCONSTRUCTING GRAPH...

0%   10   20   30   40   50   60   70   80   90   100%
|----|----|----|----|----|----|----|----|----|----|
***************************************************
CONSTRUCTING TIME: 1621.39s.

SAVING GRAPH...
SAVING TIME: 1.22429s.

dist=0.677284, cnt=35.836113, unique=1, std=9.417265, Recall=0.570824
cc=1536.139648, pruning=0.129161

Loading FastGraph...
*******************************************************************************************************
The result of LSH-G for deep is as follow: k=20, probQ = 0.9, L = 2, K = 6, T = 24
******************************************************************************************************
     algName       k      ef        Time      Recall        Cost        CPQ1        CPQ2     Pruning

       fastG      20     200     3.81341       0.965     3464.92     114.538     3579.46    0.208008


******************************************************************************************************
                                                                                    1180-6:51:20
*****************************************************************************************************


	Command being timed: "./lgo deep 20 2 6 0.1 1.0 24"
	User time (seconds): 1605.88
	System time (seconds): 16.24
	Percent of CPU this job got: 99%
	Elapsed (wall clock) time (h:mm:ss or m:ss): 27:06.37
	Average shared text size (kbytes): 0
	Average unshared data size (kbytes): 0
	Average stack size (kbytes): 0
	Average total size (kbytes): 0
	Maximum resident set size (kbytes): 2380132
	Average resident set size (kbytes): 0
	Major (requiring I/O) page faults: 0
	Minor (reclaiming a frame) page faults: 9644292
	Voluntary context switches: 967743
	Involuntary context switches: 334152
	Swaps: 0
	File system inputs: 0
	File system outputs: 734248
	Socket messages sent: 0
	Socket messages received: 0
	Signals delivered: 0
	Page size (bytes): 4096
	Exit status: 0
