C++17!
Using LSH-Graph for deep ...
c=        1.5
k=        20
L=        2
K=        6
T=        12
lsh_UB=   0
LOADING DATA...
Load from new file: /users/PAS2671/kabir36/kabir/similarity-search/dataset/deep/
N=    1000000
dim=  256

LOADING TIME: 1.56984s.

LOADING BENMARK...
LOADING TIME: 0.000474s.

mkdir: missing operand
Try 'mkdir --help' for more information.

START HASHING...

SETTING HASH PARAMETER...
SETTING TIME: 7.7e-05s.

COMPUTING HASH...
COMPUTING TIME: 0.526551s.

[31mOld W=    0.3
New W=    0.3
Increase  1times.
[0mCONSTRUCTING GRAPH...

0%   10   20   30   40   50   60   70   80   90   100%
|----|----|----|----|----|----|----|----|----|----|
***************************************************
CONSTRUCTING TIME: 947.55s.

SAVING GRAPH...
SAVING TIME: 1.01214s.

dist=0.659597, cnt=17.656837, unique=1, std=4.805098, Recall=0.505287
cc=914.204590, pruning=0.099465

Loading FastGraph...
*******************************************************************************************************
The result of LSH-G for deep is as follow: k=20, probQ = 0.9, L = 2, K = 6, T = 12
******************************************************************************************************
     algName       k      ef        Time      Recall        Cost        CPQ1        CPQ2     Pruning

       fastG      20     200     1.59357        0.91     2187.42     72.6482     2260.07    0.154671


******************************************************************************************************
                                                                                    1180-6:24:13
*****************************************************************************************************


	Command being timed: "./lgo deep 20 2 6 0.1 1.0 12"
	User time (seconds): 935.44
	System time (seconds): 14.01
	Percent of CPU this job got: 99%
	Elapsed (wall clock) time (h:mm:ss or m:ss): 15:51.96
	Average shared text size (kbytes): 0
	Average unshared data size (kbytes): 0
	Average stack size (kbytes): 0
	Average total size (kbytes): 0
	Maximum resident set size (kbytes): 2186100
	Average resident set size (kbytes): 0
	Major (requiring I/O) page faults: 0
	Minor (reclaiming a frame) page faults: 8774055
	Voluntary context switches: 846579
	Involuntary context switches: 212399
	Swaps: 0
	File system inputs: 0
	File system outputs: 450184
	Socket messages sent: 0
	Socket messages received: 0
	Signals delivered: 0
	Page size (bytes): 4096
	Exit status: 0
