C++17!
Using LSH-Graph for deep ...
c=        1.5
k=        20
L=        1
K=        6
T=        24
lsh_UB=   0
LOADING DATA...
Load from new file: /users/PAS2671/kabir36/kabir/similarity-search/dataset/deep/
N=    1000000
dim=  256

LOADING TIME: 1.61223s.

LOADING BENMARK...
LOADING TIME: 0.000498s.

mkdir: missing operand
Try 'mkdir --help' for more information.

START HASHING...

SETTING HASH PARAMETER...
SETTING TIME: 4.5e-05s.

COMPUTING HASH...
COMPUTING TIME: 0.340912s.

[31mOld W=    0.3
New W=    0.3
Increase  1times.
[0mCONSTRUCTING GRAPH...

0%   10   20   30   40   50   60   70   80   90   100%
|----|----|----|----|----|----|----|----|----|----|
***************************************************
CONSTRUCTING TIME: 1600.23s.

SAVING GRAPH...
SAVING TIME: 0.90429s.

dist=0.673319, cnt=35.835491, unique=1, std=9.412357, Recall=0.565509
cc=1533.651489, pruning=0.129530

Loading FastGraph...
*******************************************************************************************************
The result of LSH-G for deep is as follow: k=20, probQ = 0.9, L = 1, K = 6, T = 24
******************************************************************************************************
     algName       k      ef        Time      Recall        Cost        CPQ1        CPQ2     Pruning

       fastG      20     200      1.8429       0.966     3413.02     107.228     3520.25    0.209779


******************************************************************************************************
                                                                                    1180-4:45:23
*****************************************************************************************************


	Command being timed: "./lgo deep 20 1 6 0.1 1.0 24"
	User time (seconds): 1587.53
	System time (seconds): 12.52
	Percent of CPU this job got: 99%
	Elapsed (wall clock) time (h:mm:ss or m:ss): 26:44.26
	Average shared text size (kbytes): 0
	Average unshared data size (kbytes): 0
	Average stack size (kbytes): 0
	Average total size (kbytes): 0
	Maximum resident set size (kbytes): 2316292
	Average resident set size (kbytes): 0
	Major (requiring I/O) page faults: 0
	Minor (reclaiming a frame) page faults: 7831896
	Voluntary context switches: 561245
	Involuntary context switches: 341361
	Swaps: 0
	File system inputs: 0
	File system outputs: 663912
	Socket messages sent: 0
	Socket messages received: 0
	Signals delivered: 0
	Page size (bytes): 4096
	Exit status: 0
