C++17!
Using LSH-Graph for enron ...
c=        1.5
k=        20
L=        2
K=        18
T=        12
lsh_UB=   0
LOADING DATA...
Load from new file: /users/PAS2671/kabir36/kabir/similarity-search/dataset/enron/
N=    94987
dim=  1369

LOADING TIME: 0.708966s.

LOADING BENMARK...
LOADING TIME: 0.000512s.

mkdir: missing operand
Try 'mkdir --help' for more information.

START HASHING...

SETTING HASH PARAMETER...
SETTING TIME: 0.001s.

COMPUTING HASH...
COMPUTING TIME: 0.685202s.

[1m[31mWARNING:
[31mRanges of hash values is too LARGE. 
Please increase W at least 1times.
[0m[31mOld W=    0.3
New W=    110288
Increase  367626times.
[0mCONSTRUCTING GRAPH...

0%   10   20   30   40   50   60   70   80   90   100%
|----|----|----|----|----|----|----|----|----|----|
***************************************************
CONSTRUCTING TIME: 91.6312s.

SAVING GRAPH...
SAVING TIME: 0.156069s.

dist=93.410759, cnt=17.181847, unique=1, std=4.810099, Recall=0.590179
cc=638.399597, pruning=0.148767

Loading FastGraph...
*******************************************************************************************************
The result of LSH-G for enron is as follow: k=20, probQ = 0.9, L = 2, K = 18, T = 12
******************************************************************************************************
     algName       k      ef        Time      Recall        Cost        CPQ1        CPQ2     Pruning

       fastG      20     200     1.51806       0.949     1507.56     60.8626     1568.42    0.202745


******************************************************************************************************
                                                                                    1180-4:23:8
*****************************************************************************************************


	Command being timed: "./lgo enron 20 2 18 0.1 1.0 12"
	User time (seconds): 92.17
	System time (seconds): 1.14
	Percent of CPU this job got: 99%
	Elapsed (wall clock) time (h:mm:ss or m:ss): 1:33.64
	Average shared text size (kbytes): 0
	Average unshared data size (kbytes): 0
	Average stack size (kbytes): 0
	Average total size (kbytes): 0
	Maximum resident set size (kbytes): 1044364
	Average resident set size (kbytes): 0
	Major (requiring I/O) page faults: 0
	Minor (reclaiming a frame) page faults: 408689
	Voluntary context switches: 51507
	Involuntary context switches: 20136
	Swaps: 0
	File system inputs: 0
	File system outputs: 60376
	Socket messages sent: 0
	Socket messages received: 0
	Signals delivered: 0
	Page size (bytes): 4096
	Exit status: 0
