C++17!
Using LSH-Graph for enron ...
c=        1.5
k=        20
L=        1
K=        18
T=        12
lsh_UB=   0
LOADING DATA...
Load from new file: /users/PAS2671/kabir36/kabir/similarity-search/dataset/enron/
N=    94987
dim=  1369

LOADING TIME: 0.705266s.

LOADING BENMARK...
LOADING TIME: 0.000436s.

mkdir: missing operand
Try 'mkdir --help' for more information.

START HASHING...

SETTING HASH PARAMETER...
SETTING TIME: 0.000508s.

COMPUTING HASH...
COMPUTING TIME: 0.362388s.

[1m[31mWARNING:
[31mRanges of hash values is too LARGE. 
Please increase W at least 1times.
[0m[31mOld W=    0.3
New W=    110288
Increase  367626times.
[0mCONSTRUCTING GRAPH...

0%   10   20   30   40   50   60   70   80   90   100%
|----|----|----|----|----|----|----|----|----|----|
***************************************************
CONSTRUCTING TIME: 88.6619s.

SAVING GRAPH...
SAVING TIME: 0.106397s.

dist=94.943840, cnt=17.199785, unique=1, std=4.810061, Recall=0.568868
cc=644.076721, pruning=0.146977

Loading FastGraph...
*******************************************************************************************************
The result of LSH-G for enron is as follow: k=20, probQ = 0.9, L = 1, K = 18, T = 12
******************************************************************************************************
     algName       k      ef        Time      Recall        Cost        CPQ1        CPQ2     Pruning

       fastG      20     200     1.46433       0.936     1469.01     42.5234     1511.53    0.212388


******************************************************************************************************
                                                                                    1180-4:11:10
*****************************************************************************************************


	Command being timed: "./lgo enron 20 1 18 0.1 1.0 12"
	User time (seconds): 88.76
	System time (seconds): 0.97
	Percent of CPU this job got: 99%
	Elapsed (wall clock) time (h:mm:ss or m:ss): 1:30.23
	Average shared text size (kbytes): 0
	Average unshared data size (kbytes): 0
	Average stack size (kbytes): 0
	Average total size (kbytes): 0
	Maximum resident set size (kbytes): 1038696
	Average resident set size (kbytes): 0
	Major (requiring I/O) page faults: 0
	Minor (reclaiming a frame) page faults: 385377
	Voluntary context switches: 29286
	Involuntary context switches: 20432
	Swaps: 0
	File system inputs: 0
	File system outputs: 44624
	Socket messages sent: 0
	Socket messages received: 0
	Signals delivered: 0
	Page size (bytes): 4096
	Exit status: 0
