C++17!
Using LSH-Graph for enron ...
c=        1.5
k=        20
L=        2
K=        12
T=        12
lsh_UB=   0
LOADING DATA...
Load from new file: /users/PAS2671/kabir36/kabir/similarity-search/dataset/enron/
N=    94987
dim=  1369

LOADING TIME: 0.723792s.

LOADING BENMARK...
LOADING TIME: 0.000855s.

mkdir: missing operand
Try 'mkdir --help' for more information.

START HASHING...

SETTING HASH PARAMETER...
SETTING TIME: 0.000794s.

COMPUTING HASH...
COMPUTING TIME: 0.469535s.

[1m[31mWARNING:
[31mRanges of hash values is too LARGE. 
Please increase W at least 1times.
[0m[31mOld W=    0.3
New W=    24903.7
Increase  83012.3times.
[0mCONSTRUCTING GRAPH...

0%   10   20   30   40   50   60   70   80   90   100%
|----|----|----|----|----|----|----|----|----|----|
***************************************************
CONSTRUCTING TIME: 95.516s.

SAVING GRAPH...
SAVING TIME: 0.107401s.

dist=98.942940, cnt=17.197248, unique=1, std=4.815946, Recall=0.558309
cc=641.134277, pruning=0.136850

Loading FastGraph...
*******************************************************************************************************
The result of LSH-G for enron is as follow: k=20, probQ = 0.9, L = 2, K = 12, T = 12
******************************************************************************************************
     algName       k      ef        Time      Recall        Cost        CPQ1        CPQ2     Pruning

       fastG      20     200      1.6844       0.946     1534.68     40.5813     1575.26     0.18871


******************************************************************************************************
                                                                                    1180-4:19:3
*****************************************************************************************************


	Command being timed: "./lgo enron 20 2 12 0.1 1.0 12"
	User time (seconds): 95.69
	System time (seconds): 1.30
	Percent of CPU this job got: 99%
	Elapsed (wall clock) time (h:mm:ss or m:ss): 1:37.27
	Average shared text size (kbytes): 0
	Average unshared data size (kbytes): 0
	Average stack size (kbytes): 0
	Average total size (kbytes): 0
	Maximum resident set size (kbytes): 1044732
	Average resident set size (kbytes): 0
	Major (requiring I/O) page faults: 0
	Minor (reclaiming a frame) page faults: 525259
	Voluntary context switches: 60932
	Involuntary context switches: 21000
	Swaps: 0
	File system inputs: 0
	File system outputs: 51328
	Socket messages sent: 0
	Socket messages received: 0
	Signals delivered: 0
	Page size (bytes): 4096
	Exit status: 0
