C++17!
Using LSH-Graph for enron ...
c=        1.5
k=        20
L=        2
K=        18
T=        24
lsh_UB=   0
LOADING DATA...
Load from new file: /users/PAS2671/kabir36/kabir/similarity-search/dataset/enron/
N=    94987
dim=  1369

LOADING TIME: 0.717518s.

LOADING BENMARK...
LOADING TIME: 0.000502s.

mkdir: missing operand
Try 'mkdir --help' for more information.

START HASHING...

SETTING HASH PARAMETER...
SETTING TIME: 0.001014s.

COMPUTING HASH...
COMPUTING TIME: 0.685399s.

[1m[31mWARNING:
[31mRanges of hash values is too LARGE. 
Please increase W at least 1times.
[0m[31mOld W=    0.3
New W=    110288
Increase  367626times.
[0mCONSTRUCTING GRAPH...

0%   10   20   30   40   50   60   70   80   90   100%
|----|----|----|----|----|----|----|----|----|----|
***************************************************
CONSTRUCTING TIME: 145.667s.

SAVING GRAPH...
SAVING TIME: 0.13587s.

dist=101.453995, cnt=34.594620, unique=1, std=9.524332, Recall=0.580890
cc=966.086060, pruning=0.205064

Loading FastGraph...
*******************************************************************************************************
The result of LSH-G for enron is as follow: k=20, probQ = 0.9, L = 2, K = 18, T = 24
******************************************************************************************************
     algName       k      ef        Time      Recall        Cost        CPQ1        CPQ2     Pruning

       fastG      20     200     2.67208      0.9755     2125.68     75.3183        2201    0.289159


******************************************************************************************************
                                                                                    1180-4:25:36
*****************************************************************************************************


	Command being timed: "./lgo enron 20 2 18 0.1 1.0 24"
	User time (seconds): 145.78
	System time (seconds): 1.53
	Percent of CPU this job got: 99%
	Elapsed (wall clock) time (h:mm:ss or m:ss): 2:27.86
	Average shared text size (kbytes): 0
	Average unshared data size (kbytes): 0
	Average stack size (kbytes): 0
	Average total size (kbytes): 0
	Maximum resident set size (kbytes): 1049964
	Average resident set size (kbytes): 0
	Major (requiring I/O) page faults: 0
	Minor (reclaiming a frame) page faults: 703774
	Voluntary context switches: 69843
	Involuntary context switches: 29881
	Swaps: 0
	File system inputs: 0
	File system outputs: 86240
	Socket messages sent: 0
	Socket messages received: 0
	Signals delivered: 0
	Page size (bytes): 4096
	Exit status: 0
