C++17!
Using LSH-Graph for enron ...
c=        1.5
k=        20
L=        1
K=        6
T=        24
lsh_UB=   0
LOADING DATA...
Load from new file: /users/PAS2671/kabir36/kabir/similarity-search/dataset/enron/
N=    94987
dim=  1369

LOADING TIME: 0.716128s.

LOADING BENMARK...
LOADING TIME: 0.000526s.

mkdir: missing operand
Try 'mkdir --help' for more information.

START HASHING...

SETTING HASH PARAMETER...
SETTING TIME: 0.000201s.

COMPUTING HASH...
COMPUTING TIME: 0.141401s.

[1m[31mWARNING:
[31mRanges of hash values is too LARGE. 
Please increase W at least 1times.
[0m[31mOld W=    0.3
New W=    754.657
Increase  2515.52times.
[0mCONSTRUCTING GRAPH...

0%   10   20   30   40   50   60   70   80   90   100%
|----|----|----|----|----|----|----|----|----|----|
***************************************************
CONSTRUCTING TIME: 136.875s.

SAVING GRAPH...
SAVING TIME: 0.100298s.

dist=109.468582, cnt=34.603642, unique=1, std=9.538598, Recall=0.566865
cc=994.424072, pruning=0.147414

Loading FastGraph...
*******************************************************************************************************
The result of LSH-G for enron is as follow: k=20, probQ = 0.9, L = 1, K = 6, T = 24
******************************************************************************************************
     algName       k      ef        Time      Recall        Cost        CPQ1        CPQ2     Pruning

       fastG      20     200     2.11018      0.9755     2195.87     18.2285      2214.1    0.212986


******************************************************************************************************
                                                                                    1180-4:5:50
*****************************************************************************************************


	Command being timed: "./lgo enron 20 1 6 0.1 1.0 24"
	User time (seconds): 136.62
	System time (seconds): 1.23
	Percent of CPU this job got: 99%
	Elapsed (wall clock) time (h:mm:ss or m:ss): 2:18.29
	Average shared text size (kbytes): 0
	Average unshared data size (kbytes): 0
	Average stack size (kbytes): 0
	Average total size (kbytes): 0
	Maximum resident set size (kbytes): 1044516
	Average resident set size (kbytes): 0
	Major (requiring I/O) page faults: 0
	Minor (reclaiming a frame) page faults: 559459
	Voluntary context switches: 51694
	Involuntary context switches: 29666
	Swaps: 0
	File system inputs: 0
	File system outputs: 61352
	Socket messages sent: 0
	Socket messages received: 0
	Signals delivered: 0
	Page size (bytes): 4096
	Exit status: 0
