C++17!
Using LSH-Graph for enron ...
c=        1.5
k=        20
L=        1
K=        12
T=        12
lsh_UB=   0
LOADING DATA...
Load from new file: /users/PAS2671/kabir36/kabir/similarity-search/dataset/enron/
N=    94987
dim=  1369

LOADING TIME: 0.786842s.

LOADING BENMARK...
LOADING TIME: 0.001082s.

mkdir: missing operand
Try 'mkdir --help' for more information.

START HASHING...

SETTING HASH PARAMETER...
SETTING TIME: 0.00034s.

COMPUTING HASH...
COMPUTING TIME: 0.255402s.

[1m[31mWARNING:
[31mRanges of hash values is too LARGE. 
Please increase W at least 1times.
[0m[31mOld W=    0.3
New W=    24903.7
Increase  83012.3times.
[0mCONSTRUCTING GRAPH...

0%   10   20   30   40   50   60   70   80   90   100%
|----|----|----|----|----|----|----|----|----|----|
***************************************************
CONSTRUCTING TIME: 85.9117s.

SAVING GRAPH...
SAVING TIME: 0.084889s.

dist=95.283020, cnt=17.183077, unique=1, std=4.809711, Recall=0.576179
cc=634.241577, pruning=0.137863

Loading FastGraph...
*******************************************************************************************************
The result of LSH-G for enron is as follow: k=20, probQ = 0.9, L = 1, K = 12, T = 12
******************************************************************************************************
     algName       k      ef        Time      Recall        Cost        CPQ1        CPQ2     Pruning

       fastG      20     200     1.86431      0.9405     1481.55     28.1634     1509.71    0.196544


******************************************************************************************************
                                                                                    1180-4:7:18
*****************************************************************************************************


	Command being timed: "./lgo enron 20 1 12 0.1 1.0 12"
	User time (seconds): 85.73
	System time (seconds): 0.96
	Percent of CPU this job got: 98%
	Elapsed (wall clock) time (h:mm:ss or m:ss): 1:27.65
	Average shared text size (kbytes): 0
	Average unshared data size (kbytes): 0
	Average stack size (kbytes): 0
	Average total size (kbytes): 0
	Maximum resident set size (kbytes): 1038752
	Average resident set size (kbytes): 0
	Major (requiring I/O) page faults: 0
	Minor (reclaiming a frame) page faults: 383708
	Voluntary context switches: 33127
	Involuntary context switches: 19936
	Swaps: 0
	File system inputs: 0
	File system outputs: 40024
	Socket messages sent: 0
	Socket messages received: 0
	Signals delivered: 0
	Page size (bytes): 4096
	Exit status: 0
