C++17!
Using LSH-Graph for enron ...
c=        1.5
k=        20
L=        1
K=        12
T=        24
lsh_UB=   0
LOADING DATA...
Load from new file: /users/PAS2671/kabir36/kabir/similarity-search/dataset/enron/
N=    94987
dim=  1369

LOADING TIME: 0.718367s.

LOADING BENMARK...
LOADING TIME: 0.000451s.

mkdir: missing operand
Try 'mkdir --help' for more information.

START HASHING...

SETTING HASH PARAMETER...
SETTING TIME: 0.000344s.

COMPUTING HASH...
COMPUTING TIME: 0.245833s.

[1m[31mWARNING:
[31mRanges of hash values is too LARGE. 
Please increase W at least 1times.
[0m[31mOld W=    0.3
New W=    24903.7
Increase  83012.3times.
[0mCONSTRUCTING GRAPH...

0%   10   20   30   40   50   60   70   80   90   100%
|----|----|----|----|----|----|----|----|----|----|
***************************************************
CONSTRUCTING TIME: 139.785s.

SAVING GRAPH...
SAVING TIME: 0.101074s.

dist=103.577553, cnt=34.611408, unique=1, std=9.516914, Recall=0.563072
cc=971.763977, pruning=0.185479

Loading FastGraph...
*******************************************************************************************************
The result of LSH-G for enron is as follow: k=20, probQ = 0.9, L = 1, K = 12, T = 24
******************************************************************************************************
     algName       k      ef        Time      Recall        Cost        CPQ1        CPQ2     Pruning

       fastG      20     200     2.07351       0.975     2128.42     37.4024     2165.82    0.265554


******************************************************************************************************
                                                                                    1180-4:9:39
*****************************************************************************************************


	Command being timed: "./lgo enron 20 1 12 0.1 1.0 24"
	User time (seconds): 139.29
	System time (seconds): 1.32
	Percent of CPU this job got: 99%
	Elapsed (wall clock) time (h:mm:ss or m:ss): 2:21.30
	Average shared text size (kbytes): 0
	Average unshared data size (kbytes): 0
	Average stack size (kbytes): 0
	Average total size (kbytes): 0
	Maximum resident set size (kbytes): 1044428
	Average resident set size (kbytes): 0
	Major (requiring I/O) page faults: 0
	Minor (reclaiming a frame) page faults: 692376
	Voluntary context switches: 45396
	Involuntary context switches: 30225
	Swaps: 0
	File system inputs: 0
	File system outputs: 65992
	Socket messages sent: 0
	Socket messages received: 0
	Signals delivered: 0
	Page size (bytes): 4096
	Exit status: 0
