C++17!
Using LSH-Graph for enron ...
c=        1.5
k=        20
L=        2
K=        6
T=        12
lsh_UB=   0
LOADING DATA...
Load from new file: /users/PAS2671/kabir36/kabir/similarity-search/dataset/enron/
N=    94987
dim=  1369

LOADING TIME: 0.713394s.

LOADING BENMARK...
LOADING TIME: 0.000445s.

mkdir: missing operand
Try 'mkdir --help' for more information.

START HASHING...

SETTING HASH PARAMETER...
SETTING TIME: 0.000339s.

COMPUTING HASH...
COMPUTING TIME: 0.248359s.

[1m[31mWARNING:
[31mRanges of hash values is too LARGE. 
Please increase W at least 1times.
[0m[31mOld W=    0.3
New W=    754.657
Increase  2515.52times.
[0mCONSTRUCTING GRAPH...

0%   10   20   30   40   50   60   70   80   90   100%
|----|----|----|----|----|----|----|----|----|----|
***************************************************
CONSTRUCTING TIME: 88.0278s.

SAVING GRAPH...
SAVING TIME: 0.103962s.

dist=95.519379, cnt=17.201595, unique=1, std=4.814432, Recall=0.555386
cc=640.287598, pruning=0.114206

Loading FastGraph...
*******************************************************************************************************
The result of LSH-G for enron is as follow: k=20, probQ = 0.9, L = 2, K = 6, T = 12
******************************************************************************************************
     algName       k      ef        Time      Recall        Cost        CPQ1        CPQ2     Pruning

       fastG      20     200      1.7122       0.944     1550.54     20.0675     1570.61    0.157655


******************************************************************************************************
                                                                                    1180-4:14:57
*****************************************************************************************************


	Command being timed: "./lgo enron 20 2 6 0.1 1.0 12"
	User time (seconds): 87.99
	System time (seconds): 1.08
	Percent of CPU this job got: 99%
	Elapsed (wall clock) time (h:mm:ss or m:ss): 1:29.56
	Average shared text size (kbytes): 0
	Average unshared data size (kbytes): 0
	Average stack size (kbytes): 0
	Average total size (kbytes): 0
	Maximum resident set size (kbytes): 1044452
	Average resident set size (kbytes): 0
	Major (requiring I/O) page faults: 0
	Minor (reclaiming a frame) page faults: 385917
	Voluntary context switches: 64209
	Involuntary context switches: 19688
	Swaps: 0
	File system inputs: 0
	File system outputs: 42336
	Socket messages sent: 0
	Socket messages received: 0
	Signals delivered: 0
	Page size (bytes): 4096
	Exit status: 0
