C++17!
Using LSH-Graph for enron ...
c=        1.5
k=        20
L=        1
K=        18
T=        24
lsh_UB=   0
LOADING DATA...
Load from new file: /users/PAS2671/kabir36/kabir/similarity-search/dataset/enron/
N=    94987
dim=  1369

LOADING TIME: 0.705826s.

LOADING BENMARK...
LOADING TIME: 0.000578s.

mkdir: missing operand
Try 'mkdir --help' for more information.

START HASHING...

SETTING HASH PARAMETER...
SETTING TIME: 0.000503s.

COMPUTING HASH...
COMPUTING TIME: 0.351704s.

[1m[31mWARNING:
[31mRanges of hash values is too LARGE. 
Please increase W at least 1times.
[0m[31mOld W=    0.3
New W=    110288
Increase  367626times.
[0mCONSTRUCTING GRAPH...

0%   10   20   30   40   50   60   70   80   90   100%
|----|----|----|----|----|----|----|----|----|----|
***************************************************
CONSTRUCTING TIME: 136.227s.

SAVING GRAPH...
SAVING TIME: 0.112833s.

dist=107.759163, cnt=34.593185, unique=1, std=9.516286, Recall=0.593932
cc=970.207397, pruning=0.203936

Loading FastGraph...
*******************************************************************************************************
The result of LSH-G for enron is as follow: k=20, probQ = 0.9, L = 1, K = 18, T = 24
******************************************************************************************************
     algName       k      ef        Time      Recall        Cost        CPQ1        CPQ2     Pruning

       fastG      20     200     1.99876      0.9795     2081.72     56.7743     2138.49    0.294093


******************************************************************************************************
                                                                                    1180-4:13:27
*****************************************************************************************************


	Command being timed: "./lgo enron 20 1 18 0.1 1.0 24"
	User time (seconds): 136.06
	System time (seconds): 1.14
	Percent of CPU this job got: 99%
	Elapsed (wall clock) time (h:mm:ss or m:ss): 2:17.87
	Average shared text size (kbytes): 0
	Average unshared data size (kbytes): 0
	Average stack size (kbytes): 0
	Average total size (kbytes): 0
	Maximum resident set size (kbytes): 1044368
	Average resident set size (kbytes): 0
	Major (requiring I/O) page faults: 0
	Minor (reclaiming a frame) page faults: 542238
	Voluntary context switches: 38150
	Involuntary context switches: 29853
	Swaps: 0
	File system inputs: 0
	File system outputs: 70480
	Socket messages sent: 0
	Socket messages received: 0
	Signals delivered: 0
	Page size (bytes): 4096
	Exit status: 0
