C++17!
Using LSH-Graph for enron ...
c=        1.5
k=        20
L=        1
K=        6
T=        12
lsh_UB=   0
LOADING DATA...
Load from new file: /users/PAS2671/kabir36/kabir/similarity-search/dataset/enron/
N=    94987
dim=  1369

LOADING TIME: 11.4089s.

MAKING BENMARK...

0%   10   20   30   40   50   60   70   80   90   100%
|----|----|----|----|----|----|----|----|----|----|
***************************************************
MAKING TIME: 25.3237s.

SAVING BENMARK...
SAVING TIME: 0.00236s.

mkdir: missing operand
Try 'mkdir --help' for more information.

START HASHING...

SETTING HASH PARAMETER...
SETTING TIME: 0.000184s.

COMPUTING HASH...
COMPUTING TIME: 0.146635s.

[1m[31mWARNING:
[31mRanges of hash values is too LARGE. 
Please increase W at least 1times.
[0m[31mOld W=    0.3
New W=    754.657
Increase  2515.52times.
[0mCONSTRUCTING GRAPH...

0%   10   20   30   40   50   60   70   80   90   100%
|----|----|----|----|----|----|----|----|----|----|
***************************************************
CONSTRUCTING TIME: 87.6665s.

SAVING GRAPH...
SAVING TIME: 0.084095s.

dist=98.422127, cnt=17.183994, unique=1, std=4.809237, Recall=0.572830
cc=641.857544, pruning=0.114443

Loading FastGraph...
*******************************************************************************************************
The result of LSH-G for enron is as follow: k=20, probQ = 0.9, L = 1, K = 6, T = 12
******************************************************************************************************
     algName       k      ef        Time      Recall        Cost        CPQ1        CPQ2     Pruning

       fastG      20     200     1.44402      0.9445      1503.2     13.8753     1517.08    0.163438


******************************************************************************************************
                                                                                    1180-4:3:32
*****************************************************************************************************


	Command being timed: "./lgo enron 20 1 6 0.1 1.0 12"
	User time (seconds): 113.00
	System time (seconds): 1.42
	Percent of CPU this job got: 91%
	Elapsed (wall clock) time (h:mm:ss or m:ss): 2:05.02
	Average shared text size (kbytes): 0
	Average unshared data size (kbytes): 0
	Average stack size (kbytes): 0
	Average total size (kbytes): 0
	Maximum resident set size (kbytes): 1096224
	Average resident set size (kbytes): 0
	Major (requiring I/O) page faults: 0
	Minor (reclaiming a frame) page faults: 424113
	Voluntary context switches: 39911
	Involuntary context switches: 25802
	Swaps: 0
	File system inputs: 1018808
	File system outputs: 36168
	Socket messages sent: 0
	Socket messages received: 0
	Signals delivered: 0
	Page size (bytes): 4096
	Exit status: 0
