C++17!
Using LSH-Graph for enron ...
c=        1.5
k=        20
L=        2
K=        12
T=        24
lsh_UB=   0
LOADING DATA...
Load from new file: /users/PAS2671/kabir36/kabir/similarity-search/dataset/enron/
N=    94987
dim=  1369

LOADING TIME: 0.729606s.

LOADING BENMARK...
LOADING TIME: 0.000495s.

mkdir: missing operand
Try 'mkdir --help' for more information.

START HASHING...

SETTING HASH PARAMETER...
SETTING TIME: 0.000673s.

COMPUTING HASH...
COMPUTING TIME: 0.478886s.

[1m[31mWARNING:
[31mRanges of hash values is too LARGE. 
Please increase W at least 1times.
[0m[31mOld W=    0.3
New W=    24903.7
Increase  83012.3times.
[0mCONSTRUCTING GRAPH...

0%   10   20   30   40   50   60   70   80   90   100%
|----|----|----|----|----|----|----|----|----|----|
***************************************************
CONSTRUCTING TIME: 149.058s.

SAVING GRAPH...
SAVING TIME: 0.127651s.

dist=100.058716, cnt=34.596470, unique=1, std=9.524443, Recall=0.591719
cc=983.408508, pruning=0.183921

Loading FastGraph...
*******************************************************************************************************
The result of LSH-G for enron is as follow: k=20, probQ = 0.9, L = 2, K = 12, T = 24
******************************************************************************************************
     algName       k      ef        Time      Recall        Cost        CPQ1        CPQ2     Pruning

       fastG      20     200     2.06546      0.9725     2171.33     49.7397     2221.07    0.260564


******************************************************************************************************
                                                                                    1180-4:21:34
*****************************************************************************************************


	Command being timed: "./lgo enron 20 2 12 0.1 1.0 24"
	User time (seconds): 148.95
	System time (seconds): 1.51
	Percent of CPU this job got: 99%
	Elapsed (wall clock) time (h:mm:ss or m:ss): 2:30.91
	Average shared text size (kbytes): 0
	Average unshared data size (kbytes): 0
	Average stack size (kbytes): 0
	Average total size (kbytes): 0
	Maximum resident set size (kbytes): 1052288
	Average resident set size (kbytes): 0
	Major (requiring I/O) page faults: 0
	Minor (reclaiming a frame) page faults: 699598
	Voluntary context switches: 70807
	Involuntary context switches: 30525
	Swaps: 0
	File system inputs: 0
	File system outputs: 77264
	Socket messages sent: 0
	Socket messages received: 0
	Signals delivered: 0
	Page size (bytes): 4096
	Exit status: 0
