C++17!
Using LSH-Graph for ethz ...
c=        1.5
k=        100
L=        2
K=        18
T=        24
lsh_UB=   0
LOADING DATA...
Load from new file: /users/PAS2671/kabir36/kabir/similarity-search/dataset/ethz/
N=    36643
dim=  256

LOADING TIME: 0.056558s.

LOADING BENMARK...
LOADING TIME: 0.000487s.

mkdir: missing operand
Try 'mkdir --help' for more information.

START HASHING...

SETTING HASH PARAMETER...
SETTING TIME: 0.000187s.

COMPUTING HASH...
COMPUTING TIME: 0.045458s.

[1m[31mWARNING:
[31mRanges of hash values is too LARGE. 
Please increase W at least 1times.
[0m[31mOld W=    0.3
New W=    2.96843e+07
Increase  9.89475e+07times.
[0mCONSTRUCTING GRAPH...

0%   10   20   30   40   50   60   70   80   90   100%
|----|----|----|----|----|----|----|----|----|----|
***************************************************
CONSTRUCTING TIME: 11.236s.

SAVING GRAPH...
SAVING TIME: 0.057205s.

dist=1247.833130, cnt=34.218323, unique=1, std=9.880922, Recall=0.005969
cc=434.855072, pruning=0.245674

Loading FastGraph...
*******************************************************************************************************
The result of LSH-G for ethz is as follow: k=100, probQ = 0.9, L = 2, K = 18, T = 24
******************************************************************************************************
     algName       k      ef        Time      Recall        Cost        CPQ1        CPQ2     Pruning

       fastG     100     200     0.34952      0.9624       970.1     130.883     1100.98    0.281115

Command terminated by signal 11
	Command being timed: "./lgo ethz 100 2 18 0.1 1.0 24"
	User time (seconds): 11.29
	System time (seconds): 0.19
	Percent of CPU this job got: 98%
	Elapsed (wall clock) time (h:mm:ss or m:ss): 0:11.60
	Average shared text size (kbytes): 0
	Average unshared data size (kbytes): 0
	Average stack size (kbytes): 0
	Average total size (kbytes): 0
	Maximum resident set size (kbytes): 97868
	Average resident set size (kbytes): 0
	Major (requiring I/O) page faults: 0
	Minor (reclaiming a frame) page faults: 43683
	Voluntary context switches: 10305
	Involuntary context switches: 1657
	Swaps: 0
	File system inputs: 0
	File system outputs: 149952
	Socket messages sent: 0
	Socket messages received: 0
	Signals delivered: 0
	Page size (bytes): 4096
	Exit status: 0
