C++17!
Using LSH-Graph for ethz ...
c=        1.5
k=        100
L=        1
K=        6
T=        24
lsh_UB=   0
LOADING DATA...
Load from new file: /users/PAS2671/kabir36/kabir/similarity-search/dataset/ethz/
N=    36643
dim=  256

LOADING TIME: 0.062159s.

LOADING BENMARK...
LOADING TIME: 0.000487s.

mkdir: missing operand
Try 'mkdir --help' for more information.

START HASHING...

SETTING HASH PARAMETER...
SETTING TIME: 4.6e-05s.

COMPUTING HASH...
COMPUTING TIME: 0.009739s.

[1m[31mWARNING:
[31mRanges of hash values is too LARGE. 
Please increase W at least 1times.
[0m[31mOld W=    0.3
New W=    84971.6
Increase  283239times.
[0mCONSTRUCTING GRAPH...

0%   10   20   30   40   50   60   70   80   90   100%
|----|----|----|----|----|----|----|----|----|----|
***************************************************
CONSTRUCTING TIME: 10.9636s.

SAVING GRAPH...
SAVING TIME: 0.034635s.

dist=1206.596680, cnt=34.188469, unique=1, std=9.887134, Recall=0.003196
cc=448.399109, pruning=0.195700

Loading FastGraph...
*******************************************************************************************************
The result of LSH-G for ethz is as follow: k=100, probQ = 0.9, L = 1, K = 6, T = 24
******************************************************************************************************
     algName       k      ef        Time      Recall        Cost        CPQ1        CPQ2     Pruning

       fastG     100     200     0.29437      0.9602      962.84     36.6741     999.514    0.264312

Command terminated by signal 11
	Command being timed: "./lgo ethz 100 1 6 0.1 1.0 24"
	User time (seconds): 10.98
	System time (seconds): 0.18
	Percent of CPU this job got: 99%
	Elapsed (wall clock) time (h:mm:ss or m:ss): 0:11.26
	Average shared text size (kbytes): 0
	Average unshared data size (kbytes): 0
	Average stack size (kbytes): 0
	Average total size (kbytes): 0
	Maximum resident set size (kbytes): 95760
	Average resident set size (kbytes): 0
	Major (requiring I/O) page faults: 0
	Minor (reclaiming a frame) page faults: 41344
	Voluntary context switches: 8169
	Involuntary context switches: 1873
	Swaps: 0
	File system inputs: 0
	File system outputs: 136248
	Socket messages sent: 0
	Socket messages received: 0
	Signals delivered: 0
	Page size (bytes): 4096
	Exit status: 0
