C++17!
Using LSH-Graph for ethz ...
c=        1.5
k=        100
L=        1
K=        6
T=        12
lsh_UB=   0
LOADING DATA...
Load from new file: /users/PAS2671/kabir36/kabir/similarity-search/dataset/ethz/
N=    36643
dim=  256

LOADING TIME: 0.253262s.

MAKING BENMARK...

0%   10   20   30   40   50   60   70   80   90   100%
|----|----|----|----|----|----|----|----|----|----|
***************************************************
MAKING TIME: 2.72964s.

SAVING BENMARK...
SAVING TIME: 0.016525s.

mkdir: missing operand
Try 'mkdir --help' for more information.

START HASHING...

SETTING HASH PARAMETER...
SETTING TIME: 4.9e-05s.

COMPUTING HASH...
COMPUTING TIME: 0.010373s.

[1m[31mWARNING:
[31mRanges of hash values is too LARGE. 
Please increase W at least 1times.
[0m[31mOld W=    0.3
New W=    84971.6
Increase  283239times.
[0mCONSTRUCTING GRAPH...

0%   10   20   30   40   50   60   70   80   90   100%
|----|----|----|----|----|----|----|----|----|----|
***************************************************
CONSTRUCTING TIME: 8.57085s.

SAVING GRAPH...
SAVING TIME: 0.031938s.

dist=1078.303101, cnt=16.928089, unique=1, std=4.996050, Recall=0.002313
cc=343.935303, pruning=0.147178

Loading FastGraph...
*******************************************************************************************************
The result of LSH-G for ethz is as follow: k=100, probQ = 0.9, L = 1, K = 6, T = 12
******************************************************************************************************
     algName       k      ef        Time      Recall        Cost        CPQ1        CPQ2     Pruning

       fastG     100     200     0.28474      0.9493      814.26     29.7295      843.99    0.195761

Command terminated by signal 11
	Command being timed: "./lgo ethz 100 1 6 0.1 1.0 12"
	User time (seconds): 11.26
	System time (seconds): 0.22
	Percent of CPU this job got: 96%
	Elapsed (wall clock) time (h:mm:ss or m:ss): 0:11.94
	Average shared text size (kbytes): 0
	Average unshared data size (kbytes): 0
	Average stack size (kbytes): 0
	Average total size (kbytes): 0
	Maximum resident set size (kbytes): 112900
	Average resident set size (kbytes): 0
	Major (requiring I/O) page faults: 1
	Minor (reclaiming a frame) page faults: 48740
	Voluntary context switches: 7681
	Involuntary context switches: 4349
	Swaps: 0
	File system inputs: 74544
	File system outputs: 167472
	Socket messages sent: 0
	Socket messages received: 0
	Signals delivered: 0
	Page size (bytes): 4096
	Exit status: 0
