C++17!
Using LSH-Graph for ethz ...
c=        1.5
k=        100
L=        2
K=        6
T=        24
lsh_UB=   0
LOADING DATA...
Load from new file: /users/PAS2671/kabir36/kabir/similarity-search/dataset/ethz/
N=    36643
dim=  256

LOADING TIME: 0.058218s.

LOADING BENMARK...
LOADING TIME: 0.00049s.

mkdir: missing operand
Try 'mkdir --help' for more information.

START HASHING...

SETTING HASH PARAMETER...
SETTING TIME: 7.4e-05s.

COMPUTING HASH...
COMPUTING TIME: 0.015147s.

[1m[31mWARNING:
[31mRanges of hash values is too LARGE. 
Please increase W at least 1times.
[0m[31mOld W=    0.3
New W=    121206
Increase  404020times.
[0mCONSTRUCTING GRAPH...

0%   10   20   30   40   50   60   70   80   90   100%
|----|----|----|----|----|----|----|----|----|----|
***************************************************
CONSTRUCTING TIME: 10.8499s.

SAVING GRAPH...
SAVING TIME: 0.043099s.

dist=8978.374023, cnt=34.170372, unique=1, std=9.893725, Recall=0.003908
cc=439.008057, pruning=0.199148

Loading FastGraph...
*******************************************************************************************************
The result of LSH-G for ethz is as follow: k=100, probQ = 0.9, L = 2, K = 6, T = 24
******************************************************************************************************
     algName       k      ef        Time      Recall        Cost        CPQ1        CPQ2     Pruning

       fastG     100     200      0.3246       0.961     1001.55     43.7513      1045.3    0.260696

Command terminated by signal 11
	Command being timed: "./lgo ethz 100 2 6 0.1 1.0 24"
	User time (seconds): 10.86
	System time (seconds): 0.19
	Percent of CPU this job got: 98%
	Elapsed (wall clock) time (h:mm:ss or m:ss): 0:11.17
	Average shared text size (kbytes): 0
	Average unshared data size (kbytes): 0
	Average stack size (kbytes): 0
	Average total size (kbytes): 0
	Maximum resident set size (kbytes): 97472
	Average resident set size (kbytes): 0
	Major (requiring I/O) page faults: 0
	Minor (reclaiming a frame) page faults: 42203
	Voluntary context switches: 10141
	Involuntary context switches: 1566
	Swaps: 0
	File system inputs: 0
	File system outputs: 142240
	Socket messages sent: 0
	Socket messages received: 0
	Signals delivered: 0
	Page size (bytes): 4096
	Exit status: 0
