C++17!
Using LSH-Graph for ethz ...
c=        1.5
k=        100
L=        1
K=        12
T=        12
lsh_UB=   0
LOADING DATA...
Load from new file: /users/PAS2671/kabir36/kabir/similarity-search/dataset/ethz/
N=    36643
dim=  256

LOADING TIME: 0.057791s.

LOADING BENMARK...
LOADING TIME: 0.00054s.

mkdir: missing operand
Try 'mkdir --help' for more information.

START HASHING...

SETTING HASH PARAMETER...
SETTING TIME: 7.3e-05s.

COMPUTING HASH...
COMPUTING TIME: 0.016095s.

[1m[31mWARNING:
[31mRanges of hash values is too LARGE. 
Please increase W at least 1times.
[0m[31mOld W=    0.3
New W=    3.9998e+06
Increase  1.33327e+07times.
[0mCONSTRUCTING GRAPH...

0%   10   20   30   40   50   60   70   80   90   100%
|----|----|----|----|----|----|----|----|----|----|
***************************************************
CONSTRUCTING TIME: 8.14202s.

SAVING GRAPH...
SAVING TIME: 0.031206s.

dist=1152.848755, cnt=16.942308, unique=1, std=5.004679, Recall=0.003707
cc=369.044861, pruning=0.146842

Loading FastGraph...
*******************************************************************************************************
The result of LSH-G for ethz is as follow: k=100, probQ = 0.9, L = 1, K = 12, T = 12
******************************************************************************************************
     algName       k      ef        Time      Recall        Cost        CPQ1        CPQ2     Pruning

       fastG     100     200       0.274      0.9536      803.55     59.2196      862.77    0.202315

Command terminated by signal 11
	Command being timed: "./lgo ethz 100 1 12 0.1 1.0 12"
	User time (seconds): 8.18
	System time (seconds): 0.15
	Percent of CPU this job got: 98%
	Elapsed (wall clock) time (h:mm:ss or m:ss): 0:08.42
	Average shared text size (kbytes): 0
	Average unshared data size (kbytes): 0
	Average stack size (kbytes): 0
	Average total size (kbytes): 0
	Maximum resident set size (kbytes): 86340
	Average resident set size (kbytes): 0
	Major (requiring I/O) page faults: 0
	Minor (reclaiming a frame) page faults: 41632
	Voluntary context switches: 6013
	Involuntary context switches: 1235
	Swaps: 0
	File system inputs: 0
	File system outputs: 108656
	Socket messages sent: 0
	Socket messages received: 0
	Signals delivered: 0
	Page size (bytes): 4096
	Exit status: 0
