C++17!
Using LSH-Graph for ethz ...
c=        1.5
k=        100
L=        1
K=        18
T=        24
lsh_UB=   0
LOADING DATA...
Load from new file: /users/PAS2671/kabir36/kabir/similarity-search/dataset/ethz/
N=    36643
dim=  256

LOADING TIME: 0.058826s.

LOADING BENMARK...
LOADING TIME: 0.00054s.

mkdir: missing operand
Try 'mkdir --help' for more information.

START HASHING...

SETTING HASH PARAMETER...
SETTING TIME: 0.0001s.

COMPUTING HASH...
COMPUTING TIME: 0.020862s.

[1m[31mWARNING:
[31mRanges of hash values is too LARGE. 
Please increase W at least 1times.
[0m[31mOld W=    0.3
New W=    2.96843e+07
Increase  9.89475e+07times.
[0mCONSTRUCTING GRAPH...

0%   10   20   30   40   50   60   70   80   90   100%
|----|----|----|----|----|----|----|----|----|----|
***************************************************
CONSTRUCTING TIME: 10.9921s.

SAVING GRAPH...
SAVING TIME: 0.037603s.

dist=1253.362915, cnt=34.186695, unique=1, std=9.863341, Recall=0.008589
cc=430.880249, pruning=0.245097

Loading FastGraph...
*******************************************************************************************************
The result of LSH-G for ethz is as follow: k=100, probQ = 0.9, L = 1, K = 18, T = 24
******************************************************************************************************
     algName       k      ef        Time      Recall        Cost        CPQ1        CPQ2     Pruning

       fastG     100     200     0.31367      0.9624      923.85     112.605     1036.45    0.313373

Command terminated by signal 11
	Command being timed: "./lgo ethz 100 1 18 0.1 1.0 24"
	User time (seconds): 11.01
	System time (seconds): 0.18
	Percent of CPU this job got: 99%
	Elapsed (wall clock) time (h:mm:ss or m:ss): 0:11.31
	Average shared text size (kbytes): 0
	Average unshared data size (kbytes): 0
	Average stack size (kbytes): 0
	Average total size (kbytes): 0
	Maximum resident set size (kbytes): 95688
	Average resident set size (kbytes): 0
	Major (requiring I/O) page faults: 0
	Minor (reclaiming a frame) page faults: 42270
	Voluntary context switches: 8391
	Involuntary context switches: 1600
	Swaps: 0
	File system inputs: 0
	File system outputs: 139520
	Socket messages sent: 0
	Socket messages received: 0
	Signals delivered: 0
	Page size (bytes): 4096
	Exit status: 0
