C++17!
Using LSH-Graph for ethz ...
c=        1.5
k=        100
L=        1
K=        18
T=        12
lsh_UB=   0
LOADING DATA...
Load from new file: /users/PAS2671/kabir36/kabir/similarity-search/dataset/ethz/
N=    36643
dim=  256

LOADING TIME: 0.056109s.

LOADING BENMARK...
LOADING TIME: 0.000529s.

mkdir: missing operand
Try 'mkdir --help' for more information.

START HASHING...

SETTING HASH PARAMETER...
SETTING TIME: 0.000101s.

COMPUTING HASH...
COMPUTING TIME: 0.020061s.

[1m[31mWARNING:
[31mRanges of hash values is too LARGE. 
Please increase W at least 1times.
[0m[31mOld W=    0.3
New W=    2.96843e+07
Increase  9.89475e+07times.
[0mCONSTRUCTING GRAPH...

0%   10   20   30   40   50   60   70   80   90   100%
|----|----|----|----|----|----|----|----|----|----|
***************************************************
CONSTRUCTING TIME: 7.34678s.

SAVING GRAPH...
SAVING TIME: 0.031571s.

dist=1167.561768, cnt=16.912479, unique=1, std=4.992269, Recall=0.003155
cc=329.699463, pruning=0.180206

Loading FastGraph...
*******************************************************************************************************
The result of LSH-G for ethz is as follow: k=100, probQ = 0.9, L = 1, K = 18, T = 12
******************************************************************************************************
     algName       k      ef        Time      Recall        Cost        CPQ1        CPQ2     Pruning

       fastG     100     200     0.29019      0.9515      797.89     89.1913     887.081    0.211959

Command terminated by signal 11
	Command being timed: "./lgo ethz 100 1 18 0.1 1.0 12"
	User time (seconds): 7.38
	System time (seconds): 0.16
	Percent of CPU this job got: 98%
	Elapsed (wall clock) time (h:mm:ss or m:ss): 0:07.62
	Average shared text size (kbytes): 0
	Average unshared data size (kbytes): 0
	Average stack size (kbytes): 0
	Average total size (kbytes): 0
	Maximum resident set size (kbytes): 87724
	Average resident set size (kbytes): 0
	Major (requiring I/O) page faults: 0
	Minor (reclaiming a frame) page faults: 41762
	Voluntary context switches: 6036
	Involuntary context switches: 1154
	Swaps: 0
	File system inputs: 0
	File system outputs: 110280
	Socket messages sent: 0
	Socket messages received: 0
	Signals delivered: 0
	Page size (bytes): 4096
	Exit status: 0
