C++17!
Using LSH-Graph for ethz ...
c=        1.5
k=        100
L=        2
K=        12
T=        12
lsh_UB=   0
LOADING DATA...
Load from new file: /users/PAS2671/kabir36/kabir/similarity-search/dataset/ethz/
N=    36643
dim=  256

LOADING TIME: 0.056963s.

LOADING BENMARK...
LOADING TIME: 0.000524s.

mkdir: missing operand
Try 'mkdir --help' for more information.

START HASHING...

SETTING HASH PARAMETER...
SETTING TIME: 0.000137s.

COMPUTING HASH...
COMPUTING TIME: 0.029032s.

[1m[31mWARNING:
[31mRanges of hash values is too LARGE. 
Please increase W at least 1times.
[0m[31mOld W=    0.3
New W=    6.7029e+06
Increase  2.2343e+07times.
[0mCONSTRUCTING GRAPH...

0%   10   20   30   40   50   60   70   80   90   100%
|----|----|----|----|----|----|----|----|----|----|
***************************************************
CONSTRUCTING TIME: 7.39827s.

SAVING GRAPH...
SAVING TIME: 0.038673s.

dist=1145.835327, cnt=16.930191, unique=1, std=4.987724, Recall=0.001723
cc=337.633759, pruning=0.165932

Loading FastGraph...
*******************************************************************************************************
The result of LSH-G for ethz is as follow: k=100, probQ = 0.9, L = 2, K = 12, T = 12
******************************************************************************************************
     algName       k      ef        Time      Recall        Cost        CPQ1        CPQ2     Pruning

       fastG     100     200     0.28975      0.9526      847.22     73.5465     920.766    0.198461

*** Error in `./lgo': munmap_chunk(): invalid pointer: 0x0000000002471061 ***
======= Backtrace: =========
/lib64/libc.so.6(+0x7f474)[0x2b2563870474]
./lgo[0x40bb5e]
./lgo[0x408415]
/lib64/libc.so.6(__libc_start_main+0xf5)[0x2b2563813555]
./lgo[0x408e0c]
======= Memory map: ========
00400000-00449000 r-xp 00000000 00:41 1794793                            /users/PAS2671/kabir36/kabir/similarity-search/models/LSH-APG/cppCode/LSH-APG/lgo
00648000-0064a000 r--p 00048000 00:41 1794793                            /users/PAS2671/kabir36/kabir/similarity-search/models/LSH-APG/cppCode/LSH-APG/lgo
0064a000-0064b000 rw-p 0004a000 00:41 1794793                            /users/PAS2671/kabir36/kabir/similarity-search/models/LSH-APG/cppCode/LSH-APG/lgo
01d91000-06811000 rw-p 00000000 00:00 0                                  [heap]
2b25624a3000-2b25624c5000 r-xp 00000000 00:24 3428292698                 /usr/lib64/ld-2.17.so
2b25624c5000-2b25624cc000 rw-p 00000000 00:00 0 
2b2562512000-2b2562519000 rw-p 00000000 00:00 0 
2b25626c4000-2b25626c5000 r--p 00021000 00:24 3428292698                 /usr/lib64/ld-2.17.so
2b25626c5000-2b25626c6000 rw-p 00022000 00:24 3428292698                 /usr/lib64/ld-2.17.so
2b25626c6000-2b25626c7000 rw-p 00000000 00:00 0 
2b25626c7000-2b25626ff000 r-xp 00000000 00:2c 19202863                   /apps/xalt/2.10.29/lib64/libxalt_init.so
2b25626ff000-2b25628ff000 ---p 00038000 00:2c 19202863                   /apps/xalt/2.10.29/lib64/libxalt_init.so
2b25628ff000-2b2562900000 r--p 00038000 00:2c 19202863                   /apps/xalt/2.10.29/lib64/libxalt_init.so
2b2562900000-2b2562901000 rw-p 00039000 00:2c 19202863                   /apps/xalt/2.10.29/lib64/libxalt_init.so
2b2562901000-2b2562902000 rw-p 00000000 00:00 0 
2b2562902000-2b2562909000 r-xp 00000000 00:24 3428781212                 /usr/lib64/librt-2.17.so
2b2562909000-2b2562b08000 ---p 00007000 00:24 3428781212                 /usr/lib64/librt-2.17.so
2b2562b08000-2b2562b09000 r--p 00006000 00:24 3428781212                 /usr/lib64/librt-2.17.so
2b2562b09000-2b2562b0a000 rw-p 00007000 00:24 3428781212                 /usr/lib64/librt-2.17.so
2b2562b0a000-2b2562c7e000 r-xp 00000000 00:2c 7905980                    /apps/gnu/8.4.0/lib64/libstdc++.so.6.0.25
2b2562c7e000-2b2562e7d000 ---p 00174000 00:2c 7905980                    /apps/gnu/8.4.0/lib64/libstdc++.so.6.0.25
2b2562e7d000-2b2562e87000 r--p 00173000 00:2c 7905980                    /apps/gnu/8.4.0/lib64/libstdc++.so.6.0.25
2b2562e87000-2b2562e89000 rw-p 0017d000 00:2c 7905980                    /apps/gnu/8.4.0/lib64/libstdc++.so.6.0.25
2b2562e89000-2b2562e8d000 rw-p 00000000 00:00 0 
2b2562e8d000-2b2562f8e000 r-xp 00000000 00:24 3428781161                 /usr/lib64/libm-2.17.so
2b2562f8e000-2b256318d000 ---p 00101000 00:24 3428781161                 /usr/lib64/libm-2.17.so
2b256318d000-2b256318e000 r--p 00100000 00:24 3428781161                 /usr/lib64/libm-2.17.so
2b256318e000-2b256318f000 rw-p 00101000 00:24 3428781161                 /usr/lib64/libm-2.17.so
2b256318f000-2b25631bc000 r-xp 00000000 00:2c 5669150                    /apps/gnu/8.4.0/lib64/libgomp.so.1.0.0
2b25631bc000-2b25633bb000 ---p 0002d000 00:2c 5669150                    /apps/gnu/8.4.0/lib64/libgomp.so.1.0.0
2b25633bb000-2b25633bc000 r--p 0002c000 00:2c 5669150                    /apps/gnu/8.4.0/lib64/libgomp.so.1.0.0
2b25633bc000-2b25633bd000 rw-p 0002d000 00:2c 5669150                    /apps/gnu/8.4.0/lib64/libgomp.so.1.0.0
2b25633bd000-2b25633d4000 r-xp 00000000 00:2c 5669148                    /apps/gnu/8.4.0/lib64/libgcc_s.so.1
2b25633d4000-2b25635d3000 ---p 00017000 00:2c 5669148                    /apps/gnu/8.4.0/lib64/libgcc_s.so.1
2b25635d3000-2b25635d4000 r--p 00016000 00:2c 5669148                    /apps/gnu/8.4.0/lib64/libgcc_s.so.1
2b25635d4000-2b25635d5000 rw-p 00017000 00:2c 5669148                    /apps/gnu/8.4.0/lib64/libgcc_s.so.1
2b25635d5000-2b25635ec000 r-xp 00000000 00:24 3428781193                 /usr/lib64/libpthread-2.17.so
2b25635ec000-2b25637eb000 ---p 00017000 00:24 3428781193                 /usr/lib64/libpthread-2.17.so
2b25637eb000-2b25637ec000 r--p 00016000 00:24 3428781193                 /usr/lib64/libpthread-2.17.so
2b25637ec000-2b25637ed000 rw-p 00017000 00:24 3428781193                 /usr/lib64/libpthread-2.17.so
2b25637ed000-2b25637f1000 rw-p 00000000 00:00 0 
2b25637f1000-2b25639b5000 r-xp 00000000 00:24 3428781146                 /usr/lib64/libc-2.17.so
2b25639b5000-2b2563bb4000 ---p 001c4000 00:24 3428781146                 /usr/lib64/libc-2.17.so
2b2563bb4000-2b2563bb8000 r--p 001c3000 00:24 3428781146                 /usr/lib64/libc-2.17.so
2b2563bb8000-2b2563bba000 rw-p 001c7000 00:24 3428781146                 /usr/lib64/libc-2.17.so
2b2563bba000-2b2563bbf000 rw-p 00000000 00:00 0 
2b2563bbf000-2b2563bc1000 r-xp 00000000 00:24 3428781159                 /usr/lib64/libdl-2.17.so
2b2563bc1000-2b2563dc1000 ---p 00002000 00:24 3428781159                 /usr/lib64/libdl-2.17.so
2b2563dc1000-2b2563dc2000 r--p 00002000 00:24 3428781159                 /usr/lib64/libdl-2.17.so
2b2563dc2000-2b2563dc3000 rw-p 00003000 00:24 3428781159                 /usr/lib64/libdl-2.17.so
2b2563dc3000-2b2563dc7000 r-xp 00000000 00:2c 21954920                   /apps/xalt/2.10.29/lib64/libuuid.so.1.3.0
2b2563dc7000-2b2563fc6000 ---p 00004000 00:2c 21954920                   /apps/xalt/2.10.29/lib64/libuuid.so.1.3.0
2b2563fc6000-2b2563fc7000 r--p 00003000 00:2c 21954920                   /apps/xalt/2.10.29/lib64/libuuid.so.1.3.0
2b2563fc7000-2b2563fc8000 rw-p 00004000 00:2c 21954920                   /apps/xalt/2.10.29/lib64/libuuid.so.1.3.0
2b256da15000-2b256da16000 ---p 00000000 00:00 0 
2b256da16000-2b256dc16000 rw-p 00000000 00:00 0 
2b256dc16000-2b256dc17000 ---p 00000000 00:00 0 
2b256dc17000-2b256de17000 rw-p 00000000 00:00 0 
2b256de17000-2b256de18000 ---p 00000000 00:00 0 
2b256de18000-2b256e018000 rw-p 00000000 00:00 0 
2b256e018000-2b256e019000 ---p 00000000 00:00 0 
2b256e019000-2b256e219000 rw-p 00000000 00:00 0 
2b256e219000-2b256e21a000 ---p 00000000 00:00 0 
2b256e21a000-2b256e41a000 rw-p 00000000 00:00 0 
2b256e41a000-2b256e41b000 ---p 00000000 00:00 0 
2b256e41b000-2b256e61b000 rw-p 00000000 00:00 0 
2b256e61b000-2b256e61c000 ---p 00000000 00:00 0 
2b256e61c000-2b256e81c000 rw-p 00000000 00:00 0 
2b256e81c000-2b256e81d000 ---p 00000000 00:00 0 
2b256e81d000-2b256ea1d000 rw-p 00000000 00:00 0 
2b256ea1d000-2b256ea1e000 ---p 00000000 00:00 0 
2b256ea1e000-2b256ec1e000 rw-p 00000000 00:00 0 
2b256ec1e000-2b256ec1f000 ---p 00000000 00:00 0 
2b256ec1f000-2b256ee1f000 rw-p 00000000 00:00 0 
2b256ee1f000-2b256ee20000 ---p 00000000 00:00 0 
2b256ee20000-2b256f020000 rw-p 00000000 00:00 0 
2b256f020000-2b256f021000 ---p 00000000 00:00 0 
2b256f021000-2b256f221000 rw-p 00000000 00:00 0 
2b256f221000-2b256f222000 ---p 00000000 00:00 0 
2b256f222000-2b256f422000 rw-p 00000000 00:00 0 
2b256f422000-2b256f423000 ---p 00000000 00:00 0 
2b256f423000-2b256f623000 rw-p 00000000 00:00 0 
2b256f623000-2b256f624000 ---p 00000000 00:00 0 
2b256f624000-2b256f824000 rw-p 00000000 00:00 0 
2b256f824000-2b256f825000 ---p 00000000 00:00 0 
2b256f825000-2b256fa25000 rw-p 00000000 00:00 0 
2b256fa25000-2b256fa26000 ---p 00000000 00:00 0 
2b256fa26000-2b256fc26000 rw-p 00000000 00:00 0 
2b256fc26000-2b256fc27000 ---p 00000000 00:00 0 
2b256fc27000-2b256fe27000 rw-p 00000000 00:00 0 
2b256fe27000-2b256fe28000 ---p 00000000 00:00 0 
2b256fe28000-2b2570028000 rw-p 00000000 00:00 0 
2b2574000000-2b2574021000 rw-p 00000000 00:00 0 
2b2574021000-2b2578000000 ---p 00000000 00:00 0 
2b2578000000-2b2578021000 rw-p 00000000 00:00 0 
2b2578021000-2b257c000000 ---p 00000000 00:00 0 
2b257c000000-2b257c021000 rw-p 00000000 00:00 0 
2b257c021000-2b2580000000 ---p 00000000 00:00 0 
2b2580000000-2b2580021000 rw-p 00000000 00:00 0 
2b2580021000-2b2584000000 ---p 00000000 00:00 0 
2b2584000000-2b2584021000 rw-p 00000000 00:00 0 
2b2584021000-2b2588000000 ---p 00000000 00:00 0 
2b2588000000-2b2588021000 rw-p 00000000 00:00 0 
2b2588021000-2b258c000000 ---p 00000000 00:00 0 
2b258c000000-2b258c021000 rw-p 00000000 00:00 0 
2b258c021000-2b2590000000 ---p 00000000 00:00 0 
2b2590000000-2b2590021000 rw-p 00000000 00:00 0 
2b2590021000-2b2594000000 ---p 00000000 00:00 0 
2b2594000000-2b2594021000 rw-p 00000000 00:00 0 
2b2594021000-2b2598000000 ---p 00000000 00:00 0 
2b2598000000-2b2598021000 rw-p 00000000 00:00 0 
2b2598021000-2b259c000000 ---p 00000000 00:00 0 
2b259c000000-2b259c021000 rw-p 00000000 00:00 0 
2b259c021000-2b25a0000000 ---p 00000000 00:00 0 
2b25a0000000-2b25a0021000 rw-p 00000000 00:00 0 
2b25a0021000-2b25a4000000 ---p 00000000 00:00 0 
2b25a4000000-2b25a4021000 rw-p 00000000 00:00 0 
2b25a4021000-2b25a8000000 ---p 00000000 00:00 0 
2b25a8000000-2b25a8021000 rw-p 00000000 00:00 0 
2b25a8021000-2b25ac000000 ---p 00000000 00:00 0 
2b25ac000000-2b25ac021000 rw-p 00000000 00:00 0 
2b25ac021000-2b25b0000000 ---p 00000000 00:00 0 
2b25b0000000-2b25b0021000 rw-p 00000000 00:00 0 
2b25b0021000-2b25b4000000 ---p 00000000 00:00 0 
2b25b4000000-2b25b4021000 rw-p 00000000 00:00 0 
2b25b4021000-2b25b8000000 ---p 00000000 00:00 0 
2b25b8000000-2b25b8021000 rw-p 00000000 00:00 0 
2b25b8021000-2b25bc000000 ---p 00000000 00:00 0 
2b25bc000000-2b25bc021000 rw-p 00000000 00:00 0 
2b25bc021000-2b25c0000000 ---p 00000000 00:00 0 
2b25c0000000-2b25c0021000 rw-p 00000000 00:00 0 
2b25c0021000-2b25c4000000 ---p 00000000 00:00 0 
2b25c4000000-2b25c4021000 rw-p 00000000 00:00 0 
2b25c4021000-2b25c8000000 ---p 00000000 00:00 0 
2b25c8000000-2b25c8021000 rw-p 00000000 00:00 0 
2b25c8021000-2b25cc000000 ---p 00000000 00:00 0 
2b25cc000000-2b25cc021000 rw-p 00000000 00:00 0 
2b25cc021000-2b25d0000000 ---p 00000000 00:00 0 
2b25d0000000-2b25d0021000 rw-p 00000000 00:00 0 
2b25d0021000-2b25d4000000 ---p 00000000 00:00 0 
2b25d4000000-2b25d4021000 rw-p 00000000 00:00 0 
2b25d4021000-2b25d8000000 ---p 00000000 00:00 0 
2b25d8000000-2b25d8021000 rw-p 00000000 00:00 0 
2b25d8021000-2b25dc000000 ---p 00000000 00:00 0 
2b25dc000000-2b25dc021000 rw-p 00000000 00:00 0 
2b25dc021000-2b25e0000000 ---p 00000000 00:00 0 
2b25e0000000-2b25e0021000 rw-p 00000000 00:00 0 
2b25e0021000-2b25e4000000 ---p 00000000 00:00 0 
2b25e4000000-2b25e4021000 rw-p 00000000 00:00 0 
2b25e4021000-2b25e8000000 ---p 00000000 00:00 0 
2b25e8000000-2b25e8021000 rw-p 00000000 00:00 0 
2b25e8021000-2b25ec000000 ---p 00000000 00:00 0 
2b25ec000000-2b25ec021000 rw-p 00000000 00:00 0 
2b25ec021000-2b25f0000000 ---p 00000000 00:00 0 
2b25f0000000-2b25f0021000 rw-p 00000000 00:00 0 
2b25f0021000-2b25f4000000 ---p 00000000 00:00 0 
2b25f4000000-2b25f4021000 rw-p 00000000 00:00 0 
2b25f4021000-2b25f8000000 ---p 00000000 00:00 0 
2b25f8000000-2b25f8021000 rw-p 00000000 00:00 0 
2b25f8021000-2b25fc000000 ---p 00000000 00:00 0 
2b25fc000000-2b25fc021000 rw-p 00000000 00:00 0 
2b25fc021000-2b2600000000 ---p 00000000 00:00 0 
2b2600000000-2b2600021000 rw-p 00000000 00:00 0 
2b2600021000-2b2604000000 ---p 00000000 00:00 0 
2b2604000000-2b2604021000 rw-p 00000000 00:00 0 
2b2604021000-2b2608000000 ---p 00000000 00:00 0 
2b2608000000-2b2608021000 rw-p 00000000 00:00 0 
2b2608021000-2b260c000000 ---p 00000000 00:00 0 
2b260c000000-2b260c021000 rw-p 00000000 00:00 0 
2b260c021000-2b2610000000 ---p 00000000 00:00 0 
2b2610000000-2b2610021000 rw-p 00000000 00:00 0 
2b2610021000-2b2614000000 ---p 00000000 00:00 0 
2b2614000000-2b2614021000 rw-p 00000000 00:00 0 
2b2614021000-2b2618000000 ---p 00000000 00:00 0 
2b2618000000-2b2618021000 rw-p 00000000 00:00 0 
2b2618021000-2b261c000000 ---p 00000000 00:00 0 
2b261c000000-2b261c021000 rw-p 00000000 00:00 0 
2b261c021000-2b2620000000 ---p 00000000 00:00 0 
2b2620000000-2b2620021000 rw-p 00000000 00:00 0 
2b2620021000-2b2624000000 ---p 00000000 00:00 0 
2b2624000000-2b2624021000 rw-p 00000000 00:00 0 
2b2624021000-2b2628000000 ---p 00000000 00:00 0 
2b2628000000-2b2628021000 rw-p 00000000 00:00 0 
2b2628021000-2b262c000000 ---p 00000000 00:00 0 
2b262c000000-2b262c021000 rw-p 00000000 00:00 0 
2b262c021000-2b2630000000 ---p 00000000 00:00 0 
2b2630000000-2b2630021000 rw-p 00000000 00:00 0 
2b2630021000-2b2634000000 ---p 00000000 00:00 0 
2b2634000000-2b2634021000 rw-p 00000000 00:00 0 
2b2634021000-2b2638000000 ---p 00000000 00:00 0 
2b2638000000-2b2638021000 rw-p 00000000 00:00 0 
2b2638021000-2b263c000000 ---p 00000000 00:00 0 
2b263c000000-2b263c021000 rw-p 00000000 00:00 0 
2b263c021000-2b2640000000 ---p 00000000 00:00 0 
2b2640000000-2b2640021000 rw-p 00000000 00:00 0 
2b2640021000-2b2644000000 ---p 00000000 00:00 0 
2b2644000000-2b2644021000 rw-p 00000000 00:00 0 
2b2644021000-2b2648000000 ---p 00000000 00:00 0 
2b2648000000-2b2648021000 rw-p 00000000 00:00 0 
2b2648021000-2b264c000000 ---p 00000000 00:00 0 
2b264c000000-2b264c021000 rw-p 00000000 00:00 0 
2b264c021000-2b2650000000 ---p 00000000 00:00 0 
2b2650000000-2b2650021000 rw-p 00000000 00:00 0 
2b2650021000-2b2654000000 ---p 00000000 00:00 0 
2b2654000000-2b2654021000 rw-p 00000000 00:00 0 
2b2654021000-2b2658000000 ---p 00000000 00:00 0 
2b2658000000-2b2658021000 rw-p 00000000 00:00 0 
2b2658021000-2b265c000000 ---p 00000000 00:00 0 
2b265c000000-2b265c021000 rw-p 00000000 00:00 0 
2b265c021000-2b2660000000 ---p 00000000 00:00 0 
2b2660000000-2b2660021000 rw-p 00000000 00:00 0 
2b2660021000-2b2664000000 ---p 00000000 00:00 0 
2b2664000000-2b2664021000 rw-p 00000000 00:00 0 
2b2664021000-2b2668000000 ---p 00000000 00:00 0 
2b2668000000-2b2668021000 rw-p 00000000 00:00 0 
2b2668021000-2b266c000000 ---p 00000000 00:00 0 
2b266c000000-2b266c021000 rw-p 00000000 00:00 0 
2b266c021000-2b2670000000 ---p 00000000 00:00 0 
2b2670000000-2b2670021000 rw-p 00000000 00:00 0 
2b2670021000-2b2674000000 ---p 00000000 00:00 0 
2b2674000000-2b2674021000 rw-p 00000000 00:00 0 
2b2674021000-2b2678000000 ---p 00000000 00:00 0 
2b2678000000-2b2678021000 rw-p 00000000 00:00 0 
2b2678021000-2b267c000000 ---p 00000000 00:00 0 
2b267c000000-2b267c021000 rw-p 00000000 00:00 0 
2b267c021000-2b2680000000 ---p 00000000 00:00 0 
2b2680000000-2b2680021000 rw-p 00000000 00:00 0 
2b2680021000-2b2684000000 ---p 00000000 00:00 0 
2b2684000000-2b2684021000 rw-p 00000000 00:00 0 
2b2684021000-2b2688000000 ---p 00000000 00:00 0 
2b2688000000-2b2688021000 rw-p 00000000 00:00 0 
2b2688021000-2b268c000000 ---p 00000000 00:00 0 
2b268c000000-2b268c021000 rw-p 00000000 00:00 0 
2b268c021000-2b2690000000 ---p 00000000 00:00 0 
2b2690000000-2b2690021000 rw-p 00000000 00:00 0 
2b2690021000-2b2694000000 ---p 00000000 00:00 0 
2b2694000000-2b2694021000 rw-p 00000000 00:00 0 
2b2694021000-2b2698000000 ---p 00000000 00:00 0 
2b2698000000-2b2698021000 rw-p 00000000 00:00 0 
2b2698021000-2b269c000000 ---p 00000000 00:00 0 
2b269c000000-2b269c021000 rw-p 00000000 00:00 0 
2b269c021000-2b26a0000000 ---p 00000000 00:00 0 
2b26a0000000-2b26a0021000 rw-p 00000000 00:00 0 
2b26a0021000-2b26a4000000 ---p 00000000 00:00 0 
2b26a4000000-2b26a4021000 rw-p 00000000 00:00 0 
2b26a4021000-2b26a8000000 ---p 00000000 00:00 0 
2b26a8000000-2b26a8021000 rw-p 00000000 00:00 0 
2b26a8021000-2b26ac000000 ---p 00000000 00:00 0 
2b26ac000000-2b26ac021000 rw-p 00000000 00:00 0 
2b26ac021000-2b26b0000000 ---p 00000000 00:00 0 
2b26b0000000-2b26b0021000 rw-p 00000000 00:00 0 
2b26b0021000-2b26b4000000 ---p 00000000 00:00 0 
2b26b4000000-2b26b4021000 rw-p 00000000 00:00 0 
2b26b4021000-2b26b8000000 ---p 00000000 00:00 0 
2b26b8000000-2b26b8021000 rw-p 00000000 00:00 0 
2b26b8021000-2b26bc000000 ---p 00000000 00:00 0 
2b26bc000000-2b26bc021000 rw-p 00000000 00:00 0 
2b26bc021000-2b26c0000000 ---p 00000000 00:00 0 
2b26c0000000-2b26c0021000 rw-p 00000000 00:00 0 
2b26c0021000-2b26c4000000 ---p 00000000 00:00 0 
2b26c4000000-2b26c4021000 rw-p 00000000 00:00 0 
2b26c4021000-2b26c8000000 ---p 00000000 00:00 0 
2b26c8000000-2b26c8021000 rw-p 00000000 00:00 0 
2b26c8021000-2b26cc000000 ---p 00000000 00:00 0 
2b26cc000000-2b26cc021000 rw-p 00000000 00:00 0 
2b26cc021000-2b26d0000000 ---p 00000000 00:00 0 
2b26d0000000-2b26d0021000 rw-p 00000000 00:00 0 
2b26d0021000-2b26d4000000 ---p 00000000 00:00 0 
2b26d4000000-2b26d4021000 rw-p 00000000 00:00 0 
2b26d4021000-2b26d8000000 ---p 00000000 00:00 0 
2b26d8000000-2b26d8021000 rw-p 00000000 00:00 0 
2b26d8021000-2b26dc000000 ---p 00000000 00:00 0 
2b26dc000000-2b26dc021000 rw-p 00000000 00:00 0 
2b26dc021000-2b26e0000000 ---p 00000000 00:00 0 
2b26e0000000-2b26e0021000 rw-p 00000000 00:00 0 
2b26e0021000-2b26e4000000 ---p 00000000 00:00 0 
2b26e4000000-2b26e4021000 rw-p 00000000 00:00 0 
2b26e4021000-2b26e8000000 ---p 00000000 00:00 0 
2b26e8000000-2b26e8021000 rw-p 00000000 00:00 0 
2b26e8021000-2b26ec000000 ---p 00000000 00:00 0 
2b26ec000000-2b26ec021000 rw-p 00000000 00:00 0 
2b26ec021000-2b26f0000000 ---p 00000000 00:00 0 
2b26f0000000-2b26f0021000 rw-p 00000000 00:00 0 
2b26f0021000-2b26f4000000 ---p 00000000 00:00 0 
7ffd98c9b000-7ffd98cbf000 rw-p 00000000 00:00 0                          [stack]
7ffd98d00000-7ffd98d02000 r-xp 00000000 00:00 0                          [vdso]
ffffffffff600000-ffffffffff601000 r-xp 00000000 00:00 0                  [vsyscall]

******************************************************************************************************
                                                                                    1197-14:54:0
*****************************************************************************************************


Command terminated by signal 6
	Command being timed: "./lgo ethz 100 2 12 0.1 1.0 12"
	User time (seconds): 7.45
	System time (seconds): 0.22
	Percent of CPU this job got: 95%
	Elapsed (wall clock) time (h:mm:ss or m:ss): 0:08.00
	Average shared text size (kbytes): 0
	Average unshared data size (kbytes): 0
	Average stack size (kbytes): 0
	Average total size (kbytes): 0
	Maximum resident set size (kbytes): 90440
	Average resident set size (kbytes): 0
	Major (requiring I/O) page faults: 0
	Minor (reclaiming a frame) page faults: 42717
	Voluntary context switches: 10991
	Involuntary context switches: 1271
	Swaps: 0
	File system inputs: 0
	File system outputs: 193552
	Socket messages sent: 0
	Socket messages received: 0
	Signals delivered: 0
	Page size (bytes): 4096
	Exit status: 0
