C++17!
Using LSH-Graph for ethz ...
c=        1.5
k=        100
L=        2
K=        12
T=        24
lsh_UB=   0
LOADING DATA...
Load from new file: /users/PAS2671/kabir36/kabir/similarity-search/dataset/ethz/
N=    36643
dim=  256

LOADING TIME: 0.05857s.

LOADING BENMARK...
LOADING TIME: 0.000457s.

mkdir: missing operand
Try 'mkdir --help' for more information.

START HASHING...

SETTING HASH PARAMETER...
SETTING TIME: 0.000136s.

COMPUTING HASH...
COMPUTING TIME: 0.028226s.

[1m[31mWARNING:
[31mRanges of hash values is too LARGE. 
Please increase W at least 1times.
[0m[31mOld W=    0.3
New W=    6.7029e+06
Increase  2.2343e+07times.
[0mCONSTRUCTING GRAPH...

0%   10   20   30   40   50   60   70   80   90   100%
|----|----|----|----|----|----|----|----|----|----|
***************************************************
CONSTRUCTING TIME: 11.1742s.

SAVING GRAPH...
SAVING TIME: 0.046376s.

dist=8705.661133, cnt=34.251644, unique=1, std=9.899941, Recall=0.005502
cc=444.074005, pruning=0.227018

Loading FastGraph...
*******************************************************************************************************
The result of LSH-G for ethz is as follow: k=100, probQ = 0.9, L = 2, K = 12, T = 24
******************************************************************************************************
     algName       k      ef        Time      Recall        Cost        CPQ1        CPQ2     Pruning

       fastG     100     200     0.32667       0.962       978.3     88.4931     1066.79     0.28895

Command terminated by signal 11
	Command being timed: "./lgo ethz 100 2 12 0.1 1.0 24"
	User time (seconds): 11.22
	System time (seconds): 0.18
	Percent of CPU this job got: 99%
	Elapsed (wall clock) time (h:mm:ss or m:ss): 0:11.52
	Average shared text size (kbytes): 0
	Average unshared data size (kbytes): 0
	Average stack size (kbytes): 0
	Average total size (kbytes): 0
	Maximum resident set size (kbytes): 97740
	Average resident set size (kbytes): 0
	Major (requiring I/O) page faults: 0
	Minor (reclaiming a frame) page faults: 42704
	Voluntary context switches: 9413
	Involuntary context switches: 1678
	Swaps: 0
	File system inputs: 0
	File system outputs: 146288
	Socket messages sent: 0
	Socket messages received: 0
	Signals delivered: 0
	Page size (bytes): 4096
	Exit status: 0
