C++17!
Using LSH-Graph for geofon ...
c=        1.5
k=        100
L=        2
K=        18
T=        24
lsh_UB=   0
LOADING DATA...
Load from new file: /users/PAS2671/kabir36/kabir/similarity-search/dataset/geofon/
N=    275174
dim=  128

LOADING TIME: 0.236686s.

LOADING BENMARK...
LOADING TIME: 0.000459s.

mkdir: missing operand
Try 'mkdir --help' for more information.

START HASHING...

SETTING HASH PARAMETER...
SETTING TIME: 0.000102s.

COMPUTING HASH...
COMPUTING TIME: 0.206839s.

[1m[31mWARNING:
[31mRanges of hash values is too LARGE. 
Please increase W at least 1times.
[0m[31mOld W=    0.3
New W=    1.83879e+09
Increase  6.12929e+09times.
[0mCONSTRUCTING GRAPH...

0%   10   20   30   40   50   60   70   80   90   100%
|----|----|----|----|----|----|----|----|----|----|
***************************************************
CONSTRUCTING TIME: 127.791s.

SAVING GRAPH...
SAVING TIME: 0.347523s.

dist=3549.311768, cnt=36.474201, unique=1, std=9.686987, Recall=0.000628
cc=609.613220, pruning=0.479171

Loading FastGraph...
*******************************************************************************************************
The result of LSH-G for geofon is as follow: k=100, probQ = 0.9, L = 2, K = 18, T = 24
******************************************************************************************************
     algName       k      ef        Time      Recall        Cost        CPQ1        CPQ2     Pruning

       fastG     100     200     0.54608      0.9942     1212.32     433.927     1646.25    0.571573

Command terminated by signal 11
	Command being timed: "./lgo geofon 100 2 18 0.1 1.0 24"
	User time (seconds): 127.67
	System time (seconds): 1.19
	Percent of CPU this job got: 99%
	Elapsed (wall clock) time (h:mm:ss or m:ss): 2:09.65
	Average shared text size (kbytes): 0
	Average unshared data size (kbytes): 0
	Average stack size (kbytes): 0
	Average total size (kbytes): 0
	Maximum resident set size (kbytes): 560172
	Average resident set size (kbytes): 0
	Major (requiring I/O) page faults: 0
	Minor (reclaiming a frame) page faults: 281493
	Voluntary context switches: 82006
	Involuntary context switches: 29253
	Swaps: 0
	File system inputs: 0
	File system outputs: 1088800
	Socket messages sent: 0
	Socket messages received: 0
	Signals delivered: 0
	Page size (bytes): 4096
	Exit status: 0
