C++17!
Using LSH-Graph for geofon ...
c=        1.5
k=        100
L=        2
K=        6
T=        12
lsh_UB=   0
LOADING DATA...
Load from new file: /users/PAS2671/kabir36/kabir/similarity-search/dataset/geofon/
N=    275174
dim=  128

LOADING TIME: 0.234859s.

LOADING BENMARK...
LOADING TIME: 0.000504s.

mkdir: missing operand
Try 'mkdir --help' for more information.

START HASHING...

SETTING HASH PARAMETER...
SETTING TIME: 4.3e-05s.

COMPUTING HASH...
COMPUTING TIME: 0.065809s.

[1m[31mWARNING:
[31mRanges of hash values is too LARGE. 
Please increase W at least 1times.
[0m[31mOld W=    0.3
New W=    9.17326e+06
Increase  3.05775e+07times.
[0mCONSTRUCTING GRAPH...

0%   10   20   30   40   50   60   70   80   90   100%
|----|----|----|----|----|----|----|----|----|----|
***************************************************
CONSTRUCTING TIME: 82.0705s.

SAVING GRAPH...
SAVING TIME: 0.268487s.

dist=2837.733643, cnt=18.116646, unique=1, std=4.910404, Recall=0.000255
cc=484.703796, pruning=0.215762

Loading FastGraph...
*******************************************************************************************************
The result of LSH-G for geofon is as follow: k=100, probQ = 0.9, L = 2, K = 6, T = 12
******************************************************************************************************
     algName       k      ef        Time      Recall        Cost        CPQ1        CPQ2     Pruning

       fastG     100     200     0.38537      0.9758     1059.69     83.9825     1143.67     0.30993

Command terminated by signal 11
	Command being timed: "./lgo geofon 100 2 6 0.1 1.0 12"
	User time (seconds): 82.00
	System time (seconds): 0.85
	Percent of CPU this job got: 99%
	Elapsed (wall clock) time (h:mm:ss or m:ss): 1:23.45
	Average shared text size (kbytes): 0
	Average unshared data size (kbytes): 0
	Average stack size (kbytes): 0
	Average total size (kbytes): 0
	Maximum resident set size (kbytes): 503040
	Average resident set size (kbytes): 0
	Major (requiring I/O) page faults: 0
	Minor (reclaiming a frame) page faults: 147106
	Voluntary context switches: 61474
	Involuntary context switches: 19340
	Swaps: 0
	File system inputs: 0
	File system outputs: 842872
	Socket messages sent: 0
	Socket messages received: 0
	Signals delivered: 0
	Page size (bytes): 4096
	Exit status: 0
