C++17!
Using LSH-Graph for geofon ...
c=        1.5
k=        100
L=        1
K=        18
T=        12
lsh_UB=   0
LOADING DATA...
Load from new file: /users/PAS2671/kabir36/kabir/similarity-search/dataset/geofon/
N=    275174
dim=  128

LOADING TIME: 0.235259s.

LOADING BENMARK...
LOADING TIME: 0.000507s.

mkdir: missing operand
Try 'mkdir --help' for more information.

START HASHING...

SETTING HASH PARAMETER...
SETTING TIME: 6e-05s.

COMPUTING HASH...
COMPUTING TIME: 0.097261s.

[1m[31mWARNING:
[31mRanges of hash values is too LARGE. 
Please increase W at least 1times.
[0m[31mOld W=    0.3
New W=    1.34061e+09
Increase  4.46869e+09times.
[0mCONSTRUCTING GRAPH...

0%   10   20   30   40   50   60   70   80   90   100%
|----|----|----|----|----|----|----|----|----|----|
***************************************************
CONSTRUCTING TIME: 83.1972s.

SAVING GRAPH...
SAVING TIME: 0.205675s.

dist=3464.459473, cnt=18.124983, unique=1, std=4.911896, Recall=0.000248
cc=453.125946, pruning=0.311444

Loading FastGraph...
*******************************************************************************************************
The result of LSH-G for geofon is as follow: k=100, probQ = 0.9, L = 1, K = 18, T = 12
******************************************************************************************************
     algName       k      ef        Time      Recall        Cost        CPQ1        CPQ2     Pruning

       fastG     100     200     0.36807      0.9854       949.1     241.615     1190.72     0.40314

Command terminated by signal 11
	Command being timed: "./lgo geofon 100 1 18 0.1 1.0 12"
	User time (seconds): 83.23
	System time (seconds): 0.69
	Percent of CPU this job got: 99%
	Elapsed (wall clock) time (h:mm:ss or m:ss): 1:24.50
	Average shared text size (kbytes): 0
	Average unshared data size (kbytes): 0
	Average stack size (kbytes): 0
	Average total size (kbytes): 0
	Maximum resident set size (kbytes): 485660
	Average resident set size (kbytes): 0
	Major (requiring I/O) page faults: 0
	Minor (reclaiming a frame) page faults: 142262
	Voluntary context switches: 36093
	Involuntary context switches: 19302
	Swaps: 0
	File system inputs: 0
	File system outputs: 814496
	Socket messages sent: 0
	Socket messages received: 0
	Signals delivered: 0
	Page size (bytes): 4096
	Exit status: 0
