C++17!
Using LSH-Graph for geofon ...
c=        1.5
k=        100
L=        2
K=        12
T=        24
lsh_UB=   0
LOADING DATA...
Load from new file: /users/PAS2671/kabir36/kabir/similarity-search/dataset/geofon/
N=    275174
dim=  128

LOADING TIME: 0.235313s.

LOADING BENMARK...
LOADING TIME: 0.000471s.

mkdir: missing operand
Try 'mkdir --help' for more information.

START HASHING...

SETTING HASH PARAMETER...
SETTING TIME: 7.4e-05s.

COMPUTING HASH...
COMPUTING TIME: 0.135753s.

[1m[31mWARNING:
[31mRanges of hash values is too LARGE. 
Please increase W at least 1times.
[0m[31mOld W=    0.3
New W=    4.1521e+08
Increase  1.38403e+09times.
[0mCONSTRUCTING GRAPH...

0%   10   20   30   40   50   60   70   80   90   100%
|----|----|----|----|----|----|----|----|----|----|
***************************************************
CONSTRUCTING TIME: 124.227s.

SAVING GRAPH...
SAVING TIME: 0.324352s.

dist=3375.121582, cnt=36.477905, unique=1, std=9.683233, Recall=0.000370
cc=647.892700, pruning=0.384506

Loading FastGraph...
*******************************************************************************************************
The result of LSH-G for geofon is as follow: k=100, probQ = 0.9, L = 2, K = 12, T = 24
******************************************************************************************************
     algName       k      ef        Time      Recall        Cost        CPQ1        CPQ2     Pruning

       fastG     100     200     0.48093      0.9905      1319.9     245.747     1565.65    0.441973

Command terminated by signal 11
	Command being timed: "./lgo geofon 100 2 12 0.1 1.0 24"
	User time (seconds): 124.04
	System time (seconds): 1.04
	Percent of CPU this job got: 99%
	Elapsed (wall clock) time (h:mm:ss or m:ss): 2:05.84
	Average shared text size (kbytes): 0
	Average unshared data size (kbytes): 0
	Average stack size (kbytes): 0
	Average total size (kbytes): 0
	Maximum resident set size (kbytes): 508196
	Average resident set size (kbytes): 0
	Major (requiring I/O) page faults: 0
	Minor (reclaiming a frame) page faults: 239229
	Voluntary context switches: 85060
	Involuntary context switches: 28607
	Swaps: 0
	File system inputs: 0
	File system outputs: 957952
	Socket messages sent: 0
	Socket messages received: 0
	Signals delivered: 0
	Page size (bytes): 4096
	Exit status: 0
