C++17!
Using LSH-Graph for geofon ...
c=        1.5
k=        100
L=        1
K=        12
T=        24
lsh_UB=   0
LOADING DATA...
Load from new file: /users/PAS2671/kabir36/kabir/similarity-search/dataset/geofon/
N=    275174
dim=  128

LOADING TIME: 0.234427s.

LOADING BENMARK...
LOADING TIME: 0.000521s.

mkdir: missing operand
Try 'mkdir --help' for more information.

START HASHING...

SETTING HASH PARAMETER...
SETTING TIME: 4.3e-05s.

COMPUTING HASH...
COMPUTING TIME: 0.06572s.

[1m[31mWARNING:
[31mRanges of hash values is too LARGE. 
Please increase W at least 1times.
[0m[31mOld W=    0.3
New W=    3.02718e+08
Increase  1.00906e+09times.
[0mCONSTRUCTING GRAPH...

0%   10   20   30   40   50   60   70   80   90   100%
|----|----|----|----|----|----|----|----|----|----|
***************************************************
CONSTRUCTING TIME: 123.182s.

SAVING GRAPH...
SAVING TIME: 0.256551s.

dist=3492.311768, cnt=36.475273, unique=1, std=9.686089, Recall=0.000530
cc=677.955627, pruning=0.356279

Loading FastGraph...
*******************************************************************************************************
The result of LSH-G for geofon is as follow: k=100, probQ = 0.9, L = 1, K = 12, T = 24
******************************************************************************************************
     algName       k      ef        Time      Recall        Cost        CPQ1        CPQ2     Pruning

       fastG     100     200     0.44923      0.9864     1228.19     249.884     1478.07    0.515971

Command terminated by signal 11
	Command being timed: "./lgo geofon 100 1 12 0.1 1.0 24"
	User time (seconds): 122.96
	System time (seconds): 0.89
	Percent of CPU this job got: 99%
	Elapsed (wall clock) time (h:mm:ss or m:ss): 2:04.55
	Average shared text size (kbytes): 0
	Average unshared data size (kbytes): 0
	Average stack size (kbytes): 0
	Average total size (kbytes): 0
	Maximum resident set size (kbytes): 491756
	Average resident set size (kbytes): 0
	Major (requiring I/O) page faults: 0
	Minor (reclaiming a frame) page faults: 216456
	Voluntary context switches: 52751
	Involuntary context switches: 28113
	Swaps: 0
	File system inputs: 0
	File system outputs: 892864
	Socket messages sent: 0
	Socket messages received: 0
	Signals delivered: 0
	Page size (bytes): 4096
	Exit status: 0
