C++17!
Using LSH-Graph for geofon ...
c=        1.5
k=        100
L=        1
K=        6
T=        12
lsh_UB=   0
LOADING DATA...
Load from new file: /users/PAS2671/kabir36/kabir/similarity-search/dataset/geofon/
N=    275174
dim=  128

LOADING TIME: 1.16949s.

MAKING BENMARK...

0%   10   20   30   40   50   60   70   80   90   100%
|----|----|----|----|----|----|----|----|----|----|
***************************************************
MAKING TIME: 15.7624s.

SAVING BENMARK...
SAVING TIME: 0.002921s.

mkdir: missing operand
Try 'mkdir --help' for more information.

START HASHING...

SETTING HASH PARAMETER...
SETTING TIME: 3.2e-05s.

COMPUTING HASH...
COMPUTING TIME: 0.039124s.

[1m[31mWARNING:
[31mRanges of hash values is too LARGE. 
Please increase W at least 1times.
[0m[31mOld W=    0.3
New W=    9.17326e+06
Increase  3.05775e+07times.
[0mCONSTRUCTING GRAPH...

0%   10   20   30   40   50   60   70   80   90   100%
|----|----|----|----|----|----|----|----|----|----|
***************************************************
CONSTRUCTING TIME: 84.8055s.

SAVING GRAPH...
SAVING TIME: 0.176072s.

dist=3703.989746, cnt=18.123581, unique=1, std=4.915896, Recall=0.000262
cc=490.256195, pruning=0.214098

Loading FastGraph...
*******************************************************************************************************
The result of LSH-G for geofon is as follow: k=100, probQ = 0.9, L = 1, K = 6, T = 12
******************************************************************************************************
     algName       k      ef        Time      Recall        Cost        CPQ1        CPQ2     Pruning

       fastG     100     200      0.3647      0.9757     1010.53      76.296     1086.83    0.326156

Command terminated by signal 11
	Command being timed: "./lgo geofon 100 1 6 0.1 1.0 12"
	User time (seconds): 100.54
	System time (seconds): 0.99
	Percent of CPU this job got: 98%
	Elapsed (wall clock) time (h:mm:ss or m:ss): 1:43.07
	Average shared text size (kbytes): 0
	Average unshared data size (kbytes): 0
	Average stack size (kbytes): 0
	Average total size (kbytes): 0
	Maximum resident set size (kbytes): 689272
	Average resident set size (kbytes): 0
	Major (requiring I/O) page faults: 0
	Minor (reclaiming a frame) page faults: 142244
	Voluntary context switches: 40155
	Involuntary context switches: 23642
	Swaps: 0
	File system inputs: 277432
	File system outputs: 1217904
	Socket messages sent: 0
	Socket messages received: 0
	Signals delivered: 0
	Page size (bytes): 4096
	Exit status: 0
