C++17!
Using LSH-Graph for geofon ...
c=        1.5
k=        100
L=        1
K=        6
T=        24
lsh_UB=   0
LOADING DATA...
Load from new file: /users/PAS2671/kabir36/kabir/similarity-search/dataset/geofon/
N=    275174
dim=  128

LOADING TIME: 0.241616s.

LOADING BENMARK...
LOADING TIME: 0.001434s.

mkdir: missing operand
Try 'mkdir --help' for more information.

START HASHING...

SETTING HASH PARAMETER...
SETTING TIME: 2.7e-05s.

COMPUTING HASH...
COMPUTING TIME: 0.037846s.

[1m[31mWARNING:
[31mRanges of hash values is too LARGE. 
Please increase W at least 1times.
[0m[31mOld W=    0.3
New W=    9.17326e+06
Increase  3.05775e+07times.
[0mCONSTRUCTING GRAPH...

0%   10   20   30   40   50   60   70   80   90   100%
|----|----|----|----|----|----|----|----|----|----|
***************************************************
CONSTRUCTING TIME: 128.166s.

SAVING GRAPH...
SAVING TIME: 0.250234s.

dist=3231.421631, cnt=36.478985, unique=1, std=9.683730, Recall=0.000127
cc=704.610046, pruning=0.299598

Loading FastGraph...
*******************************************************************************************************
The result of LSH-G for geofon is as follow: k=100, probQ = 0.9, L = 1, K = 6, T = 24
******************************************************************************************************
     algName       k      ef        Time      Recall        Cost        CPQ1        CPQ2     Pruning

       fastG     100     200     0.45693      0.9793     1269.21     118.862     1388.07    0.472861

Command terminated by signal 11
	Command being timed: "./lgo geofon 100 1 6 0.1 1.0 24"
	User time (seconds): 127.87
	System time (seconds): 0.91
	Percent of CPU this job got: 99%
	Elapsed (wall clock) time (h:mm:ss or m:ss): 2:09.50
	Average shared text size (kbytes): 0
	Average unshared data size (kbytes): 0
	Average stack size (kbytes): 0
	Average total size (kbytes): 0
	Maximum resident set size (kbytes): 491288
	Average resident set size (kbytes): 0
	Major (requiring I/O) page faults: 0
	Minor (reclaiming a frame) page faults: 218400
	Voluntary context switches: 53776
	Involuntary context switches: 29354
	Swaps: 0
	File system inputs: 632
	File system outputs: 878912
	Socket messages sent: 0
	Socket messages received: 0
	Signals delivered: 0
	Page size (bytes): 4096
	Exit status: 0
