C++17!
Using LSH-Graph for geofon ...
c=        1.5
k=        100
L=        2
K=        18
T=        12
lsh_UB=   0
LOADING DATA...
Load from new file: /users/PAS2671/kabir36/kabir/similarity-search/dataset/geofon/
N=    275174
dim=  128

LOADING TIME: 0.236202s.

LOADING BENMARK...
LOADING TIME: 0.000583s.

mkdir: missing operand
Try 'mkdir --help' for more information.

START HASHING...

SETTING HASH PARAMETER...
SETTING TIME: 0.00011s.

COMPUTING HASH...
COMPUTING TIME: 0.206991s.

[1m[31mWARNING:
[31mRanges of hash values is too LARGE. 
Please increase W at least 1times.
[0m[31mOld W=    0.3
New W=    1.83879e+09
Increase  6.12929e+09times.
[0mCONSTRUCTING GRAPH...

0%   10   20   30   40   50   60   70   80   90   100%
|----|----|----|----|----|----|----|----|----|----|
***************************************************
CONSTRUCTING TIME: 84.4912s.

SAVING GRAPH...
SAVING TIME: 0.276842s.

dist=3430.421875, cnt=18.123005, unique=1, std=4.911446, Recall=0.000257
cc=446.603241, pruning=0.324103

Loading FastGraph...
*******************************************************************************************************
The result of LSH-G for geofon is as follow: k=100, probQ = 0.9, L = 2, K = 18, T = 12
******************************************************************************************************
     algName       k      ef        Time      Recall        Cost        CPQ1        CPQ2     Pruning

       fastG     100     200     0.39107      0.9888     1013.78     259.095     1272.87    0.360976

Command terminated by signal 11
	Command being timed: "./lgo geofon 100 2 18 0.1 1.0 12"
	User time (seconds): 84.61
	System time (seconds): 0.88
	Percent of CPU this job got: 99%
	Elapsed (wall clock) time (h:mm:ss or m:ss): 1:26.09
	Average shared text size (kbytes): 0
	Average unshared data size (kbytes): 0
	Average stack size (kbytes): 0
	Average total size (kbytes): 0
	Maximum resident set size (kbytes): 502684
	Average resident set size (kbytes): 0
	Major (requiring I/O) page faults: 0
	Minor (reclaiming a frame) page faults: 153133
	Voluntary context switches: 68013
	Involuntary context switches: 19919
	Swaps: 0
	File system inputs: 0
	File system outputs: 894584
	Socket messages sent: 0
	Socket messages received: 0
	Signals delivered: 0
	Page size (bytes): 4096
	Exit status: 0
