C++17!
Using LSH-Graph for geofon ...
c=        1.5
k=        100
L=        1
K=        18
T=        24
lsh_UB=   0
LOADING DATA...
Load from new file: /users/PAS2671/kabir36/kabir/similarity-search/dataset/geofon/
N=    275174
dim=  128

LOADING TIME: 0.235712s.

LOADING BENMARK...
LOADING TIME: 0.00049s.

mkdir: missing operand
Try 'mkdir --help' for more information.

START HASHING...

SETTING HASH PARAMETER...
SETTING TIME: 5.7e-05s.

COMPUTING HASH...
COMPUTING TIME: 0.097678s.

[1m[31mWARNING:
[31mRanges of hash values is too LARGE. 
Please increase W at least 1times.
[0m[31mOld W=    0.3
New W=    1.34061e+09
Increase  4.46869e+09times.
[0mCONSTRUCTING GRAPH...

0%   10   20   30   40   50   60   70   80   90   100%
|----|----|----|----|----|----|----|----|----|----|
***************************************************
CONSTRUCTING TIME: 129.075s.

SAVING GRAPH...
SAVING TIME: 0.261424s.

dist=3207.822754, cnt=36.489765, unique=1, std=9.686263, Recall=0.000258
cc=641.762451, pruning=0.449950

Loading FastGraph...
*******************************************************************************************************
The result of LSH-G for geofon is as follow: k=100, probQ = 0.9, L = 1, K = 18, T = 24
******************************************************************************************************
     algName       k      ef        Time      Recall        Cost        CPQ1        CPQ2     Pruning

       fastG     100     200     0.47329      0.9912     1135.96     462.588     1598.55    0.640692

Command terminated by signal 11
	Command being timed: "./lgo geofon 100 1 18 0.1 1.0 24"
	User time (seconds): 128.86
	System time (seconds): 0.90
	Percent of CPU this job got: 99%
	Elapsed (wall clock) time (h:mm:ss or m:ss): 2:10.52
	Average shared text size (kbytes): 0
	Average unshared data size (kbytes): 0
	Average stack size (kbytes): 0
	Average total size (kbytes): 0
	Maximum resident set size (kbytes): 491548
	Average resident set size (kbytes): 0
	Major (requiring I/O) page faults: 0
	Minor (reclaiming a frame) page faults: 224833
	Voluntary context switches: 54597
	Involuntary context switches: 29422
	Swaps: 0
	File system inputs: 0
	File system outputs: 905536
	Socket messages sent: 0
	Socket messages received: 0
	Signals delivered: 0
	Page size (bytes): 4096
	Exit status: 0
