C++17!
Using LSH-Graph for glove ...
c=        1.5
k=        20
L=        1
K=        18
T=        12
lsh_UB=   0
LOADING DATA...
Load from new file: /users/PAS2671/kabir36/kabir/similarity-search/dataset/glove/
N=    1192514
dim=  100

LOADING TIME: 0.80496s.

LOADING BENMARK...
LOADING TIME: 0.00049s.

mkdir: missing operand
Try 'mkdir --help' for more information.

START HASHING...

SETTING HASH PARAMETER...
SETTING TIME: 4.8e-05s.

COMPUTING HASH...
COMPUTING TIME: 0.612088s.

[1m[31mWARNING:
[31mRanges of hash values is too LARGE. 
Please increase W at least 1times.
[0m[31mOld W=    0.3
New W=    14.0576
Increase  46.8587times.
[0mCONSTRUCTING GRAPH...

0%   10   20   30   40   50   60   70   80   90   100%
|----|----|----|----|----|----|----|----|----|----|
***************************************************
CONSTRUCTING TIME: 625.111s.

SAVING GRAPH...
SAVING TIME: 0.926933s.

dist=4.739405, cnt=14.351706, unique=1, std=4.071759, Recall=0.328651
cc=870.842957, pruning=0.150293

Loading FastGraph...
*******************************************************************************************************
The result of LSH-G for glove is as follow: k=20, probQ = 0.9, L = 1, K = 18, T = 12
******************************************************************************************************
     algName       k      ef        Time      Recall        Cost        CPQ1        CPQ2     Pruning

       fastG      20     200      0.7578       0.593     2109.92     492.121     2602.04     0.19897


******************************************************************************************************
                                                                                    1180-5:12:18
*****************************************************************************************************


	Command being timed: "./lgo glove 20 1 18 0.1 1.0 12"
	User time (seconds): 622.18
	System time (seconds): 4.31
	Percent of CPU this job got: 99%
	Elapsed (wall clock) time (h:mm:ss or m:ss): 10:28.45
	Average shared text size (kbytes): 0
	Average unshared data size (kbytes): 0
	Average stack size (kbytes): 0
	Average total size (kbytes): 0
	Maximum resident set size (kbytes): 1818548
	Average resident set size (kbytes): 0
	Major (requiring I/O) page faults: 0
	Minor (reclaiming a frame) page faults: 1839343
	Voluntary context switches: 433766
	Involuntary context switches: 123063
	Swaps: 0
	File system inputs: 0
	File system outputs: 503104
	Socket messages sent: 0
	Socket messages received: 0
	Signals delivered: 0
	Page size (bytes): 4096
	Exit status: 0
