C++17!
Using LSH-Graph for glove ...
c=        1.5
k=        20
L=        2
K=        18
T=        12
lsh_UB=   0
LOADING DATA...
Load from new file: /users/PAS2671/kabir36/kabir/similarity-search/dataset/glove/
N=    1192514
dim=  100

LOADING TIME: 0.799831s.

LOADING BENMARK...
LOADING TIME: 0.000527s.

mkdir: missing operand
Try 'mkdir --help' for more information.

START HASHING...

SETTING HASH PARAMETER...
SETTING TIME: 8.5e-05s.

COMPUTING HASH...
COMPUTING TIME: 1.33585s.

[1m[31mWARNING:
[31mRanges of hash values is too LARGE. 
Please increase W at least 1times.
[0m[31mOld W=    0.3
New W=    14.6945
Increase  48.9817times.
[0mCONSTRUCTING GRAPH...

0%   10   20   30   40   50   60   70   80   90   100%
|----|----|----|----|----|----|----|----|----|----|
***************************************************
CONSTRUCTING TIME: 593.817s.

SAVING GRAPH...
SAVING TIME: 1.24859s.

dist=4.747401, cnt=14.393788, unique=1, std=4.094437, Recall=0.326620
cc=880.828674, pruning=0.149451

Loading FastGraph...
*******************************************************************************************************
The result of LSH-G for glove is as follow: k=20, probQ = 0.9, L = 2, K = 18, T = 12
******************************************************************************************************
     algName       k      ef        Time      Recall        Cost        CPQ1        CPQ2     Pruning

       fastG      20     200     1.46678       0.627     2154.81     519.362     2674.17    0.197567


******************************************************************************************************
                                                                                    1180-6:40:25
*****************************************************************************************************


	Command being timed: "./lgo glove 20 2 18 0.1 1.0 12"
	User time (seconds): 591.57
	System time (seconds): 5.24
	Percent of CPU this job got: 99%
	Elapsed (wall clock) time (h:mm:ss or m:ss): 9:58.60
	Average shared text size (kbytes): 0
	Average unshared data size (kbytes): 0
	Average stack size (kbytes): 0
	Average total size (kbytes): 0
	Maximum resident set size (kbytes): 2013140
	Average resident set size (kbytes): 0
	Major (requiring I/O) page faults: 0
	Minor (reclaiming a frame) page faults: 2171392
	Voluntary context switches: 665778
	Involuntary context switches: 125296
	Swaps: 0
	File system inputs: 0
	File system outputs: 699568
	Socket messages sent: 0
	Socket messages received: 0
	Signals delivered: 0
	Page size (bytes): 4096
	Exit status: 0
