C++17!
Using LSH-Graph for glove ...
c=        1.5
k=        20
L=        2
K=        12
T=        12
lsh_UB=   0
LOADING DATA...
Load from new file: /users/PAS2671/kabir36/kabir/similarity-search/dataset/glove/
N=    1192514
dim=  100

LOADING TIME: 0.81084s.

LOADING BENMARK...
LOADING TIME: 0.000567s.

mkdir: missing operand
Try 'mkdir --help' for more information.

START HASHING...

SETTING HASH PARAMETER...
SETTING TIME: 5.8e-05s.

COMPUTING HASH...
COMPUTING TIME: 0.847956s.

[1m[31mWARNING:
[31mRanges of hash values is too LARGE. 
Please increase W at least 1times.
[0m[31mOld W=    0.3
New W=    3.31811
Increase  11.0604times.
[0mCONSTRUCTING GRAPH...

0%   10   20   30   40   50   60   70   80   90   100%
|----|----|----|----|----|----|----|----|----|----|
***************************************************
CONSTRUCTING TIME: 605.756s.

SAVING GRAPH...
SAVING TIME: 1.1679s.

dist=4.767738, cnt=14.369113, unique=1, std=4.081007, Recall=0.316133
cc=887.460266, pruning=0.135848

Loading FastGraph...
*******************************************************************************************************
The result of LSH-G for glove is as follow: k=20, probQ = 0.9, L = 2, K = 12, T = 12
******************************************************************************************************
     algName       k      ef        Time      Recall        Cost        CPQ1        CPQ2     Pruning

       fastG      20     200     1.48614      0.5665     2172.94     340.834     2513.77    0.177004


******************************************************************************************************
                                                                                    1180-6:11:27
*****************************************************************************************************


	Command being timed: "./lgo glove 20 2 12 0.1 1.0 12"
	User time (seconds): 602.71
	System time (seconds): 5.34
	Percent of CPU this job got: 99%
	Elapsed (wall clock) time (h:mm:ss or m:ss): 10:09.84
	Average shared text size (kbytes): 0
	Average unshared data size (kbytes): 0
	Average stack size (kbytes): 0
	Average total size (kbytes): 0
	Maximum resident set size (kbytes): 1915288
	Average resident set size (kbytes): 0
	Major (requiring I/O) page faults: 0
	Minor (reclaiming a frame) page faults: 2071422
	Voluntary context switches: 667470
	Involuntary context switches: 126000
	Swaps: 0
	File system inputs: 0
	File system outputs: 587288
	Socket messages sent: 0
	Socket messages received: 0
	Signals delivered: 0
	Page size (bytes): 4096
	Exit status: 0
