C++17!
Using LSH-Graph for glove ...
c=        1.5
k=        20
L=        2
K=        6
T=        24
lsh_UB=   0
LOADING DATA...
Load from new file: /users/PAS2671/kabir36/kabir/similarity-search/dataset/glove/
N=    1192514
dim=  100

LOADING TIME: 0.8041s.

LOADING BENMARK...
LOADING TIME: 0.00048s.

mkdir: missing operand
Try 'mkdir --help' for more information.

START HASHING...

SETTING HASH PARAMETER...
SETTING TIME: 3.5e-05s.

COMPUTING HASH...
COMPUTING TIME: 0.399292s.

[31mOld W=    0.3
New W=    0.3
Increase  1times.
[0mCONSTRUCTING GRAPH...

0%   10   20   30   40   50   60   70   80   90   100%
|----|----|----|----|----|----|----|----|----|----|
***************************************************
CONSTRUCTING TIME: 1124.57s.

SAVING GRAPH...
SAVING TIME: 1.26602s.

dist=4.801775, cnt=29.556376, unique=1, std=8.500784, Recall=0.374075
cc=1618.427979, pruning=0.136973

Loading FastGraph...
*******************************************************************************************************
The result of LSH-G for glove is as follow: k=20, probQ = 0.9, L = 2, K = 6, T = 24
******************************************************************************************************
     algName       k      ef        Time      Recall        Cost        CPQ1        CPQ2     Pruning

       fastG      20     200     1.07664      0.7435     3630.27      282.99     3913.26     0.19622


******************************************************************************************************
                                                                                    1180-6:1:18
*****************************************************************************************************


	Command being timed: "./lgo glove 20 2 6 0.1 1.0 24"
	User time (seconds): 1118.05
	System time (seconds): 6.93
	Percent of CPU this job got: 99%
	Elapsed (wall clock) time (h:mm:ss or m:ss): 18:48.05
	Average shared text size (kbytes): 0
	Average unshared data size (kbytes): 0
	Average stack size (kbytes): 0
	Average total size (kbytes): 0
	Maximum resident set size (kbytes): 2132308
	Average resident set size (kbytes): 0
	Major (requiring I/O) page faults: 0
	Minor (reclaiming a frame) page faults: 2110007
	Voluntary context switches: 874732
	Involuntary context switches: 232799
	Swaps: 0
	File system inputs: 0
	File system outputs: 758464
	Socket messages sent: 0
	Socket messages received: 0
	Signals delivered: 0
	Page size (bytes): 4096
	Exit status: 0
