C++17!
Using LSH-Graph for glove ...
c=        1.5
k=        20
L=        2
K=        12
T=        24
lsh_UB=   0
LOADING DATA...
Load from new file: /users/PAS2671/kabir36/kabir/similarity-search/dataset/glove/
N=    1192514
dim=  100

LOADING TIME: 0.81826s.

LOADING BENMARK...
LOADING TIME: 0.000523s.

mkdir: missing operand
Try 'mkdir --help' for more information.

START HASHING...

SETTING HASH PARAMETER...
SETTING TIME: 5.9e-05s.

COMPUTING HASH...
COMPUTING TIME: 0.860228s.

[1m[31mWARNING:
[31mRanges of hash values is too LARGE. 
Please increase W at least 1times.
[0m[31mOld W=    0.3
New W=    3.31811
Increase  11.0604times.
[0mCONSTRUCTING GRAPH...

0%   10   20   30   40   50   60   70   80   90   100%
|----|----|----|----|----|----|----|----|----|----|
***************************************************
CONSTRUCTING TIME: 1134.68s.

SAVING GRAPH...
SAVING TIME: 1.3992s.

dist=4.788567, cnt=29.637831, unique=1, std=8.539030, Recall=0.414560
cc=1545.333374, pruning=0.176914

Loading FastGraph...
*******************************************************************************************************
The result of LSH-G for glove is as follow: k=20, probQ = 0.9, L = 2, K = 12, T = 24
******************************************************************************************************
     algName       k      ef        Time      Recall        Cost        CPQ1        CPQ2     Pruning

       fastG      20     200     1.35609      0.7605      3553.9     581.867     4135.77    0.235538


******************************************************************************************************
                                                                                    1180-6:30:26
*****************************************************************************************************


	Command being timed: "./lgo glove 20 2 12 0.1 1.0 24"
	User time (seconds): 1127.74
	System time (seconds): 8.11
	Percent of CPU this job got: 99%
	Elapsed (wall clock) time (h:mm:ss or m:ss): 18:58.99
	Average shared text size (kbytes): 0
	Average unshared data size (kbytes): 0
	Average stack size (kbytes): 0
	Average total size (kbytes): 0
	Maximum resident set size (kbytes): 2132184
	Average resident set size (kbytes): 0
	Major (requiring I/O) page faults: 0
	Minor (reclaiming a frame) page faults: 3280981
	Voluntary context switches: 895498
	Involuntary context switches: 235111
	Swaps: 0
	File system inputs: 0
	File system outputs: 871808
	Socket messages sent: 0
	Socket messages received: 0
	Signals delivered: 0
	Page size (bytes): 4096
	Exit status: 0
