C++17!
Using LSH-Graph for glove ...
c=        1.5
k=        20
L=        2
K=        18
T=        24
lsh_UB=   0
LOADING DATA...
Load from new file: /users/PAS2671/kabir36/kabir/similarity-search/dataset/glove/
N=    1192514
dim=  100

LOADING TIME: 0.805642s.

LOADING BENMARK...
LOADING TIME: 0.000679s.

mkdir: missing operand
Try 'mkdir --help' for more information.

START HASHING...

SETTING HASH PARAMETER...
SETTING TIME: 8e-05s.

COMPUTING HASH...
COMPUTING TIME: 1.33749s.

[1m[31mWARNING:
[31mRanges of hash values is too LARGE. 
Please increase W at least 1times.
[0m[31mOld W=    0.3
New W=    14.6945
Increase  48.9817times.
[0mCONSTRUCTING GRAPH...

0%   10   20   30   40   50   60   70   80   90   100%
|----|----|----|----|----|----|----|----|----|----|
***************************************************
CONSTRUCTING TIME: 1173.66s.

SAVING GRAPH...
SAVING TIME: 1.5477s.

dist=4.794826, cnt=29.663000, unique=1, std=8.555189, Recall=0.409183
cc=1504.671631, pruning=0.199990

Loading FastGraph...
*******************************************************************************************************
The result of LSH-G for glove is as follow: k=20, probQ = 0.9, L = 2, K = 18, T = 24
******************************************************************************************************
     algName       k      ef        Time      Recall        Cost        CPQ1        CPQ2     Pruning

       fastG      20     200     1.54758       0.773     3389.24     879.856      4269.1    0.277053


******************************************************************************************************
                                                                                    1180-7:0:4
*****************************************************************************************************


	Command being timed: "./lgo glove 20 2 18 0.1 1.0 24"
	User time (seconds): 1167.43
	System time (seconds): 8.04
	Percent of CPU this job got: 99%
	Elapsed (wall clock) time (h:mm:ss or m:ss): 19:38.79
	Average shared text size (kbytes): 0
	Average unshared data size (kbytes): 0
	Average stack size (kbytes): 0
	Average total size (kbytes): 0
	Maximum resident set size (kbytes): 2132164
	Average resident set size (kbytes): 0
	Major (requiring I/O) page faults: 0
	Minor (reclaiming a frame) page faults: 3461180
	Voluntary context switches: 898911
	Involuntary context switches: 242177
	Swaps: 0
	File system inputs: 0
	File system outputs: 984080
	Socket messages sent: 0
	Socket messages received: 0
	Signals delivered: 0
	Page size (bytes): 4096
	Exit status: 0
