C++17!
Using LSH-Graph for glove ...
c=        1.5
k=        20
L=        1
K=        12
T=        24
lsh_UB=   0
LOADING DATA...
Load from new file: /users/PAS2671/kabir36/kabir/similarity-search/dataset/glove/
N=    1192514
dim=  100

LOADING TIME: 0.798178s.

LOADING BENMARK...
LOADING TIME: 0.000474s.

mkdir: missing operand
Try 'mkdir --help' for more information.

START HASHING...

SETTING HASH PARAMETER...
SETTING TIME: 3.8e-05s.

COMPUTING HASH...
COMPUTING TIME: 0.406569s.

[1m[31mWARNING:
[31mRanges of hash values is too LARGE. 
Please increase W at least 1times.
[0m[31mOld W=    0.3
New W=    3.1743
Increase  10.581times.
[0mCONSTRUCTING GRAPH...

0%   10   20   30   40   50   60   70   80   90   100%
|----|----|----|----|----|----|----|----|----|----|
***************************************************
CONSTRUCTING TIME: 1081.32s.

SAVING GRAPH...
SAVING TIME: 1.14791s.

dist=4.799657, cnt=29.578772, unique=1, std=8.519470, Recall=0.408134
cc=1536.815186, pruning=0.176180

Loading FastGraph...
*******************************************************************************************************
The result of LSH-G for glove is as follow: k=20, probQ = 0.9, L = 1, K = 12, T = 24
******************************************************************************************************
     algName       k      ef        Time      Recall        Cost        CPQ1        CPQ2     Pruning

       fastG      20     200     1.23304       0.757     3519.16     565.781     4084.94    0.237426


******************************************************************************************************
                                                                                    1180-5:1:50
*****************************************************************************************************


	Command being timed: "./lgo glove 20 1 12 0.1 1.0 24"
	User time (seconds): 1075.98
	System time (seconds): 5.50
	Percent of CPU this job got: 99%
	Elapsed (wall clock) time (h:mm:ss or m:ss): 18:04.55
	Average shared text size (kbytes): 0
	Average unshared data size (kbytes): 0
	Average stack size (kbytes): 0
	Average total size (kbytes): 0
	Maximum resident set size (kbytes): 2055808
	Average resident set size (kbytes): 0
	Major (requiring I/O) page faults: 0
	Minor (reclaiming a frame) page faults: 1929965
	Voluntary context switches: 572110
	Involuntary context switches: 218744
	Swaps: 0
	File system inputs: 0
	File system outputs: 730944
	Socket messages sent: 0
	Socket messages received: 0
	Signals delivered: 0
	Page size (bytes): 4096
	Exit status: 0
