C++17!
Using LSH-Graph for glove ...
c=        1.5
k=        20
L=        2
K=        6
T=        12
lsh_UB=   0
LOADING DATA...
Load from new file: /users/PAS2671/kabir36/kabir/similarity-search/dataset/glove/
N=    1192514
dim=  100

LOADING TIME: 0.807048s.

LOADING BENMARK...
LOADING TIME: 0.000449s.

mkdir: missing operand
Try 'mkdir --help' for more information.

START HASHING...

SETTING HASH PARAMETER...
SETTING TIME: 3.5e-05s.

COMPUTING HASH...
COMPUTING TIME: 0.414574s.

[31mOld W=    0.3
New W=    0.3
Increase  1times.
[0mCONSTRUCTING GRAPH...

0%   10   20   30   40   50   60   70   80   90   100%
|----|----|----|----|----|----|----|----|----|----|
***************************************************
CONSTRUCTING TIME: 628.043s.

SAVING GRAPH...
SAVING TIME: 1.02571s.

dist=4.736058, cnt=14.328589, unique=1, std=4.055080, Recall=0.325201
cc=938.793884, pruning=0.108871

Loading FastGraph...
*******************************************************************************************************
The result of LSH-G for glove is as follow: k=20, probQ = 0.9, L = 2, K = 6, T = 12
******************************************************************************************************
     algName       k      ef        Time      Recall        Cost        CPQ1        CPQ2     Pruning

       fastG      20     200     0.86245      0.5545     2247.01     170.696     2417.71    0.150449


******************************************************************************************************
                                                                                    1180-5:42:30
*****************************************************************************************************


	Command being timed: "./lgo glove 20 2 6 0.1 1.0 12"
	User time (seconds): 624.36
	System time (seconds): 5.17
	Percent of CPU this job got: 99%
	Elapsed (wall clock) time (h:mm:ss or m:ss): 10:31.28
	Average shared text size (kbytes): 0
	Average unshared data size (kbytes): 0
	Average stack size (kbytes): 0
	Average total size (kbytes): 0
	Maximum resident set size (kbytes): 1897192
	Average resident set size (kbytes): 0
	Major (requiring I/O) page faults: 0
	Minor (reclaiming a frame) page faults: 1850860
	Voluntary context switches: 681616
	Involuntary context switches: 132481
	Swaps: 0
	File system inputs: 0
	File system outputs: 474712
	Socket messages sent: 0
	Socket messages received: 0
	Signals delivered: 0
	Page size (bytes): 4096
	Exit status: 0
