C++17!
Using LSH-Graph for glove ...
c=        1.5
k=        20
L=        1
K=        6
T=        12
lsh_UB=   0
LOADING DATA...
Load from new file: /users/PAS2671/kabir36/kabir/similarity-search/dataset/glove/
N=    1192514
dim=  100

LOADING TIME: 9.12277s.

MAKING BENMARK...

0%   10   20   30   40   50   60   70   80   90   100%
|----|----|----|----|----|----|----|----|----|----|
***************************************************
MAKING TIME: 74.7508s.

SAVING BENMARK...
SAVING TIME: 0.002493s.

mkdir: missing operand
Try 'mkdir --help' for more information.

START HASHING...

SETTING HASH PARAMETER...
SETTING TIME: 2.6e-05s.

COMPUTING HASH...
COMPUTING TIME: 0.257056s.

[31mOld W=    0.3
New W=    0.3
Increase  1times.
[0mCONSTRUCTING GRAPH...

0%   10   20   30   40   50   60   70   80   90   100%
|----|----|----|----|----|----|----|----|----|----|
***************************************************
CONSTRUCTING TIME: 670.418s.

SAVING GRAPH...
SAVING TIME: 0.706191s.

dist=4.792390, cnt=14.297754, unique=1, std=4.037217, Recall=0.311835
cc=927.182373, pruning=0.107209

Loading FastGraph...
*******************************************************************************************************
The result of LSH-G for glove is as follow: k=20, probQ = 0.9, L = 1, K = 6, T = 12
******************************************************************************************************
     algName       k      ef        Time      Recall        Cost        CPQ1        CPQ2     Pruning

       fastG      20     200     0.79766        0.56     2223.92      162.86     2386.78    0.149335


******************************************************************************************************
                                                                                    1180-4:14:3
*****************************************************************************************************


	Command being timed: "./lgo glove 20 1 6 0.1 1.0 12"
	User time (seconds): 741.39
	System time (seconds): 5.21
	Percent of CPU this job got: 98%
	Elapsed (wall clock) time (h:mm:ss or m:ss): 12:35.98
	Average shared text size (kbytes): 0
	Average unshared data size (kbytes): 0
	Average stack size (kbytes): 0
	Average total size (kbytes): 0
	Maximum resident set size (kbytes): 2736268
	Average resident set size (kbytes): 0
	Major (requiring I/O) page faults: 0
	Minor (reclaiming a frame) page faults: 2307292
	Voluntary context switches: 456686
	Involuntary context switches: 152406
	Swaps: 0
	File system inputs: 941136
	File system outputs: 390888
	Socket messages sent: 0
	Socket messages received: 0
	Signals delivered: 0
	Page size (bytes): 4096
	Exit status: 0
