C++17!
Using LSH-Graph for imageNet ...
c=        1.5
k=        20
L=        2
K=        6
T=        24
lsh_UB=   0
LOADING DATA...
Load from new file: /users/PAS2671/kabir36/kabir/similarity-search/dataset/imageNet/
N=    2340373
dim=  150

LOADING TIME: 9.01633s.

LOADING BENMARK...
LOADING TIME: 0.003723s.

mkdir: missing operand
Try 'mkdir --help' for more information.

START HASHING...

SETTING HASH PARAMETER...
SETTING TIME: 5e-05s.

COMPUTING HASH...
COMPUTING TIME: 0.834529s.

[31mOld W=    0.3
New W=    0.3
Increase  1times.
[0mCONSTRUCTING GRAPH...

0%   10   20   30   40   50   60   70   80   90   100%
|----|----|----|----|----|----|----|----|----|----|
***************************************************
CONSTRUCTING TIME: 2564.02s.

SAVING GRAPH...
SAVING TIME: 2.19346s.

dist=0.202061, cnt=33.110458, unique=1, std=9.403617, Recall=0.438583
cc=1585.433594, pruning=0.177331

Loading FastGraph...
*******************************************************************************************************
The result of LSH-G for imageNet is as follow: k=20, probQ = 0.9, L = 2, K = 6, T = 24
******************************************************************************************************
     algName       k      ef        Time      Recall        Cost        CPQ1        CPQ2     Pruning

       fastG      20     200     3.25048      0.9215     3638.37     203.903     3842.27    0.241625


******************************************************************************************************
                                                                                    1180-8:18:9
*****************************************************************************************************


	Command being timed: "./lgo imageNet 20 2 6 0.1 1.0 24"
	User time (seconds): 2542.69
	System time (seconds): 23.93
	Percent of CPU this job got: 99%
	Elapsed (wall clock) time (h:mm:ss or m:ss): 42:58.49
	Average shared text size (kbytes): 0
	Average unshared data size (kbytes): 0
	Average stack size (kbytes): 0
	Average total size (kbytes): 0
	Maximum resident set size (kbytes): 4590448
	Average resident set size (kbytes): 0
	Major (requiring I/O) page faults: 4
	Minor (reclaiming a frame) page faults: 18223839
	Voluntary context switches: 1960891
	Involuntary context switches: 555607
	Swaps: 0
	File system inputs: 2764480
	File system outputs: 1618104
	Socket messages sent: 0
	Socket messages received: 0
	Signals delivered: 0
	Page size (bytes): 4096
	Exit status: 0
