C++17!
Using LSH-Graph for imageNet ...
c=        1.5
k=        20
L=        2
K=        12
T=        24
lsh_UB=   0
LOADING DATA...
Load from new file: /users/PAS2671/kabir36/kabir/similarity-search/dataset/imageNet/
N=    2340373
dim=  150

LOADING TIME: 15.6575s.

LOADING BENMARK...
LOADING TIME: 0.003764s.

mkdir: missing operand
Try 'mkdir --help' for more information.

START HASHING...

SETTING HASH PARAMETER...
SETTING TIME: 7.9e-05s.

COMPUTING HASH...
COMPUTING TIME: 1.55176s.

[31mOld W=    0.3
New W=    0.3
Increase  1times.
[0mCONSTRUCTING GRAPH...

0%   10   20   30   40   50   60   70   80   90   100%
|----|----|----|----|----|----|----|----|----|----|
***************************************************
CONSTRUCTING TIME: 2515.12s.

SAVING GRAPH...
SAVING TIME: 2.38299s.

dist=0.202118, cnt=33.119568, unique=1, std=9.402797, Recall=0.468745
cc=1481.757935, pruning=0.244656

Loading FastGraph...
*******************************************************************************************************
The result of LSH-G for imageNet is as follow: k=20, probQ = 0.9, L = 2, K = 12, T = 24
******************************************************************************************************
     algName       k      ef        Time      Recall        Cost        CPQ1        CPQ2     Pruning

       fastG      20     200     1.36469      0.9355     3370.52     434.029     3804.55    0.342383


******************************************************************************************************
                                                                                    1180-9:24:16
*****************************************************************************************************


	Command being timed: "./lgo imageNet 20 2 12 0.1 1.0 24"
	User time (seconds): 2496.06
	System time (seconds): 23.72
	Percent of CPU this job got: 99%
	Elapsed (wall clock) time (h:mm:ss or m:ss): 42:17.21
	Average shared text size (kbytes): 0
	Average unshared data size (kbytes): 0
	Average stack size (kbytes): 0
	Average total size (kbytes): 0
	Maximum resident set size (kbytes): 4590380
	Average resident set size (kbytes): 0
	Major (requiring I/O) page faults: 4
	Minor (reclaiming a frame) page faults: 17708501
	Voluntary context switches: 1866013
	Involuntary context switches: 551296
	Swaps: 0
	File system inputs: 2764480
	File system outputs: 1837872
	Socket messages sent: 0
	Socket messages received: 0
	Signals delivered: 0
	Page size (bytes): 4096
	Exit status: 0
