C++17!
Using LSH-Graph for imageNet ...
c=        1.5
k=        20
L=        1
K=        18
T=        12
lsh_UB=   0
LOADING DATA...
Load from new file: /users/PAS2671/kabir36/kabir/similarity-search/dataset/imageNet/
N=    2340373
dim=  150

LOADING TIME: 11.9832s.

LOADING BENMARK...
LOADING TIME: 0.003836s.

mkdir: missing operand
Try 'mkdir --help' for more information.

START HASHING...

SETTING HASH PARAMETER...
SETTING TIME: 6.3e-05s.

COMPUTING HASH...
COMPUTING TIME: 1.16985s.

[1m[31mWARNING:
[31mRanges of hash values is too LARGE. 
Please increase W at least 1times.
[0m[31mOld W=    0.3
New W=    0.921343
Increase  3.07114times.
[0mCONSTRUCTING GRAPH...

0%   10   20   30   40   50   60   70   80   90   100%
|----|----|----|----|----|----|----|----|----|----|
***************************************************
CONSTRUCTING TIME: 1465.91s.

SAVING GRAPH...
SAVING TIME: 1.57243s.

dist=0.200497, cnt=16.277897, unique=1, std=4.726480, Recall=0.416008
cc=876.223755, pruning=0.201658

Loading FastGraph...
*******************************************************************************************************
The result of LSH-G for imageNet is as follow: k=20, probQ = 0.9, L = 1, K = 18, T = 12
******************************************************************************************************
     algName       k      ef        Time      Recall        Cost        CPQ1        CPQ2     Pruning

       fastG      20     200     0.91142       0.842     2061.78     359.937     2421.72    0.276436


******************************************************************************************************
                                                                                    1180-6:27:48
*****************************************************************************************************


	Command being timed: "./lgo imageNet 20 1 18 0.1 1.0 12"
	User time (seconds): 1453.32
	System time (seconds): 17.19
	Percent of CPU this job got: 99%
	Elapsed (wall clock) time (h:mm:ss or m:ss): 24:42.43
	Average shared text size (kbytes): 0
	Average unshared data size (kbytes): 0
	Average stack size (kbytes): 0
	Average total size (kbytes): 0
	Maximum resident set size (kbytes): 4423844
	Average resident set size (kbytes): 0
	Major (requiring I/O) page faults: 2
	Minor (reclaiming a frame) page faults: 14867359
	Voluntary context switches: 1026465
	Involuntary context switches: 341129
	Swaps: 0
	File system inputs: 2762744
	File system outputs: 1057432
	Socket messages sent: 0
	Socket messages received: 0
	Signals delivered: 0
	Page size (bytes): 4096
	Exit status: 0
