C++17!
Using LSH-Graph for imageNet ...
c=        1.5
k=        20
L=        1
K=        12
T=        12
lsh_UB=   0
LOADING DATA...
Load from new file: /users/PAS2671/kabir36/kabir/similarity-search/dataset/imageNet/
N=    2340373
dim=  150

LOADING TIME: 14.2769s.

LOADING BENMARK...
LOADING TIME: 0.003632s.

mkdir: missing operand
Try 'mkdir --help' for more information.

START HASHING...

SETTING HASH PARAMETER...
SETTING TIME: 4.7e-05s.

COMPUTING HASH...
COMPUTING TIME: 0.761655s.

[31mOld W=    0.3
New W=    0.3
Increase  1times.
[0mCONSTRUCTING GRAPH...

0%   10   20   30   40   50   60   70   80   90   100%
|----|----|----|----|----|----|----|----|----|----|
***************************************************
CONSTRUCTING TIME: 1388.69s.

SAVING GRAPH...
SAVING TIME: 1.50679s.

dist=0.197499, cnt=16.282228, unique=1, std=4.727260, Recall=0.429921
cc=881.475891, pruning=0.181022

Loading FastGraph...
*******************************************************************************************************
The result of LSH-G for imageNet is as follow: k=20, probQ = 0.9, L = 1, K = 12, T = 12
******************************************************************************************************
     algName       k      ef        Time      Recall        Cost        CPQ1        CPQ2     Pruning

       fastG      20     200     1.19927        0.84     2102.68     236.816      2339.5    0.251769


******************************************************************************************************
                                                                                    1180-5:21:34
*****************************************************************************************************


	Command being timed: "./lgo imageNet 20 1 12 0.1 1.0 12"
	User time (seconds): 1377.66
	System time (seconds): 15.48
	Percent of CPU this job got: 99%
	Elapsed (wall clock) time (h:mm:ss or m:ss): 23:26.90
	Average shared text size (kbytes): 0
	Average unshared data size (kbytes): 0
	Average stack size (kbytes): 0
	Average total size (kbytes): 0
	Maximum resident set size (kbytes): 4423608
	Average resident set size (kbytes): 0
	Major (requiring I/O) page faults: 2
	Minor (reclaiming a frame) page faults: 12765872
	Voluntary context switches: 971901
	Involuntary context switches: 325699
	Swaps: 0
	File system inputs: 2762744
	File system outputs: 947872
	Socket messages sent: 0
	Socket messages received: 0
	Signals delivered: 0
	Page size (bytes): 4096
	Exit status: 0
