C++17!
Using LSH-Graph for imageNet ...
c=        1.5
k=        20
L=        2
K=        18
T=        12
lsh_UB=   0
LOADING DATA...
Load from new file: /users/PAS2671/kabir36/kabir/similarity-search/dataset/imageNet/
N=    2340373
dim=  150

LOADING TIME: 9.89023s.

LOADING BENMARK...
LOADING TIME: 0.003679s.

mkdir: missing operand
Try 'mkdir --help' for more information.

START HASHING...

SETTING HASH PARAMETER...
SETTING TIME: 0.000116s.

COMPUTING HASH...
COMPUTING TIME: 2.35916s.

[1m[31mWARNING:
[31mRanges of hash values is too LARGE. 
Please increase W at least 1times.
[0m[31mOld W=    0.3
New W=    0.921343
Increase  3.07114times.
[0mCONSTRUCTING GRAPH...

0%   10   20   30   40   50   60   70   80   90   100%
|----|----|----|----|----|----|----|----|----|----|
***************************************************
CONSTRUCTING TIME: 1512.76s.

SAVING GRAPH...
SAVING TIME: 2.00344s.

dist=0.198228, cnt=16.289402, unique=1, std=4.728843, Recall=0.412683
cc=879.654358, pruning=0.200277

Loading FastGraph...
*******************************************************************************************************
The result of LSH-G for imageNet is as follow: k=20, probQ = 0.9, L = 2, K = 18, T = 12
******************************************************************************************************
     algName       k      ef        Time      Recall        Cost        CPQ1        CPQ2     Pruning

       fastG      20     200     1.59429       0.829     2115.05      383.15      2498.2    0.268887


******************************************************************************************************
                                                                                    1180-9:49:46
*****************************************************************************************************


	Command being timed: "./lgo imageNet 20 2 18 0.1 1.0 12"
	User time (seconds): 1500.30
	System time (seconds): 19.37
	Percent of CPU this job got: 99%
	Elapsed (wall clock) time (h:mm:ss or m:ss): 25:29.87
	Average shared text size (kbytes): 0
	Average unshared data size (kbytes): 0
	Average stack size (kbytes): 0
	Average total size (kbytes): 0
	Maximum resident set size (kbytes): 4590880
	Average resident set size (kbytes): 0
	Major (requiring I/O) page faults: 3
	Minor (reclaiming a frame) page faults: 15293140
	Voluntary context switches: 1636261
	Involuntary context switches: 349195
	Swaps: 0
	File system inputs: 2763720
	File system outputs: 1441840
	Socket messages sent: 0
	Socket messages received: 0
	Signals delivered: 0
	Page size (bytes): 4096
	Exit status: 0
