C++17!
Using LSH-Graph for imageNet ...
c=        1.5
k=        20
L=        1
K=        6
T=        24
lsh_UB=   0
LOADING DATA...
Load from new file: /users/PAS2671/kabir36/kabir/similarity-search/dataset/imageNet/
N=    2340373
dim=  150

LOADING TIME: 14.1287s.

LOADING BENMARK...
LOADING TIME: 0.019703s.

mkdir: missing operand
Try 'mkdir --help' for more information.

START HASHING...

SETTING HASH PARAMETER...
SETTING TIME: 4.5e-05s.

COMPUTING HASH...
COMPUTING TIME: 0.684674s.

[31mOld W=    0.3
New W=    0.3
Increase  1times.
[0mCONSTRUCTING GRAPH...

0%   10   20   30   40   50   60   70   80   90   100%
|----|----|----|----|----|----|----|----|----|----|
***************************************************
CONSTRUCTING TIME: 3172.16s.

SAVING GRAPH...
SAVING TIME: 2.18488s.

dist=0.206587, cnt=33.114128, unique=1, std=9.401437, Recall=0.394105
cc=1586.367188, pruning=0.177821

Loading FastGraph...
*******************************************************************************************************
The result of LSH-G for imageNet is as follow: k=20, probQ = 0.9, L = 1, K = 6, T = 24
******************************************************************************************************
     algName       k      ef        Time      Recall        Cost        CPQ1        CPQ2     Pruning

       fastG      20     200     1.56946      0.9295     3590.34     196.867     3787.21    0.247573


******************************************************************************************************
                                                                                    1180-4:58:7
*****************************************************************************************************


	Command being timed: "./lgo imageNet 20 1 6 0.1 1.0 24"
	User time (seconds): 3144.21
	System time (seconds): 28.52
	Percent of CPU this job got: 99%
	Elapsed (wall clock) time (h:mm:ss or m:ss): 53:10.99
	Average shared text size (kbytes): 0
	Average unshared data size (kbytes): 0
	Average stack size (kbytes): 0
	Average total size (kbytes): 0
	Maximum resident set size (kbytes): 4430332
	Average resident set size (kbytes): 0
	Major (requiring I/O) page faults: 3
	Minor (reclaiming a frame) page faults: 19408381
	Voluntary context switches: 1445269
	Involuntary context switches: 686377
	Swaps: 0
	File system inputs: 2763712
	File system outputs: 1453696
	Socket messages sent: 0
	Socket messages received: 0
	Signals delivered: 0
	Page size (bytes): 4096
	Exit status: 0
