C++17!
Using LSH-Graph for imageNet ...
c=        1.5
k=        20
L=        1
K=        18
T=        24
lsh_UB=   0
LOADING DATA...
Load from new file: /users/PAS2671/kabir36/kabir/similarity-search/dataset/imageNet/
N=    2340373
dim=  150

LOADING TIME: 8.23633s.

LOADING BENMARK...
LOADING TIME: 0.003976s.

mkdir: missing operand
Try 'mkdir --help' for more information.

START HASHING...

SETTING HASH PARAMETER...
SETTING TIME: 6.3e-05s.

COMPUTING HASH...
COMPUTING TIME: 1.11946s.

[1m[31mWARNING:
[31mRanges of hash values is too LARGE. 
Please increase W at least 1times.
[0m[31mOld W=    0.3
New W=    0.921343
Increase  3.07114times.
[0mCONSTRUCTING GRAPH...

0%   10   20   30   40   50   60   70   80   90   100%
|----|----|----|----|----|----|----|----|----|----|
***************************************************
CONSTRUCTING TIME: 2555.13s.

SAVING GRAPH...
SAVING TIME: 1.88041s.

dist=0.207519, cnt=33.119225, unique=1, std=9.404804, Recall=0.429400
cc=1451.614380, pruning=0.283008

Loading FastGraph...
*******************************************************************************************************
The result of LSH-G for imageNet is as follow: k=20, probQ = 0.9, L = 1, K = 18, T = 24
******************************************************************************************************
     algName       k      ef        Time      Recall        Cost        CPQ1        CPQ2     Pruning

       fastG      20     200     1.76087       0.931     3204.45      650.53     3854.98     0.39207


******************************************************************************************************
                                                                                    1180-7:10:37
*****************************************************************************************************


	Command being timed: "./lgo imageNet 20 1 18 0.1 1.0 24"
	User time (seconds): 2536.88
	System time (seconds): 20.01
	Percent of CPU this job got: 99%
	Elapsed (wall clock) time (h:mm:ss or m:ss): 42:48.33
	Average shared text size (kbytes): 0
	Average unshared data size (kbytes): 0
	Average stack size (kbytes): 0
	Average total size (kbytes): 0
	Maximum resident set size (kbytes): 4430392
	Average resident set size (kbytes): 0
	Major (requiring I/O) page faults: 2
	Minor (reclaiming a frame) page faults: 16088023
	Voluntary context switches: 1203115
	Involuntary context switches: 566682
	Swaps: 0
	File system inputs: 2762960
	File system outputs: 1673288
	Socket messages sent: 0
	Socket messages received: 0
	Signals delivered: 0
	Page size (bytes): 4096
	Exit status: 0
