C++17!
Using LSH-Graph for imageNet ...
c=        1.5
k=        20
L=        1
K=        12
T=        24
lsh_UB=   0
LOADING DATA...
Load from new file: /users/PAS2671/kabir36/kabir/similarity-search/dataset/imageNet/
N=    2340373
dim=  150

LOADING TIME: 10.518s.

LOADING BENMARK...
LOADING TIME: 0.003575s.

mkdir: missing operand
Try 'mkdir --help' for more information.

START HASHING...

SETTING HASH PARAMETER...
SETTING TIME: 4.8e-05s.

COMPUTING HASH...
COMPUTING TIME: 0.901773s.

[31mOld W=    0.3
New W=    0.3
Increase  1times.
[0mCONSTRUCTING GRAPH...

0%   10   20   30   40   50   60   70   80   90   100%
|----|----|----|----|----|----|----|----|----|----|
***************************************************
CONSTRUCTING TIME: 2476.19s.

SAVING GRAPH...
SAVING TIME: 1.91606s.

dist=0.203020, cnt=33.117634, unique=1, std=9.405090, Recall=0.462637
cc=1478.649902, pruning=0.245829

Loading FastGraph...
*******************************************************************************************************
The result of LSH-G for imageNet is as follow: k=20, probQ = 0.9, L = 1, K = 12, T = 24
******************************************************************************************************
     algName       k      ef        Time      Recall        Cost        CPQ1        CPQ2     Pruning

       fastG      20     200     2.64289       0.936     3318.34      419.29     3737.63     0.34821


******************************************************************************************************
                                                                                    1180-6:3:6
*****************************************************************************************************


	Command being timed: "./lgo imageNet 20 1 12 0.1 1.0 24"
	User time (seconds): 2458.42
	System time (seconds): 19.82
	Percent of CPU this job got: 99%
	Elapsed (wall clock) time (h:mm:ss or m:ss): 41:31.55
	Average shared text size (kbytes): 0
	Average unshared data size (kbytes): 0
	Average stack size (kbytes): 0
	Average total size (kbytes): 0
	Maximum resident set size (kbytes): 4430244
	Average resident set size (kbytes): 0
	Major (requiring I/O) page faults: 2
	Minor (reclaiming a frame) page faults: 15737225
	Voluntary context switches: 1149197
	Involuntary context switches: 551249
	Swaps: 0
	File system inputs: 2762960
	File system outputs: 1563528
	Socket messages sent: 0
	Socket messages received: 0
	Signals delivered: 0
	Page size (bytes): 4096
	Exit status: 0
