C++17!
Using LSH-Graph for imageNet ...
c=        1.5
k=        20
L=        2
K=        12
T=        12
lsh_UB=   0
LOADING DATA...
Load from new file: /users/PAS2671/kabir36/kabir/similarity-search/dataset/imageNet/
N=    2340373
dim=  150

LOADING TIME: 8.93382s.

LOADING BENMARK...
LOADING TIME: 0.003625s.

mkdir: missing operand
Try 'mkdir --help' for more information.

START HASHING...

SETTING HASH PARAMETER...
SETTING TIME: 8.2e-05s.

COMPUTING HASH...
COMPUTING TIME: 1.58463s.

[31mOld W=    0.3
New W=    0.3
Increase  1times.
[0mCONSTRUCTING GRAPH...

0%   10   20   30   40   50   60   70   80   90   100%
|----|----|----|----|----|----|----|----|----|----|
***************************************************
CONSTRUCTING TIME: 1415.23s.

SAVING GRAPH...
SAVING TIME: 1.9678s.

dist=0.198538, cnt=16.288635, unique=1, std=4.729996, Recall=0.424290
cc=887.473877, pruning=0.179295

Loading FastGraph...
*******************************************************************************************************
The result of LSH-G for imageNet is as follow: k=20, probQ = 0.9, L = 2, K = 12, T = 12
******************************************************************************************************
     algName       k      ef        Time      Recall        Cost        CPQ1        CPQ2     Pruning

       fastG      20     200     1.38681      0.8255     2143.66     251.281     2394.94    0.245459


******************************************************************************************************
                                                                                    1180-8:41:59
*****************************************************************************************************


	Command being timed: "./lgo imageNet 20 2 12 0.1 1.0 12"
	User time (seconds): 1402.96
	System time (seconds): 18.00
	Percent of CPU this job got: 99%
	Elapsed (wall clock) time (h:mm:ss or m:ss): 23:50.07
	Average shared text size (kbytes): 0
	Average unshared data size (kbytes): 0
	Average stack size (kbytes): 0
	Average total size (kbytes): 0
	Maximum resident set size (kbytes): 4590532
	Average resident set size (kbytes): 0
	Major (requiring I/O) page faults: 2
	Minor (reclaiming a frame) page faults: 14337799
	Voluntary context switches: 1570482
	Involuntary context switches: 329865
	Swaps: 0
	File system inputs: 2762960
	File system outputs: 1222376
	Socket messages sent: 0
	Socket messages received: 0
	Signals delivered: 0
	Page size (bytes): 4096
	Exit status: 0
