C++17!
Using LSH-Graph for instancegm ...
c=        1.5
k=        100
L=        1
K=        6
T=        12
lsh_UB=   0
LOADING DATA...
Load from new file: /users/PAS2671/kabir36/kabir/similarity-search/dataset/instancegm/
N=    1000000
dim=  128

LOADING TIME: 5.06375s.

MAKING BENMARK...

0%   10   20   30   40   50   60   70   80   90   100%
|----|----|----|----|----|----|----|----|----|----|
***************************************************
MAKING TIME: 62.0497s.

SAVING BENMARK...
SAVING TIME: 0.002934s.

mkdir: missing operand
Try 'mkdir --help' for more information.

START HASHING...

SETTING HASH PARAMETER...
SETTING TIME: 3e-05s.

COMPUTING HASH...
COMPUTING TIME: 0.154594s.

[31mOld W=    0.3
New W=    0.3
Increase  1times.
[0mCONSTRUCTING GRAPH...

0%   10   20   30   40   50   60   70   80   90   100%
|----|----|----|----|----|----|----|----|----|----|
***************************************************
CONSTRUCTING TIME: 404.686s.

SAVING GRAPH...
SAVING TIME: 0.601729s.

dist=0.000002, cnt=18.183405, unique=1, std=4.799612, Recall=0.000000
cc=605.401672, pruning=0.125792

Loading FastGraph...
*******************************************************************************************************
The result of LSH-G for instancegm is as follow: k=100, probQ = 0.9, L = 1, K = 6, T = 12
******************************************************************************************************
     algName       k      ef        Time      Recall        Cost        CPQ1        CPQ2     Pruning

       fastG     100     200       0.488       0.767      964.74     79.9402     1044.68    0.388395

Command terminated by signal 11
	Command being timed: "./lgo instancegm 100 1 6 0.1 1.0 12"
	User time (seconds): 465.11
	System time (seconds): 4.60
	Percent of CPU this job got: 98%
	Elapsed (wall clock) time (h:mm:ss or m:ss): 7:57.04
	Average shared text size (kbytes): 0
	Average unshared data size (kbytes): 0
	Average stack size (kbytes): 0
	Average total size (kbytes): 0
	Maximum resident set size (kbytes): 2511272
	Average resident set size (kbytes): 0
	Major (requiring I/O) page faults: 0
	Minor (reclaiming a frame) page faults: 1729967
	Voluntary context switches: 201189
	Involuntary context switches: 110991
	Swaps: 0
	File system inputs: 1007920
	File system outputs: 4396032
	Socket messages sent: 0
	Socket messages received: 0
	Signals delivered: 0
	Page size (bytes): 4096
	Exit status: 0
