C++17!
Using LSH-Graph for instancegm ...
c=        1.5
k=        100
L=        1
K=        12
T=        12
lsh_UB=   0
LOADING DATA...
Load from new file: /users/PAS2671/kabir36/kabir/similarity-search/dataset/instancegm/
N=    1000000
dim=  128

LOADING TIME: 0.823086s.

LOADING BENMARK...
LOADING TIME: 0.000606s.

mkdir: missing operand
Try 'mkdir --help' for more information.

START HASHING...

SETTING HASH PARAMETER...
SETTING TIME: 4.2e-05s.

COMPUTING HASH...
COMPUTING TIME: 0.25792s.

[1m[31mWARNING:
[31mRanges of hash values is too LARGE. 
Please increase W at least 1times.
[0m[31mOld W=    0.3
New W=    3.96004
Increase  13.2001times.
[0mCONSTRUCTING GRAPH...

0%   10   20   30   40   50   60   70   80   90   100%
|----|----|----|----|----|----|----|----|----|----|
***************************************************
CONSTRUCTING TIME: 363.441s.

SAVING GRAPH...
SAVING TIME: 0.691459s.

dist=0.000002, cnt=18.084787, unique=1, std=4.813233, Recall=0.000000
cc=517.983582, pruning=0.222395

Loading FastGraph...
*******************************************************************************************************
The result of LSH-G for instancegm is as follow: k=100, probQ = 0.9, L = 1, K = 12, T = 12
******************************************************************************************************
     algName       k      ef        Time      Recall        Cost        CPQ1        CPQ2     Pruning

       fastG     100     200     0.41049      0.7883     1138.39     201.375     1339.77    0.436441

Command terminated by signal 11
	Command being timed: "./lgo instancegm 100 1 12 0.1 1.0 12"
	User time (seconds): 361.87
	System time (seconds): 3.81
	Percent of CPU this job got: 99%
	Elapsed (wall clock) time (h:mm:ss or m:ss): 6:08.07
	Average shared text size (kbytes): 0
	Average unshared data size (kbytes): 0
	Average stack size (kbytes): 0
	Average total size (kbytes): 0
	Maximum resident set size (kbytes): 1745144
	Average resident set size (kbytes): 0
	Major (requiring I/O) page faults: 0
	Minor (reclaiming a frame) page faults: 2157302
	Voluntary context switches: 176417
	Involuntary context switches: 85716
	Swaps: 0
	File system inputs: 0
	File system outputs: 2887832
	Socket messages sent: 0
	Socket messages received: 0
	Signals delivered: 0
	Page size (bytes): 4096
	Exit status: 0
