C++17!
Using LSH-Graph for instancegm ...
c=        1.5
k=        100
L=        1
K=        12
T=        24
lsh_UB=   0
LOADING DATA...
Load from new file: /users/PAS2671/kabir36/kabir/similarity-search/dataset/instancegm/
N=    1000000
dim=  128

LOADING TIME: 0.816249s.

LOADING BENMARK...
LOADING TIME: 0.000524s.

mkdir: missing operand
Try 'mkdir --help' for more information.

START HASHING...

SETTING HASH PARAMETER...
SETTING TIME: 4.8e-05s.

COMPUTING HASH...
COMPUTING TIME: 0.249534s.

[1m[31mWARNING:
[31mRanges of hash values is too LARGE. 
Please increase W at least 1times.
[0m[31mOld W=    0.3
New W=    3.96004
Increase  13.2001times.
[0mCONSTRUCTING GRAPH...

0%   10   20   30   40   50   60   70   80   90   100%
|----|----|----|----|----|----|----|----|----|----|
***************************************************
CONSTRUCTING TIME: 559.31s.

SAVING GRAPH...
SAVING TIME: 0.911835s.

dist=0.000002, cnt=36.333324, unique=1, std=9.511891, Recall=0.000000
cc=815.903748, pruning=0.233960

Loading FastGraph...
*******************************************************************************************************
The result of LSH-G for instancegm is as follow: k=100, probQ = 0.9, L = 1, K = 12, T = 24
******************************************************************************************************
     algName       k      ef        Time      Recall        Cost        CPQ1        CPQ2     Pruning

       fastG     100     200     0.68421        0.78     1271.93     741.425     2013.35    0.836524

Command terminated by signal 11
	Command being timed: "./lgo instancegm 100 1 12 0.1 1.0 24"
	User time (seconds): 556.57
	System time (seconds): 4.74
	Percent of CPU this job got: 99%
	Elapsed (wall clock) time (h:mm:ss or m:ss): 9:24.11
	Average shared text size (kbytes): 0
	Average unshared data size (kbytes): 0
	Average stack size (kbytes): 0
	Average total size (kbytes): 0
	Maximum resident set size (kbytes): 1753388
	Average resident set size (kbytes): 0
	Major (requiring I/O) page faults: 0
	Minor (reclaiming a frame) page faults: 2569914
	Voluntary context switches: 243153
	Involuntary context switches: 129253
	Swaps: 0
	File system inputs: 0
	File system outputs: 3188784
	Socket messages sent: 0
	Socket messages received: 0
	Signals delivered: 0
	Page size (bytes): 4096
	Exit status: 0
