C++17!
Using LSH-Graph for instancegm ...
c=        1.5
k=        100
L=        2
K=        18
T=        12
lsh_UB=   0
LOADING DATA...
Load from new file: /users/PAS2671/kabir36/kabir/similarity-search/dataset/instancegm/
N=    1000000
dim=  128

LOADING TIME: 0.822584s.

LOADING BENMARK...
LOADING TIME: 0.000528s.

mkdir: missing operand
Try 'mkdir --help' for more information.

START HASHING...

SETTING HASH PARAMETER...
SETTING TIME: 9.9e-05s.

COMPUTING HASH...
COMPUTING TIME: 0.815957s.

[1m[31mWARNING:
[31mRanges of hash values is too LARGE. 
Please increase W at least 1times.
[0m[31mOld W=    0.3
New W=    22.3644
Increase  74.5481times.
[0mCONSTRUCTING GRAPH...

0%   10   20   30   40   50   60   70   80   90   100%
|----|----|----|----|----|----|----|----|----|----|
***************************************************
CONSTRUCTING TIME: 366.46s.

SAVING GRAPH...
SAVING TIME: 1.04486s.

dist=0.000002, cnt=18.081688, unique=1, std=4.817049, Recall=0.000000
cc=499.518341, pruning=0.244821

Loading FastGraph...
*******************************************************************************************************
The result of LSH-G for instancegm is as follow: k=100, probQ = 0.9, L = 2, K = 18, T = 12
******************************************************************************************************
     algName       k      ef        Time      Recall        Cost        CPQ1        CPQ2     Pruning

       fastG     100     200     0.74302      0.7836      998.35     276.931     1275.28    0.417289

Command terminated by signal 11
	Command being timed: "./lgo instancegm 100 2 18 0.1 1.0 12"
	User time (seconds): 365.34
	System time (seconds): 4.67
	Percent of CPU this job got: 99%
	Elapsed (wall clock) time (h:mm:ss or m:ss): 6:12.85
	Average shared text size (kbytes): 0
	Average unshared data size (kbytes): 0
	Average stack size (kbytes): 0
	Average total size (kbytes): 0
	Maximum resident set size (kbytes): 1811616
	Average resident set size (kbytes): 0
	Major (requiring I/O) page faults: 0
	Minor (reclaiming a frame) page faults: 2341630
	Voluntary context switches: 311483
	Involuntary context switches: 86088
	Swaps: 0
	File system inputs: 0
	File system outputs: 3231016
	Socket messages sent: 0
	Socket messages received: 0
	Signals delivered: 0
	Page size (bytes): 4096
	Exit status: 0
