C++17!
Using LSH-Graph for instancegm ...
c=        1.5
k=        100
L=        2
K=        6
T=        24
lsh_UB=   0
LOADING DATA...
Load from new file: /users/PAS2671/kabir36/kabir/similarity-search/dataset/instancegm/
N=    1000000
dim=  128

LOADING TIME: 0.831099s.

LOADING BENMARK...
LOADING TIME: 0.00051s.

mkdir: missing operand
Try 'mkdir --help' for more information.

START HASHING...

SETTING HASH PARAMETER...
SETTING TIME: 4e-05s.

COMPUTING HASH...
COMPUTING TIME: 0.256896s.

[31mOld W=    0.3
New W=    0.3
Increase  1times.
[0mCONSTRUCTING GRAPH...

0%   10   20   30   40   50   60   70   80   90   100%
|----|----|----|----|----|----|----|----|----|----|
***************************************************
CONSTRUCTING TIME: 555.432s.

SAVING GRAPH...
SAVING TIME: 1.09627s.

dist=0.000003, cnt=36.535301, unique=1, std=9.465946, Recall=0.000000
cc=820.991150, pruning=0.157722

Loading FastGraph...
*******************************************************************************************************
The result of LSH-G for instancegm is as follow: k=100, probQ = 0.9, L = 2, K = 6, T = 24
******************************************************************************************************
     algName       k      ef        Time      Recall        Cost        CPQ1        CPQ2     Pruning

       fastG     100     200     0.66568      0.8102     1284.35     155.209     1439.56    0.579608

Command terminated by signal 11
	Command being timed: "./lgo instancegm 100 2 6 0.1 1.0 24"
	User time (seconds): 552.45
	System time (seconds): 5.44
	Percent of CPU this job got: 99%
	Elapsed (wall clock) time (h:mm:ss or m:ss): 9:21.32
	Average shared text size (kbytes): 0
	Average unshared data size (kbytes): 0
	Average stack size (kbytes): 0
	Average total size (kbytes): 0
	Maximum resident set size (kbytes): 1816340
	Average resident set size (kbytes): 0
	Major (requiring I/O) page faults: 0
	Minor (reclaiming a frame) page faults: 2487999
	Voluntary context switches: 418739
	Involuntary context switches: 127498
	Swaps: 0
	File system inputs: 0
	File system outputs: 3341464
	Socket messages sent: 0
	Socket messages received: 0
	Signals delivered: 0
	Page size (bytes): 4096
	Exit status: 0
