C++17!
Using LSH-Graph for instancegm ...
c=        1.5
k=        100
L=        2
K=        12
T=        12
lsh_UB=   0
LOADING DATA...
Load from new file: /users/PAS2671/kabir36/kabir/similarity-search/dataset/instancegm/
N=    1000000
dim=  128

LOADING TIME: 0.82789s.

LOADING BENMARK...
LOADING TIME: 0.000546s.

mkdir: missing operand
Try 'mkdir --help' for more information.

START HASHING...

SETTING HASH PARAMETER...
SETTING TIME: 7.4e-05s.

COMPUTING HASH...
COMPUTING TIME: 0.533346s.

[1m[31mWARNING:
[31mRanges of hash values is too LARGE. 
Please increase W at least 1times.
[0m[31mOld W=    0.3
New W=    5.05003
Increase  16.8334times.
[0mCONSTRUCTING GRAPH...

0%   10   20   30   40   50   60   70   80   90   100%
|----|----|----|----|----|----|----|----|----|----|
***************************************************
CONSTRUCTING TIME: 348.739s.

SAVING GRAPH...
SAVING TIME: 0.941994s.

dist=0.000002, cnt=18.080072, unique=1, std=4.814094, Recall=0.000000
cc=484.205353, pruning=0.264624

Loading FastGraph...
*******************************************************************************************************
The result of LSH-G for instancegm is as follow: k=100, probQ = 0.9, L = 2, K = 12, T = 12
******************************************************************************************************
     algName       k      ef        Time      Recall        Cost        CPQ1        CPQ2     Pruning

       fastG     100     200     0.59403      0.7705     1002.99     205.351     1208.34      0.4815

Command terminated by signal 11
	Command being timed: "./lgo instancegm 100 2 12 0.1 1.0 12"
	User time (seconds): 347.25
	System time (seconds): 4.60
	Percent of CPU this job got: 99%
	Elapsed (wall clock) time (h:mm:ss or m:ss): 5:54.92
	Average shared text size (kbytes): 0
	Average unshared data size (kbytes): 0
	Average stack size (kbytes): 0
	Average total size (kbytes): 0
	Maximum resident set size (kbytes): 1811612
	Average resident set size (kbytes): 0
	Major (requiring I/O) page faults: 0
	Minor (reclaiming a frame) page faults: 2247773
	Voluntary context switches: 295690
	Involuntary context switches: 83061
	Swaps: 0
	File system inputs: 0
	File system outputs: 3137264
	Socket messages sent: 0
	Socket messages received: 0
	Signals delivered: 0
	Page size (bytes): 4096
	Exit status: 0
