C++17!
Using LSH-Graph for instancegm ...
c=        1.5
k=        100
L=        2
K=        18
T=        24
lsh_UB=   0
LOADING DATA...
Load from new file: /users/PAS2671/kabir36/kabir/similarity-search/dataset/instancegm/
N=    1000000
dim=  128

LOADING TIME: 0.826936s.

LOADING BENMARK...
LOADING TIME: 0.000529s.

mkdir: missing operand
Try 'mkdir --help' for more information.

START HASHING...

SETTING HASH PARAMETER...
SETTING TIME: 0.000102s.

COMPUTING HASH...
COMPUTING TIME: 0.819928s.

[1m[31mWARNING:
[31mRanges of hash values is too LARGE. 
Please increase W at least 1times.
[0m[31mOld W=    0.3
New W=    22.3644
Increase  74.5481times.
[0mCONSTRUCTING GRAPH...

0%   10   20   30   40   50   60   70   80   90   100%
|----|----|----|----|----|----|----|----|----|----|
***************************************************
CONSTRUCTING TIME: 560.322s.

SAVING GRAPH...
SAVING TIME: 1.28486s.

dist=0.000003, cnt=36.299191, unique=1, std=9.514945, Recall=0.000000
cc=725.362183, pruning=0.308616

Loading FastGraph...
*******************************************************************************************************
The result of LSH-G for instancegm is as follow: k=100, probQ = 0.9, L = 2, K = 18, T = 24
******************************************************************************************************
     algName       k      ef        Time      Recall        Cost        CPQ1        CPQ2     Pruning

       fastG     100     200     0.88009      0.7995     1285.44     418.446     1703.89    0.527345

Command terminated by signal 11
	Command being timed: "./lgo instancegm 100 2 18 0.1 1.0 24"
	User time (seconds): 558.22
	System time (seconds): 5.64
	Percent of CPU this job got: 99%
	Elapsed (wall clock) time (h:mm:ss or m:ss): 9:27.63
	Average shared text size (kbytes): 0
	Average unshared data size (kbytes): 0
	Average stack size (kbytes): 0
	Average total size (kbytes): 0
	Maximum resident set size (kbytes): 2007568
	Average resident set size (kbytes): 0
	Major (requiring I/O) page faults: 0
	Minor (reclaiming a frame) page faults: 2645760
	Voluntary context switches: 402632
	Involuntary context switches: 129195
	Swaps: 0
	File system inputs: 0
	File system outputs: 3908576
	Socket messages sent: 0
	Socket messages received: 0
	Signals delivered: 0
	Page size (bytes): 4096
	Exit status: 0
