C++17!
Using LSH-Graph for instancegm ...
c=        1.5
k=        100
L=        1
K=        18
T=        12
lsh_UB=   0
LOADING DATA...
Load from new file: /users/PAS2671/kabir36/kabir/similarity-search/dataset/instancegm/
N=    1000000
dim=  128

LOADING TIME: 0.823752s.

LOADING BENMARK...
LOADING TIME: 0.000492s.

mkdir: missing operand
Try 'mkdir --help' for more information.

START HASHING...

SETTING HASH PARAMETER...
SETTING TIME: 6e-05s.

COMPUTING HASH...
COMPUTING TIME: 0.383944s.

[1m[31mWARNING:
[31mRanges of hash values is too LARGE. 
Please increase W at least 1times.
[0m[31mOld W=    0.3
New W=    17.5373
Increase  58.4577times.
[0mCONSTRUCTING GRAPH...

0%   10   20   30   40   50   60   70   80   90   100%
|----|----|----|----|----|----|----|----|----|----|
***************************************************
CONSTRUCTING TIME: 355.298s.

SAVING GRAPH...
SAVING TIME: 0.708374s.

dist=0.000002, cnt=18.088068, unique=1, std=4.813120, Recall=0.000000
cc=490.161285, pruning=0.243602

Loading FastGraph...
*******************************************************************************************************
The result of LSH-G for instancegm is as follow: k=100, probQ = 0.9, L = 1, K = 18, T = 12
******************************************************************************************************
     algName       k      ef        Time      Recall        Cost        CPQ1        CPQ2     Pruning

       fastG     100     200     0.59801        0.78     1034.09     306.094     1340.18    0.495237

Command terminated by signal 11
	Command being timed: "./lgo instancegm 100 1 18 0.1 1.0 12"
	User time (seconds): 353.80
	System time (seconds): 4.00
	Percent of CPU this job got: 99%
	Elapsed (wall clock) time (h:mm:ss or m:ss): 5:59.92
	Average shared text size (kbytes): 0
	Average unshared data size (kbytes): 0
	Average stack size (kbytes): 0
	Average total size (kbytes): 0
	Maximum resident set size (kbytes): 1747868
	Average resident set size (kbytes): 0
	Major (requiring I/O) page faults: 0
	Minor (reclaiming a frame) page faults: 2205403
	Voluntary context switches: 185848
	Involuntary context switches: 83875
	Swaps: 0
	File system inputs: 0
	File system outputs: 2939432
	Socket messages sent: 0
	Socket messages received: 0
	Signals delivered: 0
	Page size (bytes): 4096
	Exit status: 0
