C++17!
Using LSH-Graph for instancegm ...
c=        1.5
k=        100
L=        1
K=        6
T=        24
lsh_UB=   0
LOADING DATA...
Load from new file: /users/PAS2671/kabir36/kabir/similarity-search/dataset/instancegm/
N=    1000000
dim=  128

LOADING TIME: 1.22127s.

LOADING BENMARK...
LOADING TIME: 0.000529s.

mkdir: missing operand
Try 'mkdir --help' for more information.

START HASHING...

SETTING HASH PARAMETER...
SETTING TIME: 2.9e-05s.

COMPUTING HASH...
COMPUTING TIME: 0.142544s.

[31mOld W=    0.3
New W=    0.3
Increase  1times.
[0mCONSTRUCTING GRAPH...

0%   10   20   30   40   50   60   70   80   90   100%
|----|----|----|----|----|----|----|----|----|----|
***************************************************
CONSTRUCTING TIME: 619.527s.

SAVING GRAPH...
SAVING TIME: 0.843724s.

dist=0.000002, cnt=36.540871, unique=1, std=9.472597, Recall=0.000000
cc=929.872437, pruning=0.139908

Loading FastGraph...
*******************************************************************************************************
The result of LSH-G for instancegm is as follow: k=100, probQ = 0.9, L = 1, K = 6, T = 24
******************************************************************************************************
     algName       k      ef        Time      Recall        Cost        CPQ1        CPQ2     Pruning

       fastG     100     200     0.56442      0.7958     1290.97      134.18     1425.15    0.527898

Command terminated by signal 11
	Command being timed: "./lgo instancegm 100 1 6 0.1 1.0 24"
	User time (seconds): 617.15
	System time (seconds): 4.09
	Percent of CPU this job got: 99%
	Elapsed (wall clock) time (h:mm:ss or m:ss): 10:24.49
	Average shared text size (kbytes): 0
	Average unshared data size (kbytes): 0
	Average stack size (kbytes): 0
	Average total size (kbytes): 0
	Maximum resident set size (kbytes): 1754336
	Average resident set size (kbytes): 0
	Major (requiring I/O) page faults: 0
	Minor (reclaiming a frame) page faults: 1705466
	Voluntary context switches: 250386
	Involuntary context switches: 142823
	Swaps: 0
	File system inputs: 81912
	File system outputs: 3147208
	Socket messages sent: 0
	Socket messages received: 0
	Signals delivered: 0
	Page size (bytes): 4096
	Exit status: 0
