C++17!
Using LSH-Graph for lastfm ...
c=        1.5
k=        100
L=        2
K=        6
T=        12
lsh_UB=   0
LOADING DATA...
Load from new file: /users/PAS2671/kabir36/kabir/similarity-search/dataset/lastfm/
N=    292385
dim=  65

LOADING TIME: 0.153406s.

LOADING BENMARK...
LOADING TIME: 0.000494s.

mkdir: missing operand
Try 'mkdir --help' for more information.

START HASHING...

SETTING HASH PARAMETER...
SETTING TIME: 2.9e-05s.

COMPUTING HASH...
COMPUTING TIME: 0.05988s.

[31mOld W=    0.3
New W=    0.3
Increase  1times.
[0mCONSTRUCTING GRAPH...

0%   10   20   30   40   50   60   70   80   90   100%
|----|----|----|----|----|----|----|----|----|----|
***************************************************
CONSTRUCTING TIME: 88.2412s.

SAVING GRAPH...
SAVING TIME: 0.276032s.

dist=0.010857, cnt=17.953648, unique=1, std=4.791869, Recall=0.000000
cc=584.817627, pruning=0.154866

Loading FastGraph...
*******************************************************************************************************
The result of LSH-G for lastfm is as follow: k=100, probQ = 0.9, L = 2, K = 6, T = 12
******************************************************************************************************
     algName       k      ef        Time      Recall        Cost        CPQ1        CPQ2     Pruning

       fastG     100     200     0.23494      0.8345     1097.89      144.59     1242.48    0.235661

Command terminated by signal 11
	Command being timed: "./lgo lastfm 100 2 6 0.1 1.0 12"
	User time (seconds): 88.15
	System time (seconds): 0.75
	Percent of CPU this job got: 99%
	Elapsed (wall clock) time (h:mm:ss or m:ss): 1:29.49
	Average shared text size (kbytes): 0
	Average unshared data size (kbytes): 0
	Average stack size (kbytes): 0
	Average total size (kbytes): 0
	Maximum resident set size (kbytes): 418132
	Average resident set size (kbytes): 0
	Major (requiring I/O) page faults: 0
	Minor (reclaiming a frame) page faults: 94723
	Voluntary context switches: 75891
	Involuntary context switches: 20798
	Swaps: 0
	File system inputs: 0
	File system outputs: 809776
	Socket messages sent: 0
	Socket messages received: 0
	Signals delivered: 0
	Page size (bytes): 4096
	Exit status: 0
