C++17!
Using LSH-Graph for lastfm ...
c=        1.5
k=        100
L=        2
K=        12
T=        12
lsh_UB=   0
LOADING DATA...
Load from new file: /users/PAS2671/kabir36/kabir/similarity-search/dataset/lastfm/
N=    292385
dim=  65

LOADING TIME: 0.148767s.

LOADING BENMARK...
LOADING TIME: 0.000506s.

mkdir: missing operand
Try 'mkdir --help' for more information.

START HASHING...

SETTING HASH PARAMETER...
SETTING TIME: 4.6e-05s.

COMPUTING HASH...
COMPUTING TIME: 0.119049s.

[31mOld W=    0.3
New W=    0.3
Increase  1times.
[0mCONSTRUCTING GRAPH...

0%   10   20   30   40   50   60   70   80   90   100%
|----|----|----|----|----|----|----|----|----|----|
***************************************************
CONSTRUCTING TIME: 78.9746s.

SAVING GRAPH...
SAVING TIME: 0.274602s.

dist=0.010971, cnt=17.954670, unique=1, std=4.792828, Recall=0.000000
cc=559.210571, pruning=0.172916

Loading FastGraph...
*******************************************************************************************************
The result of LSH-G for lastfm is as follow: k=100, probQ = 0.9, L = 2, K = 12, T = 12
******************************************************************************************************
     algName       k      ef        Time      Recall        Cost        CPQ1        CPQ2     Pruning

       fastG     100     200     0.23636      0.8491     1142.01     277.878     1419.89    0.169552

*** Error in `./lgo': free(): invalid pointer: 0x0000000004bdea21 ***
======= Backtrace: =========
/lib64/libc.so.6(+0x81329)[0x2b7f6f971329]
./lgo[0x40bb5e]
./lgo[0x408415]
/lib64/libc.so.6(__libc_start_main+0xf5)[0x2b7f6f912555]
./lgo[0x408e0c]
======= Memory map: ========
00400000-00449000 r-xp 00000000 00:3c 1794793                            /users/PAS2671/kabir36/kabir/similarity-search/models/LSH-APG/cppCode/LSH-APG/lgo
00648000-0064a000 r--p 00048000 00:3c 1794793                            /users/PAS2671/kabir36/kabir/similarity-search/models/LSH-APG/cppCode/LSH-APG/lgo
0064a000-0064b000 rw-p 0004a000 00:3c 1794793                            /users/PAS2671/kabir36/kabir/similarity-search/models/LSH-APG/cppCode/LSH-APG/lgo
017db000-0bef3000 rw-p 00000000 00:00 0                                  [heap]
2b7f6e5a2000-2b7f6e5c4000 r-xp 00000000 00:24 3428292698                 /usr/lib64/ld-2.17.so
2b7f6e5c4000-2b7f6e5cb000 rw-p 00000000 00:00 0 
2b7f6e611000-2b7f6e618000 rw-p 00000000 00:00 0 
2b7f6e7c3000-2b7f6e7c4000 r--p 00021000 00:24 3428292698                 /usr/lib64/ld-2.17.so
2b7f6e7c4000-2b7f6e7c5000 rw-p 00022000 00:24 3428292698                 /usr/lib64/ld-2.17.so
2b7f6e7c5000-2b7f6e7c6000 rw-p 00000000 00:00 0 
2b7f6e7c6000-2b7f6e7fe000 r-xp 00000000 00:2c 19202863                   /apps/xalt/2.10.29/lib64/libxalt_init.so
2b7f6e7fe000-2b7f6e9fe000 ---p 00038000 00:2c 19202863                   /apps/xalt/2.10.29/lib64/libxalt_init.so
2b7f6e9fe000-2b7f6e9ff000 r--p 00038000 00:2c 19202863                   /apps/xalt/2.10.29/lib64/libxalt_init.so
2b7f6e9ff000-2b7f6ea00000 rw-p 00039000 00:2c 19202863                   /apps/xalt/2.10.29/lib64/libxalt_init.so
2b7f6ea00000-2b7f6ea01000 rw-p 00000000 00:00 0 
2b7f6ea01000-2b7f6ea08000 r-xp 00000000 00:24 3428781212                 /usr/lib64/librt-2.17.so
2b7f6ea08000-2b7f6ec07000 ---p 00007000 00:24 3428781212                 /usr/lib64/librt-2.17.so
2b7f6ec07000-2b7f6ec08000 r--p 00006000 00:24 3428781212                 /usr/lib64/librt-2.17.so
2b7f6ec08000-2b7f6ec09000 rw-p 00007000 00:24 3428781212                 /usr/lib64/librt-2.17.so
2b7f6ec09000-2b7f6ed7d000 r-xp 00000000 00:2c 7905980                    /apps/gnu/8.4.0/lib64/libstdc++.so.6.0.25
2b7f6ed7d000-2b7f6ef7c000 ---p 00174000 00:2c 7905980                    /apps/gnu/8.4.0/lib64/libstdc++.so.6.0.25
2b7f6ef7c000-2b7f6ef86000 r--p 00173000 00:2c 7905980                    /apps/gnu/8.4.0/lib64/libstdc++.so.6.0.25
2b7f6ef86000-2b7f6ef88000 rw-p 0017d000 00:2c 7905980                    /apps/gnu/8.4.0/lib64/libstdc++.so.6.0.25
2b7f6ef88000-2b7f6ef8c000 rw-p 00000000 00:00 0 
2b7f6ef8c000-2b7f6f08d000 r-xp 00000000 00:24 3428781161                 /usr/lib64/libm-2.17.so
2b7f6f08d000-2b7f6f28c000 ---p 00101000 00:24 3428781161                 /usr/lib64/libm-2.17.so
2b7f6f28c000-2b7f6f28d000 r--p 00100000 00:24 3428781161                 /usr/lib64/libm-2.17.so
2b7f6f28d000-2b7f6f28e000 rw-p 00101000 00:24 3428781161                 /usr/lib64/libm-2.17.so
2b7f6f28e000-2b7f6f2bb000 r-xp 00000000 00:2c 5669150                    /apps/gnu/8.4.0/lib64/libgomp.so.1.0.0
2b7f6f2bb000-2b7f6f4ba000 ---p 0002d000 00:2c 5669150                    /apps/gnu/8.4.0/lib64/libgomp.so.1.0.0
2b7f6f4ba000-2b7f6f4bb000 r--p 0002c000 00:2c 5669150                    /apps/gnu/8.4.0/lib64/libgomp.so.1.0.0
2b7f6f4bb000-2b7f6f4bc000 rw-p 0002d000 00:2c 5669150                    /apps/gnu/8.4.0/lib64/libgomp.so.1.0.0
2b7f6f4bc000-2b7f6f4d3000 r-xp 00000000 00:2c 5669148                    /apps/gnu/8.4.0/lib64/libgcc_s.so.1
2b7f6f4d3000-2b7f6f6d2000 ---p 00017000 00:2c 5669148                    /apps/gnu/8.4.0/lib64/libgcc_s.so.1
2b7f6f6d2000-2b7f6f6d3000 r--p 00016000 00:2c 5669148                    /apps/gnu/8.4.0/lib64/libgcc_s.so.1
2b7f6f6d3000-2b7f6f6d4000 rw-p 00017000 00:2c 5669148                    /apps/gnu/8.4.0/lib64/libgcc_s.so.1
2b7f6f6d4000-2b7f6f6eb000 r-xp 00000000 00:24 3428781193                 /usr/lib64/libpthread-2.17.so
2b7f6f6eb000-2b7f6f8ea000 ---p 00017000 00:24 3428781193                 /usr/lib64/libpthread-2.17.so
2b7f6f8ea000-2b7f6f8eb000 r--p 00016000 00:24 3428781193                 /usr/lib64/libpthread-2.17.so
2b7f6f8eb000-2b7f6f8ec000 rw-p 00017000 00:24 3428781193                 /usr/lib64/libpthread-2.17.so
2b7f6f8ec000-2b7f6f8f0000 rw-p 00000000 00:00 0 
2b7f6f8f0000-2b7f6fab4000 r-xp 00000000 00:24 3428781146                 /usr/lib64/libc-2.17.so
2b7f6fab4000-2b7f6fcb3000 ---p 001c4000 00:24 3428781146                 /usr/lib64/libc-2.17.so
2b7f6fcb3000-2b7f6fcb7000 r--p 001c3000 00:24 3428781146                 /usr/lib64/libc-2.17.so
2b7f6fcb7000-2b7f6fcb9000 rw-p 001c7000 00:24 3428781146                 /usr/lib64/libc-2.17.so
2b7f6fcb9000-2b7f6fcbe000 rw-p 00000000 00:00 0 
2b7f6fcbe000-2b7f6fcc0000 r-xp 00000000 00:24 3428781159                 /usr/lib64/libdl-2.17.so
2b7f6fcc0000-2b7f6fec0000 ---p 00002000 00:24 3428781159                 /usr/lib64/libdl-2.17.so
2b7f6fec0000-2b7f6fec1000 r--p 00002000 00:24 3428781159                 /usr/lib64/libdl-2.17.so
2b7f6fec1000-2b7f6fec2000 rw-p 00003000 00:24 3428781159                 /usr/lib64/libdl-2.17.so
2b7f6fec2000-2b7f6fec6000 r-xp 00000000 00:2c 21954920                   /apps/xalt/2.10.29/lib64/libuuid.so.1.3.0
2b7f6fec6000-2b7f700c5000 ---p 00004000 00:2c 21954920                   /apps/xalt/2.10.29/lib64/libuuid.so.1.3.0
2b7f700c5000-2b7f700c6000 r--p 00003000 00:2c 21954920                   /apps/xalt/2.10.29/lib64/libuuid.so.1.3.0
2b7f700c6000-2b7f700c7000 rw-p 00004000 00:2c 21954920                   /apps/xalt/2.10.29/lib64/libuuid.so.1.3.0
2b7f700c7000-2b7f7cf20000 rw-p 00000000 00:00 0 
2b7f84d8a000-2b7f84d8b000 ---p 00000000 00:00 0 
2b7f84d8b000-2b7f84f8b000 rw-p 00000000 00:00 0 
2b7f84f8b000-2b7f84f8c000 ---p 00000000 00:00 0 
2b7f84f8c000-2b7f8518c000 rw-p 00000000 00:00 0 
2b7f8518c000-2b7f8518d000 ---p 00000000 00:00 0 
2b7f8518d000-2b7f8538d000 rw-p 00000000 00:00 0 
2b7f8538d000-2b7f8538e000 ---p 00000000 00:00 0 
2b7f8538e000-2b7f8558e000 rw-p 00000000 00:00 0 
2b7f8558e000-2b7f8558f000 ---p 00000000 00:00 0 
2b7f8558f000-2b7f8578f000 rw-p 00000000 00:00 0 
2b7f8578f000-2b7f85790000 ---p 00000000 00:00 0 
2b7f85790000-2b7f85990000 rw-p 00000000 00:00 0 
2b7f85990000-2b7f85991000 ---p 00000000 00:00 0 
2b7f85991000-2b7f85b91000 rw-p 00000000 00:00 0 
2b7f85b91000-2b7f85b92000 ---p 00000000 00:00 0 
2b7f85b92000-2b7f85d92000 rw-p 00000000 00:00 0 
2b7f85d92000-2b7f85d93000 ---p 00000000 00:00 0 
2b7f85d93000-2b7f85f93000 rw-p 00000000 00:00 0 
2b7f85f93000-2b7f85f94000 ---p 00000000 00:00 0 
2b7f85f94000-2b7f86194000 rw-p 00000000 00:00 0 
2b7f86194000-2b7f86195000 ---p 00000000 00:00 0 
2b7f86195000-2b7f86395000 rw-p 00000000 00:00 0 
2b7f86395000-2b7f86396000 ---p 00000000 00:00 0 
2b7f86396000-2b7f86596000 rw-p 00000000 00:00 0 
2b7f86596000-2b7f86597000 ---p 00000000 00:00 0 
2b7f86597000-2b7f86797000 rw-p 00000000 00:00 0 
2b7f86797000-2b7f86798000 ---p 00000000 00:00 0 
2b7f86798000-2b7f86998000 rw-p 00000000 00:00 0 
2b7f86998000-2b7f86999000 ---p 00000000 00:00 0 
2b7f86999000-2b7f86b99000 rw-p 00000000 00:00 0 
2b7f86b99000-2b7f86b9a000 ---p 00000000 00:00 0 
2b7f86b9a000-2b7f86d9a000 rw-p 00000000 00:00 0 
2b7f86d9a000-2b7f86d9b000 ---p 00000000 00:00 0 
2b7f86d9b000-2b7f86f9b000 rw-p 00000000 00:00 0 
2b7f86f9b000-2b7f86f9c000 ---p 00000000 00:00 0 
2b7f86f9c000-2b7f8719c000 rw-p 00000000 00:00 0 
2b7f8719c000-2b7f8719d000 ---p 00000000 00:00 0 
2b7f8719d000-2b7f8739d000 rw-p 00000000 00:00 0 
2b7f88000000-2b7f88082000 rw-p 00000000 00:00 0 
2b7f88082000-2b7f8c000000 ---p 00000000 00:00 0 
2b7f8c000000-2b7f8c07a000 rw-p 00000000 00:00 0 
2b7f8c07a000-2b7f90000000 ---p 00000000 00:00 0 
2b7f90000000-2b7f9007f000 rw-p 00000000 00:00 0 
2b7f9007f000-2b7f94000000 ---p 00000000 00:00 0 
2b7f94000000-2b7f94080000 rw-p 00000000 00:00 0 
2b7f94080000-2b7f98000000 ---p 00000000 00:00 0 
2b7f98000000-2b7f9807b000 rw-p 00000000 00:00 0 
2b7f9807b000-2b7f9c000000 ---p 00000000 00:00 0 
2b7f9c000000-2b7f9c07c000 rw-p 00000000 00:00 0 
2b7f9c07c000-2b7fa0000000 ---p 00000000 00:00 0 
2b7fa0000000-2b7fa007e000 rw-p 00000000 00:00 0 
2b7fa007e000-2b7fa4000000 ---p 00000000 00:00 0 
2b7fa4000000-2b7fa407f000 rw-p 00000000 00:00 0 
2b7fa407f000-2b7fa8000000 ---p 00000000 00:00 0 
2b7fa8000000-2b7fa8077000 rw-p 00000000 00:00 0 
2b7fa8077000-2b7fac000000 ---p 00000000 00:00 0 
2b7fac000000-2b7fac07e000 rw-p 00000000 00:00 0 
2b7fac07e000-2b7fb0000000 ---p 00000000 00:00 0 
2b7fb0000000-2b7fb007a000 rw-p 00000000 00:00 0 
2b7fb007a000-2b7fb4000000 ---p 00000000 00:00 0 
2b7fb4000000-2b7fb407e000 rw-p 00000000 00:00 0 
2b7fb407e000-2b7fb8000000 ---p 00000000 00:00 0 
2b7fb8000000-2b7fb807c000 rw-p 00000000 00:00 0 
2b7fb807c000-2b7fbc000000 ---p 00000000 00:00 0 
2b7fbc000000-2b7fbc078000 rw-p 00000000 00:00 0 
2b7fbc078000-2b7fc0000000 ---p 00000000 00:00 0 
2b7fc0000000-2b7fc007e000 rw-p 00000000 00:00 0 
2b7fc007e000-2b7fc4000000 ---p 00000000 00:00 0 
2b7fc4000000-2b7fc4078000 rw-p 00000000 00:00 0 
2b7fc4078000-2b7fc8000000 ---p 00000000 00:00 0 
2b7fc8000000-2b7fc807b000 rw-p 00000000 00:00 0 
2b7fc807b000-2b7fcc000000 ---p 00000000 00:00 0 
2b7fcc000000-2b7fcc07f000 rw-p 00000000 00:00 0 
2b7fcc07f000-2b7fd0000000 ---p 00000000 00:00 0 
2b7fd0000000-2b7fd0075000 rw-p 00000000 00:00 0 
2b7fd0075000-2b7fd4000000 ---p 00000000 00:00 0 
2b7fd4000000-2b7fd4077000 rw-p 00000000 00:00 0 
2b7fd4077000-2b7fd8000000 ---p 00000000 00:00 0 
2b7fd8000000-2b7fd807b000 rw-p 00000000 00:00 0 
2b7fd807b000-2b7fdc000000 ---p 00000000 00:00 0 
2b7fdc000000-2b7fdc07e000 rw-p 00000000 00:00 0 
2b7fdc07e000-2b7fe0000000 ---p 00000000 00:00 0 
2b7fe0000000-2b7fe0077000 rw-p 00000000 00:00 0 
2b7fe0077000-2b7fe4000000 ---p 00000000 00:00 0 
2b7fe4000000-2b7fe407a000 rw-p 00000000 00:00 0 
2b7fe407a000-2b7fe8000000 ---p 00000000 00:00 0 
2b7fe8000000-2b7fe807e000 rw-p 00000000 00:00 0 
2b7fe807e000-2b7fec000000 ---p 00000000 00:00 0 
2b7fec000000-2b7fec079000 rw-p 00000000 00:00 0 
2b7fec079000-2b7ff0000000 ---p 00000000 00:00 0 
2b7ff0000000-2b7ff0078000 rw-p 00000000 00:00 0 
2b7ff0078000-2b7ff4000000 ---p 00000000 00:00 0 
2b7ff4000000-2b7ff4079000 rw-p 00000000 00:00 0 
2b7ff4079000-2b7ff8000000 ---p 00000000 00:00 0 
2b7ff8000000-2b7ff8080000 rw-p 00000000 00:00 0 
2b7ff8080000-2b7ffc000000 ---p 00000000 00:00 0 
2b7ffc000000-2b7ffc074000 rw-p 00000000 00:00 0 
2b7ffc074000-2b8000000000 ---p 00000000 00:00 0 
2b8000000000-2b8000080000 rw-p 00000000 00:00 0 
2b8000080000-2b8004000000 ---p 00000000 00:00 0 
2b8004000000-2b8004075000 rw-p 00000000 00:00 0 
2b8004075000-2b8008000000 ---p 00000000 00:00 0 
2b8008000000-2b8008073000 rw-p 00000000 00:00 0 
2b8008073000-2b800c000000 ---p 00000000 00:00 0 
2b800c000000-2b800c07d000 rw-p 00000000 00:00 0 
2b800c07d000-2b8010000000 ---p 00000000 00:00 0 
2b8010000000-2b801007a000 rw-p 00000000 00:00 0 
2b801007a000-2b8014000000 ---p 00000000 00:00 0 
2b8014000000-2b8014080000 rw-p 00000000 00:00 0 
2b8014080000-2b8018000000 ---p 00000000 00:00 0 
2b8018000000-2b8018078000 rw-p 00000000 00:00 0 
2b8018078000-2b801c000000 ---p 00000000 00:00 0 
2b801c000000-2b801c078000 rw-p 00000000 00:00 0 
2b801c078000-2b8020000000 ---p 00000000 00:00 0 
2b8020000000-2b8020076000 rw-p 00000000 00:00 0 
2b8020076000-2b8024000000 ---p 00000000 00:00 0 
2b8024000000-2b8024078000 rw-p 00000000 00:00 0 
2b8024078000-2b8028000000 ---p 00000000 00:00 0 
2b8028000000-2b8028079000 rw-p 00000000 00:00 0 
2b8028079000-2b802c000000 ---p 00000000 00:00 0 
2b802c000000-2b802c077000 rw-p 00000000 00:00 0 
2b802c077000-2b8030000000 ---p 00000000 00:00 0 
2b8030000000-2b803007a000 rw-p 00000000 00:00 0 
2b803007a000-2b8034000000 ---p 00000000 00:00 0 
2b8034000000-2b8034074000 rw-p 00000000 00:00 0 
2b8034074000-2b8038000000 ---p 00000000 00:00 0 
2b8038000000-2b803807e000 rw-p 00000000 00:00 0 
2b803807e000-2b803c000000 ---p 00000000 00:00 0 
2b803c000000-2b803c077000 rw-p 00000000 00:00 0 
2b803c077000-2b8040000000 ---p 00000000 00:00 0 
2b8040000000-2b804007a000 rw-p 00000000 00:00 0 
2b804007a000-2b8044000000 ---p 00000000 00:00 0 
2b8044000000-2b804407d000 rw-p 00000000 00:00 0 
2b804407d000-2b8048000000 ---p 00000000 00:00 0 
2b8048000000-2b8048077000 rw-p 00000000 00:00 0 
2b8048077000-2b804c000000 ---p 00000000 00:00 0 
2b804c000000-2b804c073000 rw-p 00000000 00:00 0 
2b804c073000-2b8050000000 ---p 00000000 00:00 0 
2b8050000000-2b805007e000 rw-p 00000000 00:00 0 
2b805007e000-2b8054000000 ---p 00000000 00:00 0 
2b8054000000-2b8054079000 rw-p 00000000 00:00 0 
2b8054079000-2b8058000000 ---p 00000000 00:00 0 
2b8058000000-2b8058074000 rw-p 00000000 00:00 0 
2b8058074000-2b805c000000 ---p 00000000 00:00 0 
2b805c000000-2b805c070000 rw-p 00000000 00:00 0 
2b805c070000-2b8060000000 ---p 00000000 00:00 0 
2b8060000000-2b806007d000 rw-p 00000000 00:00 0 
2b806007d000-2b8064000000 ---p 00000000 00:00 0 
2b8064000000-2b8064073000 rw-p 00000000 00:00 0 
2b8064073000-2b8068000000 ---p 00000000 00:00 0 
2b8068000000-2b8068077000 rw-p 00000000 00:00 0 
2b8068077000-2b806c000000 ---p 00000000 00:00 0 
2b806c000000-2b806c076000 rw-p 00000000 00:00 0 
2b806c076000-2b8070000000 ---p 00000000 00:00 0 
2b8070000000-2b807007d000 rw-p 00000000 00:00 0 
2b807007d000-2b8074000000 ---p 00000000 00:00 0 
2b8074000000-2b807407e000 rw-p 00000000 00:00 0 
2b807407e000-2b8078000000 ---p 00000000 00:00 0 
2b8078000000-2b8078079000 rw-p 00000000 00:00 0 
2b8078079000-2b807c000000 ---p 00000000 00:00 0 
2b807c000000-2b807c075000 rw-p 00000000 00:00 0 
2b807c075000-2b8080000000 ---p 00000000 00:00 0 
2b8080000000-2b808007d000 rw-p 00000000 00:00 0 
2b808007d000-2b8084000000 ---p 00000000 00:00 0 
2b8084000000-2b808407d000 rw-p 00000000 00:00 0 
2b808407d000-2b8088000000 ---p 00000000 00:00 0 
2b8088000000-2b808807d000 rw-p 00000000 00:00 0 
2b808807d000-2b808c000000 ---p 00000000 00:00 0 
2b808c000000-2b808c079000 rw-p 00000000 00:00 0 
2b808c079000-2b8090000000 ---p 00000000 00:00 0 
2b8090000000-2b8090077000 rw-p 00000000 00:00 0 
2b8090077000-2b8094000000 ---p 00000000 00:00 0 
2b8094000000-2b8094074000 rw-p 00000000 00:00 0 
2b8094074000-2b8098000000 ---p 00000000 00:00 0 
2b8098000000-2b8098079000 rw-p 00000000 00:00 0 
2b8098079000-2b809c000000 ---p 00000000 00:00 0 
2b809c000000-2b809c077000 rw-p 00000000 00:00 0 
2b809c077000-2b80a0000000 ---p 00000000 00:00 0 
2b80a0000000-2b80a0079000 rw-p 00000000 00:00 0 
2b80a0079000-2b80a4000000 ---p 00000000 00:00 0 
2b80a4000000-2b80a4076000 rw-p 00000000 00:00 0 
2b80a4076000-2b80a8000000 ---p 00000000 00:00 0 
2b80a8000000-2b80a807b000 rw-p 00000000 00:00 0 
2b80a807b000-2b80ac000000 ---p 00000000 00:00 0 
2b80ac000000-2b80ac07f000 rw-p 00000000 00:00 0 
2b80ac07f000-2b80b0000000 ---p 00000000 00:00 0 
2b80b0000000-2b80b007b000 rw-p 00000000 00:00 0 
2b80b007b000-2b80b4000000 ---p 00000000 00:00 0 
2b80b4000000-2b80b4073000 rw-p 00000000 00:00 0 
2b80b4073000-2b80b8000000 ---p 00000000 00:00 0 
2b80b8000000-2b80b8079000 rw-p 00000000 00:00 0 
2b80b8079000-2b80bc000000 ---p 00000000 00:00 0 
2b80bc000000-2b80bc076000 rw-p 00000000 00:00 0 
2b80bc076000-2b80c0000000 ---p 00000000 00:00 0 
2b80c0000000-2b80c007b000 rw-p 00000000 00:00 0 
2b80c007b000-2b80c4000000 ---p 00000000 00:00 0 
2b80c4000000-2b80c4080000 rw-p 00000000 00:00 0 
2b80c4080000-2b80c8000000 ---p 00000000 00:00 0 
2b80c8000000-2b80c8079000 rw-p 00000000 00:00 0 
2b80c8079000-2b80cc000000 ---p 00000000 00:00 0 
2b80cc000000-2b80cc07a000 rw-p 00000000 00:00 0 
2b80cc07a000-2b80d0000000 ---p 00000000 00:00 0 
2b80d0000000-2b80d0071000 rw-p 00000000 00:00 0 
2b80d0071000-2b80d4000000 ---p 00000000 00:00 0 
2b80d4000000-2b80d4079000 rw-p 00000000 00:00 0 
2b80d4079000-2b80d8000000 ---p 00000000 00:00 0 
2b80d8000000-2b80d8080000 rw-p 00000000 00:00 0 
2b80d8080000-2b80dc000000 ---p 00000000 00:00 0 
2b80dc000000-2b80dc072000 rw-p 00000000 00:00 0 
2b80dc072000-2b80e0000000 ---p 00000000 00:00 0 
2b80e0000000-2b80e0078000 rw-p 00000000 00:00 0 
2b80e0078000-2b80e4000000 ---p 00000000 00:00 0 
2b80e4000000-2b80e4080000 rw-p 00000000 00:00 0 
2b80e4080000-2b80e8000000 ---p 00000000 00:00 0 
2b80e8000000-2b80e8077000 rw-p 00000000 00:00 0 
2b80e8077000-2b80ec000000 ---p 00000000 00:00 0 
2b80ec000000-2b80ec076000 rw-p 00000000 00:00 0 
2b80ec076000-2b80f0000000 ---p 00000000 00:00 0 
2b80f0000000-2b80f0077000 rw-p 00000000 00:00 0 
2b80f0077000-2b80f4000000 ---p 00000000 00:00 0 
2b80f4000000-2b80f4078000 rw-p 00000000 00:00 0 
2b80f4078000-2b80f8000000 ---p 00000000 00:00 0 
2b80f8000000-2b80f8073000 rw-p 00000000 00:00 0 
2b80f8073000-2b80fc000000 ---p 00000000 00:00 0 
2b80fc000000-2b80fc077000 rw-p 00000000 00:00 0 
2b80fc077000-2b8100000000 ---p 00000000 00:00 0 
2b8100000000-2b8100076000 rw-p 00000000 00:00 0 
2b8100076000-2b8104000000 ---p 00000000 00:00 0 
2b8104000000-2b8104072000 rw-p 00000000 00:00 0 
2b8104072000-2b8108000000 ---p 00000000 00:00 0 
7ffed7814000-7ffed7838000 rw-p 00000000 00:00 0                          [stack]
7ffed7980000-7ffed7982000 r-xp 00000000 00:00 0                          [vdso]
ffffffffff600000-ffffffffff601000 r-xp 00000000 00:00 0                  [vsyscall]

******************************************************************************************************
                                                                                    1180-4:18:37
*****************************************************************************************************


Command terminated by signal 6
	Command being timed: "./lgo lastfm 100 2 12 0.1 1.0 12"
	User time (seconds): 78.94
	System time (seconds): 0.84
	Percent of CPU this job got: 99%
	Elapsed (wall clock) time (h:mm:ss or m:ss): 1:20.45
	Average shared text size (kbytes): 0
	Average unshared data size (kbytes): 0
	Average stack size (kbytes): 0
	Average total size (kbytes): 0
	Maximum resident set size (kbytes): 431644
	Average resident set size (kbytes): 0
	Major (requiring I/O) page faults: 0
	Minor (reclaiming a frame) page faults: 96531
	Voluntary context switches: 84737
	Involuntary context switches: 18959
	Swaps: 0
	File system inputs: 0
	File system outputs: 1019256
	Socket messages sent: 0
	Socket messages received: 0
	Signals delivered: 0
	Page size (bytes): 4096
	Exit status: 0
