C++17!
Using LSH-Graph for lastfm ...
c=        1.5
k=        100
L=        2
K=        6
T=        24
lsh_UB=   0
LOADING DATA...
Load from new file: /users/PAS2671/kabir36/kabir/similarity-search/dataset/lastfm/
N=    292385
dim=  65

LOADING TIME: 0.151543s.

LOADING BENMARK...
LOADING TIME: 0.000558s.

mkdir: missing operand
Try 'mkdir --help' for more information.

START HASHING...

SETTING HASH PARAMETER...
SETTING TIME: 2.8e-05s.

COMPUTING HASH...
COMPUTING TIME: 0.058548s.

[31mOld W=    0.3
New W=    0.3
Increase  1times.
[0mCONSTRUCTING GRAPH...

0%   10   20   30   40   50   60   70   80   90   100%
|----|----|----|----|----|----|----|----|----|----|
***************************************************
CONSTRUCTING TIME: 137.881s.

SAVING GRAPH...
SAVING TIME: 0.314639s.

dist=0.011485, cnt=36.205200, unique=1, std=9.464354, Recall=0.000000
cc=882.216125, pruning=0.215625

Loading FastGraph...
*******************************************************************************************************
The result of LSH-G for lastfm is as follow: k=100, probQ = 0.9, L = 2, K = 6, T = 24
******************************************************************************************************
     algName       k      ef        Time      Recall        Cost        CPQ1        CPQ2     Pruning

       fastG     100     200     0.28779       0.844     1514.28     210.282     1724.56    0.295045

Command terminated by signal 11
	Command being timed: "./lgo lastfm 100 2 6 0.1 1.0 24"
	User time (seconds): 137.45
	System time (seconds): 1.04
	Percent of CPU this job got: 99%
	Elapsed (wall clock) time (h:mm:ss or m:ss): 2:19.24
	Average shared text size (kbytes): 0
	Average unshared data size (kbytes): 0
	Average stack size (kbytes): 0
	Average total size (kbytes): 0
	Maximum resident set size (kbytes): 450164
	Average resident set size (kbytes): 0
	Major (requiring I/O) page faults: 0
	Minor (reclaiming a frame) page faults: 146090
	Voluntary context switches: 100506
	Involuntary context switches: 31519
	Swaps: 0
	File system inputs: 0
	File system outputs: 957280
	Socket messages sent: 0
	Socket messages received: 0
	Signals delivered: 0
	Page size (bytes): 4096
	Exit status: 0
