C++17!
Using LSH-Graph for lastfm ...
c=        1.5
k=        100
L=        1
K=        18
T=        12
lsh_UB=   0
LOADING DATA...
Load from new file: /users/PAS2671/kabir36/kabir/similarity-search/dataset/lastfm/
N=    292385
dim=  65

LOADING TIME: 0.154105s.

LOADING BENMARK...
LOADING TIME: 0.000485s.

mkdir: missing operand
Try 'mkdir --help' for more information.

START HASHING...

SETTING HASH PARAMETER...
SETTING TIME: 3.7e-05s.

COMPUTING HASH...
COMPUTING TIME: 0.085213s.

[31mOld W=    0.3
New W=    0.3
Increase  1times.
[0mCONSTRUCTING GRAPH...

0%   10   20   30   40   50   60   70   80   90   100%
|----|----|----|----|----|----|----|----|----|----|
***************************************************
CONSTRUCTING TIME: 86.1263s.

SAVING GRAPH...
SAVING TIME: 0.229787s.

dist=0.010770, cnt=17.952734, unique=1, std=4.788100, Recall=0.000000
cc=544.438538, pruning=0.221548

Loading FastGraph...
*******************************************************************************************************
The result of LSH-G for lastfm is as follow: k=100, probQ = 0.9, L = 1, K = 18, T = 12
******************************************************************************************************
     algName       k      ef        Time      Recall        Cost        CPQ1        CPQ2     Pruning

       fastG     100     200     0.24472      0.8186     1037.93      395.78     1433.71    0.239168

Command terminated by signal 11
	Command being timed: "./lgo lastfm 100 1 18 0.1 1.0 12"
	User time (seconds): 86.11
	System time (seconds): 0.64
	Percent of CPU this job got: 99%
	Elapsed (wall clock) time (h:mm:ss or m:ss): 1:27.29
	Average shared text size (kbytes): 0
	Average unshared data size (kbytes): 0
	Average stack size (kbytes): 0
	Average total size (kbytes): 0
	Maximum resident set size (kbytes): 400364
	Average resident set size (kbytes): 0
	Major (requiring I/O) page faults: 0
	Minor (reclaiming a frame) page faults: 90630
	Voluntary context switches: 46828
	Involuntary context switches: 19958
	Swaps: 0
	File system inputs: 0
	File system outputs: 781080
	Socket messages sent: 0
	Socket messages received: 0
	Signals delivered: 0
	Page size (bytes): 4096
	Exit status: 0
