C++17!
Using LSH-Graph for lastfm ...
c=        1.5
k=        100
L=        1
K=        6
T=        12
lsh_UB=   0
LOADING DATA...
Load from new file: /users/PAS2671/kabir36/kabir/similarity-search/dataset/lastfm/
N=    292385
dim=  65

LOADING TIME: 2.55337s.

MAKING BENMARK...

0%   10   20   30   40   50   60   70   80   90   100%
|----|----|----|----|----|----|----|----|----|----|
***************************************************
MAKING TIME: 14.5153s.

SAVING BENMARK...
SAVING TIME: 0.003789s.

mkdir: missing operand
Try 'mkdir --help' for more information.

START HASHING...

SETTING HASH PARAMETER...
SETTING TIME: 1.8e-05s.

COMPUTING HASH...
COMPUTING TIME: 0.032947s.

[31mOld W=    0.3
New W=    0.3
Increase  1times.
[0mCONSTRUCTING GRAPH...

0%   10   20   30   40   50   60   70   80   90   100%
|----|----|----|----|----|----|----|----|----|----|
***************************************************
CONSTRUCTING TIME: 97.0891s.

SAVING GRAPH...
SAVING TIME: 0.193536s.

dist=0.011045, cnt=17.946865, unique=1, std=4.791547, Recall=0.000000
cc=579.776428, pruning=0.156296

Loading FastGraph...
*******************************************************************************************************
The result of LSH-G for lastfm is as follow: k=100, probQ = 0.9, L = 1, K = 6, T = 12
******************************************************************************************************
     algName       k      ef        Time      Recall        Cost        CPQ1        CPQ2     Pruning

       fastG     100     200     0.22558      0.8184      1064.3     135.195      1199.5    0.239575

Command terminated by signal 11
	Command being timed: "./lgo lastfm 100 1 6 0.1 1.0 12"
	User time (seconds): 111.47
	System time (seconds): 0.96
	Percent of CPU this job got: 97%
	Elapsed (wall clock) time (h:mm:ss or m:ss): 1:55.52
	Average shared text size (kbytes): 0
	Average unshared data size (kbytes): 0
	Average stack size (kbytes): 0
	Average total size (kbytes): 0
	Maximum resident set size (kbytes): 603704
	Average resident set size (kbytes): 0
	Major (requiring I/O) page faults: 1
	Minor (reclaiming a frame) page faults: 135448
	Voluntary context switches: 50638
	Involuntary context switches: 26233
	Swaps: 0
	File system inputs: 151504
	File system outputs: 1209208
	Socket messages sent: 0
	Socket messages received: 0
	Signals delivered: 0
	Page size (bytes): 4096
	Exit status: 0
