C++17!
Using LSH-Graph for lastfm ...
c=        1.5
k=        100
L=        2
K=        18
T=        24
lsh_UB=   0
LOADING DATA...
Load from new file: /users/PAS2671/kabir36/kabir/similarity-search/dataset/lastfm/
N=    292385
dim=  65

LOADING TIME: 0.153903s.

LOADING BENMARK...
LOADING TIME: 0.000537s.

mkdir: missing operand
Try 'mkdir --help' for more information.

START HASHING...

SETTING HASH PARAMETER...
SETTING TIME: 5.9e-05s.

COMPUTING HASH...
COMPUTING TIME: 0.183653s.

[31mOld W=    0.3
New W=    0.3
Increase  1times.
[0mCONSTRUCTING GRAPH...

0%   10   20   30   40   50   60   70   80   90   100%
|----|----|----|----|----|----|----|----|----|----|
***************************************************
CONSTRUCTING TIME: 127.904s.

SAVING GRAPH...
SAVING TIME: 0.378738s.

dist=0.011477, cnt=36.203930, unique=1, std=9.461886, Recall=0.000140
cc=783.659607, pruning=0.330083

Loading FastGraph...
*******************************************************************************************************
The result of LSH-G for lastfm is as follow: k=100, probQ = 0.9, L = 2, K = 18, T = 24
******************************************************************************************************
     algName       k      ef        Time      Recall        Cost        CPQ1        CPQ2     Pruning

       fastG     100     200     0.34578      0.8365     1482.48     618.187     2100.67    0.294844

*** Error in `./lgo': free(): invalid pointer: 0x0000000004bdea21 ***
======= Backtrace: =========
/lib64/libc.so.6(+0x81329)[0x2b0e61553329]
./lgo[0x40bb5e]
./lgo[0x408415]
/lib64/libc.so.6(__libc_start_main+0xf5)[0x2b0e614f4555]
./lgo[0x408e0c]
======= Memory map: ========
00400000-00449000 r-xp 00000000 00:3c 1794793                            /users/PAS2671/kabir36/kabir/similarity-search/models/LSH-APG/cppCode/LSH-APG/lgo
00648000-0064a000 r--p 00048000 00:3c 1794793                            /users/PAS2671/kabir36/kabir/similarity-search/models/LSH-APG/cppCode/LSH-APG/lgo
0064a000-0064b000 rw-p 0004a000 00:3c 1794793                            /users/PAS2671/kabir36/kabir/similarity-search/models/LSH-APG/cppCode/LSH-APG/lgo
00d73000-0c1ef000 rw-p 00000000 00:00 0                                  [heap]
2b0e60184000-2b0e601a6000 r-xp 00000000 00:24 3428292698                 /usr/lib64/ld-2.17.so
2b0e601a6000-2b0e601ad000 rw-p 00000000 00:00 0 
2b0e601f3000-2b0e601fa000 rw-p 00000000 00:00 0 
2b0e603a5000-2b0e603a6000 r--p 00021000 00:24 3428292698                 /usr/lib64/ld-2.17.so
2b0e603a6000-2b0e603a7000 rw-p 00022000 00:24 3428292698                 /usr/lib64/ld-2.17.so
2b0e603a7000-2b0e603a8000 rw-p 00000000 00:00 0 
2b0e603a8000-2b0e603e0000 r-xp 00000000 00:2c 19202863                   /apps/xalt/2.10.29/lib64/libxalt_init.so
2b0e603e0000-2b0e605e0000 ---p 00038000 00:2c 19202863                   /apps/xalt/2.10.29/lib64/libxalt_init.so
2b0e605e0000-2b0e605e1000 r--p 00038000 00:2c 19202863                   /apps/xalt/2.10.29/lib64/libxalt_init.so
2b0e605e1000-2b0e605e2000 rw-p 00039000 00:2c 19202863                   /apps/xalt/2.10.29/lib64/libxalt_init.so
2b0e605e2000-2b0e605e3000 rw-p 00000000 00:00 0 
2b0e605e3000-2b0e605ea000 r-xp 00000000 00:24 3428781212                 /usr/lib64/librt-2.17.so
2b0e605ea000-2b0e607e9000 ---p 00007000 00:24 3428781212                 /usr/lib64/librt-2.17.so
2b0e607e9000-2b0e607ea000 r--p 00006000 00:24 3428781212                 /usr/lib64/librt-2.17.so
2b0e607ea000-2b0e607eb000 rw-p 00007000 00:24 3428781212                 /usr/lib64/librt-2.17.so
2b0e607eb000-2b0e6095f000 r-xp 00000000 00:2c 7905980                    /apps/gnu/8.4.0/lib64/libstdc++.so.6.0.25
2b0e6095f000-2b0e60b5e000 ---p 00174000 00:2c 7905980                    /apps/gnu/8.4.0/lib64/libstdc++.so.6.0.25
2b0e60b5e000-2b0e60b68000 r--p 00173000 00:2c 7905980                    /apps/gnu/8.4.0/lib64/libstdc++.so.6.0.25
2b0e60b68000-2b0e60b6a000 rw-p 0017d000 00:2c 7905980                    /apps/gnu/8.4.0/lib64/libstdc++.so.6.0.25
2b0e60b6a000-2b0e60b6e000 rw-p 00000000 00:00 0 
2b0e60b6e000-2b0e60c6f000 r-xp 00000000 00:24 3428781161                 /usr/lib64/libm-2.17.so
2b0e60c6f000-2b0e60e6e000 ---p 00101000 00:24 3428781161                 /usr/lib64/libm-2.17.so
2b0e60e6e000-2b0e60e6f000 r--p 00100000 00:24 3428781161                 /usr/lib64/libm-2.17.so
2b0e60e6f000-2b0e60e70000 rw-p 00101000 00:24 3428781161                 /usr/lib64/libm-2.17.so
2b0e60e70000-2b0e60e9d000 r-xp 00000000 00:2c 5669150                    /apps/gnu/8.4.0/lib64/libgomp.so.1.0.0
2b0e60e9d000-2b0e6109c000 ---p 0002d000 00:2c 5669150                    /apps/gnu/8.4.0/lib64/libgomp.so.1.0.0
2b0e6109c000-2b0e6109d000 r--p 0002c000 00:2c 5669150                    /apps/gnu/8.4.0/lib64/libgomp.so.1.0.0
2b0e6109d000-2b0e6109e000 rw-p 0002d000 00:2c 5669150                    /apps/gnu/8.4.0/lib64/libgomp.so.1.0.0
2b0e6109e000-2b0e610b5000 r-xp 00000000 00:2c 5669148                    /apps/gnu/8.4.0/lib64/libgcc_s.so.1
2b0e610b5000-2b0e612b4000 ---p 00017000 00:2c 5669148                    /apps/gnu/8.4.0/lib64/libgcc_s.so.1
2b0e612b4000-2b0e612b5000 r--p 00016000 00:2c 5669148                    /apps/gnu/8.4.0/lib64/libgcc_s.so.1
2b0e612b5000-2b0e612b6000 rw-p 00017000 00:2c 5669148                    /apps/gnu/8.4.0/lib64/libgcc_s.so.1
2b0e612b6000-2b0e612cd000 r-xp 00000000 00:24 3428781193                 /usr/lib64/libpthread-2.17.so
2b0e612cd000-2b0e614cc000 ---p 00017000 00:24 3428781193                 /usr/lib64/libpthread-2.17.so
2b0e614cc000-2b0e614cd000 r--p 00016000 00:24 3428781193                 /usr/lib64/libpthread-2.17.so
2b0e614cd000-2b0e614ce000 rw-p 00017000 00:24 3428781193                 /usr/lib64/libpthread-2.17.so
2b0e614ce000-2b0e614d2000 rw-p 00000000 00:00 0 
2b0e614d2000-2b0e61696000 r-xp 00000000 00:24 3428781146                 /usr/lib64/libc-2.17.so
2b0e61696000-2b0e61895000 ---p 001c4000 00:24 3428781146                 /usr/lib64/libc-2.17.so
2b0e61895000-2b0e61899000 r--p 001c3000 00:24 3428781146                 /usr/lib64/libc-2.17.so
2b0e61899000-2b0e6189b000 rw-p 001c7000 00:24 3428781146                 /usr/lib64/libc-2.17.so
2b0e6189b000-2b0e618a0000 rw-p 00000000 00:00 0 
2b0e618a0000-2b0e618a2000 r-xp 00000000 00:24 3428781159                 /usr/lib64/libdl-2.17.so
2b0e618a2000-2b0e61aa2000 ---p 00002000 00:24 3428781159                 /usr/lib64/libdl-2.17.so
2b0e61aa2000-2b0e61aa3000 r--p 00002000 00:24 3428781159                 /usr/lib64/libdl-2.17.so
2b0e61aa3000-2b0e61aa4000 rw-p 00003000 00:24 3428781159                 /usr/lib64/libdl-2.17.so
2b0e61aa4000-2b0e61aa8000 r-xp 00000000 00:2c 21954920                   /apps/xalt/2.10.29/lib64/libuuid.so.1.3.0
2b0e61aa8000-2b0e61ca7000 ---p 00004000 00:2c 21954920                   /apps/xalt/2.10.29/lib64/libuuid.so.1.3.0
2b0e61ca7000-2b0e61ca8000 r--p 00003000 00:2c 21954920                   /apps/xalt/2.10.29/lib64/libuuid.so.1.3.0
2b0e61ca8000-2b0e61ca9000 rw-p 00004000 00:2c 21954920                   /apps/xalt/2.10.29/lib64/libuuid.so.1.3.0
2b0e61ca9000-2b0e705c7000 rw-p 00000000 00:00 0 
2b0e7696c000-2b0e7696d000 ---p 00000000 00:00 0 
2b0e7696d000-2b0e76b6d000 rw-p 00000000 00:00 0 
2b0e76b6d000-2b0e76b6e000 ---p 00000000 00:00 0 
2b0e76b6e000-2b0e76d6e000 rw-p 00000000 00:00 0 
2b0e76d6e000-2b0e76d6f000 ---p 00000000 00:00 0 
2b0e76d6f000-2b0e76f6f000 rw-p 00000000 00:00 0 
2b0e76f6f000-2b0e76f70000 ---p 00000000 00:00 0 
2b0e76f70000-2b0e77170000 rw-p 00000000 00:00 0 
2b0e77170000-2b0e77171000 ---p 00000000 00:00 0 
2b0e77171000-2b0e77371000 rw-p 00000000 00:00 0 
2b0e77371000-2b0e77372000 ---p 00000000 00:00 0 
2b0e77372000-2b0e77572000 rw-p 00000000 00:00 0 
2b0e77572000-2b0e77573000 ---p 00000000 00:00 0 
2b0e77573000-2b0e77773000 rw-p 00000000 00:00 0 
2b0e77773000-2b0e77774000 ---p 00000000 00:00 0 
2b0e77774000-2b0e77974000 rw-p 00000000 00:00 0 
2b0e77974000-2b0e77975000 ---p 00000000 00:00 0 
2b0e77975000-2b0e77b75000 rw-p 00000000 00:00 0 
2b0e77b75000-2b0e77b76000 ---p 00000000 00:00 0 
2b0e77b76000-2b0e77d76000 rw-p 00000000 00:00 0 
2b0e77d76000-2b0e77d77000 ---p 00000000 00:00 0 
2b0e77d77000-2b0e77f77000 rw-p 00000000 00:00 0 
2b0e77f77000-2b0e77f78000 ---p 00000000 00:00 0 
2b0e77f78000-2b0e78178000 rw-p 00000000 00:00 0 
2b0e78178000-2b0e78179000 ---p 00000000 00:00 0 
2b0e78179000-2b0e78379000 rw-p 00000000 00:00 0 
2b0e78379000-2b0e7837a000 ---p 00000000 00:00 0 
2b0e7837a000-2b0e7857a000 rw-p 00000000 00:00 0 
2b0e7857a000-2b0e7857b000 ---p 00000000 00:00 0 
2b0e7857b000-2b0e7877b000 rw-p 00000000 00:00 0 
2b0e7877b000-2b0e7877c000 ---p 00000000 00:00 0 
2b0e7877c000-2b0e7897c000 rw-p 00000000 00:00 0 
2b0e7897c000-2b0e7897d000 ---p 00000000 00:00 0 
2b0e7897d000-2b0e78b7d000 rw-p 00000000 00:00 0 
2b0e78b7d000-2b0e78b7e000 ---p 00000000 00:00 0 
2b0e78b7e000-2b0e78d7e000 rw-p 00000000 00:00 0 
2b0e78d7e000-2b0e78d7f000 ---p 00000000 00:00 0 
2b0e78d7f000-2b0e78f7f000 rw-p 00000000 00:00 0 
2b0e7c000000-2b0e7c08d000 rw-p 00000000 00:00 0 
2b0e7c08d000-2b0e80000000 ---p 00000000 00:00 0 
2b0e80000000-2b0e80084000 rw-p 00000000 00:00 0 
2b0e80084000-2b0e84000000 ---p 00000000 00:00 0 
2b0e84000000-2b0e8408c000 rw-p 00000000 00:00 0 
2b0e8408c000-2b0e88000000 ---p 00000000 00:00 0 
2b0e88000000-2b0e8808a000 rw-p 00000000 00:00 0 
2b0e8808a000-2b0e8c000000 ---p 00000000 00:00 0 
2b0e8c000000-2b0e8c085000 rw-p 00000000 00:00 0 
2b0e8c085000-2b0e90000000 ---p 00000000 00:00 0 
2b0e90000000-2b0e90087000 rw-p 00000000 00:00 0 
2b0e90087000-2b0e94000000 ---p 00000000 00:00 0 
2b0e94000000-2b0e9408a000 rw-p 00000000 00:00 0 
2b0e9408a000-2b0e98000000 ---p 00000000 00:00 0 
2b0e98000000-2b0e98088000 rw-p 00000000 00:00 0 
2b0e98088000-2b0e9c000000 ---p 00000000 00:00 0 
2b0e9c000000-2b0e9c082000 rw-p 00000000 00:00 0 
2b0e9c082000-2b0ea0000000 ---p 00000000 00:00 0 
2b0ea0000000-2b0ea0089000 rw-p 00000000 00:00 0 
2b0ea0089000-2b0ea4000000 ---p 00000000 00:00 0 
2b0ea4000000-2b0ea4086000 rw-p 00000000 00:00 0 
2b0ea4086000-2b0ea8000000 ---p 00000000 00:00 0 
2b0ea8000000-2b0ea8084000 rw-p 00000000 00:00 0 
2b0ea8084000-2b0eac000000 ---p 00000000 00:00 0 
2b0eac000000-2b0eac082000 rw-p 00000000 00:00 0 
2b0eac082000-2b0eb0000000 ---p 00000000 00:00 0 
2b0eb0000000-2b0eb0084000 rw-p 00000000 00:00 0 
2b0eb0084000-2b0eb4000000 ---p 00000000 00:00 0 
2b0eb4000000-2b0eb4086000 rw-p 00000000 00:00 0 
2b0eb4086000-2b0eb8000000 ---p 00000000 00:00 0 
2b0eb8000000-2b0eb8089000 rw-p 00000000 00:00 0 
2b0eb8089000-2b0ebc000000 ---p 00000000 00:00 0 
2b0ebc000000-2b0ebc08c000 rw-p 00000000 00:00 0 
2b0ebc08c000-2b0ec0000000 ---p 00000000 00:00 0 
2b0ec0000000-2b0ec0087000 rw-p 00000000 00:00 0 
2b0ec0087000-2b0ec4000000 ---p 00000000 00:00 0 
2b0ec4000000-2b0ec4083000 rw-p 00000000 00:00 0 
2b0ec4083000-2b0ec8000000 ---p 00000000 00:00 0 
2b0ec8000000-2b0ec8081000 rw-p 00000000 00:00 0 
2b0ec8081000-2b0ecc000000 ---p 00000000 00:00 0 
2b0ecc000000-2b0ecc083000 rw-p 00000000 00:00 0 
2b0ecc083000-2b0ed0000000 ---p 00000000 00:00 0 
2b0ed0000000-2b0ed0084000 rw-p 00000000 00:00 0 
2b0ed0084000-2b0ed4000000 ---p 00000000 00:00 0 
2b0ed4000000-2b0ed4084000 rw-p 00000000 00:00 0 
2b0ed4084000-2b0ed8000000 ---p 00000000 00:00 0 
2b0ed8000000-2b0ed8085000 rw-p 00000000 00:00 0 
2b0ed8085000-2b0edc000000 ---p 00000000 00:00 0 
2b0edc000000-2b0edc084000 rw-p 00000000 00:00 0 
2b0edc084000-2b0ee0000000 ---p 00000000 00:00 0 
2b0ee0000000-2b0ee0081000 rw-p 00000000 00:00 0 
2b0ee0081000-2b0ee4000000 ---p 00000000 00:00 0 
2b0ee4000000-2b0ee4083000 rw-p 00000000 00:00 0 
2b0ee4083000-2b0ee8000000 ---p 00000000 00:00 0 
2b0ee8000000-2b0ee8084000 rw-p 00000000 00:00 0 
2b0ee8084000-2b0eec000000 ---p 00000000 00:00 0 
2b0eec000000-2b0eec08c000 rw-p 00000000 00:00 0 
2b0eec08c000-2b0ef0000000 ---p 00000000 00:00 0 
2b0ef0000000-2b0ef0085000 rw-p 00000000 00:00 0 
2b0ef0085000-2b0ef4000000 ---p 00000000 00:00 0 
2b0ef4000000-2b0ef4088000 rw-p 00000000 00:00 0 
2b0ef4088000-2b0ef8000000 ---p 00000000 00:00 0 
2b0ef8000000-2b0ef8089000 rw-p 00000000 00:00 0 
2b0ef8089000-2b0efc000000 ---p 00000000 00:00 0 
2b0efc000000-2b0efc081000 rw-p 00000000 00:00 0 
2b0efc081000-2b0f00000000 ---p 00000000 00:00 0 
2b0f00000000-2b0f00081000 rw-p 00000000 00:00 0 
2b0f00081000-2b0f04000000 ---p 00000000 00:00 0 
2b0f04000000-2b0f0408a000 rw-p 00000000 00:00 0 
2b0f0408a000-2b0f08000000 ---p 00000000 00:00 0 
2b0f08000000-2b0f0808a000 rw-p 00000000 00:00 0 
2b0f0808a000-2b0f0c000000 ---p 00000000 00:00 0 
2b0f0c000000-2b0f0c08b000 rw-p 00000000 00:00 0 
2b0f0c08b000-2b0f10000000 ---p 00000000 00:00 0 
2b0f10000000-2b0f10084000 rw-p 00000000 00:00 0 
2b0f10084000-2b0f14000000 ---p 00000000 00:00 0 
2b0f14000000-2b0f14087000 rw-p 00000000 00:00 0 
2b0f14087000-2b0f18000000 ---p 00000000 00:00 0 
2b0f18000000-2b0f18085000 rw-p 00000000 00:00 0 
2b0f18085000-2b0f1c000000 ---p 00000000 00:00 0 
2b0f1c000000-2b0f1c08a000 rw-p 00000000 00:00 0 
2b0f1c08a000-2b0f20000000 ---p 00000000 00:00 0 
2b0f20000000-2b0f20080000 rw-p 00000000 00:00 0 
2b0f20080000-2b0f24000000 ---p 00000000 00:00 0 
2b0f24000000-2b0f24082000 rw-p 00000000 00:00 0 
2b0f24082000-2b0f28000000 ---p 00000000 00:00 0 
2b0f28000000-2b0f28082000 rw-p 00000000 00:00 0 
2b0f28082000-2b0f2c000000 ---p 00000000 00:00 0 
2b0f2c000000-2b0f2c088000 rw-p 00000000 00:00 0 
2b0f2c088000-2b0f30000000 ---p 00000000 00:00 0 
2b0f30000000-2b0f30086000 rw-p 00000000 00:00 0 
2b0f30086000-2b0f34000000 ---p 00000000 00:00 0 
2b0f34000000-2b0f34087000 rw-p 00000000 00:00 0 
2b0f34087000-2b0f38000000 ---p 00000000 00:00 0 
2b0f38000000-2b0f38083000 rw-p 00000000 00:00 0 
2b0f38083000-2b0f3c000000 ---p 00000000 00:00 0 
2b0f3c000000-2b0f3c084000 rw-p 00000000 00:00 0 
2b0f3c084000-2b0f40000000 ---p 00000000 00:00 0 
2b0f40000000-2b0f40081000 rw-p 00000000 00:00 0 
2b0f40081000-2b0f44000000 ---p 00000000 00:00 0 
2b0f44000000-2b0f4408b000 rw-p 00000000 00:00 0 
2b0f4408b000-2b0f48000000 ---p 00000000 00:00 0 
2b0f48000000-2b0f4807f000 rw-p 00000000 00:00 0 
2b0f4807f000-2b0f4c000000 ---p 00000000 00:00 0 
2b0f4c000000-2b0f4c080000 rw-p 00000000 00:00 0 
2b0f4c080000-2b0f50000000 ---p 00000000 00:00 0 
2b0f50000000-2b0f50081000 rw-p 00000000 00:00 0 
2b0f50081000-2b0f54000000 ---p 00000000 00:00 0 
2b0f54000000-2b0f54084000 rw-p 00000000 00:00 0 
2b0f54084000-2b0f58000000 ---p 00000000 00:00 0 
2b0f58000000-2b0f58087000 rw-p 00000000 00:00 0 
2b0f58087000-2b0f5c000000 ---p 00000000 00:00 0 
2b0f5c000000-2b0f5c082000 rw-p 00000000 00:00 0 
2b0f5c082000-2b0f60000000 ---p 00000000 00:00 0 
2b0f60000000-2b0f60086000 rw-p 00000000 00:00 0 
2b0f60086000-2b0f64000000 ---p 00000000 00:00 0 
2b0f64000000-2b0f64089000 rw-p 00000000 00:00 0 
2b0f64089000-2b0f68000000 ---p 00000000 00:00 0 
2b0f68000000-2b0f68081000 rw-p 00000000 00:00 0 
2b0f68081000-2b0f6c000000 ---p 00000000 00:00 0 
2b0f6c000000-2b0f6c081000 rw-p 00000000 00:00 0 
2b0f6c081000-2b0f70000000 ---p 00000000 00:00 0 
2b0f70000000-2b0f70089000 rw-p 00000000 00:00 0 
2b0f70089000-2b0f74000000 ---p 00000000 00:00 0 
2b0f74000000-2b0f74090000 rw-p 00000000 00:00 0 
2b0f74090000-2b0f78000000 ---p 00000000 00:00 0 
2b0f78000000-2b0f78089000 rw-p 00000000 00:00 0 
2b0f78089000-2b0f7c000000 ---p 00000000 00:00 0 
2b0f7c000000-2b0f7c087000 rw-p 00000000 00:00 0 
2b0f7c087000-2b0f80000000 ---p 00000000 00:00 0 
2b0f80000000-2b0f80089000 rw-p 00000000 00:00 0 
2b0f80089000-2b0f84000000 ---p 00000000 00:00 0 
2b0f84000000-2b0f84081000 rw-p 00000000 00:00 0 
2b0f84081000-2b0f88000000 ---p 00000000 00:00 0 
2b0f88000000-2b0f8808c000 rw-p 00000000 00:00 0 
2b0f8808c000-2b0f8c000000 ---p 00000000 00:00 0 
2b0f8c000000-2b0f8c083000 rw-p 00000000 00:00 0 
2b0f8c083000-2b0f90000000 ---p 00000000 00:00 0 
2b0f90000000-2b0f90085000 rw-p 00000000 00:00 0 
2b0f90085000-2b0f94000000 ---p 00000000 00:00 0 
2b0f94000000-2b0f9408b000 rw-p 00000000 00:00 0 
2b0f9408b000-2b0f98000000 ---p 00000000 00:00 0 
2b0f98000000-2b0f98081000 rw-p 00000000 00:00 0 
2b0f98081000-2b0f9c000000 ---p 00000000 00:00 0 
2b0f9c000000-2b0f9c086000 rw-p 00000000 00:00 0 
2b0f9c086000-2b0fa0000000 ---p 00000000 00:00 0 
2b0fa0000000-2b0fa0084000 rw-p 00000000 00:00 0 
2b0fa0084000-2b0fa4000000 ---p 00000000 00:00 0 
2b0fa4000000-2b0fa4080000 rw-p 00000000 00:00 0 
2b0fa4080000-2b0fa8000000 ---p 00000000 00:00 0 
2b0fa8000000-2b0fa8084000 rw-p 00000000 00:00 0 
2b0fa8084000-2b0fac000000 ---p 00000000 00:00 0 
2b0fac000000-2b0fac082000 rw-p 00000000 00:00 0 
2b0fac082000-2b0fb0000000 ---p 00000000 00:00 0 
2b0fb0000000-2b0fb0082000 rw-p 00000000 00:00 0 
2b0fb0082000-2b0fb4000000 ---p 00000000 00:00 0 
2b0fb4000000-2b0fb4087000 rw-p 00000000 00:00 0 
2b0fb4087000-2b0fb8000000 ---p 00000000 00:00 0 
2b0fb8000000-2b0fb8085000 rw-p 00000000 00:00 0 
2b0fb8085000-2b0fbc000000 ---p 00000000 00:00 0 
2b0fbc000000-2b0fbc080000 rw-p 00000000 00:00 0 
2b0fbc080000-2b0fc0000000 ---p 00000000 00:00 0 
2b0fc0000000-2b0fc008a000 rw-p 00000000 00:00 0 
2b0fc008a000-2b0fc4000000 ---p 00000000 00:00 0 
2b0fc4000000-2b0fc4084000 rw-p 00000000 00:00 0 
2b0fc4084000-2b0fc8000000 ---p 00000000 00:00 0 
2b0fc8000000-2b0fc808b000 rw-p 00000000 00:00 0 
2b0fc808b000-2b0fcc000000 ---p 00000000 00:00 0 
2b0fcc000000-2b0fcc08b000 rw-p 00000000 00:00 0 
2b0fcc08b000-2b0fd0000000 ---p 00000000 00:00 0 
2b0fd0000000-2b0fd0081000 rw-p 00000000 00:00 0 
2b0fd0081000-2b0fd4000000 ---p 00000000 00:00 0 
2b0fd4000000-2b0fd4084000 rw-p 00000000 00:00 0 
2b0fd4084000-2b0fd8000000 ---p 00000000 00:00 0 
2b0fd8000000-2b0fd808b000 rw-p 00000000 00:00 0 
2b0fd808b000-2b0fdc000000 ---p 00000000 00:00 0 
2b0fdc000000-2b0fdc083000 rw-p 00000000 00:00 0 
2b0fdc083000-2b0fe0000000 ---p 00000000 00:00 0 
2b0fe0000000-2b0fe0084000 rw-p 00000000 00:00 0 
2b0fe0084000-2b0fe4000000 ---p 00000000 00:00 0 
2b0fe4000000-2b0fe4085000 rw-p 00000000 00:00 0 
2b0fe4085000-2b0fe8000000 ---p 00000000 00:00 0 
2b0fe8000000-2b0fe8082000 rw-p 00000000 00:00 0 
2b0fe8082000-2b0fec000000 ---p 00000000 00:00 0 
2b0fec000000-2b0fec083000 rw-p 00000000 00:00 0 
2b0fec083000-2b0ff0000000 ---p 00000000 00:00 0 
2b0ff0000000-2b0ff0089000 rw-p 00000000 00:00 0 
2b0ff0089000-2b0ff4000000 ---p 00000000 00:00 0 
2b0ff4000000-2b0ff4087000 rw-p 00000000 00:00 0 
2b0ff4087000-2b0ff8000000 ---p 00000000 00:00 0 
2b0ff8000000-2b0ff8088000 rw-p 00000000 00:00 0 
2b0ff8088000-2b0ffc000000 ---p 00000000 00:00 0 
7fff34e7f000-7fff34ea3000 rw-p 00000000 00:00 0                          [stack]
7fff34eba000-7fff34ebc000 r-xp 00000000 00:00 0                          [vdso]
ffffffffff600000-ffffffffff601000 r-xp 00000000 00:00 0                  [vsyscall]

******************************************************************************************************
                                                                                    1180-4:24:19
*****************************************************************************************************


Command terminated by signal 6
	Command being timed: "./lgo lastfm 100 2 18 0.1 1.0 24"
	User time (seconds): 127.70
	System time (seconds): 1.19
	Percent of CPU this job got: 99%
	Elapsed (wall clock) time (h:mm:ss or m:ss): 2:09.77
	Average shared text size (kbytes): 0
	Average unshared data size (kbytes): 0
	Average stack size (kbytes): 0
	Average total size (kbytes): 0
	Maximum resident set size (kbytes): 477072
	Average resident set size (kbytes): 0
	Major (requiring I/O) page faults: 1
	Minor (reclaiming a frame) page faults: 171748
	Voluntary context switches: 110853
	Involuntary context switches: 29792
	Swaps: 0
	File system inputs: 680
	File system outputs: 1220936
	Socket messages sent: 0
	Socket messages received: 0
	Signals delivered: 0
	Page size (bytes): 4096
	Exit status: 0
