C++17!
Using LSH-Graph for lastfm ...
c=        1.5
k=        100
L=        2
K=        18
T=        12
lsh_UB=   0
LOADING DATA...
Load from new file: /users/PAS2671/kabir36/kabir/similarity-search/dataset/lastfm/
N=    292385
dim=  65

LOADING TIME: 0.150196s.

LOADING BENMARK...
LOADING TIME: 0.000476s.

mkdir: missing operand
Try 'mkdir --help' for more information.

START HASHING...

SETTING HASH PARAMETER...
SETTING TIME: 5.9e-05s.

COMPUTING HASH...
COMPUTING TIME: 0.179634s.

[31mOld W=    0.3
New W=    0.3
Increase  1times.
[0mCONSTRUCTING GRAPH...

0%   10   20   30   40   50   60   70   80   90   100%
|----|----|----|----|----|----|----|----|----|----|
***************************************************
CONSTRUCTING TIME: 81.2813s.

SAVING GRAPH...
SAVING TIME: 0.297189s.

dist=0.011099, cnt=17.962645, unique=1, std=4.794093, Recall=0.000000
cc=530.093567, pruning=0.224465

Loading FastGraph...
*******************************************************************************************************
The result of LSH-G for lastfm is as follow: k=100, probQ = 0.9, L = 2, K = 18, T = 12
******************************************************************************************************
     algName       k      ef        Time      Recall        Cost        CPQ1        CPQ2     Pruning

       fastG     100     200     0.24911      0.8196     1086.87     430.151     1517.02    0.236385

*** Error in `./lgo': free(): invalid pointer: 0x0000000004bdea21 ***
======= Backtrace: =========
/lib64/libc.so.6(+0x81329)[0x2b119e7d5329]
./lgo[0x40bb5e]
./lgo[0x408415]
/lib64/libc.so.6(__libc_start_main+0xf5)[0x2b119e776555]
./lgo[0x408e0c]
======= Memory map: ========
00400000-00449000 r-xp 00000000 00:3c 1794793                            /users/PAS2671/kabir36/kabir/similarity-search/models/LSH-APG/cppCode/LSH-APG/lgo
00648000-0064a000 r--p 00048000 00:3c 1794793                            /users/PAS2671/kabir36/kabir/similarity-search/models/LSH-APG/cppCode/LSH-APG/lgo
0064a000-0064b000 rw-p 0004a000 00:3c 1794793                            /users/PAS2671/kabir36/kabir/similarity-search/models/LSH-APG/cppCode/LSH-APG/lgo
01ab7000-0cf33000 rw-p 00000000 00:00 0                                  [heap]
2b119d406000-2b119d428000 r-xp 00000000 00:24 3428292698                 /usr/lib64/ld-2.17.so
2b119d428000-2b119d42f000 rw-p 00000000 00:00 0 
2b119d475000-2b119d47c000 rw-p 00000000 00:00 0 
2b119d627000-2b119d628000 r--p 00021000 00:24 3428292698                 /usr/lib64/ld-2.17.so
2b119d628000-2b119d629000 rw-p 00022000 00:24 3428292698                 /usr/lib64/ld-2.17.so
2b119d629000-2b119d62a000 rw-p 00000000 00:00 0 
2b119d62a000-2b119d662000 r-xp 00000000 00:2c 19202863                   /apps/xalt/2.10.29/lib64/libxalt_init.so
2b119d662000-2b119d862000 ---p 00038000 00:2c 19202863                   /apps/xalt/2.10.29/lib64/libxalt_init.so
2b119d862000-2b119d863000 r--p 00038000 00:2c 19202863                   /apps/xalt/2.10.29/lib64/libxalt_init.so
2b119d863000-2b119d864000 rw-p 00039000 00:2c 19202863                   /apps/xalt/2.10.29/lib64/libxalt_init.so
2b119d864000-2b119d865000 rw-p 00000000 00:00 0 
2b119d865000-2b119d86c000 r-xp 00000000 00:24 3428781212                 /usr/lib64/librt-2.17.so
2b119d86c000-2b119da6b000 ---p 00007000 00:24 3428781212                 /usr/lib64/librt-2.17.so
2b119da6b000-2b119da6c000 r--p 00006000 00:24 3428781212                 /usr/lib64/librt-2.17.so
2b119da6c000-2b119da6d000 rw-p 00007000 00:24 3428781212                 /usr/lib64/librt-2.17.so
2b119da6d000-2b119dbe1000 r-xp 00000000 00:2c 7905980                    /apps/gnu/8.4.0/lib64/libstdc++.so.6.0.25
2b119dbe1000-2b119dde0000 ---p 00174000 00:2c 7905980                    /apps/gnu/8.4.0/lib64/libstdc++.so.6.0.25
2b119dde0000-2b119ddea000 r--p 00173000 00:2c 7905980                    /apps/gnu/8.4.0/lib64/libstdc++.so.6.0.25
2b119ddea000-2b119ddec000 rw-p 0017d000 00:2c 7905980                    /apps/gnu/8.4.0/lib64/libstdc++.so.6.0.25
2b119ddec000-2b119ddf0000 rw-p 00000000 00:00 0 
2b119ddf0000-2b119def1000 r-xp 00000000 00:24 3428781161                 /usr/lib64/libm-2.17.so
2b119def1000-2b119e0f0000 ---p 00101000 00:24 3428781161                 /usr/lib64/libm-2.17.so
2b119e0f0000-2b119e0f1000 r--p 00100000 00:24 3428781161                 /usr/lib64/libm-2.17.so
2b119e0f1000-2b119e0f2000 rw-p 00101000 00:24 3428781161                 /usr/lib64/libm-2.17.so
2b119e0f2000-2b119e11f000 r-xp 00000000 00:2c 5669150                    /apps/gnu/8.4.0/lib64/libgomp.so.1.0.0
2b119e11f000-2b119e31e000 ---p 0002d000 00:2c 5669150                    /apps/gnu/8.4.0/lib64/libgomp.so.1.0.0
2b119e31e000-2b119e31f000 r--p 0002c000 00:2c 5669150                    /apps/gnu/8.4.0/lib64/libgomp.so.1.0.0
2b119e31f000-2b119e320000 rw-p 0002d000 00:2c 5669150                    /apps/gnu/8.4.0/lib64/libgomp.so.1.0.0
2b119e320000-2b119e337000 r-xp 00000000 00:2c 5669148                    /apps/gnu/8.4.0/lib64/libgcc_s.so.1
2b119e337000-2b119e536000 ---p 00017000 00:2c 5669148                    /apps/gnu/8.4.0/lib64/libgcc_s.so.1
2b119e536000-2b119e537000 r--p 00016000 00:2c 5669148                    /apps/gnu/8.4.0/lib64/libgcc_s.so.1
2b119e537000-2b119e538000 rw-p 00017000 00:2c 5669148                    /apps/gnu/8.4.0/lib64/libgcc_s.so.1
2b119e538000-2b119e54f000 r-xp 00000000 00:24 3428781193                 /usr/lib64/libpthread-2.17.so
2b119e54f000-2b119e74e000 ---p 00017000 00:24 3428781193                 /usr/lib64/libpthread-2.17.so
2b119e74e000-2b119e74f000 r--p 00016000 00:24 3428781193                 /usr/lib64/libpthread-2.17.so
2b119e74f000-2b119e750000 rw-p 00017000 00:24 3428781193                 /usr/lib64/libpthread-2.17.so
2b119e750000-2b119e754000 rw-p 00000000 00:00 0 
2b119e754000-2b119e918000 r-xp 00000000 00:24 3428781146                 /usr/lib64/libc-2.17.so
2b119e918000-2b119eb17000 ---p 001c4000 00:24 3428781146                 /usr/lib64/libc-2.17.so
2b119eb17000-2b119eb1b000 r--p 001c3000 00:24 3428781146                 /usr/lib64/libc-2.17.so
2b119eb1b000-2b119eb1d000 rw-p 001c7000 00:24 3428781146                 /usr/lib64/libc-2.17.so
2b119eb1d000-2b119eb22000 rw-p 00000000 00:00 0 
2b119eb22000-2b119eb24000 r-xp 00000000 00:24 3428781159                 /usr/lib64/libdl-2.17.so
2b119eb24000-2b119ed24000 ---p 00002000 00:24 3428781159                 /usr/lib64/libdl-2.17.so
2b119ed24000-2b119ed25000 r--p 00002000 00:24 3428781159                 /usr/lib64/libdl-2.17.so
2b119ed25000-2b119ed26000 rw-p 00003000 00:24 3428781159                 /usr/lib64/libdl-2.17.so
2b119ed26000-2b119ed2a000 r-xp 00000000 00:2c 21954920                   /apps/xalt/2.10.29/lib64/libuuid.so.1.3.0
2b119ed2a000-2b119ef29000 ---p 00004000 00:2c 21954920                   /apps/xalt/2.10.29/lib64/libuuid.so.1.3.0
2b119ef29000-2b119ef2a000 r--p 00003000 00:2c 21954920                   /apps/xalt/2.10.29/lib64/libuuid.so.1.3.0
2b119ef2a000-2b119ef2b000 rw-p 00004000 00:2c 21954920                   /apps/xalt/2.10.29/lib64/libuuid.so.1.3.0
2b119ef2b000-2b11abd84000 rw-p 00000000 00:00 0 
2b11b3bee000-2b11b3bef000 ---p 00000000 00:00 0 
2b11b3bef000-2b11b3def000 rw-p 00000000 00:00 0 
2b11b3def000-2b11b3df0000 ---p 00000000 00:00 0 
2b11b3df0000-2b11b3ff0000 rw-p 00000000 00:00 0 
2b11b3ff0000-2b11b3ff1000 ---p 00000000 00:00 0 
2b11b3ff1000-2b11b41f1000 rw-p 00000000 00:00 0 
2b11b41f1000-2b11b41f2000 ---p 00000000 00:00 0 
2b11b41f2000-2b11b43f2000 rw-p 00000000 00:00 0 
2b11b43f2000-2b11b43f3000 ---p 00000000 00:00 0 
2b11b43f3000-2b11b45f3000 rw-p 00000000 00:00 0 
2b11b45f3000-2b11b45f4000 ---p 00000000 00:00 0 
2b11b45f4000-2b11b47f4000 rw-p 00000000 00:00 0 
2b11b47f4000-2b11b47f5000 ---p 00000000 00:00 0 
2b11b47f5000-2b11b49f5000 rw-p 00000000 00:00 0 
2b11b49f5000-2b11b49f6000 ---p 00000000 00:00 0 
2b11b49f6000-2b11b4bf6000 rw-p 00000000 00:00 0 
2b11b4bf6000-2b11b4bf7000 ---p 00000000 00:00 0 
2b11b4bf7000-2b11b4df7000 rw-p 00000000 00:00 0 
2b11b4df7000-2b11b4df8000 ---p 00000000 00:00 0 
2b11b4df8000-2b11b4ff8000 rw-p 00000000 00:00 0 
2b11b4ff8000-2b11b4ff9000 ---p 00000000 00:00 0 
2b11b4ff9000-2b11b51f9000 rw-p 00000000 00:00 0 
2b11b51f9000-2b11b51fa000 ---p 00000000 00:00 0 
2b11b51fa000-2b11b53fa000 rw-p 00000000 00:00 0 
2b11b53fa000-2b11b53fb000 ---p 00000000 00:00 0 
2b11b53fb000-2b11b55fb000 rw-p 00000000 00:00 0 
2b11b55fb000-2b11b55fc000 ---p 00000000 00:00 0 
2b11b55fc000-2b11b57fc000 rw-p 00000000 00:00 0 
2b11b57fc000-2b11b57fd000 ---p 00000000 00:00 0 
2b11b57fd000-2b11b59fd000 rw-p 00000000 00:00 0 
2b11b59fd000-2b11b59fe000 ---p 00000000 00:00 0 
2b11b59fe000-2b11b5bfe000 rw-p 00000000 00:00 0 
2b11b5bfe000-2b11b5bff000 ---p 00000000 00:00 0 
2b11b5bff000-2b11b5dff000 rw-p 00000000 00:00 0 
2b11b5dff000-2b11b5e00000 ---p 00000000 00:00 0 
2b11b5e00000-2b11b6000000 rw-p 00000000 00:00 0 
2b11b6000000-2b11b6001000 ---p 00000000 00:00 0 
2b11b6001000-2b11b6201000 rw-p 00000000 00:00 0 
2b11b8000000-2b11b807d000 rw-p 00000000 00:00 0 
2b11b807d000-2b11bc000000 ---p 00000000 00:00 0 
2b11bc000000-2b11bc075000 rw-p 00000000 00:00 0 
2b11bc075000-2b11c0000000 ---p 00000000 00:00 0 
2b11c0000000-2b11c0077000 rw-p 00000000 00:00 0 
2b11c0077000-2b11c4000000 ---p 00000000 00:00 0 
2b11c4000000-2b11c4075000 rw-p 00000000 00:00 0 
2b11c4075000-2b11c8000000 ---p 00000000 00:00 0 
2b11c8000000-2b11c8077000 rw-p 00000000 00:00 0 
2b11c8077000-2b11cc000000 ---p 00000000 00:00 0 
2b11cc000000-2b11cc076000 rw-p 00000000 00:00 0 
2b11cc076000-2b11d0000000 ---p 00000000 00:00 0 
2b11d0000000-2b11d0078000 rw-p 00000000 00:00 0 
2b11d0078000-2b11d4000000 ---p 00000000 00:00 0 
2b11d4000000-2b11d4078000 rw-p 00000000 00:00 0 
2b11d4078000-2b11d8000000 ---p 00000000 00:00 0 
2b11d8000000-2b11d8074000 rw-p 00000000 00:00 0 
2b11d8074000-2b11dc000000 ---p 00000000 00:00 0 
2b11dc000000-2b11dc07c000 rw-p 00000000 00:00 0 
2b11dc07c000-2b11e0000000 ---p 00000000 00:00 0 
2b11e0000000-2b11e0075000 rw-p 00000000 00:00 0 
2b11e0075000-2b11e4000000 ---p 00000000 00:00 0 
2b11e4000000-2b11e407b000 rw-p 00000000 00:00 0 
2b11e407b000-2b11e8000000 ---p 00000000 00:00 0 
2b11e8000000-2b11e8077000 rw-p 00000000 00:00 0 
2b11e8077000-2b11ec000000 ---p 00000000 00:00 0 
2b11ec000000-2b11ec079000 rw-p 00000000 00:00 0 
2b11ec079000-2b11f0000000 ---p 00000000 00:00 0 
2b11f0000000-2b11f007b000 rw-p 00000000 00:00 0 
2b11f007b000-2b11f4000000 ---p 00000000 00:00 0 
2b11f4000000-2b11f407d000 rw-p 00000000 00:00 0 
2b11f407d000-2b11f8000000 ---p 00000000 00:00 0 
2b11f8000000-2b11f8075000 rw-p 00000000 00:00 0 
2b11f8075000-2b11fc000000 ---p 00000000 00:00 0 
2b11fc000000-2b11fc071000 rw-p 00000000 00:00 0 
2b11fc071000-2b1200000000 ---p 00000000 00:00 0 
2b1200000000-2b1200075000 rw-p 00000000 00:00 0 
2b1200075000-2b1204000000 ---p 00000000 00:00 0 
2b1204000000-2b1204079000 rw-p 00000000 00:00 0 
2b1204079000-2b1208000000 ---p 00000000 00:00 0 
2b1208000000-2b120807b000 rw-p 00000000 00:00 0 
2b120807b000-2b120c000000 ---p 00000000 00:00 0 
2b120c000000-2b120c076000 rw-p 00000000 00:00 0 
2b120c076000-2b1210000000 ---p 00000000 00:00 0 
2b1210000000-2b1210078000 rw-p 00000000 00:00 0 
2b1210078000-2b1214000000 ---p 00000000 00:00 0 
2b1214000000-2b1214076000 rw-p 00000000 00:00 0 
2b1214076000-2b1218000000 ---p 00000000 00:00 0 
2b1218000000-2b1218075000 rw-p 00000000 00:00 0 
2b1218075000-2b121c000000 ---p 00000000 00:00 0 
2b121c000000-2b121c07a000 rw-p 00000000 00:00 0 
2b121c07a000-2b1220000000 ---p 00000000 00:00 0 
2b1220000000-2b1220075000 rw-p 00000000 00:00 0 
2b1220075000-2b1224000000 ---p 00000000 00:00 0 
2b1224000000-2b1224076000 rw-p 00000000 00:00 0 
2b1224076000-2b1228000000 ---p 00000000 00:00 0 
2b1228000000-2b122807b000 rw-p 00000000 00:00 0 
2b122807b000-2b122c000000 ---p 00000000 00:00 0 
2b122c000000-2b122c077000 rw-p 00000000 00:00 0 
2b122c077000-2b1230000000 ---p 00000000 00:00 0 
2b1230000000-2b123007b000 rw-p 00000000 00:00 0 
2b123007b000-2b1234000000 ---p 00000000 00:00 0 
2b1234000000-2b1234076000 rw-p 00000000 00:00 0 
2b1234076000-2b1238000000 ---p 00000000 00:00 0 
2b1238000000-2b1238074000 rw-p 00000000 00:00 0 
2b1238074000-2b123c000000 ---p 00000000 00:00 0 
2b123c000000-2b123c074000 rw-p 00000000 00:00 0 
2b123c074000-2b1240000000 ---p 00000000 00:00 0 
2b1240000000-2b1240073000 rw-p 00000000 00:00 0 
2b1240073000-2b1244000000 ---p 00000000 00:00 0 
2b1244000000-2b1244077000 rw-p 00000000 00:00 0 
2b1244077000-2b1248000000 ---p 00000000 00:00 0 
2b1248000000-2b124807d000 rw-p 00000000 00:00 0 
2b124807d000-2b124c000000 ---p 00000000 00:00 0 
2b124c000000-2b124c076000 rw-p 00000000 00:00 0 
2b124c076000-2b1250000000 ---p 00000000 00:00 0 
2b1250000000-2b125007d000 rw-p 00000000 00:00 0 
2b125007d000-2b1254000000 ---p 00000000 00:00 0 
2b1254000000-2b125407f000 rw-p 00000000 00:00 0 
2b125407f000-2b1258000000 ---p 00000000 00:00 0 
2b1258000000-2b1258078000 rw-p 00000000 00:00 0 
2b1258078000-2b125c000000 ---p 00000000 00:00 0 
2b125c000000-2b125c073000 rw-p 00000000 00:00 0 
2b125c073000-2b1260000000 ---p 00000000 00:00 0 
2b1260000000-2b126007f000 rw-p 00000000 00:00 0 
2b126007f000-2b1264000000 ---p 00000000 00:00 0 
2b1264000000-2b1264078000 rw-p 00000000 00:00 0 
2b1264078000-2b1268000000 ---p 00000000 00:00 0 
2b1268000000-2b1268075000 rw-p 00000000 00:00 0 
2b1268075000-2b126c000000 ---p 00000000 00:00 0 
2b126c000000-2b126c077000 rw-p 00000000 00:00 0 
2b126c077000-2b1270000000 ---p 00000000 00:00 0 
2b1270000000-2b127007b000 rw-p 00000000 00:00 0 
2b127007b000-2b1274000000 ---p 00000000 00:00 0 
2b1274000000-2b1274076000 rw-p 00000000 00:00 0 
2b1274076000-2b1278000000 ---p 00000000 00:00 0 
2b1278000000-2b1278079000 rw-p 00000000 00:00 0 
2b1278079000-2b127c000000 ---p 00000000 00:00 0 
2b127c000000-2b127c07f000 rw-p 00000000 00:00 0 
2b127c07f000-2b1280000000 ---p 00000000 00:00 0 
2b1280000000-2b1280077000 rw-p 00000000 00:00 0 
2b1280077000-2b1284000000 ---p 00000000 00:00 0 
2b1284000000-2b1284079000 rw-p 00000000 00:00 0 
2b1284079000-2b1288000000 ---p 00000000 00:00 0 
2b1288000000-2b128807a000 rw-p 00000000 00:00 0 
2b128807a000-2b128c000000 ---p 00000000 00:00 0 
2b128c000000-2b128c076000 rw-p 00000000 00:00 0 
2b128c076000-2b1290000000 ---p 00000000 00:00 0 
2b1290000000-2b129006f000 rw-p 00000000 00:00 0 
2b129006f000-2b1294000000 ---p 00000000 00:00 0 
2b1294000000-2b1294077000 rw-p 00000000 00:00 0 
2b1294077000-2b1298000000 ---p 00000000 00:00 0 
2b1298000000-2b1298074000 rw-p 00000000 00:00 0 
2b1298074000-2b129c000000 ---p 00000000 00:00 0 
2b129c000000-2b129c077000 rw-p 00000000 00:00 0 
2b129c077000-2b12a0000000 ---p 00000000 00:00 0 
2b12a0000000-2b12a0078000 rw-p 00000000 00:00 0 
2b12a0078000-2b12a4000000 ---p 00000000 00:00 0 
2b12a4000000-2b12a407b000 rw-p 00000000 00:00 0 
2b12a407b000-2b12a8000000 ---p 00000000 00:00 0 
2b12a8000000-2b12a8075000 rw-p 00000000 00:00 0 
2b12a8075000-2b12ac000000 ---p 00000000 00:00 0 
2b12ac000000-2b12ac076000 rw-p 00000000 00:00 0 
2b12ac076000-2b12b0000000 ---p 00000000 00:00 0 
2b12b0000000-2b12b007e000 rw-p 00000000 00:00 0 
2b12b007e000-2b12b4000000 ---p 00000000 00:00 0 
2b12b4000000-2b12b407a000 rw-p 00000000 00:00 0 
2b12b407a000-2b12b8000000 ---p 00000000 00:00 0 
2b12b8000000-2b12b8074000 rw-p 00000000 00:00 0 
2b12b8074000-2b12bc000000 ---p 00000000 00:00 0 
2b12bc000000-2b12bc078000 rw-p 00000000 00:00 0 
2b12bc078000-2b12c0000000 ---p 00000000 00:00 0 
2b12c0000000-2b12c0076000 rw-p 00000000 00:00 0 
2b12c0076000-2b12c4000000 ---p 00000000 00:00 0 
2b12c4000000-2b12c4076000 rw-p 00000000 00:00 0 
2b12c4076000-2b12c8000000 ---p 00000000 00:00 0 
2b12c8000000-2b12c8074000 rw-p 00000000 00:00 0 
2b12c8074000-2b12cc000000 ---p 00000000 00:00 0 
2b12cc000000-2b12cc076000 rw-p 00000000 00:00 0 
2b12cc076000-2b12d0000000 ---p 00000000 00:00 0 
2b12d0000000-2b12d0077000 rw-p 00000000 00:00 0 
2b12d0077000-2b12d4000000 ---p 00000000 00:00 0 
2b12d4000000-2b12d4077000 rw-p 00000000 00:00 0 
2b12d4077000-2b12d8000000 ---p 00000000 00:00 0 
2b12d8000000-2b12d807f000 rw-p 00000000 00:00 0 
2b12d807f000-2b12dc000000 ---p 00000000 00:00 0 
2b12dc000000-2b12dc07b000 rw-p 00000000 00:00 0 
2b12dc07b000-2b12e0000000 ---p 00000000 00:00 0 
2b12e0000000-2b12e0075000 rw-p 00000000 00:00 0 
2b12e0075000-2b12e4000000 ---p 00000000 00:00 0 
2b12e4000000-2b12e4076000 rw-p 00000000 00:00 0 
2b12e4076000-2b12e8000000 ---p 00000000 00:00 0 
2b12e8000000-2b12e807a000 rw-p 00000000 00:00 0 
2b12e807a000-2b12ec000000 ---p 00000000 00:00 0 
2b12ec000000-2b12ec075000 rw-p 00000000 00:00 0 
2b12ec075000-2b12f0000000 ---p 00000000 00:00 0 
2b12f0000000-2b12f007a000 rw-p 00000000 00:00 0 
2b12f007a000-2b12f4000000 ---p 00000000 00:00 0 
2b12f4000000-2b12f4074000 rw-p 00000000 00:00 0 
2b12f4074000-2b12f8000000 ---p 00000000 00:00 0 
2b12f8000000-2b12f807a000 rw-p 00000000 00:00 0 
2b12f807a000-2b12fc000000 ---p 00000000 00:00 0 
2b12fc000000-2b12fc078000 rw-p 00000000 00:00 0 
2b12fc078000-2b1300000000 ---p 00000000 00:00 0 
2b1300000000-2b1300076000 rw-p 00000000 00:00 0 
2b1300076000-2b1304000000 ---p 00000000 00:00 0 
2b1304000000-2b1304076000 rw-p 00000000 00:00 0 
2b1304076000-2b1308000000 ---p 00000000 00:00 0 
2b1308000000-2b1308077000 rw-p 00000000 00:00 0 
2b1308077000-2b130c000000 ---p 00000000 00:00 0 
2b130c000000-2b130c074000 rw-p 00000000 00:00 0 
2b130c074000-2b1310000000 ---p 00000000 00:00 0 
2b1310000000-2b1310075000 rw-p 00000000 00:00 0 
2b1310075000-2b1314000000 ---p 00000000 00:00 0 
2b1314000000-2b1314074000 rw-p 00000000 00:00 0 
2b1314074000-2b1318000000 ---p 00000000 00:00 0 
2b1318000000-2b1318074000 rw-p 00000000 00:00 0 
2b1318074000-2b131c000000 ---p 00000000 00:00 0 
2b131c000000-2b131c075000 rw-p 00000000 00:00 0 
2b131c075000-2b1320000000 ---p 00000000 00:00 0 
2b1320000000-2b1320074000 rw-p 00000000 00:00 0 
2b1320074000-2b1324000000 ---p 00000000 00:00 0 
2b1324000000-2b1324075000 rw-p 00000000 00:00 0 
2b1324075000-2b1328000000 ---p 00000000 00:00 0 
2b1328000000-2b1328074000 rw-p 00000000 00:00 0 
2b1328074000-2b132c000000 ---p 00000000 00:00 0 
2b132c000000-2b132c077000 rw-p 00000000 00:00 0 
2b132c077000-2b1330000000 ---p 00000000 00:00 0 
2b1330000000-2b133007e000 rw-p 00000000 00:00 0 
2b133007e000-2b1334000000 ---p 00000000 00:00 0 
2b1334000000-2b1334075000 rw-p 00000000 00:00 0 
2b1334075000-2b1338000000 ---p 00000000 00:00 0 
7ffe75970000-7ffe75994000 rw-p 00000000 00:00 0                          [stack]
7ffe759a4000-7ffe759a6000 r-xp 00000000 00:00 0                          [vdso]
ffffffffff600000-ffffffffff601000 r-xp 00000000 00:00 0                  [vsyscall]

******************************************************************************************************
                                                                                    1180-4:22:9
*****************************************************************************************************


Command terminated by signal 6
	Command being timed: "./lgo lastfm 100 2 18 0.1 1.0 12"
	User time (seconds): 81.31
	System time (seconds): 0.93
	Percent of CPU this job got: 99%
	Elapsed (wall clock) time (h:mm:ss or m:ss): 1:22.90
	Average shared text size (kbytes): 0
	Average unshared data size (kbytes): 0
	Average stack size (kbytes): 0
	Average total size (kbytes): 0
	Maximum resident set size (kbytes): 444624
	Average resident set size (kbytes): 0
	Major (requiring I/O) page faults: 0
	Minor (reclaiming a frame) page faults: 100694
	Voluntary context switches: 89131
	Involuntary context switches: 19542
	Swaps: 0
	File system inputs: 0
	File system outputs: 1072640
	Socket messages sent: 0
	Socket messages received: 0
	Signals delivered: 0
	Page size (bytes): 4096
	Exit status: 0
