C++17!
Using LSH-Graph for lastfm ...
c=        1.5
k=        100
L=        2
K=        12
T=        24
lsh_UB=   0
LOADING DATA...
Load from new file: /users/PAS2671/kabir36/kabir/similarity-search/dataset/lastfm/
N=    292385
dim=  65

LOADING TIME: 0.149056s.

LOADING BENMARK...
LOADING TIME: 0.00051s.

mkdir: missing operand
Try 'mkdir --help' for more information.

START HASHING...

SETTING HASH PARAMETER...
SETTING TIME: 4.2e-05s.

COMPUTING HASH...
COMPUTING TIME: 0.120026s.

[31mOld W=    0.3
New W=    0.3
Increase  1times.
[0mCONSTRUCTING GRAPH...

0%   10   20   30   40   50   60   70   80   90   100%
|----|----|----|----|----|----|----|----|----|----|
***************************************************
CONSTRUCTING TIME: 127.868s.

SAVING GRAPH...
SAVING TIME: 0.358659s.

dist=0.011906, cnt=36.189724, unique=1, std=9.460756, Recall=0.000000
cc=850.904724, pruning=0.248879

Loading FastGraph...
*******************************************************************************************************
The result of LSH-G for lastfm is as follow: k=100, probQ = 0.9, L = 2, K = 12, T = 24
******************************************************************************************************
     algName       k      ef        Time      Recall        Cost        CPQ1        CPQ2     Pruning

       fastG     100     200     0.29084      0.8844     1570.53     392.032     1962.56    0.212177

*** Error in `./lgo': free(): invalid pointer: 0x0000000004bdea21 ***
======= Backtrace: =========
/lib64/libc.so.6(+0x81329)[0x2b01b8118329]
./lgo[0x40bb5e]
./lgo[0x408415]
/lib64/libc.so.6(__libc_start_main+0xf5)[0x2b01b80b9555]
./lgo[0x408e0c]
======= Memory map: ========
00400000-00449000 r-xp 00000000 00:3c 1794793                            /users/PAS2671/kabir36/kabir/similarity-search/models/LSH-APG/cppCode/LSH-APG/lgo
00648000-0064a000 r--p 00048000 00:3c 1794793                            /users/PAS2671/kabir36/kabir/similarity-search/models/LSH-APG/cppCode/LSH-APG/lgo
0064a000-0064b000 rw-p 0004a000 00:3c 1794793                            /users/PAS2671/kabir36/kabir/similarity-search/models/LSH-APG/cppCode/LSH-APG/lgo
024ae000-0cbc6000 rw-p 00000000 00:00 0                                  [heap]
2b01b6d49000-2b01b6d6b000 r-xp 00000000 00:24 3428292698                 /usr/lib64/ld-2.17.so
2b01b6d6b000-2b01b6d72000 rw-p 00000000 00:00 0 
2b01b6db8000-2b01b6dbf000 rw-p 00000000 00:00 0 
2b01b6f6a000-2b01b6f6b000 r--p 00021000 00:24 3428292698                 /usr/lib64/ld-2.17.so
2b01b6f6b000-2b01b6f6c000 rw-p 00022000 00:24 3428292698                 /usr/lib64/ld-2.17.so
2b01b6f6c000-2b01b6f6d000 rw-p 00000000 00:00 0 
2b01b6f6d000-2b01b6fa5000 r-xp 00000000 00:2c 19202863                   /apps/xalt/2.10.29/lib64/libxalt_init.so
2b01b6fa5000-2b01b71a5000 ---p 00038000 00:2c 19202863                   /apps/xalt/2.10.29/lib64/libxalt_init.so
2b01b71a5000-2b01b71a6000 r--p 00038000 00:2c 19202863                   /apps/xalt/2.10.29/lib64/libxalt_init.so
2b01b71a6000-2b01b71a7000 rw-p 00039000 00:2c 19202863                   /apps/xalt/2.10.29/lib64/libxalt_init.so
2b01b71a7000-2b01b71a8000 rw-p 00000000 00:00 0 
2b01b71a8000-2b01b71af000 r-xp 00000000 00:24 3428781212                 /usr/lib64/librt-2.17.so
2b01b71af000-2b01b73ae000 ---p 00007000 00:24 3428781212                 /usr/lib64/librt-2.17.so
2b01b73ae000-2b01b73af000 r--p 00006000 00:24 3428781212                 /usr/lib64/librt-2.17.so
2b01b73af000-2b01b73b0000 rw-p 00007000 00:24 3428781212                 /usr/lib64/librt-2.17.so
2b01b73b0000-2b01b7524000 r-xp 00000000 00:2c 7905980                    /apps/gnu/8.4.0/lib64/libstdc++.so.6.0.25
2b01b7524000-2b01b7723000 ---p 00174000 00:2c 7905980                    /apps/gnu/8.4.0/lib64/libstdc++.so.6.0.25
2b01b7723000-2b01b772d000 r--p 00173000 00:2c 7905980                    /apps/gnu/8.4.0/lib64/libstdc++.so.6.0.25
2b01b772d000-2b01b772f000 rw-p 0017d000 00:2c 7905980                    /apps/gnu/8.4.0/lib64/libstdc++.so.6.0.25
2b01b772f000-2b01b7733000 rw-p 00000000 00:00 0 
2b01b7733000-2b01b7834000 r-xp 00000000 00:24 3428781161                 /usr/lib64/libm-2.17.so
2b01b7834000-2b01b7a33000 ---p 00101000 00:24 3428781161                 /usr/lib64/libm-2.17.so
2b01b7a33000-2b01b7a34000 r--p 00100000 00:24 3428781161                 /usr/lib64/libm-2.17.so
2b01b7a34000-2b01b7a35000 rw-p 00101000 00:24 3428781161                 /usr/lib64/libm-2.17.so
2b01b7a35000-2b01b7a62000 r-xp 00000000 00:2c 5669150                    /apps/gnu/8.4.0/lib64/libgomp.so.1.0.0
2b01b7a62000-2b01b7c61000 ---p 0002d000 00:2c 5669150                    /apps/gnu/8.4.0/lib64/libgomp.so.1.0.0
2b01b7c61000-2b01b7c62000 r--p 0002c000 00:2c 5669150                    /apps/gnu/8.4.0/lib64/libgomp.so.1.0.0
2b01b7c62000-2b01b7c63000 rw-p 0002d000 00:2c 5669150                    /apps/gnu/8.4.0/lib64/libgomp.so.1.0.0
2b01b7c63000-2b01b7c7a000 r-xp 00000000 00:2c 5669148                    /apps/gnu/8.4.0/lib64/libgcc_s.so.1
2b01b7c7a000-2b01b7e79000 ---p 00017000 00:2c 5669148                    /apps/gnu/8.4.0/lib64/libgcc_s.so.1
2b01b7e79000-2b01b7e7a000 r--p 00016000 00:2c 5669148                    /apps/gnu/8.4.0/lib64/libgcc_s.so.1
2b01b7e7a000-2b01b7e7b000 rw-p 00017000 00:2c 5669148                    /apps/gnu/8.4.0/lib64/libgcc_s.so.1
2b01b7e7b000-2b01b7e92000 r-xp 00000000 00:24 3428781193                 /usr/lib64/libpthread-2.17.so
2b01b7e92000-2b01b8091000 ---p 00017000 00:24 3428781193                 /usr/lib64/libpthread-2.17.so
2b01b8091000-2b01b8092000 r--p 00016000 00:24 3428781193                 /usr/lib64/libpthread-2.17.so
2b01b8092000-2b01b8093000 rw-p 00017000 00:24 3428781193                 /usr/lib64/libpthread-2.17.so
2b01b8093000-2b01b8097000 rw-p 00000000 00:00 0 
2b01b8097000-2b01b825b000 r-xp 00000000 00:24 3428781146                 /usr/lib64/libc-2.17.so
2b01b825b000-2b01b845a000 ---p 001c4000 00:24 3428781146                 /usr/lib64/libc-2.17.so
2b01b845a000-2b01b845e000 r--p 001c3000 00:24 3428781146                 /usr/lib64/libc-2.17.so
2b01b845e000-2b01b8460000 rw-p 001c7000 00:24 3428781146                 /usr/lib64/libc-2.17.so
2b01b8460000-2b01b8465000 rw-p 00000000 00:00 0 
2b01b8465000-2b01b8467000 r-xp 00000000 00:24 3428781159                 /usr/lib64/libdl-2.17.so
2b01b8467000-2b01b8667000 ---p 00002000 00:24 3428781159                 /usr/lib64/libdl-2.17.so
2b01b8667000-2b01b8668000 r--p 00002000 00:24 3428781159                 /usr/lib64/libdl-2.17.so
2b01b8668000-2b01b8669000 rw-p 00003000 00:24 3428781159                 /usr/lib64/libdl-2.17.so
2b01b8669000-2b01b866d000 r-xp 00000000 00:2c 21954920                   /apps/xalt/2.10.29/lib64/libuuid.so.1.3.0
2b01b866d000-2b01b886c000 ---p 00004000 00:2c 21954920                   /apps/xalt/2.10.29/lib64/libuuid.so.1.3.0
2b01b886c000-2b01b886d000 r--p 00003000 00:2c 21954920                   /apps/xalt/2.10.29/lib64/libuuid.so.1.3.0
2b01b886d000-2b01b886e000 rw-p 00004000 00:2c 21954920                   /apps/xalt/2.10.29/lib64/libuuid.so.1.3.0
2b01b886e000-2b01c718c000 rw-p 00000000 00:00 0 
2b01cd531000-2b01cd532000 ---p 00000000 00:00 0 
2b01cd532000-2b01cd732000 rw-p 00000000 00:00 0 
2b01cd732000-2b01cd733000 ---p 00000000 00:00 0 
2b01cd733000-2b01cd933000 rw-p 00000000 00:00 0 
2b01cd933000-2b01cd934000 ---p 00000000 00:00 0 
2b01cd934000-2b01cdb34000 rw-p 00000000 00:00 0 
2b01cdb34000-2b01cdb35000 ---p 00000000 00:00 0 
2b01cdb35000-2b01cdd35000 rw-p 00000000 00:00 0 
2b01cdd35000-2b01cdd36000 ---p 00000000 00:00 0 
2b01cdd36000-2b01cdf36000 rw-p 00000000 00:00 0 
2b01cdf36000-2b01cdf37000 ---p 00000000 00:00 0 
2b01cdf37000-2b01ce137000 rw-p 00000000 00:00 0 
2b01ce137000-2b01ce138000 ---p 00000000 00:00 0 
2b01ce138000-2b01ce338000 rw-p 00000000 00:00 0 
2b01ce338000-2b01ce339000 ---p 00000000 00:00 0 
2b01ce339000-2b01ce539000 rw-p 00000000 00:00 0 
2b01ce539000-2b01ce53a000 ---p 00000000 00:00 0 
2b01ce53a000-2b01ce73a000 rw-p 00000000 00:00 0 
2b01ce73a000-2b01ce73b000 ---p 00000000 00:00 0 
2b01ce73b000-2b01ce93b000 rw-p 00000000 00:00 0 
2b01ce93b000-2b01ce93c000 ---p 00000000 00:00 0 
2b01ce93c000-2b01ceb3c000 rw-p 00000000 00:00 0 
2b01ceb3c000-2b01ceb3d000 ---p 00000000 00:00 0 
2b01ceb3d000-2b01ced3d000 rw-p 00000000 00:00 0 
2b01ced3d000-2b01ced3e000 ---p 00000000 00:00 0 
2b01ced3e000-2b01cef3e000 rw-p 00000000 00:00 0 
2b01cef3e000-2b01cef3f000 ---p 00000000 00:00 0 
2b01cef3f000-2b01cf13f000 rw-p 00000000 00:00 0 
2b01cf13f000-2b01cf140000 ---p 00000000 00:00 0 
2b01cf140000-2b01cf340000 rw-p 00000000 00:00 0 
2b01cf340000-2b01cf341000 ---p 00000000 00:00 0 
2b01cf341000-2b01cf541000 rw-p 00000000 00:00 0 
2b01cf541000-2b01cf542000 ---p 00000000 00:00 0 
2b01cf542000-2b01cf742000 rw-p 00000000 00:00 0 
2b01cf742000-2b01cf743000 ---p 00000000 00:00 0 
2b01cf743000-2b01cf943000 rw-p 00000000 00:00 0 
2b01cf943000-2b01cf944000 ---p 00000000 00:00 0 
2b01cf944000-2b01cfb44000 rw-p 00000000 00:00 0 
2b01d0000000-2b01d008d000 rw-p 00000000 00:00 0 
2b01d008d000-2b01d4000000 ---p 00000000 00:00 0 
2b01d4000000-2b01d4088000 rw-p 00000000 00:00 0 
2b01d4088000-2b01d8000000 ---p 00000000 00:00 0 
2b01d8000000-2b01d808a000 rw-p 00000000 00:00 0 
2b01d808a000-2b01dc000000 ---p 00000000 00:00 0 
2b01dc000000-2b01dc081000 rw-p 00000000 00:00 0 
2b01dc081000-2b01e0000000 ---p 00000000 00:00 0 
2b01e0000000-2b01e0085000 rw-p 00000000 00:00 0 
2b01e0085000-2b01e4000000 ---p 00000000 00:00 0 
2b01e4000000-2b01e4087000 rw-p 00000000 00:00 0 
2b01e4087000-2b01e8000000 ---p 00000000 00:00 0 
2b01e8000000-2b01e8085000 rw-p 00000000 00:00 0 
2b01e8085000-2b01ec000000 ---p 00000000 00:00 0 
2b01ec000000-2b01ec087000 rw-p 00000000 00:00 0 
2b01ec087000-2b01f0000000 ---p 00000000 00:00 0 
2b01f0000000-2b01f0086000 rw-p 00000000 00:00 0 
2b01f0086000-2b01f4000000 ---p 00000000 00:00 0 
2b01f4000000-2b01f4089000 rw-p 00000000 00:00 0 
2b01f4089000-2b01f8000000 ---p 00000000 00:00 0 
2b01f8000000-2b01f808c000 rw-p 00000000 00:00 0 
2b01f808c000-2b01fc000000 ---p 00000000 00:00 0 
2b01fc000000-2b01fc088000 rw-p 00000000 00:00 0 
2b01fc088000-2b0200000000 ---p 00000000 00:00 0 
2b0200000000-2b0200082000 rw-p 00000000 00:00 0 
2b0200082000-2b0204000000 ---p 00000000 00:00 0 
2b0204000000-2b0204089000 rw-p 00000000 00:00 0 
2b0204089000-2b0208000000 ---p 00000000 00:00 0 
2b0208000000-2b0208082000 rw-p 00000000 00:00 0 
2b0208082000-2b020c000000 ---p 00000000 00:00 0 
2b020c000000-2b020c086000 rw-p 00000000 00:00 0 
2b020c086000-2b0210000000 ---p 00000000 00:00 0 
2b0210000000-2b021008d000 rw-p 00000000 00:00 0 
2b021008d000-2b0214000000 ---p 00000000 00:00 0 
2b0214000000-2b0214088000 rw-p 00000000 00:00 0 
2b0214088000-2b0218000000 ---p 00000000 00:00 0 
2b0218000000-2b0218085000 rw-p 00000000 00:00 0 
2b0218085000-2b021c000000 ---p 00000000 00:00 0 
2b021c000000-2b021c084000 rw-p 00000000 00:00 0 
2b021c084000-2b0220000000 ---p 00000000 00:00 0 
2b0220000000-2b0220087000 rw-p 00000000 00:00 0 
2b0220087000-2b0224000000 ---p 00000000 00:00 0 
2b0224000000-2b022408c000 rw-p 00000000 00:00 0 
2b022408c000-2b0228000000 ---p 00000000 00:00 0 
2b0228000000-2b0228086000 rw-p 00000000 00:00 0 
2b0228086000-2b022c000000 ---p 00000000 00:00 0 
2b022c000000-2b022c08b000 rw-p 00000000 00:00 0 
2b022c08b000-2b0230000000 ---p 00000000 00:00 0 
2b0230000000-2b023008c000 rw-p 00000000 00:00 0 
2b023008c000-2b0234000000 ---p 00000000 00:00 0 
2b0234000000-2b0234089000 rw-p 00000000 00:00 0 
2b0234089000-2b0238000000 ---p 00000000 00:00 0 
2b0238000000-2b023808a000 rw-p 00000000 00:00 0 
2b023808a000-2b023c000000 ---p 00000000 00:00 0 
2b023c000000-2b023c086000 rw-p 00000000 00:00 0 
2b023c086000-2b0240000000 ---p 00000000 00:00 0 
2b0240000000-2b024008a000 rw-p 00000000 00:00 0 
2b024008a000-2b0244000000 ---p 00000000 00:00 0 
2b0244000000-2b0244080000 rw-p 00000000 00:00 0 
2b0244080000-2b0248000000 ---p 00000000 00:00 0 
2b0248000000-2b0248082000 rw-p 00000000 00:00 0 
2b0248082000-2b024c000000 ---p 00000000 00:00 0 
2b024c000000-2b024c086000 rw-p 00000000 00:00 0 
2b024c086000-2b0250000000 ---p 00000000 00:00 0 
2b0250000000-2b0250086000 rw-p 00000000 00:00 0 
2b0250086000-2b0254000000 ---p 00000000 00:00 0 
2b0254000000-2b0254088000 rw-p 00000000 00:00 0 
2b0254088000-2b0258000000 ---p 00000000 00:00 0 
2b0258000000-2b0258088000 rw-p 00000000 00:00 0 
2b0258088000-2b025c000000 ---p 00000000 00:00 0 
2b025c000000-2b025c08c000 rw-p 00000000 00:00 0 
2b025c08c000-2b0260000000 ---p 00000000 00:00 0 
2b0260000000-2b0260082000 rw-p 00000000 00:00 0 
2b0260082000-2b0264000000 ---p 00000000 00:00 0 
2b0264000000-2b0264083000 rw-p 00000000 00:00 0 
2b0264083000-2b0268000000 ---p 00000000 00:00 0 
2b0268000000-2b026807f000 rw-p 00000000 00:00 0 
2b026807f000-2b026c000000 ---p 00000000 00:00 0 
2b026c000000-2b026c086000 rw-p 00000000 00:00 0 
2b026c086000-2b0270000000 ---p 00000000 00:00 0 
2b0270000000-2b0270081000 rw-p 00000000 00:00 0 
2b0270081000-2b0274000000 ---p 00000000 00:00 0 
2b0274000000-2b0274089000 rw-p 00000000 00:00 0 
2b0274089000-2b0278000000 ---p 00000000 00:00 0 
2b0278000000-2b0278088000 rw-p 00000000 00:00 0 
2b0278088000-2b027c000000 ---p 00000000 00:00 0 
2b027c000000-2b027c089000 rw-p 00000000 00:00 0 
2b027c089000-2b0280000000 ---p 00000000 00:00 0 
2b0280000000-2b028008a000 rw-p 00000000 00:00 0 
2b028008a000-2b0284000000 ---p 00000000 00:00 0 
2b0284000000-2b028408b000 rw-p 00000000 00:00 0 
2b028408b000-2b0288000000 ---p 00000000 00:00 0 
2b0288000000-2b0288085000 rw-p 00000000 00:00 0 
2b0288085000-2b028c000000 ---p 00000000 00:00 0 
2b028c000000-2b028c087000 rw-p 00000000 00:00 0 
2b028c087000-2b0290000000 ---p 00000000 00:00 0 
2b0290000000-2b0290087000 rw-p 00000000 00:00 0 
2b0290087000-2b0294000000 ---p 00000000 00:00 0 
2b0294000000-2b0294085000 rw-p 00000000 00:00 0 
2b0294085000-2b0298000000 ---p 00000000 00:00 0 
2b0298000000-2b029808b000 rw-p 00000000 00:00 0 
2b029808b000-2b029c000000 ---p 00000000 00:00 0 
2b029c000000-2b029c086000 rw-p 00000000 00:00 0 
2b029c086000-2b02a0000000 ---p 00000000 00:00 0 
2b02a0000000-2b02a008a000 rw-p 00000000 00:00 0 
2b02a008a000-2b02a4000000 ---p 00000000 00:00 0 
2b02a4000000-2b02a4088000 rw-p 00000000 00:00 0 
2b02a4088000-2b02a8000000 ---p 00000000 00:00 0 
2b02a8000000-2b02a8085000 rw-p 00000000 00:00 0 
2b02a8085000-2b02ac000000 ---p 00000000 00:00 0 
2b02ac000000-2b02ac085000 rw-p 00000000 00:00 0 
2b02ac085000-2b02b0000000 ---p 00000000 00:00 0 
2b02b0000000-2b02b0087000 rw-p 00000000 00:00 0 
2b02b0087000-2b02b4000000 ---p 00000000 00:00 0 
2b02b4000000-2b02b408c000 rw-p 00000000 00:00 0 
2b02b408c000-2b02b8000000 ---p 00000000 00:00 0 
2b02b8000000-2b02b8081000 rw-p 00000000 00:00 0 
2b02b8081000-2b02bc000000 ---p 00000000 00:00 0 
2b02bc000000-2b02bc08c000 rw-p 00000000 00:00 0 
2b02bc08c000-2b02c0000000 ---p 00000000 00:00 0 
2b02c0000000-2b02c0082000 rw-p 00000000 00:00 0 
2b02c0082000-2b02c4000000 ---p 00000000 00:00 0 
2b02c4000000-2b02c408b000 rw-p 00000000 00:00 0 
2b02c408b000-2b02c8000000 ---p 00000000 00:00 0 
2b02c8000000-2b02c8080000 rw-p 00000000 00:00 0 
2b02c8080000-2b02cc000000 ---p 00000000 00:00 0 
2b02cc000000-2b02cc083000 rw-p 00000000 00:00 0 
2b02cc083000-2b02d0000000 ---p 00000000 00:00 0 
2b02d0000000-2b02d0080000 rw-p 00000000 00:00 0 
2b02d0080000-2b02d4000000 ---p 00000000 00:00 0 
2b02d4000000-2b02d4089000 rw-p 00000000 00:00 0 
2b02d4089000-2b02d8000000 ---p 00000000 00:00 0 
2b02d8000000-2b02d8086000 rw-p 00000000 00:00 0 
2b02d8086000-2b02dc000000 ---p 00000000 00:00 0 
2b02dc000000-2b02dc086000 rw-p 00000000 00:00 0 
2b02dc086000-2b02e0000000 ---p 00000000 00:00 0 
2b02e0000000-2b02e0087000 rw-p 00000000 00:00 0 
2b02e0087000-2b02e4000000 ---p 00000000 00:00 0 
2b02e4000000-2b02e408b000 rw-p 00000000 00:00 0 
2b02e408b000-2b02e8000000 ---p 00000000 00:00 0 
2b02e8000000-2b02e8088000 rw-p 00000000 00:00 0 
2b02e8088000-2b02ec000000 ---p 00000000 00:00 0 
2b02ec000000-2b02ec083000 rw-p 00000000 00:00 0 
2b02ec083000-2b02f0000000 ---p 00000000 00:00 0 
2b02f0000000-2b02f0082000 rw-p 00000000 00:00 0 
2b02f0082000-2b02f4000000 ---p 00000000 00:00 0 
2b02f4000000-2b02f4083000 rw-p 00000000 00:00 0 
2b02f4083000-2b02f8000000 ---p 00000000 00:00 0 
2b02f8000000-2b02f8084000 rw-p 00000000 00:00 0 
2b02f8084000-2b02fc000000 ---p 00000000 00:00 0 
2b02fc000000-2b02fc083000 rw-p 00000000 00:00 0 
2b02fc083000-2b0300000000 ---p 00000000 00:00 0 
2b0300000000-2b0300088000 rw-p 00000000 00:00 0 
2b0300088000-2b0304000000 ---p 00000000 00:00 0 
2b0304000000-2b0304082000 rw-p 00000000 00:00 0 
2b0304082000-2b0308000000 ---p 00000000 00:00 0 
2b0308000000-2b030808a000 rw-p 00000000 00:00 0 
2b030808a000-2b030c000000 ---p 00000000 00:00 0 
2b030c000000-2b030c08a000 rw-p 00000000 00:00 0 
2b030c08a000-2b0310000000 ---p 00000000 00:00 0 
2b0310000000-2b0310082000 rw-p 00000000 00:00 0 
2b0310082000-2b0314000000 ---p 00000000 00:00 0 
2b0314000000-2b031408d000 rw-p 00000000 00:00 0 
2b031408d000-2b0318000000 ---p 00000000 00:00 0 
2b0318000000-2b0318087000 rw-p 00000000 00:00 0 
2b0318087000-2b031c000000 ---p 00000000 00:00 0 
2b031c000000-2b031c088000 rw-p 00000000 00:00 0 
2b031c088000-2b0320000000 ---p 00000000 00:00 0 
2b0320000000-2b032008a000 rw-p 00000000 00:00 0 
2b032008a000-2b0324000000 ---p 00000000 00:00 0 
2b0324000000-2b0324087000 rw-p 00000000 00:00 0 
2b0324087000-2b0328000000 ---p 00000000 00:00 0 
2b0328000000-2b0328085000 rw-p 00000000 00:00 0 
2b0328085000-2b032c000000 ---p 00000000 00:00 0 
2b032c000000-2b032c088000 rw-p 00000000 00:00 0 
2b032c088000-2b0330000000 ---p 00000000 00:00 0 
2b0330000000-2b0330086000 rw-p 00000000 00:00 0 
2b0330086000-2b0334000000 ---p 00000000 00:00 0 
2b0334000000-2b033408c000 rw-p 00000000 00:00 0 
2b033408c000-2b0338000000 ---p 00000000 00:00 0 
2b0338000000-2b0338084000 rw-p 00000000 00:00 0 
2b0338084000-2b033c000000 ---p 00000000 00:00 0 
2b033c000000-2b033c08e000 rw-p 00000000 00:00 0 
2b033c08e000-2b0340000000 ---p 00000000 00:00 0 
2b0340000000-2b0340088000 rw-p 00000000 00:00 0 
2b0340088000-2b0344000000 ---p 00000000 00:00 0 
2b0344000000-2b0344082000 rw-p 00000000 00:00 0 
2b0344082000-2b0348000000 ---p 00000000 00:00 0 
2b0348000000-2b0348089000 rw-p 00000000 00:00 0 
2b0348089000-2b034c000000 ---p 00000000 00:00 0 
2b034c000000-2b034c088000 rw-p 00000000 00:00 0 
2b034c088000-2b0350000000 ---p 00000000 00:00 0 
7ffe2c8d7000-7ffe2c8fb000 rw-p 00000000 00:00 0                          [stack]
7ffe2c9b6000-7ffe2c9b8000 r-xp 00000000 00:00 0                          [vdso]
ffffffffff600000-ffffffffff601000 r-xp 00000000 00:00 0                  [vsyscall]

******************************************************************************************************
                                                                                    1180-4:20:46
*****************************************************************************************************


Command terminated by signal 6
	Command being timed: "./lgo lastfm 100 2 12 0.1 1.0 24"
	User time (seconds): 127.58
	System time (seconds): 1.05
	Percent of CPU this job got: 99%
	Elapsed (wall clock) time (h:mm:ss or m:ss): 2:09.51
	Average shared text size (kbytes): 0
	Average unshared data size (kbytes): 0
	Average stack size (kbytes): 0
	Average total size (kbytes): 0
	Maximum resident set size (kbytes): 463740
	Average resident set size (kbytes): 0
	Major (requiring I/O) page faults: 0
	Minor (reclaiming a frame) page faults: 150536
	Voluntary context switches: 105177
	Involuntary context switches: 29502
	Swaps: 0
	File system inputs: 0
	File system outputs: 1166816
	Socket messages sent: 0
	Socket messages received: 0
	Signals delivered: 0
	Page size (bytes): 4096
	Exit status: 0
