C++17!
Using LSH-Graph for lastfm ...
c=        1.5
k=        100
L=        1
K=        6
T=        24
lsh_UB=   0
LOADING DATA...
Load from new file: /users/PAS2671/kabir36/kabir/similarity-search/dataset/lastfm/
N=    292385
dim=  65

LOADING TIME: 0.154056s.

LOADING BENMARK...
LOADING TIME: 0.002094s.

mkdir: missing operand
Try 'mkdir --help' for more information.

START HASHING...

SETTING HASH PARAMETER...
SETTING TIME: 2e-05s.

COMPUTING HASH...
COMPUTING TIME: 0.030875s.

[31mOld W=    0.3
New W=    0.3
Increase  1times.
[0mCONSTRUCTING GRAPH...

0%   10   20   30   40   50   60   70   80   90   100%
|----|----|----|----|----|----|----|----|----|----|
***************************************************
CONSTRUCTING TIME: 144.589s.

SAVING GRAPH...
SAVING TIME: 0.268043s.

dist=0.011443, cnt=36.186970, unique=1, std=9.452436, Recall=0.000000
cc=879.120422, pruning=0.214918

Loading FastGraph...
*******************************************************************************************************
The result of LSH-G for lastfm is as follow: k=100, probQ = 0.9, L = 1, K = 6, T = 24
******************************************************************************************************
     algName       k      ef        Time      Recall        Cost        CPQ1        CPQ2     Pruning

       fastG     100     200     0.30082      0.8442     1469.96     198.699     1668.66    0.295852

Command terminated by signal 11
	Command being timed: "./lgo lastfm 100 1 6 0.1 1.0 24"
	User time (seconds): 144.20
	System time (seconds): 0.84
	Percent of CPU this job got: 99%
	Elapsed (wall clock) time (h:mm:ss or m:ss): 2:25.84
	Average shared text size (kbytes): 0
	Average unshared data size (kbytes): 0
	Average stack size (kbytes): 0
	Average total size (kbytes): 0
	Maximum resident set size (kbytes): 432756
	Average resident set size (kbytes): 0
	Major (requiring I/O) page faults: 0
	Minor (reclaiming a frame) page faults: 131134
	Voluntary context switches: 67062
	Involuntary context switches: 33064
	Swaps: 0
	File system inputs: 0
	File system outputs: 901840
	Socket messages sent: 0
	Socket messages received: 0
	Signals delivered: 0
	Page size (bytes): 4096
	Exit status: 0
