C++17!
Using LSH-Graph for lastfm ...
c=        1.5
k=        100
L=        1
K=        12
T=        24
lsh_UB=   0
LOADING DATA...
Load from new file: /users/PAS2671/kabir36/kabir/similarity-search/dataset/lastfm/
N=    292385
dim=  65

LOADING TIME: 0.15255s.

LOADING BENMARK...
LOADING TIME: 0.000479s.

mkdir: missing operand
Try 'mkdir --help' for more information.

START HASHING...

SETTING HASH PARAMETER...
SETTING TIME: 2.8e-05s.

COMPUTING HASH...
COMPUTING TIME: 0.058647s.

[31mOld W=    0.3
New W=    0.3
Increase  1times.
[0mCONSTRUCTING GRAPH...

0%   10   20   30   40   50   60   70   80   90   100%
|----|----|----|----|----|----|----|----|----|----|
***************************************************
CONSTRUCTING TIME: 137.437s.

SAVING GRAPH...
SAVING TIME: 0.276008s.

dist=0.011407, cnt=36.195030, unique=1, std=9.460243, Recall=0.000000
cc=860.047974, pruning=0.246666

Loading FastGraph...
*******************************************************************************************************
The result of LSH-G for lastfm is as follow: k=100, probQ = 0.9, L = 1, K = 12, T = 24
******************************************************************************************************
     algName       k      ef        Time      Recall        Cost        CPQ1        CPQ2     Pruning

       fastG     100     200     0.27983      0.8853     1512.11     363.119     1875.23    0.204945

Command terminated by signal 11
	Command being timed: "./lgo lastfm 100 1 12 0.1 1.0 24"
	User time (seconds): 137.09
	System time (seconds): 0.86
	Percent of CPU this job got: 99%
	Elapsed (wall clock) time (h:mm:ss or m:ss): 2:18.91
	Average shared text size (kbytes): 0
	Average unshared data size (kbytes): 0
	Average stack size (kbytes): 0
	Average total size (kbytes): 0
	Maximum resident set size (kbytes): 432788
	Average resident set size (kbytes): 0
	Major (requiring I/O) page faults: 0
	Minor (reclaiming a frame) page faults: 136418
	Voluntary context switches: 68506
	Involuntary context switches: 31329
	Swaps: 0
	File system inputs: 0
	File system outputs: 915648
	Socket messages sent: 0
	Socket messages received: 0
	Signals delivered: 0
	Page size (bytes): 4096
	Exit status: 0
