C++17!
Using LSH-Graph for lendb ...
c=        1.5
k=        100
L=        1
K=        6
T=        12
lsh_UB=   0
LOADING DATA...
Load from new file: /users/PAS2671/kabir36/kabir/similarity-search/dataset/lendb/
N=    1000000
dim=  256

LOADING TIME: 8.71378s.

MAKING BENMARK...

0%   10   20   30   40   50   60   70   80   90   100%
|----|----|----|----|----|----|----|----|----|----|
***************************************************
MAKING TIME: 78.9261s.

SAVING BENMARK...
SAVING TIME: 0.002353s.

mkdir: missing operand
Try 'mkdir --help' for more information.

START HASHING...

SETTING HASH PARAMETER...
SETTING TIME: 4.4e-05s.

COMPUTING HASH...
COMPUTING TIME: 0.298498s.

[31mOld W=    0.3
New W=    0.3
Increase  1times.
[0mCONSTRUCTING GRAPH...

0%   10   20   30   40   50   60   70   80   90   100%
|----|----|----|----|----|----|----|----|----|----|
***************************************************
CONSTRUCTING TIME: 641.515s.

SAVING GRAPH...
SAVING TIME: 0.592227s.

dist=0.000069, cnt=17.091797, unique=1, std=4.830194, Recall=0.000349
cc=817.761902, pruning=0.170047

Loading FastGraph...
*******************************************************************************************************
The result of LSH-G for lendb is as follow: k=100, probQ = 0.9, L = 1, K = 6, T = 12
******************************************************************************************************
     algName       k      ef        Time      Recall        Cost        CPQ1        CPQ2     Pruning

       fastG     100     200     0.85144       0.968     1549.06     64.8337     1613.89    0.382903

Command terminated by signal 11
	Command being timed: "./lgo lendb 100 1 6 0.1 1.0 12"
	User time (seconds): 715.52
	System time (seconds): 8.38
	Percent of CPU this job got: 98%
	Elapsed (wall clock) time (h:mm:ss or m:ss): 12:14.09
	Average shared text size (kbytes): 0
	Average unshared data size (kbytes): 0
	Average stack size (kbytes): 0
	Average total size (kbytes): 0
	Maximum resident set size (kbytes): 2885072
	Average resident set size (kbytes): 0
	Major (requiring I/O) page faults: 0
	Minor (reclaiming a frame) page faults: 5561073
	Voluntary context switches: 320314
	Involuntary context switches: 179066
	Swaps: 0
	File system inputs: 2008024
	File system outputs: 4124064
	Socket messages sent: 0
	Socket messages received: 0
	Signals delivered: 0
	Page size (bytes): 4096
	Exit status: 0
