C++17!
Using LSH-Graph for lendb ...
c=        1.5
k=        100
L=        1
K=        18
T=        24
lsh_UB=   0
LOADING DATA...
Load from new file: /users/PAS2671/kabir36/kabir/similarity-search/dataset/lendb/
N=    1000000
dim=  256

LOADING TIME: 1.59096s.

LOADING BENMARK...
LOADING TIME: 0.000588s.

mkdir: missing operand
Try 'mkdir --help' for more information.

START HASHING...

SETTING HASH PARAMETER...
SETTING TIME: 9.8e-05s.

COMPUTING HASH...
COMPUTING TIME: 0.585935s.

[1m[31mWARNING:
[31mRanges of hash values is too LARGE. 
Please increase W at least 1times.
[0m[31mOld W=    0.3
New W=    1.09333
Increase  3.64442times.
[0mCONSTRUCTING GRAPH...

0%   10   20   30   40   50   60   70   80   90   100%
|----|----|----|----|----|----|----|----|----|----|
***************************************************
CONSTRUCTING TIME: 1091.88s.

SAVING GRAPH...
SAVING TIME: 0.965097s.

dist=0.000072, cnt=34.352657, unique=1, std=9.658995, Recall=0.000174
cc=1248.639282, pruning=0.352872

Loading FastGraph...
*******************************************************************************************************
The result of LSH-G for lendb is as follow: k=100, probQ = 0.9, L = 1, K = 18, T = 24
******************************************************************************************************
     algName       k      ef        Time      Recall        Cost        CPQ1        CPQ2     Pruning

       fastG     100     200     1.06734      0.9819     1620.32    -4528.83    -2908.51     1.02506

Command terminated by signal 11
	Command being timed: "./lgo lendb 100 1 18 0.1 1.0 24"
	User time (seconds): 1086.38
	System time (seconds): 7.71
	Percent of CPU this job got: 99%
	Elapsed (wall clock) time (h:mm:ss or m:ss): 18:18.33
	Average shared text size (kbytes): 0
	Average unshared data size (kbytes): 0
	Average stack size (kbytes): 0
	Average total size (kbytes): 0
	Maximum resident set size (kbytes): 2323744
	Average resident set size (kbytes): 0
	Major (requiring I/O) page faults: 0
	Minor (reclaiming a frame) page faults: 4483981
	Voluntary context switches: 381136
	Involuntary context switches: 249298
	Swaps: 0
	File system inputs: 0
	File system outputs: 3346384
	Socket messages sent: 0
	Socket messages received: 0
	Signals delivered: 0
	Page size (bytes): 4096
	Exit status: 0
