C++17!
Using LSH-Graph for lendb ...
c=        1.5
k=        100
L=        2
K=        12
T=        12
lsh_UB=   0
LOADING DATA...
Load from new file: /users/PAS2671/kabir36/kabir/similarity-search/dataset/lendb/
N=    1000000
dim=  256

LOADING TIME: 1.6221s.

LOADING BENMARK...
LOADING TIME: 0.000557s.

mkdir: missing operand
Try 'mkdir --help' for more information.

START HASHING...

SETTING HASH PARAMETER...
SETTING TIME: 0.000127s.

COMPUTING HASH...
COMPUTING TIME: 0.799553s.

[31mOld W=    0.3
New W=    0.3
Increase  1times.
[0mCONSTRUCTING GRAPH...

0%   10   20   30   40   50   60   70   80   90   100%
|----|----|----|----|----|----|----|----|----|----|
***************************************************
CONSTRUCTING TIME: 608.79s.

SAVING GRAPH...
SAVING TIME: 0.927761s.

dist=0.000064, cnt=17.090334, unique=1, std=4.831507, Recall=0.000000
cc=787.373596, pruning=0.222206

Loading FastGraph...
*******************************************************************************************************
The result of LSH-G for lendb is as follow: k=100, probQ = 0.9, L = 2, K = 12, T = 12
******************************************************************************************************
     algName       k      ef        Time      Recall        Cost        CPQ1        CPQ2     Pruning

       fastG     100     200     0.83933      0.9728     1453.01     163.772     1616.78    0.512708

*** Error in `./lgo': free(): invalid pointer: 0x000000003dfeb631 ***
======= Backtrace: =========
/lib64/libc.so.6(+0x81329)[0x2acd83e2e329]
./lgo[0x40bb5e]
./lgo[0x408415]
/lib64/libc.so.6(__libc_start_main+0xf5)[0x2acd83dcf555]
./lgo[0x408e0c]
======= Memory map: ========
00400000-00449000 r-xp 00000000 00:41 1794793                            /users/PAS2671/kabir36/kabir/similarity-search/models/LSH-APG/cppCode/LSH-APG/lgo
00648000-0064a000 r--p 00048000 00:41 1794793                            /users/PAS2671/kabir36/kabir/similarity-search/models/LSH-APG/cppCode/LSH-APG/lgo
0064a000-0064b000 rw-p 0004a000 00:41 1794793                            /users/PAS2671/kabir36/kabir/similarity-search/models/LSH-APG/cppCode/LSH-APG/lgo
00892000-7eec6000 rw-p 00000000 00:00 0                                  [heap]
2acd82a5f000-2acd82a81000 r-xp 00000000 00:24 3428292698                 /usr/lib64/ld-2.17.so
2acd82a81000-2acd82a88000 rw-p 00000000 00:00 0 
2acd82ace000-2acd82ad5000 rw-p 00000000 00:00 0 
2acd82c80000-2acd82c81000 r--p 00021000 00:24 3428292698                 /usr/lib64/ld-2.17.so
2acd82c81000-2acd82c82000 rw-p 00022000 00:24 3428292698                 /usr/lib64/ld-2.17.so
2acd82c82000-2acd82c83000 rw-p 00000000 00:00 0 
2acd82c83000-2acd82cbb000 r-xp 00000000 00:2c 19202863                   /apps/xalt/2.10.29/lib64/libxalt_init.so
2acd82cbb000-2acd82ebb000 ---p 00038000 00:2c 19202863                   /apps/xalt/2.10.29/lib64/libxalt_init.so
2acd82ebb000-2acd82ebc000 r--p 00038000 00:2c 19202863                   /apps/xalt/2.10.29/lib64/libxalt_init.so
2acd82ebc000-2acd82ebd000 rw-p 00039000 00:2c 19202863                   /apps/xalt/2.10.29/lib64/libxalt_init.so
2acd82ebd000-2acd82ebe000 rw-p 00000000 00:00 0 
2acd82ebe000-2acd82ec5000 r-xp 00000000 00:24 3428781212                 /usr/lib64/librt-2.17.so
2acd82ec5000-2acd830c4000 ---p 00007000 00:24 3428781212                 /usr/lib64/librt-2.17.so
2acd830c4000-2acd830c5000 r--p 00006000 00:24 3428781212                 /usr/lib64/librt-2.17.so
2acd830c5000-2acd830c6000 rw-p 00007000 00:24 3428781212                 /usr/lib64/librt-2.17.so
2acd830c6000-2acd8323a000 r-xp 00000000 00:2c 7905980                    /apps/gnu/8.4.0/lib64/libstdc++.so.6.0.25
2acd8323a000-2acd83439000 ---p 00174000 00:2c 7905980                    /apps/gnu/8.4.0/lib64/libstdc++.so.6.0.25
2acd83439000-2acd83443000 r--p 00173000 00:2c 7905980                    /apps/gnu/8.4.0/lib64/libstdc++.so.6.0.25
2acd83443000-2acd83445000 rw-p 0017d000 00:2c 7905980                    /apps/gnu/8.4.0/lib64/libstdc++.so.6.0.25
2acd83445000-2acd83449000 rw-p 00000000 00:00 0 
2acd83449000-2acd8354a000 r-xp 00000000 00:24 3428781161                 /usr/lib64/libm-2.17.so
2acd8354a000-2acd83749000 ---p 00101000 00:24 3428781161                 /usr/lib64/libm-2.17.so
2acd83749000-2acd8374a000 r--p 00100000 00:24 3428781161                 /usr/lib64/libm-2.17.so
2acd8374a000-2acd8374b000 rw-p 00101000 00:24 3428781161                 /usr/lib64/libm-2.17.so
2acd8374b000-2acd83778000 r-xp 00000000 00:2c 5669150                    /apps/gnu/8.4.0/lib64/libgomp.so.1.0.0
2acd83778000-2acd83977000 ---p 0002d000 00:2c 5669150                    /apps/gnu/8.4.0/lib64/libgomp.so.1.0.0
2acd83977000-2acd83978000 r--p 0002c000 00:2c 5669150                    /apps/gnu/8.4.0/lib64/libgomp.so.1.0.0
2acd83978000-2acd83979000 rw-p 0002d000 00:2c 5669150                    /apps/gnu/8.4.0/lib64/libgomp.so.1.0.0
2acd83979000-2acd83990000 r-xp 00000000 00:2c 5669148                    /apps/gnu/8.4.0/lib64/libgcc_s.so.1
2acd83990000-2acd83b8f000 ---p 00017000 00:2c 5669148                    /apps/gnu/8.4.0/lib64/libgcc_s.so.1
2acd83b8f000-2acd83b90000 r--p 00016000 00:2c 5669148                    /apps/gnu/8.4.0/lib64/libgcc_s.so.1
2acd83b90000-2acd83b91000 rw-p 00017000 00:2c 5669148                    /apps/gnu/8.4.0/lib64/libgcc_s.so.1
2acd83b91000-2acd83ba8000 r-xp 00000000 00:24 3428781193                 /usr/lib64/libpthread-2.17.so
2acd83ba8000-2acd83da7000 ---p 00017000 00:24 3428781193                 /usr/lib64/libpthread-2.17.so
2acd83da7000-2acd83da8000 r--p 00016000 00:24 3428781193                 /usr/lib64/libpthread-2.17.so
2acd83da8000-2acd83da9000 rw-p 00017000 00:24 3428781193                 /usr/lib64/libpthread-2.17.so
2acd83da9000-2acd83dad000 rw-p 00000000 00:00 0 
2acd83dad000-2acd83f71000 r-xp 00000000 00:24 3428781146                 /usr/lib64/libc-2.17.so
2acd83f71000-2acd84170000 ---p 001c4000 00:24 3428781146                 /usr/lib64/libc-2.17.so
2acd84170000-2acd84174000 r--p 001c3000 00:24 3428781146                 /usr/lib64/libc-2.17.so
2acd84174000-2acd84176000 rw-p 001c7000 00:24 3428781146                 /usr/lib64/libc-2.17.so
2acd84176000-2acd8417b000 rw-p 00000000 00:00 0 
2acd8417b000-2acd8417d000 r-xp 00000000 00:24 3428781159                 /usr/lib64/libdl-2.17.so
2acd8417d000-2acd8437d000 ---p 00002000 00:24 3428781159                 /usr/lib64/libdl-2.17.so
2acd8437d000-2acd8437e000 r--p 00002000 00:24 3428781159                 /usr/lib64/libdl-2.17.so
2acd8437e000-2acd8437f000 rw-p 00003000 00:24 3428781159                 /usr/lib64/libdl-2.17.so
2acd8437f000-2acd84383000 r-xp 00000000 00:2c 21954920                   /apps/xalt/2.10.29/lib64/libuuid.so.1.3.0
2acd84383000-2acd84582000 ---p 00004000 00:2c 21954920                   /apps/xalt/2.10.29/lib64/libuuid.so.1.3.0
2acd84582000-2acd84583000 r--p 00003000 00:2c 21954920                   /apps/xalt/2.10.29/lib64/libuuid.so.1.3.0
2acd84583000-2acd84584000 rw-p 00004000 00:2c 21954920                   /apps/xalt/2.10.29/lib64/libuuid.so.1.3.0
2acd8dfd1000-2acd8dfd2000 ---p 00000000 00:00 0 
2acd8dfd2000-2acd8e1d2000 rw-p 00000000 00:00 0 
2acd8e1d2000-2acd8e1d3000 ---p 00000000 00:00 0 
2acd8e1d3000-2acd8e3d3000 rw-p 00000000 00:00 0 
2acd8e3d3000-2acd8e3d4000 ---p 00000000 00:00 0 
2acd8e3d4000-2acd8e5d4000 rw-p 00000000 00:00 0 
2acd8e5d4000-2acd8e5d5000 ---p 00000000 00:00 0 
2acd8e5d5000-2acd8e7d5000 rw-p 00000000 00:00 0 
2acd8e7d5000-2acd8e7d6000 ---p 00000000 00:00 0 
2acd8e7d6000-2acd8e9d6000 rw-p 00000000 00:00 0 
2acd8e9d6000-2acd8e9d7000 ---p 00000000 00:00 0 
2acd8e9d7000-2acd8ebd7000 rw-p 00000000 00:00 0 
2acd8ebd7000-2acd8ebd8000 ---p 00000000 00:00 0 
2acd8ebd8000-2acd8edd8000 rw-p 00000000 00:00 0 
2acd8edd8000-2acd8edd9000 ---p 00000000 00:00 0 
2acd8edd9000-2acd8efd9000 rw-p 00000000 00:00 0 
2acd8efd9000-2acd8efda000 ---p 00000000 00:00 0 
2acd8efda000-2acd8f1da000 rw-p 00000000 00:00 0 
2acd8f1da000-2acd8f1db000 ---p 00000000 00:00 0 
2acd8f1db000-2acd8f3db000 rw-p 00000000 00:00 0 
2acd8f3db000-2acd8f3dc000 ---p 00000000 00:00 0 
2acd8f3dc000-2acd8f5dc000 rw-p 00000000 00:00 0 
2acd8f5dc000-2acd8f5dd000 ---p 00000000 00:00 0 
2acd8f5dd000-2acd8f7dd000 rw-p 00000000 00:00 0 
2acd8f7dd000-2acd8f7de000 ---p 00000000 00:00 0 
2acd8f7de000-2acd8f9de000 rw-p 00000000 00:00 0 
2acd8f9de000-2acd8f9df000 ---p 00000000 00:00 0 
2acd8f9df000-2acd8fbdf000 rw-p 00000000 00:00 0 
2acd8fbdf000-2acd8fbe0000 ---p 00000000 00:00 0 
2acd8fbe0000-2acd8fde0000 rw-p 00000000 00:00 0 
2acd8fde0000-2acd8fde1000 ---p 00000000 00:00 0 
2acd8fde1000-2acd8ffe1000 rw-p 00000000 00:00 0 
2acd8ffe1000-2acd8ffe2000 ---p 00000000 00:00 0 
2acd8ffe2000-2acd901e2000 rw-p 00000000 00:00 0 
2acd901e2000-2acd901e3000 ---p 00000000 00:00 0 
2acd901e3000-2acd903e3000 rw-p 00000000 00:00 0 
2acd903e3000-2acd903e4000 ---p 00000000 00:00 0 
2acd903e4000-2acd905e4000 rw-p 00000000 00:00 0 
2acd94000000-2acd9417f000 rw-p 00000000 00:00 0 
2acd9417f000-2acd98000000 ---p 00000000 00:00 0 
2acd98000000-2acd98177000 rw-p 00000000 00:00 0 
2acd98177000-2acd9c000000 ---p 00000000 00:00 0 
2acd9c000000-2acd9c179000 rw-p 00000000 00:00 0 
2acd9c179000-2acda0000000 ---p 00000000 00:00 0 
2acda0000000-2acda017d000 rw-p 00000000 00:00 0 
2acda017d000-2acda4000000 ---p 00000000 00:00 0 
2acda4000000-2acda4180000 rw-p 00000000 00:00 0 
2acda4180000-2acda8000000 ---p 00000000 00:00 0 
2acda8000000-2acda8175000 rw-p 00000000 00:00 0 
2acda8175000-2acdac000000 ---p 00000000 00:00 0 
2acdac000000-2acdac179000 rw-p 00000000 00:00 0 
2acdac179000-2acdb0000000 ---p 00000000 00:00 0 
2acdb0000000-2acdb017c000 rw-p 00000000 00:00 0 
2acdb017c000-2acdb4000000 ---p 00000000 00:00 0 
2acdb4000000-2acdb4179000 rw-p 00000000 00:00 0 
2acdb4179000-2acdb8000000 ---p 00000000 00:00 0 
2acdb8000000-2acdb8177000 rw-p 00000000 00:00 0 
2acdb8177000-2acdbc000000 ---p 00000000 00:00 0 
2acdbc000000-2acdbc178000 rw-p 00000000 00:00 0 
2acdbc178000-2acdc0000000 ---p 00000000 00:00 0 
2acdc0000000-2acdc017c000 rw-p 00000000 00:00 0 
2acdc017c000-2acdc4000000 ---p 00000000 00:00 0 
2acdc4000000-2acdc417a000 rw-p 00000000 00:00 0 
2acdc417a000-2acdc8000000 ---p 00000000 00:00 0 
2acdc8000000-2acdc8175000 rw-p 00000000 00:00 0 
2acdc8175000-2acdcc000000 ---p 00000000 00:00 0 
2acdcc000000-2acdcc181000 rw-p 00000000 00:00 0 
2acdcc181000-2acdd0000000 ---p 00000000 00:00 0 
2acdd0000000-2acdd0175000 rw-p 00000000 00:00 0 
2acdd0175000-2acdd4000000 ---p 00000000 00:00 0 
2acdd4000000-2acdd4178000 rw-p 00000000 00:00 0 
2acdd4178000-2acdd8000000 ---p 00000000 00:00 0 
2acdd8000000-2acdd8178000 rw-p 00000000 00:00 0 
2acdd8178000-2acddc000000 ---p 00000000 00:00 0 
2acddc000000-2acddc17d000 rw-p 00000000 00:00 0 
2acddc17d000-2acde0000000 ---p 00000000 00:00 0 
2acde0000000-2acde0175000 rw-p 00000000 00:00 0 
2acde0175000-2acde4000000 ---p 00000000 00:00 0 
2acde4000000-2acde4174000 rw-p 00000000 00:00 0 
2acde4174000-2acde8000000 ---p 00000000 00:00 0 
2acde8000000-2acde8173000 rw-p 00000000 00:00 0 
2acde8173000-2acdec000000 ---p 00000000 00:00 0 
2acdec000000-2acdec175000 rw-p 00000000 00:00 0 
2acdec175000-2acdf0000000 ---p 00000000 00:00 0 
2acdf0000000-2acdf0177000 rw-p 00000000 00:00 0 
2acdf0177000-2acdf4000000 ---p 00000000 00:00 0 
2acdf4000000-2acdf4176000 rw-p 00000000 00:00 0 
2acdf4176000-2acdf8000000 ---p 00000000 00:00 0 
2acdf8000000-2acdf8175000 rw-p 00000000 00:00 0 
2acdf8175000-2acdfc000000 ---p 00000000 00:00 0 
2acdfc000000-2acdfc177000 rw-p 00000000 00:00 0 
2acdfc177000-2ace00000000 ---p 00000000 00:00 0 
2ace00000000-2ace00179000 rw-p 00000000 00:00 0 
2ace00179000-2ace04000000 ---p 00000000 00:00 0 
2ace04000000-2ace04178000 rw-p 00000000 00:00 0 
2ace04178000-2ace08000000 ---p 00000000 00:00 0 
2ace08000000-2ace08176000 rw-p 00000000 00:00 0 
2ace08176000-2ace0c000000 ---p 00000000 00:00 0 
2ace0c000000-2ace0c175000 rw-p 00000000 00:00 0 
2ace0c175000-2ace10000000 ---p 00000000 00:00 0 
2ace10000000-2ace10179000 rw-p 00000000 00:00 0 
2ace10179000-2ace14000000 ---p 00000000 00:00 0 
2ace14000000-2ace14172000 rw-p 00000000 00:00 0 
2ace14172000-2ace18000000 ---p 00000000 00:00 0 
2ace18000000-2ace18178000 rw-p 00000000 00:00 0 
2ace18178000-2ace1c000000 ---p 00000000 00:00 0 
2ace1c000000-2ace1c175000 rw-p 00000000 00:00 0 
2ace1c175000-2ace20000000 ---p 00000000 00:00 0 
2ace20000000-2ace20178000 rw-p 00000000 00:00 0 
2ace20178000-2ace24000000 ---p 00000000 00:00 0 
2ace24000000-2ace24177000 rw-p 00000000 00:00 0 
2ace24177000-2ace28000000 ---p 00000000 00:00 0 
2ace28000000-2ace28178000 rw-p 00000000 00:00 0 
2ace28178000-2ace2c000000 ---p 00000000 00:00 0 
2ace2c000000-2ace2c17c000 rw-p 00000000 00:00 0 
2ace2c17c000-2ace30000000 ---p 00000000 00:00 0 
2ace30000000-2ace30178000 rw-p 00000000 00:00 0 
2ace30178000-2ace34000000 ---p 00000000 00:00 0 
2ace34000000-2ace34174000 rw-p 00000000 00:00 0 
2ace34174000-2ace38000000 ---p 00000000 00:00 0 
2ace38000000-2ace38177000 rw-p 00000000 00:00 0 
2ace38177000-2ace3c000000 ---p 00000000 00:00 0 
2ace3c000000-2ace3c175000 rw-p 00000000 00:00 0 
2ace3c175000-2ace40000000 ---p 00000000 00:00 0 
2ace40000000-2ace40178000 rw-p 00000000 00:00 0 
2ace40178000-2ace44000000 ---p 00000000 00:00 0 
2ace44000000-2ace44189000 rw-p 00000000 00:00 0 
2ace44189000-2ace48000000 ---p 00000000 00:00 0 
2ace48000000-2ace48178000 rw-p 00000000 00:00 0 
2ace48178000-2ace4c000000 ---p 00000000 00:00 0 
2ace4c000000-2ace4c176000 rw-p 00000000 00:00 0 
2ace4c176000-2ace50000000 ---p 00000000 00:00 0 
2ace50000000-2ace5017e000 rw-p 00000000 00:00 0 
2ace5017e000-2ace54000000 ---p 00000000 00:00 0 
2ace54000000-2ace54177000 rw-p 00000000 00:00 0 
2ace54177000-2ace58000000 ---p 00000000 00:00 0 
2ace58000000-2ace5817d000 rw-p 00000000 00:00 0 
2ace5817d000-2ace5c000000 ---p 00000000 00:00 0 
2ace5c000000-2ace5c177000 rw-p 00000000 00:00 0 
2ace5c177000-2ace60000000 ---p 00000000 00:00 0 
2ace60000000-2ace6017d000 rw-p 00000000 00:00 0 
2ace6017d000-2ace64000000 ---p 00000000 00:00 0 
2ace64000000-2ace64179000 rw-p 00000000 00:00 0 
2ace64179000-2ace68000000 ---p 00000000 00:00 0 
2ace68000000-2ace68178000 rw-p 00000000 00:00 0 
2ace68178000-2ace6c000000 ---p 00000000 00:00 0 
2ace6c000000-2ace6c17c000 rw-p 00000000 00:00 0 
2ace6c17c000-2ace70000000 ---p 00000000 00:00 0 
2ace70000000-2ace7017c000 rw-p 00000000 00:00 0 
2ace7017c000-2ace74000000 ---p 00000000 00:00 0 
2ace74000000-2ace74177000 rw-p 00000000 00:00 0 
2ace74177000-2ace78000000 ---p 00000000 00:00 0 
2ace78000000-2ace78179000 rw-p 00000000 00:00 0 
2ace78179000-2ace7c000000 ---p 00000000 00:00 0 
2ace7c000000-2ace7c17c000 rw-p 00000000 00:00 0 
2ace7c17c000-2ace80000000 ---p 00000000 00:00 0 
2ace80000000-2ace80172000 rw-p 00000000 00:00 0 
2ace80172000-2ace84000000 ---p 00000000 00:00 0 
2ace84000000-2ace84178000 rw-p 00000000 00:00 0 
2ace84178000-2ace88000000 ---p 00000000 00:00 0 
2ace88000000-2ace8816f000 rw-p 00000000 00:00 0 
2ace8816f000-2ace8c000000 ---p 00000000 00:00 0 
2ace8c000000-2ace8c175000 rw-p 00000000 00:00 0 
2ace8c175000-2ace90000000 ---p 00000000 00:00 0 
2ace90000000-2ace90178000 rw-p 00000000 00:00 0 
2ace90178000-2ace94000000 ---p 00000000 00:00 0 
2ace94000000-2ace9417b000 rw-p 00000000 00:00 0 
2ace9417b000-2ace98000000 ---p 00000000 00:00 0 
2ace98000000-2ace9817d000 rw-p 00000000 00:00 0 
2ace9817d000-2ace9c000000 ---p 00000000 00:00 0 
2ace9c000000-2ace9c17a000 rw-p 00000000 00:00 0 
2ace9c17a000-2acea0000000 ---p 00000000 00:00 0 
2acea0000000-2acea0175000 rw-p 00000000 00:00 0 
2acea0175000-2acea4000000 ---p 00000000 00:00 0 
2acea4000000-2acea4177000 rw-p 00000000 00:00 0 
2acea4177000-2acea8000000 ---p 00000000 00:00 0 
2acea8000000-2acea8174000 rw-p 00000000 00:00 0 
2acea8174000-2aceac000000 ---p 00000000 00:00 0 
2aceac000000-2aceac17c000 rw-p 00000000 00:00 0 
2aceac17c000-2aceb0000000 ---p 00000000 00:00 0 
2aceb0000000-2aceb0172000 rw-p 00000000 00:00 0 
2aceb0172000-2aceb4000000 ---p 00000000 00:00 0 
2aceb4000000-2aceb417b000 rw-p 00000000 00:00 0 
2aceb417b000-2aceb8000000 ---p 00000000 00:00 0 
2aceb8000000-2aceb8175000 rw-p 00000000 00:00 0 
2aceb8175000-2acebc000000 ---p 00000000 00:00 0 
2acebc000000-2acebc17c000 rw-p 00000000 00:00 0 
2acebc17c000-2acec0000000 ---p 00000000 00:00 0 
2acec0000000-2acec0179000 rw-p 00000000 00:00 0 
2acec0179000-2acec4000000 ---p 00000000 00:00 0 
2acec4000000-2acec417d000 rw-p 00000000 00:00 0 
2acec417d000-2acec8000000 ---p 00000000 00:00 0 
2acec8000000-2acec8177000 rw-p 00000000 00:00 0 
2acec8177000-2acecc000000 ---p 00000000 00:00 0 
2acecc000000-2acecc175000 rw-p 00000000 00:00 0 
2acecc175000-2aced0000000 ---p 00000000 00:00 0 
2aced0000000-2aced0176000 rw-p 00000000 00:00 0 
2aced0176000-2aced4000000 ---p 00000000 00:00 0 
2aced4000000-2aced4178000 rw-p 00000000 00:00 0 
2aced4178000-2aced8000000 ---p 00000000 00:00 0 
2aced8000000-2aced817d000 rw-p 00000000 00:00 0 
2aced817d000-2acedc000000 ---p 00000000 00:00 0 
2acedc000000-2acedc182000 rw-p 00000000 00:00 0 
2acedc182000-2acee0000000 ---p 00000000 00:00 0 
2acee0000000-2acee0174000 rw-p 00000000 00:00 0 
2acee0174000-2acee4000000 ---p 00000000 00:00 0 
2acee4000000-2acee4178000 rw-p 00000000 00:00 0 
2acee4178000-2acee8000000 ---p 00000000 00:00 0 
2acee8000000-2acee8173000 rw-p 00000000 00:00 0 
2acee8173000-2aceec000000 ---p 00000000 00:00 0 
2aceec000000-2aceec176000 rw-p 00000000 00:00 0 
2aceec176000-2acef0000000 ---p 00000000 00:00 0 
2acef0000000-2acef0175000 rw-p 00000000 00:00 0 
2acef0175000-2acef4000000 ---p 00000000 00:00 0 
2acef4000000-2acef4177000 rw-p 00000000 00:00 0 
2acef4177000-2acef8000000 ---p 00000000 00:00 0 
2acef8000000-2acef8172000 rw-p 00000000 00:00 0 
2acef8172000-2acefc000000 ---p 00000000 00:00 0 
2acefc000000-2acefc180000 rw-p 00000000 00:00 0 
2acefc180000-2acf00000000 ---p 00000000 00:00 0 
2acf00000000-2acf00176000 rw-p 00000000 00:00 0 
2acf00176000-2acf04000000 ---p 00000000 00:00 0 
2acf04000000-2acf04177000 rw-p 00000000 00:00 0 
2acf04177000-2acf08000000 ---p 00000000 00:00 0 
2acf08000000-2acf08175000 rw-p 00000000 00:00 0 
2acf08175000-2acf0c000000 ---p 00000000 00:00 0 
2acf0c000000-2acf0c180000 rw-p 00000000 00:00 0 
2acf0c180000-2acf10000000 ---p 00000000 00:00 0 
2acf10000000-2acf1016f000 rw-p 00000000 00:00 0 
2acf1016f000-2acf14000000 ---p 00000000 00:00 0 
7ffd6a741000-7ffd6a765000 rw-p 00000000 00:00 0                          [stack]
7ffd6a7f4000-7ffd6a7f6000 r-xp 00000000 00:00 0                          [vdso]
ffffffffff600000-ffffffffff601000 r-xp 00000000 00:00 0                  [vsyscall]

******************************************************************************************************
                                                                                    1197-16:58:34
*****************************************************************************************************


Command terminated by signal 6
	Command being timed: "./lgo lendb 100 2 12 0.1 1.0 12"
	User time (seconds): 605.28
	System time (seconds): 7.96
	Percent of CPU this job got: 99%
	Elapsed (wall clock) time (h:mm:ss or m:ss): 10:16.57
	Average shared text size (kbytes): 0
	Average unshared data size (kbytes): 0
	Average stack size (kbytes): 0
	Average total size (kbytes): 0
	Maximum resident set size (kbytes): 2217456
	Average resident set size (kbytes): 0
	Major (requiring I/O) page faults: 0
	Minor (reclaiming a frame) page faults: 4350944
	Voluntary context switches: 475788
	Involuntary context switches: 140041
	Swaps: 0
	File system inputs: 0
	File system outputs: 4965528
	Socket messages sent: 0
	Socket messages received: 0
	Signals delivered: 0
	Page size (bytes): 4096
	Exit status: 0
