C++17!
Using LSH-Graph for lendb ...
c=        1.5
k=        100
L=        1
K=        12
T=        12
lsh_UB=   0
LOADING DATA...
Load from new file: /users/PAS2671/kabir36/kabir/similarity-search/dataset/lendb/
N=    1000000
dim=  256

LOADING TIME: 1.57235s.

LOADING BENMARK...
LOADING TIME: 0.002985s.

mkdir: missing operand
Try 'mkdir --help' for more information.

START HASHING...

SETTING HASH PARAMETER...
SETTING TIME: 7.2e-05s.

COMPUTING HASH...
COMPUTING TIME: 0.409188s.

[31mOld W=    0.3
New W=    0.3
Increase  1times.
[0mCONSTRUCTING GRAPH...

0%   10   20   30   40   50   60   70   80   90   100%
|----|----|----|----|----|----|----|----|----|----|
***************************************************
CONSTRUCTING TIME: 636.99s.

SAVING GRAPH...
SAVING TIME: 0.631362s.

dist=0.000071, cnt=17.105558, unique=1, std=4.826753, Recall=0.000000
cc=806.598694, pruning=0.218640

Loading FastGraph...
*******************************************************************************************************
The result of LSH-G for lendb is as follow: k=100, probQ = 0.9, L = 1, K = 12, T = 12
******************************************************************************************************
     algName       k      ef        Time      Recall        Cost        CPQ1        CPQ2     Pruning

       fastG     100     200     0.79781      0.9698     1392.63     150.481     1543.11    0.528604

Command terminated by signal 11
	Command being timed: "./lgo lendb 100 1 12 0.1 1.0 12"
	User time (seconds): 633.38
	System time (seconds): 6.24
	Percent of CPU this job got: 99%
	Elapsed (wall clock) time (h:mm:ss or m:ss): 10:42.36
	Average shared text size (kbytes): 0
	Average unshared data size (kbytes): 0
	Average stack size (kbytes): 0
	Average total size (kbytes): 0
	Maximum resident set size (kbytes): 2120080
	Average resident set size (kbytes): 0
	Major (requiring I/O) page faults: 0
	Minor (reclaiming a frame) page faults: 4142688
	Voluntary context switches: 304105
	Involuntary context switches: 148420
	Swaps: 0
	File system inputs: 632
	File system outputs: 2621576
	Socket messages sent: 0
	Socket messages received: 0
	Signals delivered: 0
	Page size (bytes): 4096
	Exit status: 0
