C++17!
Using LSH-Graph for lendb ...
c=        1.5
k=        100
L=        1
K=        12
T=        24
lsh_UB=   0
LOADING DATA...
Load from new file: /users/PAS2671/kabir36/kabir/similarity-search/dataset/lendb/
N=    1000000
dim=  256

LOADING TIME: 1.57422s.

LOADING BENMARK...
LOADING TIME: 0.000554s.

mkdir: missing operand
Try 'mkdir --help' for more information.

START HASHING...

SETTING HASH PARAMETER...
SETTING TIME: 7.5e-05s.

COMPUTING HASH...
COMPUTING TIME: 0.407413s.

[31mOld W=    0.3
New W=    0.3
Increase  1times.
[0mCONSTRUCTING GRAPH...

0%   10   20   30   40   50   60   70   80   90   100%
|----|----|----|----|----|----|----|----|----|----|
***************************************************
CONSTRUCTING TIME: 1044.15s.

SAVING GRAPH...
SAVING TIME: 0.943241s.

dist=0.000082, cnt=34.393257, unique=1, std=9.635108, Recall=0.000519
cc=1253.859619, pruning=0.291346

Loading FastGraph...
*******************************************************************************************************
The result of LSH-G for lendb is as follow: k=100, probQ = 0.9, L = 1, K = 12, T = 24
******************************************************************************************************
     algName       k      ef        Time      Recall        Cost        CPQ1        CPQ2     Pruning

       fastG     100     200      0.9035      0.9829     1823.13     407.641     2230.77    0.783998

Command terminated by signal 11
	Command being timed: "./lgo lendb 100 1 12 0.1 1.0 24"
	User time (seconds): 1039.02
	System time (seconds): 7.26
	Percent of CPU this job got: 99%
	Elapsed (wall clock) time (h:mm:ss or m:ss): 17:30.80
	Average shared text size (kbytes): 0
	Average unshared data size (kbytes): 0
	Average stack size (kbytes): 0
	Average total size (kbytes): 0
	Maximum resident set size (kbytes): 2324492
	Average resident set size (kbytes): 0
	Major (requiring I/O) page faults: 0
	Minor (reclaiming a frame) page faults: 4179827
	Voluntary context switches: 350497
	Involuntary context switches: 235790
	Swaps: 0
	File system inputs: 0
	File system outputs: 3301672
	Socket messages sent: 0
	Socket messages received: 0
	Signals delivered: 0
	Page size (bytes): 4096
	Exit status: 0
