C++17!
Using LSH-Graph for lendb ...
c=        1.5
k=        100
L=        2
K=        18
T=        24
lsh_UB=   0
LOADING DATA...
Load from new file: /users/PAS2671/kabir36/kabir/similarity-search/dataset/lendb/
N=    1000000
dim=  256

LOADING TIME: 1.57304s.

LOADING BENMARK...
LOADING TIME: 0.000461s.

mkdir: missing operand
Try 'mkdir --help' for more information.

START HASHING...

SETTING HASH PARAMETER...
SETTING TIME: 0.000184s.

COMPUTING HASH...
COMPUTING TIME: 1.42059s.

[1m[31mWARNING:
[31mRanges of hash values is too LARGE. 
Please increase W at least 1times.
[0m[31mOld W=    0.3
New W=    1.09333
Increase  3.64442times.
[0mCONSTRUCTING GRAPH...

0%   10   20   30   40   50   60   70   80   90   100%
|----|----|----|----|----|----|----|----|----|----|
***************************************************
CONSTRUCTING TIME: 1040.94s.

SAVING GRAPH...
SAVING TIME: 1.35107s.

dist=0.000063, cnt=34.380157, unique=1, std=9.645734, Recall=0.000684
cc=1183.436768, pruning=0.366975

Loading FastGraph...
*******************************************************************************************************
The result of LSH-G for lendb is as follow: k=100, probQ = 0.9, L = 2, K = 18, T = 24
******************************************************************************************************
     algName       k      ef        Time      Recall        Cost        CPQ1        CPQ2     Pruning

       fastG     100     200     1.20364      0.9826     1645.75    -18083.9    -16438.2     1.00639

Command terminated by signal 11
	Command being timed: "./lgo lendb 100 2 18 0.1 1.0 24"
	User time (seconds): 1032.64
	System time (seconds): 12.23
	Percent of CPU this job got: 99%
	Elapsed (wall clock) time (h:mm:ss or m:ss): 17:29.62
	Average shared text size (kbytes): 0
	Average unshared data size (kbytes): 0
	Average stack size (kbytes): 0
	Average total size (kbytes): 0
	Maximum resident set size (kbytes): 2386968
	Average resident set size (kbytes): 0
	Major (requiring I/O) page faults: 0
	Minor (reclaiming a frame) page faults: 8307231
	Voluntary context switches: 585364
	Involuntary context switches: 229408
	Swaps: 0
	File system inputs: 0
	File system outputs: 3637392
	Socket messages sent: 0
	Socket messages received: 0
	Signals delivered: 0
	Page size (bytes): 4096
	Exit status: 0
