C++17!
Using LSH-Graph for lendb ...
c=        1.5
k=        100
L=        2
K=        6
T=        12
lsh_UB=   0
LOADING DATA...
Load from new file: /users/PAS2671/kabir36/kabir/similarity-search/dataset/lendb/
N=    1000000
dim=  256

LOADING TIME: 1.55767s.

LOADING BENMARK...
LOADING TIME: 0.000776s.

mkdir: missing operand
Try 'mkdir --help' for more information.

START HASHING...

SETTING HASH PARAMETER...
SETTING TIME: 7e-05s.

COMPUTING HASH...
COMPUTING TIME: 0.402535s.

[31mOld W=    0.3
New W=    0.3
Increase  1times.
[0mCONSTRUCTING GRAPH...

0%   10   20   30   40   50   60   70   80   90   100%
|----|----|----|----|----|----|----|----|----|----|
***************************************************
CONSTRUCTING TIME: 640.828s.

SAVING GRAPH...
SAVING TIME: 0.985446s.

dist=0.000074, cnt=17.098734, unique=1, std=4.825381, Recall=0.000352
cc=822.789185, pruning=0.169589

Loading FastGraph...
*******************************************************************************************************
The result of LSH-G for lendb is as follow: k=100, probQ = 0.9, L = 2, K = 6, T = 12
******************************************************************************************************
     algName       k      ef        Time      Recall        Cost        CPQ1        CPQ2     Pruning

       fastG     100     200     0.79466      0.9702     1604.12     71.4844      1675.6    0.367959

Command terminated by signal 11
	Command being timed: "./lgo lendb 100 2 6 0.1 1.0 12"
	User time (seconds): 636.45
	System time (seconds): 7.40
	Percent of CPU this job got: 99%
	Elapsed (wall clock) time (h:mm:ss or m:ss): 10:46.85
	Average shared text size (kbytes): 0
	Average unshared data size (kbytes): 0
	Average stack size (kbytes): 0
	Average total size (kbytes): 0
	Maximum resident set size (kbytes): 2186644
	Average resident set size (kbytes): 0
	Major (requiring I/O) page faults: 0
	Minor (reclaiming a frame) page faults: 4476459
	Voluntary context switches: 470475
	Involuntary context switches: 160542
	Swaps: 0
	File system inputs: 0
	File system outputs: 2778040
	Socket messages sent: 0
	Socket messages received: 0
	Signals delivered: 0
	Page size (bytes): 4096
	Exit status: 0
