C++17!
Using LSH-Graph for lendb ...
c=        1.5
k=        100
L=        1
K=        18
T=        12
lsh_UB=   0
LOADING DATA...
Load from new file: /users/PAS2671/kabir36/kabir/similarity-search/dataset/lendb/
N=    1000000
dim=  256

LOADING TIME: 1.56261s.

LOADING BENMARK...
LOADING TIME: 0.00052s.

mkdir: missing operand
Try 'mkdir --help' for more information.

START HASHING...

SETTING HASH PARAMETER...
SETTING TIME: 9.8e-05s.

COMPUTING HASH...
COMPUTING TIME: 0.584725s.

[1m[31mWARNING:
[31mRanges of hash values is too LARGE. 
Please increase W at least 1times.
[0m[31mOld W=    0.3
New W=    1.09333
Increase  3.64442times.
[0mCONSTRUCTING GRAPH...

0%   10   20   30   40   50   60   70   80   90   100%
|----|----|----|----|----|----|----|----|----|----|
***************************************************
CONSTRUCTING TIME: 630.953s.

SAVING GRAPH...
SAVING TIME: 0.692344s.

dist=0.000061, cnt=17.097183, unique=1, std=4.832016, Recall=0.000345
cc=757.679382, pruning=0.273987

Loading FastGraph...
*******************************************************************************************************
The result of LSH-G for lendb is as follow: k=100, probQ = 0.9, L = 1, K = 18, T = 12
******************************************************************************************************
     algName       k      ef        Time      Recall        Cost        CPQ1        CPQ2     Pruning

       fastG     100     200     0.80098      0.9728     1259.98     302.083     1562.06    0.688146

Command terminated by signal 11
	Command being timed: "./lgo lendb 100 1 18 0.1 1.0 12"
	User time (seconds): 627.62
	System time (seconds): 6.23
	Percent of CPU this job got: 99%
	Elapsed (wall clock) time (h:mm:ss or m:ss): 10:36.55
	Average shared text size (kbytes): 0
	Average unshared data size (kbytes): 0
	Average stack size (kbytes): 0
	Average total size (kbytes): 0
	Maximum resident set size (kbytes): 2118984
	Average resident set size (kbytes): 0
	Major (requiring I/O) page faults: 0
	Minor (reclaiming a frame) page faults: 4164010
	Voluntary context switches: 298295
	Involuntary context switches: 146456
	Swaps: 0
	File system inputs: 0
	File system outputs: 2666768
	Socket messages sent: 0
	Socket messages received: 0
	Signals delivered: 0
	Page size (bytes): 4096
	Exit status: 0
