C++17!
Using LSH-Graph for lendb ...
c=        1.5
k=        100
L=        2
K=        6
T=        24
lsh_UB=   0
LOADING DATA...
Load from new file: /users/PAS2671/kabir36/kabir/similarity-search/dataset/lendb/
N=    1000000
dim=  256

LOADING TIME: 1.574s.

LOADING BENMARK...
LOADING TIME: 0.000505s.

mkdir: missing operand
Try 'mkdir --help' for more information.

START HASHING...

SETTING HASH PARAMETER...
SETTING TIME: 7.1e-05s.

COMPUTING HASH...
COMPUTING TIME: 0.402987s.

[31mOld W=    0.3
New W=    0.3
Increase  1times.
[0mCONSTRUCTING GRAPH...

0%   10   20   30   40   50   60   70   80   90   100%
|----|----|----|----|----|----|----|----|----|----|
***************************************************
CONSTRUCTING TIME: 1054.49s.

SAVING GRAPH...
SAVING TIME: 1.09197s.

dist=0.000084, cnt=34.336212, unique=1, std=9.680403, Recall=0.000170
cc=1342.535400, pruning=0.215539

Loading FastGraph...
*******************************************************************************************************
The result of LSH-G for lendb is as follow: k=100, probQ = 0.9, L = 2, K = 6, T = 24
******************************************************************************************************
     algName       k      ef        Time      Recall        Cost        CPQ1        CPQ2     Pruning

       fastG     100     200     1.08558      0.9775     2206.82     116.621     2323.44    0.505623

Command terminated by signal 11
	Command being timed: "./lgo lendb 100 2 6 0.1 1.0 24"
	User time (seconds): 1046.87
	System time (seconds): 10.02
	Percent of CPU this job got: 99%
	Elapsed (wall clock) time (h:mm:ss or m:ss): 17:41.59
	Average shared text size (kbytes): 0
	Average unshared data size (kbytes): 0
	Average stack size (kbytes): 0
	Average total size (kbytes): 0
	Maximum resident set size (kbytes): 2386272
	Average resident set size (kbytes): 0
	Major (requiring I/O) page faults: 0
	Minor (reclaiming a frame) page faults: 6425304
	Voluntary context switches: 567419
	Involuntary context switches: 238038
	Swaps: 0
	File system inputs: 0
	File system outputs: 3447784
	Socket messages sent: 0
	Socket messages received: 0
	Signals delivered: 0
	Page size (bytes): 4096
	Exit status: 0
