C++17!
Using LSH-Graph for millionSong ...
c=        1.5
k=        20
L=        1
K=        6
T=        24
lsh_UB=   0
LOADING DATA...
Load from new file: /users/PAS2671/kabir36/kabir/similarity-search/dataset/millionSong/
N=    992272
dim=  420

LOADING TIME: 8.60905s.

LOADING BENMARK...
LOADING TIME: 0.029437s.

mkdir: missing operand
Try 'mkdir --help' for more information.

START HASHING...

SETTING HASH PARAMETER...
SETTING TIME: 0.000105s.

COMPUTING HASH...
COMPUTING TIME: 0.931346s.

[1m[31mWARNING:
[31mRanges of hash values is too LARGE. 
Please increase W at least 1times.
[0m[31mOld W=    0.3
New W=    5.9474
Increase  19.8247times.
[0mCONSTRUCTING GRAPH...

0%   10   20   30   40   50   60   70   80   90   100%
|----|----|----|----|----|----|----|----|----|----|
***************************************************
CONSTRUCTING TIME: 1492.56s.

SAVING GRAPH...
SAVING TIME: 0.94946s.

dist=23.007483, cnt=35.719780, unique=1, std=9.432547, Recall=0.551748
cc=1250.467163, pruning=0.132789

Loading FastGraph...
*******************************************************************************************************
The result of LSH-G for millionSong is as follow: k=20, probQ = 0.9, L = 1, K = 6, T = 24
******************************************************************************************************
     algName       k      ef        Time      Recall        Cost        CPQ1        CPQ2     Pruning

       fastG      20     200     2.10464       0.993     2782.29     58.6044     2840.89    0.244417


******************************************************************************************************
                                                                                    1180-4:43:57
*****************************************************************************************************


	Command being timed: "./lgo millionSong 20 1 6 0.1 1.0 24"
	User time (seconds): 1479.57
	System time (seconds): 15.27
	Percent of CPU this job got: 99%
	Elapsed (wall clock) time (h:mm:ss or m:ss): 25:04.53
	Average shared text size (kbytes): 0
	Average unshared data size (kbytes): 0
	Average stack size (kbytes): 0
	Average total size (kbytes): 0
	Maximum resident set size (kbytes): 3378168
	Average resident set size (kbytes): 0
	Major (requiring I/O) page faults: 0
	Minor (reclaiming a frame) page faults: 11171750
	Voluntary context switches: 597529
	Involuntary context switches: 347308
	Swaps: 0
	File system inputs: 2589528
	File system outputs: 657000
	Socket messages sent: 0
	Socket messages received: 0
	Signals delivered: 0
	Page size (bytes): 4096
	Exit status: 0
