C++17!
Using LSH-Graph for millionSong ...
c=        1.5
k=        20
L=        1
K=        18
T=        24
lsh_UB=   0
LOADING DATA...
Load from new file: /users/PAS2671/kabir36/kabir/similarity-search/dataset/millionSong/
N=    992272
dim=  420

LOADING TIME: 6.78376s.

LOADING BENMARK...
LOADING TIME: 0.002149s.

mkdir: missing operand
Try 'mkdir --help' for more information.

START HASHING...

SETTING HASH PARAMETER...
SETTING TIME: 0.000173s.

COMPUTING HASH...
COMPUTING TIME: 2.27193s.

[1m[31mWARNING:
[31mRanges of hash values is too LARGE. 
Please increase W at least 1times.
[0m[31mOld W=    0.3
New W=    869.17
Increase  2897.23times.
[0mCONSTRUCTING GRAPH...

0%   10   20   30   40   50   60   70   80   90   100%
|----|----|----|----|----|----|----|----|----|----|
***************************************************
CONSTRUCTING TIME: 1592.58s.

SAVING GRAPH...
SAVING TIME: 1.05181s.

dist=22.809204, cnt=35.721409, unique=1, std=9.431470, Recall=0.597698
cc=1162.154785, pruning=0.273060

Loading FastGraph...
*******************************************************************************************************
The result of LSH-G for millionSong is as follow: k=20, probQ = 0.9, L = 1, K = 18, T = 24
******************************************************************************************************
     algName       k      ef        Time      Recall        Cost        CPQ1        CPQ2     Pruning

       fastG      20     200     3.03272       0.992     2565.84     192.597     2758.44    0.370179


******************************************************************************************************
                                                                                    1180-6:7:22
*****************************************************************************************************


	Command being timed: "./lgo millionSong 20 1 18 0.1 1.0 24"
	User time (seconds): 1579.84
	System time (seconds): 16.99
	Percent of CPU this job got: 99%
	Elapsed (wall clock) time (h:mm:ss or m:ss): 26:44.39
	Average shared text size (kbytes): 0
	Average unshared data size (kbytes): 0
	Average stack size (kbytes): 0
	Average total size (kbytes): 0
	Maximum resident set size (kbytes): 3377576
	Average resident set size (kbytes): 0
	Major (requiring I/O) page faults: 0
	Minor (reclaiming a frame) page faults: 12043034
	Voluntary context switches: 587471
	Involuntary context switches: 347934
	Swaps: 0
	File system inputs: 1144504
	File system outputs: 750096
	Socket messages sent: 0
	Socket messages received: 0
	Signals delivered: 0
	Page size (bytes): 4096
	Exit status: 0
