C++17!
Using LSH-Graph for millionSong ...
c=        1.5
k=        20
L=        2
K=        18
T=        24
lsh_UB=   0
LOADING DATA...
Load from new file: /users/PAS2671/kabir36/kabir/similarity-search/dataset/millionSong/
N=    992272
dim=  420

LOADING TIME: 10.5779s.

LOADING BENMARK...
LOADING TIME: 0.002183s.

mkdir: missing operand
Try 'mkdir --help' for more information.

START HASHING...

SETTING HASH PARAMETER...
SETTING TIME: 0.000317s.

COMPUTING HASH...
COMPUTING TIME: 4.88083s.

[1m[31mWARNING:
[31mRanges of hash values is too LARGE. 
Please increase W at least 1times.
[0m[31mOld W=    0.3
New W=    869.17
Increase  2897.23times.
[0mCONSTRUCTING GRAPH...

0%   10   20   30   40   50   60   70   80   90   100%
|----|----|----|----|----|----|----|----|----|----|
***************************************************
CONSTRUCTING TIME: 1669.02s.

SAVING GRAPH...
SAVING TIME: 1.43255s.

dist=22.816372, cnt=35.723030, unique=1, std=9.430351, Recall=0.575523
cc=1158.458008, pruning=0.273575

Loading FastGraph...
*******************************************************************************************************
The result of LSH-G for millionSong is as follow: k=20, probQ = 0.9, L = 2, K = 18, T = 24
******************************************************************************************************
     algName       k      ef        Time      Recall        Cost        CPQ1        CPQ2     Pruning

       fastG      20     200     2.52989      0.9925     2607.83     211.339     2819.17    0.362581


******************************************************************************************************
                                                                                    1180-8:15:0
*****************************************************************************************************


	Command being timed: "./lgo millionSong 20 2 18 0.1 1.0 24"
	User time (seconds): 1655.76
	System time (seconds): 20.94
	Percent of CPU this job got: 99%
	Elapsed (wall clock) time (h:mm:ss or m:ss): 28:07.92
	Average shared text size (kbytes): 0
	Average unshared data size (kbytes): 0
	Average stack size (kbytes): 0
	Average total size (kbytes): 0
	Maximum resident set size (kbytes): 3441860
	Average resident set size (kbytes): 0
	Major (requiring I/O) page faults: 0
	Minor (reclaiming a frame) page faults: 12969273
	Voluntary context switches: 965138
	Involuntary context switches: 340346
	Swaps: 0
	File system inputs: 1442064
	File system outputs: 912976
	Socket messages sent: 0
	Socket messages received: 0
	Signals delivered: 0
	Page size (bytes): 4096
	Exit status: 0
