C++17!
Using LSH-Graph for millionSong ...
c=        1.5
k=        20
L=        2
K=        12
T=        12
lsh_UB=   0
LOADING DATA...
Load from new file: /users/PAS2671/kabir36/kabir/similarity-search/dataset/millionSong/
N=    992272
dim=  420

LOADING TIME: 14.7429s.

LOADING BENMARK...
LOADING TIME: 0.0021s.

mkdir: missing operand
Try 'mkdir --help' for more information.

START HASHING...

SETTING HASH PARAMETER...
SETTING TIME: 0.00022s.

COMPUTING HASH...
COMPUTING TIME: 3.42256s.

[1m[31mWARNING:
[31mRanges of hash values is too LARGE. 
Please increase W at least 1times.
[0m[31mOld W=    0.3
New W=    196.264
Increase  654.214times.
[0mCONSTRUCTING GRAPH...

0%   10   20   30   40   50   60   70   80   90   100%
|----|----|----|----|----|----|----|----|----|----|
***************************************************
CONSTRUCTING TIME: 947.992s.

SAVING GRAPH...
SAVING TIME: 1.18114s.

dist=22.387316, cnt=17.695986, unique=1, std=4.795507, Recall=0.552125
cc=767.591309, pruning=0.138452

Loading FastGraph...
*******************************************************************************************************
The result of LSH-G for millionSong is as follow: k=20, probQ = 0.9, L = 2, K = 12, T = 12
******************************************************************************************************
     algName       k      ef        Time      Recall        Cost        CPQ1        CPQ2     Pruning

       fastG      20     200     1.55193       0.967     1877.62     90.7555     1968.38    0.196376


******************************************************************************************************
                                                                                    1180-7:4:8
*****************************************************************************************************


	Command being timed: "./lgo millionSong 20 2 12 0.1 1.0 12"
	User time (seconds): 938.42
	System time (seconds): 17.47
	Percent of CPU this job got: 98%
	Elapsed (wall clock) time (h:mm:ss or m:ss): 16:09.03
	Average shared text size (kbytes): 0
	Average unshared data size (kbytes): 0
	Average stack size (kbytes): 0
	Average total size (kbytes): 0
	Maximum resident set size (kbytes): 3438968
	Average resident set size (kbytes): 0
	Major (requiring I/O) page faults: 0
	Minor (reclaiming a frame) page faults: 11940772
	Voluntary context switches: 884452
	Involuntary context switches: 208785
	Swaps: 0
	File system inputs: 1542320
	File system outputs: 540408
	Socket messages sent: 0
	Socket messages received: 0
	Signals delivered: 0
	Page size (bytes): 4096
	Exit status: 0
