C++17!
Using LSH-Graph for millionSong ...
c=        1.5
k=        20
L=        2
K=        18
T=        12
lsh_UB=   0
LOADING DATA...
Load from new file: /users/PAS2671/kabir36/kabir/similarity-search/dataset/millionSong/
N=    992272
dim=  420

LOADING TIME: 8.07492s.

LOADING BENMARK...
LOADING TIME: 0.002706s.

mkdir: missing operand
Try 'mkdir --help' for more information.

START HASHING...

SETTING HASH PARAMETER...
SETTING TIME: 0.000324s.

COMPUTING HASH...
COMPUTING TIME: 4.99768s.

[1m[31mWARNING:
[31mRanges of hash values is too LARGE. 
Please increase W at least 1times.
[0m[31mOld W=    0.3
New W=    869.17
Increase  2897.23times.
[0mCONSTRUCTING GRAPH...

0%   10   20   30   40   50   60   70   80   90   100%
|----|----|----|----|----|----|----|----|----|----|
***************************************************
CONSTRUCTING TIME: 1019s.

SAVING GRAPH...
SAVING TIME: 1.12862s.

dist=22.116167, cnt=17.706541, unique=1, std=4.796249, Recall=0.538569
cc=753.722534, pruning=0.192219

Loading FastGraph...
*******************************************************************************************************
The result of LSH-G for millionSong is as follow: k=20, probQ = 0.9, L = 2, K = 18, T = 12
******************************************************************************************************
     algName       k      ef        Time      Recall        Cost        CPQ1        CPQ2     Pruning

       fastG      20     200     1.52513       0.973     1822.71     139.781     1962.49    0.247297


******************************************************************************************************
                                                                                    1180-7:46:52
*****************************************************************************************************


	Command being timed: "./lgo millionSong 20 2 18 0.1 1.0 12"
	User time (seconds): 1010.33
	System time (seconds): 17.59
	Percent of CPU this job got: 99%
	Elapsed (wall clock) time (h:mm:ss or m:ss): 17:15.40
	Average shared text size (kbytes): 0
	Average unshared data size (kbytes): 0
	Average stack size (kbytes): 0
	Average total size (kbytes): 0
	Maximum resident set size (kbytes): 3440764
	Average resident set size (kbytes): 0
	Major (requiring I/O) page faults: 0
	Minor (reclaiming a frame) page faults: 11576465
	Voluntary context switches: 795136
	Involuntary context switches: 226238
	Swaps: 0
	File system inputs: 1634968
	File system outputs: 633640
	Socket messages sent: 0
	Socket messages received: 0
	Signals delivered: 0
	Page size (bytes): 4096
	Exit status: 0
