C++17!
Using LSH-Graph for millionSong ...
c=        1.5
k=        20
L=        1
K=        12
T=        12
lsh_UB=   0
LOADING DATA...
Load from new file: /users/PAS2671/kabir36/kabir/similarity-search/dataset/millionSong/
N=    992272
dim=  420

LOADING TIME: 6.55215s.

LOADING BENMARK...
LOADING TIME: 0.018257s.

mkdir: missing operand
Try 'mkdir --help' for more information.

START HASHING...

SETTING HASH PARAMETER...
SETTING TIME: 0.000131s.

COMPUTING HASH...
COMPUTING TIME: 1.54708s.

[1m[31mWARNING:
[31mRanges of hash values is too LARGE. 
Please increase W at least 1times.
[0m[31mOld W=    0.3
New W=    196.264
Increase  654.214times.
[0mCONSTRUCTING GRAPH...

0%   10   20   30   40   50   60   70   80   90   100%
|----|----|----|----|----|----|----|----|----|----|
***************************************************
CONSTRUCTING TIME: 901.088s.

SAVING GRAPH...
SAVING TIME: 0.870939s.

dist=22.152199, cnt=17.702730, unique=1, std=4.793655, Recall=0.553916
cc=766.203064, pruning=0.138986

Loading FastGraph...
*******************************************************************************************************
The result of LSH-G for millionSong is as follow: k=20, probQ = 0.9, L = 1, K = 12, T = 12
******************************************************************************************************
     algName       k      ef        Time      Recall        Cost        CPQ1        CPQ2     Pruning

       fastG      20     200     1.37498       0.974     1824.43     77.2371     1901.67    0.200967


******************************************************************************************************
                                                                                    1180-4:59:8
*****************************************************************************************************


	Command being timed: "./lgo millionSong 20 1 12 0.1 1.0 12"
	User time (seconds): 891.89
	System time (seconds): 13.86
	Percent of CPU this job got: 99%
	Elapsed (wall clock) time (h:mm:ss or m:ss): 15:11.39
	Average shared text size (kbytes): 0
	Average unshared data size (kbytes): 0
	Average stack size (kbytes): 0
	Average total size (kbytes): 0
	Maximum resident set size (kbytes): 3371232
	Average resident set size (kbytes): 0
	Major (requiring I/O) page faults: 0
	Minor (reclaiming a frame) page faults: 10919873
	Voluntary context switches: 546120
	Involuntary context switches: 205260
	Swaps: 0
	File system inputs: 1344048
	File system outputs: 424168
	Socket messages sent: 0
	Socket messages received: 0
	Signals delivered: 0
	Page size (bytes): 4096
	Exit status: 0
