C++17!
Using LSH-Graph for millionSong ...
c=        1.5
k=        20
L=        2
K=        6
T=        24
lsh_UB=   0
LOADING DATA...
Load from new file: /users/PAS2671/kabir36/kabir/similarity-search/dataset/millionSong/
N=    992272
dim=  420

LOADING TIME: 7.74419s.

LOADING BENMARK...
LOADING TIME: 0.00231s.

mkdir: missing operand
Try 'mkdir --help' for more information.

START HASHING...

SETTING HASH PARAMETER...
SETTING TIME: 0.000121s.

COMPUTING HASH...
COMPUTING TIME: 1.62855s.

[1m[31mWARNING:
[31mRanges of hash values is too LARGE. 
Please increase W at least 1times.
[0m[31mOld W=    0.3
New W=    5.9474
Increase  19.8247times.
[0mCONSTRUCTING GRAPH...

0%   10   20   30   40   50   60   70   80   90   100%
|----|----|----|----|----|----|----|----|----|----|
***************************************************
CONSTRUCTING TIME: 1505s.

SAVING GRAPH...
SAVING TIME: 1.31105s.

dist=22.738430, cnt=35.720329, unique=1, std=9.429009, Recall=0.578322
cc=1250.918823, pruning=0.132060

Loading FastGraph...
*******************************************************************************************************
The result of LSH-G for millionSong is as follow: k=20, probQ = 0.9, L = 2, K = 6, T = 24
******************************************************************************************************
     algName       k      ef        Time      Recall        Cost        CPQ1        CPQ2     Pruning

       fastG      20     200     2.28881      0.9895     2835.41     65.0334     2900.44     0.23622


******************************************************************************************************
                                                                                    1180-6:47:59
*****************************************************************************************************


	Command being timed: "./lgo millionSong 20 2 6 0.1 1.0 24"
	User time (seconds): 1491.01
	System time (seconds): 18.25
	Percent of CPU this job got: 99%
	Elapsed (wall clock) time (h:mm:ss or m:ss): 25:17.36
	Average shared text size (kbytes): 0
	Average unshared data size (kbytes): 0
	Average stack size (kbytes): 0
	Average total size (kbytes): 0
	Maximum resident set size (kbytes): 3444324
	Average resident set size (kbytes): 0
	Major (requiring I/O) page faults: 0
	Minor (reclaiming a frame) page faults: 12552670
	Voluntary context switches: 986342
	Involuntary context switches: 317165
	Swaps: 0
	File system inputs: 1255528
	File system outputs: 726800
	Socket messages sent: 0
	Socket messages received: 0
	Signals delivered: 0
	Page size (bytes): 4096
	Exit status: 0
