C++17!
Using LSH-Graph for millionSong ...
c=        1.5
k=        20
L=        2
K=        6
T=        12
lsh_UB=   0
LOADING DATA...
Load from new file: /users/PAS2671/kabir36/kabir/similarity-search/dataset/millionSong/
N=    992272
dim=  420

LOADING TIME: 7.59885s.

LOADING BENMARK...
LOADING TIME: 0.009423s.

mkdir: missing operand
Try 'mkdir --help' for more information.

START HASHING...

SETTING HASH PARAMETER...
SETTING TIME: 0.00013s.

COMPUTING HASH...
COMPUTING TIME: 1.64145s.

[1m[31mWARNING:
[31mRanges of hash values is too LARGE. 
Please increase W at least 1times.
[0m[31mOld W=    0.3
New W=    5.9474
Increase  19.8247times.
[0mCONSTRUCTING GRAPH...

0%   10   20   30   40   50   60   70   80   90   100%
|----|----|----|----|----|----|----|----|----|----|
***************************************************
CONSTRUCTING TIME: 907.345s.

SAVING GRAPH...
SAVING TIME: 1.12008s.

dist=22.352936, cnt=17.702566, unique=1, std=4.795588, Recall=0.553013
cc=778.709656, pruning=0.098732

Loading FastGraph...
*******************************************************************************************************
The result of LSH-G for millionSong is as follow: k=20, probQ = 0.9, L = 2, K = 6, T = 12
******************************************************************************************************
     algName       k      ef        Time      Recall        Cost        CPQ1        CPQ2     Pruning

       fastG      20     200     1.79762       0.971     1900.35     44.9006     1945.25    0.174852


******************************************************************************************************
                                                                                    1180-6:22:42
*****************************************************************************************************


	Command being timed: "./lgo millionSong 20 2 6 0.1 1.0 12"
	User time (seconds): 896.60
	System time (seconds): 15.94
	Percent of CPU this job got: 99%
	Elapsed (wall clock) time (h:mm:ss or m:ss): 15:19.37
	Average shared text size (kbytes): 0
	Average unshared data size (kbytes): 0
	Average stack size (kbytes): 0
	Average total size (kbytes): 0
	Maximum resident set size (kbytes): 3438844
	Average resident set size (kbytes): 0
	Major (requiring I/O) page faults: 0
	Minor (reclaiming a frame) page faults: 11585914
	Voluntary context switches: 852751
	Involuntary context switches: 217583
	Swaps: 0
	File system inputs: 1435584
	File system outputs: 447424
	Socket messages sent: 0
	Socket messages received: 0
	Signals delivered: 0
	Page size (bytes): 4096
	Exit status: 0
