C++17!
Using LSH-Graph for millionSong ...
c=        1.5
k=        20
L=        1
K=        6
T=        12
lsh_UB=   0
LOADING DATA...
Load from new file: /users/PAS2671/kabir36/kabir/similarity-search/dataset/millionSong/
N=    992272
dim=  420

LOADING TIME: 22.3712s.

MAKING BENMARK...

0%   10   20   30   40   50   60   70   80   90   100%
|----|----|----|----|----|----|----|----|----|----|
***************************************************
MAKING TIME: 130.804s.

SAVING BENMARK...
SAVING TIME: 0.002687s.

mkdir: missing operand
Try 'mkdir --help' for more information.

START HASHING...

SETTING HASH PARAMETER...
SETTING TIME: 8.9e-05s.

COMPUTING HASH...
COMPUTING TIME: 0.832406s.

[1m[31mWARNING:
[31mRanges of hash values is too LARGE. 
Please increase W at least 1times.
[0m[31mOld W=    0.3
New W=    5.9474
Increase  19.8247times.
[0mCONSTRUCTING GRAPH...

0%   10   20   30   40   50   60   70   80   90   100%
|----|----|----|----|----|----|----|----|----|----|
***************************************************
CONSTRUCTING TIME: 889.711s.

SAVING GRAPH...
SAVING TIME: 0.796462s.

dist=22.633701, cnt=17.697622, unique=1, std=4.796895, Recall=0.541259
cc=774.476624, pruning=0.100163

Loading FastGraph...
*******************************************************************************************************
The result of LSH-G for millionSong is as follow: k=20, probQ = 0.9, L = 1, K = 6, T = 12
******************************************************************************************************
     algName       k      ef        Time      Recall        Cost        CPQ1        CPQ2     Pruning

       fastG      20     200      1.4566       0.974     1851.09     38.3214     1889.41    0.181839


******************************************************************************************************
                                                                                    1180-4:18:52
*****************************************************************************************************


	Command being timed: "./lgo millionSong 20 1 6 0.1 1.0 12"
	User time (seconds): 1010.24
	System time (seconds): 14.04
	Percent of CPU this job got: 97%
	Elapsed (wall clock) time (h:mm:ss or m:ss): 17:25.87
	Average shared text size (kbytes): 0
	Average unshared data size (kbytes): 0
	Average stack size (kbytes): 0
	Average total size (kbytes): 0
	Maximum resident set size (kbytes): 4140492
	Average resident set size (kbytes): 0
	Major (requiring I/O) page faults: 0
	Minor (reclaiming a frame) page faults: 10595315
	Voluntary context switches: 526641
	Involuntary context switches: 253531
	Swaps: 0
	File system inputs: 3264312
	File system outputs: 378176
	Socket messages sent: 0
	Socket messages received: 0
	Signals delivered: 0
	Page size (bytes): 4096
	Exit status: 0
