C++17!
Using LSH-Graph for MNIST ...
c=        1.5
k=        20
L=        2
K=        18
T=        24
lsh_UB=   0
LOADING DATA...
Load from new file: /users/PAS2671/kabir36/kabir/similarity-search/dataset/MNIST/
N=    69000
dim=  784

LOADING TIME: 0.282069s.

LOADING BENMARK...
LOADING TIME: 0.003054s.

mkdir: missing operand
Try 'mkdir --help' for more information.

START HASHING...

SETTING HASH PARAMETER...
SETTING TIME: 0.00144s.

COMPUTING HASH...
COMPUTING TIME: 0.30875s.

[1m[31mWARNING:
[31mRanges of hash values is too LARGE. 
Please increase W at least 1times.
[0m[31mOld W=    0.3
New W=    10.4461
Increase  34.8203times.
[0mCONSTRUCTING GRAPH...

0%   10   20   30   40   50   60   70   80   90   100%
|----|----|----|----|----|----|----|----|----|----|
***************************************************
CONSTRUCTING TIME: 44.2401s.

SAVING GRAPH...
SAVING TIME: 0.094579s.

dist=5.276430, cnt=37.490013, unique=1, std=9.196359, Recall=0.725730
cc=593.957031, pruning=0.284430

Loading FastGraph...
*******************************************************************************************************
The result of LSH-G for MNIST is as follow: k=20, probQ = 0.9, L = 2, K = 18, T = 24
******************************************************************************************************
     algName       k      ef        Time      Recall        Cost        CPQ1        CPQ2     Pruning

       fastG      20     200     0.97869           1     1400.45     85.5379     1485.99    0.350937


******************************************************************************************************
                                                                                    1180-4:9:40
*****************************************************************************************************


	Command being timed: "./lgo MNIST 20 2 18 0.1 1.0 24"
	User time (seconds): 44.52
	System time (seconds): 0.50
	Percent of CPU this job got: 99%
	Elapsed (wall clock) time (h:mm:ss or m:ss): 0:45.35
	Average shared text size (kbytes): 0
	Average unshared data size (kbytes): 0
	Average stack size (kbytes): 0
	Average total size (kbytes): 0
	Maximum resident set size (kbytes): 449104
	Average resident set size (kbytes): 0
	Major (requiring I/O) page faults: 0
	Minor (reclaiming a frame) page faults: 187957
	Voluntary context switches: 36902
	Involuntary context switches: 9880
	Swaps: 0
	File system inputs: 0
	File system outputs: 65672
	Socket messages sent: 0
	Socket messages received: 0
	Signals delivered: 0
	Page size (bytes): 4096
	Exit status: 0
