C++17!
Using LSH-Graph for MNIST ...
c=        1.5
k=        20
L=        2
K=        12
T=        12
lsh_UB=   0
LOADING DATA...
Load from new file: /users/PAS2671/kabir36/kabir/similarity-search/dataset/MNIST/
N=    69000
dim=  784

LOADING TIME: 0.281707s.

LOADING BENMARK...
LOADING TIME: 0.006103s.

mkdir: missing operand
Try 'mkdir --help' for more information.

START HASHING...

SETTING HASH PARAMETER...
SETTING TIME: 0.000362s.

COMPUTING HASH...
COMPUTING TIME: 0.152708s.

[1m[31mWARNING:
[31mRanges of hash values is too LARGE. 
Please increase W at least 1times.
[0m[31mOld W=    0.3
New W=    2.3588
Increase  7.86265times.
[0mCONSTRUCTING GRAPH...

0%   10   20   30   40   50   60   70   80   90   100%
|----|----|----|----|----|----|----|----|----|----|
***************************************************
CONSTRUCTING TIME: 31.3627s.

SAVING GRAPH...
SAVING TIME: 0.079879s.

dist=5.042855, cnt=18.634159, unique=1, std=4.682092, Recall=0.722853
cc=441.464691, pruning=0.154085

Loading FastGraph...
*******************************************************************************************************
The result of LSH-G for MNIST is as follow: k=20, probQ = 0.9, L = 2, K = 12, T = 12
******************************************************************************************************
     algName       k      ef        Time      Recall        Cost        CPQ1        CPQ2     Pruning

       fastG      20     200     0.86113      0.9955     1137.77     45.6193     1183.39    0.194477


******************************************************************************************************
                                                                                    1180-4:7:36
*****************************************************************************************************


	Command being timed: "./lgo MNIST 20 2 12 0.1 1.0 12"
	User time (seconds): 31.51
	System time (seconds): 0.48
	Percent of CPU this job got: 99%
	Elapsed (wall clock) time (h:mm:ss or m:ss): 0:32.13
	Average shared text size (kbytes): 0
	Average unshared data size (kbytes): 0
	Average stack size (kbytes): 0
	Average total size (kbytes): 0
	Maximum resident set size (kbytes): 444844
	Average resident set size (kbytes): 0
	Major (requiring I/O) page faults: 0
	Minor (reclaiming a frame) page faults: 184354
	Voluntary context switches: 38674
	Involuntary context switches: 7392
	Swaps: 0
	File system inputs: 0
	File system outputs: 38776
	Socket messages sent: 0
	Socket messages received: 0
	Signals delivered: 0
	Page size (bytes): 4096
	Exit status: 0
