C++17!
Using LSH-Graph for MNIST ...
c=        1.5
k=        20
L=        1
K=        18
T=        12
lsh_UB=   0
LOADING DATA...
Load from new file: /users/PAS2671/kabir36/kabir/similarity-search/dataset/MNIST/
N=    69000
dim=  784

LOADING TIME: 0.281008s.

LOADING BENMARK...
LOADING TIME: 0.000753s.

mkdir: missing operand
Try 'mkdir --help' for more information.

START HASHING...

SETTING HASH PARAMETER...
SETTING TIME: 0.000273s.

COMPUTING HASH...
COMPUTING TIME: 0.116291s.

[1m[31mWARNING:
[31mRanges of hash values is too LARGE. 
Please increase W at least 1times.
[0m[31mOld W=    0.3
New W=    10.2053
Increase  34.0175times.
[0mCONSTRUCTING GRAPH...

0%   10   20   30   40   50   60   70   80   90   100%
|----|----|----|----|----|----|----|----|----|----|
***************************************************
CONSTRUCTING TIME: 31.3454s.

SAVING GRAPH...
SAVING TIME: 0.060805s.

dist=5.050738, cnt=18.627754, unique=1, std=4.686191, Recall=0.735165
cc=426.796417, pruning=0.194728

Loading FastGraph...
*******************************************************************************************************
The result of LSH-G for MNIST is as follow: k=20, probQ = 0.9, L = 1, K = 18, T = 12
******************************************************************************************************
     algName       k      ef        Time      Recall        Cost        CPQ1        CPQ2     Pruning

       fastG      20     200     0.79064      0.9965     1060.82     50.2171     1111.04    0.244019


******************************************************************************************************
                                                                                    1180-4:4:54
*****************************************************************************************************


	Command being timed: "./lgo MNIST 20 1 18 0.1 1.0 12"
	User time (seconds): 31.49
	System time (seconds): 0.40
	Percent of CPU this job got: 99%
	Elapsed (wall clock) time (h:mm:ss or m:ss): 0:32.00
	Average shared text size (kbytes): 0
	Average unshared data size (kbytes): 0
	Average stack size (kbytes): 0
	Average total size (kbytes): 0
	Maximum resident set size (kbytes): 440952
	Average resident set size (kbytes): 0
	Major (requiring I/O) page faults: 0
	Minor (reclaiming a frame) page faults: 182930
	Voluntary context switches: 21109
	Involuntary context switches: 7184
	Swaps: 0
	File system inputs: 0
	File system outputs: 33880
	Socket messages sent: 0
	Socket messages received: 0
	Signals delivered: 0
	Page size (bytes): 4096
	Exit status: 0
