C++17!
Using LSH-Graph for MNIST ...
c=        1.5
k=        20
L=        1
K=        6
T=        24
lsh_UB=   0
LOADING DATA...
Load from new file: /users/PAS2671/kabir36/kabir/similarity-search/dataset/MNIST/
N=    69000
dim=  784

LOADING TIME: 0.289182s.

LOADING BENMARK...
LOADING TIME: 0.00053s.

mkdir: missing operand
Try 'mkdir --help' for more information.

START HASHING...

SETTING HASH PARAMETER...
SETTING TIME: 0.000102s.

COMPUTING HASH...
COMPUTING TIME: 0.045125s.

[31mOld W=    0.3
New W=    0.3
Increase  1times.
[0mCONSTRUCTING GRAPH...

0%   10   20   30   40   50   60   70   80   90   100%
|----|----|----|----|----|----|----|----|----|----|
***************************************************
CONSTRUCTING TIME: 48.106s.

SAVING GRAPH...
SAVING TIME: 0.066912s.

dist=5.255290, cnt=37.462219, unique=1, std=9.195866, Recall=0.738279
cc=679.563416, pruning=0.149502

Loading FastGraph...
*******************************************************************************************************
The result of LSH-G for MNIST is as follow: k=20, probQ = 0.9, L = 1, K = 6, T = 24
******************************************************************************************************
     algName       k      ef        Time      Recall        Cost        CPQ1        CPQ2     Pruning

       fastG      20     200     1.14357      0.9935     1540.68     20.9208      1561.6    0.209765


******************************************************************************************************
                                                                                    1180-4:3:3
*****************************************************************************************************


	Command being timed: "./lgo MNIST 20 1 6 0.1 1.0 24"
	User time (seconds): 48.17
	System time (seconds): 0.43
	Percent of CPU this job got: 99%
	Elapsed (wall clock) time (h:mm:ss or m:ss): 0:48.76
	Average shared text size (kbytes): 0
	Average unshared data size (kbytes): 0
	Average stack size (kbytes): 0
	Average total size (kbytes): 0
	Maximum resident set size (kbytes): 445480
	Average resident set size (kbytes): 0
	Major (requiring I/O) page faults: 0
	Minor (reclaiming a frame) page faults: 184683
	Voluntary context switches: 22117
	Involuntary context switches: 10393
	Swaps: 0
	File system inputs: 0
	File system outputs: 47656
	Socket messages sent: 0
	Socket messages received: 0
	Signals delivered: 0
	Page size (bytes): 4096
	Exit status: 0
