C++17!
Using LSH-Graph for MNIST ...
c=        1.5
k=        20
L=        2
K=        6
T=        12
lsh_UB=   0
LOADING DATA...
Load from new file: /users/PAS2671/kabir36/kabir/similarity-search/dataset/MNIST/
N=    69000
dim=  784

LOADING TIME: 0.285231s.

LOADING BENMARK...
LOADING TIME: 0.000536s.

mkdir: missing operand
Try 'mkdir --help' for more information.

START HASHING...

SETTING HASH PARAMETER...
SETTING TIME: 0.000194s.

COMPUTING HASH...
COMPUTING TIME: 0.081623s.

[31mOld W=    0.3
New W=    0.3
Increase  1times.
[0mCONSTRUCTING GRAPH...

0%   10   20   30   40   50   60   70   80   90   100%
|----|----|----|----|----|----|----|----|----|----|
***************************************************
CONSTRUCTING TIME: 33.4855s.

SAVING GRAPH...
SAVING TIME: 0.080269s.

dist=5.061126, cnt=18.634565, unique=1, std=4.689204, Recall=0.727802
cc=466.089966, pruning=0.111535

Loading FastGraph...
*******************************************************************************************************
The result of LSH-G for MNIST is as follow: k=20, probQ = 0.9, L = 2, K = 6, T = 12
******************************************************************************************************
     algName       k      ef        Time      Recall        Cost        CPQ1        CPQ2     Pruning

       fastG      20     200     0.86722      0.9915     1191.87     22.7267      1214.6    0.149647


******************************************************************************************************
                                                                                    1180-4:6:15
*****************************************************************************************************


	Command being timed: "./lgo MNIST 20 2 6 0.1 1.0 12"
	User time (seconds): 33.54
	System time (seconds): 0.49
	Percent of CPU this job got: 99%
	Elapsed (wall clock) time (h:mm:ss or m:ss): 0:34.16
	Average shared text size (kbytes): 0
	Average unshared data size (kbytes): 0
	Average stack size (kbytes): 0
	Average total size (kbytes): 0
	Maximum resident set size (kbytes): 444612
	Average resident set size (kbytes): 0
	Major (requiring I/O) page faults: 0
	Minor (reclaiming a frame) page faults: 183947
	Voluntary context switches: 39113
	Involuntary context switches: 7904
	Swaps: 0
	File system inputs: 0
	File system outputs: 32248
	Socket messages sent: 0
	Socket messages received: 0
	Signals delivered: 0
	Page size (bytes): 4096
	Exit status: 0
