C++17!
Using LSH-Graph for MNIST ...
c=        1.5
k=        20
L=        1
K=        12
T=        12
lsh_UB=   0
LOADING DATA...
Load from new file: /users/PAS2671/kabir36/kabir/similarity-search/dataset/MNIST/
N=    69000
dim=  784

LOADING TIME: 0.281669s.

LOADING BENMARK...
LOADING TIME: 0.000524s.

mkdir: missing operand
Try 'mkdir --help' for more information.

START HASHING...

SETTING HASH PARAMETER...
SETTING TIME: 0.000188s.

COMPUTING HASH...
COMPUTING TIME: 0.082315s.

[1m[31mWARNING:
[31mRanges of hash values is too LARGE. 
Please increase W at least 1times.
[0m[31mOld W=    0.3
New W=    2.30437
Increase  7.68122times.
[0mCONSTRUCTING GRAPH...

0%   10   20   30   40   50   60   70   80   90   100%
|----|----|----|----|----|----|----|----|----|----|
***************************************************
CONSTRUCTING TIME: 31.5615s.

SAVING GRAPH...
SAVING TIME: 0.060724s.

dist=5.058527, cnt=18.637812, unique=1, std=4.685350, Recall=0.729298
cc=444.230560, pruning=0.154592

Loading FastGraph...
*******************************************************************************************************
The result of LSH-G for MNIST is as follow: k=20, probQ = 0.9, L = 1, K = 12, T = 12
******************************************************************************************************
     algName       k      ef        Time      Recall        Cost        CPQ1        CPQ2     Pruning

       fastG      20     200     0.77671       0.994     1101.31     33.0992     1134.41     0.20107


******************************************************************************************************
                                                                                    1180-4:3:36
*****************************************************************************************************


	Command being timed: "./lgo MNIST 20 1 12 0.1 1.0 12"
	User time (seconds): 31.67
	System time (seconds): 0.39
	Percent of CPU this job got: 99%
	Elapsed (wall clock) time (h:mm:ss or m:ss): 0:32.19
	Average shared text size (kbytes): 0
	Average unshared data size (kbytes): 0
	Average stack size (kbytes): 0
	Average total size (kbytes): 0
	Maximum resident set size (kbytes): 440460
	Average resident set size (kbytes): 0
	Major (requiring I/O) page faults: 0
	Minor (reclaiming a frame) page faults: 182635
	Voluntary context switches: 21899
	Involuntary context switches: 7221
	Swaps: 0
	File system inputs: 0
	File system outputs: 30616
	Socket messages sent: 0
	Socket messages received: 0
	Signals delivered: 0
	Page size (bytes): 4096
	Exit status: 0
