C++17!
Using LSH-Graph for MNIST ...
c=        1.5
k=        20
L=        1
K=        6
T=        12
lsh_UB=   0
LOADING DATA...
Load from new file: /users/PAS2671/kabir36/kabir/similarity-search/dataset/MNIST/
N=    69000
dim=  784

LOADING TIME: 4.844s.

MAKING BENMARK...

0%   10   20   30   40   50   60   70   80   90   100%
|----|----|----|----|----|----|----|----|----|----|
***************************************************
MAKING TIME: 9.73453s.

SAVING BENMARK...
SAVING TIME: 0.003236s.

mkdir: missing operand
Try 'mkdir --help' for more information.

START HASHING...

SETTING HASH PARAMETER...
SETTING TIME: 0.000102s.

COMPUTING HASH...
COMPUTING TIME: 0.04482s.

[31mOld W=    0.3
New W=    0.3
Increase  1times.
[0mCONSTRUCTING GRAPH...

0%   10   20   30   40   50   60   70   80   90   100%
|----|----|----|----|----|----|----|----|----|----|
***************************************************
CONSTRUCTING TIME: 32.6361s.

SAVING GRAPH...
SAVING TIME: 0.054157s.

dist=5.032979, cnt=18.636768, unique=1, std=4.688570, Recall=0.723734
cc=470.002045, pruning=0.110466

Loading FastGraph...
*******************************************************************************************************
The result of LSH-G for MNIST is as follow: k=20, probQ = 0.9, L = 1, K = 6, T = 12
******************************************************************************************************
     algName       k      ef        Time      Recall        Cost        CPQ1        CPQ2     Pruning

       fastG      20     200     0.85188       0.992     1153.18     16.4202      1169.6    0.153055


******************************************************************************************************
                                                                                    1180-4:2:15
*****************************************************************************************************


	Command being timed: "./lgo MNIST 20 1 6 0.1 1.0 12"
	User time (seconds): 42.56
	System time (seconds): 0.64
	Percent of CPU this job got: 90%
	Elapsed (wall clock) time (h:mm:ss or m:ss): 0:47.53
	Average shared text size (kbytes): 0
	Average unshared data size (kbytes): 0
	Average stack size (kbytes): 0
	Average total size (kbytes): 0
	Maximum resident set size (kbytes): 493596
	Average resident set size (kbytes): 0
	Major (requiring I/O) page faults: 0
	Minor (reclaiming a frame) page faults: 195990
	Voluntary context switches: 21732
	Involuntary context switches: 9821
	Swaps: 0
	File system inputs: 424400
	File system outputs: 27976
	Socket messages sent: 0
	Socket messages received: 0
	Signals delivered: 0
	Page size (bytes): 4096
	Exit status: 0
