C++17!
Using LSH-Graph for MNIST ...
c=        1.5
k=        20
L=        1
K=        12
T=        24
lsh_UB=   0
LOADING DATA...
Load from new file: /users/PAS2671/kabir36/kabir/similarity-search/dataset/MNIST/
N=    69000
dim=  784

LOADING TIME: 0.282858s.

LOADING BENMARK...
LOADING TIME: 0.000535s.

mkdir: missing operand
Try 'mkdir --help' for more information.

START HASHING...

SETTING HASH PARAMETER...
SETTING TIME: 0.000194s.

COMPUTING HASH...
COMPUTING TIME: 0.082007s.

[1m[31mWARNING:
[31mRanges of hash values is too LARGE. 
Please increase W at least 1times.
[0m[31mOld W=    0.3
New W=    2.30437
Increase  7.68122times.
[0mCONSTRUCTING GRAPH...

0%   10   20   30   40   50   60   70   80   90   100%
|----|----|----|----|----|----|----|----|----|----|
***************************************************
CONSTRUCTING TIME: 45.8142s.

SAVING GRAPH...
SAVING TIME: 0.069151s.

dist=5.272508, cnt=37.468857, unique=1, std=9.189748, Recall=0.731669
cc=631.761047, pruning=0.217440

Loading FastGraph...
*******************************************************************************************************
The result of LSH-G for MNIST is as follow: k=20, probQ = 0.9, L = 1, K = 12, T = 24
******************************************************************************************************
     algName       k      ef        Time      Recall        Cost        CPQ1        CPQ2     Pruning

       fastG      20     200     1.01013      0.9985     1443.76     43.1132     1486.87    0.289743


******************************************************************************************************
                                                                                    1180-4:4:22
*****************************************************************************************************


	Command being timed: "./lgo MNIST 20 1 12 0.1 1.0 24"
	User time (seconds): 45.88
	System time (seconds): 0.44
	Percent of CPU this job got: 99%
	Elapsed (wall clock) time (h:mm:ss or m:ss): 0:46.47
	Average shared text size (kbytes): 0
	Average unshared data size (kbytes): 0
	Average stack size (kbytes): 0
	Average total size (kbytes): 0
	Maximum resident set size (kbytes): 445556
	Average resident set size (kbytes): 0
	Major (requiring I/O) page faults: 0
	Minor (reclaiming a frame) page faults: 185452
	Voluntary context switches: 23139
	Involuntary context switches: 9963
	Swaps: 0
	File system inputs: 0
	File system outputs: 50920
	Socket messages sent: 0
	Socket messages received: 0
	Signals delivered: 0
	Page size (bytes): 4096
	Exit status: 0
