C++17!
Using LSH-Graph for MNIST ...
c=        1.5
k=        20
L=        2
K=        12
T=        24
lsh_UB=   0
LOADING DATA...
Load from new file: /users/PAS2671/kabir36/kabir/similarity-search/dataset/MNIST/
N=    69000
dim=  784

LOADING TIME: 0.285501s.

LOADING BENMARK...
LOADING TIME: 0.000494s.

mkdir: missing operand
Try 'mkdir --help' for more information.

START HASHING...

SETTING HASH PARAMETER...
SETTING TIME: 0.000358s.

COMPUTING HASH...
COMPUTING TIME: 0.158104s.

[1m[31mWARNING:
[31mRanges of hash values is too LARGE. 
Please increase W at least 1times.
[0m[31mOld W=    0.3
New W=    2.3588
Increase  7.86265times.
[0mCONSTRUCTING GRAPH...

0%   10   20   30   40   50   60   70   80   90   100%
|----|----|----|----|----|----|----|----|----|----|
***************************************************
CONSTRUCTING TIME: 46.0291s.

SAVING GRAPH...
SAVING TIME: 0.093494s.

dist=5.325192, cnt=37.483002, unique=1, std=9.200415, Recall=0.717205
cc=627.324158, pruning=0.218858

Loading FastGraph...
*******************************************************************************************************
The result of LSH-G for MNIST is as follow: k=20, probQ = 0.9, L = 2, K = 12, T = 24
******************************************************************************************************
     algName       k      ef        Time      Recall        Cost        CPQ1        CPQ2     Pruning

       fastG      20     200     1.00499      0.9985     1480.66     55.4122     1536.07    0.278524


******************************************************************************************************
                                                                                    1180-4:8:23
*****************************************************************************************************


	Command being timed: "./lgo MNIST 20 2 12 0.1 1.0 24"
	User time (seconds): 46.12
	System time (seconds): 0.54
	Percent of CPU this job got: 99%
	Elapsed (wall clock) time (h:mm:ss or m:ss): 0:46.82
	Average shared text size (kbytes): 0
	Average unshared data size (kbytes): 0
	Average stack size (kbytes): 0
	Average total size (kbytes): 0
	Maximum resident set size (kbytes): 448952
	Average resident set size (kbytes): 0
	Major (requiring I/O) page faults: 0
	Minor (reclaiming a frame) page faults: 187426
	Voluntary context switches: 38819
	Involuntary context switches: 10209
	Swaps: 0
	File system inputs: 0
	File system outputs: 59120
	Socket messages sent: 0
	Socket messages received: 0
	Signals delivered: 0
	Page size (bytes): 4096
	Exit status: 0
