C++17!
Using LSH-Graph for movielens ...
c=        1.5
k=        20
L=        1
K=        6
T=        12
lsh_UB=   0
LOADING DATA...
Load from new file: /users/PAS2671/kabir36/kabir/similarity-search/dataset/movielens/
N=    10677
dim=  150

LOADING TIME: 0.46413s.

MAKING BENMARK...

0%   10   20   30   40   50   60   70   80   90   100%
|----|----|----|----|----|----|----|----|----|----|
***************************************************
MAKING TIME: 0.527596s.

SAVING BENMARK...
SAVING TIME: 0.009856s.

mkdir: missing operand
Try 'mkdir --help' for more information.

START HASHING...

SETTING HASH PARAMETER...
SETTING TIME: 4.3e-05s.

COMPUTING HASH...
COMPUTING TIME: 0.001734s.

[31mOld W=    0.3
New W=    0.3
Increase  1times.
[0mCONSTRUCTING GRAPH...

0%   10   20   30   40   50   60   70   80   90   100%
|----|----|----|----|----|----|----|----|----|----|
***************************************************
CONSTRUCTING TIME: 1.82956s.

SAVING GRAPH...
SAVING TIME: 0.019605s.

dist=0.498197, cnt=18.053854, unique=1, std=4.831992, Recall=0.002499
cc=417.977325, pruning=0.156893

Loading FastGraph...
*******************************************************************************************************
The result of LSH-G for movielens is as follow: k=20, probQ = 0.9, L = 1, K = 6, T = 12
******************************************************************************************************
     algName       k      ef        Time      Recall        Cost        CPQ1        CPQ2     Pruning

       fastG      20     200     0.19014      0.9935     1042.23     54.1923     1096.42    0.134941


******************************************************************************************************
                                                                                    1180-4:1:30
*****************************************************************************************************


	Command being timed: "./lgo movielens 20 1 6 0.1 1.0 12"
	User time (seconds): 2.37
	System time (seconds): 0.05
	Percent of CPU this job got: 82%
	Elapsed (wall clock) time (h:mm:ss or m:ss): 0:02.93
	Average shared text size (kbytes): 0
	Average unshared data size (kbytes): 0
	Average stack size (kbytes): 0
	Average total size (kbytes): 0
	Maximum resident set size (kbytes): 39400
	Average resident set size (kbytes): 0
	Major (requiring I/O) page faults: 0
	Minor (reclaiming a frame) page faults: 12328
	Voluntary context switches: 2245
	Involuntary context switches: 388
	Swaps: 0
	File system inputs: 13784
	File system outputs: 4816
	Socket messages sent: 0
	Socket messages received: 0
	Signals delivered: 0
	Page size (bytes): 4096
	Exit status: 0
