C++17!
Using LSH-Graph for movielens ...
c=        1.5
k=        20
L=        2
K=        6
T=        24
lsh_UB=   0
LOADING DATA...
Load from new file: /users/PAS2671/kabir36/kabir/similarity-search/dataset/movielens/
N=    10677
dim=  150

LOADING TIME: 0.01142s.

LOADING BENMARK...
LOADING TIME: 0.001185s.

mkdir: missing operand
Try 'mkdir --help' for more information.

START HASHING...

SETTING HASH PARAMETER...
SETTING TIME: 4.3e-05s.

COMPUTING HASH...
COMPUTING TIME: 0.002921s.

[31mOld W=    0.3
New W=    0.3
Increase  1times.
[0mCONSTRUCTING GRAPH...

0%   10   20   30   40   50   60   70   80   90   100%
|----|----|----|----|----|----|----|----|----|----|
***************************************************
CONSTRUCTING TIME: 2.908s.

SAVING GRAPH...
SAVING TIME: 0.021187s.

dist=0.528428, cnt=36.204834, unique=1, std=9.545246, Recall=0.002626
cc=574.432617, pruning=0.217359

Loading FastGraph...
*******************************************************************************************************
The result of LSH-G for movielens is as follow: k=20, probQ = 0.9, L = 2, K = 6, T = 24
******************************************************************************************************
     algName       k      ef        Time      Recall        Cost        CPQ1        CPQ2     Pruning

       fastG      20     200     0.23955      0.9985     1363.07     79.3363     1442.41    0.190291


******************************************************************************************************
                                                                                    1180-4:1:47
*****************************************************************************************************


	Command being timed: "./lgo movielens 20 2 6 0.1 1.0 24"
	User time (seconds): 2.93
	System time (seconds): 0.03
	Percent of CPU this job got: 98%
	Elapsed (wall clock) time (h:mm:ss or m:ss): 0:03.00
	Average shared text size (kbytes): 0
	Average unshared data size (kbytes): 0
	Average stack size (kbytes): 0
	Average total size (kbytes): 0
	Maximum resident set size (kbytes): 32244
	Average resident set size (kbytes): 0
	Major (requiring I/O) page faults: 0
	Minor (reclaiming a frame) page faults: 11373
	Voluntary context switches: 2807
	Involuntary context switches: 481
	Swaps: 0
	File system inputs: 0
	File system outputs: 7968
	Socket messages sent: 0
	Socket messages received: 0
	Signals delivered: 0
	Page size (bytes): 4096
	Exit status: 0
