C++17!
Using LSH-Graph for movielens ...
c=        1.5
k=        20
L=        1
K=        6
T=        24
lsh_UB=   0
LOADING DATA...
Load from new file: /users/PAS2671/kabir36/kabir/similarity-search/dataset/movielens/
N=    10677
dim=  150

LOADING TIME: 0.012956s.

LOADING BENMARK...
LOADING TIME: 0.003177s.

mkdir: missing operand
Try 'mkdir --help' for more information.

START HASHING...

SETTING HASH PARAMETER...
SETTING TIME: 3.1e-05s.

COMPUTING HASH...
COMPUTING TIME: 0.001792s.

[31mOld W=    0.3
New W=    0.3
Increase  1times.
[0mCONSTRUCTING GRAPH...

0%   10   20   30   40   50   60   70   80   90   100%
|----|----|----|----|----|----|----|----|----|----|
***************************************************
CONSTRUCTING TIME: 2.68526s.

SAVING GRAPH...
SAVING TIME: 0.015503s.

dist=0.528631, cnt=36.276199, unique=1, std=9.548551, Recall=0.003513
cc=575.485352, pruning=0.218334

Loading FastGraph...
*******************************************************************************************************
The result of LSH-G for movielens is as follow: k=20, probQ = 0.9, L = 1, K = 6, T = 24
******************************************************************************************************
     algName       k      ef        Time      Recall        Cost        CPQ1        CPQ2     Pruning

       fastG      20     200     0.21157      0.9985     1336.41     72.5819     1408.99    0.197133


******************************************************************************************************
                                                                                    1180-4:1:33
*****************************************************************************************************


	Command being timed: "./lgo movielens 20 1 6 0.1 1.0 24"
	User time (seconds): 2.70
	System time (seconds): 0.03
	Percent of CPU this job got: 98%
	Elapsed (wall clock) time (h:mm:ss or m:ss): 0:02.78
	Average shared text size (kbytes): 0
	Average unshared data size (kbytes): 0
	Average stack size (kbytes): 0
	Average total size (kbytes): 0
	Maximum resident set size (kbytes): 32036
	Average resident set size (kbytes): 0
	Major (requiring I/O) page faults: 0
	Minor (reclaiming a frame) page faults: 11137
	Voluntary context switches: 1944
	Involuntary context switches: 397
	Swaps: 0
	File system inputs: 0
	File system outputs: 7224
	Socket messages sent: 0
	Socket messages received: 0
	Signals delivered: 0
	Page size (bytes): 4096
	Exit status: 0
