C++17!
Using LSH-Graph for movielens ...
c=        1.5
k=        20
L=        1
K=        18
T=        12
lsh_UB=   0
LOADING DATA...
Load from new file: /users/PAS2671/kabir36/kabir/similarity-search/dataset/movielens/
N=    10677
dim=  150

LOADING TIME: 0.01239s.

LOADING BENMARK...
LOADING TIME: 0.000616s.

mkdir: missing operand
Try 'mkdir --help' for more information.

START HASHING...

SETTING HASH PARAMETER...
SETTING TIME: 6.1e-05s.

COMPUTING HASH...
COMPUTING TIME: 0.004218s.

[1m[31mWARNING:
[31mRanges of hash values is too LARGE. 
Please increase W at least 1times.
[0m[31mOld W=    0.3
New W=    1.93278
Increase  6.44259times.
[0mCONSTRUCTING GRAPH...

0%   10   20   30   40   50   60   70   80   90   100%
|----|----|----|----|----|----|----|----|----|----|
***************************************************
CONSTRUCTING TIME: 1.72304s.

SAVING GRAPH...
SAVING TIME: 0.013743s.

dist=0.506570, cnt=18.064905, unique=1, std=4.830402, Recall=0.002460
cc=287.442261, pruning=0.662493

Loading FastGraph...
*******************************************************************************************************
The result of LSH-G for movielens is as follow: k=20, probQ = 0.9, L = 1, K = 18, T = 12
******************************************************************************************************
     algName       k      ef        Time      Recall        Cost        CPQ1        CPQ2     Pruning

       fastG      20     200     0.17269       0.994      779.47     215.939     995.409    0.527448


******************************************************************************************************
                                                                                    1180-4:1:39
*****************************************************************************************************


	Command being timed: "./lgo movielens 20 1 18 0.1 1.0 12"
	User time (seconds): 1.74
	System time (seconds): 0.03
	Percent of CPU this job got: 98%
	Elapsed (wall clock) time (h:mm:ss or m:ss): 0:01.80
	Average shared text size (kbytes): 0
	Average unshared data size (kbytes): 0
	Average stack size (kbytes): 0
	Average total size (kbytes): 0
	Maximum resident set size (kbytes): 29872
	Average resident set size (kbytes): 0
	Major (requiring I/O) page faults: 0
	Minor (reclaiming a frame) page faults: 10466
	Voluntary context switches: 1101
	Involuntary context switches: 280
	Swaps: 0
	File system inputs: 0
	File system outputs: 5200
	Socket messages sent: 0
	Socket messages received: 0
	Signals delivered: 0
	Page size (bytes): 4096
	Exit status: 0
