C++17!
Using LSH-Graph for movielens ...
c=        1.5
k=        20
L=        2
K=        6
T=        12
lsh_UB=   0
LOADING DATA...
Load from new file: /users/PAS2671/kabir36/kabir/similarity-search/dataset/movielens/
N=    10677
dim=  150

LOADING TIME: 0.012629s.

LOADING BENMARK...
LOADING TIME: 0.000631s.

mkdir: missing operand
Try 'mkdir --help' for more information.

START HASHING...

SETTING HASH PARAMETER...
SETTING TIME: 4.4e-05s.

COMPUTING HASH...
COMPUTING TIME: 0.00307s.

[31mOld W=    0.3
New W=    0.3
Increase  1times.
[0mCONSTRUCTING GRAPH...

0%   10   20   30   40   50   60   70   80   90   100%
|----|----|----|----|----|----|----|----|----|----|
***************************************************
CONSTRUCTING TIME: 1.82259s.

SAVING GRAPH...
SAVING TIME: 0.012606s.

dist=0.500335, cnt=18.054417, unique=1, std=4.818452, Recall=0.001123
cc=418.092163, pruning=0.156006

Loading FastGraph...
*******************************************************************************************************
The result of LSH-G for movielens is as follow: k=20, probQ = 0.9, L = 2, K = 6, T = 12
******************************************************************************************************
     algName       k      ef        Time      Recall        Cost        CPQ1        CPQ2     Pruning

       fastG      20     200       0.179      0.9925     1066.39     61.1183     1127.51    0.131575


******************************************************************************************************
                                                                                    1180-4:1:44
*****************************************************************************************************


	Command being timed: "./lgo movielens 20 2 6 0.1 1.0 12"
	User time (seconds): 1.84
	System time (seconds): 0.03
	Percent of CPU this job got: 98%
	Elapsed (wall clock) time (h:mm:ss or m:ss): 0:01.90
	Average shared text size (kbytes): 0
	Average unshared data size (kbytes): 0
	Average stack size (kbytes): 0
	Average total size (kbytes): 0
	Maximum resident set size (kbytes): 30836
	Average resident set size (kbytes): 0
	Major (requiring I/O) page faults: 0
	Minor (reclaiming a frame) page faults: 10723
	Voluntary context switches: 2254
	Involuntary context switches: 299
	Swaps: 0
	File system inputs: 0
	File system outputs: 4944
	Socket messages sent: 0
	Socket messages received: 0
	Signals delivered: 0
	Page size (bytes): 4096
	Exit status: 0
