C++17!
Using LSH-Graph for movielens ...
c=        1.5
k=        20
L=        2
K=        18
T=        24
lsh_UB=   0
LOADING DATA...
Load from new file: /users/PAS2671/kabir36/kabir/similarity-search/dataset/movielens/
N=    10677
dim=  150

LOADING TIME: 0.011513s.

LOADING BENMARK...
LOADING TIME: 0.00121s.

mkdir: missing operand
Try 'mkdir --help' for more information.

START HASHING...

SETTING HASH PARAMETER...
SETTING TIME: 0.000114s.

COMPUTING HASH...
COMPUTING TIME: 0.007964s.

[1m[31mWARNING:
[31mRanges of hash values is too LARGE. 
Please increase W at least 1times.
[0m[31mOld W=    0.3
New W=    1.93278
Increase  6.44259times.
[0mCONSTRUCTING GRAPH...

0%   10   20   30   40   50   60   70   80   90   100%
|----|----|----|----|----|----|----|----|----|----|
***************************************************
CONSTRUCTING TIME: 2.59736s.

SAVING GRAPH...
SAVING TIME: 0.016831s.

dist=0.528862, cnt=36.229183, unique=1, std=9.548786, Recall=0.002995
cc=349.679871, pruning=0.996011

Loading FastGraph...
*******************************************************************************************************
The result of LSH-G for movielens is as follow: k=20, probQ = 0.9, L = 2, K = 18, T = 24
******************************************************************************************************
     algName       k      ef        Time      Recall        Cost        CPQ1        CPQ2     Pruning

       fastG      20     200     0.22118      0.9985      910.03     573.123     1483.15    0.796688


******************************************************************************************************
                                                                                    1180-4:1:57
*****************************************************************************************************


	Command being timed: "./lgo movielens 20 2 18 0.1 1.0 24"
	User time (seconds): 2.62
	System time (seconds): 0.03
	Percent of CPU this job got: 97%
	Elapsed (wall clock) time (h:mm:ss or m:ss): 0:02.71
	Average shared text size (kbytes): 0
	Average unshared data size (kbytes): 0
	Average stack size (kbytes): 0
	Average total size (kbytes): 0
	Maximum resident set size (kbytes): 32088
	Average resident set size (kbytes): 0
	Major (requiring I/O) page faults: 0
	Minor (reclaiming a frame) page faults: 11036
	Voluntary context switches: 2929
	Involuntary context switches: 385
	Swaps: 0
	File system inputs: 0
	File system outputs: 10008
	Socket messages sent: 0
	Socket messages received: 0
	Signals delivered: 0
	Page size (bytes): 4096
	Exit status: 0
