C++17!
Using LSH-Graph for movielens ...
c=        1.5
k=        20
L=        1
K=        12
T=        24
lsh_UB=   0
LOADING DATA...
Load from new file: /users/PAS2671/kabir36/kabir/similarity-search/dataset/movielens/
N=    10677
dim=  150

LOADING TIME: 0.012642s.

LOADING BENMARK...
LOADING TIME: 0.000558s.

mkdir: missing operand
Try 'mkdir --help' for more information.

START HASHING...

SETTING HASH PARAMETER...
SETTING TIME: 4.9e-05s.

COMPUTING HASH...
COMPUTING TIME: 0.002942s.

[1m[31mWARNING:
[31mRanges of hash values is too LARGE. 
Please increase W at least 1times.
[0m[31mOld W=    0.3
New W=    0.436433
Increase  1.45478times.
[0mCONSTRUCTING GRAPH...

0%   10   20   30   40   50   60   70   80   90   100%
|----|----|----|----|----|----|----|----|----|----|
***************************************************
CONSTRUCTING TIME: 2.76631s.

SAVING GRAPH...
SAVING TIME: 0.022789s.

dist=0.534150, cnt=36.244358, unique=1, std=9.520894, Recall=0.003962
cc=446.543030, pruning=0.558027

Loading FastGraph...
*******************************************************************************************************
The result of LSH-G for movielens is as follow: k=20, probQ = 0.9, L = 1, K = 12, T = 24
******************************************************************************************************
     algName       k      ef        Time      Recall        Cost        CPQ1        CPQ2     Pruning

       fastG      20     200     0.22084       0.998     1073.12     183.997     1257.12    0.500867


******************************************************************************************************
                                                                                    1180-4:1:37
*****************************************************************************************************


	Command being timed: "./lgo movielens 20 1 12 0.1 1.0 24"
	User time (seconds): 2.78
	System time (seconds): 0.03
	Percent of CPU this job got: 98%
	Elapsed (wall clock) time (h:mm:ss or m:ss): 0:02.86
	Average shared text size (kbytes): 0
	Average unshared data size (kbytes): 0
	Average stack size (kbytes): 0
	Average total size (kbytes): 0
	Maximum resident set size (kbytes): 31720
	Average resident set size (kbytes): 0
	Major (requiring I/O) page faults: 0
	Minor (reclaiming a frame) page faults: 11170
	Voluntary context switches: 2530
	Involuntary context switches: 439
	Swaps: 0
	File system inputs: 0
	File system outputs: 7728
	Socket messages sent: 0
	Socket messages received: 0
	Signals delivered: 0
	Page size (bytes): 4096
	Exit status: 0
