C++17!
Using LSH-Graph for Music ...
c=        1.5
k=        100
L=        2
K=        12
T=        12
lsh_UB=   0
LOADING DATA...
Load from new file: /users/PAS2671/kabir36/kabir/similarity-search/dataset/Music/
N=    1000000
dim=  100

LOADING TIME: 0.668869s.

LOADING BENMARK...
LOADING TIME: 0.000468s.

mkdir: missing operand
Try 'mkdir --help' for more information.

START HASHING...

SETTING HASH PARAMETER...
SETTING TIME: 5.9e-05s.

COMPUTING HASH...
COMPUTING TIME: 0.693796s.

[1m[31mWARNING:
[31mRanges of hash values is too LARGE. 
Please increase W at least 1times.
[0m[31mOld W=    0.3
New W=    0.441524
Increase  1.47175times.
[0mCONSTRUCTING GRAPH...

0%   10   20   30   40   50   60   70   80   90   100%
|----|----|----|----|----|----|----|----|----|----|
***************************************************
CONSTRUCTING TIME: 384.754s.

SAVING GRAPH...
SAVING TIME: 0.977548s.

dist=0.847494, cnt=17.854036, unique=1, std=4.813925, Recall=0.000000
cc=603.183228, pruning=0.140828

Loading FastGraph...
*******************************************************************************************************
The result of LSH-G for Music is as follow: k=100, probQ = 0.9, L = 2, K = 12, T = 12
******************************************************************************************************
     algName       k      ef        Time      Recall        Cost        CPQ1        CPQ2     Pruning

       fastG     100     200     1.23593      0.0983      1992.9     301.382     2294.28    0.137839

Command terminated by signal 7
	Command being timed: "./lgo Music 100 2 12 0.1 1.0 12"
	User time (seconds): 383.76
	System time (seconds): 4.45
	Percent of CPU this job got: 99%
	Elapsed (wall clock) time (h:mm:ss or m:ss): 6:31.16
	Average shared text size (kbytes): 0
	Average unshared data size (kbytes): 0
	Average stack size (kbytes): 0
	Average total size (kbytes): 0
	Maximum resident set size (kbytes): 1605332
	Average resident set size (kbytes): 0
	Major (requiring I/O) page faults: 0
	Minor (reclaiming a frame) page faults: 1681759
	Voluntary context switches: 477584
	Involuntary context switches: 95169
	Swaps: 0
	File system inputs: 0
	File system outputs: 3753304
	Socket messages sent: 0
	Socket messages received: 0
	Signals delivered: 0
	Page size (bytes): 4096
	Exit status: 0
