C++17!
Using LSH-Graph for Music ...
c=        1.5
k=        100
L=        1
K=        12
T=        12
lsh_UB=   0
LOADING DATA...
Load from new file: /users/PAS2671/kabir36/kabir/similarity-search/dataset/Music/
N=    1000000
dim=  100

LOADING TIME: 0.681896s.

LOADING BENMARK...
LOADING TIME: 0.000496s.

mkdir: missing operand
Try 'mkdir --help' for more information.

START HASHING...

SETTING HASH PARAMETER...
SETTING TIME: 0.000108s.

COMPUTING HASH...
COMPUTING TIME: 0.43504s.

[1m[31mWARNING:
[31mRanges of hash values is too LARGE. 
Please increase W at least 1times.
[0m[31mOld W=    0.3
New W=    0.43727
Increase  1.45757times.
[0mCONSTRUCTING GRAPH...

0%   10   20   30   40   50   60   70   80   90   100%
|----|----|----|----|----|----|----|----|----|----|
***************************************************
CONSTRUCTING TIME: 390.319s.

SAVING GRAPH...
SAVING TIME: 0.690317s.

dist=0.849172, cnt=17.918779, unique=1, std=4.800054, Recall=0.000000
cc=631.313232, pruning=0.129355

Loading FastGraph...
*******************************************************************************************************
The result of LSH-G for Music is as follow: k=100, probQ = 0.9, L = 1, K = 12, T = 12
******************************************************************************************************
     algName       k      ef        Time      Recall        Cost        CPQ1        CPQ2     Pruning

       fastG     100     200     0.86832      0.0902     2014.06     294.195     2308.26    0.143546

Command terminated by signal 11
	Command being timed: "./lgo Music 100 1 12 0.1 1.0 12"
	User time (seconds): 389.26
	System time (seconds): 3.28
	Percent of CPU this job got: 99%
	Elapsed (wall clock) time (h:mm:ss or m:ss): 6:34.80
	Average shared text size (kbytes): 0
	Average unshared data size (kbytes): 0
	Average stack size (kbytes): 0
	Average total size (kbytes): 0
	Maximum resident set size (kbytes): 1524608
	Average resident set size (kbytes): 0
	Major (requiring I/O) page faults: 0
	Minor (reclaiming a frame) page faults: 1319251
	Voluntary context switches: 271049
	Involuntary context switches: 94449
	Swaps: 0
	File system inputs: 0
	File system outputs: 2662176
	Socket messages sent: 0
	Socket messages received: 0
	Signals delivered: 0
	Page size (bytes): 4096
	Exit status: 0
