C++17!
Using LSH-Graph for Music ...
c=        1.5
k=        100
L=        1
K=        6
T=        12
lsh_UB=   0
LOADING DATA...
Load from new file: /users/PAS2671/kabir36/kabir/similarity-search/dataset/Music/
N=    1000000
dim=  100

LOADING TIME: 3.60347s.

MAKING BENMARK...

0%   10   20   30   40   50   60   70   80   90   100%
|----|----|----|----|----|----|----|----|----|----|
***************************************************
MAKING TIME: 60.6373s.

SAVING BENMARK...
SAVING TIME: 0.002396s.

mkdir: missing operand
Try 'mkdir --help' for more information.

START HASHING...

SETTING HASH PARAMETER...
SETTING TIME: 2.7e-05s.

COMPUTING HASH...
COMPUTING TIME: 0.214175s.

[31mOld W=    0.3
New W=    0.3
Increase  1times.
[0mCONSTRUCTING GRAPH...

0%   10   20   30   40   50   60   70   80   90   100%
|----|----|----|----|----|----|----|----|----|----|
***************************************************
CONSTRUCTING TIME: 439.025s.

SAVING GRAPH...
SAVING TIME: 0.657378s.

dist=0.872940, cnt=17.935312, unique=1, std=4.798289, Recall=0.000000
cc=690.618835, pruning=0.091655

Loading FastGraph...
*******************************************************************************************************
The result of LSH-G for Music is as follow: k=100, probQ = 0.9, L = 1, K = 6, T = 12
******************************************************************************************************
     algName       k      ef        Time      Recall        Cost        CPQ1        CPQ2     Pruning

       fastG     100     200     0.91662      0.1068     1980.82      149.37     2130.19     0.17103

Command terminated by signal 11
	Command being timed: "./lgo Music 100 1 6 0.1 1.0 12"
	User time (seconds): 497.81
	System time (seconds): 4.43
	Percent of CPU this job got: 98%
	Elapsed (wall clock) time (h:mm:ss or m:ss): 8:27.94
	Average shared text size (kbytes): 0
	Average unshared data size (kbytes): 0
	Average stack size (kbytes): 0
	Average total size (kbytes): 0
	Maximum resident set size (kbytes): 2289512
	Average resident set size (kbytes): 0
	Major (requiring I/O) page faults: 0
	Minor (reclaiming a frame) page faults: 1517807
	Voluntary context switches: 316558
	Involuntary context switches: 120337
	Swaps: 0
	File system inputs: 789144
	File system outputs: 4167624
	Socket messages sent: 0
	Socket messages received: 0
	Signals delivered: 0
	Page size (bytes): 4096
	Exit status: 0
