C++17!
Using LSH-Graph for Music ...
c=        1.5
k=        100
L=        2
K=        6
T=        12
lsh_UB=   0
LOADING DATA...
Load from new file: /users/PAS2671/kabir36/kabir/similarity-search/dataset/Music/
N=    1000000
dim=  100

LOADING TIME: 0.673824s.

LOADING BENMARK...
LOADING TIME: 0.000819s.

mkdir: missing operand
Try 'mkdir --help' for more information.

START HASHING...

SETTING HASH PARAMETER...
SETTING TIME: 3.8e-05s.

COMPUTING HASH...
COMPUTING TIME: 0.332486s.

[31mOld W=    0.3
New W=    0.3
Increase  1times.
[0mCONSTRUCTING GRAPH...

0%   10   20   30   40   50   60   70   80   90   100%
|----|----|----|----|----|----|----|----|----|----|
***************************************************
CONSTRUCTING TIME: 405.061s.

SAVING GRAPH...
SAVING TIME: 0.878607s.

dist=0.895423, cnt=17.880869, unique=1, std=4.803854, Recall=0.000000
cc=646.331848, pruning=0.105369

Loading FastGraph...
*******************************************************************************************************
The result of LSH-G for Music is as follow: k=100, probQ = 0.9, L = 2, K = 6, T = 12
******************************************************************************************************
     algName       k      ef        Time      Recall        Cost        CPQ1        CPQ2     Pruning

       fastG     100     200     0.86124       0.099     1941.66     153.116     2094.78    0.174444

Command terminated by signal 11
	Command being timed: "./lgo Music 100 2 6 0.1 1.0 12"
	User time (seconds): 403.35
	System time (seconds): 4.13
	Percent of CPU this job got: 99%
	Elapsed (wall clock) time (h:mm:ss or m:ss): 6:49.71
	Average shared text size (kbytes): 0
	Average unshared data size (kbytes): 0
	Average stack size (kbytes): 0
	Average total size (kbytes): 0
	Maximum resident set size (kbytes): 1591440
	Average resident set size (kbytes): 0
	Major (requiring I/O) page faults: 0
	Minor (reclaiming a frame) page faults: 1574027
	Voluntary context switches: 481675
	Involuntary context switches: 99392
	Swaps: 0
	File system inputs: 0
	File system outputs: 2819096
	Socket messages sent: 0
	Socket messages received: 0
	Signals delivered: 0
	Page size (bytes): 4096
	Exit status: 0
