C++17!
Using LSH-Graph for Music ...
c=        1.5
k=        100
L=        1
K=        18
T=        24
lsh_UB=   0
LOADING DATA...
Load from new file: /users/PAS2671/kabir36/kabir/similarity-search/dataset/Music/
N=    1000000
dim=  100

LOADING TIME: 0.665891s.

LOADING BENMARK...
LOADING TIME: 0.00049s.

mkdir: missing operand
Try 'mkdir --help' for more information.

START HASHING...

SETTING HASH PARAMETER...
SETTING TIME: 4.6e-05s.

COMPUTING HASH...
COMPUTING TIME: 0.501611s.

[1m[31mWARNING:
[31mRanges of hash values is too LARGE. 
Please increase W at least 1times.
[0m[31mOld W=    0.3
New W=    1.93648
Increase  6.45493times.
[0mCONSTRUCTING GRAPH...

0%   10   20   30   40   50   60   70   80   90   100%
|----|----|----|----|----|----|----|----|----|----|
***************************************************
CONSTRUCTING TIME: 672.426s.

SAVING GRAPH...
SAVING TIME: 1.02067s.

dist=0.863438, cnt=36.149952, unique=1, std=9.441693, Recall=0.000000
cc=960.566956, pruning=0.203403

Loading FastGraph...
*******************************************************************************************************
The result of LSH-G for Music is as follow: k=100, probQ = 0.9, L = 1, K = 18, T = 24
******************************************************************************************************
     algName       k      ef        Time      Recall        Cost        CPQ1        CPQ2     Pruning

       fastG     100     200     1.34055      0.1924     3337.63     726.502     4064.13    0.152051

Command terminated by signal 11
	Command being timed: "./lgo Music 100 1 18 0.1 1.0 24"
	User time (seconds): 669.46
	System time (seconds): 5.06
	Percent of CPU this job got: 99%
	Elapsed (wall clock) time (h:mm:ss or m:ss): 11:18.44
	Average shared text size (kbytes): 0
	Average unshared data size (kbytes): 0
	Average stack size (kbytes): 0
	Average total size (kbytes): 0
	Maximum resident set size (kbytes): 1726012
	Average resident set size (kbytes): 0
	Major (requiring I/O) page faults: 0
	Minor (reclaiming a frame) page faults: 2080954
	Voluntary context switches: 351482
	Involuntary context switches: 156553
	Swaps: 0
	File system inputs: 0
	File system outputs: 3397864
	Socket messages sent: 0
	Socket messages received: 0
	Signals delivered: 0
	Page size (bytes): 4096
	Exit status: 0
