C++17!
Using LSH-Graph for Music ...
c=        1.5
k=        100
L=        1
K=        18
T=        12
lsh_UB=   0
LOADING DATA...
Load from new file: /users/PAS2671/kabir36/kabir/similarity-search/dataset/Music/
N=    1000000
dim=  100

LOADING TIME: 0.668855s.

LOADING BENMARK...
LOADING TIME: 0.000471s.

mkdir: missing operand
Try 'mkdir --help' for more information.

START HASHING...

SETTING HASH PARAMETER...
SETTING TIME: 4.7e-05s.

COMPUTING HASH...
COMPUTING TIME: 0.496677s.

[1m[31mWARNING:
[31mRanges of hash values is too LARGE. 
Please increase W at least 1times.
[0m[31mOld W=    0.3
New W=    1.93648
Increase  6.45493times.
[0mCONSTRUCTING GRAPH...

0%   10   20   30   40   50   60   70   80   90   100%
|----|----|----|----|----|----|----|----|----|----|
***************************************************
CONSTRUCTING TIME: 413.769s.

SAVING GRAPH...
SAVING TIME: 0.723104s.

dist=0.866609, cnt=17.914640, unique=1, std=4.802421, Recall=0.000000
cc=620.233276, pruning=0.145302

Loading FastGraph...
*******************************************************************************************************
The result of LSH-G for Music is as follow: k=100, probQ = 0.9, L = 1, K = 18, T = 12
******************************************************************************************************
     algName       k      ef        Time      Recall        Cost        CPQ1        CPQ2     Pruning

       fastG     100     200     0.79777      0.1211     2075.47      440.71     2516.18    0.116215

Command terminated by signal 11
	Command being timed: "./lgo Music 100 1 18 0.1 1.0 12"
	User time (seconds): 412.44
	System time (seconds): 3.63
	Percent of CPU this job got: 99%
	Elapsed (wall clock) time (h:mm:ss or m:ss): 6:58.23
	Average shared text size (kbytes): 0
	Average unshared data size (kbytes): 0
	Average stack size (kbytes): 0
	Average total size (kbytes): 0
	Maximum resident set size (kbytes): 1524568
	Average resident set size (kbytes): 0
	Major (requiring I/O) page faults: 0
	Minor (reclaiming a frame) page faults: 1661697
	Voluntary context switches: 274998
	Involuntary context switches: 99404
	Swaps: 0
	File system inputs: 0
	File system outputs: 2708920
	Socket messages sent: 0
	Socket messages received: 0
	Signals delivered: 0
	Page size (bytes): 4096
	Exit status: 0
