C++17!
Using LSH-Graph for Music ...
c=        1.5
k=        100
L=        2
K=        18
T=        12
lsh_UB=   0
LOADING DATA...
Load from new file: /users/PAS2671/kabir36/kabir/similarity-search/dataset/Music/
N=    1000000
dim=  100

LOADING TIME: 0.670505s.

LOADING BENMARK...
LOADING TIME: 0.000492s.

mkdir: missing operand
Try 'mkdir --help' for more information.

START HASHING...

SETTING HASH PARAMETER...
SETTING TIME: 8.1e-05s.

COMPUTING HASH...
COMPUTING TIME: 1.03303s.

[1m[31mWARNING:
[31mRanges of hash values is too LARGE. 
Please increase W at least 1times.
[0m[31mOld W=    0.3
New W=    1.95532
Increase  6.51773times.
[0mCONSTRUCTING GRAPH...

0%   10   20   30   40   50   60   70   80   90   100%
|----|----|----|----|----|----|----|----|----|----|
***************************************************
CONSTRUCTING TIME: 402.093s.

SAVING GRAPH...
SAVING TIME: 1.08151s.

dist=0.847580, cnt=17.855263, unique=1, std=4.814483, Recall=0.000000
cc=593.811890, pruning=0.154916

Loading FastGraph...
*******************************************************************************************************
The result of LSH-G for Music is as follow: k=100, probQ = 0.9, L = 2, K = 18, T = 12
******************************************************************************************************
     algName       k      ef        Time      Recall        Cost        CPQ1        CPQ2     Pruning

       fastG     100     200     1.72929      0.1019     1970.77     442.579     2413.35    0.127503

Command terminated by signal 11
	Command being timed: "./lgo Music 100 2 18 0.1 1.0 12"
	User time (seconds): 401.38
	System time (seconds): 4.44
	Percent of CPU this job got: 99%
	Elapsed (wall clock) time (h:mm:ss or m:ss): 6:48.34
	Average shared text size (kbytes): 0
	Average unshared data size (kbytes): 0
	Average stack size (kbytes): 0
	Average total size (kbytes): 0
	Maximum resident set size (kbytes): 1687104
	Average resident set size (kbytes): 0
	Major (requiring I/O) page faults: 0
	Minor (reclaiming a frame) page faults: 1717882
	Voluntary context switches: 475820
	Involuntary context switches: 99068
	Swaps: 0
	File system inputs: 0
	File system outputs: 3198256
	Socket messages sent: 0
	Socket messages received: 0
	Signals delivered: 0
	Page size (bytes): 4096
	Exit status: 0
