C++17!
Using LSH-Graph for Music ...
c=        1.5
k=        100
L=        2
K=        12
T=        24
lsh_UB=   0
LOADING DATA...
Load from new file: /users/PAS2671/kabir36/kabir/similarity-search/dataset/Music/
N=    1000000
dim=  100

LOADING TIME: 0.655922s.

LOADING BENMARK...
LOADING TIME: 0.000497s.

mkdir: missing operand
Try 'mkdir --help' for more information.

START HASHING...

SETTING HASH PARAMETER...
SETTING TIME: 6e-05s.

COMPUTING HASH...
COMPUTING TIME: 0.674131s.

[1m[31mWARNING:
[31mRanges of hash values is too LARGE. 
Please increase W at least 1times.
[0m[31mOld W=    0.3
New W=    0.441524
Increase  1.47175times.
[0mCONSTRUCTING GRAPH...

0%   10   20   30   40   50   60   70   80   90   100%
|----|----|----|----|----|----|----|----|----|----|
***************************************************
CONSTRUCTING TIME: 616.574s.

SAVING GRAPH...
SAVING TIME: 1.21989s.

dist=0.866660, cnt=36.106682, unique=1, std=9.460258, Recall=0.000000
cc=931.250366, pruning=0.189634

Loading FastGraph...
*******************************************************************************************************
The result of LSH-G for Music is as follow: k=100, probQ = 0.9, L = 2, K = 12, T = 24
******************************************************************************************************
     algName       k      ef        Time      Recall        Cost        CPQ1        CPQ2     Pruning

       fastG     100     200     2.06346      0.1542     3245.23     490.433     3735.66    0.165095

Command terminated by signal 11
	Command being timed: "./lgo Music 100 2 12 0.1 1.0 24"
	User time (seconds): 614.36
	System time (seconds): 5.17
	Percent of CPU this job got: 99%
	Elapsed (wall clock) time (h:mm:ss or m:ss): 10:23.05
	Average shared text size (kbytes): 0
	Average unshared data size (kbytes): 0
	Average stack size (kbytes): 0
	Average total size (kbytes): 0
	Maximum resident set size (kbytes): 1787560
	Average resident set size (kbytes): 0
	Major (requiring I/O) page faults: 0
	Minor (reclaiming a frame) page faults: 1763683
	Voluntary context switches: 565701
	Involuntary context switches: 145486
	Swaps: 0
	File system inputs: 0
	File system outputs: 3590600
	Socket messages sent: 0
	Socket messages received: 0
	Signals delivered: 0
	Page size (bytes): 4096
	Exit status: 0
