C++17!
Using LSH-Graph for Music ...
c=        1.5
k=        100
L=        2
K=        6
T=        24
lsh_UB=   0
LOADING DATA...
Load from new file: /users/PAS2671/kabir36/kabir/similarity-search/dataset/Music/
N=    1000000
dim=  100

LOADING TIME: 0.673085s.

LOADING BENMARK...
LOADING TIME: 0.000505s.

mkdir: missing operand
Try 'mkdir --help' for more information.

START HASHING...

SETTING HASH PARAMETER...
SETTING TIME: 3.8e-05s.

COMPUTING HASH...
COMPUTING TIME: 0.334517s.

[31mOld W=    0.3
New W=    0.3
Increase  1times.
[0mCONSTRUCTING GRAPH...

0%   10   20   30   40   50   60   70   80   90   100%
|----|----|----|----|----|----|----|----|----|----|
***************************************************
CONSTRUCTING TIME: 651.992s.

SAVING GRAPH...
SAVING TIME: 1.09928s.

dist=0.873232, cnt=36.115494, unique=1, std=9.447757, Recall=0.000000
cc=1010.360718, pruning=0.137401

Loading FastGraph...
*******************************************************************************************************
The result of LSH-G for Music is as follow: k=100, probQ = 0.9, L = 2, K = 6, T = 24
******************************************************************************************************
     algName       k      ef        Time      Recall        Cost        CPQ1        CPQ2     Pruning

       fastG     100     200     1.45589      0.1312     3266.51     255.624     3522.13    0.195521

Command terminated by signal 11
	Command being timed: "./lgo Music 100 2 6 0.1 1.0 24"
	User time (seconds): 648.53
	System time (seconds): 5.76
	Percent of CPU this job got: 99%
	Elapsed (wall clock) time (h:mm:ss or m:ss): 10:58.21
	Average shared text size (kbytes): 0
	Average unshared data size (kbytes): 0
	Average stack size (kbytes): 0
	Average total size (kbytes): 0
	Maximum resident set size (kbytes): 1788980
	Average resident set size (kbytes): 0
	Major (requiring I/O) page faults: 0
	Minor (reclaiming a frame) page faults: 2043906
	Voluntary context switches: 592581
	Involuntary context switches: 151930
	Swaps: 0
	File system inputs: 0
	File system outputs: 3499816
	Socket messages sent: 0
	Socket messages received: 0
	Signals delivered: 0
	Page size (bytes): 4096
	Exit status: 0
