C++17!
Using LSH-Graph for Music ...
c=        1.5
k=        100
L=        2
K=        18
T=        24
lsh_UB=   0
LOADING DATA...
Load from new file: /users/PAS2671/kabir36/kabir/similarity-search/dataset/Music/
N=    1000000
dim=  100

LOADING TIME: 0.675795s.

LOADING BENMARK...
LOADING TIME: 0.000809s.

mkdir: missing operand
Try 'mkdir --help' for more information.

START HASHING...

SETTING HASH PARAMETER...
SETTING TIME: 7.6e-05s.

COMPUTING HASH...
COMPUTING TIME: 1.03799s.

[1m[31mWARNING:
[31mRanges of hash values is too LARGE. 
Please increase W at least 1times.
[0m[31mOld W=    0.3
New W=    1.95532
Increase  6.51773times.
[0mCONSTRUCTING GRAPH...

0%   10   20   30   40   50   60   70   80   90   100%
|----|----|----|----|----|----|----|----|----|----|
***************************************************
CONSTRUCTING TIME: 618.517s.

SAVING GRAPH...
SAVING TIME: 1.34596s.

dist=0.863570, cnt=36.110432, unique=1, std=9.456481, Recall=0.000000
cc=909.029419, pruning=0.214247

Loading FastGraph...
*******************************************************************************************************
The result of LSH-G for Music is as follow: k=100, probQ = 0.9, L = 2, K = 18, T = 24
******************************************************************************************************
     algName       k      ef        Time      Recall        Cost        CPQ1        CPQ2     Pruning

       fastG     100     200     1.80511      0.1784     3189.53     712.708     3902.24    0.151605

Command terminated by signal 11
	Command being timed: "./lgo Music 100 2 18 0.1 1.0 24"
	User time (seconds): 616.64
	System time (seconds): 5.39
	Percent of CPU this job got: 99%
	Elapsed (wall clock) time (h:mm:ss or m:ss): 10:25.37
	Average shared text size (kbytes): 0
	Average unshared data size (kbytes): 0
	Average stack size (kbytes): 0
	Average total size (kbytes): 0
	Maximum resident set size (kbytes): 1786472
	Average resident set size (kbytes): 0
	Major (requiring I/O) page faults: 0
	Minor (reclaiming a frame) page faults: 1920836
	Voluntary context switches: 552008
	Involuntary context switches: 145378
	Swaps: 0
	File system inputs: 0
	File system outputs: 3682224
	Socket messages sent: 0
	Socket messages received: 0
	Signals delivered: 0
	Page size (bytes): 4096
	Exit status: 0
