C++17!
Using LSH-Graph for netflix ...
c=        1.5
k=        100
L=        2
K=        6
T=        24
lsh_UB=   0
LOADING DATA...
Load from new file: /users/PAS2671/kabir36/kabir/similarity-search/dataset/netflix/
N=    17770
dim=  300

LOADING TIME: 0.032577s.

LOADING BENMARK...
LOADING TIME: 0.001265s.

mkdir: missing operand
Try 'mkdir --help' for more information.

START HASHING...

SETTING HASH PARAMETER...
SETTING TIME: 7.9e-05s.

COMPUTING HASH...
COMPUTING TIME: 0.016144s.

[31mOld W=    0.3
New W=    0.3
Increase  1times.
[0mCONSTRUCTING GRAPH...

0%   10   20   30   40   50   60   70   80   90   100%
|----|----|----|----|----|----|----|----|----|----|
***************************************************
CONSTRUCTING TIME: 6.00911s.

SAVING GRAPH...
SAVING TIME: 0.025645s.

dist=0.442956, cnt=37.065727, unique=1, std=9.397449, Recall=0.001968
cc=562.637451, pruning=0.224012

Loading FastGraph...
*******************************************************************************************************
The result of LSH-G for netflix is as follow: k=100, probQ = 0.9, L = 2, K = 6, T = 24
******************************************************************************************************
     algName       k      ef        Time      Recall        Cost        CPQ1        CPQ2     Pruning

       fastG     100     200     0.37682      0.9975     1274.98     45.5263     1320.51    0.239416


******************************************************************************************************
                                                                                    1180-4:2:10
*****************************************************************************************************


	Command being timed: "./lgo netflix 100 2 6 0.1 1.0 24"
	User time (seconds): 6.05
	System time (seconds): 0.07
	Percent of CPU this job got: 99%
	Elapsed (wall clock) time (h:mm:ss or m:ss): 0:06.16
	Average shared text size (kbytes): 0
	Average unshared data size (kbytes): 0
	Average stack size (kbytes): 0
	Average total size (kbytes): 0
	Maximum resident set size (kbytes): 57740
	Average resident set size (kbytes): 0
	Major (requiring I/O) page faults: 0
	Minor (reclaiming a frame) page faults: 26207
	Voluntary context switches: 4134
	Involuntary context switches: 1087
	Swaps: 0
	File system inputs: 0
	File system outputs: 13472
	Socket messages sent: 0
	Socket messages received: 0
	Signals delivered: 0
	Page size (bytes): 4096
	Exit status: 0
