C++17!
Using LSH-Graph for netflix ...
c=        1.5
k=        100
L=        2
K=        12
T=        24
lsh_UB=   0
LOADING DATA...
Load from new file: /users/PAS2671/kabir36/kabir/similarity-search/dataset/netflix/
N=    17770
dim=  300

LOADING TIME: 0.033282s.

LOADING BENMARK...
LOADING TIME: 0.000517s.

mkdir: missing operand
Try 'mkdir --help' for more information.

START HASHING...

SETTING HASH PARAMETER...
SETTING TIME: 0.000145s.

COMPUTING HASH...
COMPUTING TIME: 0.031409s.

[31mOld W=    0.3
New W=    0.3
Increase  1times.
[0mCONSTRUCTING GRAPH...

0%   10   20   30   40   50   60   70   80   90   100%
|----|----|----|----|----|----|----|----|----|----|
***************************************************
CONSTRUCTING TIME: 5.82134s.

SAVING GRAPH...
SAVING TIME: 0.026063s.

dist=0.440051, cnt=37.060551, unique=1, std=9.387281, Recall=0.002175
cc=496.502197, pruning=0.382294

Loading FastGraph...
*******************************************************************************************************
The result of LSH-G for netflix is as follow: k=100, probQ = 0.9, L = 2, K = 12, T = 24
******************************************************************************************************
     algName       k      ef        Time      Recall        Cost        CPQ1        CPQ2     Pruning

       fastG     100     200     0.36687      0.9942     1145.06     96.4619     1241.52    0.367911


******************************************************************************************************
                                                                                    1180-4:2:20
*****************************************************************************************************


	Command being timed: "./lgo netflix 100 2 12 0.1 1.0 24"
	User time (seconds): 5.87
	System time (seconds): 0.08
	Percent of CPU this job got: 99%
	Elapsed (wall clock) time (h:mm:ss or m:ss): 0:05.99
	Average shared text size (kbytes): 0
	Average unshared data size (kbytes): 0
	Average stack size (kbytes): 0
	Average total size (kbytes): 0
	Maximum resident set size (kbytes): 57700
	Average resident set size (kbytes): 0
	Major (requiring I/O) page faults: 0
	Minor (reclaiming a frame) page faults: 26362
	Voluntary context switches: 5684
	Involuntary context switches: 1089
	Swaps: 0
	File system inputs: 0
	File system outputs: 15160
	Socket messages sent: 0
	Socket messages received: 0
	Signals delivered: 0
	Page size (bytes): 4096
	Exit status: 0
