C++17!
Using LSH-Graph for netflix ...
c=        1.5
k=        100
L=        2
K=        6
T=        12
lsh_UB=   0
LOADING DATA...
Load from new file: /users/PAS2671/kabir36/kabir/similarity-search/dataset/netflix/
N=    17770
dim=  300

LOADING TIME: 0.032203s.

LOADING BENMARK...
LOADING TIME: 0.000582s.

mkdir: missing operand
Try 'mkdir --help' for more information.

START HASHING...

SETTING HASH PARAMETER...
SETTING TIME: 7.8e-05s.

COMPUTING HASH...
COMPUTING TIME: 0.015997s.

[31mOld W=    0.3
New W=    0.3
Increase  1times.
[0mCONSTRUCTING GRAPH...

0%   10   20   30   40   50   60   70   80   90   100%
|----|----|----|----|----|----|----|----|----|----|
***************************************************
CONSTRUCTING TIME: 4.13147s.

SAVING GRAPH...
SAVING TIME: 0.020433s.

dist=0.408356, cnt=18.454081, unique=1, std=4.764249, Recall=0.002695
cc=407.156952, pruning=0.144838

Loading FastGraph...
*******************************************************************************************************
The result of LSH-G for netflix is as follow: k=100, probQ = 0.9, L = 2, K = 6, T = 12
******************************************************************************************************
     algName       k      ef        Time      Recall        Cost        CPQ1        CPQ2     Pruning

       fastG     100     200     0.31363      0.9942      1019.1     35.9845     1055.08    0.150201


******************************************************************************************************
                                                                                    1180-4:2:4
*****************************************************************************************************


	Command being timed: "./lgo netflix 100 2 6 0.1 1.0 12"
	User time (seconds): 4.17
	System time (seconds): 0.06
	Percent of CPU this job got: 99%
	Elapsed (wall clock) time (h:mm:ss or m:ss): 0:04.27
	Average shared text size (kbytes): 0
	Average unshared data size (kbytes): 0
	Average stack size (kbytes): 0
	Average total size (kbytes): 0
	Maximum resident set size (kbytes): 56012
	Average resident set size (kbytes): 0
	Major (requiring I/O) page faults: 0
	Minor (reclaiming a frame) page faults: 25281
	Voluntary context switches: 4720
	Involuntary context switches: 851
	Swaps: 0
	File system inputs: 0
	File system outputs: 8304
	Socket messages sent: 0
	Socket messages received: 0
	Signals delivered: 0
	Page size (bytes): 4096
	Exit status: 0
