C++17!
Using LSH-Graph for netflix ...
c=        1.5
k=        100
L=        2
K=        12
T=        12
lsh_UB=   0
LOADING DATA...
Load from new file: /users/PAS2671/kabir36/kabir/similarity-search/dataset/netflix/
N=    17770
dim=  300

LOADING TIME: 0.032546s.

LOADING BENMARK...
LOADING TIME: 0.00088s.

mkdir: missing operand
Try 'mkdir --help' for more information.

START HASHING...

SETTING HASH PARAMETER...
SETTING TIME: 0.000174s.

COMPUTING HASH...
COMPUTING TIME: 0.03144s.

[31mOld W=    0.3
New W=    0.3
Increase  1times.
[0mCONSTRUCTING GRAPH...

0%   10   20   30   40   50   60   70   80   90   100%
|----|----|----|----|----|----|----|----|----|----|
***************************************************
CONSTRUCTING TIME: 4.02618s.

SAVING GRAPH...
SAVING TIME: 0.02095s.

dist=0.406342, cnt=18.457624, unique=1, std=4.751204, Recall=0.002464
cc=370.976593, pruning=0.253237

Loading FastGraph...
*******************************************************************************************************
The result of LSH-G for netflix is as follow: k=100, probQ = 0.9, L = 2, K = 12, T = 12
******************************************************************************************************
     algName       k      ef        Time      Recall        Cost        CPQ1        CPQ2     Pruning

       fastG     100     200      0.2954      0.9911      935.92     73.0198     1008.94    0.236292


******************************************************************************************************
                                                                                    1180-4:2:14
*****************************************************************************************************


	Command being timed: "./lgo netflix 100 2 12 0.1 1.0 12"
	User time (seconds): 4.08
	System time (seconds): 0.06
	Percent of CPU this job got: 99%
	Elapsed (wall clock) time (h:mm:ss or m:ss): 0:04.18
	Average shared text size (kbytes): 0
	Average unshared data size (kbytes): 0
	Average stack size (kbytes): 0
	Average total size (kbytes): 0
	Maximum resident set size (kbytes): 55672
	Average resident set size (kbytes): 0
	Major (requiring I/O) page faults: 0
	Minor (reclaiming a frame) page faults: 25455
	Voluntary context switches: 4143
	Involuntary context switches: 785
	Swaps: 0
	File system inputs: 0
	File system outputs: 10008
	Socket messages sent: 0
	Socket messages received: 0
	Signals delivered: 0
	Page size (bytes): 4096
	Exit status: 0
