C++17!
Using LSH-Graph for netflix ...
c=        1.5
k=        100
L=        2
K=        18
T=        12
lsh_UB=   0
LOADING DATA...
Load from new file: /users/PAS2671/kabir36/kabir/similarity-search/dataset/netflix/
N=    17770
dim=  300

LOADING TIME: 0.033452s.

LOADING BENMARK...
LOADING TIME: 0.000477s.

mkdir: missing operand
Try 'mkdir --help' for more information.

START HASHING...

SETTING HASH PARAMETER...
SETTING TIME: 0.000224s.

COMPUTING HASH...
COMPUTING TIME: 0.046842s.

[1m[31mWARNING:
[31mRanges of hash values is too LARGE. 
Please increase W at least 1times.
[0m[31mOld W=    0.3
New W=    1.3773
Increase  4.59099times.
[0mCONSTRUCTING GRAPH...

0%   10   20   30   40   50   60   70   80   90   100%
|----|----|----|----|----|----|----|----|----|----|
***************************************************
CONSTRUCTING TIME: 4.17212s.

SAVING GRAPH...
SAVING TIME: 0.022901s.

dist=0.403297, cnt=18.473888, unique=1, std=4.765890, Recall=0.002206
cc=360.904327, pruning=0.284585

Loading FastGraph...
*******************************************************************************************************
The result of LSH-G for netflix is as follow: k=100, probQ = 0.9, L = 2, K = 18, T = 12
******************************************************************************************************
     algName       k      ef        Time      Recall        Cost        CPQ1        CPQ2     Pruning

       fastG     100     200     0.32053      0.9941      939.44     110.987     1050.43    0.248318


******************************************************************************************************
                                                                                    1180-4:2:25
*****************************************************************************************************


	Command being timed: "./lgo netflix 100 2 18 0.1 1.0 12"
	User time (seconds): 4.24
	System time (seconds): 0.07
	Percent of CPU this job got: 99%
	Elapsed (wall clock) time (h:mm:ss or m:ss): 0:04.35
	Average shared text size (kbytes): 0
	Average unshared data size (kbytes): 0
	Average stack size (kbytes): 0
	Average total size (kbytes): 0
	Maximum resident set size (kbytes): 57508
	Average resident set size (kbytes): 0
	Major (requiring I/O) page faults: 0
	Minor (reclaiming a frame) page faults: 25654
	Voluntary context switches: 4770
	Involuntary context switches: 833
	Swaps: 0
	File system inputs: 0
	File system outputs: 11712
	Socket messages sent: 0
	Socket messages received: 0
	Signals delivered: 0
	Page size (bytes): 4096
	Exit status: 0
