C++17!
Using LSH-Graph for netflix ...
c=        1.5
k=        100
L=        1
K=        18
T=        24
lsh_UB=   0
LOADING DATA...
Load from new file: /users/PAS2671/kabir36/kabir/similarity-search/dataset/netflix/
N=    17770
dim=  300

LOADING TIME: 0.032215s.

LOADING BENMARK...
LOADING TIME: 0.00058s.

mkdir: missing operand
Try 'mkdir --help' for more information.

START HASHING...

SETTING HASH PARAMETER...
SETTING TIME: 0.000115s.

COMPUTING HASH...
COMPUTING TIME: 0.023583s.

[1m[31mWARNING:
[31mRanges of hash values is too LARGE. 
Please increase W at least 1times.
[0m[31mOld W=    0.3
New W=    1.20451
Increase  4.01503times.
[0mCONSTRUCTING GRAPH...

0%   10   20   30   40   50   60   70   80   90   100%
|----|----|----|----|----|----|----|----|----|----|
***************************************************
CONSTRUCTING TIME: 5.79856s.

SAVING GRAPH...
SAVING TIME: 0.022561s.

dist=0.441420, cnt=37.042599, unique=1, std=9.406882, Recall=0.001858
cc=471.879913, pruning=0.454741

Loading FastGraph...
*******************************************************************************************************
The result of LSH-G for netflix is as follow: k=100, probQ = 0.9, L = 1, K = 18, T = 24
******************************************************************************************************
     algName       k      ef        Time      Recall        Cost        CPQ1        CPQ2     Pruning

       fastG     100     200     0.37169      0.9976     1122.06     131.248     1253.31    0.405522


******************************************************************************************************
                                                                                    1180-4:2:0
*****************************************************************************************************


	Command being timed: "./lgo netflix 100 1 18 0.1 1.0 24"
	User time (seconds): 5.85
	System time (seconds): 0.06
	Percent of CPU this job got: 98%
	Elapsed (wall clock) time (h:mm:ss or m:ss): 0:05.99
	Average shared text size (kbytes): 0
	Average unshared data size (kbytes): 0
	Average stack size (kbytes): 0
	Average total size (kbytes): 0
	Maximum resident set size (kbytes): 56632
	Average resident set size (kbytes): 0
	Major (requiring I/O) page faults: 0
	Minor (reclaiming a frame) page faults: 25895
	Voluntary context switches: 3803
	Involuntary context switches: 1081
	Swaps: 0
	File system inputs: 0
	File system outputs: 13904
	Socket messages sent: 0
	Socket messages received: 0
	Signals delivered: 0
	Page size (bytes): 4096
	Exit status: 0
