C++17!
Using LSH-Graph for netflix ...
c=        1.5
k=        100
L=        1
K=        12
T=        24
lsh_UB=   0
LOADING DATA...
Load from new file: /users/PAS2671/kabir36/kabir/similarity-search/dataset/netflix/
N=    17770
dim=  300

LOADING TIME: 0.03215s.

LOADING BENMARK...
LOADING TIME: 0.000583s.

mkdir: missing operand
Try 'mkdir --help' for more information.

START HASHING...

SETTING HASH PARAMETER...
SETTING TIME: 7.9e-05s.

COMPUTING HASH...
COMPUTING TIME: 0.015975s.

[31mOld W=    0.3
New W=    0.3
Increase  1times.
[0mCONSTRUCTING GRAPH...

0%   10   20   30   40   50   60   70   80   90   100%
|----|----|----|----|----|----|----|----|----|----|
***************************************************
CONSTRUCTING TIME: 5.81006s.

SAVING GRAPH...
SAVING TIME: 0.026355s.

dist=0.446295, cnt=37.024593, unique=1, std=9.403027, Recall=0.001789
cc=494.658081, pruning=0.386580

Loading FastGraph...
*******************************************************************************************************
The result of LSH-G for netflix is as follow: k=100, probQ = 0.9, L = 1, K = 12, T = 24
******************************************************************************************************
     algName       k      ef        Time      Recall        Cost        CPQ1        CPQ2     Pruning

       fastG     100     200     0.33073      0.9942     1132.94     84.4854     1217.43    0.374804


******************************************************************************************************
                                                                                    1180-4:1:49
*****************************************************************************************************


	Command being timed: "./lgo netflix 100 1 12 0.1 1.0 24"
	User time (seconds): 5.83
	System time (seconds): 0.08
	Percent of CPU this job got: 99%
	Elapsed (wall clock) time (h:mm:ss or m:ss): 0:05.96
	Average shared text size (kbytes): 0
	Average unshared data size (kbytes): 0
	Average stack size (kbytes): 0
	Average total size (kbytes): 0
	Maximum resident set size (kbytes): 56832
	Average resident set size (kbytes): 0
	Major (requiring I/O) page faults: 0
	Minor (reclaiming a frame) page faults: 25842
	Voluntary context switches: 3342
	Involuntary context switches: 1000
	Swaps: 0
	File system inputs: 0
	File system outputs: 13048
	Socket messages sent: 0
	Socket messages received: 0
	Signals delivered: 0
	Page size (bytes): 4096
	Exit status: 0
