C++17!
Using LSH-Graph for netflix ...
c=        1.5
k=        100
L=        1
K=        6
T=        24
lsh_UB=   0
LOADING DATA...
Load from new file: /users/PAS2671/kabir36/kabir/similarity-search/dataset/netflix/
N=    17770
dim=  300

LOADING TIME: 0.033091s.

LOADING BENMARK...
LOADING TIME: 0.000854s.

mkdir: missing operand
Try 'mkdir --help' for more information.

START HASHING...

SETTING HASH PARAMETER...
SETTING TIME: 5.3e-05s.

COMPUTING HASH...
COMPUTING TIME: 0.008469s.

[31mOld W=    0.3
New W=    0.3
Increase  1times.
[0mCONSTRUCTING GRAPH...

0%   10   20   30   40   50   60   70   80   90   100%
|----|----|----|----|----|----|----|----|----|----|
***************************************************
CONSTRUCTING TIME: 5.97871s.

SAVING GRAPH...
SAVING TIME: 0.028864s.

dist=0.443784, cnt=37.039562, unique=1, std=9.403260, Recall=0.001756
cc=558.784302, pruning=0.226092

Loading FastGraph...
*******************************************************************************************************
The result of LSH-G for netflix is as follow: k=100, probQ = 0.9, L = 1, K = 6, T = 24
******************************************************************************************************
     algName       k      ef        Time      Recall        Cost        CPQ1        CPQ2     Pruning

       fastG     100     200      0.3381      0.9984     1260.27     39.5077     1299.78    0.247772


******************************************************************************************************
                                                                                    1180-4:1:39
*****************************************************************************************************


	Command being timed: "./lgo netflix 100 1 6 0.1 1.0 24"
	User time (seconds): 6.01
	System time (seconds): 0.06
	Percent of CPU this job got: 99%
	Elapsed (wall clock) time (h:mm:ss or m:ss): 0:06.12
	Average shared text size (kbytes): 0
	Average unshared data size (kbytes): 0
	Average stack size (kbytes): 0
	Average total size (kbytes): 0
	Maximum resident set size (kbytes): 57292
	Average resident set size (kbytes): 0
	Major (requiring I/O) page faults: 0
	Minor (reclaiming a frame) page faults: 25821
	Voluntary context switches: 3396
	Involuntary context switches: 1069
	Swaps: 0
	File system inputs: 0
	File system outputs: 12200
	Socket messages sent: 0
	Socket messages received: 0
	Signals delivered: 0
	Page size (bytes): 4096
	Exit status: 0
