C++17!
Using LSH-Graph for notre ...
c=        1.5
k=        20
L=        2
K=        6
T=        12
lsh_UB=   0
LOADING DATA...
Load from new file: /users/PAS2671/kabir36/kabir/similarity-search/dataset/notre/
N=    332668
dim=  128

LOADING TIME: 0.279028s.

LOADING BENMARK...
LOADING TIME: 0.000477s.

mkdir: missing operand
Try 'mkdir --help' for more information.

START HASHING...

SETTING HASH PARAMETER...
SETTING TIME: 4.2e-05s.

COMPUTING HASH...
COMPUTING TIME: 0.083157s.

[1m[31mWARNING:
[31mRanges of hash values is too LARGE. 
Please increase W at least 1times.
[0m[31mOld W=    0.3
New W=    4.01743
Increase  13.3914times.
[0mCONSTRUCTING GRAPH...

0%   10   20   30   40   50   60   70   80   90   100%
|----|----|----|----|----|----|----|----|----|----|
***************************************************
CONSTRUCTING TIME: 127.88s.

SAVING GRAPH...
SAVING TIME: 0.315931s.

dist=218.505127, cnt=18.087637, unique=1, std=4.764606, Recall=0.682478
cc=591.604431, pruning=0.175933

Loading FastGraph...
*******************************************************************************************************
The result of LSH-G for notre is as follow: k=20, probQ = 0.9, L = 2, K = 6, T = 12
******************************************************************************************************
     algName       k      ef        Time      Recall        Cost        CPQ1        CPQ2     Pruning

       fastG      20     200     0.53162      0.9585     1376.17     93.9833     1470.15    0.213157


******************************************************************************************************
                                                                                    1180-4:20:31
*****************************************************************************************************


	Command being timed: "./lgo notre 20 2 6 0.1 1.0 12"
	User time (seconds): 127.44
	System time (seconds): 1.04
	Percent of CPU this job got: 99%
	Elapsed (wall clock) time (h:mm:ss or m:ss): 2:08.88
	Average shared text size (kbytes): 0
	Average unshared data size (kbytes): 0
	Average stack size (kbytes): 0
	Average total size (kbytes): 0
	Maximum resident set size (kbytes): 607936
	Average resident set size (kbytes): 0
	Major (requiring I/O) page faults: 0
	Minor (reclaiming a frame) page faults: 303155
	Voluntary context switches: 142126
	Involuntary context switches: 30916
	Swaps: 0
	File system inputs: 0
	File system outputs: 152064
	Socket messages sent: 0
	Socket messages received: 0
	Signals delivered: 0
	Page size (bytes): 4096
	Exit status: 0
