C++17!
Using LSH-Graph for notre ...
c=        1.5
k=        20
L=        1
K=        6
T=        12
lsh_UB=   0
LOADING DATA...
Load from new file: /users/PAS2671/kabir36/kabir/similarity-search/dataset/notre/
N=    332668
dim=  128

LOADING TIME: 5.02941s.

MAKING BENMARK...

0%   10   20   30   40   50   60   70   80   90   100%
|----|----|----|----|----|----|----|----|----|----|
***************************************************
MAKING TIME: 19.7557s.

SAVING BENMARK...
SAVING TIME: 0.002458s.

mkdir: missing operand
Try 'mkdir --help' for more information.

START HASHING...

SETTING HASH PARAMETER...
SETTING TIME: 3.1e-05s.

COMPUTING HASH...
COMPUTING TIME: 0.049381s.

[1m[31mWARNING:
[31mRanges of hash values is too LARGE. 
Please increase W at least 1times.
[0m[31mOld W=    0.3
New W=    4.01743
Increase  13.3914times.
[0mCONSTRUCTING GRAPH...

0%   10   20   30   40   50   60   70   80   90   100%
|----|----|----|----|----|----|----|----|----|----|
***************************************************
CONSTRUCTING TIME: 124.314s.

SAVING GRAPH...
SAVING TIME: 0.248793s.

dist=221.022644, cnt=18.079140, unique=1, std=4.763693, Recall=0.658699
cc=593.339783, pruning=0.176894

Loading FastGraph...
*******************************************************************************************************
The result of LSH-G for notre is as follow: k=20, probQ = 0.9, L = 1, K = 6, T = 12
******************************************************************************************************
     algName       k      ef        Time      Recall        Cost        CPQ1        CPQ2     Pruning

       fastG      20     200     0.49814        0.96     1327.14      85.709     1412.85     0.21954


******************************************************************************************************
                                                                                    1180-4:3:57
*****************************************************************************************************


	Command being timed: "./lgo notre 20 1 6 0.1 1.0 12"
	User time (seconds): 143.75
	System time (seconds): 0.97
	Percent of CPU this job got: 96%
	Elapsed (wall clock) time (h:mm:ss or m:ss): 2:29.69
	Average shared text size (kbytes): 0
	Average unshared data size (kbytes): 0
	Average stack size (kbytes): 0
	Average total size (kbytes): 0
	Maximum resident set size (kbytes): 842096
	Average resident set size (kbytes): 0
	Major (requiring I/O) page faults: 0
	Minor (reclaiming a frame) page faults: 257090
	Voluntary context switches: 72955
	Involuntary context switches: 41036
	Swaps: 0
	File system inputs: 335480
	File system outputs: 129176
	Socket messages sent: 0
	Socket messages received: 0
	Signals delivered: 0
	Page size (bytes): 4096
	Exit status: 0
