C++17!
Using LSH-Graph for notre ...
c=        1.5
k=        20
L=        2
K=        18
T=        12
lsh_UB=   0
LOADING DATA...
Load from new file: /users/PAS2671/kabir36/kabir/similarity-search/dataset/notre/
N=    332668
dim=  128

LOADING TIME: 0.280822s.

LOADING BENMARK...
LOADING TIME: 0.000477s.

mkdir: missing operand
Try 'mkdir --help' for more information.

START HASHING...

SETTING HASH PARAMETER...
SETTING TIME: 0.000101s.

COMPUTING HASH...
COMPUTING TIME: 0.270928s.

[1m[31mWARNING:
[31mRanges of hash values is too LARGE. 
Please increase W at least 1times.
[0m[31mOld W=    0.3
New W=    587.118
Increase  1957.06times.
[0mCONSTRUCTING GRAPH...

0%   10   20   30   40   50   60   70   80   90   100%
|----|----|----|----|----|----|----|----|----|----|
***************************************************
CONSTRUCTING TIME: 129.698s.

SAVING GRAPH...
SAVING TIME: 0.358429s.

dist=218.369476, cnt=18.107588, unique=1, std=4.757338, Recall=0.693805
cc=537.116272, pruning=0.261896

Loading FastGraph...
*******************************************************************************************************
The result of LSH-G for notre is as follow: k=20, probQ = 0.9, L = 2, K = 18, T = 12
******************************************************************************************************
     algName       k      ef        Time      Recall        Cost        CPQ1        CPQ2     Pruning

       fastG      20     200      0.5488       0.965     1268.42     290.777      1559.2    0.299893


******************************************************************************************************
                                                                                    1180-4:31:44
*****************************************************************************************************


	Command being timed: "./lgo notre 20 2 18 0.1 1.0 12"
	User time (seconds): 129.48
	System time (seconds): 1.11
	Percent of CPU this job got: 99%
	Elapsed (wall clock) time (h:mm:ss or m:ss): 2:11.03
	Average shared text size (kbytes): 0
	Average unshared data size (kbytes): 0
	Average stack size (kbytes): 0
	Average total size (kbytes): 0
	Maximum resident set size (kbytes): 607200
	Average resident set size (kbytes): 0
	Major (requiring I/O) page faults: 0
	Minor (reclaiming a frame) page faults: 345988
	Voluntary context switches: 145312
	Involuntary context switches: 32338
	Swaps: 0
	File system inputs: 0
	File system outputs: 214584
	Socket messages sent: 0
	Socket messages received: 0
	Signals delivered: 0
	Page size (bytes): 4096
	Exit status: 0
