C++17!
Using LSH-Graph for notre ...
c=        1.5
k=        20
L=        2
K=        18
T=        24
lsh_UB=   0
LOADING DATA...
Load from new file: /users/PAS2671/kabir36/kabir/similarity-search/dataset/notre/
N=    332668
dim=  128

LOADING TIME: 0.284606s.

LOADING BENMARK...
LOADING TIME: 0.000521s.

mkdir: missing operand
Try 'mkdir --help' for more information.

START HASHING...

SETTING HASH PARAMETER...
SETTING TIME: 0.000108s.

COMPUTING HASH...
COMPUTING TIME: 0.268731s.

[1m[31mWARNING:
[31mRanges of hash values is too LARGE. 
Please increase W at least 1times.
[0m[31mOld W=    0.3
New W=    587.118
Increase  1957.06times.
[0mCONSTRUCTING GRAPH...

0%   10   20   30   40   50   60   70   80   90   100%
|----|----|----|----|----|----|----|----|----|----|
***************************************************
CONSTRUCTING TIME: 212.94s.

SAVING GRAPH...
SAVING TIME: 0.429784s.

dist=233.574905, cnt=36.311619, unique=1, std=9.346050, Recall=0.702837
cc=832.283936, pruning=0.383744

Loading FastGraph...
*******************************************************************************************************
The result of LSH-G for notre is as follow: k=20, probQ = 0.9, L = 2, K = 18, T = 24
******************************************************************************************************
     algName       k      ef        Time      Recall        Cost        CPQ1        CPQ2     Pruning

       fastG      20     200     0.71753       0.993     1811.44     512.167     2323.61    0.465033


******************************************************************************************************
                                                                                    1180-4:35:19
*****************************************************************************************************


	Command being timed: "./lgo notre 20 2 18 0.1 1.0 24"
	User time (seconds): 212.17
	System time (seconds): 1.52
	Percent of CPU this job got: 99%
	Elapsed (wall clock) time (h:mm:ss or m:ss): 3:34.37
	Average shared text size (kbytes): 0
	Average unshared data size (kbytes): 0
	Average stack size (kbytes): 0
	Average total size (kbytes): 0
	Maximum resident set size (kbytes): 675192
	Average resident set size (kbytes): 0
	Major (requiring I/O) page faults: 0
	Minor (reclaiming a frame) page faults: 472207
	Voluntary context switches: 173749
	Involuntary context switches: 50603
	Swaps: 0
	File system inputs: 0
	File system outputs: 309296
	Socket messages sent: 0
	Socket messages received: 0
	Signals delivered: 0
	Page size (bytes): 4096
	Exit status: 0
