C++17!
Using LSH-Graph for notre ...
c=        1.5
k=        20
L=        1
K=        18
T=        24
lsh_UB=   0
LOADING DATA...
Load from new file: /users/PAS2671/kabir36/kabir/similarity-search/dataset/notre/
N=    332668
dim=  128

LOADING TIME: 0.27627s.

LOADING BENMARK...
LOADING TIME: 0.000458s.

mkdir: missing operand
Try 'mkdir --help' for more information.

START HASHING...

SETTING HASH PARAMETER...
SETTING TIME: 5.8e-05s.

COMPUTING HASH...
COMPUTING TIME: 0.119049s.

[1m[31mWARNING:
[31mRanges of hash values is too LARGE. 
Please increase W at least 1times.
[0m[31mOld W=    0.3
New W=    587.118
Increase  1957.06times.
[0mCONSTRUCTING GRAPH...

0%   10   20   30   40   50   60   70   80   90   100%
|----|----|----|----|----|----|----|----|----|----|
***************************************************
CONSTRUCTING TIME: 208.65s.

SAVING GRAPH...
SAVING TIME: 0.331313s.

dist=233.534454, cnt=36.304081, unique=1, std=9.340949, Recall=0.691264
cc=833.331421, pruning=0.382937

Loading FastGraph...
*******************************************************************************************************
The result of LSH-G for notre is as follow: k=20, probQ = 0.9, L = 1, K = 18, T = 24
******************************************************************************************************
     algName       k      ef        Time      Recall        Cost        CPQ1        CPQ2     Pruning

       fastG      20     200     0.73089      0.9925     1760.69     489.461     2250.15    0.474831


******************************************************************************************************
                                                                                    1180-4:18:22
*****************************************************************************************************


	Command being timed: "./lgo notre 20 1 18 0.1 1.0 24"
	User time (seconds): 207.91
	System time (seconds): 1.14
	Percent of CPU this job got: 99%
	Elapsed (wall clock) time (h:mm:ss or m:ss): 3:29.71
	Average shared text size (kbytes): 0
	Average unshared data size (kbytes): 0
	Average stack size (kbytes): 0
	Average total size (kbytes): 0
	Maximum resident set size (kbytes): 591596
	Average resident set size (kbytes): 0
	Major (requiring I/O) page faults: 0
	Minor (reclaiming a frame) page faults: 382926
	Voluntary context switches: 100440
	Involuntary context switches: 53203
	Swaps: 0
	File system inputs: 0
	File system outputs: 254672
	Socket messages sent: 0
	Socket messages received: 0
	Signals delivered: 0
	Page size (bytes): 4096
	Exit status: 0
