C++17!
Using LSH-Graph for notre ...
c=        1.5
k=        20
L=        1
K=        18
T=        12
lsh_UB=   0
LOADING DATA...
Load from new file: /users/PAS2671/kabir36/kabir/similarity-search/dataset/notre/
N=    332668
dim=  128

LOADING TIME: 0.280075s.

LOADING BENMARK...
LOADING TIME: 0.000551s.

mkdir: missing operand
Try 'mkdir --help' for more information.

START HASHING...

SETTING HASH PARAMETER...
SETTING TIME: 5.6e-05s.

COMPUTING HASH...
COMPUTING TIME: 0.129101s.

[1m[31mWARNING:
[31mRanges of hash values is too LARGE. 
Please increase W at least 1times.
[0m[31mOld W=    0.3
New W=    587.118
Increase  1957.06times.
[0mCONSTRUCTING GRAPH...

0%   10   20   30   40   50   60   70   80   90   100%
|----|----|----|----|----|----|----|----|----|----|
***************************************************
CONSTRUCTING TIME: 125.327s.

SAVING GRAPH...
SAVING TIME: 0.262646s.

dist=219.221649, cnt=18.100563, unique=1, std=4.760620, Recall=0.674476
cc=539.597656, pruning=0.262924

Loading FastGraph...
*******************************************************************************************************
The result of LSH-G for notre is as follow: k=20, probQ = 0.9, L = 1, K = 18, T = 12
******************************************************************************************************
     algName       k      ef        Time      Recall        Cost        CPQ1        CPQ2     Pruning

       fastG      20     200     0.52305      0.9735     1228.31     269.879     1498.19    0.314229


******************************************************************************************************
                                                                                    1180-4:14:53
*****************************************************************************************************


	Command being timed: "./lgo notre 20 1 18 0.1 1.0 12"
	User time (seconds): 125.13
	System time (seconds): 0.76
	Percent of CPU this job got: 99%
	Elapsed (wall clock) time (h:mm:ss or m:ss): 2:06.28
	Average shared text size (kbytes): 0
	Average unshared data size (kbytes): 0
	Average stack size (kbytes): 0
	Average total size (kbytes): 0
	Maximum resident set size (kbytes): 586876
	Average resident set size (kbytes): 0
	Major (requiring I/O) page faults: 0
	Minor (reclaiming a frame) page faults: 251523
	Voluntary context switches: 76972
	Involuntary context switches: 29473
	Swaps: 0
	File system inputs: 0
	File system outputs: 159936
	Socket messages sent: 0
	Socket messages received: 0
	Signals delivered: 0
	Page size (bytes): 4096
	Exit status: 0
