C++17!
Using LSH-Graph for nuswide ...
c=        1.5
k=        20
L=        2
K=        6
T=        12
lsh_UB=   0
LOADING DATA...
Load from new file: /users/PAS2671/kabir36/kabir/similarity-search/dataset/nuswide/
N=    268643
dim=  500

LOADING TIME: 0.785102s.

LOADING BENMARK...
LOADING TIME: 0.000504s.

mkdir: missing operand
Try 'mkdir --help' for more information.

START HASHING...

SETTING HASH PARAMETER...
SETTING TIME: 0.00015s.

COMPUTING HASH...
COMPUTING TIME: 0.506868s.

[1m[31mWARNING:
[31mRanges of hash values is too LARGE. 
Please increase W at least 1times.
[0m[31mOld W=    0.3
New W=    12.3432
Increase  41.144times.
[0mCONSTRUCTING GRAPH...

0%   10   20   30   40   50   60   70   80   90   100%
|----|----|----|----|----|----|----|----|----|----|
***************************************************
CONSTRUCTING TIME: 253.544s.

SAVING GRAPH...
SAVING TIME: 0.28179s.

dist=30.313297, cnt=15.096493, unique=1, std=4.369535, Recall=0.330970
cc=848.498779, pruning=0.070849

Loading FastGraph...
*******************************************************************************************************
The result of LSH-G for nuswide is as follow: k=20, probQ = 0.9, L = 2, K = 6, T = 12
******************************************************************************************************
     algName       k      ef        Time      Recall        Cost        CPQ1        CPQ2     Pruning

       fastG      20     200     1.56054       0.679     2067.43     40.4433     2107.87    0.127767


******************************************************************************************************
                                                                                    1180-4:41:16
*****************************************************************************************************


	Command being timed: "./lgo nuswide 20 2 6 0.1 1.0 12"
	User time (seconds): 252.14
	System time (seconds): 2.86
	Percent of CPU this job got: 99%
	Elapsed (wall clock) time (h:mm:ss or m:ss): 4:15.70
	Average shared text size (kbytes): 0
	Average unshared data size (kbytes): 0
	Average stack size (kbytes): 0
	Average total size (kbytes): 0
	Maximum resident set size (kbytes): 1107832
	Average resident set size (kbytes): 0
	Major (requiring I/O) page faults: 0
	Minor (reclaiming a frame) page faults: 1267986
	Voluntary context switches: 195460
	Involuntary context switches: 54064
	Swaps: 0
	File system inputs: 0
	File system outputs: 110496
	Socket messages sent: 0
	Socket messages received: 0
	Signals delivered: 0
	Page size (bytes): 4096
	Exit status: 0
