C++17!
Using LSH-Graph for nuswide ...
c=        1.5
k=        20
L=        1
K=        18
T=        12
lsh_UB=   0
LOADING DATA...
Load from new file: /users/PAS2671/kabir36/kabir/similarity-search/dataset/nuswide/
N=    268643
dim=  500

LOADING TIME: 0.786383s.

LOADING BENMARK...
LOADING TIME: 0.000442s.

mkdir: missing operand
Try 'mkdir --help' for more information.

START HASHING...

SETTING HASH PARAMETER...
SETTING TIME: 0.000196s.

COMPUTING HASH...
COMPUTING TIME: 0.748299s.

[1m[31mWARNING:
[31mRanges of hash values is too LARGE. 
Please increase W at least 1times.
[0m[31mOld W=    0.3
New W=    1803.87
Increase  6012.9times.
[0mCONSTRUCTING GRAPH...

0%   10   20   30   40   50   60   70   80   90   100%
|----|----|----|----|----|----|----|----|----|----|
***************************************************
CONSTRUCTING TIME: 264.906s.

SAVING GRAPH...
SAVING TIME: 0.221746s.

dist=30.400433, cnt=15.101037, unique=1, std=4.373711, Recall=0.301213
cc=847.718811, pruning=0.093375

Loading FastGraph...
*******************************************************************************************************
The result of LSH-G for nuswide is as follow: k=20, probQ = 0.9, L = 1, K = 18, T = 12
******************************************************************************************************
     algName       k      ef        Time      Recall        Cost        CPQ1        CPQ2     Pruning

       fastG      20     200     1.71609       0.684     1965.17     103.947     2069.12    0.176865


******************************************************************************************************
                                                                                    1180-4:29:6
*****************************************************************************************************


	Command being timed: "./lgo nuswide 20 1 18 0.1 1.0 12"
	User time (seconds): 264.04
	System time (seconds): 2.44
	Percent of CPU this job got: 99%
	Elapsed (wall clock) time (h:mm:ss or m:ss): 4:27.21
	Average shared text size (kbytes): 0
	Average unshared data size (kbytes): 0
	Average stack size (kbytes): 0
	Average total size (kbytes): 0
	Maximum resident set size (kbytes): 1091796
	Average resident set size (kbytes): 0
	Major (requiring I/O) page faults: 0
	Minor (reclaiming a frame) page faults: 1248018
	Voluntary context switches: 104678
	Involuntary context switches: 56191
	Swaps: 0
	File system inputs: 0
	File system outputs: 116832
	Socket messages sent: 0
	Socket messages received: 0
	Signals delivered: 0
	Page size (bytes): 4096
	Exit status: 0
