C++17!
Using LSH-Graph for nuswide ...
c=        1.5
k=        20
L=        1
K=        6
T=        24
lsh_UB=   0
LOADING DATA...
Load from new file: /users/PAS2671/kabir36/kabir/similarity-search/dataset/nuswide/
N=    268643
dim=  500

LOADING TIME: 0.802171s.

LOADING BENMARK...
LOADING TIME: 0.000429s.

mkdir: missing operand
Try 'mkdir --help' for more information.

START HASHING...

SETTING HASH PARAMETER...
SETTING TIME: 7.8e-05s.

COMPUTING HASH...
COMPUTING TIME: 0.269309s.

[1m[31mWARNING:
[31mRanges of hash values is too LARGE. 
Please increase W at least 1times.
[0m[31mOld W=    0.3
New W=    12.3432
Increase  41.144times.
[0mCONSTRUCTING GRAPH...

0%   10   20   30   40   50   60   70   80   90   100%
|----|----|----|----|----|----|----|----|----|----|
***************************************************
CONSTRUCTING TIME: 420.158s.

SAVING GRAPH...
SAVING TIME: 0.238584s.

dist=30.397043, cnt=30.906240, unique=1, std=8.874015, Recall=0.383723
cc=1447.177856, pruning=0.086757

Loading FastGraph...
*******************************************************************************************************
The result of LSH-G for nuswide is as follow: k=20, probQ = 0.9, L = 1, K = 6, T = 24
******************************************************************************************************
     algName       k      ef        Time      Recall        Cost        CPQ1        CPQ2     Pruning

       fastG      20     200     2.65683       0.807     3310.82     53.3441     3364.16    0.160827


******************************************************************************************************
                                                                                    1180-4:13:21
*****************************************************************************************************


	Command being timed: "./lgo nuswide 20 1 6 0.1 1.0 24"
	User time (seconds): 418.31
	System time (seconds): 2.62
	Percent of CPU this job got: 99%
	Elapsed (wall clock) time (h:mm:ss or m:ss): 7:02.10
	Average shared text size (kbytes): 0
	Average unshared data size (kbytes): 0
	Average stack size (kbytes): 0
	Average total size (kbytes): 0
	Maximum resident set size (kbytes): 1098028
	Average resident set size (kbytes): 0
	Major (requiring I/O) page faults: 0
	Minor (reclaiming a frame) page faults: 1394089
	Voluntary context switches: 143615
	Involuntary context switches: 87920
	Swaps: 0
	File system inputs: 0
	File system outputs: 157928
	Socket messages sent: 0
	Socket messages received: 0
	Signals delivered: 0
	Page size (bytes): 4096
	Exit status: 0
