C++17!
Using LSH-Graph for nuswide ...
c=        1.5
k=        20
L=        2
K=        18
T=        24
lsh_UB=   0
LOADING DATA...
Load from new file: /users/PAS2671/kabir36/kabir/similarity-search/dataset/nuswide/
N=    268643
dim=  500

LOADING TIME: 0.784894s.

LOADING BENMARK...
LOADING TIME: 0.000948s.

mkdir: missing operand
Try 'mkdir --help' for more information.

START HASHING...

SETTING HASH PARAMETER...
SETTING TIME: 0.000382s.

COMPUTING HASH...
COMPUTING TIME: 1.53248s.

[1m[31mWARNING:
[31mRanges of hash values is too LARGE. 
Please increase W at least 1times.
[0m[31mOld W=    0.3
New W=    1803.87
Increase  6012.9times.
[0mCONSTRUCTING GRAPH...

0%   10   20   30   40   50   60   70   80   90   100%
|----|----|----|----|----|----|----|----|----|----|
***************************************************
CONSTRUCTING TIME: 483.356s.

SAVING GRAPH...
SAVING TIME: 0.39375s.

dist=30.933622, cnt=30.910234, unique=1, std=8.880997, Recall=0.367742
cc=1440.745605, pruning=0.119375

Loading FastGraph...
*******************************************************************************************************
The result of LSH-G for nuswide is as follow: k=20, probQ = 0.9, L = 2, K = 18, T = 24
******************************************************************************************************
     algName       k      ef        Time      Recall        Cost        CPQ1        CPQ2     Pruning

       fastG      20     200     2.97867      0.8025     3192.86     184.904     3377.76    0.228071


******************************************************************************************************
                                                                                    1180-5:12:54
*****************************************************************************************************


	Command being timed: "./lgo nuswide 20 2 18 0.1 1.0 24"
	User time (seconds): 481.83
	System time (seconds): 3.73
	Percent of CPU this job got: 99%
	Elapsed (wall clock) time (h:mm:ss or m:ss): 8:06.90
	Average shared text size (kbytes): 0
	Average unshared data size (kbytes): 0
	Average stack size (kbytes): 0
	Average total size (kbytes): 0
	Maximum resident set size (kbytes): 1115788
	Average resident set size (kbytes): 0
	Major (requiring I/O) page faults: 0
	Minor (reclaiming a frame) page faults: 1653204
	Voluntary context switches: 211696
	Involuntary context switches: 96571
	Swaps: 0
	File system inputs: 0
	File system outputs: 227400
	Socket messages sent: 0
	Socket messages received: 0
	Signals delivered: 0
	Page size (bytes): 4096
	Exit status: 0
