C++17!
Using LSH-Graph for nuswide ...
c=        1.5
k=        20
L=        2
K=        18
T=        12
lsh_UB=   0
LOADING DATA...
Load from new file: /users/PAS2671/kabir36/kabir/similarity-search/dataset/nuswide/
N=    268643
dim=  500

LOADING TIME: 0.791719s.

LOADING BENMARK...
LOADING TIME: 0.00079s.

mkdir: missing operand
Try 'mkdir --help' for more information.

START HASHING...

SETTING HASH PARAMETER...
SETTING TIME: 0.000376s.

COMPUTING HASH...
COMPUTING TIME: 1.51493s.

[1m[31mWARNING:
[31mRanges of hash values is too LARGE. 
Please increase W at least 1times.
[0m[31mOld W=    0.3
New W=    1803.87
Increase  6012.9times.
[0mCONSTRUCTING GRAPH...

0%   10   20   30   40   50   60   70   80   90   100%
|----|----|----|----|----|----|----|----|----|----|
***************************************************
CONSTRUCTING TIME: 278.5s.

SAVING GRAPH...
SAVING TIME: 0.358804s.

dist=30.246494, cnt=15.093574, unique=1, std=4.372056, Recall=0.340570
cc=863.020142, pruning=0.091849

Loading FastGraph...
*******************************************************************************************************
The result of LSH-G for nuswide is as follow: k=20, probQ = 0.9, L = 2, K = 18, T = 12
******************************************************************************************************
     algName       k      ef        Time      Recall        Cost        CPQ1        CPQ2     Pruning

       fastG      20     200     1.63355       0.692     2018.87     123.612     2142.48    0.170437


******************************************************************************************************
                                                                                    1180-5:4:47
*****************************************************************************************************


	Command being timed: "./lgo nuswide 20 2 18 0.1 1.0 12"
	User time (seconds): 277.93
	System time (seconds): 3.13
	Percent of CPU this job got: 99%
	Elapsed (wall clock) time (h:mm:ss or m:ss): 4:41.85
	Average shared text size (kbytes): 0
	Average unshared data size (kbytes): 0
	Average stack size (kbytes): 0
	Average total size (kbytes): 0
	Maximum resident set size (kbytes): 1107728
	Average resident set size (kbytes): 0
	Major (requiring I/O) page faults: 0
	Minor (reclaiming a frame) page faults: 1344044
	Voluntary context switches: 171270
	Involuntary context switches: 58373
	Swaps: 0
	File system inputs: 0
	File system outputs: 160904
	Socket messages sent: 0
	Socket messages received: 0
	Signals delivered: 0
	Page size (bytes): 4096
	Exit status: 0
