C++17!
Using LSH-Graph for nuswide ...
c=        1.5
k=        20
L=        1
K=        6
T=        12
lsh_UB=   0
LOADING DATA...
Load from new file: /users/PAS2671/kabir36/kabir/similarity-search/dataset/nuswide/
N=    268643
dim=  500

LOADING TIME: 10.8713s.

MAKING BENMARK...

0%   10   20   30   40   50   60   70   80   90   100%
|----|----|----|----|----|----|----|----|----|----|
***************************************************
MAKING TIME: 36.1637s.

SAVING BENMARK...
SAVING TIME: 0.002685s.

mkdir: missing operand
Try 'mkdir --help' for more information.

START HASHING...

SETTING HASH PARAMETER...
SETTING TIME: 8e-05s.

COMPUTING HASH...
COMPUTING TIME: 0.285018s.

[1m[31mWARNING:
[31mRanges of hash values is too LARGE. 
Please increase W at least 1times.
[0m[31mOld W=    0.3
New W=    12.3432
Increase  41.144times.
[0mCONSTRUCTING GRAPH...

0%   10   20   30   40   50   60   70   80   90   100%
|----|----|----|----|----|----|----|----|----|----|
***************************************************
CONSTRUCTING TIME: 244.342s.

SAVING GRAPH...
SAVING TIME: 0.195945s.

dist=30.093243, cnt=15.093700, unique=1, std=4.366271, Recall=0.338835
cc=846.572754, pruning=0.071203

Loading FastGraph...
*******************************************************************************************************
The result of LSH-G for nuswide is as follow: k=20, probQ = 0.9, L = 1, K = 6, T = 12
******************************************************************************************************
     algName       k      ef        Time      Recall        Cost        CPQ1        CPQ2     Pruning

       fastG      20     200     1.51889       0.671      2025.2     33.9407     2059.14    0.130214


******************************************************************************************************
                                                                                    1180-4:6:19
*****************************************************************************************************


	Command being timed: "./lgo nuswide 20 1 6 0.1 1.0 12"
	User time (seconds): 276.01
	System time (seconds): 3.68
	Percent of CPU this job got: 95%
	Elapsed (wall clock) time (h:mm:ss or m:ss): 4:52.37
	Average shared text size (kbytes): 0
	Average unshared data size (kbytes): 0
	Average stack size (kbytes): 0
	Average total size (kbytes): 0
	Maximum resident set size (kbytes): 1295096
	Average resident set size (kbytes): 0
	Major (requiring I/O) page faults: 2
	Minor (reclaiming a frame) page faults: 1246303
	Voluntary context switches: 126461
	Involuntary context switches: 200444
	Swaps: 0
	File system inputs: 1055456
	File system outputs: 92000
	Socket messages sent: 0
	Socket messages received: 0
	Signals delivered: 0
	Page size (bytes): 4096
	Exit status: 0
