C++17!
Using LSH-Graph for nuswide ...
c=        1.5
k=        20
L=        2
K=        6
T=        24
lsh_UB=   0
LOADING DATA...
Load from new file: /users/PAS2671/kabir36/kabir/similarity-search/dataset/nuswide/
N=    268643
dim=  500

LOADING TIME: 0.792613s.

LOADING BENMARK...
LOADING TIME: 0.000487s.

mkdir: missing operand
Try 'mkdir --help' for more information.

START HASHING...

SETTING HASH PARAMETER...
SETTING TIME: 0.000137s.

COMPUTING HASH...
COMPUTING TIME: 0.507824s.

[1m[31mWARNING:
[31mRanges of hash values is too LARGE. 
Please increase W at least 1times.
[0m[31mOld W=    0.3
New W=    12.3432
Increase  41.144times.
[0mCONSTRUCTING GRAPH...

0%   10   20   30   40   50   60   70   80   90   100%
|----|----|----|----|----|----|----|----|----|----|
***************************************************
CONSTRUCTING TIME: 433.945s.

SAVING GRAPH...
SAVING TIME: 0.318153s.

dist=30.512583, cnt=30.896715, unique=1, std=8.860535, Recall=0.359225
cc=1452.266602, pruning=0.085729

Loading FastGraph...
*******************************************************************************************************
The result of LSH-G for nuswide is as follow: k=20, probQ = 0.9, L = 2, K = 6, T = 24
******************************************************************************************************
     algName       k      ef        Time      Recall        Cost        CPQ1        CPQ2     Pruning

       fastG      20     200     2.65963       0.795     3324.31     59.4613     3383.77    0.159489


******************************************************************************************************
                                                                                    1180-4:48:32
*****************************************************************************************************


	Command being timed: "./lgo nuswide 20 2 6 0.1 1.0 24"
	User time (seconds): 431.68
	System time (seconds): 3.42
	Percent of CPU this job got: 99%
	Elapsed (wall clock) time (h:mm:ss or m:ss): 7:16.33
	Average shared text size (kbytes): 0
	Average unshared data size (kbytes): 0
	Average stack size (kbytes): 0
	Average total size (kbytes): 0
	Maximum resident set size (kbytes): 1114744
	Average resident set size (kbytes): 0
	Major (requiring I/O) page faults: 0
	Minor (reclaiming a frame) page faults: 1620367
	Voluntary context switches: 227462
	Involuntary context switches: 86667
	Swaps: 0
	File system inputs: 0
	File system outputs: 176800
	Socket messages sent: 0
	Socket messages received: 0
	Signals delivered: 0
	Page size (bytes): 4096
	Exit status: 0
