C++17!
Using LSH-Graph for nuswide ...
c=        1.5
k=        20
L=        1
K=        18
T=        24
lsh_UB=   0
LOADING DATA...
Load from new file: /users/PAS2671/kabir36/kabir/similarity-search/dataset/nuswide/
N=    268643
dim=  500

LOADING TIME: 0.789899s.

LOADING BENMARK...
LOADING TIME: 0.00053s.

mkdir: missing operand
Try 'mkdir --help' for more information.

START HASHING...

SETTING HASH PARAMETER...
SETTING TIME: 0.000197s.

COMPUTING HASH...
COMPUTING TIME: 0.733376s.

[1m[31mWARNING:
[31mRanges of hash values is too LARGE. 
Please increase W at least 1times.
[0m[31mOld W=    0.3
New W=    1803.87
Increase  6012.9times.
[0mCONSTRUCTING GRAPH...

0%   10   20   30   40   50   60   70   80   90   100%
|----|----|----|----|----|----|----|----|----|----|
***************************************************
CONSTRUCTING TIME: 471.696s.

SAVING GRAPH...
SAVING TIME: 0.287418s.

dist=30.625881, cnt=30.894714, unique=1, std=8.868996, Recall=0.388710
cc=1455.096558, pruning=0.118626

Loading FastGraph...
*******************************************************************************************************
The result of LSH-G for nuswide is as follow: k=20, probQ = 0.9, L = 1, K = 18, T = 24
******************************************************************************************************
     algName       k      ef        Time      Recall        Cost        CPQ1        CPQ2     Pruning

       fastG      20     200     2.63018      0.8095     3137.58     164.894     3302.47    0.231057


******************************************************************************************************
                                                                                    1180-4:37:0
*****************************************************************************************************


	Command being timed: "./lgo nuswide 20 1 18 0.1 1.0 24"
	User time (seconds): 469.72
	System time (seconds): 3.18
	Percent of CPU this job got: 99%
	Elapsed (wall clock) time (h:mm:ss or m:ss): 7:54.19
	Average shared text size (kbytes): 0
	Average unshared data size (kbytes): 0
	Average stack size (kbytes): 0
	Average total size (kbytes): 0
	Maximum resident set size (kbytes): 1098400
	Average resident set size (kbytes): 0
	Major (requiring I/O) page faults: 0
	Minor (reclaiming a frame) page faults: 1588000
	Voluntary context switches: 141795
	Involuntary context switches: 95654
	Swaps: 0
	File system inputs: 0
	File system outputs: 183208
	Socket messages sent: 0
	Socket messages received: 0
	Signals delivered: 0
	Page size (bytes): 4096
	Exit status: 0
