C++17!
Using LSH-Graph for nuswide ...
c=        1.5
k=        20
L=        1
K=        12
T=        24
lsh_UB=   0
LOADING DATA...
Load from new file: /users/PAS2671/kabir36/kabir/similarity-search/dataset/nuswide/
N=    268643
dim=  500

LOADING TIME: 0.795634s.

LOADING BENMARK...
LOADING TIME: 0.000427s.

mkdir: missing operand
Try 'mkdir --help' for more information.

START HASHING...

SETTING HASH PARAMETER...
SETTING TIME: 0.000137s.

COMPUTING HASH...
COMPUTING TIME: 0.505183s.

[1m[31mWARNING:
[31mRanges of hash values is too LARGE. 
Please increase W at least 1times.
[0m[31mOld W=    0.3
New W=    407.326
Increase  1357.75times.
[0mCONSTRUCTING GRAPH...

0%   10   20   30   40   50   60   70   80   90   100%
|----|----|----|----|----|----|----|----|----|----|
***************************************************
CONSTRUCTING TIME: 425.599s.

SAVING GRAPH...
SAVING TIME: 0.240638s.

dist=30.598837, cnt=30.911295, unique=1, std=8.881188, Recall=0.351633
cc=1456.852051, pruning=0.104907

Loading FastGraph...
*******************************************************************************************************
The result of LSH-G for nuswide is as follow: k=20, probQ = 0.9, L = 1, K = 12, T = 24
******************************************************************************************************
     algName       k      ef        Time      Recall        Cost        CPQ1        CPQ2     Pruning

       fastG      20     200     2.61882       0.799     3232.95     109.158     3342.11    0.201392


******************************************************************************************************
                                                                                    1180-4:24:39
*****************************************************************************************************


	Command being timed: "./lgo nuswide 20 1 12 0.1 1.0 24"
	User time (seconds): 423.93
	System time (seconds): 2.74
	Percent of CPU this job got: 99%
	Elapsed (wall clock) time (h:mm:ss or m:ss): 7:07.81
	Average shared text size (kbytes): 0
	Average unshared data size (kbytes): 0
	Average stack size (kbytes): 0
	Average total size (kbytes): 0
	Maximum resident set size (kbytes): 1098120
	Average resident set size (kbytes): 0
	Major (requiring I/O) page faults: 0
	Minor (reclaiming a frame) page faults: 1404580
	Voluntary context switches: 138171
	Involuntary context switches: 87290
	Swaps: 0
	File system inputs: 0
	File system outputs: 170592
	Socket messages sent: 0
	Socket messages received: 0
	Signals delivered: 0
	Page size (bytes): 4096
	Exit status: 0
