C++17!
Using LSH-Graph for nuswide ...
c=        1.5
k=        20
L=        2
K=        12
T=        24
lsh_UB=   0
LOADING DATA...
Load from new file: /users/PAS2671/kabir36/kabir/similarity-search/dataset/nuswide/
N=    268643
dim=  500

LOADING TIME: 0.774306s.

LOADING BENMARK...
LOADING TIME: 0.000814s.

mkdir: missing operand
Try 'mkdir --help' for more information.

START HASHING...

SETTING HASH PARAMETER...
SETTING TIME: 0.000266s.

COMPUTING HASH...
COMPUTING TIME: 0.993674s.

[1m[31mWARNING:
[31mRanges of hash values is too LARGE. 
Please increase W at least 1times.
[0m[31mOld W=    0.3
New W=    407.326
Increase  1357.75times.
[0mCONSTRUCTING GRAPH...

0%   10   20   30   40   50   60   70   80   90   100%
|----|----|----|----|----|----|----|----|----|----|
***************************************************
CONSTRUCTING TIME: 441.382s.

SAVING GRAPH...
SAVING TIME: 0.329978s.

dist=30.700647, cnt=30.875988, unique=1, std=8.873440, Recall=0.368607
cc=1470.726318, pruning=0.103841

Loading FastGraph...
*******************************************************************************************************
The result of LSH-G for nuswide is as follow: k=20, probQ = 0.9, L = 2, K = 12, T = 24
******************************************************************************************************
     algName       k      ef        Time      Recall        Cost        CPQ1        CPQ2     Pruning

       fastG      20     200     2.05753      0.8015     3283.97     122.182     3406.15    0.197252


******************************************************************************************************
                                                                                    1180-5:0:5
*****************************************************************************************************


	Command being timed: "./lgo nuswide 20 2 12 0.1 1.0 24"
	User time (seconds): 439.58
	System time (seconds): 3.40
	Percent of CPU this job got: 99%
	Elapsed (wall clock) time (h:mm:ss or m:ss): 7:24.19
	Average shared text size (kbytes): 0
	Average unshared data size (kbytes): 0
	Average stack size (kbytes): 0
	Average total size (kbytes): 0
	Maximum resident set size (kbytes): 1114888
	Average resident set size (kbytes): 0
	Major (requiring I/O) page faults: 0
	Minor (reclaiming a frame) page faults: 1630764
	Voluntary context switches: 214367
	Involuntary context switches: 88356
	Swaps: 0
	File system inputs: 0
	File system outputs: 201984
	Socket messages sent: 0
	Socket messages received: 0
	Signals delivered: 0
	Page size (bytes): 4096
	Exit status: 0
