C++17!
Using LSH-Graph for nuswide ...
c=        1.5
k=        20
L=        1
K=        12
T=        12
lsh_UB=   0
LOADING DATA...
Load from new file: /users/PAS2671/kabir36/kabir/similarity-search/dataset/nuswide/
N=    268643
dim=  500

LOADING TIME: 0.769879s.

LOADING BENMARK...
LOADING TIME: 0.000439s.

mkdir: missing operand
Try 'mkdir --help' for more information.

START HASHING...

SETTING HASH PARAMETER...
SETTING TIME: 0.000137s.

COMPUTING HASH...
COMPUTING TIME: 0.503691s.

[1m[31mWARNING:
[31mRanges of hash values is too LARGE. 
Please increase W at least 1times.
[0m[31mOld W=    0.3
New W=    407.326
Increase  1357.75times.
[0mCONSTRUCTING GRAPH...

0%   10   20   30   40   50   60   70   80   90   100%
|----|----|----|----|----|----|----|----|----|----|
***************************************************
CONSTRUCTING TIME: 247.212s.

SAVING GRAPH...
SAVING TIME: 0.196495s.

dist=30.229727, cnt=15.097639, unique=1, std=4.375837, Recall=0.351095
cc=849.365479, pruning=0.084242

Loading FastGraph...
*******************************************************************************************************
The result of LSH-G for nuswide is as follow: k=20, probQ = 0.9, L = 1, K = 12, T = 12
******************************************************************************************************
     algName       k      ef        Time      Recall        Cost        CPQ1        CPQ2     Pruning

       fastG      20     200     1.86501      0.6735     1988.96     68.4613     2057.42    0.154553


******************************************************************************************************
                                                                                    1180-4:17:31
*****************************************************************************************************


	Command being timed: "./lgo nuswide 20 1 12 0.1 1.0 12"
	User time (seconds): 246.26
	System time (seconds): 2.27
	Percent of CPU this job got: 99%
	Elapsed (wall clock) time (h:mm:ss or m:ss): 4:09.24
	Average shared text size (kbytes): 0
	Average unshared data size (kbytes): 0
	Average stack size (kbytes): 0
	Average total size (kbytes): 0
	Maximum resident set size (kbytes): 1091816
	Average resident set size (kbytes): 0
	Major (requiring I/O) page faults: 0
	Minor (reclaiming a frame) page faults: 1240231
	Voluntary context switches: 118220
	Involuntary context switches: 53098
	Swaps: 0
	File system inputs: 0
	File system outputs: 104072
	Socket messages sent: 0
	Socket messages received: 0
	Signals delivered: 0
	Page size (bytes): 4096
	Exit status: 0
