C++17!
Using LSH-Graph for nuswide ...
c=        1.5
k=        20
L=        2
K=        12
T=        12
lsh_UB=   0
LOADING DATA...
Load from new file: /users/PAS2671/kabir36/kabir/similarity-search/dataset/nuswide/
N=    268643
dim=  500

LOADING TIME: 0.797779s.

LOADING BENMARK...
LOADING TIME: 0.000583s.

mkdir: missing operand
Try 'mkdir --help' for more information.

START HASHING...

SETTING HASH PARAMETER...
SETTING TIME: 0.000257s.

COMPUTING HASH...
COMPUTING TIME: 0.977287s.

[1m[31mWARNING:
[31mRanges of hash values is too LARGE. 
Please increase W at least 1times.
[0m[31mOld W=    0.3
New W=    407.326
Increase  1357.75times.
[0mCONSTRUCTING GRAPH...

0%   10   20   30   40   50   60   70   80   90   100%
|----|----|----|----|----|----|----|----|----|----|
***************************************************
CONSTRUCTING TIME: 246.288s.

SAVING GRAPH...
SAVING TIME: 0.283386s.

dist=30.675093, cnt=15.092878, unique=1, std=4.372185, Recall=0.338562
cc=857.351074, pruning=0.083233

Loading FastGraph...
*******************************************************************************************************
The result of LSH-G for nuswide is as follow: k=20, probQ = 0.9, L = 2, K = 12, T = 12
******************************************************************************************************
     algName       k      ef        Time      Recall        Cost        CPQ1        CPQ2     Pruning

       fastG      20     200     1.70195        0.67      2045.3     81.7794     2127.08    0.150438


******************************************************************************************************
                                                                                    1180-4:52:41
*****************************************************************************************************


	Command being timed: "./lgo nuswide 20 2 12 0.1 1.0 12"
	User time (seconds): 245.60
	System time (seconds): 2.65
	Percent of CPU this job got: 99%
	Elapsed (wall clock) time (h:mm:ss or m:ss): 4:08.96
	Average shared text size (kbytes): 0
	Average unshared data size (kbytes): 0
	Average stack size (kbytes): 0
	Average total size (kbytes): 0
	Maximum resident set size (kbytes): 1107948
	Average resident set size (kbytes): 0
	Major (requiring I/O) page faults: 0
	Minor (reclaiming a frame) page faults: 1290090
	Voluntary context switches: 172257
	Involuntary context switches: 51920
	Swaps: 0
	File system inputs: 0
	File system outputs: 135704
	Socket messages sent: 0
	Socket messages received: 0
	Signals delivered: 0
	Page size (bytes): 4096
	Exit status: 0
