C++17!
Using LSH-Graph for nytimes ...
c=        1.5
k=        100
L=        1
K=        18
T=        12
lsh_UB=   0
LOADING DATA...
Load from new file: /users/PAS2671/kabir36/kabir/similarity-search/dataset/nytimes/
N=    290000
dim=  256

LOADING TIME: 0.413728s.

LOADING BENMARK...
LOADING TIME: 0.000722s.

mkdir: missing operand
Try 'mkdir --help' for more information.

START HASHING...

SETTING HASH PARAMETER...
SETTING TIME: 9.5e-05s.

COMPUTING HASH...
COMPUTING TIME: 0.159466s.

[1m[31mWARNING:
[31mRanges of hash values is too LARGE. 
Please increase W at least 1times.
[0m[31mOld W=    0.3
New W=    1.48247
Increase  4.94155times.
[0mCONSTRUCTING GRAPH...

0%   10   20   30   40   50   60   70   80   90   100%
|----|----|----|----|----|----|----|----|----|----|
***************************************************
CONSTRUCTING TIME: 66.0917s.

SAVING GRAPH...
SAVING TIME: 0.199366s.

dist=0.961077, cnt=12.753675, unique=1, std=2.169871, Recall=0.025407
cc=383.045074, pruning=0.373219

Loading FastGraph...
*******************************************************************************************************
The result of LSH-G for nytimes is as follow: k=100, probQ = 0.9, L = 1, K = 18, T = 12
******************************************************************************************************
     algName       k      ef        Time      Recall        Cost        CPQ1        CPQ2     Pruning

       fastG     100     200     0.29999      0.4002      913.65     88.6252     1002.28   0.0903957

Command terminated by signal 11
	Command being timed: "./lgo nytimes 100 1 18 0.1 1.0 12"
	User time (seconds): 65.93
	System time (seconds): 1.22
	Percent of CPU this job got: 99%
	Elapsed (wall clock) time (h:mm:ss or m:ss): 1:07.72
	Average shared text size (kbytes): 0
	Average unshared data size (kbytes): 0
	Average stack size (kbytes): 0
	Average total size (kbytes): 0
	Maximum resident set size (kbytes): 618356
	Average resident set size (kbytes): 0
	Major (requiring I/O) page faults: 0
	Minor (reclaiming a frame) page faults: 302997
	Voluntary context switches: 82608
	Involuntary context switches: 5843
	Swaps: 0
	File system inputs: 0
	File system outputs: 757568
	Socket messages sent: 0
	Socket messages received: 0
	Signals delivered: 0
	Page size (bytes): 4096
	Exit status: 0
