C++17!
Using LSH-Graph for nytimes ...
c=        1.5
k=        100
L=        2
K=        12
T=        12
lsh_UB=   0
LOADING DATA...
Load from new file: /users/PAS2671/kabir36/kabir/similarity-search/dataset/nytimes/
N=    290000
dim=  256

LOADING TIME: 0.431795s.

LOADING BENMARK...
LOADING TIME: 0.000987s.

mkdir: missing operand
Try 'mkdir --help' for more information.

START HASHING...

SETTING HASH PARAMETER...
SETTING TIME: 0.00023s.

COMPUTING HASH...
COMPUTING TIME: 0.307172s.

[1m[31mWARNING:
[31mRanges of hash values is too LARGE. 
Please increase W at least 1times.
[0m[31mOld W=    0.3
New W=    0.33475
Increase  1.11583times.
[0mCONSTRUCTING GRAPH...

0%   10   20   30   40   50   60   70   80   90   100%
|----|----|----|----|----|----|----|----|----|----|
***************************************************
CONSTRUCTING TIME: 50.3775s.

SAVING GRAPH...
SAVING TIME: 0.292799s.

dist=0.957225, cnt=12.998410, unique=1, std=2.554260, Recall=0.023337
cc=359.192535, pruning=0.058908

Loading FastGraph...
*******************************************************************************************************
The result of LSH-G for nytimes is as follow: k=100, probQ = 0.9, L = 2, K = 12, T = 12
******************************************************************************************************
     algName       k      ef        Time      Recall        Cost        CPQ1        CPQ2     Pruning

       fastG     100     200      0.4195      0.2927     1010.24      75.069     1085.31   0.0727253

*** Error in `./lgo': free(): invalid pointer: 0x0000000011fb9f31 ***
======= Backtrace: =========
/lib64/libc.so.6(+0x81329)[0x2aba2206d329]
./lgo[0x40bb5e]
./lgo[0x408415]
/lib64/libc.so.6(__libc_start_main+0xf5)[0x2aba2200e555]
./lgo[0x408e0c]
======= Memory map: ========
00400000-00449000 r-xp 00000000 00:3c 1794793                            /users/PAS2671/kabir36/kabir/similarity-search/models/LSH-APG/cppCode/LSH-APG/lgo
00648000-0064a000 r--p 00048000 00:3c 1794793                            /users/PAS2671/kabir36/kabir/similarity-search/models/LSH-APG/cppCode/LSH-APG/lgo
0064a000-0064b000 rw-p 0004a000 00:3c 1794793                            /users/PAS2671/kabir36/kabir/similarity-search/models/LSH-APG/cppCode/LSH-APG/lgo
00f4f000-25a0b000 rw-p 00000000 00:00 0                                  [heap]
2aba20c9e000-2aba20cc0000 r-xp 00000000 00:24 3428292698                 /usr/lib64/ld-2.17.so
2aba20cc0000-2aba20cc7000 rw-p 00000000 00:00 0 
2aba20d0d000-2aba20d14000 rw-p 00000000 00:00 0 
2aba20ebf000-2aba20ec0000 r--p 00021000 00:24 3428292698                 /usr/lib64/ld-2.17.so
2aba20ec0000-2aba20ec1000 rw-p 00022000 00:24 3428292698                 /usr/lib64/ld-2.17.so
2aba20ec1000-2aba20ec2000 rw-p 00000000 00:00 0 
2aba20ec2000-2aba20efa000 r-xp 00000000 00:2c 19202863                   /apps/xalt/2.10.29/lib64/libxalt_init.so
2aba20efa000-2aba210fa000 ---p 00038000 00:2c 19202863                   /apps/xalt/2.10.29/lib64/libxalt_init.so
2aba210fa000-2aba210fb000 r--p 00038000 00:2c 19202863                   /apps/xalt/2.10.29/lib64/libxalt_init.so
2aba210fb000-2aba210fc000 rw-p 00039000 00:2c 19202863                   /apps/xalt/2.10.29/lib64/libxalt_init.so
2aba210fc000-2aba210fd000 rw-p 00000000 00:00 0 
2aba210fd000-2aba21104000 r-xp 00000000 00:24 3428781212                 /usr/lib64/librt-2.17.so
2aba21104000-2aba21303000 ---p 00007000 00:24 3428781212                 /usr/lib64/librt-2.17.so
2aba21303000-2aba21304000 r--p 00006000 00:24 3428781212                 /usr/lib64/librt-2.17.so
2aba21304000-2aba21305000 rw-p 00007000 00:24 3428781212                 /usr/lib64/librt-2.17.so
2aba21305000-2aba21479000 r-xp 00000000 00:2c 7905980                    /apps/gnu/8.4.0/lib64/libstdc++.so.6.0.25
2aba21479000-2aba21678000 ---p 00174000 00:2c 7905980                    /apps/gnu/8.4.0/lib64/libstdc++.so.6.0.25
2aba21678000-2aba21682000 r--p 00173000 00:2c 7905980                    /apps/gnu/8.4.0/lib64/libstdc++.so.6.0.25
2aba21682000-2aba21684000 rw-p 0017d000 00:2c 7905980                    /apps/gnu/8.4.0/lib64/libstdc++.so.6.0.25
2aba21684000-2aba21688000 rw-p 00000000 00:00 0 
2aba21688000-2aba21789000 r-xp 00000000 00:24 3428781161                 /usr/lib64/libm-2.17.so
2aba21789000-2aba21988000 ---p 00101000 00:24 3428781161                 /usr/lib64/libm-2.17.so
2aba21988000-2aba21989000 r--p 00100000 00:24 3428781161                 /usr/lib64/libm-2.17.so
2aba21989000-2aba2198a000 rw-p 00101000 00:24 3428781161                 /usr/lib64/libm-2.17.so
2aba2198a000-2aba219b7000 r-xp 00000000 00:2c 5669150                    /apps/gnu/8.4.0/lib64/libgomp.so.1.0.0
2aba219b7000-2aba21bb6000 ---p 0002d000 00:2c 5669150                    /apps/gnu/8.4.0/lib64/libgomp.so.1.0.0
2aba21bb6000-2aba21bb7000 r--p 0002c000 00:2c 5669150                    /apps/gnu/8.4.0/lib64/libgomp.so.1.0.0
2aba21bb7000-2aba21bb8000 rw-p 0002d000 00:2c 5669150                    /apps/gnu/8.4.0/lib64/libgomp.so.1.0.0
2aba21bb8000-2aba21bcf000 r-xp 00000000 00:2c 5669148                    /apps/gnu/8.4.0/lib64/libgcc_s.so.1
2aba21bcf000-2aba21dce000 ---p 00017000 00:2c 5669148                    /apps/gnu/8.4.0/lib64/libgcc_s.so.1
2aba21dce000-2aba21dcf000 r--p 00016000 00:2c 5669148                    /apps/gnu/8.4.0/lib64/libgcc_s.so.1
2aba21dcf000-2aba21dd0000 rw-p 00017000 00:2c 5669148                    /apps/gnu/8.4.0/lib64/libgcc_s.so.1
2aba21dd0000-2aba21de7000 r-xp 00000000 00:24 3428781193                 /usr/lib64/libpthread-2.17.so
2aba21de7000-2aba21fe6000 ---p 00017000 00:24 3428781193                 /usr/lib64/libpthread-2.17.so
2aba21fe6000-2aba21fe7000 r--p 00016000 00:24 3428781193                 /usr/lib64/libpthread-2.17.so
2aba21fe7000-2aba21fe8000 rw-p 00017000 00:24 3428781193                 /usr/lib64/libpthread-2.17.so
2aba21fe8000-2aba21fec000 rw-p 00000000 00:00 0 
2aba21fec000-2aba221b0000 r-xp 00000000 00:24 3428781146                 /usr/lib64/libc-2.17.so
2aba221b0000-2aba223af000 ---p 001c4000 00:24 3428781146                 /usr/lib64/libc-2.17.so
2aba223af000-2aba223b3000 r--p 001c3000 00:24 3428781146                 /usr/lib64/libc-2.17.so
2aba223b3000-2aba223b5000 rw-p 001c7000 00:24 3428781146                 /usr/lib64/libc-2.17.so
2aba223b5000-2aba223ba000 rw-p 00000000 00:00 0 
2aba223ba000-2aba223bc000 r-xp 00000000 00:24 3428781159                 /usr/lib64/libdl-2.17.so
2aba223bc000-2aba225bc000 ---p 00002000 00:24 3428781159                 /usr/lib64/libdl-2.17.so
2aba225bc000-2aba225bd000 r--p 00002000 00:24 3428781159                 /usr/lib64/libdl-2.17.so
2aba225bd000-2aba225be000 rw-p 00003000 00:24 3428781159                 /usr/lib64/libdl-2.17.so
2aba225be000-2aba225c2000 r-xp 00000000 00:2c 21954920                   /apps/xalt/2.10.29/lib64/libuuid.so.1.3.0
2aba225c2000-2aba227c1000 ---p 00004000 00:2c 21954920                   /apps/xalt/2.10.29/lib64/libuuid.so.1.3.0
2aba227c1000-2aba227c2000 r--p 00003000 00:2c 21954920                   /apps/xalt/2.10.29/lib64/libuuid.so.1.3.0
2aba227c2000-2aba227c3000 rw-p 00004000 00:2c 21954920                   /apps/xalt/2.10.29/lib64/libuuid.so.1.3.0
2aba2c210000-2aba2c211000 ---p 00000000 00:00 0 
2aba2c211000-2aba2c411000 rw-p 00000000 00:00 0 
2aba2c411000-2aba2c412000 ---p 00000000 00:00 0 
2aba2c412000-2aba2c612000 rw-p 00000000 00:00 0 
2aba2c612000-2aba2c613000 ---p 00000000 00:00 0 
2aba2c613000-2aba2c813000 rw-p 00000000 00:00 0 
2aba2c813000-2aba2c814000 ---p 00000000 00:00 0 
2aba2c814000-2aba2ca14000 rw-p 00000000 00:00 0 
2aba2ca14000-2aba2ca15000 ---p 00000000 00:00 0 
2aba2ca15000-2aba2cc15000 rw-p 00000000 00:00 0 
2aba2cc15000-2aba2cc16000 ---p 00000000 00:00 0 
2aba2cc16000-2aba2ce16000 rw-p 00000000 00:00 0 
2aba2ce16000-2aba2ce17000 ---p 00000000 00:00 0 
2aba2ce17000-2aba2d017000 rw-p 00000000 00:00 0 
2aba2d017000-2aba2d018000 ---p 00000000 00:00 0 
2aba2d018000-2aba2d218000 rw-p 00000000 00:00 0 
2aba2d218000-2aba2d219000 ---p 00000000 00:00 0 
2aba2d219000-2aba2d419000 rw-p 00000000 00:00 0 
2aba2d419000-2aba2d41a000 ---p 00000000 00:00 0 
2aba2d41a000-2aba2d61a000 rw-p 00000000 00:00 0 
2aba2d61a000-2aba2d61b000 ---p 00000000 00:00 0 
2aba2d61b000-2aba2d81b000 rw-p 00000000 00:00 0 
2aba2d81b000-2aba2d81c000 ---p 00000000 00:00 0 
2aba2d81c000-2aba2da1c000 rw-p 00000000 00:00 0 
2aba2da1c000-2aba2da1d000 ---p 00000000 00:00 0 
2aba2da1d000-2aba2dc1d000 rw-p 00000000 00:00 0 
2aba2dc1d000-2aba2dc1e000 ---p 00000000 00:00 0 
2aba2dc1e000-2aba2de1e000 rw-p 00000000 00:00 0 
2aba2de1e000-2aba2de1f000 ---p 00000000 00:00 0 
2aba2de1f000-2aba2e01f000 rw-p 00000000 00:00 0 
2aba2e01f000-2aba2e020000 ---p 00000000 00:00 0 
2aba2e020000-2aba2e220000 rw-p 00000000 00:00 0 
2aba2e220000-2aba2e221000 ---p 00000000 00:00 0 
2aba2e221000-2aba2e421000 rw-p 00000000 00:00 0 
2aba2e421000-2aba2e422000 ---p 00000000 00:00 0 
2aba2e422000-2aba2e622000 rw-p 00000000 00:00 0 
2aba2e622000-2aba2e623000 ---p 00000000 00:00 0 
2aba2e623000-2aba2e823000 rw-p 00000000 00:00 0 
2aba30000000-2aba3006d000 rw-p 00000000 00:00 0 
2aba3006d000-2aba34000000 ---p 00000000 00:00 0 
2aba34000000-2aba34068000 rw-p 00000000 00:00 0 
2aba34068000-2aba38000000 ---p 00000000 00:00 0 
2aba38000000-2aba38069000 rw-p 00000000 00:00 0 
2aba38069000-2aba3c000000 ---p 00000000 00:00 0 
2aba3c000000-2aba3c069000 rw-p 00000000 00:00 0 
2aba3c069000-2aba40000000 ---p 00000000 00:00 0 
2aba40000000-2aba40069000 rw-p 00000000 00:00 0 
2aba40069000-2aba44000000 ---p 00000000 00:00 0 
2aba44000000-2aba44069000 rw-p 00000000 00:00 0 
2aba44069000-2aba48000000 ---p 00000000 00:00 0 
2aba48000000-2aba4806a000 rw-p 00000000 00:00 0 
2aba4806a000-2aba4c000000 ---p 00000000 00:00 0 
2aba4c000000-2aba4c069000 rw-p 00000000 00:00 0 
2aba4c069000-2aba50000000 ---p 00000000 00:00 0 
2aba50000000-2aba50069000 rw-p 00000000 00:00 0 
2aba50069000-2aba54000000 ---p 00000000 00:00 0 
2aba54000000-2aba5406b000 rw-p 00000000 00:00 0 
2aba5406b000-2aba58000000 ---p 00000000 00:00 0 
2aba58000000-2aba5806b000 rw-p 00000000 00:00 0 
2aba5806b000-2aba5c000000 ---p 00000000 00:00 0 
2aba5c000000-2aba5c06a000 rw-p 00000000 00:00 0 
2aba5c06a000-2aba60000000 ---p 00000000 00:00 0 
2aba60000000-2aba60069000 rw-p 00000000 00:00 0 
2aba60069000-2aba64000000 ---p 00000000 00:00 0 
2aba64000000-2aba64069000 rw-p 00000000 00:00 0 
2aba64069000-2aba68000000 ---p 00000000 00:00 0 
2aba68000000-2aba6806a000 rw-p 00000000 00:00 0 
2aba6806a000-2aba6c000000 ---p 00000000 00:00 0 
2aba6c000000-2aba6c06c000 rw-p 00000000 00:00 0 
2aba6c06c000-2aba70000000 ---p 00000000 00:00 0 
2aba70000000-2aba7006b000 rw-p 00000000 00:00 0 
2aba7006b000-2aba74000000 ---p 00000000 00:00 0 
2aba74000000-2aba74069000 rw-p 00000000 00:00 0 
2aba74069000-2aba78000000 ---p 00000000 00:00 0 
2aba78000000-2aba7806b000 rw-p 00000000 00:00 0 
2aba7806b000-2aba7c000000 ---p 00000000 00:00 0 
2aba7c000000-2aba7c06a000 rw-p 00000000 00:00 0 
2aba7c06a000-2aba80000000 ---p 00000000 00:00 0 
2aba80000000-2aba8006a000 rw-p 00000000 00:00 0 
2aba8006a000-2aba84000000 ---p 00000000 00:00 0 
2aba84000000-2aba8406a000 rw-p 00000000 00:00 0 
2aba8406a000-2aba88000000 ---p 00000000 00:00 0 
2aba88000000-2aba8806a000 rw-p 00000000 00:00 0 
2aba8806a000-2aba8c000000 ---p 00000000 00:00 0 
2aba8c000000-2aba8c06b000 rw-p 00000000 00:00 0 
2aba8c06b000-2aba90000000 ---p 00000000 00:00 0 
2aba90000000-2aba90069000 rw-p 00000000 00:00 0 
2aba90069000-2aba94000000 ---p 00000000 00:00 0 
2aba94000000-2aba94069000 rw-p 00000000 00:00 0 
2aba94069000-2aba98000000 ---p 00000000 00:00 0 
2aba98000000-2aba98069000 rw-p 00000000 00:00 0 
2aba98069000-2aba9c000000 ---p 00000000 00:00 0 
2aba9c000000-2aba9c067000 rw-p 00000000 00:00 0 
2aba9c067000-2abaa0000000 ---p 00000000 00:00 0 
2abaa0000000-2abaa006a000 rw-p 00000000 00:00 0 
2abaa006a000-2abaa4000000 ---p 00000000 00:00 0 
2abaa4000000-2abaa406a000 rw-p 00000000 00:00 0 
2abaa406a000-2abaa8000000 ---p 00000000 00:00 0 
2abaa8000000-2abaa806a000 rw-p 00000000 00:00 0 
2abaa806a000-2abaac000000 ---p 00000000 00:00 0 
2abaac000000-2abaac06f000 rw-p 00000000 00:00 0 
2abaac06f000-2abab0000000 ---p 00000000 00:00 0 
2abab0000000-2abab006b000 rw-p 00000000 00:00 0 
2abab006b000-2abab4000000 ---p 00000000 00:00 0 
2abab4000000-2abab406b000 rw-p 00000000 00:00 0 
2abab406b000-2abab8000000 ---p 00000000 00:00 0 
2abab8000000-2abab806a000 rw-p 00000000 00:00 0 
2abab806a000-2ababc000000 ---p 00000000 00:00 0 
2ababc000000-2ababc06a000 rw-p 00000000 00:00 0 
2ababc06a000-2abac0000000 ---p 00000000 00:00 0 
2abac0000000-2abac006a000 rw-p 00000000 00:00 0 
2abac006a000-2abac4000000 ---p 00000000 00:00 0 
2abac4000000-2abac406a000 rw-p 00000000 00:00 0 
2abac406a000-2abac8000000 ---p 00000000 00:00 0 
2abac8000000-2abac8068000 rw-p 00000000 00:00 0 
2abac8068000-2abacc000000 ---p 00000000 00:00 0 
2abacc000000-2abacc069000 rw-p 00000000 00:00 0 
2abacc069000-2abad0000000 ---p 00000000 00:00 0 
2abad0000000-2abad006a000 rw-p 00000000 00:00 0 
2abad006a000-2abad4000000 ---p 00000000 00:00 0 
2abad4000000-2abad4069000 rw-p 00000000 00:00 0 
2abad4069000-2abad8000000 ---p 00000000 00:00 0 
2abad8000000-2abad8068000 rw-p 00000000 00:00 0 
2abad8068000-2abadc000000 ---p 00000000 00:00 0 
2abadc000000-2abadc069000 rw-p 00000000 00:00 0 
2abadc069000-2abae0000000 ---p 00000000 00:00 0 
2abae0000000-2abae006a000 rw-p 00000000 00:00 0 
2abae006a000-2abae4000000 ---p 00000000 00:00 0 
2abae4000000-2abae4068000 rw-p 00000000 00:00 0 
2abae4068000-2abae8000000 ---p 00000000 00:00 0 
2abae8000000-2abae8068000 rw-p 00000000 00:00 0 
2abae8068000-2abaec000000 ---p 00000000 00:00 0 
2abaec000000-2abaec06a000 rw-p 00000000 00:00 0 
2abaec06a000-2abaf0000000 ---p 00000000 00:00 0 
2abaf0000000-2abaf0069000 rw-p 00000000 00:00 0 
2abaf0069000-2abaf4000000 ---p 00000000 00:00 0 
2abaf4000000-2abaf406a000 rw-p 00000000 00:00 0 
2abaf406a000-2abaf8000000 ---p 00000000 00:00 0 
2abaf8000000-2abaf806b000 rw-p 00000000 00:00 0 
2abaf806b000-2abafc000000 ---p 00000000 00:00 0 
2abafc000000-2abafc067000 rw-p 00000000 00:00 0 
2abafc067000-2abb00000000 ---p 00000000 00:00 0 
2abb00000000-2abb00069000 rw-p 00000000 00:00 0 
2abb00069000-2abb04000000 ---p 00000000 00:00 0 
2abb04000000-2abb04069000 rw-p 00000000 00:00 0 
2abb04069000-2abb08000000 ---p 00000000 00:00 0 
2abb08000000-2abb08069000 rw-p 00000000 00:00 0 
2abb08069000-2abb0c000000 ---p 00000000 00:00 0 
2abb0c000000-2abb0c069000 rw-p 00000000 00:00 0 
2abb0c069000-2abb10000000 ---p 00000000 00:00 0 
2abb10000000-2abb1006b000 rw-p 00000000 00:00 0 
2abb1006b000-2abb14000000 ---p 00000000 00:00 0 
2abb14000000-2abb14068000 rw-p 00000000 00:00 0 
2abb14068000-2abb18000000 ---p 00000000 00:00 0 
2abb18000000-2abb1806a000 rw-p 00000000 00:00 0 
2abb1806a000-2abb1c000000 ---p 00000000 00:00 0 
2abb1c000000-2abb1c06a000 rw-p 00000000 00:00 0 
2abb1c06a000-2abb20000000 ---p 00000000 00:00 0 
2abb20000000-2abb2006a000 rw-p 00000000 00:00 0 
2abb2006a000-2abb24000000 ---p 00000000 00:00 0 
2abb24000000-2abb2406b000 rw-p 00000000 00:00 0 
2abb2406b000-2abb28000000 ---p 00000000 00:00 0 
2abb28000000-2abb28068000 rw-p 00000000 00:00 0 
2abb28068000-2abb2c000000 ---p 00000000 00:00 0 
2abb2c000000-2abb2c06a000 rw-p 00000000 00:00 0 
2abb2c06a000-2abb30000000 ---p 00000000 00:00 0 
2abb30000000-2abb30069000 rw-p 00000000 00:00 0 
2abb30069000-2abb34000000 ---p 00000000 00:00 0 
2abb34000000-2abb34069000 rw-p 00000000 00:00 0 
2abb34069000-2abb38000000 ---p 00000000 00:00 0 
2abb38000000-2abb3806b000 rw-p 00000000 00:00 0 
2abb3806b000-2abb3c000000 ---p 00000000 00:00 0 
2abb3c000000-2abb3c06b000 rw-p 00000000 00:00 0 
2abb3c06b000-2abb40000000 ---p 00000000 00:00 0 
2abb40000000-2abb4006b000 rw-p 00000000 00:00 0 
2abb4006b000-2abb44000000 ---p 00000000 00:00 0 
2abb44000000-2abb44069000 rw-p 00000000 00:00 0 
2abb44069000-2abb48000000 ---p 00000000 00:00 0 
2abb48000000-2abb48069000 rw-p 00000000 00:00 0 
2abb48069000-2abb4c000000 ---p 00000000 00:00 0 
2abb4c000000-2abb4c069000 rw-p 00000000 00:00 0 
2abb4c069000-2abb50000000 ---p 00000000 00:00 0 
2abb50000000-2abb50068000 rw-p 00000000 00:00 0 
2abb50068000-2abb54000000 ---p 00000000 00:00 0 
2abb54000000-2abb5406a000 rw-p 00000000 00:00 0 
2abb5406a000-2abb58000000 ---p 00000000 00:00 0 
2abb58000000-2abb5806a000 rw-p 00000000 00:00 0 
2abb5806a000-2abb5c000000 ---p 00000000 00:00 0 
2abb5c000000-2abb5c068000 rw-p 00000000 00:00 0 
2abb5c068000-2abb60000000 ---p 00000000 00:00 0 
2abb60000000-2abb6006b000 rw-p 00000000 00:00 0 
2abb6006b000-2abb64000000 ---p 00000000 00:00 0 
2abb64000000-2abb6406a000 rw-p 00000000 00:00 0 
2abb6406a000-2abb68000000 ---p 00000000 00:00 0 
2abb68000000-2abb68069000 rw-p 00000000 00:00 0 
2abb68069000-2abb6c000000 ---p 00000000 00:00 0 
2abb6c000000-2abb6c06a000 rw-p 00000000 00:00 0 
2abb6c06a000-2abb70000000 ---p 00000000 00:00 0 
2abb70000000-2abb7006a000 rw-p 00000000 00:00 0 
2abb7006a000-2abb74000000 ---p 00000000 00:00 0 
2abb74000000-2abb7406a000 rw-p 00000000 00:00 0 
2abb7406a000-2abb78000000 ---p 00000000 00:00 0 
2abb78000000-2abb7806b000 rw-p 00000000 00:00 0 
2abb7806b000-2abb7c000000 ---p 00000000 00:00 0 
2abb7c000000-2abb7c069000 rw-p 00000000 00:00 0 
2abb7c069000-2abb80000000 ---p 00000000 00:00 0 
2abb80000000-2abb80069000 rw-p 00000000 00:00 0 
2abb80069000-2abb84000000 ---p 00000000 00:00 0 
2abb84000000-2abb8406b000 rw-p 00000000 00:00 0 
2abb8406b000-2abb88000000 ---p 00000000 00:00 0 
2abb88000000-2abb88069000 rw-p 00000000 00:00 0 
2abb88069000-2abb8c000000 ---p 00000000 00:00 0 
2abb8c000000-2abb8c068000 rw-p 00000000 00:00 0 
2abb8c068000-2abb90000000 ---p 00000000 00:00 0 
2abb90000000-2abb9006a000 rw-p 00000000 00:00 0 
2abb9006a000-2abb94000000 ---p 00000000 00:00 0 
2abb94000000-2abb94068000 rw-p 00000000 00:00 0 
2abb94068000-2abb98000000 ---p 00000000 00:00 0 
2abb98000000-2abb9806a000 rw-p 00000000 00:00 0 
2abb9806a000-2abb9c000000 ---p 00000000 00:00 0 
2abb9c000000-2abb9c069000 rw-p 00000000 00:00 0 
2abb9c069000-2abba0000000 ---p 00000000 00:00 0 
2abba0000000-2abba006a000 rw-p 00000000 00:00 0 
2abba006a000-2abba4000000 ---p 00000000 00:00 0 
2abba4000000-2abba4069000 rw-p 00000000 00:00 0 
2abba4069000-2abba8000000 ---p 00000000 00:00 0 
2abba8000000-2abba806a000 rw-p 00000000 00:00 0 
2abba806a000-2abbac000000 ---p 00000000 00:00 0 
2abbac000000-2abbac069000 rw-p 00000000 00:00 0 
2abbac069000-2abbb0000000 ---p 00000000 00:00 0 
7ffd56a9b000-7ffd56abf000 rw-p 00000000 00:00 0                          [stack]
7ffd56bd9000-7ffd56bdb000 r-xp 00000000 00:00 0                          [vdso]
ffffffffff600000-ffffffffff601000 r-xp 00000000 00:00 0                  [vsyscall]

******************************************************************************************************
                                                                                    1180-4:13:10
*****************************************************************************************************


Command terminated by signal 6
	Command being timed: "./lgo nytimes 100 2 12 0.1 1.0 12"
	User time (seconds): 50.55
	System time (seconds): 1.45
	Percent of CPU this job got: 97%
	Elapsed (wall clock) time (h:mm:ss or m:ss): 0:53.32
	Average shared text size (kbytes): 0
	Average unshared data size (kbytes): 0
	Average stack size (kbytes): 0
	Average total size (kbytes): 0
	Maximum resident set size (kbytes): 644040
	Average resident set size (kbytes): 0
	Major (requiring I/O) page faults: 0
	Minor (reclaiming a frame) page faults: 366803
	Voluntary context switches: 97986
	Involuntary context switches: 4458
	Swaps: 0
	File system inputs: 0
	File system outputs: 1420264
	Socket messages sent: 0
	Socket messages received: 0
	Signals delivered: 0
	Page size (bytes): 4096
	Exit status: 0
