C++17!
Using LSH-Graph for nytimes ...
c=        1.5
k=        100
L=        2
K=        18
T=        12
lsh_UB=   0
LOADING DATA...
Load from new file: /users/PAS2671/kabir36/kabir/similarity-search/dataset/nytimes/
N=    290000
dim=  256

LOADING TIME: 0.519539s.

LOADING BENMARK...
LOADING TIME: 0.001499s.

mkdir: missing operand
Try 'mkdir --help' for more information.

START HASHING...

SETTING HASH PARAMETER...
SETTING TIME: 0.000178s.

COMPUTING HASH...
COMPUTING TIME: 0.360455s.

[1m[31mWARNING:
[31mRanges of hash values is too LARGE. 
Please increase W at least 1times.
[0m[31mOld W=    0.3
New W=    1.48247
Increase  4.94155times.
[0mCONSTRUCTING GRAPH...

0%   10   20   30   40   50   60   70   80   90   100%
|----|----|----|----|----|----|----|----|----|----|
***************************************************
CONSTRUCTING TIME: 51.2187s.

SAVING GRAPH...
SAVING TIME: 0.286277s.

dist=0.952791, cnt=13.021896, unique=1, std=2.589006, Recall=0.025903
cc=345.159668, pruning=0.070814

Loading FastGraph...
*******************************************************************************************************
The result of LSH-G for nytimes is as follow: k=100, probQ = 0.9, L = 2, K = 18, T = 12
******************************************************************************************************
     algName       k      ef        Time      Recall        Cost        CPQ1        CPQ2     Pruning

       fastG     100     200     0.49152      0.2863     1044.36     116.832     1161.19   0.0915489

Command terminated by signal 11
	Command being timed: "./lgo nytimes 100 2 18 0.1 1.0 12"
	User time (seconds): 51.48
	System time (seconds): 1.36
	Percent of CPU this job got: 98%
	Elapsed (wall clock) time (h:mm:ss or m:ss): 0:53.39
	Average shared text size (kbytes): 0
	Average unshared data size (kbytes): 0
	Average stack size (kbytes): 0
	Average total size (kbytes): 0
	Maximum resident set size (kbytes): 663180
	Average resident set size (kbytes): 0
	Major (requiring I/O) page faults: 0
	Minor (reclaiming a frame) page faults: 321331
	Voluntary context switches: 92140
	Involuntary context switches: 4610
	Swaps: 0
	File system inputs: 0
	File system outputs: 896920
	Socket messages sent: 0
	Socket messages received: 0
	Signals delivered: 0
	Page size (bytes): 4096
	Exit status: 0
