C++17!
Using LSH-Graph for nytimes ...
c=        1.5
k=        100
L=        2
K=        12
T=        24
lsh_UB=   0
LOADING DATA...
Load from new file: /users/PAS2671/kabir36/kabir/similarity-search/dataset/nytimes/
N=    290000
dim=  256

LOADING TIME: 0.411053s.

LOADING BENMARK...
LOADING TIME: 0.00053s.

mkdir: missing operand
Try 'mkdir --help' for more information.

START HASHING...

SETTING HASH PARAMETER...
SETTING TIME: 0.000127s.

COMPUTING HASH...
COMPUTING TIME: 0.21644s.

[1m[31mWARNING:
[31mRanges of hash values is too LARGE. 
Please increase W at least 1times.
[0m[31mOld W=    0.3
New W=    0.33475
Increase  1.11583times.
[0mCONSTRUCTING GRAPH...

0%   10   20   30   40   50   60   70   80   90   100%
|----|----|----|----|----|----|----|----|----|----|
***************************************************
CONSTRUCTING TIME: 70.2641s.

SAVING GRAPH...
SAVING TIME: 0.321929s.

dist=0.981625, cnt=25.591320, unique=1, std=4.560472, Recall=0.063251
cc=442.433594, pruning=0.081145

Loading FastGraph...
*******************************************************************************************************
The result of LSH-G for nytimes is as follow: k=100, probQ = 0.9, L = 2, K = 12, T = 24
******************************************************************************************************
     algName       k      ef        Time      Recall        Cost        CPQ1        CPQ2     Pruning

       fastG     100     200     0.54307      0.3391     1377.67     96.8019     1474.47    0.112959

Command terminated by signal 11
	Command being timed: "./lgo nytimes 100 2 12 0.1 1.0 24"
	User time (seconds): 70.09
	System time (seconds): 1.56
	Percent of CPU this job got: 99%
	Elapsed (wall clock) time (h:mm:ss or m:ss): 1:12.32
	Average shared text size (kbytes): 0
	Average unshared data size (kbytes): 0
	Average stack size (kbytes): 0
	Average total size (kbytes): 0
	Maximum resident set size (kbytes): 691436
	Average resident set size (kbytes): 0
	Major (requiring I/O) page faults: 0
	Minor (reclaiming a frame) page faults: 365842
	Voluntary context switches: 138183
	Involuntary context switches: 6272
	Swaps: 0
	File system inputs: 0
	File system outputs: 983240
	Socket messages sent: 0
	Socket messages received: 0
	Signals delivered: 0
	Page size (bytes): 4096
	Exit status: 0
