C++17!
Using LSH-Graph for nytimes ...
c=        1.5
k=        100
L=        1
K=        12
T=        12
lsh_UB=   0
LOADING DATA...
Load from new file: /users/PAS2671/kabir36/kabir/similarity-search/dataset/nytimes/
N=    290000
dim=  256

LOADING TIME: 0.415937s.

LOADING BENMARK...
LOADING TIME: 0.001036s.

mkdir: missing operand
Try 'mkdir --help' for more information.

START HASHING...

SETTING HASH PARAMETER...
SETTING TIME: 6.8e-05s.

COMPUTING HASH...
COMPUTING TIME: 0.112212s.

[1m[31mWARNING:
[31mRanges of hash values is too LARGE. 
Please increase W at least 1times.
[0m[31mOld W=    0.3
New W=    0.33475
Increase  1.11583times.
[0mCONSTRUCTING GRAPH...

0%   10   20   30   40   50   60   70   80   90   100%
|----|----|----|----|----|----|----|----|----|----|
***************************************************
CONSTRUCTING TIME: 48.0622s.

SAVING GRAPH...
SAVING TIME: 0.19099s.

dist=0.963809, cnt=12.848972, unique=1, std=2.337415, Recall=0.025539
cc=304.554565, pruning=0.057532

Loading FastGraph...
*******************************************************************************************************
The result of LSH-G for nytimes is as follow: k=100, probQ = 0.9, L = 1, K = 12, T = 12
******************************************************************************************************
     algName       k      ef        Time      Recall        Cost        CPQ1        CPQ2     Pruning

       fastG     100     200     0.38625      0.1676     1060.22     66.1455     1126.37   0.0821433

Command terminated by signal 11
	Command being timed: "./lgo nytimes 100 1 12 0.1 1.0 12"
	User time (seconds): 47.86
	System time (seconds): 1.23
	Percent of CPU this job got: 98%
	Elapsed (wall clock) time (h:mm:ss or m:ss): 0:49.60
	Average shared text size (kbytes): 0
	Average unshared data size (kbytes): 0
	Average stack size (kbytes): 0
	Average total size (kbytes): 0
	Maximum resident set size (kbytes): 616356
	Average resident set size (kbytes): 0
	Major (requiring I/O) page faults: 0
	Minor (reclaiming a frame) page faults: 301286
	Voluntary context switches: 99732
	Involuntary context switches: 5275
	Swaps: 0
	File system inputs: 0
	File system outputs: 741320
	Socket messages sent: 0
	Socket messages received: 0
	Signals delivered: 0
	Page size (bytes): 4096
	Exit status: 0
