C++17!
Using LSH-Graph for nytimes ...
c=        1.5
k=        100
L=        1
K=        6
T=        24
lsh_UB=   0
LOADING DATA...
Load from new file: /users/PAS2671/kabir36/kabir/similarity-search/dataset/nytimes/
N=    290000
dim=  256

LOADING TIME: 0.420598s.

LOADING BENMARK...
LOADING TIME: 0.000581s.

mkdir: missing operand
Try 'mkdir --help' for more information.

START HASHING...

SETTING HASH PARAMETER...
SETTING TIME: 4.1e-05s.

COMPUTING HASH...
COMPUTING TIME: 0.06811s.

[31mOld W=    0.3
New W=    0.3
Increase  1times.
[0mCONSTRUCTING GRAPH...

0%   10   20   30   40   50   60   70   80   90   100%
|----|----|----|----|----|----|----|----|----|----|
***************************************************
CONSTRUCTING TIME: 89.3057s.

SAVING GRAPH...
SAVING TIME: 0.224181s.

dist=0.988273, cnt=25.856718, unique=1, std=5.166469, Recall=0.059630
cc=557.675537, pruning=0.081036

Loading FastGraph...
*******************************************************************************************************
The result of LSH-G for nytimes is as follow: k=100, probQ = 0.9, L = 1, K = 6, T = 24
******************************************************************************************************
     algName       k      ef        Time      Recall        Cost        CPQ1        CPQ2     Pruning

       fastG     100     200     0.53236      0.2962     1722.68      52.197     1774.88    0.126019

Command terminated by signal 11
	Command being timed: "./lgo nytimes 100 1 6 0.1 1.0 24"
	User time (seconds): 88.73
	System time (seconds): 1.53
	Percent of CPU this job got: 99%
	Elapsed (wall clock) time (h:mm:ss or m:ss): 1:30.96
	Average shared text size (kbytes): 0
	Average unshared data size (kbytes): 0
	Average stack size (kbytes): 0
	Average total size (kbytes): 0
	Maximum resident set size (kbytes): 673416
	Average resident set size (kbytes): 0
	Major (requiring I/O) page faults: 0
	Minor (reclaiming a frame) page faults: 293160
	Voluntary context switches: 139794
	Involuntary context switches: 7718
	Swaps: 0
	File system inputs: 0
	File system outputs: 900840
	Socket messages sent: 0
	Socket messages received: 0
	Signals delivered: 0
	Page size (bytes): 4096
	Exit status: 0
