C++17!
Using LSH-Graph for nytimes ...
c=        1.5
k=        100
L=        2
K=        18
T=        24
lsh_UB=   0
LOADING DATA...
Load from new file: /users/PAS2671/kabir36/kabir/similarity-search/dataset/nytimes/
N=    290000
dim=  256

LOADING TIME: 0.461565s.

LOADING BENMARK...
LOADING TIME: 0.000548s.

mkdir: missing operand
Try 'mkdir --help' for more information.

START HASHING...

SETTING HASH PARAMETER...
SETTING TIME: 0.000178s.

COMPUTING HASH...
COMPUTING TIME: 0.36244s.

[1m[31mWARNING:
[31mRanges of hash values is too LARGE. 
Please increase W at least 1times.
[0m[31mOld W=    0.3
New W=    1.48247
Increase  4.94155times.
[0mCONSTRUCTING GRAPH...

0%   10   20   30   40   50   60   70   80   90   100%
|----|----|----|----|----|----|----|----|----|----|
***************************************************
CONSTRUCTING TIME: 83.1566s.

SAVING GRAPH...
SAVING TIME: 0.385119s.

dist=0.987478, cnt=25.945477, unique=1, std=5.088976, Recall=0.062072
cc=495.732147, pruning=0.099710

Loading FastGraph...
*******************************************************************************************************
The result of LSH-G for nytimes is as follow: k=100, probQ = 0.9, L = 2, K = 18, T = 24
******************************************************************************************************
     algName       k      ef        Time      Recall        Cost        CPQ1        CPQ2     Pruning

       fastG     100     200     0.95534      0.3227     1573.84     163.646     1737.49    0.133069

Command terminated by signal 11
	Command being timed: "./lgo nytimes 100 2 18 0.1 1.0 24"
	User time (seconds): 83.10
	System time (seconds): 1.72
	Percent of CPU this job got: 99%
	Elapsed (wall clock) time (h:mm:ss or m:ss): 1:25.50
	Average shared text size (kbytes): 0
	Average unshared data size (kbytes): 0
	Average stack size (kbytes): 0
	Average total size (kbytes): 0
	Maximum resident set size (kbytes): 691144
	Average resident set size (kbytes): 0
	Major (requiring I/O) page faults: 0
	Minor (reclaiming a frame) page faults: 441050
	Voluntary context switches: 141306
	Involuntary context switches: 7810
	Swaps: 0
	File system inputs: 0
	File system outputs: 1011472
	Socket messages sent: 0
	Socket messages received: 0
	Signals delivered: 0
	Page size (bytes): 4096
	Exit status: 0
