C++17!
Using LSH-Graph for nytimes ...
c=        1.5
k=        100
L=        1
K=        18
T=        24
lsh_UB=   0
LOADING DATA...
Load from new file: /users/PAS2671/kabir36/kabir/similarity-search/dataset/nytimes/
N=    290000
dim=  256

LOADING TIME: 0.419027s.

LOADING BENMARK...
LOADING TIME: 0.000482s.

mkdir: missing operand
Try 'mkdir --help' for more information.

START HASHING...

SETTING HASH PARAMETER...
SETTING TIME: 9.8e-05s.

COMPUTING HASH...
COMPUTING TIME: 0.15967s.

[1m[31mWARNING:
[31mRanges of hash values is too LARGE. 
Please increase W at least 1times.
[0m[31mOld W=    0.3
New W=    1.48247
Increase  4.94155times.
[0mCONSTRUCTING GRAPH...

0%   10   20   30   40   50   60   70   80   90   100%
|----|----|----|----|----|----|----|----|----|----|
***************************************************
CONSTRUCTING TIME: 87.0776s.

SAVING GRAPH...
SAVING TIME: 0.245516s.

dist=0.988294, cnt=26.086052, unique=1, std=5.405636, Recall=0.062905
cc=565.890015, pruning=0.102744

Loading FastGraph...
*******************************************************************************************************
The result of LSH-G for nytimes is as follow: k=100, probQ = 0.9, L = 1, K = 18, T = 24
******************************************************************************************************
     algName       k      ef        Time      Recall        Cost        CPQ1        CPQ2     Pruning

       fastG     100     200     0.54465      0.2862     1628.11     151.063     1779.17    0.139683

Command terminated by signal 11
	Command being timed: "./lgo nytimes 100 1 18 0.1 1.0 24"
	User time (seconds): 86.62
	System time (seconds): 1.57
	Percent of CPU this job got: 99%
	Elapsed (wall clock) time (h:mm:ss or m:ss): 1:29.06
	Average shared text size (kbytes): 0
	Average unshared data size (kbytes): 0
	Average stack size (kbytes): 0
	Average total size (kbytes): 0
	Maximum resident set size (kbytes): 673528
	Average resident set size (kbytes): 0
	Major (requiring I/O) page faults: 0
	Minor (reclaiming a frame) page faults: 296102
	Voluntary context switches: 138466
	Involuntary context switches: 7826
	Swaps: 0
	File system inputs: 0
	File system outputs: 929272
	Socket messages sent: 0
	Socket messages received: 0
	Signals delivered: 0
	Page size (bytes): 4096
	Exit status: 0
