C++17!
Using LSH-Graph for random ...
c=        1.5
k=        20
L=        2
K=        6
T=        24
lsh_UB=   0
LOADING DATA...
Load from new file: /users/PAS2671/kabir36/kabir/similarity-search/dataset/random/
N=    1000000
dim=  100

LOADING TIME: 0.763158s.

LOADING BENMARK...
LOADING TIME: 0.000563s.

mkdir: missing operand
Try 'mkdir --help' for more information.

START HASHING...

SETTING HASH PARAMETER...
SETTING TIME: 3.9e-05s.

COMPUTING HASH...
COMPUTING TIME: 0.406724s.

[31mOld W=    0.3
New W=    0.3
Increase  1times.
[0mCONSTRUCTING GRAPH...

0%   10   20   30   40   50   60   70   80   90   100%
|----|----|----|----|----|----|----|----|----|----|
***************************************************
CONSTRUCTING TIME: 2432.91s.

SAVING GRAPH...
SAVING TIME: 1.18402s.

dist=4.769660, cnt=31.248636, unique=1, std=9.878023, Recall=0.065139
cc=3047.954346, pruning=0.140630

Loading FastGraph...
*******************************************************************************************************
The result of LSH-G for random is as follow: k=20, probQ = 0.9, L = 2, K = 6, T = 24
******************************************************************************************************
     algName       k      ef        Time      Recall        Cost        CPQ1        CPQ2     Pruning

       fastG      20     200     2.08493      0.2115     6193.88     548.826     6742.71    0.307721


******************************************************************************************************
                                                                                    1180-8:9:50
*****************************************************************************************************


	Command being timed: "./lgo random 20 2 6 0.1 1.0 24"
	User time (seconds): 2420.68
	System time (seconds): 9.35
	Percent of CPU this job got: 99%
	Elapsed (wall clock) time (h:mm:ss or m:ss): 40:36.39
	Average shared text size (kbytes): 0
	Average unshared data size (kbytes): 0
	Average stack size (kbytes): 0
	Average total size (kbytes): 0
	Maximum resident set size (kbytes): 1797872
	Average resident set size (kbytes): 0
	Major (requiring I/O) page faults: 0
	Minor (reclaiming a frame) page faults: 3714602
	Voluntary context switches: 834248
	Involuntary context switches: 499785
	Swaps: 0
	File system inputs: 0
	File system outputs: 662552
	Socket messages sent: 0
	Socket messages received: 0
	Signals delivered: 0
	Page size (bytes): 4096
	Exit status: 0
