C++17!
Using LSH-Graph for random ...
c=        1.5
k=        20
L=        1
K=        12
T=        24
lsh_UB=   0
LOADING DATA...
Load from new file: /users/PAS2671/kabir36/kabir/similarity-search/dataset/random/
N=    1000000
dim=  100

LOADING TIME: 0.775695s.

LOADING BENMARK...
LOADING TIME: 0.000425s.

mkdir: missing operand
Try 'mkdir --help' for more information.

START HASHING...

SETTING HASH PARAMETER...
SETTING TIME: 4.1e-05s.

COMPUTING HASH...
COMPUTING TIME: 0.392028s.

[1m[31mWARNING:
[31mRanges of hash values is too LARGE. 
Please increase W at least 1times.
[0m[31mOld W=    0.3
New W=    3.0823
Increase  10.2743times.
[0mCONSTRUCTING GRAPH...

0%   10   20   30   40   50   60   70   80   90   100%
|----|----|----|----|----|----|----|----|----|----|
***************************************************
CONSTRUCTING TIME: 2337.55s.

SAVING GRAPH...
SAVING TIME: 0.969709s.

dist=4.736877, cnt=31.241377, unique=1, std=9.868579, Recall=0.062743
cc=2928.383789, pruning=0.181239

Loading FastGraph...
*******************************************************************************************************
The result of LSH-G for random is as follow: k=20, probQ = 0.9, L = 1, K = 12, T = 24
******************************************************************************************************
     algName       k      ef        Time      Recall        Cost        CPQ1        CPQ2     Pruning

       fastG      20     200     2.54682       0.224     6037.49     1092.99     7130.48    0.329781


******************************************************************************************************
                                                                                    1180-6:3:30
*****************************************************************************************************


	Command being timed: "./lgo random 20 1 12 0.1 1.0 24"
	User time (seconds): 2328.57
	System time (seconds): 6.09
	Percent of CPU this job got: 99%
	Elapsed (wall clock) time (h:mm:ss or m:ss): 39:00.71
	Average shared text size (kbytes): 0
	Average unshared data size (kbytes): 0
	Average stack size (kbytes): 0
	Average total size (kbytes): 0
	Maximum resident set size (kbytes): 1735188
	Average resident set size (kbytes): 0
	Major (requiring I/O) page faults: 0
	Minor (reclaiming a frame) page faults: 1864222
	Voluntary context switches: 523270
	Involuntary context switches: 498374
	Swaps: 0
	File system inputs: 0
	File system outputs: 639008
	Socket messages sent: 0
	Socket messages received: 0
	Signals delivered: 0
	Page size (bytes): 4096
	Exit status: 0
