C++17!
Using LSH-Graph for random ...
c=        1.5
k=        20
L=        1
K=        6
T=        12
lsh_UB=   0
LOADING DATA...
Load from new file: /users/PAS2671/kabir36/kabir/similarity-search/dataset/random/
N=    1000000
dim=  100

LOADING TIME: 8.14532s.

MAKING BENMARK...

0%   10   20   30   40   50   60   70   80   90   100%
|----|----|----|----|----|----|----|----|----|----|
***************************************************
MAKING TIME: 70.4798s.

SAVING BENMARK...
SAVING TIME: 0.002005s.

mkdir: missing operand
Try 'mkdir --help' for more information.

START HASHING...

SETTING HASH PARAMETER...
SETTING TIME: 2.6e-05s.

COMPUTING HASH...
COMPUTING TIME: 0.28459s.

[31mOld W=    0.3
New W=    0.3
Increase  1times.
[0mCONSTRUCTING GRAPH...

0%   10   20   30   40   50   60   70   80   90   100%
|----|----|----|----|----|----|----|----|----|----|
***************************************************
CONSTRUCTING TIME: 1234.69s.

SAVING GRAPH...
SAVING TIME: 0.697799s.

dist=4.744724, cnt=15.482481, unique=1, std=4.907095, Recall=0.035468
cc=1632.416138, pruning=0.112594

Loading FastGraph...
*******************************************************************************************************
The result of LSH-G for random is as follow: k=20, probQ = 0.9, L = 1, K = 6, T = 12
******************************************************************************************************
     algName       k      ef        Time      Recall        Cost        CPQ1        CPQ2     Pruning

       fastG      20     200     1.83671        0.11     3506.89     284.716     3791.61     0.24506


******************************************************************************************************
                                                                                    1180-4:23:22
*****************************************************************************************************


	Command being timed: "./lgo random 20 1 6 0.1 1.0 12"
	User time (seconds): 1298.38
	System time (seconds): 6.25
	Percent of CPU this job got: 99%
	Elapsed (wall clock) time (h:mm:ss or m:ss): 21:55.20
	Average shared text size (kbytes): 0
	Average unshared data size (kbytes): 0
	Average stack size (kbytes): 0
	Average total size (kbytes): 0
	Maximum resident set size (kbytes): 2295924
	Average resident set size (kbytes): 0
	Major (requiring I/O) page faults: 0
	Minor (reclaiming a frame) page faults: 3189630
	Voluntary context switches: 479995
	Involuntary context switches: 289485
	Swaps: 0
	File system inputs: 789224
	File system outputs: 346488
	Socket messages sent: 0
	Socket messages received: 0
	Signals delivered: 0
	Page size (bytes): 4096
	Exit status: 0
