C++17!
Using LSH-Graph for random ...
c=        1.5
k=        20
L=        1
K=        6
T=        24
lsh_UB=   0
LOADING DATA...
Load from new file: /users/PAS2671/kabir36/kabir/similarity-search/dataset/random/
N=    1000000
dim=  100

LOADING TIME: 0.772509s.

LOADING BENMARK...
LOADING TIME: 0.000488s.

mkdir: missing operand
Try 'mkdir --help' for more information.

START HASHING...

SETTING HASH PARAMETER...
SETTING TIME: 2.7e-05s.

COMPUTING HASH...
COMPUTING TIME: 0.205565s.

[31mOld W=    0.3
New W=    0.3
Increase  1times.
[0mCONSTRUCTING GRAPH...

0%   10   20   30   40   50   60   70   80   90   100%
|----|----|----|----|----|----|----|----|----|----|
***************************************************
CONSTRUCTING TIME: 2445.51s.

SAVING GRAPH...
SAVING TIME: 0.929923s.

dist=4.706692, cnt=31.230272, unique=1, std=9.865801, Recall=0.061231
cc=3037.403076, pruning=0.138292

Loading FastGraph...
*******************************************************************************************************
The result of LSH-G for random is as follow: k=20, probQ = 0.9, L = 1, K = 6, T = 24
******************************************************************************************************
     algName       k      ef        Time      Recall        Cost        CPQ1        CPQ2     Pruning

       fastG      20     200     3.26105       0.219     6084.18     527.817        6612    0.300423


******************************************************************************************************
                                                                                    1180-5:4:11
*****************************************************************************************************


	Command being timed: "./lgo random 20 1 6 0.1 1.0 24"
	User time (seconds): 2435.59
	System time (seconds): 6.64
	Percent of CPU this job got: 99%
	Elapsed (wall clock) time (h:mm:ss or m:ss): 40:48.46
	Average shared text size (kbytes): 0
	Average unshared data size (kbytes): 0
	Average stack size (kbytes): 0
	Average total size (kbytes): 0
	Maximum resident set size (kbytes): 1559804
	Average resident set size (kbytes): 0
	Major (requiring I/O) page faults: 0
	Minor (reclaiming a frame) page faults: 2865194
	Voluntary context switches: 504266
	Involuntary context switches: 516472
	Swaps: 0
	File system inputs: 0
	File system outputs: 591944
	Socket messages sent: 0
	Socket messages received: 0
	Signals delivered: 0
	Page size (bytes): 4096
	Exit status: 0
