C++17!
Using LSH-Graph for random ...
c=        1.5
k=        20
L=        2
K=        18
T=        12
lsh_UB=   0
LOADING DATA...
Load from new file: /users/PAS2671/kabir36/kabir/similarity-search/dataset/random/
N=    1000000
dim=  100

LOADING TIME: 0.796645s.

LOADING BENMARK...
LOADING TIME: 0.000473s.

mkdir: missing operand
Try 'mkdir --help' for more information.

START HASHING...

SETTING HASH PARAMETER...
SETTING TIME: 9e-05s.

COMPUTING HASH...
COMPUTING TIME: 1.3489s.

[1m[31mWARNING:
[31mRanges of hash values is too LARGE. 
Please increase W at least 1times.
[0m[31mOld W=    0.3
New W=    13.6502
Increase  45.5007times.
[0mCONSTRUCTING GRAPH...

0%   10   20   30   40   50   60   70   80   90   100%
|----|----|----|----|----|----|----|----|----|----|
***************************************************
CONSTRUCTING TIME: 1414.51s.

SAVING GRAPH...
SAVING TIME: 1.16598s.

dist=4.760931, cnt=15.494607, unique=1, std=4.904248, Recall=0.037177
cc=1586.204102, pruning=0.152787

Loading FastGraph...
*******************************************************************************************************
The result of LSH-G for random is as follow: k=20, probQ = 0.9, L = 2, K = 18, T = 12
******************************************************************************************************
     algName       k      ef        Time      Recall        Cost        CPQ1        CPQ2     Pruning

       fastG      20     200     1.44798       0.116     3562.34     889.829     4452.17    0.249005


******************************************************************************************************
                                                                                    1180-9:37:11
*****************************************************************************************************


	Command being timed: "./lgo random 20 2 18 0.1 1.0 12"
	User time (seconds): 1404.77
	System time (seconds): 10.78
	Percent of CPU this job got: 99%
	Elapsed (wall clock) time (h:mm:ss or m:ss): 23:39.31
	Average shared text size (kbytes): 0
	Average unshared data size (kbytes): 0
	Average stack size (kbytes): 0
	Average total size (kbytes): 0
	Maximum resident set size (kbytes): 1691760
	Average resident set size (kbytes): 0
	Major (requiring I/O) page faults: 0
	Minor (reclaiming a frame) page faults: 4510553
	Voluntary context switches: 943195
	Involuntary context switches: 304661
	Swaps: 0
	File system inputs: 0
	File system outputs: 603912
	Socket messages sent: 0
	Socket messages received: 0
	Signals delivered: 0
	Page size (bytes): 4096
	Exit status: 0
