C++17!
Using LSH-Graph for random ...
c=        1.5
k=        20
L=        2
K=        12
T=        12
lsh_UB=   0
LOADING DATA...
Load from new file: /users/PAS2671/kabir36/kabir/similarity-search/dataset/random/
N=    1000000
dim=  100

LOADING TIME: 0.761832s.

LOADING BENMARK...
LOADING TIME: 0.000465s.

mkdir: missing operand
Try 'mkdir --help' for more information.

START HASHING...

SETTING HASH PARAMETER...
SETTING TIME: 6.6e-05s.

COMPUTING HASH...
COMPUTING TIME: 0.815019s.

[1m[31mWARNING:
[31mRanges of hash values is too LARGE. 
Please increase W at least 1times.
[0m[31mOld W=    0.3
New W=    3.0823
Increase  10.2743times.
[0mCONSTRUCTING GRAPH...

0%   10   20   30   40   50   60   70   80   90   100%
|----|----|----|----|----|----|----|----|----|----|
***************************************************
CONSTRUCTING TIME: 1286.73s.

SAVING GRAPH...
SAVING TIME: 1.07879s.

dist=4.695918, cnt=15.501053, unique=1, std=4.912660, Recall=0.036783
cc=1598.807007, pruning=0.141868

Loading FastGraph...
*******************************************************************************************************
The result of LSH-G for random is as follow: k=20, probQ = 0.9, L = 2, K = 12, T = 12
******************************************************************************************************
     algName       k      ef        Time      Recall        Cost        CPQ1        CPQ2     Pruning

       fastG      20     200     1.31672       0.107     3498.01     586.546     4084.56    0.253819


******************************************************************************************************
                                                                                    1180-8:31:21
*****************************************************************************************************


	Command being timed: "./lgo random 20 2 12 0.1 1.0 12"
	User time (seconds): 1277.96
	System time (seconds): 9.20
	Percent of CPU this job got: 99%
	Elapsed (wall clock) time (h:mm:ss or m:ss): 21:30.61
	Average shared text size (kbytes): 0
	Average unshared data size (kbytes): 0
	Average stack size (kbytes): 0
	Average total size (kbytes): 0
	Maximum resident set size (kbytes): 1609820
	Average resident set size (kbytes): 0
	Major (requiring I/O) page faults: 0
	Minor (reclaiming a frame) page faults: 4005808
	Voluntary context switches: 868387
	Involuntary context switches: 277631
	Swaps: 0
	File system inputs: 0
	File system outputs: 510264
	Socket messages sent: 0
	Socket messages received: 0
	Signals delivered: 0
	Page size (bytes): 4096
	Exit status: 0
