C++17!
Using LSH-Graph for random ...
c=        1.5
k=        20
L=        1
K=        18
T=        12
lsh_UB=   0
LOADING DATA...
Load from new file: /users/PAS2671/kabir36/kabir/similarity-search/dataset/random/
N=    1000000
dim=  100

LOADING TIME: 0.762304s.

LOADING BENMARK...
LOADING TIME: 0.000511s.

mkdir: missing operand
Try 'mkdir --help' for more information.

START HASHING...

SETTING HASH PARAMETER...
SETTING TIME: 5.4e-05s.

COMPUTING HASH...
COMPUTING TIME: 0.575126s.

[1m[31mWARNING:
[31mRanges of hash values is too LARGE. 
Please increase W at least 1times.
[0m[31mOld W=    0.3
New W=    13.6502
Increase  45.5007times.
[0mCONSTRUCTING GRAPH...

0%   10   20   30   40   50   60   70   80   90   100%
|----|----|----|----|----|----|----|----|----|----|
***************************************************
CONSTRUCTING TIME: 1322.07s.

SAVING GRAPH...
SAVING TIME: 0.826441s.

dist=4.722361, cnt=15.493579, unique=1, std=4.908182, Recall=0.038187
cc=1572.734985, pruning=0.153152

Loading FastGraph...
*******************************************************************************************************
The result of LSH-G for random is as follow: k=20, probQ = 0.9, L = 1, K = 18, T = 12
******************************************************************************************************
     algName       k      ef        Time      Recall        Cost        CPQ1        CPQ2     Pruning

       fastG      20     200      2.5415       0.117     3528.18     869.712     4397.89    0.254358


******************************************************************************************************
                                                                                    1180-6:25:35
*****************************************************************************************************


	Command being timed: "./lgo random 20 1 18 0.1 1.0 12"
	User time (seconds): 1314.57
	System time (seconds): 6.74
	Percent of CPU this job got: 99%
	Elapsed (wall clock) time (h:mm:ss or m:ss): 22:05.27
	Average shared text size (kbytes): 0
	Average unshared data size (kbytes): 0
	Average stack size (kbytes): 0
	Average total size (kbytes): 0
	Maximum resident set size (kbytes): 1531036
	Average resident set size (kbytes): 0
	Major (requiring I/O) page faults: 0
	Minor (reclaiming a frame) page faults: 2949406
	Voluntary context switches: 543205
	Involuntary context switches: 299837
	Swaps: 0
	File system inputs: 0
	File system outputs: 439800
	Socket messages sent: 0
	Socket messages received: 0
	Signals delivered: 0
	Page size (bytes): 4096
	Exit status: 0
