C++17!
Using LSH-Graph for random ...
c=        1.5
k=        20
L=        2
K=        18
T=        24
lsh_UB=   0
LOADING DATA...
Load from new file: /users/PAS2671/kabir36/kabir/similarity-search/dataset/random/
N=    1000000
dim=  100

LOADING TIME: 0.82486s.

LOADING BENMARK...
LOADING TIME: 0.000459s.

mkdir: missing operand
Try 'mkdir --help' for more information.

START HASHING...

SETTING HASH PARAMETER...
SETTING TIME: 9.2e-05s.

COMPUTING HASH...
COMPUTING TIME: 1.35077s.

[1m[31mWARNING:
[31mRanges of hash values is too LARGE. 
Please increase W at least 1times.
[0m[31mOld W=    0.3
New W=    13.6502
Increase  45.5007times.
[0mCONSTRUCTING GRAPH...

0%   10   20   30   40   50   60   70   80   90   100%
|----|----|----|----|----|----|----|----|----|----|
***************************************************
CONSTRUCTING TIME: 2782.08s.

SAVING GRAPH...
SAVING TIME: 1.39582s.

dist=4.773061, cnt=31.254469, unique=1, std=9.873923, Recall=0.061610
cc=2890.023682, pruning=0.201505

Loading FastGraph...
*******************************************************************************************************
The result of LSH-G for random is as follow: k=20, probQ = 0.9, L = 2, K = 18, T = 24
******************************************************************************************************
     algName       k      ef        Time      Recall        Cost        CPQ1        CPQ2     Pruning

       fastG      20     200      3.5844      0.2185     6090.07     1671.12     7761.19    0.329584


******************************************************************************************************
                                                                                    1180-10:23:39
*****************************************************************************************************


	Command being timed: "./lgo random 20 2 18 0.1 1.0 24"
	User time (seconds): 2767.19
	System time (seconds): 12.98
	Percent of CPU this job got: 99%
	Elapsed (wall clock) time (h:mm:ss or m:ss): 46:27.40
	Average shared text size (kbytes): 0
	Average unshared data size (kbytes): 0
	Average stack size (kbytes): 0
	Average total size (kbytes): 0
	Maximum resident set size (kbytes): 1797340
	Average resident set size (kbytes): 0
	Major (requiring I/O) page faults: 0
	Minor (reclaiming a frame) page faults: 5262801
	Voluntary context switches: 865531
	Involuntary context switches: 550712
	Swaps: 0
	File system inputs: 0
	File system outputs: 850160
	Socket messages sent: 0
	Socket messages received: 0
	Signals delivered: 0
	Page size (bytes): 4096
	Exit status: 0
