C++17!
Using LSH-Graph for sald1m ...
c=        1.5
k=        100
L=        2
K=        18
T=        24
lsh_UB=   0
LOADING DATA...
Load from new file: /users/PAS2671/kabir36/kabir/similarity-search/dataset/sald1m/
N=    1000000
dim=  128

LOADING TIME: 0.84036s.

LOADING BENMARK...
LOADING TIME: 0.000562s.

mkdir: missing operand
Try 'mkdir --help' for more information.

START HASHING...

SETTING HASH PARAMETER...
SETTING TIME: 0.000105s.

COMPUTING HASH...
COMPUTING TIME: 0.952363s.

[1m[31mWARNING:
[31mRanges of hash values is too LARGE. 
Please increase W at least 1times.
[0m[31mOld W=    0.3
New W=    16.4137
Increase  54.7122times.
[0mCONSTRUCTING GRAPH...

0%   10   20   30   40   50   60   70   80   90   100%
|----|----|----|----|----|----|----|----|----|----|
***************************************************
CONSTRUCTING TIME: 626.178s.

SAVING GRAPH...
SAVING TIME: 1.28588s.

dist=12.532806, cnt=35.967827, unique=1, std=9.861739, Recall=0.000000
cc=750.729614, pruning=0.292941

Loading FastGraph...
*******************************************************************************************************
The result of LSH-G for sald1m is as follow: k=100, probQ = 0.9, L = 2, K = 18, T = 24
******************************************************************************************************
     algName       k      ef        Time      Recall        Cost        CPQ1        CPQ2     Pruning

       fastG     100     200      1.1962      0.8939      1585.4     352.414     1937.81    0.295395

Command terminated by signal 11
	Command being timed: "./lgo sald1m 100 2 18 0.1 1.0 24"
	User time (seconds): 622.73
	System time (seconds): 7.11
	Percent of CPU this job got: 99%
	Elapsed (wall clock) time (h:mm:ss or m:ss): 10:33.40
	Average shared text size (kbytes): 0
	Average unshared data size (kbytes): 0
	Average stack size (kbytes): 0
	Average total size (kbytes): 0
	Maximum resident set size (kbytes): 2005024
	Average resident set size (kbytes): 0
	Major (requiring I/O) page faults: 0
	Minor (reclaiming a frame) page faults: 2645141
	Voluntary context switches: 636802
	Involuntary context switches: 147125
	Swaps: 0
	File system inputs: 0
	File system outputs: 3898384
	Socket messages sent: 0
	Socket messages received: 0
	Signals delivered: 0
	Page size (bytes): 4096
	Exit status: 0
