C++17!
Using LSH-Graph for sald1m ...
c=        1.5
k=        100
L=        1
K=        6
T=        24
lsh_UB=   0
LOADING DATA...
Load from new file: /users/PAS2671/kabir36/kabir/similarity-search/dataset/sald1m/
N=    1000000
dim=  128

LOADING TIME: 1.21138s.

LOADING BENMARK...
LOADING TIME: 0.020757s.

mkdir: missing operand
Try 'mkdir --help' for more information.

START HASHING...

SETTING HASH PARAMETER...
SETTING TIME: 3e-05s.

COMPUTING HASH...
COMPUTING TIME: 0.167256s.

[31mOld W=    0.3
New W=    0.3
Increase  1times.
[0mCONSTRUCTING GRAPH...

0%   10   20   30   40   50   60   70   80   90   100%
|----|----|----|----|----|----|----|----|----|----|
***************************************************
CONSTRUCTING TIME: 614.28s.

SAVING GRAPH...
SAVING TIME: 0.92591s.

dist=12.524329, cnt=35.955566, unique=1, std=9.860766, Recall=0.000000
cc=871.487915, pruning=0.173963

Loading FastGraph...
*******************************************************************************************************
The result of LSH-G for sald1m is as follow: k=100, probQ = 0.9, L = 1, K = 6, T = 24
******************************************************************************************************
     algName       k      ef        Time      Recall        Cost        CPQ1        CPQ2     Pruning

       fastG     100     200     0.70698      0.8705     1719.51     107.812     1827.32    0.208321

Command terminated by signal 11
	Command being timed: "./lgo sald1m 100 1 6 0.1 1.0 24"
	User time (seconds): 611.18
	System time (seconds): 5.11
	Percent of CPU this job got: 99%
	Elapsed (wall clock) time (h:mm:ss or m:ss): 10:19.39
	Average shared text size (kbytes): 0
	Average unshared data size (kbytes): 0
	Average stack size (kbytes): 0
	Average total size (kbytes): 0
	Maximum resident set size (kbytes): 1750184
	Average resident set size (kbytes): 0
	Major (requiring I/O) page faults: 1
	Minor (reclaiming a frame) page faults: 1691504
	Voluntary context switches: 396395
	Involuntary context switches: 142917
	Swaps: 0
	File system inputs: 62416
	File system outputs: 3130112
	Socket messages sent: 0
	Socket messages received: 0
	Signals delivered: 0
	Page size (bytes): 4096
	Exit status: 0
