C++17!
Using LSH-Graph for sald1m ...
c=        1.5
k=        100
L=        1
K=        18
T=        24
lsh_UB=   0
LOADING DATA...
Load from new file: /users/PAS2671/kabir36/kabir/similarity-search/dataset/sald1m/
N=    1000000
dim=  128

LOADING TIME: 0.817956s.

LOADING BENMARK...
LOADING TIME: 0.0005s.

mkdir: missing operand
Try 'mkdir --help' for more information.

START HASHING...

SETTING HASH PARAMETER...
SETTING TIME: 6e-05s.

COMPUTING HASH...
COMPUTING TIME: 0.470659s.

[1m[31mWARNING:
[31mRanges of hash values is too LARGE. 
Please increase W at least 1times.
[0m[31mOld W=    0.3
New W=    15.9503
Increase  53.1677times.
[0mCONSTRUCTING GRAPH...

0%   10   20   30   40   50   60   70   80   90   100%
|----|----|----|----|----|----|----|----|----|----|
***************************************************
CONSTRUCTING TIME: 609.846s.

SAVING GRAPH...
SAVING TIME: 1.04114s.

dist=12.538430, cnt=35.956631, unique=1, std=9.861516, Recall=0.000000
cc=766.929016, pruning=0.288544

Loading FastGraph...
*******************************************************************************************************
The result of LSH-G for sald1m is as follow: k=100, probQ = 0.9, L = 1, K = 18, T = 24
******************************************************************************************************
     algName       k      ef        Time      Recall        Cost        CPQ1        CPQ2     Pruning

       fastG     100     200     0.55604      0.9128     1556.59     334.121     1890.71    0.307557

Command terminated by signal 11
	Command being timed: "./lgo sald1m 100 1 18 0.1 1.0 24"
	User time (seconds): 606.28
	System time (seconds): 5.80
	Percent of CPU this job got: 99%
	Elapsed (wall clock) time (h:mm:ss or m:ss): 10:15.31
	Average shared text size (kbytes): 0
	Average unshared data size (kbytes): 0
	Average stack size (kbytes): 0
	Average total size (kbytes): 0
	Maximum resident set size (kbytes): 1750100
	Average resident set size (kbytes): 0
	Major (requiring I/O) page faults: 0
	Minor (reclaiming a frame) page faults: 2788294
	Voluntary context switches: 386431
	Involuntary context switches: 141991
	Swaps: 0
	File system inputs: 0
	File system outputs: 3223160
	Socket messages sent: 0
	Socket messages received: 0
	Signals delivered: 0
	Page size (bytes): 4096
	Exit status: 0
