C++17!
Using LSH-Graph for sald1m ...
c=        1.5
k=        100
L=        2
K=        6
T=        24
lsh_UB=   0
LOADING DATA...
Load from new file: /users/PAS2671/kabir36/kabir/similarity-search/dataset/sald1m/
N=    1000000
dim=  128

LOADING TIME: 0.854568s.

LOADING BENMARK...
LOADING TIME: 0.000492s.

mkdir: missing operand
Try 'mkdir --help' for more information.

START HASHING...

SETTING HASH PARAMETER...
SETTING TIME: 4.5e-05s.

COMPUTING HASH...
COMPUTING TIME: 0.314482s.

[31mOld W=    0.3
New W=    0.3
Increase  1times.
[0mCONSTRUCTING GRAPH...

0%   10   20   30   40   50   60   70   80   90   100%
|----|----|----|----|----|----|----|----|----|----|
***************************************************
CONSTRUCTING TIME: 632.226s.

SAVING GRAPH...
SAVING TIME: 1.15305s.

dist=12.516163, cnt=35.951336, unique=1, std=9.861108, Recall=0.000000
cc=854.238037, pruning=0.177598

Loading FastGraph...
*******************************************************************************************************
The result of LSH-G for sald1m is as follow: k=100, probQ = 0.9, L = 2, K = 6, T = 24
******************************************************************************************************
     algName       k      ef        Time      Recall        Cost        CPQ1        CPQ2     Pruning

       fastG     100     200     0.76393      0.9106     1755.74     115.251     1870.99    0.202912

Command terminated by signal 11
	Command being timed: "./lgo sald1m 100 2 6 0.1 1.0 24"
	User time (seconds): 627.74
	System time (seconds): 6.85
	Percent of CPU this job got: 99%
	Elapsed (wall clock) time (h:mm:ss or m:ss): 10:38.09
	Average shared text size (kbytes): 0
	Average unshared data size (kbytes): 0
	Average stack size (kbytes): 0
	Average total size (kbytes): 0
	Maximum resident set size (kbytes): 1814684
	Average resident set size (kbytes): 0
	Major (requiring I/O) page faults: 0
	Minor (reclaiming a frame) page faults: 2733455
	Voluntary context switches: 654631
	Involuntary context switches: 147892
	Swaps: 0
	File system inputs: 0
	File system outputs: 3328832
	Socket messages sent: 0
	Socket messages received: 0
	Signals delivered: 0
	Page size (bytes): 4096
	Exit status: 0
