C++17!
Using LSH-Graph for sald1m ...
c=        1.5
k=        100
L=        1
K=        6
T=        12
lsh_UB=   0
LOADING DATA...
Load from new file: /users/PAS2671/kabir36/kabir/similarity-search/dataset/sald1m/
N=    1000000
dim=  128

LOADING TIME: 10.6071s.

MAKING BENMARK...

0%   10   20   30   40   50   60   70   80   90   100%
|----|----|----|----|----|----|----|----|----|----|
***************************************************
MAKING TIME: 64.5383s.

SAVING BENMARK...
SAVING TIME: 0.003753s.

mkdir: missing operand
Try 'mkdir --help' for more information.

START HASHING...

SETTING HASH PARAMETER...
SETTING TIME: 2.8e-05s.

COMPUTING HASH...
COMPUTING TIME: 0.15938s.

[31mOld W=    0.3
New W=    0.3
Increase  1times.
[0mCONSTRUCTING GRAPH...

0%   10   20   30   40   50   60   70   80   90   100%
|----|----|----|----|----|----|----|----|----|----|
***************************************************
CONSTRUCTING TIME: 375.689s.

SAVING GRAPH...
SAVING TIME: 0.6423s.

dist=12.534776, cnt=17.937792, unique=1, std=4.990989, Recall=0.000000
cc=564.228394, pruning=0.125994

Loading FastGraph...
*******************************************************************************************************
The result of LSH-G for sald1m is as follow: k=100, probQ = 0.9, L = 1, K = 6, T = 12
******************************************************************************************************
     algName       k      ef        Time      Recall        Cost        CPQ1        CPQ2     Pruning

       fastG     100     200     0.43762      0.8235     1209.31      72.216     1281.53    0.143917

Command terminated by signal 11
	Command being timed: "./lgo sald1m 100 1 6 0.1 1.0 12"
	User time (seconds): 438.64
	System time (seconds): 4.92
	Percent of CPU this job got: 97%
	Elapsed (wall clock) time (h:mm:ss or m:ss): 7:36.16
	Average shared text size (kbytes): 0
	Average unshared data size (kbytes): 0
	Average stack size (kbytes): 0
	Average total size (kbytes): 0
	Maximum resident set size (kbytes): 2507052
	Average resident set size (kbytes): 0
	Major (requiring I/O) page faults: 1
	Minor (reclaiming a frame) page faults: 1462682
	Voluntary context switches: 312719
	Involuntary context switches: 107067
	Swaps: 0
	File system inputs: 1008680
	File system outputs: 4383912
	Socket messages sent: 0
	Socket messages received: 0
	Signals delivered: 0
	Page size (bytes): 4096
	Exit status: 0
