C++17!
Using LSH-Graph for sald1m ...
c=        1.5
k=        100
L=        2
K=        12
T=        24
lsh_UB=   0
LOADING DATA...
Load from new file: /users/PAS2671/kabir36/kabir/similarity-search/dataset/sald1m/
N=    1000000
dim=  128

LOADING TIME: 0.828641s.

LOADING BENMARK...
LOADING TIME: 0.000624s.

mkdir: missing operand
Try 'mkdir --help' for more information.

START HASHING...

SETTING HASH PARAMETER...
SETTING TIME: 7.3e-05s.

COMPUTING HASH...
COMPUTING TIME: 0.613281s.

[1m[31mWARNING:
[31mRanges of hash values is too LARGE. 
Please increase W at least 1times.
[0m[31mOld W=    0.3
New W=    3.60168
Increase  12.0056times.
[0mCONSTRUCTING GRAPH...

0%   10   20   30   40   50   60   70   80   90   100%
|----|----|----|----|----|----|----|----|----|----|
***************************************************
CONSTRUCTING TIME: 605.366s.

SAVING GRAPH...
SAVING TIME: 1.22223s.

dist=12.544050, cnt=35.959122, unique=1, std=9.862298, Recall=0.000000
cc=775.067932, pruning=0.255246

Loading FastGraph...
*******************************************************************************************************
The result of LSH-G for sald1m is as follow: k=100, probQ = 0.9, L = 2, K = 12, T = 24
******************************************************************************************************
     algName       k      ef        Time      Recall        Cost        CPQ1        CPQ2     Pruning

       fastG     100     200     1.15804      0.9104     1631.79     234.402     1866.19    0.272915

Command terminated by signal 11
	Command being timed: "./lgo sald1m 100 2 12 0.1 1.0 24"
	User time (seconds): 601.67
	System time (seconds): 6.64
	Percent of CPU this job got: 99%
	Elapsed (wall clock) time (h:mm:ss or m:ss): 10:11.68
	Average shared text size (kbytes): 0
	Average unshared data size (kbytes): 0
	Average stack size (kbytes): 0
	Average total size (kbytes): 0
	Maximum resident set size (kbytes): 1814416
	Average resident set size (kbytes): 0
	Major (requiring I/O) page faults: 0
	Minor (reclaiming a frame) page faults: 2662955
	Voluntary context switches: 635211
	Involuntary context switches: 142239
	Swaps: 0
	File system inputs: 0
	File system outputs: 3422224
	Socket messages sent: 0
	Socket messages received: 0
	Signals delivered: 0
	Page size (bytes): 4096
	Exit status: 0
