C++17!
Using LSH-Graph for sift ...
c=        1.5
k=        100
L=        2
K=        6
T=        12
lsh_UB=   0
LOADING DATA...
Load from new file: /users/PAS2671/kabir36/kabir/similarity-search/dataset/sift/
N=    1000000
dim=  128

LOADING TIME: 0.825867s.

LOADING BENMARK...
LOADING TIME: 0.000526s.

mkdir: missing operand
Try 'mkdir --help' for more information.

START HASHING...

SETTING HASH PARAMETER...
SETTING TIME: 4.2e-05s.

COMPUTING HASH...
COMPUTING TIME: 0.25765s.

[1m[31mWARNING:
[31mRanges of hash values is too LARGE. 
Please increase W at least 1times.
[0m[31mOld W=    0.3
New W=    4.05255
Increase  13.5085times.
[0mCONSTRUCTING GRAPH...

0%   10   20   30   40   50   60   70   80   90   100%
|----|----|----|----|----|----|----|----|----|----|
***************************************************
CONSTRUCTING TIME: 537.336s.

SAVING GRAPH...
SAVING TIME: 0.956694s.

dist=202.648224, cnt=18.169676, unique=1, std=4.709855, Recall=0.000000
cc=796.407471, pruning=0.191041

Loading FastGraph...
*******************************************************************************************************
The result of LSH-G for sift is as follow: k=100, probQ = 0.9, L = 2, K = 6, T = 12
******************************************************************************************************
     algName       k      ef        Time      Recall        Cost        CPQ1        CPQ2     Pruning

       fastG     100     200     0.88928      0.8909     1842.34     128.429     1970.77    0.258264


******************************************************************************************************
                                                                                    1180-5:23:18
*****************************************************************************************************


	Command being timed: "./lgo sift 100 2 6 0.1 1.0 12"
	User time (seconds): 534.75
	System time (seconds): 3.99
	Percent of CPU this job got: 99%
	Elapsed (wall clock) time (h:mm:ss or m:ss): 9:00.29
	Average shared text size (kbytes): 0
	Average unshared data size (kbytes): 0
	Average stack size (kbytes): 0
	Average total size (kbytes): 0
	Maximum resident set size (kbytes): 1819300
	Average resident set size (kbytes): 0
	Major (requiring I/O) page faults: 0
	Minor (reclaiming a frame) page faults: 1854523
	Voluntary context switches: 522802
	Involuntary context switches: 127986
	Swaps: 0
	File system inputs: 0
	File system outputs: 458168
	Socket messages sent: 0
	Socket messages received: 0
	Signals delivered: 0
	Page size (bytes): 4096
	Exit status: 0
