C++17!
Using LSH-Graph for sift ...
c=        1.5
k=        100
L=        2
K=        6
T=        24
lsh_UB=   0
LOADING DATA...
Load from new file: /users/PAS2671/kabir36/kabir/similarity-search/dataset/sift/
N=    1000000
dim=  128

LOADING TIME: 0.827194s.

LOADING BENMARK...
LOADING TIME: 0.000492s.

mkdir: missing operand
Try 'mkdir --help' for more information.

START HASHING...

SETTING HASH PARAMETER...
SETTING TIME: 4.2e-05s.

COMPUTING HASH...
COMPUTING TIME: 0.256504s.

[1m[31mWARNING:
[31mRanges of hash values is too LARGE. 
Please increase W at least 1times.
[0m[31mOld W=    0.3
New W=    4.05255
Increase  13.5085times.
[0mCONSTRUCTING GRAPH...

0%   10   20   30   40   50   60   70   80   90   100%
|----|----|----|----|----|----|----|----|----|----|
***************************************************
CONSTRUCTING TIME: 930.636s.

SAVING GRAPH...
SAVING TIME: 1.11018s.

dist=208.642151, cnt=36.534969, unique=1, std=9.265399, Recall=0.000133
cc=1309.982788, pruning=0.250430

Loading FastGraph...
*******************************************************************************************************
The result of LSH-G for sift is as follow: k=100, probQ = 0.9, L = 2, K = 6, T = 24
******************************************************************************************************
     algName       k      ef        Time      Recall        Cost        CPQ1        CPQ2     Pruning

       fastG     100     200     1.03627      0.9391     2823.26     214.383     3037.64    0.346089


******************************************************************************************************
                                                                                    1180-5:38:51
*****************************************************************************************************


	Command being timed: "./lgo sift 100 2 6 0.1 1.0 24"
	User time (seconds): 924.66
	System time (seconds): 6.56
	Percent of CPU this job got: 99%
	Elapsed (wall clock) time (h:mm:ss or m:ss): 15:33.81
	Average shared text size (kbytes): 0
	Average unshared data size (kbytes): 0
	Average stack size (kbytes): 0
	Average total size (kbytes): 0
	Maximum resident set size (kbytes): 1824572
	Average resident set size (kbytes): 0
	Major (requiring I/O) page faults: 0
	Minor (reclaiming a frame) page faults: 3272481
	Voluntary context switches: 704888
	Involuntary context switches: 209559
	Swaps: 0
	File system inputs: 0
	File system outputs: 745152
	Socket messages sent: 0
	Socket messages received: 0
	Signals delivered: 0
	Page size (bytes): 4096
	Exit status: 0
