C++17!
Using LSH-Graph for sift ...
c=        1.5
k=        100
L=        2
K=        12
T=        12
lsh_UB=   0
LOADING DATA...
Load from new file: /users/PAS2671/kabir36/kabir/similarity-search/dataset/sift/
N=    1000000
dim=  128

LOADING TIME: 0.830298s.

LOADING BENMARK...
LOADING TIME: 0.000577s.

mkdir: missing operand
Try 'mkdir --help' for more information.

START HASHING...

SETTING HASH PARAMETER...
SETTING TIME: 7.1e-05s.

COMPUTING HASH...
COMPUTING TIME: 0.543695s.

[1m[31mWARNING:
[31mRanges of hash values is too LARGE. 
Please increase W at least 1times.
[0m[31mOld W=    0.3
New W=    133.734
Increase  445.781times.
[0mCONSTRUCTING GRAPH...

0%   10   20   30   40   50   60   70   80   90   100%
|----|----|----|----|----|----|----|----|----|----|
***************************************************
CONSTRUCTING TIME: 536.633s.

SAVING GRAPH...
SAVING TIME: 0.995823s.

dist=201.161545, cnt=18.175730, unique=1, std=4.708854, Recall=0.000000
cc=753.329712, pruning=0.244732

Loading FastGraph...
*******************************************************************************************************
The result of LSH-G for sift is as follow: k=100, probQ = 0.9, L = 2, K = 12, T = 12
******************************************************************************************************
     algName       k      ef        Time      Recall        Cost        CPQ1        CPQ2     Pruning

       fastG     100     200     1.04949      0.9081      1776.6     261.449     2038.05    0.298559


******************************************************************************************************
                                                                                    1180-5:47:52
*****************************************************************************************************


	Command being timed: "./lgo sift 100 2 12 0.1 1.0 12"
	User time (seconds): 534.28
	System time (seconds): 4.19
	Percent of CPU this job got: 99%
	Elapsed (wall clock) time (h:mm:ss or m:ss): 9:00.04
	Average shared text size (kbytes): 0
	Average unshared data size (kbytes): 0
	Average stack size (kbytes): 0
	Average total size (kbytes): 0
	Maximum resident set size (kbytes): 1819420
	Average resident set size (kbytes): 0
	Major (requiring I/O) page faults: 0
	Minor (reclaiming a frame) page faults: 1906491
	Voluntary context switches: 539259
	Involuntary context switches: 127832
	Swaps: 0
	File system inputs: 0
	File system outputs: 552008
	Socket messages sent: 0
	Socket messages received: 0
	Signals delivered: 0
	Page size (bytes): 4096
	Exit status: 0
