C++17!
Using LSH-Graph for sift ...
c=        1.5
k=        100
L=        2
K=        18
T=        24
lsh_UB=   0
LOADING DATA...
Load from new file: /users/PAS2671/kabir36/kabir/similarity-search/dataset/sift/
N=    1000000
dim=  128

LOADING TIME: 0.829267s.

LOADING BENMARK...
LOADING TIME: 0.000518s.

mkdir: missing operand
Try 'mkdir --help' for more information.

START HASHING...

SETTING HASH PARAMETER...
SETTING TIME: 0.0001s.

COMPUTING HASH...
COMPUTING TIME: 0.825918s.

[1m[31mWARNING:
[31mRanges of hash values is too LARGE. 
Please increase W at least 1times.
[0m[31mOld W=    0.3
New W=    592.251
Increase  1974.17times.
[0mCONSTRUCTING GRAPH...

0%   10   20   30   40   50   60   70   80   90   100%
|----|----|----|----|----|----|----|----|----|----|
***************************************************
CONSTRUCTING TIME: 925.164s.

SAVING GRAPH...
SAVING TIME: 1.21704s.

dist=208.109604, cnt=36.554382, unique=1, std=9.262820, Recall=0.000272
cc=1164.491821, pruning=0.392156

Loading FastGraph...
*******************************************************************************************************
The result of LSH-G for sift is as follow: k=100, probQ = 0.9, L = 2, K = 18, T = 24
******************************************************************************************************
     algName       k      ef        Time      Recall        Cost        CPQ1        CPQ2     Pruning

       fastG     100     200     2.11756      0.9578     2470.41     775.631     3246.04    0.530305


******************************************************************************************************
                                                                                    1180-6:27:47
*****************************************************************************************************


	Command being timed: "./lgo sift 100 2 18 0.1 1.0 24"
	User time (seconds): 919.65
	System time (seconds): 7.21
	Percent of CPU this job got: 99%
	Elapsed (wall clock) time (h:mm:ss or m:ss): 15:29.46
	Average shared text size (kbytes): 0
	Average unshared data size (kbytes): 0
	Average stack size (kbytes): 0
	Average total size (kbytes): 0
	Maximum resident set size (kbytes): 1852900
	Average resident set size (kbytes): 0
	Major (requiring I/O) page faults: 0
	Minor (reclaiming a frame) page faults: 4045379
	Voluntary context switches: 707594
	Involuntary context switches: 207669
	Swaps: 0
	File system inputs: 0
	File system outputs: 932960
	Socket messages sent: 0
	Socket messages received: 0
	Signals delivered: 0
	Page size (bytes): 4096
	Exit status: 0
