C++17!
Using LSH-Graph for sift ...
c=        1.5
k=        100
L=        1
K=        12
T=        12
lsh_UB=   0
LOADING DATA...
Load from new file: /users/PAS2671/kabir36/kabir/similarity-search/dataset/sift/
N=    1000000
dim=  128

LOADING TIME: 0.841138s.

LOADING BENMARK...
LOADING TIME: 0.000485s.

mkdir: missing operand
Try 'mkdir --help' for more information.

START HASHING...

SETTING HASH PARAMETER...
SETTING TIME: 4e-05s.

COMPUTING HASH...
COMPUTING TIME: 0.259277s.

[1m[31mWARNING:
[31mRanges of hash values is too LARGE. 
Please increase W at least 1times.
[0m[31mOld W=    0.3
New W=    133.734
Increase  445.781times.
[0mCONSTRUCTING GRAPH...

0%   10   20   30   40   50   60   70   80   90   100%
|----|----|----|----|----|----|----|----|----|----|
***************************************************
CONSTRUCTING TIME: 514.097s.

SAVING GRAPH...
SAVING TIME: 0.716984s.

dist=200.361725, cnt=18.172127, unique=1, std=4.709603, Recall=0.000000
cc=750.274902, pruning=0.246511

Loading FastGraph...
*******************************************************************************************************
The result of LSH-G for sift is as follow: k=100, probQ = 0.9, L = 1, K = 12, T = 12
******************************************************************************************************
     algName       k      ef        Time      Recall        Cost        CPQ1        CPQ2     Pruning

       fastG     100     200     0.86494      0.9044     1729.03     245.115     1974.15    0.304651


******************************************************************************************************
                                                                                    1180-4:35:7
*****************************************************************************************************


	Command being timed: "./lgo sift 100 1 12 0.1 1.0 12"
	User time (seconds): 512.16
	System time (seconds): 3.02
	Percent of CPU this job got: 99%
	Elapsed (wall clock) time (h:mm:ss or m:ss): 8:36.65
	Average shared text size (kbytes): 0
	Average unshared data size (kbytes): 0
	Average stack size (kbytes): 0
	Average total size (kbytes): 0
	Maximum resident set size (kbytes): 1751464
	Average resident set size (kbytes): 0
	Major (requiring I/O) page faults: 0
	Minor (reclaiming a frame) page faults: 1728019
	Voluntary context switches: 297963
	Involuntary context switches: 122137
	Swaps: 0
	File system inputs: 0
	File system outputs: 434768
	Socket messages sent: 0
	Socket messages received: 0
	Signals delivered: 0
	Page size (bytes): 4096
	Exit status: 0
