C++17!
Using LSH-Graph for sift ...
c=        1.5
k=        100
L=        2
K=        12
T=        24
lsh_UB=   0
LOADING DATA...
Load from new file: /users/PAS2671/kabir36/kabir/similarity-search/dataset/sift/
N=    1000000
dim=  128

LOADING TIME: 0.838948s.

LOADING BENMARK...
LOADING TIME: 0.000464s.

mkdir: missing operand
Try 'mkdir --help' for more information.

START HASHING...

SETTING HASH PARAMETER...
SETTING TIME: 7.2e-05s.

COMPUTING HASH...
COMPUTING TIME: 0.549478s.

[1m[31mWARNING:
[31mRanges of hash values is too LARGE. 
Please increase W at least 1times.
[0m[31mOld W=    0.3
New W=    133.734
Increase  445.781times.
[0mCONSTRUCTING GRAPH...

0%   10   20   30   40   50   60   70   80   90   100%
|----|----|----|----|----|----|----|----|----|----|
***************************************************
CONSTRUCTING TIME: 913.924s.

SAVING GRAPH...
SAVING TIME: 1.20409s.

dist=208.623688, cnt=36.543541, unique=1, std=9.267076, Recall=0.000129
cc=1214.433594, pruning=0.335830

Loading FastGraph...
*******************************************************************************************************
The result of LSH-G for sift is as follow: k=100, probQ = 0.9, L = 2, K = 12, T = 24
******************************************************************************************************
     algName       k      ef        Time      Recall        Cost        CPQ1        CPQ2     Pruning

       fastG     100     200     1.01182      0.9514     2660.72     454.365     3115.09    0.420394


******************************************************************************************************
                                                                                    1180-6:3:9
*****************************************************************************************************


	Command being timed: "./lgo sift 100 2 12 0.1 1.0 24"
	User time (seconds): 907.90
	System time (seconds): 7.13
	Percent of CPU this job got: 99%
	Elapsed (wall clock) time (h:mm:ss or m:ss): 15:17.64
	Average shared text size (kbytes): 0
	Average unshared data size (kbytes): 0
	Average stack size (kbytes): 0
	Average total size (kbytes): 0
	Maximum resident set size (kbytes): 1823836
	Average resident set size (kbytes): 0
	Major (requiring I/O) page faults: 0
	Minor (reclaiming a frame) page faults: 3672996
	Voluntary context switches: 718598
	Involuntary context switches: 205216
	Swaps: 0
	File system inputs: 0
	File system outputs: 839024
	Socket messages sent: 0
	Socket messages received: 0
	Signals delivered: 0
	Page size (bytes): 4096
	Exit status: 0
