C++17!
Using LSH-Graph for sift ...
c=        1.5
k=        100
L=        1
K=        18
T=        24
lsh_UB=   0
LOADING DATA...
Load from new file: /users/PAS2671/kabir36/kabir/similarity-search/dataset/sift/
N=    1000000
dim=  128

LOADING TIME: 0.835844s.

LOADING BENMARK...
LOADING TIME: 0.000507s.

mkdir: missing operand
Try 'mkdir --help' for more information.

START HASHING...

SETTING HASH PARAMETER...
SETTING TIME: 5.7e-05s.

COMPUTING HASH...
COMPUTING TIME: 0.390399s.

[1m[31mWARNING:
[31mRanges of hash values is too LARGE. 
Please increase W at least 1times.
[0m[31mOld W=    0.3
New W=    592.251
Increase  1974.17times.
[0mCONSTRUCTING GRAPH...

0%   10   20   30   40   50   60   70   80   90   100%
|----|----|----|----|----|----|----|----|----|----|
***************************************************
CONSTRUCTING TIME: 916.102s.

SAVING GRAPH...
SAVING TIME: 1.06884s.

dist=209.863449, cnt=36.554031, unique=1, std=9.265410, Recall=0.000130
cc=1163.431641, pruning=0.393470

Loading FastGraph...
*******************************************************************************************************
The result of LSH-G for sift is as follow: k=100, probQ = 0.9, L = 1, K = 18, T = 24
******************************************************************************************************
     algName       k      ef        Time      Recall        Cost        CPQ1        CPQ2     Pruning

       fastG     100     200     1.25725       0.958     2427.53     760.194     3187.72    0.540051


******************************************************************************************************
                                                                                    1180-5:14:17
*****************************************************************************************************


	Command being timed: "./lgo sift 100 1 18 0.1 1.0 24"
	User time (seconds): 911.46
	System time (seconds): 5.17
	Percent of CPU this job got: 99%
	Elapsed (wall clock) time (h:mm:ss or m:ss): 15:19.29
	Average shared text size (kbytes): 0
	Average unshared data size (kbytes): 0
	Average stack size (kbytes): 0
	Average total size (kbytes): 0
	Maximum resident set size (kbytes): 1759996
	Average resident set size (kbytes): 0
	Major (requiring I/O) page faults: 0
	Minor (reclaiming a frame) page faults: 2821023
	Voluntary context switches: 432814
	Involuntary context switches: 208047
	Swaps: 0
	File system inputs: 0
	File system outputs: 768880
	Socket messages sent: 0
	Socket messages received: 0
	Signals delivered: 0
	Page size (bytes): 4096
	Exit status: 0
