C++17!
Using LSH-Graph for sift ...
c=        1.5
k=        100
L=        1
K=        6
T=        12
lsh_UB=   0
LOADING DATA...
Load from new file: /users/PAS2671/kabir36/kabir/similarity-search/dataset/sift/
N=    1000000
dim=  128

LOADING TIME: 10.4305s.

MAKING BENMARK...

0%   10   20   30   40   50   60   70   80   90   100%
|----|----|----|----|----|----|----|----|----|----|
***************************************************
MAKING TIME: 61.4264s.

SAVING BENMARK...
SAVING TIME: 0.006284s.

mkdir: missing operand
Try 'mkdir --help' for more information.

START HASHING...

SETTING HASH PARAMETER...
SETTING TIME: 2.8e-05s.

COMPUTING HASH...
COMPUTING TIME: 0.148244s.

[1m[31mWARNING:
[31mRanges of hash values is too LARGE. 
Please increase W at least 1times.
[0m[31mOld W=    0.3
New W=    4.05255
Increase  13.5085times.
[0mCONSTRUCTING GRAPH...

0%   10   20   30   40   50   60   70   80   90   100%
|----|----|----|----|----|----|----|----|----|----|
***************************************************
CONSTRUCTING TIME: 524.802s.

SAVING GRAPH...
SAVING TIME: 0.6658s.

dist=201.285553, cnt=18.168371, unique=1, std=4.710958, Recall=0.000000
cc=794.909912, pruning=0.192130

Loading FastGraph...
*******************************************************************************************************
The result of LSH-G for sift is as follow: k=100, probQ = 0.9, L = 1, K = 6, T = 12
******************************************************************************************************
     algName       k      ef        Time      Recall        Cost        CPQ1        CPQ2     Pruning

       fastG     100     200     0.74972      0.8919     1801.42     120.821     1922.24     0.26458


******************************************************************************************************
                                                                                    1180-4:11:25
*****************************************************************************************************


	Command being timed: "./lgo sift 100 1 6 0.1 1.0 12"
	User time (seconds): 584.23
	System time (seconds): 3.80
	Percent of CPU this job got: 98%
	Elapsed (wall clock) time (h:mm:ss or m:ss): 9:58.16
	Average shared text size (kbytes): 0
	Average unshared data size (kbytes): 0
	Average stack size (kbytes): 0
	Average total size (kbytes): 0
	Maximum resident set size (kbytes): 2526180
	Average resident set size (kbytes): 0
	Major (requiring I/O) page faults: 0
	Minor (reclaiming a frame) page faults: 1914671
	Voluntary context switches: 302716
	Involuntary context switches: 140153
	Swaps: 0
	File system inputs: 1017896
	File system outputs: 388488
	Socket messages sent: 0
	Socket messages received: 0
	Signals delivered: 0
	Page size (bytes): 4096
	Exit status: 0
