C++17!
Using LSH-Graph for sift ...
c=        1.5
k=        100
L=        1
K=        6
T=        24
lsh_UB=   0
LOADING DATA...
Load from new file: /users/PAS2671/kabir36/kabir/similarity-search/dataset/sift/
N=    1000000
dim=  128

LOADING TIME: 0.846029s.

LOADING BENMARK...
LOADING TIME: 0.000545s.

mkdir: missing operand
Try 'mkdir --help' for more information.

START HASHING...

SETTING HASH PARAMETER...
SETTING TIME: 2.7e-05s.

COMPUTING HASH...
COMPUTING TIME: 0.144687s.

[1m[31mWARNING:
[31mRanges of hash values is too LARGE. 
Please increase W at least 1times.
[0m[31mOld W=    0.3
New W=    4.05255
Increase  13.5085times.
[0mCONSTRUCTING GRAPH...

0%   10   20   30   40   50   60   70   80   90   100%
|----|----|----|----|----|----|----|----|----|----|
***************************************************
CONSTRUCTING TIME: 903.08s.

SAVING GRAPH...
SAVING TIME: 0.937979s.

dist=208.093124, cnt=36.537956, unique=1, std=9.265663, Recall=0.000000
cc=1311.578125, pruning=0.250828

Loading FastGraph...
*******************************************************************************************************
The result of LSH-G for sift is as follow: k=100, probQ = 0.9, L = 1, K = 6, T = 24
******************************************************************************************************
     algName       k      ef        Time      Recall        Cost        CPQ1        CPQ2     Pruning

       fastG     100     200     0.99608      0.9376     2775.17     208.449     2983.62    0.357438


******************************************************************************************************
                                                                                    1180-4:26:31
*****************************************************************************************************


	Command being timed: "./lgo sift 100 1 6 0.1 1.0 24"
	User time (seconds): 898.26
	System time (seconds): 4.96
	Percent of CPU this job got: 99%
	Elapsed (wall clock) time (h:mm:ss or m:ss): 15:05.77
	Average shared text size (kbytes): 0
	Average unshared data size (kbytes): 0
	Average stack size (kbytes): 0
	Average total size (kbytes): 0
	Maximum resident set size (kbytes): 1758584
	Average resident set size (kbytes): 0
	Major (requiring I/O) page faults: 0
	Minor (reclaiming a frame) page faults: 2623551
	Voluntary context switches: 430152
	Involuntary context switches: 204534
	Swaps: 0
	File system inputs: 0
	File system outputs: 674864
	Socket messages sent: 0
	Socket messages received: 0
	Signals delivered: 0
	Page size (bytes): 4096
	Exit status: 0
