C++17!
Using LSH-Graph for space1V ...
c=        1.5
k=        100
L=        2
K=        6
T=        12
lsh_UB=   0
LOADING DATA...
Load from new file: /users/PAS2671/kabir36/kabir/similarity-search/dataset/space1V/
N=    1000000
dim=  100

LOADING TIME: 0.681862s.

LOADING BENMARK...
LOADING TIME: 0.000477s.

mkdir: missing operand
Try 'mkdir --help' for more information.

START HASHING...

SETTING HASH PARAMETER...
SETTING TIME: 3.8e-05s.

COMPUTING HASH...
COMPUTING TIME: 0.344339s.

[1m[31mWARNING:
[31mRanges of hash values is too LARGE. 
Please increase W at least 1times.
[0m[31mOld W=    0.3
New W=    12.0793
Increase  40.2644times.
[0mCONSTRUCTING GRAPH...

0%   10   20   30   40   50   60   70   80   90   100%
|----|----|----|----|----|----|----|----|----|----|
***************************************************
CONSTRUCTING TIME: 717.306s.

SAVING GRAPH...
SAVING TIME: 0.914838s.

dist=1130.514404, cnt=17.288273, unique=1, std=4.784669, Recall=0.000000
cc=1233.854492, pruning=0.096413

Loading FastGraph...
*******************************************************************************************************
The result of LSH-G for space1V is as follow: k=100, probQ = 0.9, L = 2, K = 6, T = 12
******************************************************************************************************
     algName       k      ef        Time      Recall        Cost        CPQ1        CPQ2     Pruning

       fastG     100     200     1.10083      0.4907     2696.89     208.437     2905.33    0.176259

Command terminated by signal 11
	Command being timed: "./lgo space1V 100 2 6 0.1 1.0 12"
	User time (seconds): 713.25
	System time (seconds): 5.76
	Percent of CPU this job got: 99%
	Elapsed (wall clock) time (h:mm:ss or m:ss): 12:02.06
	Average shared text size (kbytes): 0
	Average unshared data size (kbytes): 0
	Average stack size (kbytes): 0
	Average total size (kbytes): 0
	Maximum resident set size (kbytes): 1593872
	Average resident set size (kbytes): 0
	Major (requiring I/O) page faults: 0
	Minor (reclaiming a frame) page faults: 1947752
	Voluntary context switches: 660858
	Involuntary context switches: 166415
	Swaps: 0
	File system inputs: 0
	File system outputs: 2815048
	Socket messages sent: 0
	Socket messages received: 0
	Signals delivered: 0
	Page size (bytes): 4096
	Exit status: 0
