C++17!
Using LSH-Graph for space1V ...
c=        1.5
k=        100
L=        1
K=        18
T=        12
lsh_UB=   0
LOADING DATA...
Load from new file: /users/PAS2671/kabir36/kabir/similarity-search/dataset/space1V/
N=    1000000
dim=  100

LOADING TIME: 0.664314s.

LOADING BENMARK...
LOADING TIME: 0.00054s.

mkdir: missing operand
Try 'mkdir --help' for more information.

START HASHING...

SETTING HASH PARAMETER...
SETTING TIME: 5.1e-05s.

COMPUTING HASH...
COMPUTING TIME: 0.50172s.

[1m[31mWARNING:
[31mRanges of hash values is too LARGE. 
Please increase W at least 1times.
[0m[31mOld W=    0.3
New W=    1765.31
Increase  5884.36times.
[0mCONSTRUCTING GRAPH...

0%   10   20   30   40   50   60   70   80   90   100%
|----|----|----|----|----|----|----|----|----|----|
***************************************************
CONSTRUCTING TIME: 717.3s.

SAVING GRAPH...
SAVING TIME: 0.789697s.

dist=1129.107788, cnt=17.305387, unique=1, std=4.784763, Recall=0.000000
cc=1179.698853, pruning=0.131903

Loading FastGraph...
*******************************************************************************************************
The result of LSH-G for space1V is as follow: k=100, probQ = 0.9, L = 1, K = 18, T = 12
******************************************************************************************************
     algName       k      ef        Time      Recall        Cost        CPQ1        CPQ2     Pruning

       fastG     100     200     0.95318      0.5107     2552.22     596.784        3149    0.206267

Command terminated by signal 11
	Command being timed: "./lgo space1V 100 1 18 0.1 1.0 12"
	User time (seconds): 714.18
	System time (seconds): 4.62
	Percent of CPU this job got: 99%
	Elapsed (wall clock) time (h:mm:ss or m:ss): 12:02.15
	Average shared text size (kbytes): 0
	Average unshared data size (kbytes): 0
	Average stack size (kbytes): 0
	Average total size (kbytes): 0
	Maximum resident set size (kbytes): 1528568
	Average resident set size (kbytes): 0
	Major (requiring I/O) page faults: 0
	Minor (reclaiming a frame) page faults: 1840888
	Voluntary context switches: 395760
	Involuntary context switches: 166608
	Swaps: 0
	File system inputs: 0
	File system outputs: 2707432
	Socket messages sent: 0
	Socket messages received: 0
	Signals delivered: 0
	Page size (bytes): 4096
	Exit status: 0
