C++17!
Using LSH-Graph for space1V ...
c=        1.5
k=        100
L=        2
K=        12
T=        12
lsh_UB=   0
LOADING DATA...
Load from new file: /users/PAS2671/kabir36/kabir/similarity-search/dataset/space1V/
N=    1000000
dim=  100

LOADING TIME: 0.658289s.

LOADING BENMARK...
LOADING TIME: 0.003131s.

mkdir: missing operand
Try 'mkdir --help' for more information.

START HASHING...

SETTING HASH PARAMETER...
SETTING TIME: 5.9e-05s.

COMPUTING HASH...
COMPUTING TIME: 0.698693s.

[1m[31mWARNING:
[31mRanges of hash values is too LARGE. 
Please increase W at least 1times.
[0m[31mOld W=    0.3
New W=    398.618
Increase  1328.73times.
[0mCONSTRUCTING GRAPH...

0%   10   20   30   40   50   60   70   80   90   100%
|----|----|----|----|----|----|----|----|----|----|
***************************************************
CONSTRUCTING TIME: 671.149s.

SAVING GRAPH...
SAVING TIME: 0.972319s.

dist=1132.138916, cnt=17.300076, unique=1, std=4.785820, Recall=0.000000
cc=1189.083740, pruning=0.123204

Loading FastGraph...
*******************************************************************************************************
The result of LSH-G for space1V is as follow: k=100, probQ = 0.9, L = 2, K = 12, T = 12
******************************************************************************************************
     algName       k      ef        Time      Recall        Cost        CPQ1        CPQ2     Pruning

       fastG     100     200     0.91481      0.5085      2588.2     413.149     3001.35    0.201889

*** Error in `./lgo': free(): invalid pointer: 0x0000000018cc4741 ***
======= Backtrace: =========
/lib64/libc.so.6(+0x81329)[0x2b473b8e2329]
./lgo[0x40bb5e]
./lgo[0x408415]
/lib64/libc.so.6(__libc_start_main+0xf5)[0x2b473b883555]
./lgo[0x408e0c]
======= Memory map: ========
00400000-00449000 r-xp 00000000 00:38 1794793                            /users/PAS2671/kabir36/kabir/similarity-search/models/LSH-APG/cppCode/LSH-APG/lgo
00648000-0064a000 r--p 00048000 00:38 1794793                            /users/PAS2671/kabir36/kabir/similarity-search/models/LSH-APG/cppCode/LSH-APG/lgo
0064a000-0064b000 rw-p 0004a000 00:38 1794793                            /users/PAS2671/kabir36/kabir/similarity-search/models/LSH-APG/cppCode/LSH-APG/lgo
01d20000-34dc3000 rw-p 00000000 00:00 0                                  [heap]
2b473a513000-2b473a535000 r-xp 00000000 00:24 3428292698                 /usr/lib64/ld-2.17.so
2b473a535000-2b473a53c000 rw-p 00000000 00:00 0 
2b473a582000-2b473a589000 rw-p 00000000 00:00 0 
2b473a734000-2b473a735000 r--p 00021000 00:24 3428292698                 /usr/lib64/ld-2.17.so
2b473a735000-2b473a736000 rw-p 00022000 00:24 3428292698                 /usr/lib64/ld-2.17.so
2b473a736000-2b473a737000 rw-p 00000000 00:00 0 
2b473a737000-2b473a76f000 r-xp 00000000 00:2c 19202863                   /apps/xalt/2.10.29/lib64/libxalt_init.so
2b473a76f000-2b473a96f000 ---p 00038000 00:2c 19202863                   /apps/xalt/2.10.29/lib64/libxalt_init.so
2b473a96f000-2b473a970000 r--p 00038000 00:2c 19202863                   /apps/xalt/2.10.29/lib64/libxalt_init.so
2b473a970000-2b473a971000 rw-p 00039000 00:2c 19202863                   /apps/xalt/2.10.29/lib64/libxalt_init.so
2b473a971000-2b473a972000 rw-p 00000000 00:00 0 
2b473a972000-2b473a979000 r-xp 00000000 00:24 3428781212                 /usr/lib64/librt-2.17.so
2b473a979000-2b473ab78000 ---p 00007000 00:24 3428781212                 /usr/lib64/librt-2.17.so
2b473ab78000-2b473ab79000 r--p 00006000 00:24 3428781212                 /usr/lib64/librt-2.17.so
2b473ab79000-2b473ab7a000 rw-p 00007000 00:24 3428781212                 /usr/lib64/librt-2.17.so
2b473ab7a000-2b473acee000 r-xp 00000000 00:2c 7905980                    /apps/gnu/8.4.0/lib64/libstdc++.so.6.0.25
2b473acee000-2b473aeed000 ---p 00174000 00:2c 7905980                    /apps/gnu/8.4.0/lib64/libstdc++.so.6.0.25
2b473aeed000-2b473aef7000 r--p 00173000 00:2c 7905980                    /apps/gnu/8.4.0/lib64/libstdc++.so.6.0.25
2b473aef7000-2b473aef9000 rw-p 0017d000 00:2c 7905980                    /apps/gnu/8.4.0/lib64/libstdc++.so.6.0.25
2b473aef9000-2b473aefd000 rw-p 00000000 00:00 0 
2b473aefd000-2b473affe000 r-xp 00000000 00:24 3428781161                 /usr/lib64/libm-2.17.so
2b473affe000-2b473b1fd000 ---p 00101000 00:24 3428781161                 /usr/lib64/libm-2.17.so
2b473b1fd000-2b473b1fe000 r--p 00100000 00:24 3428781161                 /usr/lib64/libm-2.17.so
2b473b1fe000-2b473b1ff000 rw-p 00101000 00:24 3428781161                 /usr/lib64/libm-2.17.so
2b473b1ff000-2b473b22c000 r-xp 00000000 00:2c 5669150                    /apps/gnu/8.4.0/lib64/libgomp.so.1.0.0
2b473b22c000-2b473b42b000 ---p 0002d000 00:2c 5669150                    /apps/gnu/8.4.0/lib64/libgomp.so.1.0.0
2b473b42b000-2b473b42c000 r--p 0002c000 00:2c 5669150                    /apps/gnu/8.4.0/lib64/libgomp.so.1.0.0
2b473b42c000-2b473b42d000 rw-p 0002d000 00:2c 5669150                    /apps/gnu/8.4.0/lib64/libgomp.so.1.0.0
2b473b42d000-2b473b444000 r-xp 00000000 00:2c 5669148                    /apps/gnu/8.4.0/lib64/libgcc_s.so.1
2b473b444000-2b473b643000 ---p 00017000 00:2c 5669148                    /apps/gnu/8.4.0/lib64/libgcc_s.so.1
2b473b643000-2b473b644000 r--p 00016000 00:2c 5669148                    /apps/gnu/8.4.0/lib64/libgcc_s.so.1
2b473b644000-2b473b645000 rw-p 00017000 00:2c 5669148                    /apps/gnu/8.4.0/lib64/libgcc_s.so.1
2b473b645000-2b473b65c000 r-xp 00000000 00:24 3428781193                 /usr/lib64/libpthread-2.17.so
2b473b65c000-2b473b85b000 ---p 00017000 00:24 3428781193                 /usr/lib64/libpthread-2.17.so
2b473b85b000-2b473b85c000 r--p 00016000 00:24 3428781193                 /usr/lib64/libpthread-2.17.so
2b473b85c000-2b473b85d000 rw-p 00017000 00:24 3428781193                 /usr/lib64/libpthread-2.17.so
2b473b85d000-2b473b861000 rw-p 00000000 00:00 0 
2b473b861000-2b473ba25000 r-xp 00000000 00:24 3428781146                 /usr/lib64/libc-2.17.so
2b473ba25000-2b473bc24000 ---p 001c4000 00:24 3428781146                 /usr/lib64/libc-2.17.so
2b473bc24000-2b473bc28000 r--p 001c3000 00:24 3428781146                 /usr/lib64/libc-2.17.so
2b473bc28000-2b473bc2a000 rw-p 001c7000 00:24 3428781146                 /usr/lib64/libc-2.17.so
2b473bc2a000-2b473bc2f000 rw-p 00000000 00:00 0 
2b473bc2f000-2b473bc31000 r-xp 00000000 00:24 3428781159                 /usr/lib64/libdl-2.17.so
2b473bc31000-2b473be31000 ---p 00002000 00:24 3428781159                 /usr/lib64/libdl-2.17.so
2b473be31000-2b473be32000 r--p 00002000 00:24 3428781159                 /usr/lib64/libdl-2.17.so
2b473be32000-2b473be33000 rw-p 00003000 00:24 3428781159                 /usr/lib64/libdl-2.17.so
2b473be33000-2b473be37000 r-xp 00000000 00:2c 21954920                   /apps/xalt/2.10.29/lib64/libuuid.so.1.3.0
2b473be37000-2b473c036000 ---p 00004000 00:2c 21954920                   /apps/xalt/2.10.29/lib64/libuuid.so.1.3.0
2b473c036000-2b473c037000 r--p 00003000 00:2c 21954920                   /apps/xalt/2.10.29/lib64/libuuid.so.1.3.0
2b473c037000-2b473c038000 rw-p 00004000 00:2c 21954920                   /apps/xalt/2.10.29/lib64/libuuid.so.1.3.0
2b473c038000-2b4762293000 rw-p 00000000 00:00 0 
2b476bce0000-2b476bce1000 ---p 00000000 00:00 0 
2b476bce1000-2b476bee1000 rw-p 00000000 00:00 0 
2b476bee1000-2b476bee2000 ---p 00000000 00:00 0 
2b476bee2000-2b476c0e2000 rw-p 00000000 00:00 0 
2b476c0e2000-2b476c0e3000 ---p 00000000 00:00 0 
2b476c0e3000-2b476c2e3000 rw-p 00000000 00:00 0 
2b476c2e3000-2b476c2e4000 ---p 00000000 00:00 0 
2b476c2e4000-2b476c4e4000 rw-p 00000000 00:00 0 
2b476c4e4000-2b476c4e5000 ---p 00000000 00:00 0 
2b476c4e5000-2b476c6e5000 rw-p 00000000 00:00 0 
2b476c6e5000-2b476c6e6000 ---p 00000000 00:00 0 
2b476c6e6000-2b476c8e6000 rw-p 00000000 00:00 0 
2b476c8e6000-2b476c8e7000 ---p 00000000 00:00 0 
2b476c8e7000-2b476cae7000 rw-p 00000000 00:00 0 
2b476cae7000-2b476cae8000 ---p 00000000 00:00 0 
2b476cae8000-2b476cce8000 rw-p 00000000 00:00 0 
2b476cce8000-2b476cce9000 ---p 00000000 00:00 0 
2b476cce9000-2b476cee9000 rw-p 00000000 00:00 0 
2b476cee9000-2b476ceea000 ---p 00000000 00:00 0 
2b476ceea000-2b476d0ea000 rw-p 00000000 00:00 0 
2b476d0ea000-2b476d0eb000 ---p 00000000 00:00 0 
2b476d0eb000-2b476d2eb000 rw-p 00000000 00:00 0 
2b476d2eb000-2b476d2ec000 ---p 00000000 00:00 0 
2b476d2ec000-2b476d4ec000 rw-p 00000000 00:00 0 
2b476d4ec000-2b476d4ed000 ---p 00000000 00:00 0 
2b476d4ed000-2b476d6ed000 rw-p 00000000 00:00 0 
2b476d6ed000-2b476d6ee000 ---p 00000000 00:00 0 
2b476d6ee000-2b476d8ee000 rw-p 00000000 00:00 0 
2b476d8ee000-2b476d8ef000 ---p 00000000 00:00 0 
2b476d8ef000-2b476daef000 rw-p 00000000 00:00 0 
2b476daef000-2b476daf0000 ---p 00000000 00:00 0 
2b476daf0000-2b476dcf0000 rw-p 00000000 00:00 0 
2b476dcf0000-2b476dcf1000 ---p 00000000 00:00 0 
2b476dcf1000-2b476def1000 rw-p 00000000 00:00 0 
2b476def1000-2b476def2000 ---p 00000000 00:00 0 
2b476def2000-2b476e0f2000 rw-p 00000000 00:00 0 
2b476e0f2000-2b476e0f3000 ---p 00000000 00:00 0 
2b476e0f3000-2b476e2f3000 rw-p 00000000 00:00 0 
2b4770000000-2b4770181000 rw-p 00000000 00:00 0 
2b4770181000-2b4774000000 ---p 00000000 00:00 0 
2b4774000000-2b477417f000 rw-p 00000000 00:00 0 
2b477417f000-2b4778000000 ---p 00000000 00:00 0 
2b4778000000-2b477817e000 rw-p 00000000 00:00 0 
2b477817e000-2b477c000000 ---p 00000000 00:00 0 
2b477c000000-2b477c17a000 rw-p 00000000 00:00 0 
2b477c17a000-2b4780000000 ---p 00000000 00:00 0 
2b4780000000-2b4780176000 rw-p 00000000 00:00 0 
2b4780176000-2b4784000000 ---p 00000000 00:00 0 
2b4784000000-2b478417c000 rw-p 00000000 00:00 0 
2b478417c000-2b4788000000 ---p 00000000 00:00 0 
2b4788000000-2b478817d000 rw-p 00000000 00:00 0 
2b478817d000-2b478c000000 ---p 00000000 00:00 0 
2b478c000000-2b478c17f000 rw-p 00000000 00:00 0 
2b478c17f000-2b4790000000 ---p 00000000 00:00 0 
2b4790000000-2b4790180000 rw-p 00000000 00:00 0 
2b4790180000-2b4794000000 ---p 00000000 00:00 0 
2b4794000000-2b479417b000 rw-p 00000000 00:00 0 
2b479417b000-2b4798000000 ---p 00000000 00:00 0 
2b4798000000-2b479817c000 rw-p 00000000 00:00 0 
2b479817c000-2b479c000000 ---p 00000000 00:00 0 
2b479c000000-2b479c17a000 rw-p 00000000 00:00 0 
2b479c17a000-2b47a0000000 ---p 00000000 00:00 0 
2b47a0000000-2b47a017f000 rw-p 00000000 00:00 0 
2b47a017f000-2b47a4000000 ---p 00000000 00:00 0 
2b47a4000000-2b47a4180000 rw-p 00000000 00:00 0 
2b47a4180000-2b47a8000000 ---p 00000000 00:00 0 
2b47a8000000-2b47a817f000 rw-p 00000000 00:00 0 
2b47a817f000-2b47ac000000 ---p 00000000 00:00 0 
2b47ac000000-2b47ac17d000 rw-p 00000000 00:00 0 
2b47ac17d000-2b47b0000000 ---p 00000000 00:00 0 
2b47b0000000-2b47b017b000 rw-p 00000000 00:00 0 
2b47b017b000-2b47b4000000 ---p 00000000 00:00 0 
2b47b4000000-2b47b417d000 rw-p 00000000 00:00 0 
2b47b417d000-2b47b8000000 ---p 00000000 00:00 0 
2b47b8000000-2b47b817c000 rw-p 00000000 00:00 0 
2b47b817c000-2b47bc000000 ---p 00000000 00:00 0 
2b47bc000000-2b47bc17f000 rw-p 00000000 00:00 0 
2b47bc17f000-2b47c0000000 ---p 00000000 00:00 0 
2b47c0000000-2b47c0183000 rw-p 00000000 00:00 0 
2b47c0183000-2b47c4000000 ---p 00000000 00:00 0 
2b47c4000000-2b47c4178000 rw-p 00000000 00:00 0 
2b47c4178000-2b47c8000000 ---p 00000000 00:00 0 
2b47c8000000-2b47c817e000 rw-p 00000000 00:00 0 
2b47c817e000-2b47cc000000 ---p 00000000 00:00 0 
2b47cc000000-2b47cc181000 rw-p 00000000 00:00 0 
2b47cc181000-2b47d0000000 ---p 00000000 00:00 0 
2b47d0000000-2b47d0176000 rw-p 00000000 00:00 0 
2b47d0176000-2b47d4000000 ---p 00000000 00:00 0 
2b47d4000000-2b47d4173000 rw-p 00000000 00:00 0 
2b47d4173000-2b47d8000000 ---p 00000000 00:00 0 
2b47d8000000-2b47d817c000 rw-p 00000000 00:00 0 
2b47d817c000-2b47dc000000 ---p 00000000 00:00 0 
2b47dc000000-2b47dc176000 rw-p 00000000 00:00 0 
2b47dc176000-2b47e0000000 ---p 00000000 00:00 0 
2b47e0000000-2b47e017f000 rw-p 00000000 00:00 0 
2b47e017f000-2b47e4000000 ---p 00000000 00:00 0 
2b47e4000000-2b47e4183000 rw-p 00000000 00:00 0 
2b47e4183000-2b47e8000000 ---p 00000000 00:00 0 
2b47e8000000-2b47e817d000 rw-p 00000000 00:00 0 
2b47e817d000-2b47ec000000 ---p 00000000 00:00 0 
2b47ec000000-2b47ec17e000 rw-p 00000000 00:00 0 
2b47ec17e000-2b47f0000000 ---p 00000000 00:00 0 
2b47f0000000-2b47f017a000 rw-p 00000000 00:00 0 
2b47f017a000-2b47f4000000 ---p 00000000 00:00 0 
2b47f4000000-2b47f417f000 rw-p 00000000 00:00 0 
2b47f417f000-2b47f8000000 ---p 00000000 00:00 0 
2b47f8000000-2b47f8170000 rw-p 00000000 00:00 0 
2b47f8170000-2b47fc000000 ---p 00000000 00:00 0 
2b47fc000000-2b47fc180000 rw-p 00000000 00:00 0 
2b47fc180000-2b4800000000 ---p 00000000 00:00 0 
2b4800000000-2b480017c000 rw-p 00000000 00:00 0 
2b480017c000-2b4804000000 ---p 00000000 00:00 0 
2b4804000000-2b4804182000 rw-p 00000000 00:00 0 
2b4804182000-2b4808000000 ---p 00000000 00:00 0 
2b4808000000-2b480817b000 rw-p 00000000 00:00 0 
2b480817b000-2b480c000000 ---p 00000000 00:00 0 
2b480c000000-2b480c17c000 rw-p 00000000 00:00 0 
2b480c17c000-2b4810000000 ---p 00000000 00:00 0 
2b4810000000-2b481017d000 rw-p 00000000 00:00 0 
2b481017d000-2b4814000000 ---p 00000000 00:00 0 
2b4814000000-2b481417b000 rw-p 00000000 00:00 0 
2b481417b000-2b4818000000 ---p 00000000 00:00 0 
2b4818000000-2b4818178000 rw-p 00000000 00:00 0 
2b4818178000-2b481c000000 ---p 00000000 00:00 0 
2b481c000000-2b481c17b000 rw-p 00000000 00:00 0 
2b481c17b000-2b4820000000 ---p 00000000 00:00 0 
2b4820000000-2b4820177000 rw-p 00000000 00:00 0 
2b4820177000-2b4824000000 ---p 00000000 00:00 0 
2b4824000000-2b482417f000 rw-p 00000000 00:00 0 
2b482417f000-2b4828000000 ---p 00000000 00:00 0 
2b4828000000-2b4828182000 rw-p 00000000 00:00 0 
2b4828182000-2b482c000000 ---p 00000000 00:00 0 
2b482c000000-2b482c177000 rw-p 00000000 00:00 0 
2b482c177000-2b4830000000 ---p 00000000 00:00 0 
2b4830000000-2b4830182000 rw-p 00000000 00:00 0 
2b4830182000-2b4834000000 ---p 00000000 00:00 0 
2b4834000000-2b483417a000 rw-p 00000000 00:00 0 
2b483417a000-2b4838000000 ---p 00000000 00:00 0 
2b4838000000-2b483817b000 rw-p 00000000 00:00 0 
2b483817b000-2b483c000000 ---p 00000000 00:00 0 
2b483c000000-2b483c176000 rw-p 00000000 00:00 0 
2b483c176000-2b4840000000 ---p 00000000 00:00 0 
2b4840000000-2b484017e000 rw-p 00000000 00:00 0 
2b484017e000-2b4844000000 ---p 00000000 00:00 0 
2b4844000000-2b4844177000 rw-p 00000000 00:00 0 
2b4844177000-2b4848000000 ---p 00000000 00:00 0 
2b4848000000-2b484817b000 rw-p 00000000 00:00 0 
2b484817b000-2b484c000000 ---p 00000000 00:00 0 
2b484c000000-2b484c180000 rw-p 00000000 00:00 0 
2b484c180000-2b4850000000 ---p 00000000 00:00 0 
2b4850000000-2b4850174000 rw-p 00000000 00:00 0 
2b4850174000-2b4854000000 ---p 00000000 00:00 0 
2b4854000000-2b4854178000 rw-p 00000000 00:00 0 
2b4854178000-2b4858000000 ---p 00000000 00:00 0 
2b4858000000-2b485817f000 rw-p 00000000 00:00 0 
2b485817f000-2b485c000000 ---p 00000000 00:00 0 
2b485c000000-2b485c17f000 rw-p 00000000 00:00 0 
2b485c17f000-2b4860000000 ---p 00000000 00:00 0 
2b4860000000-2b4860181000 rw-p 00000000 00:00 0 
2b4860181000-2b4864000000 ---p 00000000 00:00 0 
2b4864000000-2b4864179000 rw-p 00000000 00:00 0 
2b4864179000-2b4868000000 ---p 00000000 00:00 0 
2b4868000000-2b4868178000 rw-p 00000000 00:00 0 
2b4868178000-2b486c000000 ---p 00000000 00:00 0 
2b486c000000-2b486c17d000 rw-p 00000000 00:00 0 
2b486c17d000-2b4870000000 ---p 00000000 00:00 0 
2b4870000000-2b4870172000 rw-p 00000000 00:00 0 
2b4870172000-2b4874000000 ---p 00000000 00:00 0 
2b4874000000-2b4874174000 rw-p 00000000 00:00 0 
2b4874174000-2b4878000000 ---p 00000000 00:00 0 
2b4878000000-2b4878177000 rw-p 00000000 00:00 0 
2b4878177000-2b487c000000 ---p 00000000 00:00 0 
2b487c000000-2b487c17b000 rw-p 00000000 00:00 0 
2b487c17b000-2b4880000000 ---p 00000000 00:00 0 
2b4880000000-2b488017e000 rw-p 00000000 00:00 0 
2b488017e000-2b4884000000 ---p 00000000 00:00 0 
2b4884000000-2b488417d000 rw-p 00000000 00:00 0 
2b488417d000-2b4888000000 ---p 00000000 00:00 0 
2b4888000000-2b4888183000 rw-p 00000000 00:00 0 
2b4888183000-2b488c000000 ---p 00000000 00:00 0 
2b488c000000-2b488c17b000 rw-p 00000000 00:00 0 
2b488c17b000-2b4890000000 ---p 00000000 00:00 0 
2b4890000000-2b4890177000 rw-p 00000000 00:00 0 
2b4890177000-2b4894000000 ---p 00000000 00:00 0 
2b4894000000-2b489417a000 rw-p 00000000 00:00 0 
2b489417a000-2b4898000000 ---p 00000000 00:00 0 
2b4898000000-2b4898180000 rw-p 00000000 00:00 0 
2b4898180000-2b489c000000 ---p 00000000 00:00 0 
2b489c000000-2b489c178000 rw-p 00000000 00:00 0 
2b489c178000-2b48a0000000 ---p 00000000 00:00 0 
2b48a0000000-2b48a017b000 rw-p 00000000 00:00 0 
2b48a017b000-2b48a4000000 ---p 00000000 00:00 0 
2b48a4000000-2b48a4174000 rw-p 00000000 00:00 0 
2b48a4174000-2b48a8000000 ---p 00000000 00:00 0 
2b48a8000000-2b48a817e000 rw-p 00000000 00:00 0 
2b48a817e000-2b48ac000000 ---p 00000000 00:00 0 
2b48ac000000-2b48ac17c000 rw-p 00000000 00:00 0 
2b48ac17c000-2b48b0000000 ---p 00000000 00:00 0 
2b48b0000000-2b48b017d000 rw-p 00000000 00:00 0 
2b48b017d000-2b48b4000000 ---p 00000000 00:00 0 
2b48b4000000-2b48b417d000 rw-p 00000000 00:00 0 
2b48b417d000-2b48b8000000 ---p 00000000 00:00 0 
2b48b8000000-2b48b8179000 rw-p 00000000 00:00 0 
2b48b8179000-2b48bc000000 ---p 00000000 00:00 0 
2b48bc000000-2b48bc17e000 rw-p 00000000 00:00 0 
2b48bc17e000-2b48c0000000 ---p 00000000 00:00 0 
2b48c0000000-2b48c017b000 rw-p 00000000 00:00 0 
2b48c017b000-2b48c4000000 ---p 00000000 00:00 0 
2b48c4000000-2b48c417c000 rw-p 00000000 00:00 0 
2b48c417c000-2b48c8000000 ---p 00000000 00:00 0 
2b48c8000000-2b48c8179000 rw-p 00000000 00:00 0 
2b48c8179000-2b48cc000000 ---p 00000000 00:00 0 
2b48cc000000-2b48cc174000 rw-p 00000000 00:00 0 
2b48cc174000-2b48d0000000 ---p 00000000 00:00 0 
2b48d0000000-2b48d0179000 rw-p 00000000 00:00 0 
2b48d0179000-2b48d4000000 ---p 00000000 00:00 0 
2b48d4000000-2b48d4178000 rw-p 00000000 00:00 0 
2b48d4178000-2b48d8000000 ---p 00000000 00:00 0 
2b48d8000000-2b48d817d000 rw-p 00000000 00:00 0 
2b48d817d000-2b48dc000000 ---p 00000000 00:00 0 
2b48dc000000-2b48dc183000 rw-p 00000000 00:00 0 
2b48dc183000-2b48e0000000 ---p 00000000 00:00 0 
2b48e0000000-2b48e017f000 rw-p 00000000 00:00 0 
2b48e017f000-2b48e4000000 ---p 00000000 00:00 0 
2b48e4000000-2b48e417a000 rw-p 00000000 00:00 0 
2b48e417a000-2b48e8000000 ---p 00000000 00:00 0 
2b48e8000000-2b48e817c000 rw-p 00000000 00:00 0 
2b48e817c000-2b48ec000000 ---p 00000000 00:00 0 
2b48ec000000-2b48ec179000 rw-p 00000000 00:00 0 
2b48ec179000-2b48f0000000 ---p 00000000 00:00 0 
7ffce8a8f000-7ffce8ab3000 rw-p 00000000 00:00 0                          [stack]
7ffce8b44000-7ffce8b46000 r-xp 00000000 00:00 0                          [vdso]
ffffffffff600000-ffffffffff601000 r-xp 00000000 00:00 0                  [vsyscall]

******************************************************************************************************
                                                                                    1180-6:28:50
*****************************************************************************************************


Command terminated by signal 6
	Command being timed: "./lgo space1V 100 2 12 0.1 1.0 12"
	User time (seconds): 668.10
	System time (seconds): 5.66
	Percent of CPU this job got: 99%
	Elapsed (wall clock) time (h:mm:ss or m:ss): 11:17.22
	Average shared text size (kbytes): 0
	Average unshared data size (kbytes): 0
	Average stack size (kbytes): 0
	Average total size (kbytes): 0
	Maximum resident set size (kbytes): 1608976
	Average resident set size (kbytes): 0
	Major (requiring I/O) page faults: 0
	Minor (reclaiming a frame) page faults: 1852136
	Voluntary context switches: 624629
	Involuntary context switches: 155029
	Swaps: 0
	File system inputs: 0
	File system outputs: 3751800
	Socket messages sent: 0
	Socket messages received: 0
	Signals delivered: 0
	Page size (bytes): 4096
	Exit status: 0
