C++17!
Using LSH-Graph for space1V ...
c=        1.5
k=        100
L=        2
K=        18
T=        12
lsh_UB=   0
LOADING DATA...
Load from new file: /users/PAS2671/kabir36/kabir/similarity-search/dataset/space1V/
N=    1000000
dim=  100

LOADING TIME: 0.66886s.

LOADING BENMARK...
LOADING TIME: 0.000454s.

mkdir: missing operand
Try 'mkdir --help' for more information.

START HASHING...

SETTING HASH PARAMETER...
SETTING TIME: 8.2e-05s.

COMPUTING HASH...
COMPUTING TIME: 1.114s.

[1m[31mWARNING:
[31mRanges of hash values is too LARGE. 
Please increase W at least 1times.
[0m[31mOld W=    0.3
New W=    1765.31
Increase  5884.36times.
[0mCONSTRUCTING GRAPH...

0%   10   20   30   40   50   60   70   80   90   100%
|----|----|----|----|----|----|----|----|----|----|
***************************************************
CONSTRUCTING TIME: 673.459s.

SAVING GRAPH...
SAVING TIME: 1.11022s.

dist=1131.516846, cnt=17.306135, unique=1, std=4.784393, Recall=0.000000
cc=1176.661133, pruning=0.132679

Loading FastGraph...
*******************************************************************************************************
The result of LSH-G for space1V is as follow: k=100, probQ = 0.9, L = 2, K = 18, T = 12
******************************************************************************************************
     algName       k      ef        Time      Recall        Cost        CPQ1        CPQ2     Pruning

       fastG     100     200     1.93425      0.5097     2592.85     624.747      3217.6    0.207278

Command terminated by signal 11
	Command being timed: "./lgo space1V 100 2 18 0.1 1.0 12"
	User time (seconds): 671.05
	System time (seconds): 5.60
	Percent of CPU this job got: 99%
	Elapsed (wall clock) time (h:mm:ss or m:ss): 11:20.46
	Average shared text size (kbytes): 0
	Average unshared data size (kbytes): 0
	Average stack size (kbytes): 0
	Average total size (kbytes): 0
	Maximum resident set size (kbytes): 1690716
	Average resident set size (kbytes): 0
	Major (requiring I/O) page faults: 0
	Minor (reclaiming a frame) page faults: 1898490
	Voluntary context switches: 624551
	Involuntary context switches: 157258
	Swaps: 0
	File system inputs: 0
	File system outputs: 3196944
	Socket messages sent: 0
	Socket messages received: 0
	Signals delivered: 0
	Page size (bytes): 4096
	Exit status: 0
