C++17!
Using LSH-Graph for space1V ...
c=        1.5
k=        100
L=        2
K=        18
T=        24
lsh_UB=   0
LOADING DATA...
Load from new file: /users/PAS2671/kabir36/kabir/similarity-search/dataset/space1V/
N=    1000000
dim=  100

LOADING TIME: 0.688405s.

LOADING BENMARK...
LOADING TIME: 0.000509s.

mkdir: missing operand
Try 'mkdir --help' for more information.

START HASHING...

SETTING HASH PARAMETER...
SETTING TIME: 8.3e-05s.

COMPUTING HASH...
COMPUTING TIME: 1.12119s.

[1m[31mWARNING:
[31mRanges of hash values is too LARGE. 
Please increase W at least 1times.
[0m[31mOld W=    0.3
New W=    1765.31
Increase  5884.36times.
[0mCONSTRUCTING GRAPH...

0%   10   20   30   40   50   60   70   80   90   100%
|----|----|----|----|----|----|----|----|----|----|
***************************************************
CONSTRUCTING TIME: 1278.38s.

SAVING GRAPH...
SAVING TIME: 1.31774s.

dist=1142.207520, cnt=35.568226, unique=1, std=9.365911, Recall=0.000000
cc=2100.385498, pruning=0.182606

Loading FastGraph...
*******************************************************************************************************
The result of LSH-G for space1V is as follow: k=100, probQ = 0.9, L = 2, K = 18, T = 24
******************************************************************************************************
     algName       k      ef        Time      Recall        Cost        CPQ1        CPQ2     Pruning

       fastG     100     200     1.56558      0.6642     4478.54     1176.97     5655.51    0.293464

Command terminated by signal 11
	Command being timed: "./lgo space1V 100 2 18 0.1 1.0 24"
	User time (seconds): 1271.70
	System time (seconds): 8.60
	Percent of CPU this job got: 99%
	Elapsed (wall clock) time (h:mm:ss or m:ss): 21:25.40
	Average shared text size (kbytes): 0
	Average unshared data size (kbytes): 0
	Average stack size (kbytes): 0
	Average total size (kbytes): 0
	Maximum resident set size (kbytes): 1792720
	Average resident set size (kbytes): 0
	Major (requiring I/O) page faults: 0
	Minor (reclaiming a frame) page faults: 4233724
	Voluntary context switches: 863088
	Involuntary context switches: 276220
	Swaps: 0
	File system inputs: 0
	File system outputs: 3686304
	Socket messages sent: 0
	Socket messages received: 0
	Signals delivered: 0
	Page size (bytes): 4096
	Exit status: 0
