C++17!
Using LSH-Graph for space1V ...
c=        1.5
k=        100
L=        2
K=        6
T=        24
lsh_UB=   0
LOADING DATA...
Load from new file: /users/PAS2671/kabir36/kabir/similarity-search/dataset/space1V/
N=    1000000
dim=  100

LOADING TIME: 0.670005s.

LOADING BENMARK...
LOADING TIME: 0.000659s.

mkdir: missing operand
Try 'mkdir --help' for more information.

START HASHING...

SETTING HASH PARAMETER...
SETTING TIME: 3.8e-05s.

COMPUTING HASH...
COMPUTING TIME: 0.344708s.

[1m[31mWARNING:
[31mRanges of hash values is too LARGE. 
Please increase W at least 1times.
[0m[31mOld W=    0.3
New W=    12.0793
Increase  40.2644times.
[0mCONSTRUCTING GRAPH...

0%   10   20   30   40   50   60   70   80   90   100%
|----|----|----|----|----|----|----|----|----|----|
***************************************************
CONSTRUCTING TIME: 1327.03s.

SAVING GRAPH...
SAVING TIME: 1.09866s.

dist=1144.271118, cnt=35.555016, unique=1, std=9.369011, Recall=0.000142
cc=2236.267822, pruning=0.122776

Loading FastGraph...
*******************************************************************************************************
The result of LSH-G for space1V is as follow: k=100, probQ = 0.9, L = 2, K = 6, T = 24
******************************************************************************************************
     algName       k      ef        Time      Recall        Cost        CPQ1        CPQ2     Pruning

       fastG     100     200     1.94754      0.6294     4742.45     380.067     5122.52    0.226914

Command terminated by signal 11
	Command being timed: "./lgo space1V 100 2 6 0.1 1.0 24"
	User time (seconds): 1319.70
	System time (seconds): 8.03
	Percent of CPU this job got: 99%
	Elapsed (wall clock) time (h:mm:ss or m:ss): 22:12.42
	Average shared text size (kbytes): 0
	Average unshared data size (kbytes): 0
	Average stack size (kbytes): 0
	Average total size (kbytes): 0
	Maximum resident set size (kbytes): 1793124
	Average resident set size (kbytes): 0
	Major (requiring I/O) page faults: 0
	Minor (reclaiming a frame) page faults: 3446184
	Voluntary context switches: 849386
	Involuntary context switches: 284970
	Swaps: 0
	File system inputs: 0
	File system outputs: 3499392
	Socket messages sent: 0
	Socket messages received: 0
	Signals delivered: 0
	Page size (bytes): 4096
	Exit status: 0
