C++17!
Using LSH-Graph for stead ...
c=        1.5
k=        100
L=        1
K=        6
T=        12
lsh_UB=   0
LOADING DATA...
Load from new file: /users/PAS2671/kabir36/kabir/similarity-search/dataset/stead/
N=    1000000
dim=  256

LOADING TIME: 9.73371s.

MAKING BENMARK...

0%   10   20   30   40   50   60   70   80   90   100%
|----|----|----|----|----|----|----|----|----|----|
***************************************************
MAKING TIME: 78.2223s.

SAVING BENMARK...
SAVING TIME: 0.038569s.

mkdir: missing operand
Try 'mkdir --help' for more information.

START HASHING...

SETTING HASH PARAMETER...
SETTING TIME: 4.9e-05s.

COMPUTING HASH...
COMPUTING TIME: 0.33745s.

[1m[31mWARNING:
[31mRanges of hash values is too LARGE. 
Please increase W at least 1times.
[0m[31mOld W=    0.3
New W=    81512.6
Increase  271709times.
[0mCONSTRUCTING GRAPH...

0%   10   20   30   40   50   60   70   80   90   100%
|----|----|----|----|----|----|----|----|----|----|
***************************************************
CONSTRUCTING TIME: 647.027s.

SAVING GRAPH...
SAVING TIME: 0.612626s.

dist=718.991821, cnt=15.820996, unique=1, std=4.660119, Recall=0.000298
cc=890.431030, pruning=0.142215

Loading FastGraph...
*******************************************************************************************************
The result of LSH-G for stead is as follow: k=100, probQ = 0.9, L = 1, K = 6, T = 12
******************************************************************************************************
     algName       k      ef        Time      Recall        Cost        CPQ1        CPQ2     Pruning

       fastG     100     200     0.66782      0.5865     1855.27     58.7158     1913.99    0.175144

Command terminated by signal 11
	Command being timed: "./lgo stead 100 1 6 0.1 1.0 12"
	User time (seconds): 718.86
	System time (seconds): 9.74
	Percent of CPU this job got: 98%
	Elapsed (wall clock) time (h:mm:ss or m:ss): 12:20.30
	Average shared text size (kbytes): 0
	Average unshared data size (kbytes): 0
	Average stack size (kbytes): 0
	Average total size (kbytes): 0
	Maximum resident set size (kbytes): 2886832
	Average resident set size (kbytes): 0
	Major (requiring I/O) page faults: 0
	Minor (reclaiming a frame) page faults: 5925910
	Voluntary context switches: 331764
	Involuntary context switches: 169971
	Swaps: 0
	File system inputs: 2008024
	File system outputs: 4106696
	Socket messages sent: 0
	Socket messages received: 0
	Signals delivered: 0
	Page size (bytes): 4096
	Exit status: 0
