C++17!
Using LSH-Graph for stead ...
c=        1.5
k=        100
L=        2
K=        12
T=        12
lsh_UB=   0
LOADING DATA...
Load from new file: /users/PAS2671/kabir36/kabir/similarity-search/dataset/stead/
N=    1000000
dim=  256

LOADING TIME: 1.5697s.

LOADING BENMARK...
LOADING TIME: 0.000534s.

mkdir: missing operand
Try 'mkdir --help' for more information.

START HASHING...

SETTING HASH PARAMETER...
SETTING TIME: 0.000126s.

COMPUTING HASH...
COMPUTING TIME: 0.818628s.

[1m[31mWARNING:
[31mRanges of hash values is too LARGE. 
Please increase W at least 1times.
[0m[31mOld W=    0.3
New W=    3.04876e+06
Increase  1.01625e+07times.
[0mCONSTRUCTING GRAPH...

0%   10   20   30   40   50   60   70   80   90   100%
|----|----|----|----|----|----|----|----|----|----|
***************************************************
CONSTRUCTING TIME: 612.24s.

SAVING GRAPH...
SAVING TIME: 0.941179s.

dist=657.625732, cnt=15.789710, unique=1, std=4.666221, Recall=0.000000
cc=889.468201, pruning=0.161141

Loading FastGraph...
*******************************************************************************************************
The result of LSH-G for stead is as follow: k=100, probQ = 0.9, L = 2, K = 12, T = 12
******************************************************************************************************
     algName       k      ef        Time      Recall        Cost        CPQ1        CPQ2     Pruning

       fastG     100     200     1.05635      0.5941     1877.59     132.795     2010.39    0.191032

Command terminated by signal 7
	Command being timed: "./lgo stead 100 2 12 0.1 1.0 12"
	User time (seconds): 607.28
	System time (seconds): 9.38
	Percent of CPU this job got: 99%
	Elapsed (wall clock) time (h:mm:ss or m:ss): 10:20.13
	Average shared text size (kbytes): 0
	Average unshared data size (kbytes): 0
	Average stack size (kbytes): 0
	Average total size (kbytes): 0
	Maximum resident set size (kbytes): 2217608
	Average resident set size (kbytes): 0
	Major (requiring I/O) page faults: 0
	Minor (reclaiming a frame) page faults: 4238765
	Voluntary context switches: 511780
	Involuntary context switches: 144409
	Swaps: 0
	File system inputs: 0
	File system outputs: 4945632
	Socket messages sent: 0
	Socket messages received: 0
	Signals delivered: 0
	Page size (bytes): 4096
	Exit status: 0
