C++17!
Using LSH-Graph for stead ...
c=        1.5
k=        100
L=        2
K=        6
T=        12
lsh_UB=   0
LOADING DATA...
Load from new file: /users/PAS2671/kabir36/kabir/similarity-search/dataset/stead/
N=    1000000
dim=  256

LOADING TIME: 1.56329s.

LOADING BENMARK...
LOADING TIME: 0.00049s.

mkdir: missing operand
Try 'mkdir --help' for more information.

START HASHING...

SETTING HASH PARAMETER...
SETTING TIME: 7.2e-05s.

COMPUTING HASH...
COMPUTING TIME: 0.404598s.

[1m[31mWARNING:
[31mRanges of hash values is too LARGE. 
Please increase W at least 1times.
[0m[31mOld W=    0.3
New W=    92386.7
Increase  307956times.
[0mCONSTRUCTING GRAPH...

0%   10   20   30   40   50   60   70   80   90   100%
|----|----|----|----|----|----|----|----|----|----|
***************************************************
CONSTRUCTING TIME: 653.921s.

SAVING GRAPH...
SAVING TIME: 0.875357s.

dist=736.649719, cnt=15.799393, unique=1, std=4.662830, Recall=0.000000
cc=915.008850, pruning=0.140464

Loading FastGraph...
*******************************************************************************************************
The result of LSH-G for stead is as follow: k=100, probQ = 0.9, L = 2, K = 6, T = 12
******************************************************************************************************
     algName       k      ef        Time      Recall        Cost        CPQ1        CPQ2     Pruning

       fastG     100     200     0.80409      0.5865     1969.81     67.0707     2036.88     0.16167

Command terminated by signal 11
	Command being timed: "./lgo stead 100 2 6 0.1 1.0 12"
	User time (seconds): 647.94
	System time (seconds): 8.85
	Percent of CPU this job got: 99%
	Elapsed (wall clock) time (h:mm:ss or m:ss): 10:59.67
	Average shared text size (kbytes): 0
	Average unshared data size (kbytes): 0
	Average stack size (kbytes): 0
	Average total size (kbytes): 0
	Maximum resident set size (kbytes): 2187040
	Average resident set size (kbytes): 0
	Major (requiring I/O) page faults: 0
	Minor (reclaiming a frame) page faults: 4622753
	Voluntary context switches: 550802
	Involuntary context switches: 152579
	Swaps: 0
	File system inputs: 0
	File system outputs: 2758520
	Socket messages sent: 0
	Socket messages received: 0
	Signals delivered: 0
	Page size (bytes): 4096
	Exit status: 0
