C++17!
Using LSH-Graph for stead ...
c=        1.5
k=        100
L=        2
K=        12
T=        24
lsh_UB=   0
LOADING DATA...
Load from new file: /users/PAS2671/kabir36/kabir/similarity-search/dataset/stead/
N=    1000000
dim=  256

LOADING TIME: 1.42029s.

LOADING BENMARK...
LOADING TIME: 0.000571s.

mkdir: missing operand
Try 'mkdir --help' for more information.

START HASHING...

SETTING HASH PARAMETER...
SETTING TIME: 0.000131s.

COMPUTING HASH...
COMPUTING TIME: 0.808308s.

[1m[31mWARNING:
[31mRanges of hash values is too LARGE. 
Please increase W at least 1times.
[0m[31mOld W=    0.3
New W=    3.04876e+06
Increase  1.01625e+07times.
[0mCONSTRUCTING GRAPH...

0%   10   20   30   40   50   60   70   80   90   100%
|----|----|----|----|----|----|----|----|----|----|
***************************************************
CONSTRUCTING TIME: 1082.4s.

SAVING GRAPH...
SAVING TIME: 1.16592s.

dist=705.594116, cnt=31.998388, unique=1, std=9.340686, Recall=0.000594
cc=1476.838867, pruning=0.208629

Loading FastGraph...
*******************************************************************************************************
The result of LSH-G for stead is as follow: k=100, probQ = 0.9, L = 2, K = 12, T = 24
******************************************************************************************************
     algName       k      ef        Time      Recall        Cost        CPQ1        CPQ2     Pruning

       fastG     100     200     1.78207      0.6387     2876.26     203.752     3080.01    0.249939

Command terminated by signal 11
	Command being timed: "./lgo stead 100 2 12 0.1 1.0 24"
	User time (seconds): 1072.45
	System time (seconds): 12.76
	Percent of CPU this job got: 99%
	Elapsed (wall clock) time (h:mm:ss or m:ss): 18:09.76
	Average shared text size (kbytes): 0
	Average unshared data size (kbytes): 0
	Average stack size (kbytes): 0
	Average total size (kbytes): 0
	Maximum resident set size (kbytes): 2386244
	Average resident set size (kbytes): 0
	Major (requiring I/O) page faults: 0
	Minor (reclaiming a frame) page faults: 7010972
	Voluntary context switches: 620334
	Involuntary context switches: 242322
	Swaps: 0
	File system inputs: 0
	File system outputs: 3504984
	Socket messages sent: 0
	Socket messages received: 0
	Signals delivered: 0
	Page size (bytes): 4096
	Exit status: 0
