C++17!
Using LSH-Graph for stead ...
c=        1.5
k=        100
L=        1
K=        18
T=        12
lsh_UB=   0
LOADING DATA...
Load from new file: /users/PAS2671/kabir36/kabir/similarity-search/dataset/stead/
N=    1000000
dim=  256

LOADING TIME: 1.57154s.

LOADING BENMARK...
LOADING TIME: 0.000496s.

mkdir: missing operand
Try 'mkdir --help' for more information.

START HASHING...

SETTING HASH PARAMETER...
SETTING TIME: 9.8e-05s.

COMPUTING HASH...
COMPUTING TIME: 0.58454s.

[1m[31mWARNING:
[31mRanges of hash values is too LARGE. 
Please increase W at least 1times.
[0m[31mOld W=    0.3
New W=    1.35017e+07
Increase  4.50055e+07times.
[0mCONSTRUCTING GRAPH...

0%   10   20   30   40   50   60   70   80   90   100%
|----|----|----|----|----|----|----|----|----|----|
***************************************************
CONSTRUCTING TIME: 656.041s.

SAVING GRAPH...
SAVING TIME: 0.727337s.

dist=690.846130, cnt=15.791834, unique=1, std=4.666467, Recall=0.000000
cc=899.022522, pruning=0.175965

Loading FastGraph...
*******************************************************************************************************
The result of LSH-G for stead is as follow: k=100, probQ = 0.9, L = 1, K = 18, T = 12
******************************************************************************************************
     algName       k      ef        Time      Recall        Cost        CPQ1        CPQ2     Pruning

       fastG     100     200     0.85097      0.5906     1902.79     182.487     2085.28    0.186621

Command terminated by signal 11
	Command being timed: "./lgo stead 100 1 18 0.1 1.0 12"
	User time (seconds): 651.19
	System time (seconds): 7.55
	Percent of CPU this job got: 99%
	Elapsed (wall clock) time (h:mm:ss or m:ss): 11:01.78
	Average shared text size (kbytes): 0
	Average unshared data size (kbytes): 0
	Average stack size (kbytes): 0
	Average total size (kbytes): 0
	Maximum resident set size (kbytes): 2121424
	Average resident set size (kbytes): 0
	Major (requiring I/O) page faults: 0
	Minor (reclaiming a frame) page faults: 4118095
	Voluntary context switches: 325474
	Involuntary context switches: 153795
	Swaps: 0
	File system inputs: 0
	File system outputs: 2650592
	Socket messages sent: 0
	Socket messages received: 0
	Signals delivered: 0
	Page size (bytes): 4096
	Exit status: 0
