C++17!
Using LSH-Graph for stead ...
c=        1.5
k=        100
L=        1
K=        6
T=        24
lsh_UB=   0
LOADING DATA...
Load from new file: /users/PAS2671/kabir36/kabir/similarity-search/dataset/stead/
N=    1000000
dim=  256

LOADING TIME: 4.41756s.

LOADING BENMARK...
LOADING TIME: 0.029927s.

mkdir: missing operand
Try 'mkdir --help' for more information.

START HASHING...

SETTING HASH PARAMETER...
SETTING TIME: 4.2e-05s.

COMPUTING HASH...
COMPUTING TIME: 0.235523s.

[1m[31mWARNING:
[31mRanges of hash values is too LARGE. 
Please increase W at least 1times.
[0m[31mOld W=    0.3
New W=    81512.6
Increase  271709times.
[0mCONSTRUCTING GRAPH...

0%   10   20   30   40   50   60   70   80   90   100%
|----|----|----|----|----|----|----|----|----|----|
***************************************************
CONSTRUCTING TIME: 1126.73s.

SAVING GRAPH...
SAVING TIME: 0.853035s.

dist=683.542786, cnt=31.898537, unique=1, std=9.331315, Recall=0.000151
cc=1535.534546, pruning=0.172952

Loading FastGraph...
*******************************************************************************************************
The result of LSH-G for stead is as follow: k=100, probQ = 0.9, L = 1, K = 6, T = 24
******************************************************************************************************
     algName       k      ef        Time      Recall        Cost        CPQ1        CPQ2     Pruning

       fastG     100     200     1.09158      0.6291      2999.4     95.2134     3094.61    0.212019

Command terminated by signal 11
	Command being timed: "./lgo stead 100 1 6 0.1 1.0 24"
	User time (seconds): 1118.66
	System time (seconds): 9.71
	Percent of CPU this job got: 99%
	Elapsed (wall clock) time (h:mm:ss or m:ss): 18:55.43
	Average shared text size (kbytes): 0
	Average unshared data size (kbytes): 0
	Average stack size (kbytes): 0
	Average total size (kbytes): 0
	Maximum resident set size (kbytes): 2323884
	Average resident set size (kbytes): 0
	Major (requiring I/O) page faults: 0
	Minor (reclaiming a frame) page faults: 4252784
	Voluntary context switches: 409151
	Involuntary context switches: 255541
	Swaps: 0
	File system inputs: 540224
	File system outputs: 3214576
	Socket messages sent: 0
	Socket messages received: 0
	Signals delivered: 0
	Page size (bytes): 4096
	Exit status: 0
