C++17!
Using LSH-Graph for stead ...
c=        1.5
k=        100
L=        2
K=        18
T=        12
lsh_UB=   0
LOADING DATA...
Load from new file: /users/PAS2671/kabir36/kabir/similarity-search/dataset/stead/
N=    1000000
dim=  256

LOADING TIME: 1.58688s.

LOADING BENMARK...
LOADING TIME: 0.0006s.

mkdir: missing operand
Try 'mkdir --help' for more information.

START HASHING...

SETTING HASH PARAMETER...
SETTING TIME: 0.000186s.

COMPUTING HASH...
COMPUTING TIME: 1.39992s.

[1m[31mWARNING:
[31mRanges of hash values is too LARGE. 
Please increase W at least 1times.
[0m[31mOld W=    0.3
New W=    1.48691e+07
Increase  4.95637e+07times.
[0mCONSTRUCTING GRAPH...

0%   10   20   30   40   50   60   70   80   90   100%
|----|----|----|----|----|----|----|----|----|----|
***************************************************
CONSTRUCTING TIME: 633.794s.

SAVING GRAPH...
SAVING TIME: 0.980575s.

dist=698.854675, cnt=15.851939, unique=1, std=4.676725, Recall=0.000000
cc=877.782959, pruning=0.183201

Loading FastGraph...
*******************************************************************************************************
The result of LSH-G for stead is as follow: k=100, probQ = 0.9, L = 2, K = 18, T = 12
******************************************************************************************************
     algName       k      ef        Time      Recall        Cost        CPQ1        CPQ2     Pruning

       fastG     100     200     0.93075      0.5832      1882.7     199.866     2082.57     0.19216

Command terminated by signal 11
	Command being timed: "./lgo stead 100 2 18 0.1 1.0 12"
	User time (seconds): 629.44
	System time (seconds): 8.79
	Percent of CPU this job got: 99%
	Elapsed (wall clock) time (h:mm:ss or m:ss): 10:41.41
	Average shared text size (kbytes): 0
	Average unshared data size (kbytes): 0
	Average stack size (kbytes): 0
	Average total size (kbytes): 0
	Maximum resident set size (kbytes): 2283948
	Average resident set size (kbytes): 0
	Major (requiring I/O) page faults: 0
	Minor (reclaiming a frame) page faults: 4387520
	Voluntary context switches: 498196
	Involuntary context switches: 146979
	Swaps: 0
	File system inputs: 0
	File system outputs: 3141832
	Socket messages sent: 0
	Socket messages received: 0
	Signals delivered: 0
	Page size (bytes): 4096
	Exit status: 0
