C++17!
Using LSH-Graph for stead ...
c=        1.5
k=        100
L=        1
K=        18
T=        24
lsh_UB=   0
LOADING DATA...
Load from new file: /users/PAS2671/kabir36/kabir/similarity-search/dataset/stead/
N=    1000000
dim=  256

LOADING TIME: 1.59382s.

LOADING BENMARK...
LOADING TIME: 0.000523s.

mkdir: missing operand
Try 'mkdir --help' for more information.

START HASHING...

SETTING HASH PARAMETER...
SETTING TIME: 9.9e-05s.

COMPUTING HASH...
COMPUTING TIME: 0.58617s.

[1m[31mWARNING:
[31mRanges of hash values is too LARGE. 
Please increase W at least 1times.
[0m[31mOld W=    0.3
New W=    1.35017e+07
Increase  4.50055e+07times.
[0mCONSTRUCTING GRAPH...

0%   10   20   30   40   50   60   70   80   90   100%
|----|----|----|----|----|----|----|----|----|----|
***************************************************
CONSTRUCTING TIME: 1126.45s.

SAVING GRAPH...
SAVING TIME: 0.91596s.

dist=727.093811, cnt=31.973539, unique=1, std=9.340452, Recall=0.000149
cc=1466.240479, pruning=0.233808

Loading FastGraph...
*******************************************************************************************************
The result of LSH-G for stead is as follow: k=100, probQ = 0.9, L = 1, K = 18, T = 24
******************************************************************************************************
     algName       k      ef        Time      Recall        Cost        CPQ1        CPQ2     Pruning

       fastG     100     200     1.49337      0.6431     2883.18     286.347     3169.53    0.244546

Command terminated by signal 11
	Command being timed: "./lgo stead 100 1 18 0.1 1.0 24"
	User time (seconds): 1117.88
	System time (seconds): 10.55
	Percent of CPU this job got: 99%
	Elapsed (wall clock) time (h:mm:ss or m:ss): 18:52.94
	Average shared text size (kbytes): 0
	Average unshared data size (kbytes): 0
	Average stack size (kbytes): 0
	Average total size (kbytes): 0
	Maximum resident set size (kbytes): 2324052
	Average resident set size (kbytes): 0
	Major (requiring I/O) page faults: 0
	Minor (reclaiming a frame) page faults: 5301664
	Voluntary context switches: 420166
	Involuntary context switches: 255569
	Swaps: 0
	File system inputs: 0
	File system outputs: 3309832
	Socket messages sent: 0
	Socket messages received: 0
	Signals delivered: 0
	Page size (bytes): 4096
	Exit status: 0
