C++17!
Using LSH-Graph for stead ...
c=        1.5
k=        100
L=        2
K=        6
T=        24
lsh_UB=   0
LOADING DATA...
Load from new file: /users/PAS2671/kabir36/kabir/similarity-search/dataset/stead/
N=    1000000
dim=  256

LOADING TIME: 1.56958s.

LOADING BENMARK...
LOADING TIME: 0.000466s.

mkdir: missing operand
Try 'mkdir --help' for more information.

START HASHING...

SETTING HASH PARAMETER...
SETTING TIME: 7.6e-05s.

COMPUTING HASH...
COMPUTING TIME: 0.401546s.

[1m[31mWARNING:
[31mRanges of hash values is too LARGE. 
Please increase W at least 1times.
[0m[31mOld W=    0.3
New W=    92386.7
Increase  307956times.
[0mCONSTRUCTING GRAPH...

0%   10   20   30   40   50   60   70   80   90   100%
|----|----|----|----|----|----|----|----|----|----|
***************************************************
CONSTRUCTING TIME: 1079.79s.

SAVING GRAPH...
SAVING TIME: 1.12128s.

dist=699.328674, cnt=31.977406, unique=1, std=9.349019, Recall=0.000436
cc=1516.703979, pruning=0.172161

Loading FastGraph...
*******************************************************************************************************
The result of LSH-G for stead is as follow: k=100, probQ = 0.9, L = 2, K = 6, T = 24
******************************************************************************************************
     algName       k      ef        Time      Recall        Cost        CPQ1        CPQ2     Pruning

       fastG     100     200      1.0261      0.6188     2988.18     98.3022     3086.48    0.188486

Command terminated by signal 11
	Command being timed: "./lgo stead 100 2 6 0.1 1.0 24"
	User time (seconds): 1069.96
	System time (seconds): 12.08
	Percent of CPU this job got: 99%
	Elapsed (wall clock) time (h:mm:ss or m:ss): 18:07.04
	Average shared text size (kbytes): 0
	Average unshared data size (kbytes): 0
	Average stack size (kbytes): 0
	Average total size (kbytes): 0
	Maximum resident set size (kbytes): 2386576
	Average resident set size (kbytes): 0
	Major (requiring I/O) page faults: 0
	Minor (reclaiming a frame) page faults: 6972146
	Voluntary context switches: 628315
	Involuntary context switches: 240796
	Swaps: 0
	File system inputs: 0
	File system outputs: 3411552
	Socket messages sent: 0
	Socket messages received: 0
	Signals delivered: 0
	Page size (bytes): 4096
	Exit status: 0
