C++17!
Using LSH-Graph for sun ...
c=        1.5
k=        20
L=        1
K=        12
T=        12
lsh_UB=   0
LOADING DATA...
Load from new file: /users/PAS2671/kabir36/kabir/similarity-search/dataset/sun/
N=    79106
dim=  512

LOADING TIME: 0.2434s.

LOADING BENMARK...
LOADING TIME: 0.0006s.

mkdir: missing operand
Try 'mkdir --help' for more information.

START HASHING...

SETTING HASH PARAMETER...
SETTING TIME: 0.000149s.

COMPUTING HASH...
COMPUTING TIME: 0.071322s.

[1m[31mWARNING:
[31mRanges of hash values is too LARGE. 
Please increase W at least 1times.
[0m[31mOld W=    0.3
New W=    46523.8
Increase  155079times.
[0mCONSTRUCTING GRAPH...

0%   10   20   30   40   50   60   70   80   90   100%
|----|----|----|----|----|----|----|----|----|----|
***************************************************
CONSTRUCTING TIME: 59.7929s.

SAVING GRAPH...
SAVING TIME: 0.069948s.

dist=89412.679688, cnt=16.512667, unique=1, std=4.825051, Recall=0.524853
cc=773.926514, pruning=0.123107

Loading FastGraph...
*******************************************************************************************************
The result of LSH-G for sun is as follow: k=20, probQ = 0.9, L = 1, K = 12, T = 12
******************************************************************************************************
     algName       k      ef        Time      Recall        Cost        CPQ1        CPQ2     Pruning

       fastG      20     200      1.0906      0.9625     1942.99     65.5764     2008.57    0.150021


******************************************************************************************************
                                                                                    1180-4:5:24
*****************************************************************************************************


	Command being timed: "./lgo sun 20 1 12 0.1 1.0 12"
	User time (seconds): 59.71
	System time (seconds): 0.47
	Percent of CPU this job got: 99%
	Elapsed (wall clock) time (h:mm:ss or m:ss): 1:00.41
	Average shared text size (kbytes): 0
	Average unshared data size (kbytes): 0
	Average stack size (kbytes): 0
	Average total size (kbytes): 0
	Maximum resident set size (kbytes): 337140
	Average resident set size (kbytes): 0
	Major (requiring I/O) page faults: 0
	Minor (reclaiming a frame) page faults: 145957
	Voluntary context switches: 28133
	Involuntary context switches: 13174
	Swaps: 0
	File system inputs: 0
	File system outputs: 32432
	Socket messages sent: 0
	Socket messages received: 0
	Signals delivered: 0
	Page size (bytes): 4096
	Exit status: 0
