C++17!
Using LSH-Graph for sun ...
c=        1.5
k=        20
L=        2
K=        6
T=        24
lsh_UB=   0
LOADING DATA...
Load from new file: /users/PAS2671/kabir36/kabir/similarity-search/dataset/sun/
N=    79106
dim=  512

LOADING TIME: 0.233844s.

LOADING BENMARK...
LOADING TIME: 0.00046s.

mkdir: missing operand
Try 'mkdir --help' for more information.

START HASHING...

SETTING HASH PARAMETER...
SETTING TIME: 0.000139s.

COMPUTING HASH...
COMPUTING TIME: 0.066625s.

[1m[31mWARNING:
[31mRanges of hash values is too LARGE. 
Please increase W at least 1times.
[0m[31mOld W=    0.3
New W=    1409.81
Increase  4699.37times.
[0mCONSTRUCTING GRAPH...

0%   10   20   30   40   50   60   70   80   90   100%
|----|----|----|----|----|----|----|----|----|----|
***************************************************
CONSTRUCTING TIME: 100.389s.

SAVING GRAPH...
SAVING TIME: 0.115387s.

dist=91053.468750, cnt=33.483856, unique=1, std=9.568904, Recall=0.549828
cc=1287.793579, pruning=0.113874

Loading FastGraph...
*******************************************************************************************************
The result of LSH-G for sun is as follow: k=20, probQ = 0.9, L = 2, K = 6, T = 24
******************************************************************************************************
     algName       k      ef        Time      Recall        Cost        CPQ1        CPQ2     Pruning

       fastG      20     200     1.91137      0.9835     3046.55     54.2284     3100.78    0.154555


******************************************************************************************************
                                                                                    1180-4:12:25
*****************************************************************************************************


	Command being timed: "./lgo sun 20 2 6 0.1 1.0 24"
	User time (seconds): 100.12
	System time (seconds): 0.71
	Percent of CPU this job got: 99%
	Elapsed (wall clock) time (h:mm:ss or m:ss): 1:41.15
	Average shared text size (kbytes): 0
	Average unshared data size (kbytes): 0
	Average stack size (kbytes): 0
	Average total size (kbytes): 0
	Maximum resident set size (kbytes): 348300
	Average resident set size (kbytes): 0
	Major (requiring I/O) page faults: 0
	Minor (reclaiming a frame) page faults: 218159
	Voluntary context switches: 51988
	Involuntary context switches: 20670
	Swaps: 0
	File system inputs: 0
	File system outputs: 55368
	Socket messages sent: 0
	Socket messages received: 0
	Signals delivered: 0
	Page size (bytes): 4096
	Exit status: 0
