C++17!
Using LSH-Graph for sun ...
c=        1.5
k=        20
L=        1
K=        18
T=        24
lsh_UB=   0
LOADING DATA...
Load from new file: /users/PAS2671/kabir36/kabir/similarity-search/dataset/sun/
N=    79106
dim=  512

LOADING TIME: 0.251153s.

LOADING BENMARK...
LOADING TIME: 0.000495s.

mkdir: missing operand
Try 'mkdir --help' for more information.

START HASHING...

SETTING HASH PARAMETER...
SETTING TIME: 0.000202s.

COMPUTING HASH...
COMPUTING TIME: 0.109081s.

[1m[31mWARNING:
[31mRanges of hash values is too LARGE. 
Please increase W at least 1times.
[0m[31mOld W=    0.3
New W=    206034
Increase  686779times.
[0mCONSTRUCTING GRAPH...

0%   10   20   30   40   50   60   70   80   90   100%
|----|----|----|----|----|----|----|----|----|----|
***************************************************
CONSTRUCTING TIME: 97.7963s.

SAVING GRAPH...
SAVING TIME: 0.088302s.

dist=91146.851562, cnt=33.487320, unique=1, std=9.585726, Recall=0.531440
cc=1158.327759, pruning=0.235041

Loading FastGraph...
*******************************************************************************************************
The result of LSH-G for sun is as follow: k=20, probQ = 0.9, L = 1, K = 18, T = 24
******************************************************************************************************
     algName       k      ef        Time      Recall        Cost        CPQ1        CPQ2     Pruning

       fastG      20     200     1.92221       0.991      2673.8     153.557     2827.36     0.30656


******************************************************************************************************
                                                                                    1180-4:9:41
*****************************************************************************************************


	Command being timed: "./lgo sun 20 1 18 0.1 1.0 24"
	User time (seconds): 97.64
	System time (seconds): 0.64
	Percent of CPU this job got: 99%
	Elapsed (wall clock) time (h:mm:ss or m:ss): 1:38.61
	Average shared text size (kbytes): 0
	Average unshared data size (kbytes): 0
	Average stack size (kbytes): 0
	Average total size (kbytes): 0
	Maximum resident set size (kbytes): 342992
	Average resident set size (kbytes): 0
	Major (requiring I/O) page faults: 0
	Minor (reclaiming a frame) page faults: 215772
	Voluntary context switches: 35511
	Involuntary context switches: 20325
	Swaps: 0
	File system inputs: 0
	File system outputs: 57248
	Socket messages sent: 0
	Socket messages received: 0
	Signals delivered: 0
	Page size (bytes): 4096
	Exit status: 0
