C++17!
Using LSH-Graph for sun ...
c=        1.5
k=        20
L=        2
K=        18
T=        12
lsh_UB=   0
LOADING DATA...
Load from new file: /users/PAS2671/kabir36/kabir/similarity-search/dataset/sun/
N=    79106
dim=  512

LOADING TIME: 0.25947s.

LOADING BENMARK...
LOADING TIME: 0.000442s.

mkdir: missing operand
Try 'mkdir --help' for more information.

START HASHING...

SETTING HASH PARAMETER...
SETTING TIME: 0.000392s.

COMPUTING HASH...
COMPUTING TIME: 0.217983s.

[1m[31mWARNING:
[31mRanges of hash values is too LARGE. 
Please increase W at least 1times.
[0m[31mOld W=    0.3
New W=    252171
Increase  840569times.
[0mCONSTRUCTING GRAPH...

0%   10   20   30   40   50   60   70   80   90   100%
|----|----|----|----|----|----|----|----|----|----|
***************************************************
CONSTRUCTING TIME: 63.7296s.

SAVING GRAPH...
SAVING TIME: 0.103841s.

dist=88984.726562, cnt=16.517508, unique=1, std=4.820525, Recall=0.532214
cc=739.815308, pruning=0.170575

Loading FastGraph...
*******************************************************************************************************
The result of LSH-G for sun is as follow: k=20, probQ = 0.9, L = 2, K = 18, T = 12
******************************************************************************************************
     algName       k      ef        Time      Recall        Cost        CPQ1        CPQ2     Pruning

       fastG      20     200     1.37028       0.961     1869.08     119.501     1988.58    0.213067


******************************************************************************************************
                                                                                    1180-4:16:10
*****************************************************************************************************


	Command being timed: "./lgo sun 20 2 18 0.1 1.0 12"
	User time (seconds): 63.75
	System time (seconds): 0.65
	Percent of CPU this job got: 99%
	Elapsed (wall clock) time (h:mm:ss or m:ss): 1:04.60
	Average shared text size (kbytes): 0
	Average unshared data size (kbytes): 0
	Average stack size (kbytes): 0
	Average total size (kbytes): 0
	Maximum resident set size (kbytes): 341664
	Average resident set size (kbytes): 0
	Major (requiring I/O) page faults: 0
	Minor (reclaiming a frame) page faults: 149313
	Voluntary context switches: 49762
	Involuntary context switches: 13940
	Swaps: 0
	File system inputs: 0
	File system outputs: 49248
	Socket messages sent: 0
	Socket messages received: 0
	Signals delivered: 0
	Page size (bytes): 4096
	Exit status: 0
