C++17!
Using LSH-Graph for sun ...
c=        1.5
k=        20
L=        1
K=        12
T=        24
lsh_UB=   0
LOADING DATA...
Load from new file: /users/PAS2671/kabir36/kabir/similarity-search/dataset/sun/
N=    79106
dim=  512

LOADING TIME: 0.235837s.

LOADING BENMARK...
LOADING TIME: 0.000456s.

mkdir: missing operand
Try 'mkdir --help' for more information.

START HASHING...

SETTING HASH PARAMETER...
SETTING TIME: 0.000152s.

COMPUTING HASH...
COMPUTING TIME: 0.07181s.

[1m[31mWARNING:
[31mRanges of hash values is too LARGE. 
Please increase W at least 1times.
[0m[31mOld W=    0.3
New W=    46523.8
Increase  155079times.
[0mCONSTRUCTING GRAPH...

0%   10   20   30   40   50   60   70   80   90   100%
|----|----|----|----|----|----|----|----|----|----|
***************************************************
CONSTRUCTING TIME: 96.8036s.

SAVING GRAPH...
SAVING TIME: 0.088974s.

dist=91307.023438, cnt=33.483402, unique=1, std=9.590560, Recall=0.536721
cc=1221.020752, pruning=0.164162

Loading FastGraph...
*******************************************************************************************************
The result of LSH-G for sun is as follow: k=20, probQ = 0.9, L = 1, K = 12, T = 24
******************************************************************************************************
     algName       k      ef        Time      Recall        Cost        CPQ1        CPQ2     Pruning

       fastG      20     200     1.54197      0.9925     2893.76     97.0997     2990.86    0.203023


******************************************************************************************************
                                                                                    1180-4:7:2
*****************************************************************************************************


	Command being timed: "./lgo sun 20 1 12 0.1 1.0 24"
	User time (seconds): 96.50
	System time (seconds): 0.59
	Percent of CPU this job got: 99%
	Elapsed (wall clock) time (h:mm:ss or m:ss): 1:37.48
	Average shared text size (kbytes): 0
	Average unshared data size (kbytes): 0
	Average stack size (kbytes): 0
	Average total size (kbytes): 0
	Maximum resident set size (kbytes): 344880
	Average resident set size (kbytes): 0
	Major (requiring I/O) page faults: 0
	Minor (reclaiming a frame) page faults: 212585
	Voluntary context switches: 36815
	Involuntary context switches: 20160
	Swaps: 0
	File system inputs: 0
	File system outputs: 53456
	Socket messages sent: 0
	Socket messages received: 0
	Signals delivered: 0
	Page size (bytes): 4096
	Exit status: 0
