C++17!
Using LSH-Graph for sun ...
c=        1.5
k=        20
L=        2
K=        6
T=        12
lsh_UB=   0
LOADING DATA...
Load from new file: /users/PAS2671/kabir36/kabir/similarity-search/dataset/sun/
N=    79106
dim=  512

LOADING TIME: 0.240558s.

LOADING BENMARK...
LOADING TIME: 0.000428s.

mkdir: missing operand
Try 'mkdir --help' for more information.

START HASHING...

SETTING HASH PARAMETER...
SETTING TIME: 0.00014s.

COMPUTING HASH...
COMPUTING TIME: 0.075329s.

[1m[31mWARNING:
[31mRanges of hash values is too LARGE. 
Please increase W at least 1times.
[0m[31mOld W=    0.3
New W=    1409.81
Increase  4699.37times.
[0mCONSTRUCTING GRAPH...

0%   10   20   30   40   50   60   70   80   90   100%
|----|----|----|----|----|----|----|----|----|----|
***************************************************
CONSTRUCTING TIME: 61.9401s.

SAVING GRAPH...
SAVING TIME: 0.091884s.

dist=89616.437500, cnt=16.503223, unique=1, std=4.822148, Recall=0.491303
cc=803.825500, pruning=0.088537

Loading FastGraph...
*******************************************************************************************************
The result of LSH-G for sun is as follow: k=20, probQ = 0.9, L = 2, K = 6, T = 12
******************************************************************************************************
     algName       k      ef        Time      Recall        Cost        CPQ1        CPQ2     Pruning

       fastG      20     200     1.09256       0.958     2030.88     38.9721     2069.85    0.117629


******************************************************************************************************
                                                                                    1180-4:10:44
*****************************************************************************************************


	Command being timed: "./lgo sun 20 2 6 0.1 1.0 12"
	User time (seconds): 61.85
	System time (seconds): 0.57
	Percent of CPU this job got: 99%
	Elapsed (wall clock) time (h:mm:ss or m:ss): 1:02.60
	Average shared text size (kbytes): 0
	Average unshared data size (kbytes): 0
	Average stack size (kbytes): 0
	Average total size (kbytes): 0
	Maximum resident set size (kbytes): 342080
	Average resident set size (kbytes): 0
	Major (requiring I/O) page faults: 0
	Minor (reclaiming a frame) page faults: 147488
	Voluntary context switches: 45507
	Involuntary context switches: 13478
	Swaps: 0
	File system inputs: 0
	File system outputs: 34344
	Socket messages sent: 0
	Socket messages received: 0
	Signals delivered: 0
	Page size (bytes): 4096
	Exit status: 0
