C++17!
Using LSH-Graph for sun ...
c=        1.5
k=        20
L=        2
K=        12
T=        24
lsh_UB=   0
LOADING DATA...
Load from new file: /users/PAS2671/kabir36/kabir/similarity-search/dataset/sun/
N=    79106
dim=  512

LOADING TIME: 0.240918s.

LOADING BENMARK...
LOADING TIME: 0.000478s.

mkdir: missing operand
Try 'mkdir --help' for more information.

START HASHING...

SETTING HASH PARAMETER...
SETTING TIME: 0.000259s.

COMPUTING HASH...
COMPUTING TIME: 0.142084s.

[1m[31mWARNING:
[31mRanges of hash values is too LARGE. 
Please increase W at least 1times.
[0m[31mOld W=    0.3
New W=    56941.8
Increase  189806times.
[0mCONSTRUCTING GRAPH...

0%   10   20   30   40   50   60   70   80   90   100%
|----|----|----|----|----|----|----|----|----|----|
***************************************************
CONSTRUCTING TIME: 98.8164s.

SAVING GRAPH...
SAVING TIME: 0.102145s.

dist=90647.812500, cnt=33.471455, unique=1, std=9.565211, Recall=0.560506
cc=1226.192749, pruning=0.163702

Loading FastGraph...
*******************************************************************************************************
The result of LSH-G for sun is as follow: k=20, probQ = 0.9, L = 2, K = 12, T = 24
******************************************************************************************************
     algName       k      ef        Time      Recall        Cost        CPQ1        CPQ2     Pruning

       fastG      20     200     1.49662      0.9925     2925.83     109.623     3035.45    0.199113


******************************************************************************************************
                                                                                    1180-4:15:6
*****************************************************************************************************


	Command being timed: "./lgo sun 20 2 12 0.1 1.0 24"
	User time (seconds): 98.56
	System time (seconds): 0.75
	Percent of CPU this job got: 99%
	Elapsed (wall clock) time (h:mm:ss or m:ss): 1:39.60
	Average shared text size (kbytes): 0
	Average unshared data size (kbytes): 0
	Average stack size (kbytes): 0
	Average total size (kbytes): 0
	Maximum resident set size (kbytes): 349892
	Average resident set size (kbytes): 0
	Major (requiring I/O) page faults: 0
	Minor (reclaiming a frame) page faults: 220051
	Voluntary context switches: 53805
	Involuntary context switches: 20357
	Swaps: 0
	File system inputs: 0
	File system outputs: 62800
	Socket messages sent: 0
	Socket messages received: 0
	Signals delivered: 0
	Page size (bytes): 4096
	Exit status: 0
