C++17!
Using LSH-Graph for sun ...
c=        1.5
k=        20
L=        2
K=        18
T=        24
lsh_UB=   0
LOADING DATA...
Load from new file: /users/PAS2671/kabir36/kabir/similarity-search/dataset/sun/
N=    79106
dim=  512

LOADING TIME: 0.239552s.

LOADING BENMARK...
LOADING TIME: 0.000446s.

mkdir: missing operand
Try 'mkdir --help' for more information.

START HASHING...

SETTING HASH PARAMETER...
SETTING TIME: 0.000389s.

COMPUTING HASH...
COMPUTING TIME: 0.234475s.

[1m[31mWARNING:
[31mRanges of hash values is too LARGE. 
Please increase W at least 1times.
[0m[31mOld W=    0.3
New W=    252171
Increase  840569times.
[0mCONSTRUCTING GRAPH...

0%   10   20   30   40   50   60   70   80   90   100%
|----|----|----|----|----|----|----|----|----|----|
***************************************************
CONSTRUCTING TIME: 103.908s.

SAVING GRAPH...
SAVING TIME: 0.122918s.

dist=91484.179688, cnt=33.437805, unique=1, std=9.568835, Recall=0.538484
cc=1153.886719, pruning=0.233359

Loading FastGraph...
*******************************************************************************************************
The result of LSH-G for sun is as follow: k=20, probQ = 0.9, L = 2, K = 18, T = 24
******************************************************************************************************
     algName       k      ef        Time      Recall        Cost        CPQ1        CPQ2     Pruning

       fastG      20     200     1.66693      0.9935     2699.83     171.575     2871.41      0.2999


******************************************************************************************************
                                                                                    1180-4:17:55
*****************************************************************************************************


	Command being timed: "./lgo sun 20 2 18 0.1 1.0 24"
	User time (seconds): 103.70
	System time (seconds): 0.80
	Percent of CPU this job got: 99%
	Elapsed (wall clock) time (h:mm:ss or m:ss): 1:44.84
	Average shared text size (kbytes): 0
	Average unshared data size (kbytes): 0
	Average stack size (kbytes): 0
	Average total size (kbytes): 0
	Maximum resident set size (kbytes): 347692
	Average resident set size (kbytes): 0
	Major (requiring I/O) page faults: 0
	Minor (reclaiming a frame) page faults: 221982
	Voluntary context switches: 55730
	Involuntary context switches: 21677
	Swaps: 0
	File system inputs: 0
	File system outputs: 70192
	Socket messages sent: 0
	Socket messages received: 0
	Signals delivered: 0
	Page size (bytes): 4096
	Exit status: 0
