C++17!
Using LSH-Graph for sun ...
c=        1.5
k=        20
L=        1
K=        18
T=        12
lsh_UB=   0
LOADING DATA...
Load from new file: /users/PAS2671/kabir36/kabir/similarity-search/dataset/sun/
N=    79106
dim=  512

LOADING TIME: 0.248418s.

LOADING BENMARK...
LOADING TIME: 0.00055s.

mkdir: missing operand
Try 'mkdir --help' for more information.

START HASHING...

SETTING HASH PARAMETER...
SETTING TIME: 0.00021s.

COMPUTING HASH...
COMPUTING TIME: 0.113296s.

[1m[31mWARNING:
[31mRanges of hash values is too LARGE. 
Please increase W at least 1times.
[0m[31mOld W=    0.3
New W=    206034
Increase  686779times.
[0mCONSTRUCTING GRAPH...

0%   10   20   30   40   50   60   70   80   90   100%
|----|----|----|----|----|----|----|----|----|----|
***************************************************
CONSTRUCTING TIME: 60.0495s.

SAVING GRAPH...
SAVING TIME: 0.069193s.

dist=89688.859375, cnt=16.510340, unique=1, std=4.833913, Recall=0.519685
cc=742.714722, pruning=0.172078

Loading FastGraph...
*******************************************************************************************************
The result of LSH-G for sun is as follow: k=20, probQ = 0.9, L = 1, K = 18, T = 12
******************************************************************************************************
     algName       k      ef        Time      Recall        Cost        CPQ1        CPQ2     Pruning

       fastG      20     200     1.06444      0.9665     1830.88     100.644     1931.52    0.221156


******************************************************************************************************
                                                                                    1180-4:8:3
*****************************************************************************************************


	Command being timed: "./lgo sun 20 1 18 0.1 1.0 12"
	User time (seconds): 60.04
	System time (seconds): 0.49
	Percent of CPU this job got: 99%
	Elapsed (wall clock) time (h:mm:ss or m:ss): 1:00.71
	Average shared text size (kbytes): 0
	Average unshared data size (kbytes): 0
	Average stack size (kbytes): 0
	Average total size (kbytes): 0
	Maximum resident set size (kbytes): 336836
	Average resident set size (kbytes): 0
	Major (requiring I/O) page faults: 0
	Minor (reclaiming a frame) page faults: 145923
	Voluntary context switches: 28946
	Involuntary context switches: 13024
	Swaps: 0
	File system inputs: 0
	File system outputs: 36192
	Socket messages sent: 0
	Socket messages received: 0
	Signals delivered: 0
	Page size (bytes): 4096
	Exit status: 0
