C++17!
Using LSH-Graph for text-to-image ...
c=        1.5
k=        100
L=        1
K=        6
T=        24
lsh_UB=   0
LOADING DATA...
Load from new file: /users/PAS2671/kabir36/kabir/similarity-search/dataset/text-to-image/
N=    1000000
dim=  200

LOADING TIME: 4.0855s.

LOADING BENMARK...
LOADING TIME: 0.025059s.

mkdir: missing operand
Try 'mkdir --help' for more information.

START HASHING...

SETTING HASH PARAMETER...
SETTING TIME: 5.4e-05s.

COMPUTING HASH...
COMPUTING TIME: 0.352631s.

[31mOld W=    0.3
New W=    0.3
Increase  1times.
[0mCONSTRUCTING GRAPH...

0%   10   20   30   40   50   60   70   80   90   100%
|----|----|----|----|----|----|----|----|----|----|
***************************************************
CONSTRUCTING TIME: 859.895s.

SAVING GRAPH...
SAVING TIME: 0.914401s.

dist=0.712341, cnt=37.077415, unique=1, std=9.266521, Recall=0.000000
cc=1098.319214, pruning=0.121373

Loading FastGraph...
*******************************************************************************************************
The result of LSH-G for text-to-image is as follow: k=100, probQ = 0.9, L = 1, K = 6, T = 24
******************************************************************************************************
     algName       k      ef        Time      Recall        Cost        CPQ1        CPQ2     Pruning

       fastG     100     200     0.99316      0.9747     2005.47      81.131      2086.6     0.19921

*** Error in `./lgo': free(): invalid pointer: 0x0000000030a46791 ***
======= Backtrace: =========
/lib64/libc.so.6(+0x81329)[0x2b8bef369329]
./lgo[0x40bb5e]
./lgo[0x408415]
/lib64/libc.so.6(__libc_start_main+0xf5)[0x2b8bef30a555]
./lgo[0x408e0c]
======= Memory map: ========
00400000-00449000 r-xp 00000000 00:38 1794793                            /users/PAS2671/kabir36/kabir/similarity-search/models/LSH-APG/cppCode/LSH-APG/lgo
00648000-0064a000 r--p 00048000 00:38 1794793                            /users/PAS2671/kabir36/kabir/similarity-search/models/LSH-APG/cppCode/LSH-APG/lgo
0064a000-0064b000 rw-p 0004a000 00:38 1794793                            /users/PAS2671/kabir36/kabir/similarity-search/models/LSH-APG/cppCode/LSH-APG/lgo
01860000-66021000 rw-p 00000000 00:00 0                                  [heap]
2b8bedf9a000-2b8bedfbc000 r-xp 00000000 00:24 3428292698                 /usr/lib64/ld-2.17.so
2b8bedfbc000-2b8bedfc3000 rw-p 00000000 00:00 0 
2b8bee009000-2b8bee010000 rw-p 00000000 00:00 0 
2b8bee1bb000-2b8bee1bc000 r--p 00021000 00:24 3428292698                 /usr/lib64/ld-2.17.so
2b8bee1bc000-2b8bee1bd000 rw-p 00022000 00:24 3428292698                 /usr/lib64/ld-2.17.so
2b8bee1bd000-2b8bee1be000 rw-p 00000000 00:00 0 
2b8bee1be000-2b8bee1f6000 r-xp 00000000 00:2c 19202863                   /apps/xalt/2.10.29/lib64/libxalt_init.so
2b8bee1f6000-2b8bee3f6000 ---p 00038000 00:2c 19202863                   /apps/xalt/2.10.29/lib64/libxalt_init.so
2b8bee3f6000-2b8bee3f7000 r--p 00038000 00:2c 19202863                   /apps/xalt/2.10.29/lib64/libxalt_init.so
2b8bee3f7000-2b8bee3f8000 rw-p 00039000 00:2c 19202863                   /apps/xalt/2.10.29/lib64/libxalt_init.so
2b8bee3f8000-2b8bee3f9000 rw-p 00000000 00:00 0 
2b8bee3f9000-2b8bee400000 r-xp 00000000 00:24 3428781212                 /usr/lib64/librt-2.17.so
2b8bee400000-2b8bee5ff000 ---p 00007000 00:24 3428781212                 /usr/lib64/librt-2.17.so
2b8bee5ff000-2b8bee600000 r--p 00006000 00:24 3428781212                 /usr/lib64/librt-2.17.so
2b8bee600000-2b8bee601000 rw-p 00007000 00:24 3428781212                 /usr/lib64/librt-2.17.so
2b8bee601000-2b8bee775000 r-xp 00000000 00:2c 7905980                    /apps/gnu/8.4.0/lib64/libstdc++.so.6.0.25
2b8bee775000-2b8bee974000 ---p 00174000 00:2c 7905980                    /apps/gnu/8.4.0/lib64/libstdc++.so.6.0.25
2b8bee974000-2b8bee97e000 r--p 00173000 00:2c 7905980                    /apps/gnu/8.4.0/lib64/libstdc++.so.6.0.25
2b8bee97e000-2b8bee980000 rw-p 0017d000 00:2c 7905980                    /apps/gnu/8.4.0/lib64/libstdc++.so.6.0.25
2b8bee980000-2b8bee984000 rw-p 00000000 00:00 0 
2b8bee984000-2b8beea85000 r-xp 00000000 00:24 3428781161                 /usr/lib64/libm-2.17.so
2b8beea85000-2b8beec84000 ---p 00101000 00:24 3428781161                 /usr/lib64/libm-2.17.so
2b8beec84000-2b8beec85000 r--p 00100000 00:24 3428781161                 /usr/lib64/libm-2.17.so
2b8beec85000-2b8beec86000 rw-p 00101000 00:24 3428781161                 /usr/lib64/libm-2.17.so
2b8beec86000-2b8beecb3000 r-xp 00000000 00:2c 5669150                    /apps/gnu/8.4.0/lib64/libgomp.so.1.0.0
2b8beecb3000-2b8beeeb2000 ---p 0002d000 00:2c 5669150                    /apps/gnu/8.4.0/lib64/libgomp.so.1.0.0
2b8beeeb2000-2b8beeeb3000 r--p 0002c000 00:2c 5669150                    /apps/gnu/8.4.0/lib64/libgomp.so.1.0.0
2b8beeeb3000-2b8beeeb4000 rw-p 0002d000 00:2c 5669150                    /apps/gnu/8.4.0/lib64/libgomp.so.1.0.0
2b8beeeb4000-2b8beeecb000 r-xp 00000000 00:2c 5669148                    /apps/gnu/8.4.0/lib64/libgcc_s.so.1
2b8beeecb000-2b8bef0ca000 ---p 00017000 00:2c 5669148                    /apps/gnu/8.4.0/lib64/libgcc_s.so.1
2b8bef0ca000-2b8bef0cb000 r--p 00016000 00:2c 5669148                    /apps/gnu/8.4.0/lib64/libgcc_s.so.1
2b8bef0cb000-2b8bef0cc000 rw-p 00017000 00:2c 5669148                    /apps/gnu/8.4.0/lib64/libgcc_s.so.1
2b8bef0cc000-2b8bef0e3000 r-xp 00000000 00:24 3428781193                 /usr/lib64/libpthread-2.17.so
2b8bef0e3000-2b8bef2e2000 ---p 00017000 00:24 3428781193                 /usr/lib64/libpthread-2.17.so
2b8bef2e2000-2b8bef2e3000 r--p 00016000 00:24 3428781193                 /usr/lib64/libpthread-2.17.so
2b8bef2e3000-2b8bef2e4000 rw-p 00017000 00:24 3428781193                 /usr/lib64/libpthread-2.17.so
2b8bef2e4000-2b8bef2e8000 rw-p 00000000 00:00 0 
2b8bef2e8000-2b8bef4ac000 r-xp 00000000 00:24 3428781146                 /usr/lib64/libc-2.17.so
2b8bef4ac000-2b8bef6ab000 ---p 001c4000 00:24 3428781146                 /usr/lib64/libc-2.17.so
2b8bef6ab000-2b8bef6af000 r--p 001c3000 00:24 3428781146                 /usr/lib64/libc-2.17.so
2b8bef6af000-2b8bef6b1000 rw-p 001c7000 00:24 3428781146                 /usr/lib64/libc-2.17.so
2b8bef6b1000-2b8bef6b6000 rw-p 00000000 00:00 0 
2b8bef6b6000-2b8bef6b8000 r-xp 00000000 00:24 3428781159                 /usr/lib64/libdl-2.17.so
2b8bef6b8000-2b8bef8b8000 ---p 00002000 00:24 3428781159                 /usr/lib64/libdl-2.17.so
2b8bef8b8000-2b8bef8b9000 r--p 00002000 00:24 3428781159                 /usr/lib64/libdl-2.17.so
2b8bef8b9000-2b8bef8ba000 rw-p 00003000 00:24 3428781159                 /usr/lib64/libdl-2.17.so
2b8bef8ba000-2b8bef8be000 r-xp 00000000 00:2c 21954920                   /apps/xalt/2.10.29/lib64/libuuid.so.1.3.0
2b8bef8be000-2b8befabd000 ---p 00004000 00:2c 21954920                   /apps/xalt/2.10.29/lib64/libuuid.so.1.3.0
2b8befabd000-2b8befabe000 r--p 00003000 00:2c 21954920                   /apps/xalt/2.10.29/lib64/libuuid.so.1.3.0
2b8befabe000-2b8befabf000 rw-p 00004000 00:2c 21954920                   /apps/xalt/2.10.29/lib64/libuuid.so.1.3.0
2b8bf950c000-2b8bf950d000 ---p 00000000 00:00 0 
2b8bf950d000-2b8bf970d000 rw-p 00000000 00:00 0 
2b8bf970d000-2b8bf970e000 ---p 00000000 00:00 0 
2b8bf970e000-2b8bf990e000 rw-p 00000000 00:00 0 
2b8bf990e000-2b8bf990f000 ---p 00000000 00:00 0 
2b8bf990f000-2b8bf9b0f000 rw-p 00000000 00:00 0 
2b8bf9b0f000-2b8bf9b10000 ---p 00000000 00:00 0 
2b8bf9b10000-2b8bf9d10000 rw-p 00000000 00:00 0 
2b8bf9d10000-2b8bf9d11000 ---p 00000000 00:00 0 
2b8bf9d11000-2b8bf9f11000 rw-p 00000000 00:00 0 
2b8bf9f11000-2b8bf9f12000 ---p 00000000 00:00 0 
2b8bf9f12000-2b8bfa112000 rw-p 00000000 00:00 0 
2b8bfa112000-2b8bfa113000 ---p 00000000 00:00 0 
2b8bfa113000-2b8bfa313000 rw-p 00000000 00:00 0 
2b8bfa313000-2b8bfa314000 ---p 00000000 00:00 0 
2b8bfa314000-2b8bfa514000 rw-p 00000000 00:00 0 
2b8bfa514000-2b8bfa515000 ---p 00000000 00:00 0 
2b8bfa515000-2b8bfa715000 rw-p 00000000 00:00 0 
2b8bfa715000-2b8bfa716000 ---p 00000000 00:00 0 
2b8bfa716000-2b8bfa916000 rw-p 00000000 00:00 0 
2b8bfa916000-2b8bfa917000 ---p 00000000 00:00 0 
2b8bfa917000-2b8bfab17000 rw-p 00000000 00:00 0 
2b8bfab17000-2b8bfab18000 ---p 00000000 00:00 0 
2b8bfab18000-2b8bfad18000 rw-p 00000000 00:00 0 
2b8bfad18000-2b8bfad19000 ---p 00000000 00:00 0 
2b8bfad19000-2b8bfaf19000 rw-p 00000000 00:00 0 
2b8bfaf19000-2b8bfaf1a000 ---p 00000000 00:00 0 
2b8bfaf1a000-2b8bfb11a000 rw-p 00000000 00:00 0 
2b8bfb11a000-2b8bfb11b000 ---p 00000000 00:00 0 
2b8bfb11b000-2b8bfb31b000 rw-p 00000000 00:00 0 
2b8bfb31b000-2b8bfb31c000 ---p 00000000 00:00 0 
2b8bfb31c000-2b8bfb51c000 rw-p 00000000 00:00 0 
2b8bfb51c000-2b8bfb51d000 ---p 00000000 00:00 0 
2b8bfb51d000-2b8bfb71d000 rw-p 00000000 00:00 0 
2b8bfb71d000-2b8bfb71e000 ---p 00000000 00:00 0 
2b8bfb71e000-2b8bfb91e000 rw-p 00000000 00:00 0 
2b8bfb91e000-2b8bfb91f000 ---p 00000000 00:00 0 
2b8bfb91f000-2b8bfbb1f000 rw-p 00000000 00:00 0 
2b8bfc000000-2b8bfc0d9000 rw-p 00000000 00:00 0 
2b8bfc0d9000-2b8c00000000 ---p 00000000 00:00 0 
2b8c00000000-2b8c000db000 rw-p 00000000 00:00 0 
2b8c000db000-2b8c04000000 ---p 00000000 00:00 0 
2b8c04000000-2b8c040e2000 rw-p 00000000 00:00 0 
2b8c040e2000-2b8c08000000 ---p 00000000 00:00 0 
2b8c08000000-2b8c080e0000 rw-p 00000000 00:00 0 
2b8c080e0000-2b8c0c000000 ---p 00000000 00:00 0 
2b8c0c000000-2b8c0c0df000 rw-p 00000000 00:00 0 
2b8c0c0df000-2b8c10000000 ---p 00000000 00:00 0 
2b8c10000000-2b8c100db000 rw-p 00000000 00:00 0 
2b8c100db000-2b8c14000000 ---p 00000000 00:00 0 
2b8c14000000-2b8c140de000 rw-p 00000000 00:00 0 
2b8c140de000-2b8c18000000 ---p 00000000 00:00 0 
2b8c18000000-2b8c180da000 rw-p 00000000 00:00 0 
2b8c180da000-2b8c1c000000 ---p 00000000 00:00 0 
2b8c1c000000-2b8c1c0d6000 rw-p 00000000 00:00 0 
2b8c1c0d6000-2b8c20000000 ---p 00000000 00:00 0 
2b8c20000000-2b8c200e2000 rw-p 00000000 00:00 0 
2b8c200e2000-2b8c24000000 ---p 00000000 00:00 0 
2b8c24000000-2b8c240d5000 rw-p 00000000 00:00 0 
2b8c240d5000-2b8c28000000 ---p 00000000 00:00 0 
2b8c28000000-2b8c280d5000 rw-p 00000000 00:00 0 
2b8c280d5000-2b8c2c000000 ---p 00000000 00:00 0 
2b8c2c000000-2b8c2c0da000 rw-p 00000000 00:00 0 
2b8c2c0da000-2b8c30000000 ---p 00000000 00:00 0 
2b8c30000000-2b8c300e2000 rw-p 00000000 00:00 0 
2b8c300e2000-2b8c34000000 ---p 00000000 00:00 0 
2b8c34000000-2b8c340dd000 rw-p 00000000 00:00 0 
2b8c340dd000-2b8c38000000 ---p 00000000 00:00 0 
2b8c38000000-2b8c380dd000 rw-p 00000000 00:00 0 
2b8c380dd000-2b8c3c000000 ---p 00000000 00:00 0 
2b8c3c000000-2b8c3c0d8000 rw-p 00000000 00:00 0 
2b8c3c0d8000-2b8c40000000 ---p 00000000 00:00 0 
2b8c40000000-2b8c400e0000 rw-p 00000000 00:00 0 
2b8c400e0000-2b8c44000000 ---p 00000000 00:00 0 
2b8c44000000-2b8c440da000 rw-p 00000000 00:00 0 
2b8c440da000-2b8c48000000 ---p 00000000 00:00 0 
2b8c48000000-2b8c480dd000 rw-p 00000000 00:00 0 
2b8c480dd000-2b8c4c000000 ---p 00000000 00:00 0 
2b8c4c000000-2b8c4c0d9000 rw-p 00000000 00:00 0 
2b8c4c0d9000-2b8c50000000 ---p 00000000 00:00 0 
2b8c50000000-2b8c500e3000 rw-p 00000000 00:00 0 
2b8c500e3000-2b8c54000000 ---p 00000000 00:00 0 
2b8c54000000-2b8c540e5000 rw-p 00000000 00:00 0 
2b8c540e5000-2b8c58000000 ---p 00000000 00:00 0 
2b8c58000000-2b8c580da000 rw-p 00000000 00:00 0 
2b8c580da000-2b8c5c000000 ---p 00000000 00:00 0 
2b8c5c000000-2b8c5c0da000 rw-p 00000000 00:00 0 
2b8c5c0da000-2b8c60000000 ---p 00000000 00:00 0 
2b8c60000000-2b8c600dd000 rw-p 00000000 00:00 0 
2b8c600dd000-2b8c64000000 ---p 00000000 00:00 0 
2b8c64000000-2b8c640e8000 rw-p 00000000 00:00 0 
2b8c640e8000-2b8c68000000 ---p 00000000 00:00 0 
2b8c68000000-2b8c680e2000 rw-p 00000000 00:00 0 
2b8c680e2000-2b8c6c000000 ---p 00000000 00:00 0 
2b8c6c000000-2b8c6c0dc000 rw-p 00000000 00:00 0 
2b8c6c0dc000-2b8c70000000 ---p 00000000 00:00 0 
2b8c70000000-2b8c700e1000 rw-p 00000000 00:00 0 
2b8c700e1000-2b8c74000000 ---p 00000000 00:00 0 
2b8c74000000-2b8c740d5000 rw-p 00000000 00:00 0 
2b8c740d5000-2b8c78000000 ---p 00000000 00:00 0 
2b8c78000000-2b8c780d8000 rw-p 00000000 00:00 0 
2b8c780d8000-2b8c7c000000 ---p 00000000 00:00 0 
2b8c7c000000-2b8c7c0df000 rw-p 00000000 00:00 0 
2b8c7c0df000-2b8c80000000 ---p 00000000 00:00 0 
2b8c80000000-2b8c800e1000 rw-p 00000000 00:00 0 
2b8c800e1000-2b8c84000000 ---p 00000000 00:00 0 
2b8c84000000-2b8c840d5000 rw-p 00000000 00:00 0 
2b8c840d5000-2b8c88000000 ---p 00000000 00:00 0 
2b8c88000000-2b8c880dd000 rw-p 00000000 00:00 0 
2b8c880dd000-2b8c8c000000 ---p 00000000 00:00 0 
2b8c8c000000-2b8c8c0d5000 rw-p 00000000 00:00 0 
2b8c8c0d5000-2b8c90000000 ---p 00000000 00:00 0 
2b8c90000000-2b8c900d6000 rw-p 00000000 00:00 0 
2b8c900d6000-2b8c94000000 ---p 00000000 00:00 0 
2b8c94000000-2b8c940d9000 rw-p 00000000 00:00 0 
2b8c940d9000-2b8c98000000 ---p 00000000 00:00 0 
2b8c98000000-2b8c980e3000 rw-p 00000000 00:00 0 
2b8c980e3000-2b8c9c000000 ---p 00000000 00:00 0 
2b8c9c000000-2b8c9c0e0000 rw-p 00000000 00:00 0 
2b8c9c0e0000-2b8ca0000000 ---p 00000000 00:00 0 
2b8ca0000000-2b8ca00db000 rw-p 00000000 00:00 0 
2b8ca00db000-2b8ca4000000 ---p 00000000 00:00 0 
2b8ca4000000-2b8ca40d4000 rw-p 00000000 00:00 0 
2b8ca40d4000-2b8ca8000000 ---p 00000000 00:00 0 
2b8ca8000000-2b8ca80d5000 rw-p 00000000 00:00 0 
2b8ca80d5000-2b8cac000000 ---p 00000000 00:00 0 
2b8cac000000-2b8cac0db000 rw-p 00000000 00:00 0 
2b8cac0db000-2b8cb0000000 ---p 00000000 00:00 0 
2b8cb0000000-2b8cb00e2000 rw-p 00000000 00:00 0 
2b8cb00e2000-2b8cb4000000 ---p 00000000 00:00 0 
2b8cb4000000-2b8cb40df000 rw-p 00000000 00:00 0 
2b8cb40df000-2b8cb8000000 ---p 00000000 00:00 0 
2b8cb8000000-2b8cb80e2000 rw-p 00000000 00:00 0 
2b8cb80e2000-2b8cbc000000 ---p 00000000 00:00 0 
2b8cbc000000-2b8cbc0e2000 rw-p 00000000 00:00 0 
2b8cbc0e2000-2b8cc0000000 ---p 00000000 00:00 0 
2b8cc0000000-2b8cc00d5000 rw-p 00000000 00:00 0 
2b8cc00d5000-2b8cc4000000 ---p 00000000 00:00 0 
2b8cc4000000-2b8cc40df000 rw-p 00000000 00:00 0 
2b8cc40df000-2b8cc8000000 ---p 00000000 00:00 0 
2b8cc8000000-2b8cc80e3000 rw-p 00000000 00:00 0 
2b8cc80e3000-2b8ccc000000 ---p 00000000 00:00 0 
2b8ccc000000-2b8ccc0e2000 rw-p 00000000 00:00 0 
2b8ccc0e2000-2b8cd0000000 ---p 00000000 00:00 0 
2b8cd0000000-2b8cd00e0000 rw-p 00000000 00:00 0 
2b8cd00e0000-2b8cd4000000 ---p 00000000 00:00 0 
2b8cd4000000-2b8cd40e0000 rw-p 00000000 00:00 0 
2b8cd40e0000-2b8cd8000000 ---p 00000000 00:00 0 
2b8cd8000000-2b8cd80d6000 rw-p 00000000 00:00 0 
2b8cd80d6000-2b8cdc000000 ---p 00000000 00:00 0 
2b8cdc000000-2b8cdc0db000 rw-p 00000000 00:00 0 
2b8cdc0db000-2b8ce0000000 ---p 00000000 00:00 0 
2b8ce0000000-2b8ce00e5000 rw-p 00000000 00:00 0 
2b8ce00e5000-2b8ce4000000 ---p 00000000 00:00 0 
2b8ce4000000-2b8ce40d7000 rw-p 00000000 00:00 0 
2b8ce40d7000-2b8ce8000000 ---p 00000000 00:00 0 
2b8ce8000000-2b8ce80e0000 rw-p 00000000 00:00 0 
2b8ce80e0000-2b8cec000000 ---p 00000000 00:00 0 
2b8cec000000-2b8cec0df000 rw-p 00000000 00:00 0 
2b8cec0df000-2b8cf0000000 ---p 00000000 00:00 0 
2b8cf0000000-2b8cf00d8000 rw-p 00000000 00:00 0 
2b8cf00d8000-2b8cf4000000 ---p 00000000 00:00 0 
2b8cf4000000-2b8cf40d5000 rw-p 00000000 00:00 0 
2b8cf40d5000-2b8cf8000000 ---p 00000000 00:00 0 
2b8cf8000000-2b8cf80dd000 rw-p 00000000 00:00 0 
2b8cf80dd000-2b8cfc000000 ---p 00000000 00:00 0 
2b8cfc000000-2b8cfc0d8000 rw-p 00000000 00:00 0 
2b8cfc0d8000-2b8d00000000 ---p 00000000 00:00 0 
2b8d00000000-2b8d000d2000 rw-p 00000000 00:00 0 
2b8d000d2000-2b8d04000000 ---p 00000000 00:00 0 
2b8d04000000-2b8d040e3000 rw-p 00000000 00:00 0 
2b8d040e3000-2b8d08000000 ---p 00000000 00:00 0 
2b8d08000000-2b8d080e1000 rw-p 00000000 00:00 0 
2b8d080e1000-2b8d0c000000 ---p 00000000 00:00 0 
2b8d0c000000-2b8d0c0ee000 rw-p 00000000 00:00 0 
2b8d0c0ee000-2b8d10000000 ---p 00000000 00:00 0 
2b8d10000000-2b8d100db000 rw-p 00000000 00:00 0 
2b8d100db000-2b8d14000000 ---p 00000000 00:00 0 
2b8d14000000-2b8d140e4000 rw-p 00000000 00:00 0 
2b8d140e4000-2b8d18000000 ---p 00000000 00:00 0 
2b8d18000000-2b8d180d5000 rw-p 00000000 00:00 0 
2b8d180d5000-2b8d1c000000 ---p 00000000 00:00 0 
2b8d1c000000-2b8d1c0d4000 rw-p 00000000 00:00 0 
2b8d1c0d4000-2b8d20000000 ---p 00000000 00:00 0 
2b8d20000000-2b8d200e4000 rw-p 00000000 00:00 0 
2b8d200e4000-2b8d24000000 ---p 00000000 00:00 0 
2b8d24000000-2b8d240f0000 rw-p 00000000 00:00 0 
2b8d240f0000-2b8d28000000 ---p 00000000 00:00 0 
2b8d28000000-2b8d280f0000 rw-p 00000000 00:00 0 
2b8d280f0000-2b8d2c000000 ---p 00000000 00:00 0 
2b8d2c000000-2b8d2c0d7000 rw-p 00000000 00:00 0 
2b8d2c0d7000-2b8d30000000 ---p 00000000 00:00 0 
2b8d30000000-2b8d300da000 rw-p 00000000 00:00 0 
2b8d300da000-2b8d34000000 ---p 00000000 00:00 0 
2b8d34000000-2b8d340d7000 rw-p 00000000 00:00 0 
2b8d340d7000-2b8d38000000 ---p 00000000 00:00 0 
2b8d38000000-2b8d380d6000 rw-p 00000000 00:00 0 
2b8d380d6000-2b8d3c000000 ---p 00000000 00:00 0 
2b8d3c000000-2b8d3c0e0000 rw-p 00000000 00:00 0 
2b8d3c0e0000-2b8d40000000 ---p 00000000 00:00 0 
2b8d40000000-2b8d400db000 rw-p 00000000 00:00 0 
2b8d400db000-2b8d44000000 ---p 00000000 00:00 0 
2b8d44000000-2b8d440dd000 rw-p 00000000 00:00 0 
2b8d440dd000-2b8d48000000 ---p 00000000 00:00 0 
2b8d48000000-2b8d480dc000 rw-p 00000000 00:00 0 
2b8d480dc000-2b8d4c000000 ---p 00000000 00:00 0 
2b8d4c000000-2b8d4c0df000 rw-p 00000000 00:00 0 
2b8d4c0df000-2b8d50000000 ---p 00000000 00:00 0 
2b8d50000000-2b8d500da000 rw-p 00000000 00:00 0 
2b8d500da000-2b8d54000000 ---p 00000000 00:00 0 
2b8d54000000-2b8d540e1000 rw-p 00000000 00:00 0 
2b8d540e1000-2b8d58000000 ---p 00000000 00:00 0 
2b8d58000000-2b8d580d1000 rw-p 00000000 00:00 0 
2b8d580d1000-2b8d5c000000 ---p 00000000 00:00 0 
2b8d5c000000-2b8d5c0db000 rw-p 00000000 00:00 0 
2b8d5c0db000-2b8d60000000 ---p 00000000 00:00 0 
2b8d60000000-2b8d600de000 rw-p 00000000 00:00 0 
2b8d600de000-2b8d64000000 ---p 00000000 00:00 0 
2b8d64000000-2b8d640d5000 rw-p 00000000 00:00 0 
2b8d640d5000-2b8d68000000 ---p 00000000 00:00 0 
2b8d68000000-2b8d680e2000 rw-p 00000000 00:00 0 
2b8d680e2000-2b8d6c000000 ---p 00000000 00:00 0 
2b8d6c000000-2b8d6c0da000 rw-p 00000000 00:00 0 
2b8d6c0da000-2b8d70000000 ---p 00000000 00:00 0 
2b8d70000000-2b8d700e2000 rw-p 00000000 00:00 0 
2b8d700e2000-2b8d74000000 ---p 00000000 00:00 0 
2b8d74000000-2b8d740db000 rw-p 00000000 00:00 0 
2b8d740db000-2b8d78000000 ---p 00000000 00:00 0 
2b8d78000000-2b8d780f1000 rw-p 00000000 00:00 0 
2b8d780f1000-2b8d7c000000 ---p 00000000 00:00 0 
2b8d7c000000-2b8d87aec000 rw-p 00000000 00:00 0 
7fff6f4ba000-7fff6f4de000 rw-p 00000000 00:00 0                          [stack]
7fff6f593000-7fff6f595000 r-xp 00000000 00:00 0                          [vdso]
ffffffffff600000-ffffffffff601000 r-xp 00000000 00:00 0                  [vsyscall]

******************************************************************************************************
                                                                                    1180-4:26:45
*****************************************************************************************************


Command terminated by signal 6
	Command being timed: "./lgo text-to-image 100 1 6 0.1 1.0 24"
	User time (seconds): 854.99
	System time (seconds): 7.77
	Percent of CPU this job got: 99%
	Elapsed (wall clock) time (h:mm:ss or m:ss): 14:29.33
	Average shared text size (kbytes): 0
	Average unshared data size (kbytes): 0
	Average stack size (kbytes): 0
	Average total size (kbytes): 0
	Maximum resident set size (kbytes): 1924984
	Average resident set size (kbytes): 0
	Major (requiring I/O) page faults: 1
	Minor (reclaiming a frame) page faults: 4454988
	Voluntary context switches: 435346
	Involuntary context switches: 196689
	Swaps: 0
	File system inputs: 1572584
	File system outputs: 4528800
	Socket messages sent: 0
	Socket messages received: 0
	Signals delivered: 0
	Page size (bytes): 4096
	Exit status: 0
