C++17!
Using LSH-Graph for text-to-image ...
c=        1.5
k=        100
L=        1
K=        12
T=        12
lsh_UB=   0
LOADING DATA...
Load from new file: /users/PAS2671/kabir36/kabir/similarity-search/dataset/text-to-image/
N=    1000000
dim=  200

LOADING TIME: 1.15087s.

LOADING BENMARK...
LOADING TIME: 0.000552s.

mkdir: missing operand
Try 'mkdir --help' for more information.

START HASHING...

SETTING HASH PARAMETER...
SETTING TIME: 5.9e-05s.

COMPUTING HASH...
COMPUTING TIME: 0.617365s.

[31mOld W=    0.3
New W=    0.3
Increase  1times.
[0mCONSTRUCTING GRAPH...

0%   10   20   30   40   50   60   70   80   90   100%
|----|----|----|----|----|----|----|----|----|----|
***************************************************
CONSTRUCTING TIME: 517.072s.

SAVING GRAPH...
SAVING TIME: 0.711052s.

dist=0.687396, cnt=18.345881, unique=1, std=4.731788, Recall=0.000000
cc=655.780396, pruning=0.127438

Loading FastGraph...
*******************************************************************************************************
The result of LSH-G for text-to-image is as follow: k=100, probQ = 0.9, L = 1, K = 12, T = 12
******************************************************************************************************
     algName       k      ef        Time      Recall        Cost        CPQ1        CPQ2     Pruning

       fastG     100     200     0.81669      0.9535     1355.67     111.434      1467.1    0.181969

*** Error in `./lgo': free(): invalid pointer: 0x0000000030a46791 ***
======= Backtrace: =========
/lib64/libc.so.6(+0x81329)[0x2b5c5ab87329]
./lgo[0x40bb5e]
./lgo[0x408415]
/lib64/libc.so.6(__libc_start_main+0xf5)[0x2b5c5ab28555]
./lgo[0x408e0c]
======= Memory map: ========
00400000-00449000 r-xp 00000000 00:38 1794793                            /users/PAS2671/kabir36/kabir/similarity-search/models/LSH-APG/cppCode/LSH-APG/lgo
00648000-0064a000 r--p 00048000 00:38 1794793                            /users/PAS2671/kabir36/kabir/similarity-search/models/LSH-APG/cppCode/LSH-APG/lgo
0064a000-0064b000 rw-p 0004a000 00:38 1794793                            /users/PAS2671/kabir36/kabir/similarity-search/models/LSH-APG/cppCode/LSH-APG/lgo
020e7000-6872c000 rw-p 00000000 00:00 0                                  [heap]
2b5c597b8000-2b5c597da000 r-xp 00000000 00:24 3428292698                 /usr/lib64/ld-2.17.so
2b5c597da000-2b5c597e1000 rw-p 00000000 00:00 0 
2b5c59827000-2b5c5982e000 rw-p 00000000 00:00 0 
2b5c599d9000-2b5c599da000 r--p 00021000 00:24 3428292698                 /usr/lib64/ld-2.17.so
2b5c599da000-2b5c599db000 rw-p 00022000 00:24 3428292698                 /usr/lib64/ld-2.17.so
2b5c599db000-2b5c599dc000 rw-p 00000000 00:00 0 
2b5c599dc000-2b5c59a14000 r-xp 00000000 00:2c 19202863                   /apps/xalt/2.10.29/lib64/libxalt_init.so
2b5c59a14000-2b5c59c14000 ---p 00038000 00:2c 19202863                   /apps/xalt/2.10.29/lib64/libxalt_init.so
2b5c59c14000-2b5c59c15000 r--p 00038000 00:2c 19202863                   /apps/xalt/2.10.29/lib64/libxalt_init.so
2b5c59c15000-2b5c59c16000 rw-p 00039000 00:2c 19202863                   /apps/xalt/2.10.29/lib64/libxalt_init.so
2b5c59c16000-2b5c59c17000 rw-p 00000000 00:00 0 
2b5c59c17000-2b5c59c1e000 r-xp 00000000 00:24 3428781212                 /usr/lib64/librt-2.17.so
2b5c59c1e000-2b5c59e1d000 ---p 00007000 00:24 3428781212                 /usr/lib64/librt-2.17.so
2b5c59e1d000-2b5c59e1e000 r--p 00006000 00:24 3428781212                 /usr/lib64/librt-2.17.so
2b5c59e1e000-2b5c59e1f000 rw-p 00007000 00:24 3428781212                 /usr/lib64/librt-2.17.so
2b5c59e1f000-2b5c59f93000 r-xp 00000000 00:2c 7905980                    /apps/gnu/8.4.0/lib64/libstdc++.so.6.0.25
2b5c59f93000-2b5c5a192000 ---p 00174000 00:2c 7905980                    /apps/gnu/8.4.0/lib64/libstdc++.so.6.0.25
2b5c5a192000-2b5c5a19c000 r--p 00173000 00:2c 7905980                    /apps/gnu/8.4.0/lib64/libstdc++.so.6.0.25
2b5c5a19c000-2b5c5a19e000 rw-p 0017d000 00:2c 7905980                    /apps/gnu/8.4.0/lib64/libstdc++.so.6.0.25
2b5c5a19e000-2b5c5a1a2000 rw-p 00000000 00:00 0 
2b5c5a1a2000-2b5c5a2a3000 r-xp 00000000 00:24 3428781161                 /usr/lib64/libm-2.17.so
2b5c5a2a3000-2b5c5a4a2000 ---p 00101000 00:24 3428781161                 /usr/lib64/libm-2.17.so
2b5c5a4a2000-2b5c5a4a3000 r--p 00100000 00:24 3428781161                 /usr/lib64/libm-2.17.so
2b5c5a4a3000-2b5c5a4a4000 rw-p 00101000 00:24 3428781161                 /usr/lib64/libm-2.17.so
2b5c5a4a4000-2b5c5a4d1000 r-xp 00000000 00:2c 5669150                    /apps/gnu/8.4.0/lib64/libgomp.so.1.0.0
2b5c5a4d1000-2b5c5a6d0000 ---p 0002d000 00:2c 5669150                    /apps/gnu/8.4.0/lib64/libgomp.so.1.0.0
2b5c5a6d0000-2b5c5a6d1000 r--p 0002c000 00:2c 5669150                    /apps/gnu/8.4.0/lib64/libgomp.so.1.0.0
2b5c5a6d1000-2b5c5a6d2000 rw-p 0002d000 00:2c 5669150                    /apps/gnu/8.4.0/lib64/libgomp.so.1.0.0
2b5c5a6d2000-2b5c5a6e9000 r-xp 00000000 00:2c 5669148                    /apps/gnu/8.4.0/lib64/libgcc_s.so.1
2b5c5a6e9000-2b5c5a8e8000 ---p 00017000 00:2c 5669148                    /apps/gnu/8.4.0/lib64/libgcc_s.so.1
2b5c5a8e8000-2b5c5a8e9000 r--p 00016000 00:2c 5669148                    /apps/gnu/8.4.0/lib64/libgcc_s.so.1
2b5c5a8e9000-2b5c5a8ea000 rw-p 00017000 00:2c 5669148                    /apps/gnu/8.4.0/lib64/libgcc_s.so.1
2b5c5a8ea000-2b5c5a901000 r-xp 00000000 00:24 3428781193                 /usr/lib64/libpthread-2.17.so
2b5c5a901000-2b5c5ab00000 ---p 00017000 00:24 3428781193                 /usr/lib64/libpthread-2.17.so
2b5c5ab00000-2b5c5ab01000 r--p 00016000 00:24 3428781193                 /usr/lib64/libpthread-2.17.so
2b5c5ab01000-2b5c5ab02000 rw-p 00017000 00:24 3428781193                 /usr/lib64/libpthread-2.17.so
2b5c5ab02000-2b5c5ab06000 rw-p 00000000 00:00 0 
2b5c5ab06000-2b5c5acca000 r-xp 00000000 00:24 3428781146                 /usr/lib64/libc-2.17.so
2b5c5acca000-2b5c5aec9000 ---p 001c4000 00:24 3428781146                 /usr/lib64/libc-2.17.so
2b5c5aec9000-2b5c5aecd000 r--p 001c3000 00:24 3428781146                 /usr/lib64/libc-2.17.so
2b5c5aecd000-2b5c5aecf000 rw-p 001c7000 00:24 3428781146                 /usr/lib64/libc-2.17.so
2b5c5aecf000-2b5c5aed4000 rw-p 00000000 00:00 0 
2b5c5aed4000-2b5c5aed6000 r-xp 00000000 00:24 3428781159                 /usr/lib64/libdl-2.17.so
2b5c5aed6000-2b5c5b0d6000 ---p 00002000 00:24 3428781159                 /usr/lib64/libdl-2.17.so
2b5c5b0d6000-2b5c5b0d7000 r--p 00002000 00:24 3428781159                 /usr/lib64/libdl-2.17.so
2b5c5b0d7000-2b5c5b0d8000 rw-p 00003000 00:24 3428781159                 /usr/lib64/libdl-2.17.so
2b5c5b0d8000-2b5c5b0dc000 r-xp 00000000 00:2c 21954920                   /apps/xalt/2.10.29/lib64/libuuid.so.1.3.0
2b5c5b0dc000-2b5c5b2db000 ---p 00004000 00:2c 21954920                   /apps/xalt/2.10.29/lib64/libuuid.so.1.3.0
2b5c5b2db000-2b5c5b2dc000 r--p 00003000 00:2c 21954920                   /apps/xalt/2.10.29/lib64/libuuid.so.1.3.0
2b5c5b2dc000-2b5c5b2dd000 rw-p 00004000 00:2c 21954920                   /apps/xalt/2.10.29/lib64/libuuid.so.1.3.0
2b5c5b2dd000-2b5c6123c000 rw-p 00000000 00:00 0 
2b5c64d2a000-2b5c64d2b000 ---p 00000000 00:00 0 
2b5c64d2b000-2b5c64f2b000 rw-p 00000000 00:00 0 
2b5c64f2b000-2b5c64f2c000 ---p 00000000 00:00 0 
2b5c64f2c000-2b5c6512c000 rw-p 00000000 00:00 0 
2b5c6512c000-2b5c6512d000 ---p 00000000 00:00 0 
2b5c6512d000-2b5c6532d000 rw-p 00000000 00:00 0 
2b5c6532d000-2b5c6532e000 ---p 00000000 00:00 0 
2b5c6532e000-2b5c6552e000 rw-p 00000000 00:00 0 
2b5c6552e000-2b5c6552f000 ---p 00000000 00:00 0 
2b5c6552f000-2b5c6572f000 rw-p 00000000 00:00 0 
2b5c6572f000-2b5c65730000 ---p 00000000 00:00 0 
2b5c65730000-2b5c65930000 rw-p 00000000 00:00 0 
2b5c65930000-2b5c65931000 ---p 00000000 00:00 0 
2b5c65931000-2b5c65b31000 rw-p 00000000 00:00 0 
2b5c65b31000-2b5c65b32000 ---p 00000000 00:00 0 
2b5c65b32000-2b5c65d32000 rw-p 00000000 00:00 0 
2b5c65d32000-2b5c65d33000 ---p 00000000 00:00 0 
2b5c65d33000-2b5c65f33000 rw-p 00000000 00:00 0 
2b5c65f33000-2b5c65f34000 ---p 00000000 00:00 0 
2b5c65f34000-2b5c66134000 rw-p 00000000 00:00 0 
2b5c66134000-2b5c66135000 ---p 00000000 00:00 0 
2b5c66135000-2b5c66335000 rw-p 00000000 00:00 0 
2b5c66335000-2b5c66336000 ---p 00000000 00:00 0 
2b5c66336000-2b5c66536000 rw-p 00000000 00:00 0 
2b5c66536000-2b5c66537000 ---p 00000000 00:00 0 
2b5c66537000-2b5c66737000 rw-p 00000000 00:00 0 
2b5c66737000-2b5c66738000 ---p 00000000 00:00 0 
2b5c66738000-2b5c66938000 rw-p 00000000 00:00 0 
2b5c66938000-2b5c66939000 ---p 00000000 00:00 0 
2b5c66939000-2b5c66b39000 rw-p 00000000 00:00 0 
2b5c66b39000-2b5c66b3a000 ---p 00000000 00:00 0 
2b5c66b3a000-2b5c66d3a000 rw-p 00000000 00:00 0 
2b5c66d3a000-2b5c66d3b000 ---p 00000000 00:00 0 
2b5c66d3b000-2b5c66f3b000 rw-p 00000000 00:00 0 
2b5c66f3b000-2b5c66f3c000 ---p 00000000 00:00 0 
2b5c66f3c000-2b5c6713c000 rw-p 00000000 00:00 0 
2b5c6713c000-2b5c6713d000 ---p 00000000 00:00 0 
2b5c6713d000-2b5c6733d000 rw-p 00000000 00:00 0 
2b5c68000000-2b5c680c8000 rw-p 00000000 00:00 0 
2b5c680c8000-2b5c6c000000 ---p 00000000 00:00 0 
2b5c6c000000-2b5c6c0c7000 rw-p 00000000 00:00 0 
2b5c6c0c7000-2b5c70000000 ---p 00000000 00:00 0 
2b5c70000000-2b5c700c3000 rw-p 00000000 00:00 0 
2b5c700c3000-2b5c74000000 ---p 00000000 00:00 0 
2b5c74000000-2b5c740c4000 rw-p 00000000 00:00 0 
2b5c740c4000-2b5c78000000 ---p 00000000 00:00 0 
2b5c78000000-2b5c780c9000 rw-p 00000000 00:00 0 
2b5c780c9000-2b5c7c000000 ---p 00000000 00:00 0 
2b5c7c000000-2b5c7c0cb000 rw-p 00000000 00:00 0 
2b5c7c0cb000-2b5c80000000 ---p 00000000 00:00 0 
2b5c80000000-2b5c800c0000 rw-p 00000000 00:00 0 
2b5c800c0000-2b5c84000000 ---p 00000000 00:00 0 
2b5c84000000-2b5c840c6000 rw-p 00000000 00:00 0 
2b5c840c6000-2b5c88000000 ---p 00000000 00:00 0 
2b5c88000000-2b5c880c4000 rw-p 00000000 00:00 0 
2b5c880c4000-2b5c8c000000 ---p 00000000 00:00 0 
2b5c8c000000-2b5c8c0c3000 rw-p 00000000 00:00 0 
2b5c8c0c3000-2b5c90000000 ---p 00000000 00:00 0 
2b5c90000000-2b5c900c8000 rw-p 00000000 00:00 0 
2b5c900c8000-2b5c94000000 ---p 00000000 00:00 0 
2b5c94000000-2b5c940c6000 rw-p 00000000 00:00 0 
2b5c940c6000-2b5c98000000 ---p 00000000 00:00 0 
2b5c98000000-2b5c980c6000 rw-p 00000000 00:00 0 
2b5c980c6000-2b5c9c000000 ---p 00000000 00:00 0 
2b5c9c000000-2b5c9c0cb000 rw-p 00000000 00:00 0 
2b5c9c0cb000-2b5ca0000000 ---p 00000000 00:00 0 
2b5ca0000000-2b5ca00c4000 rw-p 00000000 00:00 0 
2b5ca00c4000-2b5ca4000000 ---p 00000000 00:00 0 
2b5ca4000000-2b5ca40d0000 rw-p 00000000 00:00 0 
2b5ca40d0000-2b5ca8000000 ---p 00000000 00:00 0 
2b5ca8000000-2b5ca80ca000 rw-p 00000000 00:00 0 
2b5ca80ca000-2b5cac000000 ---p 00000000 00:00 0 
2b5cac000000-2b5cac0c3000 rw-p 00000000 00:00 0 
2b5cac0c3000-2b5cb0000000 ---p 00000000 00:00 0 
2b5cb0000000-2b5cb00d0000 rw-p 00000000 00:00 0 
2b5cb00d0000-2b5cb4000000 ---p 00000000 00:00 0 
2b5cb4000000-2b5cb40c7000 rw-p 00000000 00:00 0 
2b5cb40c7000-2b5cb8000000 ---p 00000000 00:00 0 
2b5cb8000000-2b5cb80c3000 rw-p 00000000 00:00 0 
2b5cb80c3000-2b5cbc000000 ---p 00000000 00:00 0 
2b5cbc000000-2b5cbc0c9000 rw-p 00000000 00:00 0 
2b5cbc0c9000-2b5cc0000000 ---p 00000000 00:00 0 
2b5cc0000000-2b5cc00c4000 rw-p 00000000 00:00 0 
2b5cc00c4000-2b5cc4000000 ---p 00000000 00:00 0 
2b5cc4000000-2b5cc40c5000 rw-p 00000000 00:00 0 
2b5cc40c5000-2b5cc8000000 ---p 00000000 00:00 0 
2b5cc8000000-2b5cc80c7000 rw-p 00000000 00:00 0 
2b5cc80c7000-2b5ccc000000 ---p 00000000 00:00 0 
2b5ccc000000-2b5ccc0c5000 rw-p 00000000 00:00 0 
2b5ccc0c5000-2b5cd0000000 ---p 00000000 00:00 0 
2b5cd0000000-2b5cd00c7000 rw-p 00000000 00:00 0 
2b5cd00c7000-2b5cd4000000 ---p 00000000 00:00 0 
2b5cd4000000-2b5cd40c6000 rw-p 00000000 00:00 0 
2b5cd40c6000-2b5cd8000000 ---p 00000000 00:00 0 
2b5cd8000000-2b5cd80c7000 rw-p 00000000 00:00 0 
2b5cd80c7000-2b5cdc000000 ---p 00000000 00:00 0 
2b5cdc000000-2b5cdc0c5000 rw-p 00000000 00:00 0 
2b5cdc0c5000-2b5ce0000000 ---p 00000000 00:00 0 
2b5ce0000000-2b5ce00c4000 rw-p 00000000 00:00 0 
2b5ce00c4000-2b5ce4000000 ---p 00000000 00:00 0 
2b5ce4000000-2b5ce40c2000 rw-p 00000000 00:00 0 
2b5ce40c2000-2b5ce8000000 ---p 00000000 00:00 0 
2b5ce8000000-2b5ce80c2000 rw-p 00000000 00:00 0 
2b5ce80c2000-2b5cec000000 ---p 00000000 00:00 0 
2b5cec000000-2b5cec0c4000 rw-p 00000000 00:00 0 
2b5cec0c4000-2b5cf0000000 ---p 00000000 00:00 0 
2b5cf0000000-2b5cf00c5000 rw-p 00000000 00:00 0 
2b5cf00c5000-2b5cf4000000 ---p 00000000 00:00 0 
2b5cf4000000-2b5cf40c4000 rw-p 00000000 00:00 0 
2b5cf40c4000-2b5cf8000000 ---p 00000000 00:00 0 
2b5cf8000000-2b5cf80c6000 rw-p 00000000 00:00 0 
2b5cf80c6000-2b5cfc000000 ---p 00000000 00:00 0 
2b5cfc000000-2b5cfc0c8000 rw-p 00000000 00:00 0 
2b5cfc0c8000-2b5d00000000 ---p 00000000 00:00 0 
2b5d00000000-2b5d000c4000 rw-p 00000000 00:00 0 
2b5d000c4000-2b5d04000000 ---p 00000000 00:00 0 
2b5d04000000-2b5d040cc000 rw-p 00000000 00:00 0 
2b5d040cc000-2b5d08000000 ---p 00000000 00:00 0 
2b5d08000000-2b5d080c5000 rw-p 00000000 00:00 0 
2b5d080c5000-2b5d0c000000 ---p 00000000 00:00 0 
2b5d0c000000-2b5d0c0c8000 rw-p 00000000 00:00 0 
2b5d0c0c8000-2b5d10000000 ---p 00000000 00:00 0 
2b5d10000000-2b5d100c7000 rw-p 00000000 00:00 0 
2b5d100c7000-2b5d14000000 ---p 00000000 00:00 0 
2b5d14000000-2b5d140c5000 rw-p 00000000 00:00 0 
2b5d140c5000-2b5d18000000 ---p 00000000 00:00 0 
2b5d18000000-2b5d180c5000 rw-p 00000000 00:00 0 
2b5d180c5000-2b5d1c000000 ---p 00000000 00:00 0 
2b5d1c000000-2b5d1c0c3000 rw-p 00000000 00:00 0 
2b5d1c0c3000-2b5d20000000 ---p 00000000 00:00 0 
2b5d20000000-2b5d200c8000 rw-p 00000000 00:00 0 
2b5d200c8000-2b5d24000000 ---p 00000000 00:00 0 
2b5d24000000-2b5d240c6000 rw-p 00000000 00:00 0 
2b5d240c6000-2b5d28000000 ---p 00000000 00:00 0 
2b5d28000000-2b5d280ca000 rw-p 00000000 00:00 0 
2b5d280ca000-2b5d2c000000 ---p 00000000 00:00 0 
2b5d2c000000-2b5d2c0c8000 rw-p 00000000 00:00 0 
2b5d2c0c8000-2b5d30000000 ---p 00000000 00:00 0 
2b5d30000000-2b5d300cd000 rw-p 00000000 00:00 0 
2b5d300cd000-2b5d34000000 ---p 00000000 00:00 0 
2b5d34000000-2b5d340c5000 rw-p 00000000 00:00 0 
2b5d340c5000-2b5d38000000 ---p 00000000 00:00 0 
2b5d38000000-2b5d380c2000 rw-p 00000000 00:00 0 
2b5d380c2000-2b5d3c000000 ---p 00000000 00:00 0 
2b5d3c000000-2b5d3c0c8000 rw-p 00000000 00:00 0 
2b5d3c0c8000-2b5d40000000 ---p 00000000 00:00 0 
2b5d40000000-2b5d400c3000 rw-p 00000000 00:00 0 
2b5d400c3000-2b5d44000000 ---p 00000000 00:00 0 
2b5d44000000-2b5d440c4000 rw-p 00000000 00:00 0 
2b5d440c4000-2b5d48000000 ---p 00000000 00:00 0 
2b5d48000000-2b5d480bf000 rw-p 00000000 00:00 0 
2b5d480bf000-2b5d4c000000 ---p 00000000 00:00 0 
2b5d4c000000-2b5d4c0ce000 rw-p 00000000 00:00 0 
2b5d4c0ce000-2b5d50000000 ---p 00000000 00:00 0 
2b5d50000000-2b5d500c4000 rw-p 00000000 00:00 0 
2b5d500c4000-2b5d54000000 ---p 00000000 00:00 0 
2b5d54000000-2b5d540c4000 rw-p 00000000 00:00 0 
2b5d540c4000-2b5d58000000 ---p 00000000 00:00 0 
2b5d58000000-2b5d580cd000 rw-p 00000000 00:00 0 
2b5d580cd000-2b5d5c000000 ---p 00000000 00:00 0 
2b5d5c000000-2b5d5c0c3000 rw-p 00000000 00:00 0 
2b5d5c0c3000-2b5d60000000 ---p 00000000 00:00 0 
2b5d60000000-2b5d600c8000 rw-p 00000000 00:00 0 
2b5d600c8000-2b5d64000000 ---p 00000000 00:00 0 
2b5d64000000-2b5d640bc000 rw-p 00000000 00:00 0 
2b5d640bc000-2b5d68000000 ---p 00000000 00:00 0 
2b5d68000000-2b5d680cb000 rw-p 00000000 00:00 0 
2b5d680cb000-2b5d6c000000 ---p 00000000 00:00 0 
2b5d6c000000-2b5d6c0c0000 rw-p 00000000 00:00 0 
2b5d6c0c0000-2b5d70000000 ---p 00000000 00:00 0 
2b5d70000000-2b5d700c4000 rw-p 00000000 00:00 0 
2b5d700c4000-2b5d74000000 ---p 00000000 00:00 0 
2b5d74000000-2b5d740c7000 rw-p 00000000 00:00 0 
2b5d740c7000-2b5d78000000 ---p 00000000 00:00 0 
2b5d78000000-2b5d780c3000 rw-p 00000000 00:00 0 
2b5d780c3000-2b5d7c000000 ---p 00000000 00:00 0 
2b5d7c000000-2b5d7c0bd000 rw-p 00000000 00:00 0 
2b5d7c0bd000-2b5d80000000 ---p 00000000 00:00 0 
2b5d80000000-2b5d800c5000 rw-p 00000000 00:00 0 
2b5d800c5000-2b5d84000000 ---p 00000000 00:00 0 
2b5d84000000-2b5d840c5000 rw-p 00000000 00:00 0 
2b5d840c5000-2b5d88000000 ---p 00000000 00:00 0 
2b5d88000000-2b5d880c9000 rw-p 00000000 00:00 0 
2b5d880c9000-2b5d8c000000 ---p 00000000 00:00 0 
2b5d8c000000-2b5d8c0c6000 rw-p 00000000 00:00 0 
2b5d8c0c6000-2b5d90000000 ---p 00000000 00:00 0 
2b5d90000000-2b5d900c2000 rw-p 00000000 00:00 0 
2b5d900c2000-2b5d94000000 ---p 00000000 00:00 0 
2b5d94000000-2b5d940c7000 rw-p 00000000 00:00 0 
2b5d940c7000-2b5d98000000 ---p 00000000 00:00 0 
2b5d98000000-2b5d980c7000 rw-p 00000000 00:00 0 
2b5d980c7000-2b5d9c000000 ---p 00000000 00:00 0 
2b5d9c000000-2b5d9c0c9000 rw-p 00000000 00:00 0 
2b5d9c0c9000-2b5da0000000 ---p 00000000 00:00 0 
2b5da0000000-2b5da00cc000 rw-p 00000000 00:00 0 
2b5da00cc000-2b5da4000000 ---p 00000000 00:00 0 
2b5da4000000-2b5da40c6000 rw-p 00000000 00:00 0 
2b5da40c6000-2b5da8000000 ---p 00000000 00:00 0 
2b5da8000000-2b5da80c4000 rw-p 00000000 00:00 0 
2b5da80c4000-2b5dac000000 ---p 00000000 00:00 0 
2b5dac000000-2b5dac0c6000 rw-p 00000000 00:00 0 
2b5dac0c6000-2b5db0000000 ---p 00000000 00:00 0 
2b5db0000000-2b5db00cc000 rw-p 00000000 00:00 0 
2b5db00cc000-2b5db4000000 ---p 00000000 00:00 0 
2b5db4000000-2b5db40c5000 rw-p 00000000 00:00 0 
2b5db40c5000-2b5db8000000 ---p 00000000 00:00 0 
2b5db8000000-2b5db80c4000 rw-p 00000000 00:00 0 
2b5db80c4000-2b5dbc000000 ---p 00000000 00:00 0 
2b5dbc000000-2b5dbc0c2000 rw-p 00000000 00:00 0 
2b5dbc0c2000-2b5dc0000000 ---p 00000000 00:00 0 
2b5dc0000000-2b5dc00c4000 rw-p 00000000 00:00 0 
2b5dc00c4000-2b5dc4000000 ---p 00000000 00:00 0 
2b5dc4000000-2b5dc40c7000 rw-p 00000000 00:00 0 
2b5dc40c7000-2b5dc8000000 ---p 00000000 00:00 0 
2b5dc8000000-2b5dc80c8000 rw-p 00000000 00:00 0 
2b5dc80c8000-2b5dcc000000 ---p 00000000 00:00 0 
2b5dcc000000-2b5dcc0cf000 rw-p 00000000 00:00 0 
2b5dcc0cf000-2b5dd0000000 ---p 00000000 00:00 0 
2b5dd0000000-2b5dd00c2000 rw-p 00000000 00:00 0 
2b5dd00c2000-2b5dd4000000 ---p 00000000 00:00 0 
2b5dd4000000-2b5dd40c6000 rw-p 00000000 00:00 0 
2b5dd40c6000-2b5dd8000000 ---p 00000000 00:00 0 
2b5dd8000000-2b5dd80c0000 rw-p 00000000 00:00 0 
2b5dd80c0000-2b5ddc000000 ---p 00000000 00:00 0 
2b5ddc000000-2b5ddc0c6000 rw-p 00000000 00:00 0 
2b5ddc0c6000-2b5de0000000 ---p 00000000 00:00 0 
2b5de0000000-2b5de00c4000 rw-p 00000000 00:00 0 
2b5de00c4000-2b5de4000000 ---p 00000000 00:00 0 
2b5de4000000-2b5de40ca000 rw-p 00000000 00:00 0 
2b5de40ca000-2b5de8000000 ---p 00000000 00:00 0 
7ffc76791000-7ffc767b5000 rw-p 00000000 00:00 0                          [stack]
7ffc767be000-7ffc767c0000 r-xp 00000000 00:00 0                          [vdso]
ffffffffff600000-ffffffffff601000 r-xp 00000000 00:00 0                  [vsyscall]

******************************************************************************************************
                                                                                    1180-4:35:28
*****************************************************************************************************


Command terminated by signal 6
	Command being timed: "./lgo text-to-image 100 1 12 0.1 1.0 12"
	User time (seconds): 514.55
	System time (seconds): 5.74
	Percent of CPU this job got: 99%
	Elapsed (wall clock) time (h:mm:ss or m:ss): 8:43.72
	Average shared text size (kbytes): 0
	Average unshared data size (kbytes): 0
	Average stack size (kbytes): 0
	Average total size (kbytes): 0
	Maximum resident set size (kbytes): 1853728
	Average resident set size (kbytes): 0
	Major (requiring I/O) page faults: 0
	Minor (reclaiming a frame) page faults: 3292188
	Voluntary context switches: 337849
	Involuntary context switches: 123744
	Swaps: 0
	File system inputs: 0
	File system outputs: 4140480
	Socket messages sent: 0
	Socket messages received: 0
	Signals delivered: 0
	Page size (bytes): 4096
	Exit status: 0
