C++17!
Using LSH-Graph for text-to-image ...
c=        1.5
k=        100
L=        1
K=        18
T=        24
lsh_UB=   0
LOADING DATA...
Load from new file: /users/PAS2671/kabir36/kabir/similarity-search/dataset/text-to-image/
N=    1000000
dim=  200

LOADING TIME: 1.20243s.

LOADING BENMARK...
LOADING TIME: 0.00063s.

mkdir: missing operand
Try 'mkdir --help' for more information.

START HASHING...

SETTING HASH PARAMETER...
SETTING TIME: 7.9e-05s.

COMPUTING HASH...
COMPUTING TIME: 0.915004s.

[1m[31mWARNING:
[31mRanges of hash values is too LARGE. 
Please increase W at least 1times.
[0m[31mOld W=    0.3
New W=    1.42562
Increase  4.75207times.
[0mCONSTRUCTING GRAPH...

0%   10   20   30   40   50   60   70   80   90   100%
|----|----|----|----|----|----|----|----|----|----|
***************************************************
CONSTRUCTING TIME: 825.37s.

SAVING GRAPH...
SAVING TIME: 1.1086s.

dist=0.706875, cnt=37.083385, unique=1, std=9.263043, Recall=0.000000
cc=954.100891, pruning=0.234507

Loading FastGraph...
*******************************************************************************************************
The result of LSH-G for text-to-image is as follow: k=100, probQ = 0.9, L = 1, K = 18, T = 24
******************************************************************************************************
     algName       k      ef        Time      Recall        Cost        CPQ1        CPQ2     Pruning

       fastG     100     200     1.97436      0.9825     1837.72     262.588     2100.31    0.323782

*** Error in `./lgo': free(): invalid pointer: 0x0000000030a46791 ***
======= Backtrace: =========
/lib64/libc.so.6(+0x81329)[0x2b37840a1329]
./lgo[0x40bb5e]
./lgo[0x408415]
/lib64/libc.so.6(__libc_start_main+0xf5)[0x2b3784042555]
./lgo[0x408e0c]
======= Memory map: ========
00400000-00449000 r-xp 00000000 00:38 1794793                            /users/PAS2671/kabir36/kabir/similarity-search/models/LSH-APG/cppCode/LSH-APG/lgo
00648000-0064a000 r--p 00048000 00:38 1794793                            /users/PAS2671/kabir36/kabir/similarity-search/models/LSH-APG/cppCode/LSH-APG/lgo
0064a000-0064b000 rw-p 0004a000 00:38 1794793                            /users/PAS2671/kabir36/kabir/similarity-search/models/LSH-APG/cppCode/LSH-APG/lgo
00783000-67d0c000 rw-p 00000000 00:00 0                                  [heap]
2b3782cd2000-2b3782cf4000 r-xp 00000000 00:24 3428292698                 /usr/lib64/ld-2.17.so
2b3782cf4000-2b3782cfb000 rw-p 00000000 00:00 0 
2b3782d41000-2b3782d48000 rw-p 00000000 00:00 0 
2b3782ef3000-2b3782ef4000 r--p 00021000 00:24 3428292698                 /usr/lib64/ld-2.17.so
2b3782ef4000-2b3782ef5000 rw-p 00022000 00:24 3428292698                 /usr/lib64/ld-2.17.so
2b3782ef5000-2b3782ef6000 rw-p 00000000 00:00 0 
2b3782ef6000-2b3782f2e000 r-xp 00000000 00:2c 19202863                   /apps/xalt/2.10.29/lib64/libxalt_init.so
2b3782f2e000-2b378312e000 ---p 00038000 00:2c 19202863                   /apps/xalt/2.10.29/lib64/libxalt_init.so
2b378312e000-2b378312f000 r--p 00038000 00:2c 19202863                   /apps/xalt/2.10.29/lib64/libxalt_init.so
2b378312f000-2b3783130000 rw-p 00039000 00:2c 19202863                   /apps/xalt/2.10.29/lib64/libxalt_init.so
2b3783130000-2b3783131000 rw-p 00000000 00:00 0 
2b3783131000-2b3783138000 r-xp 00000000 00:24 3428781212                 /usr/lib64/librt-2.17.so
2b3783138000-2b3783337000 ---p 00007000 00:24 3428781212                 /usr/lib64/librt-2.17.so
2b3783337000-2b3783338000 r--p 00006000 00:24 3428781212                 /usr/lib64/librt-2.17.so
2b3783338000-2b3783339000 rw-p 00007000 00:24 3428781212                 /usr/lib64/librt-2.17.so
2b3783339000-2b37834ad000 r-xp 00000000 00:2c 7905980                    /apps/gnu/8.4.0/lib64/libstdc++.so.6.0.25
2b37834ad000-2b37836ac000 ---p 00174000 00:2c 7905980                    /apps/gnu/8.4.0/lib64/libstdc++.so.6.0.25
2b37836ac000-2b37836b6000 r--p 00173000 00:2c 7905980                    /apps/gnu/8.4.0/lib64/libstdc++.so.6.0.25
2b37836b6000-2b37836b8000 rw-p 0017d000 00:2c 7905980                    /apps/gnu/8.4.0/lib64/libstdc++.so.6.0.25
2b37836b8000-2b37836bc000 rw-p 00000000 00:00 0 
2b37836bc000-2b37837bd000 r-xp 00000000 00:24 3428781161                 /usr/lib64/libm-2.17.so
2b37837bd000-2b37839bc000 ---p 00101000 00:24 3428781161                 /usr/lib64/libm-2.17.so
2b37839bc000-2b37839bd000 r--p 00100000 00:24 3428781161                 /usr/lib64/libm-2.17.so
2b37839bd000-2b37839be000 rw-p 00101000 00:24 3428781161                 /usr/lib64/libm-2.17.so
2b37839be000-2b37839eb000 r-xp 00000000 00:2c 5669150                    /apps/gnu/8.4.0/lib64/libgomp.so.1.0.0
2b37839eb000-2b3783bea000 ---p 0002d000 00:2c 5669150                    /apps/gnu/8.4.0/lib64/libgomp.so.1.0.0
2b3783bea000-2b3783beb000 r--p 0002c000 00:2c 5669150                    /apps/gnu/8.4.0/lib64/libgomp.so.1.0.0
2b3783beb000-2b3783bec000 rw-p 0002d000 00:2c 5669150                    /apps/gnu/8.4.0/lib64/libgomp.so.1.0.0
2b3783bec000-2b3783c03000 r-xp 00000000 00:2c 5669148                    /apps/gnu/8.4.0/lib64/libgcc_s.so.1
2b3783c03000-2b3783e02000 ---p 00017000 00:2c 5669148                    /apps/gnu/8.4.0/lib64/libgcc_s.so.1
2b3783e02000-2b3783e03000 r--p 00016000 00:2c 5669148                    /apps/gnu/8.4.0/lib64/libgcc_s.so.1
2b3783e03000-2b3783e04000 rw-p 00017000 00:2c 5669148                    /apps/gnu/8.4.0/lib64/libgcc_s.so.1
2b3783e04000-2b3783e1b000 r-xp 00000000 00:24 3428781193                 /usr/lib64/libpthread-2.17.so
2b3783e1b000-2b378401a000 ---p 00017000 00:24 3428781193                 /usr/lib64/libpthread-2.17.so
2b378401a000-2b378401b000 r--p 00016000 00:24 3428781193                 /usr/lib64/libpthread-2.17.so
2b378401b000-2b378401c000 rw-p 00017000 00:24 3428781193                 /usr/lib64/libpthread-2.17.so
2b378401c000-2b3784020000 rw-p 00000000 00:00 0 
2b3784020000-2b37841e4000 r-xp 00000000 00:24 3428781146                 /usr/lib64/libc-2.17.so
2b37841e4000-2b37843e3000 ---p 001c4000 00:24 3428781146                 /usr/lib64/libc-2.17.so
2b37843e3000-2b37843e7000 r--p 001c3000 00:24 3428781146                 /usr/lib64/libc-2.17.so
2b37843e7000-2b37843e9000 rw-p 001c7000 00:24 3428781146                 /usr/lib64/libc-2.17.so
2b37843e9000-2b37843ee000 rw-p 00000000 00:00 0 
2b37843ee000-2b37843f0000 r-xp 00000000 00:24 3428781159                 /usr/lib64/libdl-2.17.so
2b37843f0000-2b37845f0000 ---p 00002000 00:24 3428781159                 /usr/lib64/libdl-2.17.so
2b37845f0000-2b37845f1000 r--p 00002000 00:24 3428781159                 /usr/lib64/libdl-2.17.so
2b37845f1000-2b37845f2000 rw-p 00003000 00:24 3428781159                 /usr/lib64/libdl-2.17.so
2b37845f2000-2b37845f6000 r-xp 00000000 00:2c 21954920                   /apps/xalt/2.10.29/lib64/libuuid.so.1.3.0
2b37845f6000-2b37847f5000 ---p 00004000 00:2c 21954920                   /apps/xalt/2.10.29/lib64/libuuid.so.1.3.0
2b37847f5000-2b37847f6000 r--p 00003000 00:2c 21954920                   /apps/xalt/2.10.29/lib64/libuuid.so.1.3.0
2b37847f6000-2b37847f7000 rw-p 00004000 00:2c 21954920                   /apps/xalt/2.10.29/lib64/libuuid.so.1.3.0
2b378e244000-2b378e245000 ---p 00000000 00:00 0 
2b378e245000-2b378e445000 rw-p 00000000 00:00 0 
2b378e445000-2b378e446000 ---p 00000000 00:00 0 
2b378e446000-2b378e646000 rw-p 00000000 00:00 0 
2b378e646000-2b378e647000 ---p 00000000 00:00 0 
2b378e647000-2b378e847000 rw-p 00000000 00:00 0 
2b378e847000-2b378e848000 ---p 00000000 00:00 0 
2b378e848000-2b378ea48000 rw-p 00000000 00:00 0 
2b378ea48000-2b378ea49000 ---p 00000000 00:00 0 
2b378ea49000-2b378ec49000 rw-p 00000000 00:00 0 
2b378ec49000-2b378ec4a000 ---p 00000000 00:00 0 
2b378ec4a000-2b378ee4a000 rw-p 00000000 00:00 0 
2b378ee4a000-2b378ee4b000 ---p 00000000 00:00 0 
2b378ee4b000-2b378f04b000 rw-p 00000000 00:00 0 
2b378f04b000-2b378f04c000 ---p 00000000 00:00 0 
2b378f04c000-2b378f24c000 rw-p 00000000 00:00 0 
2b378f24c000-2b378f24d000 ---p 00000000 00:00 0 
2b378f24d000-2b378f44d000 rw-p 00000000 00:00 0 
2b378f44d000-2b378f44e000 ---p 00000000 00:00 0 
2b378f44e000-2b378f64e000 rw-p 00000000 00:00 0 
2b378f64e000-2b378f64f000 ---p 00000000 00:00 0 
2b378f64f000-2b378f84f000 rw-p 00000000 00:00 0 
2b378f84f000-2b378f850000 ---p 00000000 00:00 0 
2b378f850000-2b378fa50000 rw-p 00000000 00:00 0 
2b378fa50000-2b378fa51000 ---p 00000000 00:00 0 
2b378fa51000-2b378fc51000 rw-p 00000000 00:00 0 
2b378fc51000-2b378fc52000 ---p 00000000 00:00 0 
2b378fc52000-2b378fe52000 rw-p 00000000 00:00 0 
2b378fe52000-2b378fe53000 ---p 00000000 00:00 0 
2b378fe53000-2b3790053000 rw-p 00000000 00:00 0 
2b3790053000-2b3790054000 ---p 00000000 00:00 0 
2b3790054000-2b3790254000 rw-p 00000000 00:00 0 
2b3790254000-2b3790255000 ---p 00000000 00:00 0 
2b3790255000-2b3790455000 rw-p 00000000 00:00 0 
2b3790455000-2b3790456000 ---p 00000000 00:00 0 
2b3790456000-2b3790656000 rw-p 00000000 00:00 0 
2b3790656000-2b3790657000 ---p 00000000 00:00 0 
2b3790657000-2b3790857000 rw-p 00000000 00:00 0 
2b3794000000-2b37940dd000 rw-p 00000000 00:00 0 
2b37940dd000-2b3798000000 ---p 00000000 00:00 0 
2b3798000000-2b37980df000 rw-p 00000000 00:00 0 
2b37980df000-2b379c000000 ---p 00000000 00:00 0 
2b379c000000-2b379c0d7000 rw-p 00000000 00:00 0 
2b379c0d7000-2b37a0000000 ---p 00000000 00:00 0 
2b37a0000000-2b37a00d3000 rw-p 00000000 00:00 0 
2b37a00d3000-2b37a4000000 ---p 00000000 00:00 0 
2b37a4000000-2b37a40e4000 rw-p 00000000 00:00 0 
2b37a40e4000-2b37a8000000 ---p 00000000 00:00 0 
2b37a8000000-2b37a80e2000 rw-p 00000000 00:00 0 
2b37a80e2000-2b37ac000000 ---p 00000000 00:00 0 
2b37ac000000-2b37ac0e0000 rw-p 00000000 00:00 0 
2b37ac0e0000-2b37b0000000 ---p 00000000 00:00 0 
2b37b0000000-2b37b00df000 rw-p 00000000 00:00 0 
2b37b00df000-2b37b4000000 ---p 00000000 00:00 0 
2b37b4000000-2b37b40d0000 rw-p 00000000 00:00 0 
2b37b40d0000-2b37b8000000 ---p 00000000 00:00 0 
2b37b8000000-2b37b80df000 rw-p 00000000 00:00 0 
2b37b80df000-2b37bc000000 ---p 00000000 00:00 0 
2b37bc000000-2b37bc0df000 rw-p 00000000 00:00 0 
2b37bc0df000-2b37c0000000 ---p 00000000 00:00 0 
2b37c0000000-2b37c00de000 rw-p 00000000 00:00 0 
2b37c00de000-2b37c4000000 ---p 00000000 00:00 0 
2b37c4000000-2b37c40d3000 rw-p 00000000 00:00 0 
2b37c40d3000-2b37c8000000 ---p 00000000 00:00 0 
2b37c8000000-2b37c80de000 rw-p 00000000 00:00 0 
2b37c80de000-2b37cc000000 ---p 00000000 00:00 0 
2b37cc000000-2b37cc0dc000 rw-p 00000000 00:00 0 
2b37cc0dc000-2b37d0000000 ---p 00000000 00:00 0 
2b37d0000000-2b37d00da000 rw-p 00000000 00:00 0 
2b37d00da000-2b37d4000000 ---p 00000000 00:00 0 
2b37d4000000-2b37d40de000 rw-p 00000000 00:00 0 
2b37d40de000-2b37d8000000 ---p 00000000 00:00 0 
2b37d8000000-2b37d80d5000 rw-p 00000000 00:00 0 
2b37d80d5000-2b37dc000000 ---p 00000000 00:00 0 
2b37dc000000-2b37dc0d6000 rw-p 00000000 00:00 0 
2b37dc0d6000-2b37e0000000 ---p 00000000 00:00 0 
2b37e0000000-2b37e00d8000 rw-p 00000000 00:00 0 
2b37e00d8000-2b37e4000000 ---p 00000000 00:00 0 
2b37e4000000-2b37e40dd000 rw-p 00000000 00:00 0 
2b37e40dd000-2b37e8000000 ---p 00000000 00:00 0 
2b37e8000000-2b37e80e4000 rw-p 00000000 00:00 0 
2b37e80e4000-2b37ec000000 ---p 00000000 00:00 0 
2b37ec000000-2b37ec0e3000 rw-p 00000000 00:00 0 
2b37ec0e3000-2b37f0000000 ---p 00000000 00:00 0 
2b37f0000000-2b37f00df000 rw-p 00000000 00:00 0 
2b37f00df000-2b37f4000000 ---p 00000000 00:00 0 
2b37f4000000-2b37f40da000 rw-p 00000000 00:00 0 
2b37f40da000-2b37f8000000 ---p 00000000 00:00 0 
2b37f8000000-2b37f80d7000 rw-p 00000000 00:00 0 
2b37f80d7000-2b37fc000000 ---p 00000000 00:00 0 
2b37fc000000-2b37fc0d8000 rw-p 00000000 00:00 0 
2b37fc0d8000-2b3800000000 ---p 00000000 00:00 0 
2b3800000000-2b38000dc000 rw-p 00000000 00:00 0 
2b38000dc000-2b3804000000 ---p 00000000 00:00 0 
2b3804000000-2b38040d5000 rw-p 00000000 00:00 0 
2b38040d5000-2b3808000000 ---p 00000000 00:00 0 
2b3808000000-2b38080da000 rw-p 00000000 00:00 0 
2b38080da000-2b380c000000 ---p 00000000 00:00 0 
2b380c000000-2b380c0df000 rw-p 00000000 00:00 0 
2b380c0df000-2b3810000000 ---p 00000000 00:00 0 
2b3810000000-2b38100d3000 rw-p 00000000 00:00 0 
2b38100d3000-2b3814000000 ---p 00000000 00:00 0 
2b3814000000-2b38140d5000 rw-p 00000000 00:00 0 
2b38140d5000-2b3818000000 ---p 00000000 00:00 0 
2b3818000000-2b38180d5000 rw-p 00000000 00:00 0 
2b38180d5000-2b381c000000 ---p 00000000 00:00 0 
2b381c000000-2b381c0da000 rw-p 00000000 00:00 0 
2b381c0da000-2b3820000000 ---p 00000000 00:00 0 
2b3820000000-2b38200df000 rw-p 00000000 00:00 0 
2b38200df000-2b3824000000 ---p 00000000 00:00 0 
2b3824000000-2b38240d0000 rw-p 00000000 00:00 0 
2b38240d0000-2b3828000000 ---p 00000000 00:00 0 
2b3828000000-2b38280d5000 rw-p 00000000 00:00 0 
2b38280d5000-2b382c000000 ---p 00000000 00:00 0 
2b382c000000-2b382c0d9000 rw-p 00000000 00:00 0 
2b382c0d9000-2b3830000000 ---p 00000000 00:00 0 
2b3830000000-2b38300d9000 rw-p 00000000 00:00 0 
2b38300d9000-2b3834000000 ---p 00000000 00:00 0 
2b3834000000-2b38340da000 rw-p 00000000 00:00 0 
2b38340da000-2b3838000000 ---p 00000000 00:00 0 
2b3838000000-2b38380e4000 rw-p 00000000 00:00 0 
2b38380e4000-2b383c000000 ---p 00000000 00:00 0 
2b383c000000-2b383c0d1000 rw-p 00000000 00:00 0 
2b383c0d1000-2b3840000000 ---p 00000000 00:00 0 
2b3840000000-2b38400e0000 rw-p 00000000 00:00 0 
2b38400e0000-2b3844000000 ---p 00000000 00:00 0 
2b3844000000-2b38440d4000 rw-p 00000000 00:00 0 
2b38440d4000-2b3848000000 ---p 00000000 00:00 0 
2b3848000000-2b38480d6000 rw-p 00000000 00:00 0 
2b38480d6000-2b384c000000 ---p 00000000 00:00 0 
2b384c000000-2b384c0db000 rw-p 00000000 00:00 0 
2b384c0db000-2b3850000000 ---p 00000000 00:00 0 
2b3850000000-2b38500d2000 rw-p 00000000 00:00 0 
2b38500d2000-2b3854000000 ---p 00000000 00:00 0 
2b3854000000-2b38540da000 rw-p 00000000 00:00 0 
2b38540da000-2b3858000000 ---p 00000000 00:00 0 
2b3858000000-2b38580da000 rw-p 00000000 00:00 0 
2b38580da000-2b385c000000 ---p 00000000 00:00 0 
2b385c000000-2b385c0d3000 rw-p 00000000 00:00 0 
2b385c0d3000-2b3860000000 ---p 00000000 00:00 0 
2b3860000000-2b38600d5000 rw-p 00000000 00:00 0 
2b38600d5000-2b3864000000 ---p 00000000 00:00 0 
2b3864000000-2b38640d7000 rw-p 00000000 00:00 0 
2b38640d7000-2b3868000000 ---p 00000000 00:00 0 
2b3868000000-2b38680d3000 rw-p 00000000 00:00 0 
2b38680d3000-2b386c000000 ---p 00000000 00:00 0 
2b386c000000-2b386c0d6000 rw-p 00000000 00:00 0 
2b386c0d6000-2b3870000000 ---p 00000000 00:00 0 
2b3870000000-2b38700d3000 rw-p 00000000 00:00 0 
2b38700d3000-2b3874000000 ---p 00000000 00:00 0 
2b3874000000-2b38740dc000 rw-p 00000000 00:00 0 
2b38740dc000-2b3878000000 ---p 00000000 00:00 0 
2b3878000000-2b38780dd000 rw-p 00000000 00:00 0 
2b38780dd000-2b387c000000 ---p 00000000 00:00 0 
2b387c000000-2b387c0e1000 rw-p 00000000 00:00 0 
2b387c0e1000-2b3880000000 ---p 00000000 00:00 0 
2b3880000000-2b38800d4000 rw-p 00000000 00:00 0 
2b38800d4000-2b3884000000 ---p 00000000 00:00 0 
2b3884000000-2b38840db000 rw-p 00000000 00:00 0 
2b38840db000-2b3888000000 ---p 00000000 00:00 0 
2b3888000000-2b38880d5000 rw-p 00000000 00:00 0 
2b38880d5000-2b388c000000 ---p 00000000 00:00 0 
2b388c000000-2b388c0f1000 rw-p 00000000 00:00 0 
2b388c0f1000-2b3890000000 ---p 00000000 00:00 0 
2b3890000000-2b38900d1000 rw-p 00000000 00:00 0 
2b38900d1000-2b3894000000 ---p 00000000 00:00 0 
2b3894000000-2b38940d6000 rw-p 00000000 00:00 0 
2b38940d6000-2b3898000000 ---p 00000000 00:00 0 
2b3898000000-2b38980de000 rw-p 00000000 00:00 0 
2b38980de000-2b389c000000 ---p 00000000 00:00 0 
2b389c000000-2b389c0e2000 rw-p 00000000 00:00 0 
2b389c0e2000-2b38a0000000 ---p 00000000 00:00 0 
2b38a0000000-2b38a00e0000 rw-p 00000000 00:00 0 
2b38a00e0000-2b38a4000000 ---p 00000000 00:00 0 
2b38a4000000-2b38a40d8000 rw-p 00000000 00:00 0 
2b38a40d8000-2b38a8000000 ---p 00000000 00:00 0 
2b38a8000000-2b38a80e2000 rw-p 00000000 00:00 0 
2b38a80e2000-2b38ac000000 ---p 00000000 00:00 0 
2b38ac000000-2b38ac0d9000 rw-p 00000000 00:00 0 
2b38ac0d9000-2b38b0000000 ---p 00000000 00:00 0 
2b38b0000000-2b38b00d8000 rw-p 00000000 00:00 0 
2b38b00d8000-2b38b4000000 ---p 00000000 00:00 0 
2b38b4000000-2b38b40d5000 rw-p 00000000 00:00 0 
2b38b40d5000-2b38b8000000 ---p 00000000 00:00 0 
2b38b8000000-2b38b80db000 rw-p 00000000 00:00 0 
2b38b80db000-2b38bc000000 ---p 00000000 00:00 0 
2b38bc000000-2b38bc0db000 rw-p 00000000 00:00 0 
2b38bc0db000-2b38c0000000 ---p 00000000 00:00 0 
2b38c0000000-2b38c00d5000 rw-p 00000000 00:00 0 
2b38c00d5000-2b38c4000000 ---p 00000000 00:00 0 
2b38c4000000-2b38c40d6000 rw-p 00000000 00:00 0 
2b38c40d6000-2b38c8000000 ---p 00000000 00:00 0 
2b38c8000000-2b38c80db000 rw-p 00000000 00:00 0 
2b38c80db000-2b38cc000000 ---p 00000000 00:00 0 
2b38cc000000-2b38cc0e1000 rw-p 00000000 00:00 0 
2b38cc0e1000-2b38d0000000 ---p 00000000 00:00 0 
2b38d0000000-2b38d00d3000 rw-p 00000000 00:00 0 
2b38d00d3000-2b38d4000000 ---p 00000000 00:00 0 
2b38d4000000-2b38d40d2000 rw-p 00000000 00:00 0 
2b38d40d2000-2b38d8000000 ---p 00000000 00:00 0 
2b38d8000000-2b38d80dc000 rw-p 00000000 00:00 0 
2b38d80dc000-2b38dc000000 ---p 00000000 00:00 0 
2b38dc000000-2b38dc0e0000 rw-p 00000000 00:00 0 
2b38dc0e0000-2b38e0000000 ---p 00000000 00:00 0 
2b38e0000000-2b38e00d4000 rw-p 00000000 00:00 0 
2b38e00d4000-2b38e4000000 ---p 00000000 00:00 0 
2b38e4000000-2b38e40d3000 rw-p 00000000 00:00 0 
2b38e40d3000-2b38e8000000 ---p 00000000 00:00 0 
2b38e8000000-2b38e80df000 rw-p 00000000 00:00 0 
2b38e80df000-2b38ec000000 ---p 00000000 00:00 0 
2b38ec000000-2b38ec0db000 rw-p 00000000 00:00 0 
2b38ec0db000-2b38f0000000 ---p 00000000 00:00 0 
2b38f0000000-2b38f00e0000 rw-p 00000000 00:00 0 
2b38f00e0000-2b38f4000000 ---p 00000000 00:00 0 
2b38f4000000-2b38f40d9000 rw-p 00000000 00:00 0 
2b38f40d9000-2b38f8000000 ---p 00000000 00:00 0 
2b38f8000000-2b38f80df000 rw-p 00000000 00:00 0 
2b38f80df000-2b38fc000000 ---p 00000000 00:00 0 
2b38fc000000-2b38fc0d1000 rw-p 00000000 00:00 0 
2b38fc0d1000-2b3900000000 ---p 00000000 00:00 0 
2b3900000000-2b39000d3000 rw-p 00000000 00:00 0 
2b39000d3000-2b3904000000 ---p 00000000 00:00 0 
2b3904000000-2b39040df000 rw-p 00000000 00:00 0 
2b39040df000-2b3908000000 ---p 00000000 00:00 0 
2b3908000000-2b39080cc000 rw-p 00000000 00:00 0 
2b39080cc000-2b390c000000 ---p 00000000 00:00 0 
2b390c000000-2b390c0db000 rw-p 00000000 00:00 0 
2b390c0db000-2b3910000000 ---p 00000000 00:00 0 
2b3910000000-2b39100df000 rw-p 00000000 00:00 0 
2b39100df000-2b3914000000 ---p 00000000 00:00 0 
2b3914000000-2b391faec000 rw-p 00000000 00:00 0 
7ffcef13a000-7ffcef15e000 rw-p 00000000 00:00 0                          [stack]
7ffcef1a4000-7ffcef1a6000 r-xp 00000000 00:00 0                          [vdso]
ffffffffff600000-ffffffffff601000 r-xp 00000000 00:00 0                  [vsyscall]

******************************************************************************************************
                                                                                    1180-5:11:59
*****************************************************************************************************


Command terminated by signal 6
	Command being timed: "./lgo text-to-image 100 1 18 0.1 1.0 24"
	User time (seconds): 821.64
	System time (seconds): 7.29
	Percent of CPU this job got: 99%
	Elapsed (wall clock) time (h:mm:ss or m:ss): 13:53.85
	Average shared text size (kbytes): 0
	Average unshared data size (kbytes): 0
	Average stack size (kbytes): 0
	Average total size (kbytes): 0
	Maximum resident set size (kbytes): 1970716
	Average resident set size (kbytes): 0
	Major (requiring I/O) page faults: 0
	Minor (reclaiming a frame) page faults: 4111225
	Voluntary context switches: 419452
	Involuntary context switches: 188653
	Swaps: 0
	File system inputs: 0
	File system outputs: 4714088
	Socket messages sent: 0
	Socket messages received: 0
	Signals delivered: 0
	Page size (bytes): 4096
	Exit status: 0
