C++17!
Using LSH-Graph for text-to-image ...
c=        1.5
k=        100
L=        1
K=        12
T=        24
lsh_UB=   0
LOADING DATA...
Load from new file: /users/PAS2671/kabir36/kabir/similarity-search/dataset/text-to-image/
N=    1000000
dim=  200

LOADING TIME: 1.15377s.

LOADING BENMARK...
LOADING TIME: 0.00049s.

mkdir: missing operand
Try 'mkdir --help' for more information.

START HASHING...

SETTING HASH PARAMETER...
SETTING TIME: 6.2e-05s.

COMPUTING HASH...
COMPUTING TIME: 0.619879s.

[31mOld W=    0.3
New W=    0.3
Increase  1times.
[0mCONSTRUCTING GRAPH...

0%   10   20   30   40   50   60   70   80   90   100%
|----|----|----|----|----|----|----|----|----|----|
***************************************************
CONSTRUCTING TIME: 817.438s.

SAVING GRAPH...
SAVING TIME: 0.971719s.

dist=0.710507, cnt=37.080593, unique=1, std=9.262072, Recall=0.000000
cc=1007.702454, pruning=0.178590

Loading FastGraph...
*******************************************************************************************************
The result of LSH-G for text-to-image is as follow: k=100, probQ = 0.9, L = 1, K = 12, T = 24
******************************************************************************************************
     algName       k      ef        Time      Recall        Cost        CPQ1        CPQ2     Pruning

       fastG     100     200     1.02422       0.979     1882.15     165.785     2047.94     0.26567

*** Error in `./lgo': munmap_chunk(): invalid pointer: 0x0000000030a46791 ***
======= Backtrace: =========
/lib64/libc.so.6(+0x7f474)[0x2b79b712c474]
./lgo[0x40bb5e]
./lgo[0x408415]
/lib64/libc.so.6(__libc_start_main+0xf5)[0x2b79b70cf555]
./lgo[0x408e0c]
======= Memory map: ========
00400000-00449000 r-xp 00000000 00:38 1794793                            /users/PAS2671/kabir36/kabir/similarity-search/models/LSH-APG/cppCode/LSH-APG/lgo
00648000-0064a000 r--p 00048000 00:38 1794793                            /users/PAS2671/kabir36/kabir/similarity-search/models/LSH-APG/cppCode/LSH-APG/lgo
0064a000-0064b000 rw-p 0004a000 00:38 1794793                            /users/PAS2671/kabir36/kabir/similarity-search/models/LSH-APG/cppCode/LSH-APG/lgo
02017000-6865c000 rw-p 00000000 00:00 0                                  [heap]
2b79b5d5f000-2b79b5d81000 r-xp 00000000 00:24 3428292698                 /usr/lib64/ld-2.17.so
2b79b5d81000-2b79b5d88000 rw-p 00000000 00:00 0 
2b79b5dce000-2b79b5dd5000 rw-p 00000000 00:00 0 
2b79b5f80000-2b79b5f81000 r--p 00021000 00:24 3428292698                 /usr/lib64/ld-2.17.so
2b79b5f81000-2b79b5f82000 rw-p 00022000 00:24 3428292698                 /usr/lib64/ld-2.17.so
2b79b5f82000-2b79b5f83000 rw-p 00000000 00:00 0 
2b79b5f83000-2b79b5fbb000 r-xp 00000000 00:2c 19202863                   /apps/xalt/2.10.29/lib64/libxalt_init.so
2b79b5fbb000-2b79b61bb000 ---p 00038000 00:2c 19202863                   /apps/xalt/2.10.29/lib64/libxalt_init.so
2b79b61bb000-2b79b61bc000 r--p 00038000 00:2c 19202863                   /apps/xalt/2.10.29/lib64/libxalt_init.so
2b79b61bc000-2b79b61bd000 rw-p 00039000 00:2c 19202863                   /apps/xalt/2.10.29/lib64/libxalt_init.so
2b79b61bd000-2b79b61be000 rw-p 00000000 00:00 0 
2b79b61be000-2b79b61c5000 r-xp 00000000 00:24 3428781212                 /usr/lib64/librt-2.17.so
2b79b61c5000-2b79b63c4000 ---p 00007000 00:24 3428781212                 /usr/lib64/librt-2.17.so
2b79b63c4000-2b79b63c5000 r--p 00006000 00:24 3428781212                 /usr/lib64/librt-2.17.so
2b79b63c5000-2b79b63c6000 rw-p 00007000 00:24 3428781212                 /usr/lib64/librt-2.17.so
2b79b63c6000-2b79b653a000 r-xp 00000000 00:2c 7905980                    /apps/gnu/8.4.0/lib64/libstdc++.so.6.0.25
2b79b653a000-2b79b6739000 ---p 00174000 00:2c 7905980                    /apps/gnu/8.4.0/lib64/libstdc++.so.6.0.25
2b79b6739000-2b79b6743000 r--p 00173000 00:2c 7905980                    /apps/gnu/8.4.0/lib64/libstdc++.so.6.0.25
2b79b6743000-2b79b6745000 rw-p 0017d000 00:2c 7905980                    /apps/gnu/8.4.0/lib64/libstdc++.so.6.0.25
2b79b6745000-2b79b6749000 rw-p 00000000 00:00 0 
2b79b6749000-2b79b684a000 r-xp 00000000 00:24 3428781161                 /usr/lib64/libm-2.17.so
2b79b684a000-2b79b6a49000 ---p 00101000 00:24 3428781161                 /usr/lib64/libm-2.17.so
2b79b6a49000-2b79b6a4a000 r--p 00100000 00:24 3428781161                 /usr/lib64/libm-2.17.so
2b79b6a4a000-2b79b6a4b000 rw-p 00101000 00:24 3428781161                 /usr/lib64/libm-2.17.so
2b79b6a4b000-2b79b6a78000 r-xp 00000000 00:2c 5669150                    /apps/gnu/8.4.0/lib64/libgomp.so.1.0.0
2b79b6a78000-2b79b6c77000 ---p 0002d000 00:2c 5669150                    /apps/gnu/8.4.0/lib64/libgomp.so.1.0.0
2b79b6c77000-2b79b6c78000 r--p 0002c000 00:2c 5669150                    /apps/gnu/8.4.0/lib64/libgomp.so.1.0.0
2b79b6c78000-2b79b6c79000 rw-p 0002d000 00:2c 5669150                    /apps/gnu/8.4.0/lib64/libgomp.so.1.0.0
2b79b6c79000-2b79b6c90000 r-xp 00000000 00:2c 5669148                    /apps/gnu/8.4.0/lib64/libgcc_s.so.1
2b79b6c90000-2b79b6e8f000 ---p 00017000 00:2c 5669148                    /apps/gnu/8.4.0/lib64/libgcc_s.so.1
2b79b6e8f000-2b79b6e90000 r--p 00016000 00:2c 5669148                    /apps/gnu/8.4.0/lib64/libgcc_s.so.1
2b79b6e90000-2b79b6e91000 rw-p 00017000 00:2c 5669148                    /apps/gnu/8.4.0/lib64/libgcc_s.so.1
2b79b6e91000-2b79b6ea8000 r-xp 00000000 00:24 3428781193                 /usr/lib64/libpthread-2.17.so
2b79b6ea8000-2b79b70a7000 ---p 00017000 00:24 3428781193                 /usr/lib64/libpthread-2.17.so
2b79b70a7000-2b79b70a8000 r--p 00016000 00:24 3428781193                 /usr/lib64/libpthread-2.17.so
2b79b70a8000-2b79b70a9000 rw-p 00017000 00:24 3428781193                 /usr/lib64/libpthread-2.17.so
2b79b70a9000-2b79b70ad000 rw-p 00000000 00:00 0 
2b79b70ad000-2b79b7271000 r-xp 00000000 00:24 3428781146                 /usr/lib64/libc-2.17.so
2b79b7271000-2b79b7470000 ---p 001c4000 00:24 3428781146                 /usr/lib64/libc-2.17.so
2b79b7470000-2b79b7474000 r--p 001c3000 00:24 3428781146                 /usr/lib64/libc-2.17.so
2b79b7474000-2b79b7476000 rw-p 001c7000 00:24 3428781146                 /usr/lib64/libc-2.17.so
2b79b7476000-2b79b747b000 rw-p 00000000 00:00 0 
2b79b747b000-2b79b747d000 r-xp 00000000 00:24 3428781159                 /usr/lib64/libdl-2.17.so
2b79b747d000-2b79b767d000 ---p 00002000 00:24 3428781159                 /usr/lib64/libdl-2.17.so
2b79b767d000-2b79b767e000 r--p 00002000 00:24 3428781159                 /usr/lib64/libdl-2.17.so
2b79b767e000-2b79b767f000 rw-p 00003000 00:24 3428781159                 /usr/lib64/libdl-2.17.so
2b79b767f000-2b79b7683000 r-xp 00000000 00:2c 21954920                   /apps/xalt/2.10.29/lib64/libuuid.so.1.3.0
2b79b7683000-2b79b7882000 ---p 00004000 00:2c 21954920                   /apps/xalt/2.10.29/lib64/libuuid.so.1.3.0
2b79b7882000-2b79b7883000 r--p 00003000 00:2c 21954920                   /apps/xalt/2.10.29/lib64/libuuid.so.1.3.0
2b79b7883000-2b79b7884000 rw-p 00004000 00:2c 21954920                   /apps/xalt/2.10.29/lib64/libuuid.so.1.3.0
2b79c12d1000-2b79c12d2000 ---p 00000000 00:00 0 
2b79c12d2000-2b79c14d2000 rw-p 00000000 00:00 0 
2b79c14d2000-2b79c14d3000 ---p 00000000 00:00 0 
2b79c14d3000-2b79c16d3000 rw-p 00000000 00:00 0 
2b79c16d3000-2b79c16d4000 ---p 00000000 00:00 0 
2b79c16d4000-2b79c18d4000 rw-p 00000000 00:00 0 
2b79c18d4000-2b79c18d5000 ---p 00000000 00:00 0 
2b79c18d5000-2b79c1ad5000 rw-p 00000000 00:00 0 
2b79c1ad5000-2b79c1ad6000 ---p 00000000 00:00 0 
2b79c1ad6000-2b79c1cd6000 rw-p 00000000 00:00 0 
2b79c1cd6000-2b79c1cd7000 ---p 00000000 00:00 0 
2b79c1cd7000-2b79c1ed7000 rw-p 00000000 00:00 0 
2b79c1ed7000-2b79c1ed8000 ---p 00000000 00:00 0 
2b79c1ed8000-2b79c20d8000 rw-p 00000000 00:00 0 
2b79c20d8000-2b79c20d9000 ---p 00000000 00:00 0 
2b79c20d9000-2b79c22d9000 rw-p 00000000 00:00 0 
2b79c22d9000-2b79c22da000 ---p 00000000 00:00 0 
2b79c22da000-2b79c24da000 rw-p 00000000 00:00 0 
2b79c24da000-2b79c24db000 ---p 00000000 00:00 0 
2b79c24db000-2b79c26db000 rw-p 00000000 00:00 0 
2b79c26db000-2b79c26dc000 ---p 00000000 00:00 0 
2b79c26dc000-2b79c28dc000 rw-p 00000000 00:00 0 
2b79c28dc000-2b79c28dd000 ---p 00000000 00:00 0 
2b79c28dd000-2b79c2add000 rw-p 00000000 00:00 0 
2b79c2add000-2b79c2ade000 ---p 00000000 00:00 0 
2b79c2ade000-2b79c2cde000 rw-p 00000000 00:00 0 
2b79c2cde000-2b79c2cdf000 ---p 00000000 00:00 0 
2b79c2cdf000-2b79c2edf000 rw-p 00000000 00:00 0 
2b79c2edf000-2b79c2ee0000 ---p 00000000 00:00 0 
2b79c2ee0000-2b79c30e0000 rw-p 00000000 00:00 0 
2b79c30e0000-2b79c30e1000 ---p 00000000 00:00 0 
2b79c30e1000-2b79c32e1000 rw-p 00000000 00:00 0 
2b79c32e1000-2b79c32e2000 ---p 00000000 00:00 0 
2b79c32e2000-2b79c34e2000 rw-p 00000000 00:00 0 
2b79c34e2000-2b79c34e3000 ---p 00000000 00:00 0 
2b79c34e3000-2b79c36e3000 rw-p 00000000 00:00 0 
2b79c36e3000-2b79c36e4000 ---p 00000000 00:00 0 
2b79c36e4000-2b79c38e4000 rw-p 00000000 00:00 0 
2b79c4000000-2b79c40d7000 rw-p 00000000 00:00 0 
2b79c40d7000-2b79c8000000 ---p 00000000 00:00 0 
2b79c8000000-2b79c80e3000 rw-p 00000000 00:00 0 
2b79c80e3000-2b79cc000000 ---p 00000000 00:00 0 
2b79cc000000-2b79cc0d9000 rw-p 00000000 00:00 0 
2b79cc0d9000-2b79d0000000 ---p 00000000 00:00 0 
2b79d0000000-2b79d00de000 rw-p 00000000 00:00 0 
2b79d00de000-2b79d4000000 ---p 00000000 00:00 0 
2b79d4000000-2b79d40e3000 rw-p 00000000 00:00 0 
2b79d40e3000-2b79d8000000 ---p 00000000 00:00 0 
2b79d8000000-2b79d80d7000 rw-p 00000000 00:00 0 
2b79d80d7000-2b79dc000000 ---p 00000000 00:00 0 
2b79dc000000-2b79dc0e1000 rw-p 00000000 00:00 0 
2b79dc0e1000-2b79e0000000 ---p 00000000 00:00 0 
2b79e0000000-2b79e00dc000 rw-p 00000000 00:00 0 
2b79e00dc000-2b79e4000000 ---p 00000000 00:00 0 
2b79e4000000-2b79e40d6000 rw-p 00000000 00:00 0 
2b79e40d6000-2b79e8000000 ---p 00000000 00:00 0 
2b79e8000000-2b79e80d3000 rw-p 00000000 00:00 0 
2b79e80d3000-2b79ec000000 ---p 00000000 00:00 0 
2b79ec000000-2b79ec0de000 rw-p 00000000 00:00 0 
2b79ec0de000-2b79f0000000 ---p 00000000 00:00 0 
2b79f0000000-2b79f00de000 rw-p 00000000 00:00 0 
2b79f00de000-2b79f4000000 ---p 00000000 00:00 0 
2b79f4000000-2b79f40d6000 rw-p 00000000 00:00 0 
2b79f40d6000-2b79f8000000 ---p 00000000 00:00 0 
2b79f8000000-2b79f80d9000 rw-p 00000000 00:00 0 
2b79f80d9000-2b79fc000000 ---p 00000000 00:00 0 
2b79fc000000-2b79fc0d9000 rw-p 00000000 00:00 0 
2b79fc0d9000-2b7a00000000 ---p 00000000 00:00 0 
2b7a00000000-2b7a000d5000 rw-p 00000000 00:00 0 
2b7a000d5000-2b7a04000000 ---p 00000000 00:00 0 
2b7a04000000-2b7a040d4000 rw-p 00000000 00:00 0 
2b7a040d4000-2b7a08000000 ---p 00000000 00:00 0 
2b7a08000000-2b7a080d8000 rw-p 00000000 00:00 0 
2b7a080d8000-2b7a0c000000 ---p 00000000 00:00 0 
2b7a0c000000-2b7a0c0d5000 rw-p 00000000 00:00 0 
2b7a0c0d5000-2b7a10000000 ---p 00000000 00:00 0 
2b7a10000000-2b7a100d3000 rw-p 00000000 00:00 0 
2b7a100d3000-2b7a14000000 ---p 00000000 00:00 0 
2b7a14000000-2b7a140d5000 rw-p 00000000 00:00 0 
2b7a140d5000-2b7a18000000 ---p 00000000 00:00 0 
2b7a18000000-2b7a180db000 rw-p 00000000 00:00 0 
2b7a180db000-2b7a1c000000 ---p 00000000 00:00 0 
2b7a1c000000-2b7a1c0d8000 rw-p 00000000 00:00 0 
2b7a1c0d8000-2b7a20000000 ---p 00000000 00:00 0 
2b7a20000000-2b7a200e7000 rw-p 00000000 00:00 0 
2b7a200e7000-2b7a24000000 ---p 00000000 00:00 0 
2b7a24000000-2b7a240d1000 rw-p 00000000 00:00 0 
2b7a240d1000-2b7a28000000 ---p 00000000 00:00 0 
2b7a28000000-2b7a280d9000 rw-p 00000000 00:00 0 
2b7a280d9000-2b7a2c000000 ---p 00000000 00:00 0 
2b7a2c000000-2b7a2c0e1000 rw-p 00000000 00:00 0 
2b7a2c0e1000-2b7a30000000 ---p 00000000 00:00 0 
2b7a30000000-2b7a300dd000 rw-p 00000000 00:00 0 
2b7a300dd000-2b7a34000000 ---p 00000000 00:00 0 
2b7a34000000-2b7a340d4000 rw-p 00000000 00:00 0 
2b7a340d4000-2b7a38000000 ---p 00000000 00:00 0 
2b7a38000000-2b7a380dd000 rw-p 00000000 00:00 0 
2b7a380dd000-2b7a3c000000 ---p 00000000 00:00 0 
2b7a3c000000-2b7a3c0d2000 rw-p 00000000 00:00 0 
2b7a3c0d2000-2b7a40000000 ---p 00000000 00:00 0 
2b7a40000000-2b7a400d5000 rw-p 00000000 00:00 0 
2b7a400d5000-2b7a44000000 ---p 00000000 00:00 0 
2b7a44000000-2b7a440df000 rw-p 00000000 00:00 0 
2b7a440df000-2b7a48000000 ---p 00000000 00:00 0 
2b7a48000000-2b7a480dd000 rw-p 00000000 00:00 0 
2b7a480dd000-2b7a4c000000 ---p 00000000 00:00 0 
2b7a4c000000-2b7a4c0d4000 rw-p 00000000 00:00 0 
2b7a4c0d4000-2b7a50000000 ---p 00000000 00:00 0 
2b7a50000000-2b7a500d6000 rw-p 00000000 00:00 0 
2b7a500d6000-2b7a54000000 ---p 00000000 00:00 0 
2b7a54000000-2b7a540d9000 rw-p 00000000 00:00 0 
2b7a540d9000-2b7a58000000 ---p 00000000 00:00 0 
2b7a58000000-2b7a580d3000 rw-p 00000000 00:00 0 
2b7a580d3000-2b7a5c000000 ---p 00000000 00:00 0 
2b7a5c000000-2b7a5c0d5000 rw-p 00000000 00:00 0 
2b7a5c0d5000-2b7a60000000 ---p 00000000 00:00 0 
2b7a60000000-2b7a600db000 rw-p 00000000 00:00 0 
2b7a600db000-2b7a64000000 ---p 00000000 00:00 0 
2b7a64000000-2b7a640d8000 rw-p 00000000 00:00 0 
2b7a640d8000-2b7a68000000 ---p 00000000 00:00 0 
2b7a68000000-2b7a680d2000 rw-p 00000000 00:00 0 
2b7a680d2000-2b7a6c000000 ---p 00000000 00:00 0 
2b7a6c000000-2b7a6c0d5000 rw-p 00000000 00:00 0 
2b7a6c0d5000-2b7a70000000 ---p 00000000 00:00 0 
2b7a70000000-2b7a700de000 rw-p 00000000 00:00 0 
2b7a700de000-2b7a74000000 ---p 00000000 00:00 0 
2b7a74000000-2b7a740e4000 rw-p 00000000 00:00 0 
2b7a740e4000-2b7a78000000 ---p 00000000 00:00 0 
2b7a78000000-2b7a780d5000 rw-p 00000000 00:00 0 
2b7a780d5000-2b7a7c000000 ---p 00000000 00:00 0 
2b7a7c000000-2b7a7c0db000 rw-p 00000000 00:00 0 
2b7a7c0db000-2b7a80000000 ---p 00000000 00:00 0 
2b7a80000000-2b7a800d2000 rw-p 00000000 00:00 0 
2b7a800d2000-2b7a84000000 ---p 00000000 00:00 0 
2b7a84000000-2b7a840ec000 rw-p 00000000 00:00 0 
2b7a840ec000-2b7a88000000 ---p 00000000 00:00 0 
2b7a88000000-2b7a880d1000 rw-p 00000000 00:00 0 
2b7a880d1000-2b7a8c000000 ---p 00000000 00:00 0 
2b7a8c000000-2b7a8c0d4000 rw-p 00000000 00:00 0 
2b7a8c0d4000-2b7a90000000 ---p 00000000 00:00 0 
2b7a90000000-2b7a900dd000 rw-p 00000000 00:00 0 
2b7a900dd000-2b7a94000000 ---p 00000000 00:00 0 
2b7a94000000-2b7a940dd000 rw-p 00000000 00:00 0 
2b7a940dd000-2b7a98000000 ---p 00000000 00:00 0 
2b7a98000000-2b7a980d6000 rw-p 00000000 00:00 0 
2b7a980d6000-2b7a9c000000 ---p 00000000 00:00 0 
2b7a9c000000-2b7a9c0dc000 rw-p 00000000 00:00 0 
2b7a9c0dc000-2b7aa0000000 ---p 00000000 00:00 0 
2b7aa0000000-2b7aa00d4000 rw-p 00000000 00:00 0 
2b7aa00d4000-2b7aa4000000 ---p 00000000 00:00 0 
2b7aa4000000-2b7aa40da000 rw-p 00000000 00:00 0 
2b7aa40da000-2b7aa8000000 ---p 00000000 00:00 0 
2b7aa8000000-2b7aa80dc000 rw-p 00000000 00:00 0 
2b7aa80dc000-2b7aac000000 ---p 00000000 00:00 0 
2b7aac000000-2b7aac0da000 rw-p 00000000 00:00 0 
2b7aac0da000-2b7ab0000000 ---p 00000000 00:00 0 
2b7ab0000000-2b7ab00d5000 rw-p 00000000 00:00 0 
2b7ab00d5000-2b7ab4000000 ---p 00000000 00:00 0 
2b7ab4000000-2b7ab40d6000 rw-p 00000000 00:00 0 
2b7ab40d6000-2b7ab8000000 ---p 00000000 00:00 0 
2b7ab8000000-2b7ab80d3000 rw-p 00000000 00:00 0 
2b7ab80d3000-2b7abc000000 ---p 00000000 00:00 0 
2b7abc000000-2b7abc0e2000 rw-p 00000000 00:00 0 
2b7abc0e2000-2b7ac0000000 ---p 00000000 00:00 0 
2b7ac0000000-2b7ac00d9000 rw-p 00000000 00:00 0 
2b7ac00d9000-2b7ac4000000 ---p 00000000 00:00 0 
2b7ac4000000-2b7ac40df000 rw-p 00000000 00:00 0 
2b7ac40df000-2b7ac8000000 ---p 00000000 00:00 0 
2b7ac8000000-2b7ac80d5000 rw-p 00000000 00:00 0 
2b7ac80d5000-2b7acc000000 ---p 00000000 00:00 0 
2b7acc000000-2b7acc0dd000 rw-p 00000000 00:00 0 
2b7acc0dd000-2b7ad0000000 ---p 00000000 00:00 0 
2b7ad0000000-2b7ad00db000 rw-p 00000000 00:00 0 
2b7ad00db000-2b7ad4000000 ---p 00000000 00:00 0 
2b7ad4000000-2b7ad40d7000 rw-p 00000000 00:00 0 
2b7ad40d7000-2b7ad8000000 ---p 00000000 00:00 0 
2b7ad8000000-2b7ad80d4000 rw-p 00000000 00:00 0 
2b7ad80d4000-2b7adc000000 ---p 00000000 00:00 0 
2b7adc000000-2b7adc0da000 rw-p 00000000 00:00 0 
2b7adc0da000-2b7ae0000000 ---p 00000000 00:00 0 
2b7ae0000000-2b7ae00d3000 rw-p 00000000 00:00 0 
2b7ae00d3000-2b7ae4000000 ---p 00000000 00:00 0 
2b7ae4000000-2b7ae40d7000 rw-p 00000000 00:00 0 
2b7ae40d7000-2b7ae8000000 ---p 00000000 00:00 0 
2b7ae8000000-2b7ae80d5000 rw-p 00000000 00:00 0 
2b7ae80d5000-2b7aec000000 ---p 00000000 00:00 0 
2b7aec000000-2b7aec0e0000 rw-p 00000000 00:00 0 
2b7aec0e0000-2b7af0000000 ---p 00000000 00:00 0 
2b7af0000000-2b7af00d3000 rw-p 00000000 00:00 0 
2b7af00d3000-2b7af4000000 ---p 00000000 00:00 0 
2b7af4000000-2b7af40d2000 rw-p 00000000 00:00 0 
2b7af40d2000-2b7af8000000 ---p 00000000 00:00 0 
2b7af8000000-2b7af80e6000 rw-p 00000000 00:00 0 
2b7af80e6000-2b7afc000000 ---p 00000000 00:00 0 
2b7afc000000-2b7afc0dd000 rw-p 00000000 00:00 0 
2b7afc0dd000-2b7b00000000 ---p 00000000 00:00 0 
2b7b00000000-2b7b000d4000 rw-p 00000000 00:00 0 
2b7b000d4000-2b7b04000000 ---p 00000000 00:00 0 
2b7b04000000-2b7b040d1000 rw-p 00000000 00:00 0 
2b7b040d1000-2b7b08000000 ---p 00000000 00:00 0 
2b7b08000000-2b7b080d4000 rw-p 00000000 00:00 0 
2b7b080d4000-2b7b0c000000 ---p 00000000 00:00 0 
2b7b0c000000-2b7b0c0d9000 rw-p 00000000 00:00 0 
2b7b0c0d9000-2b7b10000000 ---p 00000000 00:00 0 
2b7b10000000-2b7b100ef000 rw-p 00000000 00:00 0 
2b7b100ef000-2b7b14000000 ---p 00000000 00:00 0 
2b7b14000000-2b7b140de000 rw-p 00000000 00:00 0 
2b7b140de000-2b7b18000000 ---p 00000000 00:00 0 
2b7b18000000-2b7b180e0000 rw-p 00000000 00:00 0 
2b7b180e0000-2b7b1c000000 ---p 00000000 00:00 0 
2b7b1c000000-2b7b1c0e8000 rw-p 00000000 00:00 0 
2b7b1c0e8000-2b7b20000000 ---p 00000000 00:00 0 
2b7b20000000-2b7b200d3000 rw-p 00000000 00:00 0 
2b7b200d3000-2b7b24000000 ---p 00000000 00:00 0 
2b7b24000000-2b7b240e3000 rw-p 00000000 00:00 0 
2b7b240e3000-2b7b28000000 ---p 00000000 00:00 0 
2b7b28000000-2b7b280dc000 rw-p 00000000 00:00 0 
2b7b280dc000-2b7b2c000000 ---p 00000000 00:00 0 
2b7b2c000000-2b7b2c0d6000 rw-p 00000000 00:00 0 
2b7b2c0d6000-2b7b30000000 ---p 00000000 00:00 0 
2b7b30000000-2b7b300e2000 rw-p 00000000 00:00 0 
2b7b300e2000-2b7b34000000 ---p 00000000 00:00 0 
2b7b34000000-2b7b340e0000 rw-p 00000000 00:00 0 
2b7b340e0000-2b7b38000000 ---p 00000000 00:00 0 
2b7b38000000-2b7b380d6000 rw-p 00000000 00:00 0 
2b7b380d6000-2b7b3c000000 ---p 00000000 00:00 0 
2b7b3c000000-2b7b3c0d3000 rw-p 00000000 00:00 0 
2b7b3c0d3000-2b7b40000000 ---p 00000000 00:00 0 
2b7b40000000-2b7b400de000 rw-p 00000000 00:00 0 
2b7b400de000-2b7b44000000 ---p 00000000 00:00 0 
2b7b44000000-2b7b4faec000 rw-p 00000000 00:00 0 
7ffc37506000-7ffc3752a000 rw-p 00000000 00:00 0                          [stack]
7ffc37566000-7ffc37568000 r-xp 00000000 00:00 0                          [vdso]
ffffffffff600000-ffffffffff601000 r-xp 00000000 00:00 0                  [vsyscall]

******************************************************************************************************
                                                                                    1180-4:49:13
*****************************************************************************************************


Command terminated by signal 6
	Command being timed: "./lgo text-to-image 100 1 12 0.1 1.0 24"
	User time (seconds): 813.52
	System time (seconds): 6.92
	Percent of CPU this job got: 99%
	Elapsed (wall clock) time (h:mm:ss or m:ss): 13:44.40
	Average shared text size (kbytes): 0
	Average unshared data size (kbytes): 0
	Average stack size (kbytes): 0
	Average total size (kbytes): 0
	Maximum resident set size (kbytes): 1954900
	Average resident set size (kbytes): 0
	Major (requiring I/O) page faults: 0
	Minor (reclaiming a frame) page faults: 3833769
	Voluntary context switches: 416095
	Involuntary context switches: 188036
	Swaps: 0
	File system inputs: 0
	File system outputs: 4635568
	Socket messages sent: 0
	Socket messages received: 0
	Signals delivered: 0
	Page size (bytes): 4096
	Exit status: 0
