C++17!
Using LSH-Graph for text-to-image ...
c=        1.5
k=        100
L=        2
K=        18
T=        12
lsh_UB=   0
LOADING DATA...
Load from new file: /users/PAS2671/kabir36/kabir/similarity-search/dataset/text-to-image/
N=    1000000
dim=  200

LOADING TIME: 1.17577s.

LOADING BENMARK...
LOADING TIME: 0.000504s.

mkdir: missing operand
Try 'mkdir --help' for more information.

START HASHING...

SETTING HASH PARAMETER...
SETTING TIME: 0.000149s.

COMPUTING HASH...
COMPUTING TIME: 1.94065s.

[1m[31mWARNING:
[31mRanges of hash values is too LARGE. 
Please increase W at least 1times.
[0m[31mOld W=    0.3
New W=    1.42562
Increase  4.75207times.
[0mCONSTRUCTING GRAPH...

0%   10   20   30   40   50   60   70   80   90   100%
|----|----|----|----|----|----|----|----|----|----|
***************************************************
CONSTRUCTING TIME: 528.715s.

SAVING GRAPH...
SAVING TIME: 1.09701s.

dist=0.682888, cnt=18.349911, unique=1, std=4.732658, Recall=0.000000
cc=611.848877, pruning=0.167704

Loading FastGraph...
*******************************************************************************************************
The result of LSH-G for text-to-image is as follow: k=100, probQ = 0.9, L = 2, K = 18, T = 12
******************************************************************************************************
     algName       k      ef        Time      Recall        Cost        CPQ1        CPQ2     Pruning

       fastG     100     200     1.07785      0.9624     1344.59     189.597     1534.19    0.212139

Command terminated by signal 11
	Command being timed: "./lgo text-to-image 100 2 18 0.1 1.0 12"
	User time (seconds): 526.59
	System time (seconds): 7.24
	Percent of CPU this job got: 99%
	Elapsed (wall clock) time (h:mm:ss or m:ss): 8:57.75
	Average shared text size (kbytes): 0
	Average unshared data size (kbytes): 0
	Average stack size (kbytes): 0
	Average total size (kbytes): 0
	Maximum resident set size (kbytes): 2372096
	Average resident set size (kbytes): 0
	Major (requiring I/O) page faults: 0
	Minor (reclaiming a frame) page faults: 3789989
	Voluntary context switches: 595172
	Involuntary context switches: 127794
	Swaps: 0
	File system inputs: 0
	File system outputs: 3793856
	Socket messages sent: 0
	Socket messages received: 0
	Signals delivered: 0
	Page size (bytes): 4096
	Exit status: 0
