C++17!
Using LSH-Graph for text-to-image ...
c=        1.5
k=        100
L=        1
K=        18
T=        12
lsh_UB=   0
LOADING DATA...
Load from new file: /users/PAS2671/kabir36/kabir/similarity-search/dataset/text-to-image/
N=    1000000
dim=  200

LOADING TIME: 1.14953s.

LOADING BENMARK...
LOADING TIME: 0.000484s.

mkdir: missing operand
Try 'mkdir --help' for more information.

START HASHING...

SETTING HASH PARAMETER...
SETTING TIME: 7.7e-05s.

COMPUTING HASH...
COMPUTING TIME: 0.921835s.

[1m[31mWARNING:
[31mRanges of hash values is too LARGE. 
Please increase W at least 1times.
[0m[31mOld W=    0.3
New W=    1.42562
Increase  4.75207times.
[0mCONSTRUCTING GRAPH...

0%   10   20   30   40   50   60   70   80   90   100%
|----|----|----|----|----|----|----|----|----|----|
***************************************************
CONSTRUCTING TIME: 525.893s.

SAVING GRAPH...
SAVING TIME: 0.778186s.

dist=0.694242, cnt=18.352745, unique=1, std=4.733152, Recall=0.000000
cc=629.232666, pruning=0.163939

Loading FastGraph...
*******************************************************************************************************
The result of LSH-G for text-to-image is as follow: k=100, probQ = 0.9, L = 1, K = 18, T = 12
******************************************************************************************************
     algName       k      ef        Time      Recall        Cost        CPQ1        CPQ2     Pruning

       fastG     100     200     0.86841      0.9463     1306.03     168.884     1474.91    0.220975

*** Error in `./lgo': munmap_chunk(): invalid pointer: 0x0000000030a46791 ***
======= Backtrace: =========
/lib64/libc.so.6(+0x7f474)[0x2b2dd52e0474]
./lgo[0x40bb5e]
./lgo[0x408415]
/lib64/libc.so.6(__libc_start_main+0xf5)[0x2b2dd5283555]
./lgo[0x408e0c]
======= Memory map: ========
00400000-00449000 r-xp 00000000 00:38 1794793                            /users/PAS2671/kabir36/kabir/similarity-search/models/LSH-APG/cppCode/LSH-APG/lgo
00648000-0064a000 r--p 00048000 00:38 1794793                            /users/PAS2671/kabir36/kabir/similarity-search/models/LSH-APG/cppCode/LSH-APG/lgo
0064a000-0064b000 rw-p 0004a000 00:38 1794793                            /users/PAS2671/kabir36/kabir/similarity-search/models/LSH-APG/cppCode/LSH-APG/lgo
017af000-68d38000 rw-p 00000000 00:00 0                                  [heap]
2b2dd3f13000-2b2dd3f35000 r-xp 00000000 00:24 3428292698                 /usr/lib64/ld-2.17.so
2b2dd3f35000-2b2dd3f3c000 rw-p 00000000 00:00 0 
2b2dd3f82000-2b2dd3f89000 rw-p 00000000 00:00 0 
2b2dd4134000-2b2dd4135000 r--p 00021000 00:24 3428292698                 /usr/lib64/ld-2.17.so
2b2dd4135000-2b2dd4136000 rw-p 00022000 00:24 3428292698                 /usr/lib64/ld-2.17.so
2b2dd4136000-2b2dd4137000 rw-p 00000000 00:00 0 
2b2dd4137000-2b2dd416f000 r-xp 00000000 00:2c 19202863                   /apps/xalt/2.10.29/lib64/libxalt_init.so
2b2dd416f000-2b2dd436f000 ---p 00038000 00:2c 19202863                   /apps/xalt/2.10.29/lib64/libxalt_init.so
2b2dd436f000-2b2dd4370000 r--p 00038000 00:2c 19202863                   /apps/xalt/2.10.29/lib64/libxalt_init.so
2b2dd4370000-2b2dd4371000 rw-p 00039000 00:2c 19202863                   /apps/xalt/2.10.29/lib64/libxalt_init.so
2b2dd4371000-2b2dd4372000 rw-p 00000000 00:00 0 
2b2dd4372000-2b2dd4379000 r-xp 00000000 00:24 3428781212                 /usr/lib64/librt-2.17.so
2b2dd4379000-2b2dd4578000 ---p 00007000 00:24 3428781212                 /usr/lib64/librt-2.17.so
2b2dd4578000-2b2dd4579000 r--p 00006000 00:24 3428781212                 /usr/lib64/librt-2.17.so
2b2dd4579000-2b2dd457a000 rw-p 00007000 00:24 3428781212                 /usr/lib64/librt-2.17.so
2b2dd457a000-2b2dd46ee000 r-xp 00000000 00:2c 7905980                    /apps/gnu/8.4.0/lib64/libstdc++.so.6.0.25
2b2dd46ee000-2b2dd48ed000 ---p 00174000 00:2c 7905980                    /apps/gnu/8.4.0/lib64/libstdc++.so.6.0.25
2b2dd48ed000-2b2dd48f7000 r--p 00173000 00:2c 7905980                    /apps/gnu/8.4.0/lib64/libstdc++.so.6.0.25
2b2dd48f7000-2b2dd48f9000 rw-p 0017d000 00:2c 7905980                    /apps/gnu/8.4.0/lib64/libstdc++.so.6.0.25
2b2dd48f9000-2b2dd48fd000 rw-p 00000000 00:00 0 
2b2dd48fd000-2b2dd49fe000 r-xp 00000000 00:24 3428781161                 /usr/lib64/libm-2.17.so
2b2dd49fe000-2b2dd4bfd000 ---p 00101000 00:24 3428781161                 /usr/lib64/libm-2.17.so
2b2dd4bfd000-2b2dd4bfe000 r--p 00100000 00:24 3428781161                 /usr/lib64/libm-2.17.so
2b2dd4bfe000-2b2dd4bff000 rw-p 00101000 00:24 3428781161                 /usr/lib64/libm-2.17.so
2b2dd4bff000-2b2dd4c2c000 r-xp 00000000 00:2c 5669150                    /apps/gnu/8.4.0/lib64/libgomp.so.1.0.0
2b2dd4c2c000-2b2dd4e2b000 ---p 0002d000 00:2c 5669150                    /apps/gnu/8.4.0/lib64/libgomp.so.1.0.0
2b2dd4e2b000-2b2dd4e2c000 r--p 0002c000 00:2c 5669150                    /apps/gnu/8.4.0/lib64/libgomp.so.1.0.0
2b2dd4e2c000-2b2dd4e2d000 rw-p 0002d000 00:2c 5669150                    /apps/gnu/8.4.0/lib64/libgomp.so.1.0.0
2b2dd4e2d000-2b2dd4e44000 r-xp 00000000 00:2c 5669148                    /apps/gnu/8.4.0/lib64/libgcc_s.so.1
2b2dd4e44000-2b2dd5043000 ---p 00017000 00:2c 5669148                    /apps/gnu/8.4.0/lib64/libgcc_s.so.1
2b2dd5043000-2b2dd5044000 r--p 00016000 00:2c 5669148                    /apps/gnu/8.4.0/lib64/libgcc_s.so.1
2b2dd5044000-2b2dd5045000 rw-p 00017000 00:2c 5669148                    /apps/gnu/8.4.0/lib64/libgcc_s.so.1
2b2dd5045000-2b2dd505c000 r-xp 00000000 00:24 3428781193                 /usr/lib64/libpthread-2.17.so
2b2dd505c000-2b2dd525b000 ---p 00017000 00:24 3428781193                 /usr/lib64/libpthread-2.17.so
2b2dd525b000-2b2dd525c000 r--p 00016000 00:24 3428781193                 /usr/lib64/libpthread-2.17.so
2b2dd525c000-2b2dd525d000 rw-p 00017000 00:24 3428781193                 /usr/lib64/libpthread-2.17.so
2b2dd525d000-2b2dd5261000 rw-p 00000000 00:00 0 
2b2dd5261000-2b2dd5425000 r-xp 00000000 00:24 3428781146                 /usr/lib64/libc-2.17.so
2b2dd5425000-2b2dd5624000 ---p 001c4000 00:24 3428781146                 /usr/lib64/libc-2.17.so
2b2dd5624000-2b2dd5628000 r--p 001c3000 00:24 3428781146                 /usr/lib64/libc-2.17.so
2b2dd5628000-2b2dd562a000 rw-p 001c7000 00:24 3428781146                 /usr/lib64/libc-2.17.so
2b2dd562a000-2b2dd562f000 rw-p 00000000 00:00 0 
2b2dd562f000-2b2dd5631000 r-xp 00000000 00:24 3428781159                 /usr/lib64/libdl-2.17.so
2b2dd5631000-2b2dd5831000 ---p 00002000 00:24 3428781159                 /usr/lib64/libdl-2.17.so
2b2dd5831000-2b2dd5832000 r--p 00002000 00:24 3428781159                 /usr/lib64/libdl-2.17.so
2b2dd5832000-2b2dd5833000 rw-p 00003000 00:24 3428781159                 /usr/lib64/libdl-2.17.so
2b2dd5833000-2b2dd5837000 r-xp 00000000 00:2c 21954920                   /apps/xalt/2.10.29/lib64/libuuid.so.1.3.0
2b2dd5837000-2b2dd5a36000 ---p 00004000 00:2c 21954920                   /apps/xalt/2.10.29/lib64/libuuid.so.1.3.0
2b2dd5a36000-2b2dd5a37000 r--p 00003000 00:2c 21954920                   /apps/xalt/2.10.29/lib64/libuuid.so.1.3.0
2b2dd5a37000-2b2dd5a38000 rw-p 00004000 00:2c 21954920                   /apps/xalt/2.10.29/lib64/libuuid.so.1.3.0
2b2dd5a38000-2b2ddb997000 rw-p 00000000 00:00 0 
2b2ddf485000-2b2ddf486000 ---p 00000000 00:00 0 
2b2ddf486000-2b2ddf686000 rw-p 00000000 00:00 0 
2b2ddf686000-2b2ddf687000 ---p 00000000 00:00 0 
2b2ddf687000-2b2ddf887000 rw-p 00000000 00:00 0 
2b2ddf887000-2b2ddf888000 ---p 00000000 00:00 0 
2b2ddf888000-2b2ddfa88000 rw-p 00000000 00:00 0 
2b2ddfa88000-2b2ddfa89000 ---p 00000000 00:00 0 
2b2ddfa89000-2b2ddfc89000 rw-p 00000000 00:00 0 
2b2ddfc89000-2b2ddfc8a000 ---p 00000000 00:00 0 
2b2ddfc8a000-2b2ddfe8a000 rw-p 00000000 00:00 0 
2b2ddfe8a000-2b2ddfe8b000 ---p 00000000 00:00 0 
2b2ddfe8b000-2b2de008b000 rw-p 00000000 00:00 0 
2b2de008b000-2b2de008c000 ---p 00000000 00:00 0 
2b2de008c000-2b2de028c000 rw-p 00000000 00:00 0 
2b2de028c000-2b2de028d000 ---p 00000000 00:00 0 
2b2de028d000-2b2de048d000 rw-p 00000000 00:00 0 
2b2de048d000-2b2de048e000 ---p 00000000 00:00 0 
2b2de048e000-2b2de068e000 rw-p 00000000 00:00 0 
2b2de068e000-2b2de068f000 ---p 00000000 00:00 0 
2b2de068f000-2b2de088f000 rw-p 00000000 00:00 0 
2b2de088f000-2b2de0890000 ---p 00000000 00:00 0 
2b2de0890000-2b2de0a90000 rw-p 00000000 00:00 0 
2b2de0a90000-2b2de0a91000 ---p 00000000 00:00 0 
2b2de0a91000-2b2de0c91000 rw-p 00000000 00:00 0 
2b2de0c91000-2b2de0c92000 ---p 00000000 00:00 0 
2b2de0c92000-2b2de0e92000 rw-p 00000000 00:00 0 
2b2de0e92000-2b2de0e93000 ---p 00000000 00:00 0 
2b2de0e93000-2b2de1093000 rw-p 00000000 00:00 0 
2b2de1093000-2b2de1094000 ---p 00000000 00:00 0 
2b2de1094000-2b2de1294000 rw-p 00000000 00:00 0 
2b2de1294000-2b2de1295000 ---p 00000000 00:00 0 
2b2de1295000-2b2de1495000 rw-p 00000000 00:00 0 
2b2de1495000-2b2de1496000 ---p 00000000 00:00 0 
2b2de1496000-2b2de1696000 rw-p 00000000 00:00 0 
2b2de1696000-2b2de1697000 ---p 00000000 00:00 0 
2b2de1697000-2b2de1897000 rw-p 00000000 00:00 0 
2b2de1897000-2b2de1898000 ---p 00000000 00:00 0 
2b2de1898000-2b2de1a98000 rw-p 00000000 00:00 0 
2b2de4000000-2b2de40c5000 rw-p 00000000 00:00 0 
2b2de40c5000-2b2de8000000 ---p 00000000 00:00 0 
2b2de8000000-2b2de80cf000 rw-p 00000000 00:00 0 
2b2de80cf000-2b2dec000000 ---p 00000000 00:00 0 
2b2dec000000-2b2dec0c4000 rw-p 00000000 00:00 0 
2b2dec0c4000-2b2df0000000 ---p 00000000 00:00 0 
2b2df0000000-2b2df00c6000 rw-p 00000000 00:00 0 
2b2df00c6000-2b2df4000000 ---p 00000000 00:00 0 
2b2df4000000-2b2df40c5000 rw-p 00000000 00:00 0 
2b2df40c5000-2b2df8000000 ---p 00000000 00:00 0 
2b2df8000000-2b2df80c2000 rw-p 00000000 00:00 0 
2b2df80c2000-2b2dfc000000 ---p 00000000 00:00 0 
2b2dfc000000-2b2dfc0c6000 rw-p 00000000 00:00 0 
2b2dfc0c6000-2b2e00000000 ---p 00000000 00:00 0 
2b2e00000000-2b2e000c1000 rw-p 00000000 00:00 0 
2b2e000c1000-2b2e04000000 ---p 00000000 00:00 0 
2b2e04000000-2b2e040c3000 rw-p 00000000 00:00 0 
2b2e040c3000-2b2e08000000 ---p 00000000 00:00 0 
2b2e08000000-2b2e080c8000 rw-p 00000000 00:00 0 
2b2e080c8000-2b2e0c000000 ---p 00000000 00:00 0 
2b2e0c000000-2b2e0c0c4000 rw-p 00000000 00:00 0 
2b2e0c0c4000-2b2e10000000 ---p 00000000 00:00 0 
2b2e10000000-2b2e100c6000 rw-p 00000000 00:00 0 
2b2e100c6000-2b2e14000000 ---p 00000000 00:00 0 
2b2e14000000-2b2e140c7000 rw-p 00000000 00:00 0 
2b2e140c7000-2b2e18000000 ---p 00000000 00:00 0 
2b2e18000000-2b2e180c4000 rw-p 00000000 00:00 0 
2b2e180c4000-2b2e1c000000 ---p 00000000 00:00 0 
2b2e1c000000-2b2e1c0c4000 rw-p 00000000 00:00 0 
2b2e1c0c4000-2b2e20000000 ---p 00000000 00:00 0 
2b2e20000000-2b2e200c3000 rw-p 00000000 00:00 0 
2b2e200c3000-2b2e24000000 ---p 00000000 00:00 0 
2b2e24000000-2b2e240c6000 rw-p 00000000 00:00 0 
2b2e240c6000-2b2e28000000 ---p 00000000 00:00 0 
2b2e28000000-2b2e280c7000 rw-p 00000000 00:00 0 
2b2e280c7000-2b2e2c000000 ---p 00000000 00:00 0 
2b2e2c000000-2b2e2c0c6000 rw-p 00000000 00:00 0 
2b2e2c0c6000-2b2e30000000 ---p 00000000 00:00 0 
2b2e30000000-2b2e300c9000 rw-p 00000000 00:00 0 
2b2e300c9000-2b2e34000000 ---p 00000000 00:00 0 
2b2e34000000-2b2e340ca000 rw-p 00000000 00:00 0 
2b2e340ca000-2b2e38000000 ---p 00000000 00:00 0 
2b2e38000000-2b2e380c7000 rw-p 00000000 00:00 0 
2b2e380c7000-2b2e3c000000 ---p 00000000 00:00 0 
2b2e3c000000-2b2e3c0cb000 rw-p 00000000 00:00 0 
2b2e3c0cb000-2b2e40000000 ---p 00000000 00:00 0 
2b2e40000000-2b2e400c8000 rw-p 00000000 00:00 0 
2b2e400c8000-2b2e44000000 ---p 00000000 00:00 0 
2b2e44000000-2b2e440c7000 rw-p 00000000 00:00 0 
2b2e440c7000-2b2e48000000 ---p 00000000 00:00 0 
2b2e48000000-2b2e480c1000 rw-p 00000000 00:00 0 
2b2e480c1000-2b2e4c000000 ---p 00000000 00:00 0 
2b2e4c000000-2b2e4c0c8000 rw-p 00000000 00:00 0 
2b2e4c0c8000-2b2e50000000 ---p 00000000 00:00 0 
2b2e50000000-2b2e500cc000 rw-p 00000000 00:00 0 
2b2e500cc000-2b2e54000000 ---p 00000000 00:00 0 
2b2e54000000-2b2e540c3000 rw-p 00000000 00:00 0 
2b2e540c3000-2b2e58000000 ---p 00000000 00:00 0 
2b2e58000000-2b2e580c5000 rw-p 00000000 00:00 0 
2b2e580c5000-2b2e5c000000 ---p 00000000 00:00 0 
2b2e5c000000-2b2e5c0c3000 rw-p 00000000 00:00 0 
2b2e5c0c3000-2b2e60000000 ---p 00000000 00:00 0 
2b2e60000000-2b2e600c5000 rw-p 00000000 00:00 0 
2b2e600c5000-2b2e64000000 ---p 00000000 00:00 0 
2b2e64000000-2b2e640c6000 rw-p 00000000 00:00 0 
2b2e640c6000-2b2e68000000 ---p 00000000 00:00 0 
2b2e68000000-2b2e680c7000 rw-p 00000000 00:00 0 
2b2e680c7000-2b2e6c000000 ---p 00000000 00:00 0 
2b2e6c000000-2b2e6c0c5000 rw-p 00000000 00:00 0 
2b2e6c0c5000-2b2e70000000 ---p 00000000 00:00 0 
2b2e70000000-2b2e700c2000 rw-p 00000000 00:00 0 
2b2e700c2000-2b2e74000000 ---p 00000000 00:00 0 
2b2e74000000-2b2e740c6000 rw-p 00000000 00:00 0 
2b2e740c6000-2b2e78000000 ---p 00000000 00:00 0 
2b2e78000000-2b2e780c3000 rw-p 00000000 00:00 0 
2b2e780c3000-2b2e7c000000 ---p 00000000 00:00 0 
2b2e7c000000-2b2e7c0c6000 rw-p 00000000 00:00 0 
2b2e7c0c6000-2b2e80000000 ---p 00000000 00:00 0 
2b2e80000000-2b2e800c6000 rw-p 00000000 00:00 0 
2b2e800c6000-2b2e84000000 ---p 00000000 00:00 0 
2b2e84000000-2b2e840ce000 rw-p 00000000 00:00 0 
2b2e840ce000-2b2e88000000 ---p 00000000 00:00 0 
2b2e88000000-2b2e880cc000 rw-p 00000000 00:00 0 
2b2e880cc000-2b2e8c000000 ---p 00000000 00:00 0 
2b2e8c000000-2b2e8c0c6000 rw-p 00000000 00:00 0 
2b2e8c0c6000-2b2e90000000 ---p 00000000 00:00 0 
2b2e90000000-2b2e900c2000 rw-p 00000000 00:00 0 
2b2e900c2000-2b2e94000000 ---p 00000000 00:00 0 
2b2e94000000-2b2e940c3000 rw-p 00000000 00:00 0 
2b2e940c3000-2b2e98000000 ---p 00000000 00:00 0 
2b2e98000000-2b2e980c5000 rw-p 00000000 00:00 0 
2b2e980c5000-2b2e9c000000 ---p 00000000 00:00 0 
2b2e9c000000-2b2e9c0c3000 rw-p 00000000 00:00 0 
2b2e9c0c3000-2b2ea0000000 ---p 00000000 00:00 0 
2b2ea0000000-2b2ea00c2000 rw-p 00000000 00:00 0 
2b2ea00c2000-2b2ea4000000 ---p 00000000 00:00 0 
2b2ea4000000-2b2ea40c3000 rw-p 00000000 00:00 0 
2b2ea40c3000-2b2ea8000000 ---p 00000000 00:00 0 
2b2ea8000000-2b2ea80c5000 rw-p 00000000 00:00 0 
2b2ea80c5000-2b2eac000000 ---p 00000000 00:00 0 
2b2eac000000-2b2eac0c4000 rw-p 00000000 00:00 0 
2b2eac0c4000-2b2eb0000000 ---p 00000000 00:00 0 
2b2eb0000000-2b2eb00ca000 rw-p 00000000 00:00 0 
2b2eb00ca000-2b2eb4000000 ---p 00000000 00:00 0 
2b2eb4000000-2b2eb40c3000 rw-p 00000000 00:00 0 
2b2eb40c3000-2b2eb8000000 ---p 00000000 00:00 0 
2b2eb8000000-2b2eb80c3000 rw-p 00000000 00:00 0 
2b2eb80c3000-2b2ebc000000 ---p 00000000 00:00 0 
2b2ebc000000-2b2ebc0c6000 rw-p 00000000 00:00 0 
2b2ebc0c6000-2b2ec0000000 ---p 00000000 00:00 0 
2b2ec0000000-2b2ec00c9000 rw-p 00000000 00:00 0 
2b2ec00c9000-2b2ec4000000 ---p 00000000 00:00 0 
2b2ec4000000-2b2ec40c7000 rw-p 00000000 00:00 0 
2b2ec40c7000-2b2ec8000000 ---p 00000000 00:00 0 
2b2ec8000000-2b2ec80c5000 rw-p 00000000 00:00 0 
2b2ec80c5000-2b2ecc000000 ---p 00000000 00:00 0 
2b2ecc000000-2b2ecc0c5000 rw-p 00000000 00:00 0 
2b2ecc0c5000-2b2ed0000000 ---p 00000000 00:00 0 
2b2ed0000000-2b2ed00c4000 rw-p 00000000 00:00 0 
2b2ed00c4000-2b2ed4000000 ---p 00000000 00:00 0 
2b2ed4000000-2b2ed40cd000 rw-p 00000000 00:00 0 
2b2ed40cd000-2b2ed8000000 ---p 00000000 00:00 0 
2b2ed8000000-2b2ed80c4000 rw-p 00000000 00:00 0 
2b2ed80c4000-2b2edc000000 ---p 00000000 00:00 0 
2b2edc000000-2b2edc0c5000 rw-p 00000000 00:00 0 
2b2edc0c5000-2b2ee0000000 ---p 00000000 00:00 0 
2b2ee0000000-2b2ee00c3000 rw-p 00000000 00:00 0 
2b2ee00c3000-2b2ee4000000 ---p 00000000 00:00 0 
2b2ee4000000-2b2ee40c7000 rw-p 00000000 00:00 0 
2b2ee40c7000-2b2ee8000000 ---p 00000000 00:00 0 
2b2ee8000000-2b2ee80c6000 rw-p 00000000 00:00 0 
2b2ee80c6000-2b2eec000000 ---p 00000000 00:00 0 
2b2eec000000-2b2eec0c5000 rw-p 00000000 00:00 0 
2b2eec0c5000-2b2ef0000000 ---p 00000000 00:00 0 
2b2ef0000000-2b2ef00c2000 rw-p 00000000 00:00 0 
2b2ef00c2000-2b2ef4000000 ---p 00000000 00:00 0 
2b2ef4000000-2b2ef40c3000 rw-p 00000000 00:00 0 
2b2ef40c3000-2b2ef8000000 ---p 00000000 00:00 0 
2b2ef8000000-2b2ef80c5000 rw-p 00000000 00:00 0 
2b2ef80c5000-2b2efc000000 ---p 00000000 00:00 0 
2b2efc000000-2b2efc0cc000 rw-p 00000000 00:00 0 
2b2efc0cc000-2b2f00000000 ---p 00000000 00:00 0 
2b2f00000000-2b2f000c6000 rw-p 00000000 00:00 0 
2b2f000c6000-2b2f04000000 ---p 00000000 00:00 0 
2b2f04000000-2b2f040c5000 rw-p 00000000 00:00 0 
2b2f040c5000-2b2f08000000 ---p 00000000 00:00 0 
2b2f08000000-2b2f080c8000 rw-p 00000000 00:00 0 
2b2f080c8000-2b2f0c000000 ---p 00000000 00:00 0 
2b2f0c000000-2b2f0c0c6000 rw-p 00000000 00:00 0 
2b2f0c0c6000-2b2f10000000 ---p 00000000 00:00 0 
2b2f10000000-2b2f100c5000 rw-p 00000000 00:00 0 
2b2f100c5000-2b2f14000000 ---p 00000000 00:00 0 
2b2f14000000-2b2f140c4000 rw-p 00000000 00:00 0 
2b2f140c4000-2b2f18000000 ---p 00000000 00:00 0 
2b2f18000000-2b2f180c4000 rw-p 00000000 00:00 0 
2b2f180c4000-2b2f1c000000 ---p 00000000 00:00 0 
2b2f1c000000-2b2f1c0c5000 rw-p 00000000 00:00 0 
2b2f1c0c5000-2b2f20000000 ---p 00000000 00:00 0 
2b2f20000000-2b2f200c6000 rw-p 00000000 00:00 0 
2b2f200c6000-2b2f24000000 ---p 00000000 00:00 0 
2b2f24000000-2b2f240c6000 rw-p 00000000 00:00 0 
2b2f240c6000-2b2f28000000 ---p 00000000 00:00 0 
2b2f28000000-2b2f280c6000 rw-p 00000000 00:00 0 
2b2f280c6000-2b2f2c000000 ---p 00000000 00:00 0 
2b2f2c000000-2b2f2c0c5000 rw-p 00000000 00:00 0 
2b2f2c0c5000-2b2f30000000 ---p 00000000 00:00 0 
2b2f30000000-2b2f300c4000 rw-p 00000000 00:00 0 
2b2f300c4000-2b2f34000000 ---p 00000000 00:00 0 
2b2f34000000-2b2f340c7000 rw-p 00000000 00:00 0 
2b2f340c7000-2b2f38000000 ---p 00000000 00:00 0 
2b2f38000000-2b2f380c4000 rw-p 00000000 00:00 0 
2b2f380c4000-2b2f3c000000 ---p 00000000 00:00 0 
2b2f3c000000-2b2f3c0ca000 rw-p 00000000 00:00 0 
2b2f3c0ca000-2b2f40000000 ---p 00000000 00:00 0 
2b2f40000000-2b2f400c5000 rw-p 00000000 00:00 0 
2b2f400c5000-2b2f44000000 ---p 00000000 00:00 0 
2b2f44000000-2b2f440c0000 rw-p 00000000 00:00 0 
2b2f440c0000-2b2f48000000 ---p 00000000 00:00 0 
2b2f48000000-2b2f480c6000 rw-p 00000000 00:00 0 
2b2f480c6000-2b2f4c000000 ---p 00000000 00:00 0 
2b2f4c000000-2b2f4c0c7000 rw-p 00000000 00:00 0 
2b2f4c0c7000-2b2f50000000 ---p 00000000 00:00 0 
2b2f50000000-2b2f500c5000 rw-p 00000000 00:00 0 
2b2f500c5000-2b2f54000000 ---p 00000000 00:00 0 
2b2f54000000-2b2f540c1000 rw-p 00000000 00:00 0 
2b2f540c1000-2b2f58000000 ---p 00000000 00:00 0 
2b2f58000000-2b2f580c5000 rw-p 00000000 00:00 0 
2b2f580c5000-2b2f5c000000 ---p 00000000 00:00 0 
2b2f5c000000-2b2f5c0c6000 rw-p 00000000 00:00 0 
2b2f5c0c6000-2b2f60000000 ---p 00000000 00:00 0 
2b2f60000000-2b2f600c4000 rw-p 00000000 00:00 0 
2b2f600c4000-2b2f64000000 ---p 00000000 00:00 0 
7fff88b80000-7fff88ba4000 rw-p 00000000 00:00 0                          [stack]
7fff88bdc000-7fff88bde000 r-xp 00000000 00:00 0                          [vdso]
ffffffffff600000-ffffffffff601000 r-xp 00000000 00:00 0                  [vsyscall]

******************************************************************************************************
                                                                                    1180-4:58:6
*****************************************************************************************************


Command terminated by signal 6
	Command being timed: "./lgo text-to-image 100 1 18 0.1 1.0 12"
	User time (seconds): 523.71
	System time (seconds): 5.86
	Percent of CPU this job got: 99%
	Elapsed (wall clock) time (h:mm:ss or m:ss): 8:53.16
	Average shared text size (kbytes): 0
	Average unshared data size (kbytes): 0
	Average stack size (kbytes): 0
	Average total size (kbytes): 0
	Maximum resident set size (kbytes): 1869308
	Average resident set size (kbytes): 0
	Major (requiring I/O) page faults: 0
	Minor (reclaiming a frame) page faults: 3431423
	Voluntary context switches: 352122
	Involuntary context switches: 125880
	Swaps: 0
	File system inputs: 0
	File system outputs: 4218608
	Socket messages sent: 0
	Socket messages received: 0
	Signals delivered: 0
	Page size (bytes): 4096
	Exit status: 0
