C++17!
Using LSH-Graph for text-to-image ...
c=        1.5
k=        100
L=        2
K=        6
T=        24
lsh_UB=   0
LOADING DATA...
Load from new file: /users/PAS2671/kabir36/kabir/similarity-search/dataset/text-to-image/
N=    1000000
dim=  200

LOADING TIME: 1.16492s.

LOADING BENMARK...
LOADING TIME: 0.003812s.

mkdir: missing operand
Try 'mkdir --help' for more information.

START HASHING...

SETTING HASH PARAMETER...
SETTING TIME: 5.7e-05s.

COMPUTING HASH...
COMPUTING TIME: 0.625834s.

[31mOld W=    0.3
New W=    0.3
Increase  1times.
[0mCONSTRUCTING GRAPH...

0%   10   20   30   40   50   60   70   80   90   100%
|----|----|----|----|----|----|----|----|----|----|
***************************************************
CONSTRUCTING TIME: 870.41s.

SAVING GRAPH...
SAVING TIME: 1.37013s.

dist=0.708647, cnt=37.080898, unique=1, std=9.267470, Recall=0.000000
cc=1072.231201, pruning=0.124919

Loading FastGraph...
*******************************************************************************************************
The result of LSH-G for text-to-image is as follow: k=100, probQ = 0.9, L = 2, K = 6, T = 24
******************************************************************************************************
     algName       k      ef        Time      Recall        Cost        CPQ1        CPQ2     Pruning

       fastG     100     200     1.40252      0.9765     2049.97     88.3458     2138.32    0.194466

*** Error in `./lgo': munmap_chunk(): invalid pointer: 0x0000000030a46791 ***
======= Backtrace: =========
/lib64/libc.so.6(+0x7f474)[0x2aba8dc91474]
./lgo[0x40bb5e]
./lgo[0x408415]
/lib64/libc.so.6(__libc_start_main+0xf5)[0x2aba8dc34555]
./lgo[0x408e0c]
======= Memory map: ========
00400000-00449000 r-xp 00000000 00:38 1794793                            /users/PAS2671/kabir36/kabir/similarity-search/models/LSH-APG/cppCode/LSH-APG/lgo
00648000-0064a000 r--p 00048000 00:38 1794793                            /users/PAS2671/kabir36/kabir/similarity-search/models/LSH-APG/cppCode/LSH-APG/lgo
0064a000-0064b000 rw-p 0004a000 00:38 1794793                            /users/PAS2671/kabir36/kabir/similarity-search/models/LSH-APG/cppCode/LSH-APG/lgo
02647000-69bcf000 rw-p 00000000 00:00 0                                  [heap]
2aba8c8c4000-2aba8c8e6000 r-xp 00000000 00:24 3428292698                 /usr/lib64/ld-2.17.so
2aba8c8e6000-2aba8c8e8000 r-xp 00000000 00:00 0                          [vdso]
2aba8c8e8000-2aba8c8ef000 rw-p 00000000 00:00 0 
2aba8c935000-2aba8c93c000 rw-p 00000000 00:00 0 
2aba8cae5000-2aba8cae6000 r--p 00021000 00:24 3428292698                 /usr/lib64/ld-2.17.so
2aba8cae6000-2aba8cae7000 rw-p 00022000 00:24 3428292698                 /usr/lib64/ld-2.17.so
2aba8cae7000-2aba8cae8000 rw-p 00000000 00:00 0 
2aba8cae8000-2aba8cb20000 r-xp 00000000 00:2c 19202863                   /apps/xalt/2.10.29/lib64/libxalt_init.so
2aba8cb20000-2aba8cd20000 ---p 00038000 00:2c 19202863                   /apps/xalt/2.10.29/lib64/libxalt_init.so
2aba8cd20000-2aba8cd21000 r--p 00038000 00:2c 19202863                   /apps/xalt/2.10.29/lib64/libxalt_init.so
2aba8cd21000-2aba8cd22000 rw-p 00039000 00:2c 19202863                   /apps/xalt/2.10.29/lib64/libxalt_init.so
2aba8cd22000-2aba8cd23000 rw-p 00000000 00:00 0 
2aba8cd23000-2aba8cd2a000 r-xp 00000000 00:24 3428781212                 /usr/lib64/librt-2.17.so
2aba8cd2a000-2aba8cf29000 ---p 00007000 00:24 3428781212                 /usr/lib64/librt-2.17.so
2aba8cf29000-2aba8cf2a000 r--p 00006000 00:24 3428781212                 /usr/lib64/librt-2.17.so
2aba8cf2a000-2aba8cf2b000 rw-p 00007000 00:24 3428781212                 /usr/lib64/librt-2.17.so
2aba8cf2b000-2aba8d09f000 r-xp 00000000 00:2c 7905980                    /apps/gnu/8.4.0/lib64/libstdc++.so.6.0.25
2aba8d09f000-2aba8d29e000 ---p 00174000 00:2c 7905980                    /apps/gnu/8.4.0/lib64/libstdc++.so.6.0.25
2aba8d29e000-2aba8d2a8000 r--p 00173000 00:2c 7905980                    /apps/gnu/8.4.0/lib64/libstdc++.so.6.0.25
2aba8d2a8000-2aba8d2aa000 rw-p 0017d000 00:2c 7905980                    /apps/gnu/8.4.0/lib64/libstdc++.so.6.0.25
2aba8d2aa000-2aba8d2ae000 rw-p 00000000 00:00 0 
2aba8d2ae000-2aba8d3af000 r-xp 00000000 00:24 3428781161                 /usr/lib64/libm-2.17.so
2aba8d3af000-2aba8d5ae000 ---p 00101000 00:24 3428781161                 /usr/lib64/libm-2.17.so
2aba8d5ae000-2aba8d5af000 r--p 00100000 00:24 3428781161                 /usr/lib64/libm-2.17.so
2aba8d5af000-2aba8d5b0000 rw-p 00101000 00:24 3428781161                 /usr/lib64/libm-2.17.so
2aba8d5b0000-2aba8d5dd000 r-xp 00000000 00:2c 5669150                    /apps/gnu/8.4.0/lib64/libgomp.so.1.0.0
2aba8d5dd000-2aba8d7dc000 ---p 0002d000 00:2c 5669150                    /apps/gnu/8.4.0/lib64/libgomp.so.1.0.0
2aba8d7dc000-2aba8d7dd000 r--p 0002c000 00:2c 5669150                    /apps/gnu/8.4.0/lib64/libgomp.so.1.0.0
2aba8d7dd000-2aba8d7de000 rw-p 0002d000 00:2c 5669150                    /apps/gnu/8.4.0/lib64/libgomp.so.1.0.0
2aba8d7de000-2aba8d7f5000 r-xp 00000000 00:2c 5669148                    /apps/gnu/8.4.0/lib64/libgcc_s.so.1
2aba8d7f5000-2aba8d9f4000 ---p 00017000 00:2c 5669148                    /apps/gnu/8.4.0/lib64/libgcc_s.so.1
2aba8d9f4000-2aba8d9f5000 r--p 00016000 00:2c 5669148                    /apps/gnu/8.4.0/lib64/libgcc_s.so.1
2aba8d9f5000-2aba8d9f6000 rw-p 00017000 00:2c 5669148                    /apps/gnu/8.4.0/lib64/libgcc_s.so.1
2aba8d9f6000-2aba8da0d000 r-xp 00000000 00:24 3428781193                 /usr/lib64/libpthread-2.17.so
2aba8da0d000-2aba8dc0c000 ---p 00017000 00:24 3428781193                 /usr/lib64/libpthread-2.17.so
2aba8dc0c000-2aba8dc0d000 r--p 00016000 00:24 3428781193                 /usr/lib64/libpthread-2.17.so
2aba8dc0d000-2aba8dc0e000 rw-p 00017000 00:24 3428781193                 /usr/lib64/libpthread-2.17.so
2aba8dc0e000-2aba8dc12000 rw-p 00000000 00:00 0 
2aba8dc12000-2aba8ddd6000 r-xp 00000000 00:24 3428781146                 /usr/lib64/libc-2.17.so
2aba8ddd6000-2aba8dfd5000 ---p 001c4000 00:24 3428781146                 /usr/lib64/libc-2.17.so
2aba8dfd5000-2aba8dfd9000 r--p 001c3000 00:24 3428781146                 /usr/lib64/libc-2.17.so
2aba8dfd9000-2aba8dfdb000 rw-p 001c7000 00:24 3428781146                 /usr/lib64/libc-2.17.so
2aba8dfdb000-2aba8dfe0000 rw-p 00000000 00:00 0 
2aba8dfe0000-2aba8dfe2000 r-xp 00000000 00:24 3428781159                 /usr/lib64/libdl-2.17.so
2aba8dfe2000-2aba8e1e2000 ---p 00002000 00:24 3428781159                 /usr/lib64/libdl-2.17.so
2aba8e1e2000-2aba8e1e3000 r--p 00002000 00:24 3428781159                 /usr/lib64/libdl-2.17.so
2aba8e1e3000-2aba8e1e4000 rw-p 00003000 00:24 3428781159                 /usr/lib64/libdl-2.17.so
2aba8e1e4000-2aba8e1e8000 r-xp 00000000 00:2c 21954920                   /apps/xalt/2.10.29/lib64/libuuid.so.1.3.0
2aba8e1e8000-2aba8e3e7000 ---p 00004000 00:2c 21954920                   /apps/xalt/2.10.29/lib64/libuuid.so.1.3.0
2aba8e3e7000-2aba8e3e8000 r--p 00003000 00:2c 21954920                   /apps/xalt/2.10.29/lib64/libuuid.so.1.3.0
2aba8e3e8000-2aba8e3e9000 rw-p 00004000 00:2c 21954920                   /apps/xalt/2.10.29/lib64/libuuid.so.1.3.0
2aba97e36000-2aba97e37000 ---p 00000000 00:00 0 
2aba97e37000-2aba98037000 rw-p 00000000 00:00 0 
2aba98037000-2aba98038000 ---p 00000000 00:00 0 
2aba98038000-2aba98238000 rw-p 00000000 00:00 0 
2aba98238000-2aba98239000 ---p 00000000 00:00 0 
2aba98239000-2aba98439000 rw-p 00000000 00:00 0 
2aba98439000-2aba9843a000 ---p 00000000 00:00 0 
2aba9843a000-2aba9863a000 rw-p 00000000 00:00 0 
2aba9863a000-2aba9863b000 ---p 00000000 00:00 0 
2aba9863b000-2aba9883b000 rw-p 00000000 00:00 0 
2aba9883b000-2aba9883c000 ---p 00000000 00:00 0 
2aba9883c000-2aba98a3c000 rw-p 00000000 00:00 0 
2aba98a3c000-2aba98a3d000 ---p 00000000 00:00 0 
2aba98a3d000-2aba98c3d000 rw-p 00000000 00:00 0 
2aba98c3d000-2aba98c3e000 ---p 00000000 00:00 0 
2aba98c3e000-2aba98e3e000 rw-p 00000000 00:00 0 
2aba98e3e000-2aba98e3f000 ---p 00000000 00:00 0 
2aba98e3f000-2aba9903f000 rw-p 00000000 00:00 0 
2aba9903f000-2aba99040000 ---p 00000000 00:00 0 
2aba99040000-2aba99240000 rw-p 00000000 00:00 0 
2aba99240000-2aba99241000 ---p 00000000 00:00 0 
2aba99241000-2aba99441000 rw-p 00000000 00:00 0 
2aba99441000-2aba99442000 ---p 00000000 00:00 0 
2aba99442000-2aba99642000 rw-p 00000000 00:00 0 
2aba99642000-2aba99643000 ---p 00000000 00:00 0 
2aba99643000-2aba99843000 rw-p 00000000 00:00 0 
2aba99843000-2aba99844000 ---p 00000000 00:00 0 
2aba99844000-2aba99a44000 rw-p 00000000 00:00 0 
2aba99a44000-2aba99a45000 ---p 00000000 00:00 0 
2aba99a45000-2aba99c45000 rw-p 00000000 00:00 0 
2aba99c45000-2aba99c46000 ---p 00000000 00:00 0 
2aba99c46000-2aba99e46000 rw-p 00000000 00:00 0 
2aba99e46000-2aba99e47000 ---p 00000000 00:00 0 
2aba99e47000-2aba9a047000 rw-p 00000000 00:00 0 
2aba9a047000-2aba9a048000 ---p 00000000 00:00 0 
2aba9a048000-2aba9a248000 rw-p 00000000 00:00 0 
2aba9a248000-2aba9a249000 ---p 00000000 00:00 0 
2aba9a249000-2aba9a449000 rw-p 00000000 00:00 0 
2aba9c000000-2aba9c182000 rw-p 00000000 00:00 0 
2aba9c182000-2abaa0000000 ---p 00000000 00:00 0 
2abaa0000000-2abaa018d000 rw-p 00000000 00:00 0 
2abaa018d000-2abaa4000000 ---p 00000000 00:00 0 
2abaa4000000-2abaa4178000 rw-p 00000000 00:00 0 
2abaa4178000-2abaa8000000 ---p 00000000 00:00 0 
2abaa8000000-2abaa817b000 rw-p 00000000 00:00 0 
2abaa817b000-2abaac000000 ---p 00000000 00:00 0 
2abaac000000-2abaac18a000 rw-p 00000000 00:00 0 
2abaac18a000-2abab0000000 ---p 00000000 00:00 0 
2abab0000000-2abab0186000 rw-p 00000000 00:00 0 
2abab0186000-2abab4000000 ---p 00000000 00:00 0 
2abab4000000-2abab4177000 rw-p 00000000 00:00 0 
2abab4177000-2abab8000000 ---p 00000000 00:00 0 
2abab8000000-2abab8184000 rw-p 00000000 00:00 0 
2abab8184000-2ababc000000 ---p 00000000 00:00 0 
2ababc000000-2ababc189000 rw-p 00000000 00:00 0 
2ababc189000-2abac0000000 ---p 00000000 00:00 0 
2abac0000000-2abac0190000 rw-p 00000000 00:00 0 
2abac0190000-2abac4000000 ---p 00000000 00:00 0 
2abac4000000-2abac418b000 rw-p 00000000 00:00 0 
2abac418b000-2abac8000000 ---p 00000000 00:00 0 
2abac8000000-2abac8183000 rw-p 00000000 00:00 0 
2abac8183000-2abacc000000 ---p 00000000 00:00 0 
2abacc000000-2abacc180000 rw-p 00000000 00:00 0 
2abacc180000-2abad0000000 ---p 00000000 00:00 0 
2abad0000000-2abad017f000 rw-p 00000000 00:00 0 
2abad017f000-2abad4000000 ---p 00000000 00:00 0 
2abad4000000-2abad417c000 rw-p 00000000 00:00 0 
2abad417c000-2abad8000000 ---p 00000000 00:00 0 
2abad8000000-2abad817f000 rw-p 00000000 00:00 0 
2abad817f000-2abadc000000 ---p 00000000 00:00 0 
2abadc000000-2abadc187000 rw-p 00000000 00:00 0 
2abadc187000-2abae0000000 ---p 00000000 00:00 0 
2abae0000000-2abae0187000 rw-p 00000000 00:00 0 
2abae0187000-2abae4000000 ---p 00000000 00:00 0 
2abae4000000-2abae4180000 rw-p 00000000 00:00 0 
2abae4180000-2abae8000000 ---p 00000000 00:00 0 
2abae8000000-2abae818b000 rw-p 00000000 00:00 0 
2abae818b000-2abaec000000 ---p 00000000 00:00 0 
2abaec000000-2abaec186000 rw-p 00000000 00:00 0 
2abaec186000-2abaf0000000 ---p 00000000 00:00 0 
2abaf0000000-2abaf0182000 rw-p 00000000 00:00 0 
2abaf0182000-2abaf4000000 ---p 00000000 00:00 0 
2abaf4000000-2abaf418a000 rw-p 00000000 00:00 0 
2abaf418a000-2abaf8000000 ---p 00000000 00:00 0 
2abaf8000000-2abaf817d000 rw-p 00000000 00:00 0 
2abaf817d000-2abafc000000 ---p 00000000 00:00 0 
2abafc000000-2abafc187000 rw-p 00000000 00:00 0 
2abafc187000-2abb00000000 ---p 00000000 00:00 0 
2abb00000000-2abb00179000 rw-p 00000000 00:00 0 
2abb00179000-2abb04000000 ---p 00000000 00:00 0 
2abb04000000-2abb0417d000 rw-p 00000000 00:00 0 
2abb0417d000-2abb08000000 ---p 00000000 00:00 0 
2abb08000000-2abb08180000 rw-p 00000000 00:00 0 
2abb08180000-2abb0c000000 ---p 00000000 00:00 0 
2abb0c000000-2abb0c182000 rw-p 00000000 00:00 0 
2abb0c182000-2abb10000000 ---p 00000000 00:00 0 
2abb10000000-2abb1017e000 rw-p 00000000 00:00 0 
2abb1017e000-2abb14000000 ---p 00000000 00:00 0 
2abb14000000-2abb1418c000 rw-p 00000000 00:00 0 
2abb1418c000-2abb18000000 ---p 00000000 00:00 0 
2abb18000000-2abb1817d000 rw-p 00000000 00:00 0 
2abb1817d000-2abb1c000000 ---p 00000000 00:00 0 
2abb1c000000-2abb1c17f000 rw-p 00000000 00:00 0 
2abb1c17f000-2abb20000000 ---p 00000000 00:00 0 
2abb20000000-2abb2017c000 rw-p 00000000 00:00 0 
2abb2017c000-2abb24000000 ---p 00000000 00:00 0 
2abb24000000-2abb2417c000 rw-p 00000000 00:00 0 
2abb2417c000-2abb28000000 ---p 00000000 00:00 0 
2abb28000000-2abb2817b000 rw-p 00000000 00:00 0 
2abb2817b000-2abb2c000000 ---p 00000000 00:00 0 
2abb2c000000-2abb2c187000 rw-p 00000000 00:00 0 
2abb2c187000-2abb30000000 ---p 00000000 00:00 0 
2abb30000000-2abb30176000 rw-p 00000000 00:00 0 
2abb30176000-2abb34000000 ---p 00000000 00:00 0 
2abb34000000-2abb34180000 rw-p 00000000 00:00 0 
2abb34180000-2abb38000000 ---p 00000000 00:00 0 
2abb38000000-2abb38186000 rw-p 00000000 00:00 0 
2abb38186000-2abb3c000000 ---p 00000000 00:00 0 
2abb3c000000-2abb3c178000 rw-p 00000000 00:00 0 
2abb3c178000-2abb40000000 ---p 00000000 00:00 0 
2abb40000000-2abb4017f000 rw-p 00000000 00:00 0 
2abb4017f000-2abb44000000 ---p 00000000 00:00 0 
2abb44000000-2abb44182000 rw-p 00000000 00:00 0 
2abb44182000-2abb48000000 ---p 00000000 00:00 0 
2abb48000000-2abb4817f000 rw-p 00000000 00:00 0 
2abb4817f000-2abb4c000000 ---p 00000000 00:00 0 
2abb4c000000-2abb4c181000 rw-p 00000000 00:00 0 
2abb4c181000-2abb50000000 ---p 00000000 00:00 0 
2abb50000000-2abb50178000 rw-p 00000000 00:00 0 
2abb50178000-2abb54000000 ---p 00000000 00:00 0 
2abb54000000-2abb54197000 rw-p 00000000 00:00 0 
2abb54197000-2abb58000000 ---p 00000000 00:00 0 
2abb58000000-2abb5818b000 rw-p 00000000 00:00 0 
2abb5818b000-2abb5c000000 ---p 00000000 00:00 0 
2abb5c000000-2abb5c180000 rw-p 00000000 00:00 0 
2abb5c180000-2abb60000000 ---p 00000000 00:00 0 
2abb60000000-2abb60178000 rw-p 00000000 00:00 0 
2abb60178000-2abb64000000 ---p 00000000 00:00 0 
2abb64000000-2abb64180000 rw-p 00000000 00:00 0 
2abb64180000-2abb68000000 ---p 00000000 00:00 0 
2abb68000000-2abb68188000 rw-p 00000000 00:00 0 
2abb68188000-2abb6c000000 ---p 00000000 00:00 0 
2abb6c000000-2abb6c17f000 rw-p 00000000 00:00 0 
2abb6c17f000-2abb70000000 ---p 00000000 00:00 0 
2abb70000000-2abb7017d000 rw-p 00000000 00:00 0 
2abb7017d000-2abb74000000 ---p 00000000 00:00 0 
2abb74000000-2abb74190000 rw-p 00000000 00:00 0 
2abb74190000-2abb78000000 ---p 00000000 00:00 0 
2abb78000000-2abb78184000 rw-p 00000000 00:00 0 
2abb78184000-2abb7c000000 ---p 00000000 00:00 0 
2abb7c000000-2abb7c17b000 rw-p 00000000 00:00 0 
2abb7c17b000-2abb80000000 ---p 00000000 00:00 0 
2abb80000000-2abb8017d000 rw-p 00000000 00:00 0 
2abb8017d000-2abb84000000 ---p 00000000 00:00 0 
2abb84000000-2abb84180000 rw-p 00000000 00:00 0 
2abb84180000-2abb88000000 ---p 00000000 00:00 0 
2abb88000000-2abb88186000 rw-p 00000000 00:00 0 
2abb88186000-2abb8c000000 ---p 00000000 00:00 0 
2abb8c000000-2abb8c189000 rw-p 00000000 00:00 0 
2abb8c189000-2abb90000000 ---p 00000000 00:00 0 
2abb90000000-2abb90189000 rw-p 00000000 00:00 0 
2abb90189000-2abb94000000 ---p 00000000 00:00 0 
2abb94000000-2abb94178000 rw-p 00000000 00:00 0 
2abb94178000-2abb98000000 ---p 00000000 00:00 0 
2abb98000000-2abb98184000 rw-p 00000000 00:00 0 
2abb98184000-2abb9c000000 ---p 00000000 00:00 0 
2abb9c000000-2abb9c182000 rw-p 00000000 00:00 0 
2abb9c182000-2abba0000000 ---p 00000000 00:00 0 
2abba0000000-2abba017a000 rw-p 00000000 00:00 0 
2abba017a000-2abba4000000 ---p 00000000 00:00 0 
2abba4000000-2abba4186000 rw-p 00000000 00:00 0 
2abba4186000-2abba8000000 ---p 00000000 00:00 0 
2abba8000000-2abba8183000 rw-p 00000000 00:00 0 
2abba8183000-2abbac000000 ---p 00000000 00:00 0 
2abbac000000-2abbac188000 rw-p 00000000 00:00 0 
2abbac188000-2abbb0000000 ---p 00000000 00:00 0 
2abbb0000000-2abbb0189000 rw-p 00000000 00:00 0 
2abbb0189000-2abbb4000000 ---p 00000000 00:00 0 
2abbb4000000-2abbb4178000 rw-p 00000000 00:00 0 
2abbb4178000-2abbb8000000 ---p 00000000 00:00 0 
2abbb8000000-2abbb8184000 rw-p 00000000 00:00 0 
2abbb8184000-2abbbc000000 ---p 00000000 00:00 0 
2abbbc000000-2abbbc17b000 rw-p 00000000 00:00 0 
2abbbc17b000-2abbc0000000 ---p 00000000 00:00 0 
2abbc0000000-2abbc018b000 rw-p 00000000 00:00 0 
2abbc018b000-2abbc4000000 ---p 00000000 00:00 0 
2abbc4000000-2abbc417a000 rw-p 00000000 00:00 0 
2abbc417a000-2abbc8000000 ---p 00000000 00:00 0 
2abbc8000000-2abbc817f000 rw-p 00000000 00:00 0 
2abbc817f000-2abbcc000000 ---p 00000000 00:00 0 
2abbcc000000-2abbcc184000 rw-p 00000000 00:00 0 
2abbcc184000-2abbd0000000 ---p 00000000 00:00 0 
2abbd0000000-2abbd017e000 rw-p 00000000 00:00 0 
2abbd017e000-2abbd4000000 ---p 00000000 00:00 0 
2abbd4000000-2abbd4175000 rw-p 00000000 00:00 0 
2abbd4175000-2abbd8000000 ---p 00000000 00:00 0 
2abbd8000000-2abbd817c000 rw-p 00000000 00:00 0 
2abbd817c000-2abbdc000000 ---p 00000000 00:00 0 
2abbdc000000-2abbdc183000 rw-p 00000000 00:00 0 
2abbdc183000-2abbe0000000 ---p 00000000 00:00 0 
2abbe0000000-2abbe0192000 rw-p 00000000 00:00 0 
2abbe0192000-2abbe4000000 ---p 00000000 00:00 0 
2abbe4000000-2abbe4188000 rw-p 00000000 00:00 0 
2abbe4188000-2abbe8000000 ---p 00000000 00:00 0 
2abbe8000000-2abbe817f000 rw-p 00000000 00:00 0 
2abbe817f000-2abbec000000 ---p 00000000 00:00 0 
2abbec000000-2abbec184000 rw-p 00000000 00:00 0 
2abbec184000-2abbf0000000 ---p 00000000 00:00 0 
2abbf0000000-2abbf017f000 rw-p 00000000 00:00 0 
2abbf017f000-2abbf4000000 ---p 00000000 00:00 0 
2abbf4000000-2abbf418a000 rw-p 00000000 00:00 0 
2abbf418a000-2abbf8000000 ---p 00000000 00:00 0 
2abbf8000000-2abbf8185000 rw-p 00000000 00:00 0 
2abbf8185000-2abbfc000000 ---p 00000000 00:00 0 
2abbfc000000-2abbfc17c000 rw-p 00000000 00:00 0 
2abbfc17c000-2abc00000000 ---p 00000000 00:00 0 
2abc00000000-2abc0017b000 rw-p 00000000 00:00 0 
2abc0017b000-2abc04000000 ---p 00000000 00:00 0 
2abc04000000-2abc0418a000 rw-p 00000000 00:00 0 
2abc0418a000-2abc08000000 ---p 00000000 00:00 0 
2abc08000000-2abc08178000 rw-p 00000000 00:00 0 
2abc08178000-2abc0c000000 ---p 00000000 00:00 0 
2abc0c000000-2abc0c17d000 rw-p 00000000 00:00 0 
2abc0c17d000-2abc10000000 ---p 00000000 00:00 0 
2abc10000000-2abc10174000 rw-p 00000000 00:00 0 
2abc10174000-2abc14000000 ---p 00000000 00:00 0 
2abc14000000-2abc1417a000 rw-p 00000000 00:00 0 
2abc1417a000-2abc18000000 ---p 00000000 00:00 0 
2abc18000000-2abc18187000 rw-p 00000000 00:00 0 
2abc18187000-2abc1c000000 ---p 00000000 00:00 0 
2abc1c000000-2abc27aec000 rw-p 00000000 00:00 0 
7ffc6371e000-7ffc63742000 rw-p 00000000 00:00 0                          [stack]
ffffffffff600000-ffffffffff601000 r-xp 00000000 00:00 0                  [vsyscall]

******************************************************************************************************
                                                                                    1180-5:35:56
*****************************************************************************************************


Command terminated by signal 6
	Command being timed: "./lgo text-to-image 100 2 6 0.1 1.0 24"
	User time (seconds): 864.17
	System time (seconds): 9.76
	Percent of CPU this job got: 99%
	Elapsed (wall clock) time (h:mm:ss or m:ss): 14:38.48
	Average shared text size (kbytes): 0
	Average unshared data size (kbytes): 0
	Average stack size (kbytes): 0
	Average total size (kbytes): 0
	Maximum resident set size (kbytes): 2034944
	Average resident set size (kbytes): 0
	Major (requiring I/O) page faults: 0
	Minor (reclaiming a frame) page faults: 6104730
	Voluntary context switches: 708196
	Involuntary context switches: 198487
	Swaps: 0
	File system inputs: 0
	File system outputs: 4819104
	Socket messages sent: 0
	Socket messages received: 0
	Signals delivered: 0
	Page size (bytes): 4096
	Exit status: 0
