C++17!
Using LSH-Graph for text-to-image ...
c=        1.5
k=        100
L=        1
K=        6
T=        12
lsh_UB=   0
LOADING DATA...
Load from new file: /users/PAS2671/kabir36/kabir/similarity-search/dataset/text-to-image/
N=    1000000
dim=  200

LOADING TIME: 16.9089s.

MAKING BENMARK...

0%   10   20   30   40   50   60   70   80   90   100%
|----|----|----|----|----|----|----|----|----|----|
***************************************************
MAKING TIME: 73.5763s.

SAVING BENMARK...
SAVING TIME: 0.003222s.

mkdir: missing operand
Try 'mkdir --help' for more information.

START HASHING...

SETTING HASH PARAMETER...
SETTING TIME: 3.5e-05s.

COMPUTING HASH...
COMPUTING TIME: 0.32952s.

[31mOld W=    0.3
New W=    0.3
Increase  1times.
[0mCONSTRUCTING GRAPH...

0%   10   20   30   40   50   60   70   80   90   100%
|----|----|----|----|----|----|----|----|----|----|
***************************************************
CONSTRUCTING TIME: 554.686s.

SAVING GRAPH...
SAVING TIME: 0.672994s.

dist=0.695574, cnt=18.350548, unique=1, std=4.729852, Recall=0.000000
cc=709.161011, pruning=0.089749

Loading FastGraph...
*******************************************************************************************************
The result of LSH-G for text-to-image is as follow: k=100, probQ = 0.9, L = 1, K = 6, T = 12
******************************************************************************************************
     algName       k      ef        Time      Recall        Cost        CPQ1        CPQ2     Pruning

       fastG     100     200      0.7613      0.9496     1396.85     55.1187     1451.97    0.146852

*** Error in `./lgo': munmap_chunk(): invalid pointer: 0x0000000030a46791 ***
======= Backtrace: =========
/lib64/libc.so.6(+0x7f474)[0x2b49728f9474]
./lgo[0x40bb5e]
./lgo[0x408415]
/lib64/libc.so.6(__libc_start_main+0xf5)[0x2b497289c555]
./lgo[0x408e0c]
======= Memory map: ========
00400000-00449000 r-xp 00000000 00:38 1794793                            /users/PAS2671/kabir36/kabir/similarity-search/models/LSH-APG/cppCode/LSH-APG/lgo
00648000-0064a000 r--p 00048000 00:38 1794793                            /users/PAS2671/kabir36/kabir/similarity-search/models/LSH-APG/cppCode/LSH-APG/lgo
0064a000-0064b000 rw-p 0004a000 00:38 1794793                            /users/PAS2671/kabir36/kabir/similarity-search/models/LSH-APG/cppCode/LSH-APG/lgo
00bc7000-6539b000 rw-p 00000000 00:00 0                                  [heap]
2b497152c000-2b497154e000 r-xp 00000000 00:24 3428292698                 /usr/lib64/ld-2.17.so
2b497154e000-2b4971555000 rw-p 00000000 00:00 0 
2b497159b000-2b49715a2000 rw-p 00000000 00:00 0 
2b497174d000-2b497174e000 r--p 00021000 00:24 3428292698                 /usr/lib64/ld-2.17.so
2b497174e000-2b497174f000 rw-p 00022000 00:24 3428292698                 /usr/lib64/ld-2.17.so
2b497174f000-2b4971750000 rw-p 00000000 00:00 0 
2b4971750000-2b4971788000 r-xp 00000000 00:2c 19202863                   /apps/xalt/2.10.29/lib64/libxalt_init.so
2b4971788000-2b4971988000 ---p 00038000 00:2c 19202863                   /apps/xalt/2.10.29/lib64/libxalt_init.so
2b4971988000-2b4971989000 r--p 00038000 00:2c 19202863                   /apps/xalt/2.10.29/lib64/libxalt_init.so
2b4971989000-2b497198a000 rw-p 00039000 00:2c 19202863                   /apps/xalt/2.10.29/lib64/libxalt_init.so
2b497198a000-2b497198b000 rw-p 00000000 00:00 0 
2b497198b000-2b4971992000 r-xp 00000000 00:24 3428781212                 /usr/lib64/librt-2.17.so
2b4971992000-2b4971b91000 ---p 00007000 00:24 3428781212                 /usr/lib64/librt-2.17.so
2b4971b91000-2b4971b92000 r--p 00006000 00:24 3428781212                 /usr/lib64/librt-2.17.so
2b4971b92000-2b4971b93000 rw-p 00007000 00:24 3428781212                 /usr/lib64/librt-2.17.so
2b4971b93000-2b4971d07000 r-xp 00000000 00:2c 7905980                    /apps/gnu/8.4.0/lib64/libstdc++.so.6.0.25
2b4971d07000-2b4971f06000 ---p 00174000 00:2c 7905980                    /apps/gnu/8.4.0/lib64/libstdc++.so.6.0.25
2b4971f06000-2b4971f10000 r--p 00173000 00:2c 7905980                    /apps/gnu/8.4.0/lib64/libstdc++.so.6.0.25
2b4971f10000-2b4971f12000 rw-p 0017d000 00:2c 7905980                    /apps/gnu/8.4.0/lib64/libstdc++.so.6.0.25
2b4971f12000-2b4971f16000 rw-p 00000000 00:00 0 
2b4971f16000-2b4972017000 r-xp 00000000 00:24 3428781161                 /usr/lib64/libm-2.17.so
2b4972017000-2b4972216000 ---p 00101000 00:24 3428781161                 /usr/lib64/libm-2.17.so
2b4972216000-2b4972217000 r--p 00100000 00:24 3428781161                 /usr/lib64/libm-2.17.so
2b4972217000-2b4972218000 rw-p 00101000 00:24 3428781161                 /usr/lib64/libm-2.17.so
2b4972218000-2b4972245000 r-xp 00000000 00:2c 5669150                    /apps/gnu/8.4.0/lib64/libgomp.so.1.0.0
2b4972245000-2b4972444000 ---p 0002d000 00:2c 5669150                    /apps/gnu/8.4.0/lib64/libgomp.so.1.0.0
2b4972444000-2b4972445000 r--p 0002c000 00:2c 5669150                    /apps/gnu/8.4.0/lib64/libgomp.so.1.0.0
2b4972445000-2b4972446000 rw-p 0002d000 00:2c 5669150                    /apps/gnu/8.4.0/lib64/libgomp.so.1.0.0
2b4972446000-2b497245d000 r-xp 00000000 00:2c 5669148                    /apps/gnu/8.4.0/lib64/libgcc_s.so.1
2b497245d000-2b497265c000 ---p 00017000 00:2c 5669148                    /apps/gnu/8.4.0/lib64/libgcc_s.so.1
2b497265c000-2b497265d000 r--p 00016000 00:2c 5669148                    /apps/gnu/8.4.0/lib64/libgcc_s.so.1
2b497265d000-2b497265e000 rw-p 00017000 00:2c 5669148                    /apps/gnu/8.4.0/lib64/libgcc_s.so.1
2b497265e000-2b4972675000 r-xp 00000000 00:24 3428781193                 /usr/lib64/libpthread-2.17.so
2b4972675000-2b4972874000 ---p 00017000 00:24 3428781193                 /usr/lib64/libpthread-2.17.so
2b4972874000-2b4972875000 r--p 00016000 00:24 3428781193                 /usr/lib64/libpthread-2.17.so
2b4972875000-2b4972876000 rw-p 00017000 00:24 3428781193                 /usr/lib64/libpthread-2.17.so
2b4972876000-2b497287a000 rw-p 00000000 00:00 0 
2b497287a000-2b4972a3e000 r-xp 00000000 00:24 3428781146                 /usr/lib64/libc-2.17.so
2b4972a3e000-2b4972c3d000 ---p 001c4000 00:24 3428781146                 /usr/lib64/libc-2.17.so
2b4972c3d000-2b4972c41000 r--p 001c3000 00:24 3428781146                 /usr/lib64/libc-2.17.so
2b4972c41000-2b4972c43000 rw-p 001c7000 00:24 3428781146                 /usr/lib64/libc-2.17.so
2b4972c43000-2b4972c48000 rw-p 00000000 00:00 0 
2b4972c48000-2b4972c4a000 r-xp 00000000 00:24 3428781159                 /usr/lib64/libdl-2.17.so
2b4972c4a000-2b4972e4a000 ---p 00002000 00:24 3428781159                 /usr/lib64/libdl-2.17.so
2b4972e4a000-2b4972e4b000 r--p 00002000 00:24 3428781159                 /usr/lib64/libdl-2.17.so
2b4972e4b000-2b4972e4c000 rw-p 00003000 00:24 3428781159                 /usr/lib64/libdl-2.17.so
2b4972e4c000-2b4972e50000 r-xp 00000000 00:2c 21954920                   /apps/xalt/2.10.29/lib64/libuuid.so.1.3.0
2b4972e50000-2b497304f000 ---p 00004000 00:2c 21954920                   /apps/xalt/2.10.29/lib64/libuuid.so.1.3.0
2b497304f000-2b4973050000 r--p 00003000 00:2c 21954920                   /apps/xalt/2.10.29/lib64/libuuid.so.1.3.0
2b4973050000-2b4973051000 rw-p 00004000 00:2c 21954920                   /apps/xalt/2.10.29/lib64/libuuid.so.1.3.0
2b4973051000-2b4973052000 ---p 00000000 00:00 0 
2b4973052000-2b4973252000 rw-p 00000000 00:00 0 
2b4973252000-2b4973253000 ---p 00000000 00:00 0 
2b4973253000-2b4973453000 rw-p 00000000 00:00 0 
2b4973453000-2b4973454000 ---p 00000000 00:00 0 
2b4973454000-2b4973654000 rw-p 00000000 00:00 0 
2b4973654000-2b4973655000 ---p 00000000 00:00 0 
2b4973655000-2b4973855000 rw-p 00000000 00:00 0 
2b4973855000-2b4973856000 ---p 00000000 00:00 0 
2b4973856000-2b4973a56000 rw-p 00000000 00:00 0 
2b4973a56000-2b4973a57000 ---p 00000000 00:00 0 
2b4973a57000-2b4973c57000 rw-p 00000000 00:00 0 
2b4973c57000-2b4973c58000 ---p 00000000 00:00 0 
2b4973c58000-2b4973e58000 rw-p 00000000 00:00 0 
2b4973e58000-2b4973e59000 ---p 00000000 00:00 0 
2b4973e59000-2b4974059000 rw-p 00000000 00:00 0 
2b4974059000-2b497405a000 ---p 00000000 00:00 0 
2b497405a000-2b497425a000 rw-p 00000000 00:00 0 
2b497425a000-2b497425b000 ---p 00000000 00:00 0 
2b497425b000-2b497445b000 rw-p 00000000 00:00 0 
2b497445b000-2b497445c000 ---p 00000000 00:00 0 
2b497445c000-2b497465c000 rw-p 00000000 00:00 0 
2b497465c000-2b497465d000 ---p 00000000 00:00 0 
2b497465d000-2b497485d000 rw-p 00000000 00:00 0 
2b497485d000-2b497485e000 ---p 00000000 00:00 0 
2b497485e000-2b4974a5e000 rw-p 00000000 00:00 0 
2b4974a5e000-2b4974a5f000 ---p 00000000 00:00 0 
2b4974a5f000-2b4974c5f000 rw-p 00000000 00:00 0 
2b4974c5f000-2b4974c60000 ---p 00000000 00:00 0 
2b4974c60000-2b4974e60000 rw-p 00000000 00:00 0 
2b4974e60000-2b4974e61000 ---p 00000000 00:00 0 
2b4974e61000-2b4975061000 rw-p 00000000 00:00 0 
2b4975061000-2b4975062000 ---p 00000000 00:00 0 
2b4975062000-2b4975262000 rw-p 00000000 00:00 0 
2b4975262000-2b4975263000 ---p 00000000 00:00 0 
2b4975263000-2b4975463000 rw-p 00000000 00:00 0 
2b4975463000-2b4975464000 ---p 00000000 00:00 0 
2b4975464000-2b4975664000 rw-p 00000000 00:00 0 
2b4975664000-2b4975665000 ---p 00000000 00:00 0 
2b4975665000-2b4975865000 rw-p 00000000 00:00 0 
2b4975865000-2b4975866000 ---p 00000000 00:00 0 
2b4975866000-2b4975a66000 rw-p 00000000 00:00 0 
2b4975a66000-2b4975a67000 ---p 00000000 00:00 0 
2b4975a67000-2b4975c67000 rw-p 00000000 00:00 0 
2b4975c67000-2b4975c68000 ---p 00000000 00:00 0 
2b4975c68000-2b4975e68000 rw-p 00000000 00:00 0 
2b4975e68000-2b4975e69000 ---p 00000000 00:00 0 
2b4975e69000-2b4976069000 rw-p 00000000 00:00 0 
2b4976069000-2b497606a000 ---p 00000000 00:00 0 
2b497606a000-2b497626a000 rw-p 00000000 00:00 0 
2b497626a000-2b497626b000 ---p 00000000 00:00 0 
2b497626b000-2b497646b000 rw-p 00000000 00:00 0 
2b497646b000-2b497646c000 ---p 00000000 00:00 0 
2b497646c000-2b497666c000 rw-p 00000000 00:00 0 
2b497666c000-2b497666d000 ---p 00000000 00:00 0 
2b497666d000-2b497686d000 rw-p 00000000 00:00 0 
2b497686d000-2b497686e000 ---p 00000000 00:00 0 
2b497686e000-2b4976a6e000 rw-p 00000000 00:00 0 
2b4976a6e000-2b4976a6f000 ---p 00000000 00:00 0 
2b4976a6f000-2b4976c6f000 rw-p 00000000 00:00 0 
2b4976c6f000-2b4976c70000 ---p 00000000 00:00 0 
2b4976c70000-2b4976e70000 rw-p 00000000 00:00 0 
2b4976e70000-2b4976e71000 ---p 00000000 00:00 0 
2b4976e71000-2b4977071000 rw-p 00000000 00:00 0 
2b4977071000-2b4977072000 ---p 00000000 00:00 0 
2b4977072000-2b4977272000 rw-p 00000000 00:00 0 
2b4977272000-2b4977273000 ---p 00000000 00:00 0 
2b4977273000-2b4977473000 rw-p 00000000 00:00 0 
2b4977473000-2b4977474000 ---p 00000000 00:00 0 
2b4977474000-2b4977674000 rw-p 00000000 00:00 0 
2b4977674000-2b4977675000 ---p 00000000 00:00 0 
2b4977675000-2b4977875000 rw-p 00000000 00:00 0 
2b4977875000-2b4977876000 ---p 00000000 00:00 0 
2b4977876000-2b4977a76000 rw-p 00000000 00:00 0 
2b4977a76000-2b4977a77000 ---p 00000000 00:00 0 
2b4977a77000-2b4977c77000 rw-p 00000000 00:00 0 
2b4977c77000-2b4977c78000 ---p 00000000 00:00 0 
2b4977c78000-2b4977e78000 rw-p 00000000 00:00 0 
2b4977e78000-2b4977e79000 ---p 00000000 00:00 0 
2b4977e79000-2b4978079000 rw-p 00000000 00:00 0 
2b4978079000-2b497807a000 ---p 00000000 00:00 0 
2b497807a000-2b497827a000 rw-p 00000000 00:00 0 
2b497827a000-2b497827b000 ---p 00000000 00:00 0 
2b497827b000-2b497847b000 rw-p 00000000 00:00 0 
2b497847b000-2b497847c000 ---p 00000000 00:00 0 
2b497847c000-2b497867c000 rw-p 00000000 00:00 0 
2b497867c000-2b497867d000 ---p 00000000 00:00 0 
2b497867d000-2b497887d000 rw-p 00000000 00:00 0 
2b497887d000-2b497887e000 ---p 00000000 00:00 0 
2b497887e000-2b4978a7e000 rw-p 00000000 00:00 0 
2b4978a7e000-2b4978a7f000 ---p 00000000 00:00 0 
2b4978a7f000-2b4978c7f000 rw-p 00000000 00:00 0 
2b4978c7f000-2b4978c80000 ---p 00000000 00:00 0 
2b4978c80000-2b4978e80000 rw-p 00000000 00:00 0 
2b4978e80000-2b4978e81000 ---p 00000000 00:00 0 
2b4978e81000-2b4979081000 rw-p 00000000 00:00 0 
2b4979081000-2b4979082000 ---p 00000000 00:00 0 
2b4979082000-2b4979282000 rw-p 00000000 00:00 0 
2b4979282000-2b4979283000 ---p 00000000 00:00 0 
2b4979283000-2b4979483000 rw-p 00000000 00:00 0 
2b4979483000-2b4979484000 ---p 00000000 00:00 0 
2b4979484000-2b4979684000 rw-p 00000000 00:00 0 
2b4979684000-2b4979685000 ---p 00000000 00:00 0 
2b4979685000-2b4979885000 rw-p 00000000 00:00 0 
2b4979885000-2b4979886000 ---p 00000000 00:00 0 
2b4979886000-2b4979a86000 rw-p 00000000 00:00 0 
2b4979a86000-2b4979a87000 ---p 00000000 00:00 0 
2b4979a87000-2b4979c87000 rw-p 00000000 00:00 0 
2b4979c87000-2b4979c88000 ---p 00000000 00:00 0 
2b4979c88000-2b4979e88000 rw-p 00000000 00:00 0 
2b4979e88000-2b4979e89000 ---p 00000000 00:00 0 
2b4979e89000-2b497a089000 rw-p 00000000 00:00 0 
2b497a089000-2b497a08a000 ---p 00000000 00:00 0 
2b497a08a000-2b497a28a000 rw-p 00000000 00:00 0 
2b497a28a000-2b497a28b000 ---p 00000000 00:00 0 
2b497a28b000-2b497a48b000 rw-p 00000000 00:00 0 
2b497a48b000-2b497a48c000 ---p 00000000 00:00 0 
2b497a48c000-2b497a68c000 rw-p 00000000 00:00 0 
2b497a68c000-2b497a68d000 ---p 00000000 00:00 0 
2b497a68d000-2b497a88d000 rw-p 00000000 00:00 0 
2b497a88d000-2b497a88e000 ---p 00000000 00:00 0 
2b497a88e000-2b497aa8e000 rw-p 00000000 00:00 0 
2b497aa8e000-2b497aa8f000 ---p 00000000 00:00 0 
2b497aa8f000-2b497ac8f000 rw-p 00000000 00:00 0 
2b497ac8f000-2b497ac90000 ---p 00000000 00:00 0 
2b497ac90000-2b497ae90000 rw-p 00000000 00:00 0 
2b497ae90000-2b497ae91000 ---p 00000000 00:00 0 
2b497ae91000-2b497b091000 rw-p 00000000 00:00 0 
2b497b091000-2b497b092000 ---p 00000000 00:00 0 
2b497b092000-2b497b292000 rw-p 00000000 00:00 0 
2b497b292000-2b497b293000 ---p 00000000 00:00 0 
2b497b293000-2b497b493000 rw-p 00000000 00:00 0 
2b497b493000-2b497b494000 ---p 00000000 00:00 0 
2b497b494000-2b497b694000 rw-p 00000000 00:00 0 
2b497b694000-2b497b695000 ---p 00000000 00:00 0 
2b497b695000-2b497b895000 rw-p 00000000 00:00 0 
2b497b895000-2b497b896000 ---p 00000000 00:00 0 
2b497b896000-2b497ba96000 rw-p 00000000 00:00 0 
2b497ba96000-2b497ba97000 ---p 00000000 00:00 0 
2b497ba97000-2b497bc97000 rw-p 00000000 00:00 0 
2b497bc97000-2b497bc98000 ---p 00000000 00:00 0 
2b497bc98000-2b497be98000 rw-p 00000000 00:00 0 
2b497be98000-2b497be99000 ---p 00000000 00:00 0 
2b497be99000-2b497c099000 rw-p 00000000 00:00 0 
2b497c099000-2b497c09a000 ---p 00000000 00:00 0 
2b497c09a000-2b497c29a000 rw-p 00000000 00:00 0 
2b497c29a000-2b497c29b000 ---p 00000000 00:00 0 
2b497c29b000-2b497c49b000 rw-p 00000000 00:00 0 
2b497c49b000-2b497c49c000 ---p 00000000 00:00 0 
2b497c49c000-2b497c69c000 rw-p 00000000 00:00 0 
2b497c69c000-2b497c69d000 ---p 00000000 00:00 0 
2b497c69d000-2b497c89d000 rw-p 00000000 00:00 0 
2b497c89d000-2b497c89e000 ---p 00000000 00:00 0 
2b497c89e000-2b497ca9e000 rw-p 00000000 00:00 0 
2b497ca9e000-2b497ca9f000 ---p 00000000 00:00 0 
2b497ca9f000-2b497cc9f000 rw-p 00000000 00:00 0 
2b497cc9f000-2b497cca0000 ---p 00000000 00:00 0 
2b497cca0000-2b497cea0000 rw-p 00000000 00:00 0 
2b497cea0000-2b497cea1000 ---p 00000000 00:00 0 
2b497cea1000-2b497d0a1000 rw-p 00000000 00:00 0 
2b497d0a1000-2b497d0a2000 ---p 00000000 00:00 0 
2b497d0a2000-2b497d2a2000 rw-p 00000000 00:00 0 
2b497d2a2000-2b497d2a3000 ---p 00000000 00:00 0 
2b497d2a3000-2b497d4a3000 rw-p 00000000 00:00 0 
2b497d4a3000-2b497d4a4000 ---p 00000000 00:00 0 
2b497d4a4000-2b497d6a4000 rw-p 00000000 00:00 0 
2b497d6a4000-2b497d6a5000 ---p 00000000 00:00 0 
2b497d6a5000-2b497d8a5000 rw-p 00000000 00:00 0 
2b497d8a5000-2b497d8a6000 ---p 00000000 00:00 0 
2b497d8a6000-2b497daa6000 rw-p 00000000 00:00 0 
2b497daa6000-2b497daa7000 ---p 00000000 00:00 0 
2b497daa7000-2b497dca7000 rw-p 00000000 00:00 0 
2b497dca7000-2b497dca8000 ---p 00000000 00:00 0 
2b497dca8000-2b497dea8000 rw-p 00000000 00:00 0 
2b497dea8000-2b497dea9000 ---p 00000000 00:00 0 
2b497dea9000-2b497e0a9000 rw-p 00000000 00:00 0 
2b497e0a9000-2b497e0aa000 ---p 00000000 00:00 0 
2b497e0aa000-2b497e2aa000 rw-p 00000000 00:00 0 
2b497e2aa000-2b497e2ab000 ---p 00000000 00:00 0 
2b497e2ab000-2b497e4ab000 rw-p 00000000 00:00 0 
2b497e4ab000-2b497e4ac000 ---p 00000000 00:00 0 
2b497e4ac000-2b497e6ac000 rw-p 00000000 00:00 0 
2b497e6ac000-2b497e6ad000 ---p 00000000 00:00 0 
2b497e6ad000-2b497e8ad000 rw-p 00000000 00:00 0 
2b497e8ad000-2b497e8ae000 ---p 00000000 00:00 0 
2b497e8ae000-2b497eaae000 rw-p 00000000 00:00 0 
2b497eaae000-2b497eaaf000 ---p 00000000 00:00 0 
2b497eaaf000-2b497ecaf000 rw-p 00000000 00:00 0 
2b497ecaf000-2b497ecb0000 ---p 00000000 00:00 0 
2b497ecb0000-2b497eeb0000 rw-p 00000000 00:00 0 
2b497eeb0000-2b497eeb1000 ---p 00000000 00:00 0 
2b497eeb1000-2b497f0b1000 rw-p 00000000 00:00 0 
2b497f0b1000-2b497f0b2000 ---p 00000000 00:00 0 
2b497f0b2000-2b497f2b2000 rw-p 00000000 00:00 0 
2b497f2b2000-2b497f2b3000 ---p 00000000 00:00 0 
2b497f2b3000-2b497f4b3000 rw-p 00000000 00:00 0 
2b497f4b3000-2b497f4b4000 ---p 00000000 00:00 0 
2b497f4b4000-2b497f6b4000 rw-p 00000000 00:00 0 
2b4980000000-2b49807c2000 rw-p 00000000 00:00 0 
2b49807c2000-2b4984000000 ---p 00000000 00:00 0 
2b4984000000-2b49847c2000 rw-p 00000000 00:00 0 
2b49847c2000-2b4988000000 ---p 00000000 00:00 0 
2b4988000000-2b49887c2000 rw-p 00000000 00:00 0 
2b49887c2000-2b498c000000 ---p 00000000 00:00 0 
2b498c000000-2b498c7c2000 rw-p 00000000 00:00 0 
2b498c7c2000-2b4990000000 ---p 00000000 00:00 0 
2b4990000000-2b49907c2000 rw-p 00000000 00:00 0 
2b49907c2000-2b4994000000 ---p 00000000 00:00 0 
2b4994000000-2b49947c2000 rw-p 00000000 00:00 0 
2b49947c2000-2b4998000000 ---p 00000000 00:00 0 
2b4998000000-2b49987c2000 rw-p 00000000 00:00 0 
2b49987c2000-2b499c000000 ---p 00000000 00:00 0 
2b499c000000-2b499c7c2000 rw-p 00000000 00:00 0 
2b499c7c2000-2b49a0000000 ---p 00000000 00:00 0 
2b49a0000000-2b49a07c2000 rw-p 00000000 00:00 0 
2b49a07c2000-2b49a4000000 ---p 00000000 00:00 0 
2b49a4000000-2b49a47c2000 rw-p 00000000 00:00 0 
2b49a47c2000-2b49a8000000 ---p 00000000 00:00 0 
2b49a8000000-2b49a87c2000 rw-p 00000000 00:00 0 
2b49a87c2000-2b49ac000000 ---p 00000000 00:00 0 
2b49ac000000-2b49ac7c2000 rw-p 00000000 00:00 0 
2b49ac7c2000-2b49b0000000 ---p 00000000 00:00 0 
2b49b0000000-2b49b07c2000 rw-p 00000000 00:00 0 
2b49b07c2000-2b49b4000000 ---p 00000000 00:00 0 
2b49b4000000-2b49b47c2000 rw-p 00000000 00:00 0 
2b49b47c2000-2b49b8000000 ---p 00000000 00:00 0 
2b49b8000000-2b49b87c2000 rw-p 00000000 00:00 0 
2b49b87c2000-2b49bc000000 ---p 00000000 00:00 0 
2b49bc000000-2b49bc7c2000 rw-p 00000000 00:00 0 
2b49bc7c2000-2b49c0000000 ---p 00000000 00:00 0 
2b49c0000000-2b49c07c2000 rw-p 00000000 00:00 0 
2b49c07c2000-2b49c4000000 ---p 00000000 00:00 0 
2b49c4000000-2b49c47c2000 rw-p 00000000 00:00 0 
2b49c47c2000-2b49c8000000 ---p 00000000 00:00 0 
2b49c8000000-2b49c87c2000 rw-p 00000000 00:00 0 
2b49c87c2000-2b49cc000000 ---p 00000000 00:00 0 
2b49cc000000-2b49cc7c2000 rw-p 00000000 00:00 0 
2b49cc7c2000-2b49d0000000 ---p 00000000 00:00 0 
2b49d0000000-2b49d07c2000 rw-p 00000000 00:00 0 
2b49d07c2000-2b49d4000000 ---p 00000000 00:00 0 
2b49d4000000-2b49d47c2000 rw-p 00000000 00:00 0 
2b49d47c2000-2b49d8000000 ---p 00000000 00:00 0 
2b49d8000000-2b49d87c2000 rw-p 00000000 00:00 0 
2b49d87c2000-2b49dc000000 ---p 00000000 00:00 0 
2b49dc000000-2b49dc7c2000 rw-p 00000000 00:00 0 
2b49dc7c2000-2b49e0000000 ---p 00000000 00:00 0 
2b49e0000000-2b49e07c2000 rw-p 00000000 00:00 0 
2b49e07c2000-2b49e4000000 ---p 00000000 00:00 0 
2b49e4000000-2b49e47c2000 rw-p 00000000 00:00 0 
2b49e47c2000-2b49e8000000 ---p 00000000 00:00 0 
2b49e8000000-2b49e87c2000 rw-p 00000000 00:00 0 
2b49e87c2000-2b49ec000000 ---p 00000000 00:00 0 
2b49ec000000-2b49ec7c2000 rw-p 00000000 00:00 0 
2b49ec7c2000-2b49f0000000 ---p 00000000 00:00 0 
2b49f0000000-2b49f07c2000 rw-p 00000000 00:00 0 
2b49f07c2000-2b49f4000000 ---p 00000000 00:00 0 
2b49f4000000-2b49f47c2000 rw-p 00000000 00:00 0 
2b49f47c2000-2b49f8000000 ---p 00000000 00:00 0 
2b49f8000000-2b49f87c2000 rw-p 00000000 00:00 0 
2b49f87c2000-2b49fc000000 ---p 00000000 00:00 0 
2b49fc000000-2b49fc7c2000 rw-p 00000000 00:00 0 
2b49fc7c2000-2b4a00000000 ---p 00000000 00:00 0 
2b4a00000000-2b4a007c2000 rw-p 00000000 00:00 0 
2b4a007c2000-2b4a04000000 ---p 00000000 00:00 0 
2b4a04000000-2b4a047c2000 rw-p 00000000 00:00 0 
2b4a047c2000-2b4a08000000 ---p 00000000 00:00 0 
2b4a08000000-2b4a087c2000 rw-p 00000000 00:00 0 
2b4a087c2000-2b4a0c000000 ---p 00000000 00:00 0 
2b4a0c000000-2b4a0c7c2000 rw-p 00000000 00:00 0 
2b4a0c7c2000-2b4a10000000 ---p 00000000 00:00 0 
2b4a10000000-2b4a107c2000 rw-p 00000000 00:00 0 
2b4a107c2000-2b4a14000000 ---p 00000000 00:00 0 
2b4a14000000-2b4a147c2000 rw-p 00000000 00:00 0 
2b4a147c2000-2b4a18000000 ---p 00000000 00:00 0 
2b4a18000000-2b4a187c2000 rw-p 00000000 00:00 0 
2b4a187c2000-2b4a1c000000 ---p 00000000 00:00 0 
2b4a1c000000-2b4a1c7c2000 rw-p 00000000 00:00 0 
2b4a1c7c2000-2b4a20000000 ---p 00000000 00:00 0 
2b4a20000000-2b4a207c2000 rw-p 00000000 00:00 0 
2b4a207c2000-2b4a24000000 ---p 00000000 00:00 0 
2b4a24000000-2b4a247c2000 rw-p 00000000 00:00 0 
2b4a247c2000-2b4a28000000 ---p 00000000 00:00 0 
2b4a28000000-2b4a287c2000 rw-p 00000000 00:00 0 
2b4a287c2000-2b4a2c000000 ---p 00000000 00:00 0 
2b4a2c000000-2b4a2c7c2000 rw-p 00000000 00:00 0 
2b4a2c7c2000-2b4a30000000 ---p 00000000 00:00 0 
2b4a30000000-2b4a307c2000 rw-p 00000000 00:00 0 
2b4a307c2000-2b4a34000000 ---p 00000000 00:00 0 
2b4a34000000-2b4a347c2000 rw-p 00000000 00:00 0 
2b4a347c2000-2b4a38000000 ---p 00000000 00:00 0 
2b4a38000000-2b4a387c2000 rw-p 00000000 00:00 0 
2b4a387c2000-2b4a3c000000 ---p 00000000 00:00 0 
2b4a3c000000-2b4a3c7c2000 rw-p 00000000 00:00 0 
2b4a3c7c2000-2b4a40000000 ---p 00000000 00:00 0 
2b4a40000000-2b4a407c2000 rw-p 00000000 00:00 0 
2b4a407c2000-2b4a44000000 ---p 00000000 00:00 0 
2b4a44000000-2b4a447c2000 rw-p 00000000 00:00 0 
2b4a447c2000-2b4a48000000 ---p 00000000 00:00 0 
2b4a48000000-2b4a487c2000 rw-p 00000000 00:00 0 
2b4a487c2000-2b4a4c000000 ---p 00000000 00:00 0 
2b4a4c000000-2b4a4c7c2000 rw-p 00000000 00:00 0 
2b4a4c7c2000-2b4a50000000 ---p 00000000 00:00 0 
2b4a50000000-2b4a507c2000 rw-p 00000000 00:00 0 
2b4a507c2000-2b4a54000000 ---p 00000000 00:00 0 
2b4a54000000-2b4a547c2000 rw-p 00000000 00:00 0 
2b4a547c2000-2b4a58000000 ---p 00000000 00:00 0 
2b4a58000000-2b4a587c2000 rw-p 00000000 00:00 0 
2b4a587c2000-2b4a5c000000 ---p 00000000 00:00 0 
2b4a5c000000-2b4a5c7c2000 rw-p 00000000 00:00 0 
2b4a5c7c2000-2b4a60000000 ---p 00000000 00:00 0 
2b4a60000000-2b4a607c2000 rw-p 00000000 00:00 0 
2b4a607c2000-2b4a64000000 ---p 00000000 00:00 0 
2b4a64000000-2b4a647c2000 rw-p 00000000 00:00 0 
2b4a647c2000-2b4a68000000 ---p 00000000 00:00 0 
2b4a68000000-2b4a687c2000 rw-p 00000000 00:00 0 
2b4a687c2000-2b4a6c000000 ---p 00000000 00:00 0 
2b4a6c000000-2b4a6c7c2000 rw-p 00000000 00:00 0 
2b4a6c7c2000-2b4a70000000 ---p 00000000 00:00 0 
2b4a70000000-2b4a707c2000 rw-p 00000000 00:00 0 
2b4a707c2000-2b4a74000000 ---p 00000000 00:00 0 
2b4a74000000-2b4a747c2000 rw-p 00000000 00:00 0 
2b4a747c2000-2b4a78000000 ---p 00000000 00:00 0 
2b4a78000000-2b4a787c2000 rw-p 00000000 00:00 0 
2b4a787c2000-2b4a7c000000 ---p 00000000 00:00 0 
2b4a7c000000-2b4a7c7c2000 rw-p 00000000 00:00 0 
2b4a7c7c2000-2b4a80000000 ---p 00000000 00:00 0 
2b4a80000000-2b4a807c2000 rw-p 00000000 00:00 0 
2b4a807c2000-2b4a84000000 ---p 00000000 00:00 0 
2b4a84000000-2b4a847c2000 rw-p 00000000 00:00 0 
2b4a847c2000-2b4a88000000 ---p 00000000 00:00 0 
2b4a88000000-2b4a887c2000 rw-p 00000000 00:00 0 
2b4a887c2000-2b4a8c000000 ---p 00000000 00:00 0 
2b4a8c000000-2b4a8c7c2000 rw-p 00000000 00:00 0 
2b4a8c7c2000-2b4a90000000 ---p 00000000 00:00 0 
2b4a90000000-2b4a907c2000 rw-p 00000000 00:00 0 
2b4a907c2000-2b4a94000000 ---p 00000000 00:00 0 
2b4a94000000-2b4a947c2000 rw-p 00000000 00:00 0 
2b4a947c2000-2b4a98000000 ---p 00000000 00:00 0 
2b4a98000000-2b4a987c2000 rw-p 00000000 00:00 0 
2b4a987c2000-2b4a9c000000 ---p 00000000 00:00 0 
2b4a9c000000-2b4a9c7c2000 rw-p 00000000 00:00 0 
2b4a9c7c2000-2b4aa0000000 ---p 00000000 00:00 0 
2b4aa0000000-2b4aa07c2000 rw-p 00000000 00:00 0 
2b4aa07c2000-2b4aa4000000 ---p 00000000 00:00 0 
2b4aa4000000-2b4aa47c2000 rw-p 00000000 00:00 0 
2b4aa47c2000-2b4aa8000000 ---p 00000000 00:00 0 
2b4aa8000000-2b4aa87c2000 rw-p 00000000 00:00 0 
2b4aa87c2000-2b4aac000000 ---p 00000000 00:00 0 
2b4aac000000-2b4aac7c2000 rw-p 00000000 00:00 0 
2b4aac7c2000-2b4ab0000000 ---p 00000000 00:00 0 
2b4ab0000000-2b4ab07c2000 rw-p 00000000 00:00 0 
2b4ab07c2000-2b4ab4000000 ---p 00000000 00:00 0 
2b4ab4000000-2b4ab47c2000 rw-p 00000000 00:00 0 
2b4ab47c2000-2b4ab8000000 ---p 00000000 00:00 0 
2b4ab8000000-2b4ab87c2000 rw-p 00000000 00:00 0 
2b4ab87c2000-2b4abc000000 ---p 00000000 00:00 0 
2b4abc000000-2b4abc7c2000 rw-p 00000000 00:00 0 
2b4abc7c2000-2b4ac0000000 ---p 00000000 00:00 0 
2b4ac0000000-2b4ac07c2000 rw-p 00000000 00:00 0 
2b4ac07c2000-2b4ac4000000 ---p 00000000 00:00 0 
2b4ac4000000-2b4ac47c2000 rw-p 00000000 00:00 0 
2b4ac47c2000-2b4ac8000000 ---p 00000000 00:00 0 
2b4ac8000000-2b4ac87c2000 rw-p 00000000 00:00 0 
2b4ac87c2000-2b4acc000000 ---p 00000000 00:00 0 
2b4acc000000-2b4acc7c2000 rw-p 00000000 00:00 0 
2b4acc7c2000-2b4ad0000000 ---p 00000000 00:00 0 
2b4ad0000000-2b4ad07c2000 rw-p 00000000 00:00 0 
2b4ad07c2000-2b4ad4000000 ---p 00000000 00:00 0 
2b4ad4000000-2b4ad47c2000 rw-p 00000000 00:00 0 
2b4ad47c2000-2b4ad8000000 ---p 00000000 00:00 0 
2b4ad8000000-2b4ad87c2000 rw-p 00000000 00:00 0 
2b4ad87c2000-2b4adc000000 ---p 00000000 00:00 0 
2b4adc000000-2b4adc7c2000 rw-p 00000000 00:00 0 
2b4adc7c2000-2b4ae0000000 ---p 00000000 00:00 0 
2b4ae0000000-2b4ae07c2000 rw-p 00000000 00:00 0 
2b4ae07c2000-2b4ae4000000 ---p 00000000 00:00 0 
2b4ae4000000-2b4ae47c2000 rw-p 00000000 00:00 0 
2b4ae47c2000-2b4ae8000000 ---p 00000000 00:00 0 
2b4ae8000000-2b4ae87c2000 rw-p 00000000 00:00 0 
2b4ae87c2000-2b4aec000000 ---p 00000000 00:00 0 
2b4aec000000-2b4aec7c2000 rw-p 00000000 00:00 0 
2b4aec7c2000-2b4af0000000 ---p 00000000 00:00 0 
2b4af0000000-2b4af07c2000 rw-p 00000000 00:00 0 
2b4af07c2000-2b4af4000000 ---p 00000000 00:00 0 
2b4af4000000-2b4af47c2000 rw-p 00000000 00:00 0 
2b4af47c2000-2b4af8000000 ---p 00000000 00:00 0 
2b4af8000000-2b4af87c2000 rw-p 00000000 00:00 0 
2b4af87c2000-2b4afc000000 ---p 00000000 00:00 0 
2b4afc000000-2b4afc7c2000 rw-p 00000000 00:00 0 
2b4afc7c2000-2b4b00000000 ---p 00000000 00:00 0 
2b4b00000000-2b4b007c2000 rw-p 00000000 00:00 0 
2b4b007c2000-2b4b04000000 ---p 00000000 00:00 0 
2b4b04000000-2b4b047c2000 rw-p 00000000 00:00 0 
2b4b047c2000-2b4b08000000 ---p 00000000 00:00 0 
2b4b08000000-2b4b087c2000 rw-p 00000000 00:00 0 
2b4b087c2000-2b4b0c000000 ---p 00000000 00:00 0 
2b4b0c000000-2b4b11f5f000 rw-p 00000000 00:00 0 
2b4b15249000-2b4b1524a000 ---p 00000000 00:00 0 
2b4b1524a000-2b4b1544a000 rw-p 00000000 00:00 0 
2b4b1544a000-2b4b1544b000 ---p 00000000 00:00 0 
2b4b1544b000-2b4b1564b000 rw-p 00000000 00:00 0 
2b4b1564b000-2b4b1564c000 ---p 00000000 00:00 0 
2b4b1564c000-2b4b1584c000 rw-p 00000000 00:00 0 
2b4b1584c000-2b4b1584d000 ---p 00000000 00:00 0 
2b4b1584d000-2b4b15a4d000 rw-p 00000000 00:00 0 
2b4b15a4d000-2b4b15a4e000 ---p 00000000 00:00 0 
2b4b15a4e000-2b4b15c4e000 rw-p 00000000 00:00 0 
2b4b15c4e000-2b4b15c4f000 ---p 00000000 00:00 0 
2b4b15c4f000-2b4b15e4f000 rw-p 00000000 00:00 0 
2b4b15e4f000-2b4b15e50000 ---p 00000000 00:00 0 
2b4b15e50000-2b4b16050000 rw-p 00000000 00:00 0 
2b4b16050000-2b4b16051000 ---p 00000000 00:00 0 
2b4b16051000-2b4b16251000 rw-p 00000000 00:00 0 
2b4b16251000-2b4b16252000 ---p 00000000 00:00 0 
2b4b16252000-2b4b16452000 rw-p 00000000 00:00 0 
2b4b16452000-2b4b16453000 ---p 00000000 00:00 0 
2b4b16453000-2b4b16653000 rw-p 00000000 00:00 0 
2b4b16653000-2b4b16654000 ---p 00000000 00:00 0 
2b4b16654000-2b4b16854000 rw-p 00000000 00:00 0 
2b4b16854000-2b4b16855000 ---p 00000000 00:00 0 
2b4b16855000-2b4b16a55000 rw-p 00000000 00:00 0 
2b4b16a55000-2b4b16a56000 ---p 00000000 00:00 0 
2b4b16a56000-2b4b16c56000 rw-p 00000000 00:00 0 
2b4b16c56000-2b4b16c57000 ---p 00000000 00:00 0 
2b4b16c57000-2b4b16e57000 rw-p 00000000 00:00 0 
2b4b16e57000-2b4b16e58000 ---p 00000000 00:00 0 
2b4b16e58000-2b4b17058000 rw-p 00000000 00:00 0 
2b4b17058000-2b4b17059000 ---p 00000000 00:00 0 
2b4b17059000-2b4b17259000 rw-p 00000000 00:00 0 
2b4b17259000-2b4b1725a000 ---p 00000000 00:00 0 
2b4b1725a000-2b4b1745a000 rw-p 00000000 00:00 0 
2b4b1745a000-2b4b1745b000 ---p 00000000 00:00 0 
2b4b1745b000-2b4b1765b000 rw-p 00000000 00:00 0 
2b4b1765b000-2b4b1765c000 ---p 00000000 00:00 0 
2b4b1765c000-2b4b1785c000 rw-p 00000000 00:00 0 
2b4b18000000-2b4b180cf000 rw-p 00000000 00:00 0 
2b4b180cf000-2b4b1c000000 ---p 00000000 00:00 0 
2b4b1c000000-2b4b1c0c8000 rw-p 00000000 00:00 0 
2b4b1c0c8000-2b4b20000000 ---p 00000000 00:00 0 
2b4b20000000-2b4b200cc000 rw-p 00000000 00:00 0 
2b4b200cc000-2b4b24000000 ---p 00000000 00:00 0 
2b4b24000000-2b4b240c4000 rw-p 00000000 00:00 0 
2b4b240c4000-2b4b28000000 ---p 00000000 00:00 0 
2b4b28000000-2b4b280c9000 rw-p 00000000 00:00 0 
2b4b280c9000-2b4b2c000000 ---p 00000000 00:00 0 
2b4b2c000000-2b4b2c0c8000 rw-p 00000000 00:00 0 
2b4b2c0c8000-2b4b30000000 ---p 00000000 00:00 0 
2b4b30000000-2b4b300c7000 rw-p 00000000 00:00 0 
2b4b300c7000-2b4b34000000 ---p 00000000 00:00 0 
2b4b34000000-2b4b340c5000 rw-p 00000000 00:00 0 
2b4b340c5000-2b4b38000000 ---p 00000000 00:00 0 
2b4b38000000-2b4b380c4000 rw-p 00000000 00:00 0 
2b4b380c4000-2b4b3c000000 ---p 00000000 00:00 0 
2b4b3c000000-2b4b3c0c6000 rw-p 00000000 00:00 0 
2b4b3c0c6000-2b4b40000000 ---p 00000000 00:00 0 
2b4b40000000-2b4b400c5000 rw-p 00000000 00:00 0 
2b4b400c5000-2b4b44000000 ---p 00000000 00:00 0 
2b4b44000000-2b4b440cb000 rw-p 00000000 00:00 0 
2b4b440cb000-2b4b48000000 ---p 00000000 00:00 0 
2b4b48000000-2b4b480c6000 rw-p 00000000 00:00 0 
2b4b480c6000-2b4b4c000000 ---p 00000000 00:00 0 
2b4b4c000000-2b4b4c0c4000 rw-p 00000000 00:00 0 
2b4b4c0c4000-2b4b50000000 ---p 00000000 00:00 0 
2b4b50000000-2b4b500c5000 rw-p 00000000 00:00 0 
2b4b500c5000-2b4b54000000 ---p 00000000 00:00 0 
2b4b54000000-2b4b540c8000 rw-p 00000000 00:00 0 
2b4b540c8000-2b4b58000000 ---p 00000000 00:00 0 
2b4b58000000-2b4b580c9000 rw-p 00000000 00:00 0 
2b4b580c9000-2b4b5c000000 ---p 00000000 00:00 0 
2b4b5c000000-2b4b5c0c7000 rw-p 00000000 00:00 0 
2b4b5c0c7000-2b4b60000000 ---p 00000000 00:00 0 
2b4b60000000-2b4b600c8000 rw-p 00000000 00:00 0 
2b4b600c8000-2b4b64000000 ---p 00000000 00:00 0 
2b4b64000000-2b4b640ca000 rw-p 00000000 00:00 0 
2b4b640ca000-2b4b68000000 ---p 00000000 00:00 0 
2b4b68000000-2b4b680c2000 rw-p 00000000 00:00 0 
2b4b680c2000-2b4b6c000000 ---p 00000000 00:00 0 
2b4b6c000000-2b4b6c0c3000 rw-p 00000000 00:00 0 
2b4b6c0c3000-2b4b70000000 ---p 00000000 00:00 0 
2b4b70000000-2b4b700c6000 rw-p 00000000 00:00 0 
2b4b700c6000-2b4b74000000 ---p 00000000 00:00 0 
2b4b74000000-2b4b740c6000 rw-p 00000000 00:00 0 
2b4b740c6000-2b4b78000000 ---p 00000000 00:00 0 
2b4b78000000-2b4b780c4000 rw-p 00000000 00:00 0 
2b4b780c4000-2b4b7c000000 ---p 00000000 00:00 0 
2b4b7c000000-2b4b7c0c2000 rw-p 00000000 00:00 0 
2b4b7c0c2000-2b4b80000000 ---p 00000000 00:00 0 
2b4b80000000-2b4b800c7000 rw-p 00000000 00:00 0 
2b4b800c7000-2b4b84000000 ---p 00000000 00:00 0 
2b4b84000000-2b4b840c9000 rw-p 00000000 00:00 0 
2b4b840c9000-2b4b88000000 ---p 00000000 00:00 0 
2b4b88000000-2b4b880d0000 rw-p 00000000 00:00 0 
2b4b880d0000-2b4b8c000000 ---p 00000000 00:00 0 
2b4b8c000000-2b4b8c0c6000 rw-p 00000000 00:00 0 
2b4b8c0c6000-2b4b90000000 ---p 00000000 00:00 0 
2b4b90000000-2b4b900c5000 rw-p 00000000 00:00 0 
2b4b900c5000-2b4b94000000 ---p 00000000 00:00 0 
2b4b94000000-2b4b940c1000 rw-p 00000000 00:00 0 
2b4b940c1000-2b4b98000000 ---p 00000000 00:00 0 
2b4b98000000-2b4b980c9000 rw-p 00000000 00:00 0 
2b4b980c9000-2b4b9c000000 ---p 00000000 00:00 0 
2b4b9c000000-2b4b9c0c4000 rw-p 00000000 00:00 0 
2b4b9c0c4000-2b4ba0000000 ---p 00000000 00:00 0 
2b4ba0000000-2b4ba00c1000 rw-p 00000000 00:00 0 
2b4ba00c1000-2b4ba4000000 ---p 00000000 00:00 0 
2b4ba4000000-2b4ba40d1000 rw-p 00000000 00:00 0 
2b4ba40d1000-2b4ba8000000 ---p 00000000 00:00 0 
2b4ba8000000-2b4ba80c9000 rw-p 00000000 00:00 0 
2b4ba80c9000-2b4bac000000 ---p 00000000 00:00 0 
2b4bac000000-2b4bac0cc000 rw-p 00000000 00:00 0 
2b4bac0cc000-2b4bb0000000 ---p 00000000 00:00 0 
2b4bb0000000-2b4bb00c9000 rw-p 00000000 00:00 0 
2b4bb00c9000-2b4bb4000000 ---p 00000000 00:00 0 
2b4bb4000000-2b4bb40c5000 rw-p 00000000 00:00 0 
2b4bb40c5000-2b4bb8000000 ---p 00000000 00:00 0 
2b4bb8000000-2b4bb80c3000 rw-p 00000000 00:00 0 
2b4bb80c3000-2b4bbc000000 ---p 00000000 00:00 0 
2b4bbc000000-2b4bbc0cb000 rw-p 00000000 00:00 0 
2b4bbc0cb000-2b4bc0000000 ---p 00000000 00:00 0 
2b4bc0000000-2b4bc00cd000 rw-p 00000000 00:00 0 
2b4bc00cd000-2b4bc4000000 ---p 00000000 00:00 0 
2b4bc4000000-2b4bc40ca000 rw-p 00000000 00:00 0 
2b4bc40ca000-2b4bc8000000 ---p 00000000 00:00 0 
2b4bc8000000-2b4bc80c1000 rw-p 00000000 00:00 0 
2b4bc80c1000-2b4bcc000000 ---p 00000000 00:00 0 
2b4bcc000000-2b4bcc0c5000 rw-p 00000000 00:00 0 
2b4bcc0c5000-2b4bd0000000 ---p 00000000 00:00 0 
2b4bd0000000-2b4bd00ca000 rw-p 00000000 00:00 0 
2b4bd00ca000-2b4bd4000000 ---p 00000000 00:00 0 
2b4bd4000000-2b4bd40c5000 rw-p 00000000 00:00 0 
2b4bd40c5000-2b4bd8000000 ---p 00000000 00:00 0 
2b4bd8000000-2b4bd80c2000 rw-p 00000000 00:00 0 
2b4bd80c2000-2b4bdc000000 ---p 00000000 00:00 0 
2b4bdc000000-2b4bdc0c4000 rw-p 00000000 00:00 0 
2b4bdc0c4000-2b4be0000000 ---p 00000000 00:00 0 
2b4be0000000-2b4be00c7000 rw-p 00000000 00:00 0 
2b4be00c7000-2b4be4000000 ---p 00000000 00:00 0 
2b4be4000000-2b4be40c6000 rw-p 00000000 00:00 0 
2b4be40c6000-2b4be8000000 ---p 00000000 00:00 0 
2b4be8000000-2b4be80c8000 rw-p 00000000 00:00 0 
2b4be80c8000-2b4bec000000 ---p 00000000 00:00 0 
2b4bec000000-2b4bec0c6000 rw-p 00000000 00:00 0 
2b4bec0c6000-2b4bf0000000 ---p 00000000 00:00 0 
2b4bf0000000-2b4bf00c8000 rw-p 00000000 00:00 0 
2b4bf00c8000-2b4bf4000000 ---p 00000000 00:00 0 
2b4bf4000000-2b4bf40c4000 rw-p 00000000 00:00 0 
2b4bf40c4000-2b4bf8000000 ---p 00000000 00:00 0 
2b4bf8000000-2b4bf80cb000 rw-p 00000000 00:00 0 
2b4bf80cb000-2b4bfc000000 ---p 00000000 00:00 0 
2b4bfc000000-2b4bfc0cb000 rw-p 00000000 00:00 0 
2b4bfc0cb000-2b4c00000000 ---p 00000000 00:00 0 
2b4c00000000-2b4c000c7000 rw-p 00000000 00:00 0 
2b4c000c7000-2b4c04000000 ---p 00000000 00:00 0 
2b4c04000000-2b4c040c6000 rw-p 00000000 00:00 0 
2b4c040c6000-2b4c08000000 ---p 00000000 00:00 0 
2b4c08000000-2b4c080c5000 rw-p 00000000 00:00 0 
2b4c080c5000-2b4c0c000000 ---p 00000000 00:00 0 
2b4c0c000000-2b4c0c0c7000 rw-p 00000000 00:00 0 
2b4c0c0c7000-2b4c10000000 ---p 00000000 00:00 0 
2b4c10000000-2b4c100c7000 rw-p 00000000 00:00 0 
2b4c100c7000-2b4c14000000 ---p 00000000 00:00 0 
2b4c14000000-2b4c140c5000 rw-p 00000000 00:00 0 
2b4c140c5000-2b4c18000000 ---p 00000000 00:00 0 
2b4c18000000-2b4c180c2000 rw-p 00000000 00:00 0 
2b4c180c2000-2b4c1c000000 ---p 00000000 00:00 0 
2b4c1c000000-2b4c1c0c2000 rw-p 00000000 00:00 0 
2b4c1c0c2000-2b4c20000000 ---p 00000000 00:00 0 
2b4c20000000-2b4c200c7000 rw-p 00000000 00:00 0 
2b4c200c7000-2b4c24000000 ---p 00000000 00:00 0 
2b4c24000000-2b4c240cb000 rw-p 00000000 00:00 0 
2b4c240cb000-2b4c28000000 ---p 00000000 00:00 0 
2b4c28000000-2b4c280c4000 rw-p 00000000 00:00 0 
2b4c280c4000-2b4c2c000000 ---p 00000000 00:00 0 
2b4c2c000000-2b4c2c0c6000 rw-p 00000000 00:00 0 
2b4c2c0c6000-2b4c30000000 ---p 00000000 00:00 0 
2b4c30000000-2b4c300c9000 rw-p 00000000 00:00 0 
2b4c300c9000-2b4c34000000 ---p 00000000 00:00 0 
2b4c34000000-2b4c340c7000 rw-p 00000000 00:00 0 
2b4c340c7000-2b4c38000000 ---p 00000000 00:00 0 
2b4c38000000-2b4c380c9000 rw-p 00000000 00:00 0 
2b4c380c9000-2b4c3c000000 ---p 00000000 00:00 0 
2b4c3c000000-2b4c3c0c7000 rw-p 00000000 00:00 0 
2b4c3c0c7000-2b4c40000000 ---p 00000000 00:00 0 
2b4c40000000-2b4c400c6000 rw-p 00000000 00:00 0 
2b4c400c6000-2b4c44000000 ---p 00000000 00:00 0 
2b4c44000000-2b4c440c8000 rw-p 00000000 00:00 0 
2b4c440c8000-2b4c48000000 ---p 00000000 00:00 0 
2b4c48000000-2b4c480c9000 rw-p 00000000 00:00 0 
2b4c480c9000-2b4c4c000000 ---p 00000000 00:00 0 
2b4c4c000000-2b4c4c0c4000 rw-p 00000000 00:00 0 
2b4c4c0c4000-2b4c50000000 ---p 00000000 00:00 0 
2b4c50000000-2b4c500c6000 rw-p 00000000 00:00 0 
2b4c500c6000-2b4c54000000 ---p 00000000 00:00 0 
2b4c54000000-2b4c540c6000 rw-p 00000000 00:00 0 
2b4c540c6000-2b4c58000000 ---p 00000000 00:00 0 
2b4c58000000-2b4c580c7000 rw-p 00000000 00:00 0 
2b4c580c7000-2b4c5c000000 ---p 00000000 00:00 0 
2b4c5c000000-2b4c5c0ca000 rw-p 00000000 00:00 0 
2b4c5c0ca000-2b4c60000000 ---p 00000000 00:00 0 
2b4c60000000-2b4c600c8000 rw-p 00000000 00:00 0 
2b4c600c8000-2b4c64000000 ---p 00000000 00:00 0 
2b4c64000000-2b4c640c7000 rw-p 00000000 00:00 0 
2b4c640c7000-2b4c68000000 ---p 00000000 00:00 0 
2b4c68000000-2b4c680c6000 rw-p 00000000 00:00 0 
2b4c680c6000-2b4c6c000000 ---p 00000000 00:00 0 
2b4c6c000000-2b4c6c0c5000 rw-p 00000000 00:00 0 
2b4c6c0c5000-2b4c70000000 ---p 00000000 00:00 0 
2b4c70000000-2b4c700c7000 rw-p 00000000 00:00 0 
2b4c700c7000-2b4c74000000 ---p 00000000 00:00 0 
2b4c74000000-2b4c740c4000 rw-p 00000000 00:00 0 
2b4c740c4000-2b4c78000000 ---p 00000000 00:00 0 
2b4c78000000-2b4c780ca000 rw-p 00000000 00:00 0 
2b4c780ca000-2b4c7c000000 ---p 00000000 00:00 0 
2b4c7c000000-2b4c7c0c5000 rw-p 00000000 00:00 0 
2b4c7c0c5000-2b4c80000000 ---p 00000000 00:00 0 
2b4c80000000-2b4c800c7000 rw-p 00000000 00:00 0 
2b4c800c7000-2b4c84000000 ---p 00000000 00:00 0 
2b4c84000000-2b4c840c5000 rw-p 00000000 00:00 0 
2b4c840c5000-2b4c88000000 ---p 00000000 00:00 0 
2b4c88000000-2b4c880c6000 rw-p 00000000 00:00 0 
2b4c880c6000-2b4c8c000000 ---p 00000000 00:00 0 
2b4c8c000000-2b4c8c0c5000 rw-p 00000000 00:00 0 
2b4c8c0c5000-2b4c90000000 ---p 00000000 00:00 0 
2b4c90000000-2b4c900cf000 rw-p 00000000 00:00 0 
2b4c900cf000-2b4c94000000 ---p 00000000 00:00 0 
2b4c94000000-2b4c940cb000 rw-p 00000000 00:00 0 
2b4c940cb000-2b4c98000000 ---p 00000000 00:00 0 
7fff6167a000-7fff6169e000 rw-p 00000000 00:00 0                          [stack]
7fff616b1000-7fff616b3000 r-xp 00000000 00:00 0                          [vdso]
ffffffffff600000-ffffffffff601000 r-xp 00000000 00:00 0                  [vsyscall]

******************************************************************************************************
                                                                                    1180-4:12:14
*****************************************************************************************************


Command terminated by signal 6
	Command being timed: "./lgo text-to-image 100 1 6 0.1 1.0 12"
	User time (seconds): 625.36
	System time (seconds): 7.39
	Percent of CPU this job got: 97%
	Elapsed (wall clock) time (h:mm:ss or m:ss): 10:51.97
	Average shared text size (kbytes): 0
	Average unshared data size (kbytes): 0
	Average stack size (kbytes): 0
	Average total size (kbytes): 0
	Maximum resident set size (kbytes): 2597548
	Average resident set size (kbytes): 0
	Major (requiring I/O) page faults: 2
	Minor (reclaiming a frame) page faults: 3715781
	Voluntary context switches: 362358
	Involuntary context switches: 150550
	Swaps: 0
	File system inputs: 1573664
	File system outputs: 5582760
	Socket messages sent: 0
	Socket messages received: 0
	Signals delivered: 0
	Page size (bytes): 4096
	Exit status: 0
