C++17!
Using LSH-Graph for text-to-image ...
c=        1.5
k=        100
L=        2
K=        12
T=        12
lsh_UB=   0
LOADING DATA...
Load from new file: /users/PAS2671/kabir36/kabir/similarity-search/dataset/text-to-image/
N=    1000000
dim=  200

LOADING TIME: 1.15648s.

LOADING BENMARK...
LOADING TIME: 0.000498s.

mkdir: missing operand
Try 'mkdir --help' for more information.

START HASHING...

SETTING HASH PARAMETER...
SETTING TIME: 9.9e-05s.

COMPUTING HASH...
COMPUTING TIME: 1.28051s.

[1m[31mWARNING:
[31mRanges of hash values is too LARGE. 
Please increase W at least 1times.
[0m[31mOld W=    0.3
New W=    0.321914
Increase  1.07305times.
[0mCONSTRUCTING GRAPH...

0%   10   20   30   40   50   60   70   80   90   100%
|----|----|----|----|----|----|----|----|----|----|
***************************************************
CONSTRUCTING TIME: 515.83s.

SAVING GRAPH...
SAVING TIME: 1.05377s.

dist=0.682247, cnt=18.351770, unique=1, std=4.732692, Recall=0.000000
cc=635.908203, pruning=0.131300

Loading FastGraph...
*******************************************************************************************************
The result of LSH-G for text-to-image is as follow: k=100, probQ = 0.9, L = 2, K = 12, T = 12
******************************************************************************************************
     algName       k      ef        Time      Recall        Cost        CPQ1        CPQ2     Pruning

       fastG     100     200     1.62922      0.9562     1395.19     125.589     1520.78    0.175976

Command terminated by signal 11
	Command being timed: "./lgo text-to-image 100 2 12 0.1 1.0 12"
	User time (seconds): 513.93
	System time (seconds): 6.23
	Percent of CPU this job got: 99%
	Elapsed (wall clock) time (h:mm:ss or m:ss): 8:43.67
	Average shared text size (kbytes): 0
	Average unshared data size (kbytes): 0
	Average stack size (kbytes): 0
	Average total size (kbytes): 0
	Maximum resident set size (kbytes): 2372412
	Average resident set size (kbytes): 0
	Major (requiring I/O) page faults: 0
	Minor (reclaiming a frame) page faults: 2701986
	Voluntary context switches: 584964
	Involuntary context switches: 124517
	Swaps: 0
	File system inputs: 0
	File system outputs: 3700616
	Socket messages sent: 0
	Socket messages received: 0
	Signals delivered: 0
	Page size (bytes): 4096
	Exit status: 0
