C++17!
Using LSH-Graph for text-to-image ...
c=        1.5
k=        100
L=        2
K=        6
T=        12
lsh_UB=   0
LOADING DATA...
Load from new file: /users/PAS2671/kabir36/kabir/similarity-search/dataset/text-to-image/
N=    1000000
dim=  200

LOADING TIME: 1.15183s.

LOADING BENMARK...
LOADING TIME: 0.000505s.

mkdir: missing operand
Try 'mkdir --help' for more information.

START HASHING...

SETTING HASH PARAMETER...
SETTING TIME: 5.8e-05s.

COMPUTING HASH...
COMPUTING TIME: 0.615242s.

[31mOld W=    0.3
New W=    0.3
Increase  1times.
[0mCONSTRUCTING GRAPH...

0%   10   20   30   40   50   60   70   80   90   100%
|----|----|----|----|----|----|----|----|----|----|
***************************************************
CONSTRUCTING TIME: 550.431s.

SAVING GRAPH...
SAVING TIME: 0.960041s.

dist=0.691018, cnt=18.349028, unique=1, std=4.729665, Recall=0.000000
cc=691.158508, pruning=0.093091

Loading FastGraph...
*******************************************************************************************************
The result of LSH-G for text-to-image is as follow: k=100, probQ = 0.9, L = 2, K = 6, T = 12
******************************************************************************************************
     algName       k      ef        Time      Recall        Cost        CPQ1        CPQ2     Pruning

       fastG     100     200     0.85804      0.9507     1445.03     62.5625     1507.59    0.142627

*** Error in `./lgo': free(): invalid pointer: 0x0000000030a46791 ***
======= Backtrace: =========
/lib64/libc.so.6(+0x81329)[0x2b0a47d2e329]
./lgo[0x40bb5e]
./lgo[0x408415]
/lib64/libc.so.6(__libc_start_main+0xf5)[0x2b0a47ccf555]
./lgo[0x408e0c]
======= Memory map: ========
00400000-00449000 r-xp 00000000 00:38 1794793                            /users/PAS2671/kabir36/kabir/similarity-search/models/LSH-APG/cppCode/LSH-APG/lgo
00648000-0064a000 r--p 00048000 00:38 1794793                            /users/PAS2671/kabir36/kabir/similarity-search/models/LSH-APG/cppCode/LSH-APG/lgo
0064a000-0064b000 rw-p 0004a000 00:38 1794793                            /users/PAS2671/kabir36/kabir/similarity-search/models/LSH-APG/cppCode/LSH-APG/lgo
00eba000-68442000 rw-p 00000000 00:00 0                                  [heap]
2b0a4695f000-2b0a46981000 r-xp 00000000 00:24 3428292698                 /usr/lib64/ld-2.17.so
2b0a46981000-2b0a46988000 rw-p 00000000 00:00 0 
2b0a469ce000-2b0a469d5000 rw-p 00000000 00:00 0 
2b0a46b80000-2b0a46b81000 r--p 00021000 00:24 3428292698                 /usr/lib64/ld-2.17.so
2b0a46b81000-2b0a46b82000 rw-p 00022000 00:24 3428292698                 /usr/lib64/ld-2.17.so
2b0a46b82000-2b0a46b83000 rw-p 00000000 00:00 0 
2b0a46b83000-2b0a46bbb000 r-xp 00000000 00:2c 19202863                   /apps/xalt/2.10.29/lib64/libxalt_init.so
2b0a46bbb000-2b0a46dbb000 ---p 00038000 00:2c 19202863                   /apps/xalt/2.10.29/lib64/libxalt_init.so
2b0a46dbb000-2b0a46dbc000 r--p 00038000 00:2c 19202863                   /apps/xalt/2.10.29/lib64/libxalt_init.so
2b0a46dbc000-2b0a46dbd000 rw-p 00039000 00:2c 19202863                   /apps/xalt/2.10.29/lib64/libxalt_init.so
2b0a46dbd000-2b0a46dbe000 rw-p 00000000 00:00 0 
2b0a46dbe000-2b0a46dc5000 r-xp 00000000 00:24 3428781212                 /usr/lib64/librt-2.17.so
2b0a46dc5000-2b0a46fc4000 ---p 00007000 00:24 3428781212                 /usr/lib64/librt-2.17.so
2b0a46fc4000-2b0a46fc5000 r--p 00006000 00:24 3428781212                 /usr/lib64/librt-2.17.so
2b0a46fc5000-2b0a46fc6000 rw-p 00007000 00:24 3428781212                 /usr/lib64/librt-2.17.so
2b0a46fc6000-2b0a4713a000 r-xp 00000000 00:2c 7905980                    /apps/gnu/8.4.0/lib64/libstdc++.so.6.0.25
2b0a4713a000-2b0a47339000 ---p 00174000 00:2c 7905980                    /apps/gnu/8.4.0/lib64/libstdc++.so.6.0.25
2b0a47339000-2b0a47343000 r--p 00173000 00:2c 7905980                    /apps/gnu/8.4.0/lib64/libstdc++.so.6.0.25
2b0a47343000-2b0a47345000 rw-p 0017d000 00:2c 7905980                    /apps/gnu/8.4.0/lib64/libstdc++.so.6.0.25
2b0a47345000-2b0a47349000 rw-p 00000000 00:00 0 
2b0a47349000-2b0a4744a000 r-xp 00000000 00:24 3428781161                 /usr/lib64/libm-2.17.so
2b0a4744a000-2b0a47649000 ---p 00101000 00:24 3428781161                 /usr/lib64/libm-2.17.so
2b0a47649000-2b0a4764a000 r--p 00100000 00:24 3428781161                 /usr/lib64/libm-2.17.so
2b0a4764a000-2b0a4764b000 rw-p 00101000 00:24 3428781161                 /usr/lib64/libm-2.17.so
2b0a4764b000-2b0a47678000 r-xp 00000000 00:2c 5669150                    /apps/gnu/8.4.0/lib64/libgomp.so.1.0.0
2b0a47678000-2b0a47877000 ---p 0002d000 00:2c 5669150                    /apps/gnu/8.4.0/lib64/libgomp.so.1.0.0
2b0a47877000-2b0a47878000 r--p 0002c000 00:2c 5669150                    /apps/gnu/8.4.0/lib64/libgomp.so.1.0.0
2b0a47878000-2b0a47879000 rw-p 0002d000 00:2c 5669150                    /apps/gnu/8.4.0/lib64/libgomp.so.1.0.0
2b0a47879000-2b0a47890000 r-xp 00000000 00:2c 5669148                    /apps/gnu/8.4.0/lib64/libgcc_s.so.1
2b0a47890000-2b0a47a8f000 ---p 00017000 00:2c 5669148                    /apps/gnu/8.4.0/lib64/libgcc_s.so.1
2b0a47a8f000-2b0a47a90000 r--p 00016000 00:2c 5669148                    /apps/gnu/8.4.0/lib64/libgcc_s.so.1
2b0a47a90000-2b0a47a91000 rw-p 00017000 00:2c 5669148                    /apps/gnu/8.4.0/lib64/libgcc_s.so.1
2b0a47a91000-2b0a47aa8000 r-xp 00000000 00:24 3428781193                 /usr/lib64/libpthread-2.17.so
2b0a47aa8000-2b0a47ca7000 ---p 00017000 00:24 3428781193                 /usr/lib64/libpthread-2.17.so
2b0a47ca7000-2b0a47ca8000 r--p 00016000 00:24 3428781193                 /usr/lib64/libpthread-2.17.so
2b0a47ca8000-2b0a47ca9000 rw-p 00017000 00:24 3428781193                 /usr/lib64/libpthread-2.17.so
2b0a47ca9000-2b0a47cad000 rw-p 00000000 00:00 0 
2b0a47cad000-2b0a47e71000 r-xp 00000000 00:24 3428781146                 /usr/lib64/libc-2.17.so
2b0a47e71000-2b0a48070000 ---p 001c4000 00:24 3428781146                 /usr/lib64/libc-2.17.so
2b0a48070000-2b0a48074000 r--p 001c3000 00:24 3428781146                 /usr/lib64/libc-2.17.so
2b0a48074000-2b0a48076000 rw-p 001c7000 00:24 3428781146                 /usr/lib64/libc-2.17.so
2b0a48076000-2b0a4807b000 rw-p 00000000 00:00 0 
2b0a4807b000-2b0a4807d000 r-xp 00000000 00:24 3428781159                 /usr/lib64/libdl-2.17.so
2b0a4807d000-2b0a4827d000 ---p 00002000 00:24 3428781159                 /usr/lib64/libdl-2.17.so
2b0a4827d000-2b0a4827e000 r--p 00002000 00:24 3428781159                 /usr/lib64/libdl-2.17.so
2b0a4827e000-2b0a4827f000 rw-p 00003000 00:24 3428781159                 /usr/lib64/libdl-2.17.so
2b0a4827f000-2b0a48283000 r-xp 00000000 00:2c 21954920                   /apps/xalt/2.10.29/lib64/libuuid.so.1.3.0
2b0a48283000-2b0a48482000 ---p 00004000 00:2c 21954920                   /apps/xalt/2.10.29/lib64/libuuid.so.1.3.0
2b0a48482000-2b0a48483000 r--p 00003000 00:2c 21954920                   /apps/xalt/2.10.29/lib64/libuuid.so.1.3.0
2b0a48483000-2b0a48484000 rw-p 00004000 00:2c 21954920                   /apps/xalt/2.10.29/lib64/libuuid.so.1.3.0
2b0a48484000-2b0a4e3e3000 rw-p 00000000 00:00 0 
2b0a51ed1000-2b0a51ed2000 ---p 00000000 00:00 0 
2b0a51ed2000-2b0a520d2000 rw-p 00000000 00:00 0 
2b0a520d2000-2b0a520d3000 ---p 00000000 00:00 0 
2b0a520d3000-2b0a522d3000 rw-p 00000000 00:00 0 
2b0a522d3000-2b0a522d4000 ---p 00000000 00:00 0 
2b0a522d4000-2b0a524d4000 rw-p 00000000 00:00 0 
2b0a524d4000-2b0a524d5000 ---p 00000000 00:00 0 
2b0a524d5000-2b0a526d5000 rw-p 00000000 00:00 0 
2b0a526d5000-2b0a526d6000 ---p 00000000 00:00 0 
2b0a526d6000-2b0a528d6000 rw-p 00000000 00:00 0 
2b0a528d6000-2b0a528d7000 ---p 00000000 00:00 0 
2b0a528d7000-2b0a52ad7000 rw-p 00000000 00:00 0 
2b0a52ad7000-2b0a52ad8000 ---p 00000000 00:00 0 
2b0a52ad8000-2b0a52cd8000 rw-p 00000000 00:00 0 
2b0a52cd8000-2b0a52cd9000 ---p 00000000 00:00 0 
2b0a52cd9000-2b0a52ed9000 rw-p 00000000 00:00 0 
2b0a52ed9000-2b0a52eda000 ---p 00000000 00:00 0 
2b0a52eda000-2b0a530da000 rw-p 00000000 00:00 0 
2b0a530da000-2b0a530db000 ---p 00000000 00:00 0 
2b0a530db000-2b0a532db000 rw-p 00000000 00:00 0 
2b0a532db000-2b0a532dc000 ---p 00000000 00:00 0 
2b0a532dc000-2b0a534dc000 rw-p 00000000 00:00 0 
2b0a534dc000-2b0a534dd000 ---p 00000000 00:00 0 
2b0a534dd000-2b0a536dd000 rw-p 00000000 00:00 0 
2b0a536dd000-2b0a536de000 ---p 00000000 00:00 0 
2b0a536de000-2b0a538de000 rw-p 00000000 00:00 0 
2b0a538de000-2b0a538df000 ---p 00000000 00:00 0 
2b0a538df000-2b0a53adf000 rw-p 00000000 00:00 0 
2b0a53adf000-2b0a53ae0000 ---p 00000000 00:00 0 
2b0a53ae0000-2b0a53ce0000 rw-p 00000000 00:00 0 
2b0a53ce0000-2b0a53ce1000 ---p 00000000 00:00 0 
2b0a53ce1000-2b0a53ee1000 rw-p 00000000 00:00 0 
2b0a53ee1000-2b0a53ee2000 ---p 00000000 00:00 0 
2b0a53ee2000-2b0a540e2000 rw-p 00000000 00:00 0 
2b0a540e2000-2b0a540e3000 ---p 00000000 00:00 0 
2b0a540e3000-2b0a542e3000 rw-p 00000000 00:00 0 
2b0a542e3000-2b0a542e4000 ---p 00000000 00:00 0 
2b0a542e4000-2b0a544e4000 rw-p 00000000 00:00 0 
2b0a58000000-2b0a58178000 rw-p 00000000 00:00 0 
2b0a58178000-2b0a5c000000 ---p 00000000 00:00 0 
2b0a5c000000-2b0a5c171000 rw-p 00000000 00:00 0 
2b0a5c171000-2b0a60000000 ---p 00000000 00:00 0 
2b0a60000000-2b0a60175000 rw-p 00000000 00:00 0 
2b0a60175000-2b0a64000000 ---p 00000000 00:00 0 
2b0a64000000-2b0a64171000 rw-p 00000000 00:00 0 
2b0a64171000-2b0a68000000 ---p 00000000 00:00 0 
2b0a68000000-2b0a68171000 rw-p 00000000 00:00 0 
2b0a68171000-2b0a6c000000 ---p 00000000 00:00 0 
2b0a6c000000-2b0a6c17d000 rw-p 00000000 00:00 0 
2b0a6c17d000-2b0a70000000 ---p 00000000 00:00 0 
2b0a70000000-2b0a70172000 rw-p 00000000 00:00 0 
2b0a70172000-2b0a74000000 ---p 00000000 00:00 0 
2b0a74000000-2b0a74175000 rw-p 00000000 00:00 0 
2b0a74175000-2b0a78000000 ---p 00000000 00:00 0 
2b0a78000000-2b0a78177000 rw-p 00000000 00:00 0 
2b0a78177000-2b0a7c000000 ---p 00000000 00:00 0 
2b0a7c000000-2b0a7c175000 rw-p 00000000 00:00 0 
2b0a7c175000-2b0a80000000 ---p 00000000 00:00 0 
2b0a80000000-2b0a80178000 rw-p 00000000 00:00 0 
2b0a80178000-2b0a84000000 ---p 00000000 00:00 0 
2b0a84000000-2b0a8417c000 rw-p 00000000 00:00 0 
2b0a8417c000-2b0a88000000 ---p 00000000 00:00 0 
2b0a88000000-2b0a88177000 rw-p 00000000 00:00 0 
2b0a88177000-2b0a8c000000 ---p 00000000 00:00 0 
2b0a8c000000-2b0a8c172000 rw-p 00000000 00:00 0 
2b0a8c172000-2b0a90000000 ---p 00000000 00:00 0 
2b0a90000000-2b0a90172000 rw-p 00000000 00:00 0 
2b0a90172000-2b0a94000000 ---p 00000000 00:00 0 
2b0a94000000-2b0a94179000 rw-p 00000000 00:00 0 
2b0a94179000-2b0a98000000 ---p 00000000 00:00 0 
2b0a98000000-2b0a98172000 rw-p 00000000 00:00 0 
2b0a98172000-2b0a9c000000 ---p 00000000 00:00 0 
2b0a9c000000-2b0a9c17a000 rw-p 00000000 00:00 0 
2b0a9c17a000-2b0aa0000000 ---p 00000000 00:00 0 
2b0aa0000000-2b0aa0175000 rw-p 00000000 00:00 0 
2b0aa0175000-2b0aa4000000 ---p 00000000 00:00 0 
2b0aa4000000-2b0aa4170000 rw-p 00000000 00:00 0 
2b0aa4170000-2b0aa8000000 ---p 00000000 00:00 0 
2b0aa8000000-2b0aa8176000 rw-p 00000000 00:00 0 
2b0aa8176000-2b0aac000000 ---p 00000000 00:00 0 
2b0aac000000-2b0aac17b000 rw-p 00000000 00:00 0 
2b0aac17b000-2b0ab0000000 ---p 00000000 00:00 0 
2b0ab0000000-2b0ab0176000 rw-p 00000000 00:00 0 
2b0ab0176000-2b0ab4000000 ---p 00000000 00:00 0 
2b0ab4000000-2b0ab4178000 rw-p 00000000 00:00 0 
2b0ab4178000-2b0ab8000000 ---p 00000000 00:00 0 
2b0ab8000000-2b0ab8179000 rw-p 00000000 00:00 0 
2b0ab8179000-2b0abc000000 ---p 00000000 00:00 0 
2b0abc000000-2b0abc173000 rw-p 00000000 00:00 0 
2b0abc173000-2b0ac0000000 ---p 00000000 00:00 0 
2b0ac0000000-2b0ac0170000 rw-p 00000000 00:00 0 
2b0ac0170000-2b0ac4000000 ---p 00000000 00:00 0 
2b0ac4000000-2b0ac4176000 rw-p 00000000 00:00 0 
2b0ac4176000-2b0ac8000000 ---p 00000000 00:00 0 
2b0ac8000000-2b0ac816b000 rw-p 00000000 00:00 0 
2b0ac816b000-2b0acc000000 ---p 00000000 00:00 0 
2b0acc000000-2b0acc176000 rw-p 00000000 00:00 0 
2b0acc176000-2b0ad0000000 ---p 00000000 00:00 0 
2b0ad0000000-2b0ad017a000 rw-p 00000000 00:00 0 
2b0ad017a000-2b0ad4000000 ---p 00000000 00:00 0 
2b0ad4000000-2b0ad417b000 rw-p 00000000 00:00 0 
2b0ad417b000-2b0ad8000000 ---p 00000000 00:00 0 
2b0ad8000000-2b0ad817b000 rw-p 00000000 00:00 0 
2b0ad817b000-2b0adc000000 ---p 00000000 00:00 0 
2b0adc000000-2b0adc173000 rw-p 00000000 00:00 0 
2b0adc173000-2b0ae0000000 ---p 00000000 00:00 0 
2b0ae0000000-2b0ae0170000 rw-p 00000000 00:00 0 
2b0ae0170000-2b0ae4000000 ---p 00000000 00:00 0 
2b0ae4000000-2b0ae417c000 rw-p 00000000 00:00 0 
2b0ae417c000-2b0ae8000000 ---p 00000000 00:00 0 
2b0ae8000000-2b0ae8172000 rw-p 00000000 00:00 0 
2b0ae8172000-2b0aec000000 ---p 00000000 00:00 0 
2b0aec000000-2b0aec179000 rw-p 00000000 00:00 0 
2b0aec179000-2b0af0000000 ---p 00000000 00:00 0 
2b0af0000000-2b0af0179000 rw-p 00000000 00:00 0 
2b0af0179000-2b0af4000000 ---p 00000000 00:00 0 
2b0af4000000-2b0af4175000 rw-p 00000000 00:00 0 
2b0af4175000-2b0af8000000 ---p 00000000 00:00 0 
2b0af8000000-2b0af8170000 rw-p 00000000 00:00 0 
2b0af8170000-2b0afc000000 ---p 00000000 00:00 0 
2b0afc000000-2b0afc171000 rw-p 00000000 00:00 0 
2b0afc171000-2b0b00000000 ---p 00000000 00:00 0 
2b0b00000000-2b0b00173000 rw-p 00000000 00:00 0 
2b0b00173000-2b0b04000000 ---p 00000000 00:00 0 
2b0b04000000-2b0b04179000 rw-p 00000000 00:00 0 
2b0b04179000-2b0b08000000 ---p 00000000 00:00 0 
2b0b08000000-2b0b08172000 rw-p 00000000 00:00 0 
2b0b08172000-2b0b0c000000 ---p 00000000 00:00 0 
2b0b0c000000-2b0b0c178000 rw-p 00000000 00:00 0 
2b0b0c178000-2b0b10000000 ---p 00000000 00:00 0 
2b0b10000000-2b0b1017f000 rw-p 00000000 00:00 0 
2b0b1017f000-2b0b14000000 ---p 00000000 00:00 0 
2b0b14000000-2b0b14172000 rw-p 00000000 00:00 0 
2b0b14172000-2b0b18000000 ---p 00000000 00:00 0 
2b0b18000000-2b0b18175000 rw-p 00000000 00:00 0 
2b0b18175000-2b0b1c000000 ---p 00000000 00:00 0 
2b0b1c000000-2b0b1c174000 rw-p 00000000 00:00 0 
2b0b1c174000-2b0b20000000 ---p 00000000 00:00 0 
2b0b20000000-2b0b2017b000 rw-p 00000000 00:00 0 
2b0b2017b000-2b0b24000000 ---p 00000000 00:00 0 
2b0b24000000-2b0b24173000 rw-p 00000000 00:00 0 
2b0b24173000-2b0b28000000 ---p 00000000 00:00 0 
2b0b28000000-2b0b2817f000 rw-p 00000000 00:00 0 
2b0b2817f000-2b0b2c000000 ---p 00000000 00:00 0 
2b0b2c000000-2b0b2c171000 rw-p 00000000 00:00 0 
2b0b2c171000-2b0b30000000 ---p 00000000 00:00 0 
2b0b30000000-2b0b3017a000 rw-p 00000000 00:00 0 
2b0b3017a000-2b0b34000000 ---p 00000000 00:00 0 
2b0b34000000-2b0b34178000 rw-p 00000000 00:00 0 
2b0b34178000-2b0b38000000 ---p 00000000 00:00 0 
2b0b38000000-2b0b38172000 rw-p 00000000 00:00 0 
2b0b38172000-2b0b3c000000 ---p 00000000 00:00 0 
2b0b3c000000-2b0b3c177000 rw-p 00000000 00:00 0 
2b0b3c177000-2b0b40000000 ---p 00000000 00:00 0 
2b0b40000000-2b0b40172000 rw-p 00000000 00:00 0 
2b0b40172000-2b0b44000000 ---p 00000000 00:00 0 
2b0b44000000-2b0b44171000 rw-p 00000000 00:00 0 
2b0b44171000-2b0b48000000 ---p 00000000 00:00 0 
2b0b48000000-2b0b48176000 rw-p 00000000 00:00 0 
2b0b48176000-2b0b4c000000 ---p 00000000 00:00 0 
2b0b4c000000-2b0b4c175000 rw-p 00000000 00:00 0 
2b0b4c175000-2b0b50000000 ---p 00000000 00:00 0 
2b0b50000000-2b0b50179000 rw-p 00000000 00:00 0 
2b0b50179000-2b0b54000000 ---p 00000000 00:00 0 
2b0b54000000-2b0b54170000 rw-p 00000000 00:00 0 
2b0b54170000-2b0b58000000 ---p 00000000 00:00 0 
2b0b58000000-2b0b58174000 rw-p 00000000 00:00 0 
2b0b58174000-2b0b5c000000 ---p 00000000 00:00 0 
2b0b5c000000-2b0b5c176000 rw-p 00000000 00:00 0 
2b0b5c176000-2b0b60000000 ---p 00000000 00:00 0 
2b0b60000000-2b0b60172000 rw-p 00000000 00:00 0 
2b0b60172000-2b0b64000000 ---p 00000000 00:00 0 
2b0b64000000-2b0b64173000 rw-p 00000000 00:00 0 
2b0b64173000-2b0b68000000 ---p 00000000 00:00 0 
2b0b68000000-2b0b68174000 rw-p 00000000 00:00 0 
2b0b68174000-2b0b6c000000 ---p 00000000 00:00 0 
2b0b6c000000-2b0b6c174000 rw-p 00000000 00:00 0 
2b0b6c174000-2b0b70000000 ---p 00000000 00:00 0 
2b0b70000000-2b0b70171000 rw-p 00000000 00:00 0 
2b0b70171000-2b0b74000000 ---p 00000000 00:00 0 
2b0b74000000-2b0b74179000 rw-p 00000000 00:00 0 
2b0b74179000-2b0b78000000 ---p 00000000 00:00 0 
2b0b78000000-2b0b78173000 rw-p 00000000 00:00 0 
2b0b78173000-2b0b7c000000 ---p 00000000 00:00 0 
2b0b7c000000-2b0b7c177000 rw-p 00000000 00:00 0 
2b0b7c177000-2b0b80000000 ---p 00000000 00:00 0 
2b0b80000000-2b0b80176000 rw-p 00000000 00:00 0 
2b0b80176000-2b0b84000000 ---p 00000000 00:00 0 
2b0b84000000-2b0b8416f000 rw-p 00000000 00:00 0 
2b0b8416f000-2b0b88000000 ---p 00000000 00:00 0 
2b0b88000000-2b0b88178000 rw-p 00000000 00:00 0 
2b0b88178000-2b0b8c000000 ---p 00000000 00:00 0 
2b0b8c000000-2b0b8c16f000 rw-p 00000000 00:00 0 
2b0b8c16f000-2b0b90000000 ---p 00000000 00:00 0 
2b0b90000000-2b0b90178000 rw-p 00000000 00:00 0 
2b0b90178000-2b0b94000000 ---p 00000000 00:00 0 
2b0b94000000-2b0b9417c000 rw-p 00000000 00:00 0 
2b0b9417c000-2b0b98000000 ---p 00000000 00:00 0 
2b0b98000000-2b0b9817d000 rw-p 00000000 00:00 0 
2b0b9817d000-2b0b9c000000 ---p 00000000 00:00 0 
2b0b9c000000-2b0b9c17c000 rw-p 00000000 00:00 0 
2b0b9c17c000-2b0ba0000000 ---p 00000000 00:00 0 
2b0ba0000000-2b0ba0177000 rw-p 00000000 00:00 0 
2b0ba0177000-2b0ba4000000 ---p 00000000 00:00 0 
2b0ba4000000-2b0ba4176000 rw-p 00000000 00:00 0 
2b0ba4176000-2b0ba8000000 ---p 00000000 00:00 0 
2b0ba8000000-2b0ba8176000 rw-p 00000000 00:00 0 
2b0ba8176000-2b0bac000000 ---p 00000000 00:00 0 
2b0bac000000-2b0bac179000 rw-p 00000000 00:00 0 
2b0bac179000-2b0bb0000000 ---p 00000000 00:00 0 
2b0bb0000000-2b0bb0171000 rw-p 00000000 00:00 0 
2b0bb0171000-2b0bb4000000 ---p 00000000 00:00 0 
2b0bb4000000-2b0bb4170000 rw-p 00000000 00:00 0 
2b0bb4170000-2b0bb8000000 ---p 00000000 00:00 0 
2b0bb8000000-2b0bb8176000 rw-p 00000000 00:00 0 
2b0bb8176000-2b0bbc000000 ---p 00000000 00:00 0 
2b0bbc000000-2b0bbc175000 rw-p 00000000 00:00 0 
2b0bbc175000-2b0bc0000000 ---p 00000000 00:00 0 
2b0bc0000000-2b0bc0173000 rw-p 00000000 00:00 0 
2b0bc0173000-2b0bc4000000 ---p 00000000 00:00 0 
2b0bc4000000-2b0bc4171000 rw-p 00000000 00:00 0 
2b0bc4171000-2b0bc8000000 ---p 00000000 00:00 0 
2b0bc8000000-2b0bc817b000 rw-p 00000000 00:00 0 
2b0bc817b000-2b0bcc000000 ---p 00000000 00:00 0 
2b0bcc000000-2b0bcc174000 rw-p 00000000 00:00 0 
2b0bcc174000-2b0bd0000000 ---p 00000000 00:00 0 
2b0bd0000000-2b0bd016d000 rw-p 00000000 00:00 0 
2b0bd016d000-2b0bd4000000 ---p 00000000 00:00 0 
2b0bd4000000-2b0bd416a000 rw-p 00000000 00:00 0 
2b0bd416a000-2b0bd8000000 ---p 00000000 00:00 0 
7ffea2853000-7ffea2877000 rw-p 00000000 00:00 0                          [stack]
7ffea29a2000-7ffea29a4000 r-xp 00000000 00:00 0                          [vdso]
ffffffffff600000-ffffffffff601000 r-xp 00000000 00:00 0                  [vsyscall]

******************************************************************************************************
                                                                                    1180-5:21:17
*****************************************************************************************************


Command terminated by signal 6
	Command being timed: "./lgo text-to-image 100 2 6 0.1 1.0 12"
	User time (seconds): 547.45
	System time (seconds): 6.61
	Percent of CPU this job got: 99%
	Elapsed (wall clock) time (h:mm:ss or m:ss): 9:17.88
	Average shared text size (kbytes): 0
	Average unshared data size (kbytes): 0
	Average stack size (kbytes): 0
	Average total size (kbytes): 0
	Maximum resident set size (kbytes): 1936732
	Average resident set size (kbytes): 0
	Major (requiring I/O) page faults: 0
	Minor (reclaiming a frame) page faults: 3378342
	Voluntary context switches: 608123
	Involuntary context switches: 132064
	Swaps: 0
	File system inputs: 0
	File system outputs: 4329952
	Socket messages sent: 0
	Socket messages received: 0
	Signals delivered: 0
	Page size (bytes): 4096
	Exit status: 0
