C++17!
Using LSH-Graph for text-to-image ...
c=        1.5
k=        100
L=        2
K=        12
T=        24
lsh_UB=   0
LOADING DATA...
Load from new file: /users/PAS2671/kabir36/kabir/similarity-search/dataset/text-to-image/
N=    1000000
dim=  200

LOADING TIME: 1.18118s.

LOADING BENMARK...
LOADING TIME: 0.000666s.

mkdir: missing operand
Try 'mkdir --help' for more information.

START HASHING...

SETTING HASH PARAMETER...
SETTING TIME: 0.000104s.

COMPUTING HASH...
COMPUTING TIME: 1.29902s.

[1m[31mWARNING:
[31mRanges of hash values is too LARGE. 
Please increase W at least 1times.
[0m[31mOld W=    0.3
New W=    0.321914
Increase  1.07305times.
[0mCONSTRUCTING GRAPH...

0%   10   20   30   40   50   60   70   80   90   100%
|----|----|----|----|----|----|----|----|----|----|
***************************************************
CONSTRUCTING TIME: 823.279s.

SAVING GRAPH...
SAVING TIME: 1.33276s.

dist=0.712905, cnt=37.084377, unique=1, std=9.266722, Recall=0.000000
cc=979.160156, pruning=0.183068

Loading FastGraph...
*******************************************************************************************************
The result of LSH-G for text-to-image is as follow: k=100, probQ = 0.9, L = 2, K = 12, T = 24
******************************************************************************************************
     algName       k      ef        Time      Recall        Cost        CPQ1        CPQ2     Pruning

       fastG     100     200     1.21552      0.9808     1943.35     181.071     2124.42    0.257653

Command terminated by signal 11
	Command being timed: "./lgo text-to-image 100 2 12 0.1 1.0 24"
	User time (seconds): 816.42
	System time (seconds): 10.67
	Percent of CPU this job got: 99%
	Elapsed (wall clock) time (h:mm:ss or m:ss): 13:51.64
	Average shared text size (kbytes): 0
	Average unshared data size (kbytes): 0
	Average stack size (kbytes): 0
	Average total size (kbytes): 0
	Maximum resident set size (kbytes): 2376120
	Average resident set size (kbytes): 0
	Major (requiring I/O) page faults: 0
	Minor (reclaiming a frame) page faults: 7793632
	Voluntary context switches: 715390
	Involuntary context switches: 187586
	Swaps: 0
	File system inputs: 0
	File system outputs: 4000616
	Socket messages sent: 0
	Socket messages received: 0
	Signals delivered: 0
	Page size (bytes): 4096
	Exit status: 0
