C++17!
Using LSH-Graph for tiny5m ...
c=        1.5
k=        100
L=        2
K=        6
T=        12
lsh_UB=   0
LOADING DATA...
Command terminated by signal 9
	Command being timed: "./lgo tiny5m 100 2 6 0.1 1.0 12"
	User time (seconds): 1.90
	System time (seconds): 6.34
	Percent of CPU this job got: 29%
	Elapsed (wall clock) time (h:mm:ss or m:ss): 0:28.39
	Average shared text size (kbytes): 0
	Average unshared data size (kbytes): 0
	Average stack size (kbytes): 0
	Average total size (kbytes): 0
	Maximum resident set size (kbytes): 4666120
	Average resident set size (kbytes): 0
	Major (requiring I/O) page faults: 135
	Minor (reclaiming a frame) page faults: 1173028
	Voluntary context switches: 4195
	Involuntary context switches: 13726
	Swaps: 0
	File system inputs: 9185528
	File system outputs: 8
	Socket messages sent: 0
	Socket messages received: 0
	Signals delivered: 0
	Page size (bytes): 4096
	Exit status: 0
