C++17!
Using LSH-Graph for trevi ...
c=        1.5
k=        20
L=        2
K=        6
T=        12
lsh_UB=   0
LOADING DATA...
Load from new file: /users/PAS2671/kabir36/kabir/similarity-search/dataset/trevi/
N=    99900
dim=  4096

LOADING TIME: 4.01213s.

LOADING BENMARK...
LOADING TIME: 0.000603s.

mkdir: missing operand
Try 'mkdir --help' for more information.

START HASHING...

SETTING HASH PARAMETER...
SETTING TIME: 0.000935s.

COMPUTING HASH...
COMPUTING TIME: 0.613233s.

[1m[31mWARNING:
[31mRanges of hash values is too LARGE. 
Please increase W at least 1times.
[0m[31mOld W=    0.3
New W=    42.1586
Increase  140.529times.
[0mCONSTRUCTING GRAPH...

0%   10   20   30   40   50   60   70   80   90   100%
|----|----|----|----|----|----|----|----|----|----|
***************************************************
CONSTRUCTING TIME: 128.649s.

SAVING GRAPH...
SAVING TIME: 0.0929s.

dist=1978.818970, cnt=15.608999, unique=1, std=4.501588, Recall=0.497302
cc=624.000488, pruning=0.103148

Loading FastGraph...
*******************************************************************************************************
The result of LSH-G for trevi is as follow: k=20, probQ = 0.9, L = 2, K = 6, T = 12
******************************************************************************************************
     algName       k      ef        Time      Recall        Cost        CPQ1        CPQ2     Pruning

       fastG      20     200     3.11336       0.947     1581.61     14.6744     1596.28    0.133718


******************************************************************************************************
                                                                                    1180-4:21:25
*****************************************************************************************************


	Command being timed: "./lgo trevi 20 2 6 0.1 1.0 12"
	User time (seconds): 128.89
	System time (seconds): 3.05
	Percent of CPU this job got: 98%
	Elapsed (wall clock) time (h:mm:ss or m:ss): 2:14.06
	Average shared text size (kbytes): 0
	Average unshared data size (kbytes): 0
	Average stack size (kbytes): 0
	Average total size (kbytes): 0
	Maximum resident set size (kbytes): 3231484
	Average resident set size (kbytes): 0
	Major (requiring I/O) page faults: 0
	Minor (reclaiming a frame) page faults: 2104033
	Voluntary context switches: 99260
	Involuntary context switches: 27521
	Swaps: 0
	File system inputs: 397880
	File system outputs: 42336
	Socket messages sent: 0
	Socket messages received: 0
	Signals delivered: 0
	Page size (bytes): 4096
	Exit status: 0
