C++17!
Using LSH-Graph for trevi ...
c=        1.5
k=        20
L=        1
K=        18
T=        12
lsh_UB=   0
LOADING DATA...
Load from new file: /users/PAS2671/kabir36/kabir/similarity-search/dataset/trevi/
N=    99900
dim=  4096

LOADING TIME: 3.63987s.

LOADING BENMARK...
LOADING TIME: 0.000635s.

mkdir: missing operand
Try 'mkdir --help' for more information.

START HASHING...

SETTING HASH PARAMETER...
SETTING TIME: 0.001347s.

COMPUTING HASH...
COMPUTING TIME: 0.840753s.

[1m[31mWARNING:
[31mRanges of hash values is too LARGE. 
Please increase W at least 1times.
[0m[31mOld W=    0.3
New W=    6161.17
Increase  20537.2times.
[0mCONSTRUCTING GRAPH...

0%   10   20   30   40   50   60   70   80   90   100%
|----|----|----|----|----|----|----|----|----|----|
***************************************************
CONSTRUCTING TIME: 116.488s.

SAVING GRAPH...
SAVING TIME: 0.0785s.

dist=1980.903442, cnt=15.610190, unique=1, std=4.495522, Recall=0.503888
cc=557.291321, pruning=0.228410

Loading FastGraph...
*******************************************************************************************************
The result of LSH-G for trevi is as follow: k=20, probQ = 0.9, L = 1, K = 18, T = 12
******************************************************************************************************
     algName       k      ef        Time      Recall        Cost        CPQ1        CPQ2     Pruning

       fastG      20     200      2.6534      0.9605     1376.15     26.3304     1402.48     0.27404


******************************************************************************************************
                                                                                    1180-4:16:3
*****************************************************************************************************


	Command being timed: "./lgo trevi 20 1 18 0.1 1.0 12"
	User time (seconds): 117.24
	System time (seconds): 2.60
	Percent of CPU this job got: 98%
	Elapsed (wall clock) time (h:mm:ss or m:ss): 2:01.68
	Average shared text size (kbytes): 0
	Average unshared data size (kbytes): 0
	Average stack size (kbytes): 0
	Average total size (kbytes): 0
	Maximum resident set size (kbytes): 3223416
	Average resident set size (kbytes): 0
	Major (requiring I/O) page faults: 0
	Minor (reclaiming a frame) page faults: 1749850
	Voluntary context switches: 59856
	Involuntary context switches: 24216
	Swaps: 0
	File system inputs: 381608
	File system outputs: 44856
	Socket messages sent: 0
	Socket messages received: 0
	Signals delivered: 0
	Page size (bytes): 4096
	Exit status: 0
