C++17!
Using LSH-Graph for trevi ...
c=        1.5
k=        20
L=        2
K=        18
T=        24
lsh_UB=   0
LOADING DATA...
Load from new file: /users/PAS2671/kabir36/kabir/similarity-search/dataset/trevi/
N=    99900
dim=  4096

LOADING TIME: 5.3594s.

LOADING BENMARK...
LOADING TIME: 0.000555s.

mkdir: missing operand
Try 'mkdir --help' for more information.

START HASHING...

SETTING HASH PARAMETER...
SETTING TIME: 0.002772s.

COMPUTING HASH...
COMPUTING TIME: 1.67186s.

[1m[31mWARNING:
[31mRanges of hash values is too LARGE. 
Please increase W at least 1times.
[0m[31mOld W=    0.3
New W=    6393.48
Increase  21311.6times.
[0mCONSTRUCTING GRAPH...

0%   10   20   30   40   50   60   70   80   90   100%
|----|----|----|----|----|----|----|----|----|----|
***************************************************
CONSTRUCTING TIME: 184.579s.

SAVING GRAPH...
SAVING TIME: 0.118617s.

dist=2056.793213, cnt=31.447357, unique=1, std=9.005736, Recall=0.506568
cc=843.617920, pruning=0.307632

Loading FastGraph...
*******************************************************************************************************
The result of LSH-G for trevi is as follow: k=20, probQ = 0.9, L = 2, K = 18, T = 24
******************************************************************************************************
     algName       k      ef        Time      Recall        Cost        CPQ1        CPQ2     Pruning

       fastG      20     200     3.67748       0.978     1939.97     49.7909     1989.76     0.38182


******************************************************************************************************
                                                                                    1180-4:35:29
*****************************************************************************************************


	Command being timed: "./lgo trevi 20 2 18 0.1 1.0 24"
	User time (seconds): 185.47
	System time (seconds): 3.50
	Percent of CPU this job got: 98%
	Elapsed (wall clock) time (h:mm:ss or m:ss): 3:12.51
	Average shared text size (kbytes): 0
	Average unshared data size (kbytes): 0
	Average stack size (kbytes): 0
	Average total size (kbytes): 0
	Maximum resident set size (kbytes): 3235088
	Average resident set size (kbytes): 0
	Major (requiring I/O) page faults: 0
	Minor (reclaiming a frame) page faults: 2581508
	Voluntary context switches: 102025
	Involuntary context switches: 36433
	Swaps: 0
	File system inputs: 391528
	File system outputs: 86616
	Socket messages sent: 0
	Socket messages received: 0
	Signals delivered: 0
	Page size (bytes): 4096
	Exit status: 0
