C++17!
Using LSH-Graph for trevi ...
c=        1.5
k=        20
L=        1
K=        6
T=        12
lsh_UB=   0
LOADING DATA...
Load from new file: /users/PAS2671/kabir36/kabir/similarity-search/dataset/trevi/
N=    99900
dim=  4096

LOADING TIME: 25.5313s.

MAKING BENMARK...

0%   10   20   30   40   50   60   70   80   90   100%
|----|----|----|----|----|----|----|----|----|----|
***************************************************
MAKING TIME: 57.1743s.

SAVING BENMARK...
SAVING TIME: 0.002632s.

mkdir: missing operand
Try 'mkdir --help' for more information.

START HASHING...

SETTING HASH PARAMETER...
SETTING TIME: 0.000457s.

COMPUTING HASH...
COMPUTING TIME: 0.344248s.

[1m[31mWARNING:
[31mRanges of hash values is too LARGE. 
Please increase W at least 1times.
[0m[31mOld W=    0.3
New W=    35.4758
Increase  118.253times.
[0mCONSTRUCTING GRAPH...

0%   10   20   30   40   50   60   70   80   90   100%
|----|----|----|----|----|----|----|----|----|----|
***************************************************
CONSTRUCTING TIME: 134.226s.

SAVING GRAPH...
SAVING TIME: 0.073025s.

dist=1978.165283, cnt=15.592793, unique=1, std=4.501229, Recall=0.519571
cc=619.157166, pruning=0.104603

Loading FastGraph...
*******************************************************************************************************
The result of LSH-G for trevi is as follow: k=20, probQ = 0.9, L = 1, K = 6, T = 12
******************************************************************************************************
     algName       k      ef        Time      Recall        Cost        CPQ1        CPQ2     Pruning

       fastG      20     200     2.94659      0.9515     1547.07     8.62219     1555.69    0.135753


******************************************************************************************************
                                                                                    1180-4:5:5
*****************************************************************************************************


	Command being timed: "./lgo trevi 20 1 6 0.1 1.0 12"
	User time (seconds): 192.07
	System time (seconds): 4.37
	Percent of CPU this job got: 90%
	Elapsed (wall clock) time (h:mm:ss or m:ss): 3:38.00
	Average shared text size (kbytes): 0
	Average unshared data size (kbytes): 0
	Average stack size (kbytes): 0
	Average total size (kbytes): 0
	Maximum resident set size (kbytes): 3301792
	Average resident set size (kbytes): 0
	Major (requiring I/O) page faults: 0
	Minor (reclaiming a frame) page faults: 2144380
	Voluntary context switches: 57504
	Involuntary context switches: 42017
	Swaps: 0
	File system inputs: 3203992
	File system outputs: 35648
	Socket messages sent: 0
	Socket messages received: 0
	Signals delivered: 0
	Page size (bytes): 4096
	Exit status: 0
