C++17!
Using LSH-Graph for trevi ...
c=        1.5
k=        20
L=        2
K=        18
T=        12
lsh_UB=   0
LOADING DATA...
Load from new file: /users/PAS2671/kabir36/kabir/similarity-search/dataset/trevi/
N=    99900
dim=  4096

LOADING TIME: 3.46273s.

LOADING BENMARK...
LOADING TIME: 0.000566s.

mkdir: missing operand
Try 'mkdir --help' for more information.

START HASHING...

SETTING HASH PARAMETER...
SETTING TIME: 0.002757s.

COMPUTING HASH...
COMPUTING TIME: 1.64452s.

[1m[31mWARNING:
[31mRanges of hash values is too LARGE. 
Please increase W at least 1times.
[0m[31mOld W=    0.3
New W=    6393.48
Increase  21311.6times.
[0mCONSTRUCTING GRAPH...

0%   10   20   30   40   50   60   70   80   90   100%
|----|----|----|----|----|----|----|----|----|----|
***************************************************
CONSTRUCTING TIME: 119.269s.

SAVING GRAPH...
SAVING TIME: 0.108482s.

dist=1969.876465, cnt=15.631111, unique=1, std=4.505866, Recall=0.510095
cc=559.461121, pruning=0.225455

Loading FastGraph...
*******************************************************************************************************
The result of LSH-G for trevi is as follow: k=20, probQ = 0.9, L = 2, K = 18, T = 12
******************************************************************************************************
     algName       k      ef        Time      Recall        Cost        CPQ1        CPQ2     Pruning

       fastG      20     200     2.67763      0.9535     1408.01     44.4466     1452.46    0.267455


******************************************************************************************************
                                                                                    1180-4:32:17
*****************************************************************************************************


	Command being timed: "./lgo trevi 20 2 18 0.1 1.0 12"
	User time (seconds): 120.67
	System time (seconds): 2.80
	Percent of CPU this job got: 98%
	Elapsed (wall clock) time (h:mm:ss or m:ss): 2:05.15
	Average shared text size (kbytes): 0
	Average unshared data size (kbytes): 0
	Average stack size (kbytes): 0
	Average total size (kbytes): 0
	Maximum resident set size (kbytes): 3229604
	Average resident set size (kbytes): 0
	Major (requiring I/O) page faults: 0
	Minor (reclaiming a frame) page faults: 1782733
	Voluntary context switches: 96345
	Involuntary context switches: 25597
	Swaps: 0
	File system inputs: 404936
	File system outputs: 61872
	Socket messages sent: 0
	Socket messages received: 0
	Signals delivered: 0
	Page size (bytes): 4096
	Exit status: 0
