C++17!
Using LSH-Graph for trevi ...
c=        1.5
k=        20
L=        2
K=        6
T=        24
lsh_UB=   0
LOADING DATA...
Load from new file: /users/PAS2671/kabir36/kabir/similarity-search/dataset/trevi/
N=    99900
dim=  4096

LOADING TIME: 2.99666s.

LOADING BENMARK...
LOADING TIME: 0.000552s.

mkdir: missing operand
Try 'mkdir --help' for more information.

START HASHING...

SETTING HASH PARAMETER...
SETTING TIME: 0.000935s.

COMPUTING HASH...
COMPUTING TIME: 0.598124s.

[1m[31mWARNING:
[31mRanges of hash values is too LARGE. 
Please increase W at least 1times.
[0m[31mOld W=    0.3
New W=    42.1586
Increase  140.529times.
[0mCONSTRUCTING GRAPH...

0%   10   20   30   40   50   60   70   80   90   100%
|----|----|----|----|----|----|----|----|----|----|
***************************************************
CONSTRUCTING TIME: 202.743s.

SAVING GRAPH...
SAVING TIME: 0.104255s.

dist=2030.077881, cnt=31.391981, unique=1, std=8.980070, Recall=0.529725
cc=972.303101, pruning=0.132829

Loading FastGraph...
*******************************************************************************************************
The result of LSH-G for trevi is as follow: k=20, probQ = 0.9, L = 2, K = 6, T = 24
******************************************************************************************************
     algName       k      ef        Time      Recall        Cost        CPQ1        CPQ2     Pruning

       fastG      20     200       4.049      0.9745     2274.14     16.0443     2290.18    0.176304


******************************************************************************************************
                                                                                    1180-4:24:52
*****************************************************************************************************


	Command being timed: "./lgo trevi 20 2 6 0.1 1.0 24"
	User time (seconds): 202.59
	System time (seconds): 3.19
	Percent of CPU this job got: 99%
	Elapsed (wall clock) time (h:mm:ss or m:ss): 3:27.24
	Average shared text size (kbytes): 0
	Average unshared data size (kbytes): 0
	Average stack size (kbytes): 0
	Average total size (kbytes): 0
	Maximum resident set size (kbytes): 3235148
	Average resident set size (kbytes): 0
	Major (requiring I/O) page faults: 0
	Minor (reclaiming a frame) page faults: 2396340
	Voluntary context switches: 101918
	Involuntary context switches: 40419
	Swaps: 0
	File system inputs: 371832
	File system outputs: 66976
	Socket messages sent: 0
	Socket messages received: 0
	Signals delivered: 0
	Page size (bytes): 4096
	Exit status: 0
