C++17!
Using LSH-Graph for trevi ...
c=        1.5
k=        20
L=        1
K=        12
T=        12
lsh_UB=   0
LOADING DATA...
Load from new file: /users/PAS2671/kabir36/kabir/similarity-search/dataset/trevi/
N=    99900
dim=  4096

LOADING TIME: 3.31775s.

LOADING BENMARK...
LOADING TIME: 0.000566s.

mkdir: missing operand
Try 'mkdir --help' for more information.

START HASHING...

SETTING HASH PARAMETER...
SETTING TIME: 0.000934s.

COMPUTING HASH...
COMPUTING TIME: 0.60244s.

[1m[31mWARNING:
[31mRanges of hash values is too LARGE. 
Please increase W at least 1times.
[0m[31mOld W=    0.3
New W=    1391.23
Increase  4637.44times.
[0mCONSTRUCTING GRAPH...

0%   10   20   30   40   50   60   70   80   90   100%
|----|----|----|----|----|----|----|----|----|----|
***************************************************
CONSTRUCTING TIME: 119.418s.

SAVING GRAPH...
SAVING TIME: 0.076242s.

dist=1988.604858, cnt=15.607067, unique=1, std=4.503867, Recall=0.468398
cc=570.295837, pruning=0.195650

Loading FastGraph...
*******************************************************************************************************
The result of LSH-G for trevi is as follow: k=20, probQ = 0.9, L = 1, K = 12, T = 12
******************************************************************************************************
     algName       k      ef        Time      Recall        Cost        CPQ1        CPQ2     Pruning

       fastG      20     200     2.62294      0.9535     1395.78     17.4999     1413.28    0.256502


******************************************************************************************************
                                                                                    1180-4:10:51
*****************************************************************************************************


	Command being timed: "./lgo trevi 20 1 12 0.1 1.0 12"
	User time (seconds): 119.86
	System time (seconds): 2.66
	Percent of CPU this job got: 98%
	Elapsed (wall clock) time (h:mm:ss or m:ss): 2:04.03
	Average shared text size (kbytes): 0
	Average unshared data size (kbytes): 0
	Average stack size (kbytes): 0
	Average total size (kbytes): 0
	Maximum resident set size (kbytes): 3223420
	Average resident set size (kbytes): 0
	Major (requiring I/O) page faults: 0
	Minor (reclaiming a frame) page faults: 1756939
	Voluntary context switches: 58300
	Involuntary context switches: 24754
	Swaps: 0
	File system inputs: 387880
	File system outputs: 39928
	Socket messages sent: 0
	Socket messages received: 0
	Signals delivered: 0
	Page size (bytes): 4096
	Exit status: 0
