C++17!
Using LSH-Graph for trevi ...
c=        1.5
k=        20
L=        1
K=        6
T=        24
lsh_UB=   0
LOADING DATA...
Load from new file: /users/PAS2671/kabir36/kabir/similarity-search/dataset/trevi/
N=    99900
dim=  4096

LOADING TIME: 7.9344s.

LOADING BENMARK...
LOADING TIME: 0.015571s.

mkdir: missing operand
Try 'mkdir --help' for more information.

START HASHING...

SETTING HASH PARAMETER...
SETTING TIME: 0.000479s.

COMPUTING HASH...
COMPUTING TIME: 0.344748s.

[1m[31mWARNING:
[31mRanges of hash values is too LARGE. 
Please increase W at least 1times.
[0m[31mOld W=    0.3
New W=    35.4758
Increase  118.253times.
[0mCONSTRUCTING GRAPH...

0%   10   20   30   40   50   60   70   80   90   100%
|----|----|----|----|----|----|----|----|----|----|
***************************************************
CONSTRUCTING TIME: 212.796s.

SAVING GRAPH...
SAVING TIME: 0.106864s.

dist=2041.580444, cnt=31.418249, unique=1, std=9.008849, Recall=0.494946
cc=967.744568, pruning=0.134149

Loading FastGraph...
*******************************************************************************************************
The result of LSH-G for trevi is as follow: k=20, probQ = 0.9, L = 1, K = 6, T = 24
******************************************************************************************************
     algName       k      ef        Time      Recall        Cost        CPQ1        CPQ2     Pruning

       fastG      20     200     4.17657       0.982     2258.34     10.0389     2268.38    0.180929


******************************************************************************************************
                                                                                    1180-4:8:47
*****************************************************************************************************


	Command being timed: "./lgo trevi 20 1 6 0.1 1.0 24"
	User time (seconds): 212.54
	System time (seconds): 3.35
	Percent of CPU this job got: 97%
	Elapsed (wall clock) time (h:mm:ss or m:ss): 3:41.98
	Average shared text size (kbytes): 0
	Average unshared data size (kbytes): 0
	Average stack size (kbytes): 0
	Average total size (kbytes): 0
	Maximum resident set size (kbytes): 3228900
	Average resident set size (kbytes): 0
	Major (requiring I/O) page faults: 0
	Minor (reclaiming a frame) page faults: 2385264
	Voluntary context switches: 67232
	Involuntary context switches: 42453
	Swaps: 0
	File system inputs: 509544
	File system outputs: 59816
	Socket messages sent: 0
	Socket messages received: 0
	Signals delivered: 0
	Page size (bytes): 4096
	Exit status: 0
