C++17!
Using LSH-Graph for trevi ...
c=        1.5
k=        20
L=        1
K=        18
T=        24
lsh_UB=   0
LOADING DATA...
Load from new file: /users/PAS2671/kabir36/kabir/similarity-search/dataset/trevi/
N=    99900
dim=  4096

LOADING TIME: 4.00197s.

LOADING BENMARK...
LOADING TIME: 0.000515s.

mkdir: missing operand
Try 'mkdir --help' for more information.

START HASHING...

SETTING HASH PARAMETER...
SETTING TIME: 0.001345s.

COMPUTING HASH...
COMPUTING TIME: 0.849186s.

[1m[31mWARNING:
[31mRanges of hash values is too LARGE. 
Please increase W at least 1times.
[0m[31mOld W=    0.3
New W=    6161.17
Increase  20537.2times.
[0mCONSTRUCTING GRAPH...

0%   10   20   30   40   50   60   70   80   90   100%
|----|----|----|----|----|----|----|----|----|----|
***************************************************
CONSTRUCTING TIME: 181.738s.

SAVING GRAPH...
SAVING TIME: 0.100507s.

dist=2047.662842, cnt=31.433834, unique=1, std=8.997586, Recall=0.507742
cc=840.013611, pruning=0.309820

Loading FastGraph...
*******************************************************************************************************
The result of LSH-G for trevi is as follow: k=20, probQ = 0.9, L = 1, K = 18, T = 24
******************************************************************************************************
     algName       k      ef        Time      Recall        Cost        CPQ1        CPQ2     Pruning

       fastG      20     200     3.84887       0.982     1919.78     31.7583     1951.54    0.386805


******************************************************************************************************
                                                                                    1180-4:19:11
*****************************************************************************************************


	Command being timed: "./lgo trevi 20 1 18 0.1 1.0 24"
	User time (seconds): 182.05
	System time (seconds): 3.31
	Percent of CPU this job got: 98%
	Elapsed (wall clock) time (h:mm:ss or m:ss): 3:07.47
	Average shared text size (kbytes): 0
	Average unshared data size (kbytes): 0
	Average stack size (kbytes): 0
	Average total size (kbytes): 0
	Maximum resident set size (kbytes): 3229032
	Average resident set size (kbytes): 0
	Major (requiring I/O) page faults: 0
	Minor (reclaiming a frame) page faults: 2566627
	Voluntary context switches: 67809
	Involuntary context switches: 35860
	Swaps: 0
	File system inputs: 362136
	File system outputs: 69624
	Socket messages sent: 0
	Socket messages received: 0
	Signals delivered: 0
	Page size (bytes): 4096
	Exit status: 0
