C++17!
Using LSH-Graph for txed ...
c=        1.5
k=        100
L=        1
K=        6
T=        24
lsh_UB=   0
LOADING DATA...
Load from new file: /users/PAS2671/kabir36/kabir/similarity-search/dataset/txed/
N=    519589
dim=  256

LOADING TIME: 0.774771s.

LOADING BENMARK...
LOADING TIME: 0.000481s.

mkdir: missing operand
Try 'mkdir --help' for more information.

START HASHING...

SETTING HASH PARAMETER...
SETTING TIME: 4.3e-05s.

COMPUTING HASH...
COMPUTING TIME: 0.12262s.

[1m[31mWARNING:
[31mRanges of hash values is too LARGE. 
Please increase W at least 1times.
[0m[31mOld W=    0.3
New W=    42588.7
Increase  141962times.
[0mCONSTRUCTING GRAPH...

0%   10   20   30   40   50   60   70   80   90   100%
|----|----|----|----|----|----|----|----|----|----|
***************************************************
CONSTRUCTING TIME: 642.836s.

SAVING GRAPH...
SAVING TIME: 0.456645s.

dist=1487.411865, cnt=32.983425, unique=1, std=9.592849, Recall=0.001076
cc=1717.442993, pruning=0.171237

Loading FastGraph...
*******************************************************************************************************
The result of LSH-G for txed is as follow: k=100, probQ = 0.9, L = 1, K = 6, T = 24
******************************************************************************************************
     algName       k      ef        Time      Recall        Cost        CPQ1        CPQ2     Pruning

       fastG     100     200     1.30278      0.6102     3468.06     111.917     3579.98     0.23258

Command terminated by signal 11
	Command being timed: "./lgo txed 100 1 6 0.1 1.0 24"
	User time (seconds): 639.57
	System time (seconds): 3.86
	Percent of CPU this job got: 99%
	Elapsed (wall clock) time (h:mm:ss or m:ss): 10:45.90
	Average shared text size (kbytes): 0
	Average unshared data size (kbytes): 0
	Average stack size (kbytes): 0
	Average total size (kbytes): 0
	Maximum resident set size (kbytes): 1220464
	Average resident set size (kbytes): 0
	Major (requiring I/O) page faults: 0
	Minor (reclaiming a frame) page faults: 2031086
	Voluntary context switches: 206780
	Involuntary context switches: 155311
	Swaps: 0
	File system inputs: 0
	File system outputs: 1703136
	Socket messages sent: 0
	Socket messages received: 0
	Signals delivered: 0
	Page size (bytes): 4096
	Exit status: 0
