C++17!
Using LSH-Graph for txed ...
c=        1.5
k=        100
L=        2
K=        6
T=        12
lsh_UB=   0
LOADING DATA...
Load from new file: /users/PAS2671/kabir36/kabir/similarity-search/dataset/txed/
N=    519589
dim=  256

LOADING TIME: 0.84535s.

LOADING BENMARK...
LOADING TIME: 0.000482s.

mkdir: missing operand
Try 'mkdir --help' for more information.

START HASHING...

SETTING HASH PARAMETER...
SETTING TIME: 7.7e-05s.

COMPUTING HASH...
COMPUTING TIME: 0.210021s.

[1m[31mWARNING:
[31mRanges of hash values is too LARGE. 
Please increase W at least 1times.
[0m[31mOld W=    0.3
New W=    49235.9
Increase  164120times.
[0mCONSTRUCTING GRAPH...

0%   10   20   30   40   50   60   70   80   90   100%
|----|----|----|----|----|----|----|----|----|----|
***************************************************
CONSTRUCTING TIME: 366.883s.

SAVING GRAPH...
SAVING TIME: 0.485938s.

dist=1311.802979, cnt=16.286394, unique=1, std=4.792946, Recall=0.000561
cc=1031.548584, pruning=0.137036

Loading FastGraph...
*******************************************************************************************************
The result of LSH-G for txed is as follow: k=100, probQ = 0.9, L = 2, K = 6, T = 12
******************************************************************************************************
     algName       k      ef        Time      Recall        Cost        CPQ1        CPQ2     Pruning

       fastG     100     200     0.93404      0.4907     2231.45     75.7779     2307.23    0.179973

Command terminated by signal 11
	Command being timed: "./lgo txed 100 2 6 0.1 1.0 12"
	User time (seconds): 364.76
	System time (seconds): 3.72
	Percent of CPU this job got: 99%
	Elapsed (wall clock) time (h:mm:ss or m:ss): 6:10.12
	Average shared text size (kbytes): 0
	Average unshared data size (kbytes): 0
	Average stack size (kbytes): 0
	Average total size (kbytes): 0
	Maximum resident set size (kbytes): 1142768
	Average resident set size (kbytes): 0
	Major (requiring I/O) page faults: 0
	Minor (reclaiming a frame) page faults: 1876570
	Voluntary context switches: 271464
	Involuntary context switches: 82563
	Swaps: 0
	File system inputs: 0
	File system outputs: 1447768
	Socket messages sent: 0
	Socket messages received: 0
	Signals delivered: 0
	Page size (bytes): 4096
	Exit status: 0
