C++17!
Using LSH-Graph for txed ...
c=        1.5
k=        100
L=        2
K=        12
T=        24
lsh_UB=   0
LOADING DATA...
Load from new file: /users/PAS2671/kabir36/kabir/similarity-search/dataset/txed/
N=    519589
dim=  256

LOADING TIME: 0.814226s.

LOADING BENMARK...
LOADING TIME: 0.000498s.

mkdir: missing operand
Try 'mkdir --help' for more information.

START HASHING...

SETTING HASH PARAMETER...
SETTING TIME: 0.000134s.

COMPUTING HASH...
COMPUTING TIME: 0.411598s.

[1m[31mWARNING:
[31mRanges of hash values is too LARGE. 
Please increase W at least 1times.
[0m[31mOld W=    0.3
New W=    1.79276e+06
Increase  5.97586e+06times.
[0mCONSTRUCTING GRAPH...

0%   10   20   30   40   50   60   70   80   90   100%
|----|----|----|----|----|----|----|----|----|----|
***************************************************
CONSTRUCTING TIME: 625.787s.

SAVING GRAPH...
SAVING TIME: 0.626778s.

dist=1094.875488, cnt=33.021420, unique=1, std=9.595228, Recall=0.000697
cc=1699.249390, pruning=0.189766

Loading FastGraph...
*******************************************************************************************************
The result of LSH-G for txed is as follow: k=100, probQ = 0.9, L = 2, K = 12, T = 24
******************************************************************************************************
     algName       k      ef        Time      Recall        Cost        CPQ1        CPQ2     Pruning

       fastG     100     200     1.52887      0.6298     3622.33     235.464     3857.79    0.197042

Command terminated by signal 11
	Command being timed: "./lgo txed 100 2 12 0.1 1.0 24"
	User time (seconds): 622.89
	System time (seconds): 4.36
	Percent of CPU this job got: 99%
	Elapsed (wall clock) time (h:mm:ss or m:ss): 10:29.59
	Average shared text size (kbytes): 0
	Average unshared data size (kbytes): 0
	Average stack size (kbytes): 0
	Average total size (kbytes): 0
	Maximum resident set size (kbytes): 1252268
	Average resident set size (kbytes): 0
	Major (requiring I/O) page faults: 0
	Minor (reclaiming a frame) page faults: 2103553
	Voluntary context switches: 312159
	Involuntary context switches: 137391
	Swaps: 0
	File system inputs: 0
	File system outputs: 1852408
	Socket messages sent: 0
	Socket messages received: 0
	Signals delivered: 0
	Page size (bytes): 4096
	Exit status: 0
