C++17!
Using LSH-Graph for txed ...
c=        1.5
k=        100
L=        2
K=        18
T=        24
lsh_UB=   0
LOADING DATA...
Load from new file: /users/PAS2671/kabir36/kabir/similarity-search/dataset/txed/
N=    519589
dim=  256

LOADING TIME: 0.863233s.

LOADING BENMARK...
LOADING TIME: 0.000469s.

mkdir: missing operand
Try 'mkdir --help' for more information.

START HASHING...

SETTING HASH PARAMETER...
SETTING TIME: 0.000194s.

COMPUTING HASH...
COMPUTING TIME: 0.697341s.

[1m[31mWARNING:
[31mRanges of hash values is too LARGE. 
Please increase W at least 1times.
[0m[31mOld W=    0.3
New W=    7.93936e+06
Increase  2.64645e+07times.
[0mCONSTRUCTING GRAPH...

0%   10   20   30   40   50   60   70   80   90   100%
|----|----|----|----|----|----|----|----|----|----|
***************************************************
CONSTRUCTING TIME: 637.468s.

SAVING GRAPH...
SAVING TIME: 0.653781s.

dist=1384.685181, cnt=33.017365, unique=1, std=9.597433, Recall=0.000822
cc=1674.048950, pruning=0.211238

Loading FastGraph...
*******************************************************************************************************
The result of LSH-G for txed is as follow: k=100, probQ = 0.9, L = 2, K = 18, T = 24
******************************************************************************************************
     algName       k      ef        Time      Recall        Cost        CPQ1        CPQ2     Pruning

       fastG     100     200     1.59118      0.6531     3629.98     359.367     3989.35    0.210701

Command terminated by signal 11
	Command being timed: "./lgo txed 100 2 18 0.1 1.0 24"
	User time (seconds): 634.86
	System time (seconds): 4.49
	Percent of CPU this job got: 99%
	Elapsed (wall clock) time (h:mm:ss or m:ss): 10:41.77
	Average shared text size (kbytes): 0
	Average unshared data size (kbytes): 0
	Average stack size (kbytes): 0
	Average total size (kbytes): 0
	Maximum resident set size (kbytes): 1252284
	Average resident set size (kbytes): 0
	Major (requiring I/O) page faults: 0
	Minor (reclaiming a frame) page faults: 2126770
	Voluntary context switches: 305486
	Involuntary context switches: 138749
	Swaps: 0
	File system inputs: 0
	File system outputs: 1901088
	Socket messages sent: 0
	Socket messages received: 0
	Signals delivered: 0
	Page size (bytes): 4096
	Exit status: 0
