C++17!
Using LSH-Graph for txed ...
c=        1.5
k=        100
L=        2
K=        12
T=        12
lsh_UB=   0
LOADING DATA...
Load from new file: /users/PAS2671/kabir36/kabir/similarity-search/dataset/txed/
N=    519589
dim=  256

LOADING TIME: 0.837988s.

LOADING BENMARK...
LOADING TIME: 0.000526s.

mkdir: missing operand
Try 'mkdir --help' for more information.

START HASHING...

SETTING HASH PARAMETER...
SETTING TIME: 0.000144s.

COMPUTING HASH...
COMPUTING TIME: 0.411876s.

[1m[31mWARNING:
[31mRanges of hash values is too LARGE. 
Please increase W at least 1times.
[0m[31mOld W=    0.3
New W=    1.79276e+06
Increase  5.97586e+06times.
[0mCONSTRUCTING GRAPH...

0%   10   20   30   40   50   60   70   80   90   100%
|----|----|----|----|----|----|----|----|----|----|
***************************************************
CONSTRUCTING TIME: 361.165s.

SAVING GRAPH...
SAVING TIME: 0.535929s.

dist=1400.303345, cnt=16.261770, unique=1, std=4.789093, Recall=0.000845
cc=1011.679565, pruning=0.146646

Loading FastGraph...
*******************************************************************************************************
The result of LSH-G for txed is as follow: k=100, probQ = 0.9, L = 2, K = 12, T = 12
******************************************************************************************************
     algName       k      ef        Time      Recall        Cost        CPQ1        CPQ2     Pruning

       fastG     100     200     0.84489      0.5184     2255.58     148.389     2403.97    0.150001

*** Error in `./lgo': munmap_chunk(): invalid pointer: 0x0000000020370081 ***
======= Backtrace: =========
/lib64/libc.so.6(+0x7f474)[0x2b7f74bca474]
./lgo[0x40bb5e]
./lgo[0x408415]
/lib64/libc.so.6(__libc_start_main+0xf5)[0x2b7f74b6d555]
./lgo[0x408e0c]
======= Memory map: ========
00400000-00449000 r-xp 00000000 00:41 1794793                            /users/PAS2671/kabir36/kabir/similarity-search/models/LSH-APG/cppCode/LSH-APG/lgo
00648000-0064a000 r--p 00048000 00:41 1794793                            /users/PAS2671/kabir36/kabir/similarity-search/models/LSH-APG/cppCode/LSH-APG/lgo
0064a000-0064b000 rw-p 0004a000 00:41 1794793                            /users/PAS2671/kabir36/kabir/similarity-search/models/LSH-APG/cppCode/LSH-APG/lgo
02632000-4411c000 rw-p 00000000 00:00 0                                  [heap]
2b7f737fd000-2b7f7381f000 r-xp 00000000 00:24 3428292698                 /usr/lib64/ld-2.17.so
2b7f7381f000-2b7f73826000 rw-p 00000000 00:00 0 
2b7f7386c000-2b7f73873000 rw-p 00000000 00:00 0 
2b7f73a1e000-2b7f73a1f000 r--p 00021000 00:24 3428292698                 /usr/lib64/ld-2.17.so
2b7f73a1f000-2b7f73a20000 rw-p 00022000 00:24 3428292698                 /usr/lib64/ld-2.17.so
2b7f73a20000-2b7f73a21000 rw-p 00000000 00:00 0 
2b7f73a21000-2b7f73a59000 r-xp 00000000 00:2c 19202863                   /apps/xalt/2.10.29/lib64/libxalt_init.so
2b7f73a59000-2b7f73c59000 ---p 00038000 00:2c 19202863                   /apps/xalt/2.10.29/lib64/libxalt_init.so
2b7f73c59000-2b7f73c5a000 r--p 00038000 00:2c 19202863                   /apps/xalt/2.10.29/lib64/libxalt_init.so
2b7f73c5a000-2b7f73c5b000 rw-p 00039000 00:2c 19202863                   /apps/xalt/2.10.29/lib64/libxalt_init.so
2b7f73c5b000-2b7f73c5c000 rw-p 00000000 00:00 0 
2b7f73c5c000-2b7f73c63000 r-xp 00000000 00:24 3428781212                 /usr/lib64/librt-2.17.so
2b7f73c63000-2b7f73e62000 ---p 00007000 00:24 3428781212                 /usr/lib64/librt-2.17.so
2b7f73e62000-2b7f73e63000 r--p 00006000 00:24 3428781212                 /usr/lib64/librt-2.17.so
2b7f73e63000-2b7f73e64000 rw-p 00007000 00:24 3428781212                 /usr/lib64/librt-2.17.so
2b7f73e64000-2b7f73fd8000 r-xp 00000000 00:2c 7905980                    /apps/gnu/8.4.0/lib64/libstdc++.so.6.0.25
2b7f73fd8000-2b7f741d7000 ---p 00174000 00:2c 7905980                    /apps/gnu/8.4.0/lib64/libstdc++.so.6.0.25
2b7f741d7000-2b7f741e1000 r--p 00173000 00:2c 7905980                    /apps/gnu/8.4.0/lib64/libstdc++.so.6.0.25
2b7f741e1000-2b7f741e3000 rw-p 0017d000 00:2c 7905980                    /apps/gnu/8.4.0/lib64/libstdc++.so.6.0.25
2b7f741e3000-2b7f741e7000 rw-p 00000000 00:00 0 
2b7f741e7000-2b7f742e8000 r-xp 00000000 00:24 3428781161                 /usr/lib64/libm-2.17.so
2b7f742e8000-2b7f744e7000 ---p 00101000 00:24 3428781161                 /usr/lib64/libm-2.17.so
2b7f744e7000-2b7f744e8000 r--p 00100000 00:24 3428781161                 /usr/lib64/libm-2.17.so
2b7f744e8000-2b7f744e9000 rw-p 00101000 00:24 3428781161                 /usr/lib64/libm-2.17.so
2b7f744e9000-2b7f74516000 r-xp 00000000 00:2c 5669150                    /apps/gnu/8.4.0/lib64/libgomp.so.1.0.0
2b7f74516000-2b7f74715000 ---p 0002d000 00:2c 5669150                    /apps/gnu/8.4.0/lib64/libgomp.so.1.0.0
2b7f74715000-2b7f74716000 r--p 0002c000 00:2c 5669150                    /apps/gnu/8.4.0/lib64/libgomp.so.1.0.0
2b7f74716000-2b7f74717000 rw-p 0002d000 00:2c 5669150                    /apps/gnu/8.4.0/lib64/libgomp.so.1.0.0
2b7f74717000-2b7f7472e000 r-xp 00000000 00:2c 5669148                    /apps/gnu/8.4.0/lib64/libgcc_s.so.1
2b7f7472e000-2b7f7492d000 ---p 00017000 00:2c 5669148                    /apps/gnu/8.4.0/lib64/libgcc_s.so.1
2b7f7492d000-2b7f7492e000 r--p 00016000 00:2c 5669148                    /apps/gnu/8.4.0/lib64/libgcc_s.so.1
2b7f7492e000-2b7f7492f000 rw-p 00017000 00:2c 5669148                    /apps/gnu/8.4.0/lib64/libgcc_s.so.1
2b7f7492f000-2b7f74946000 r-xp 00000000 00:24 3428781193                 /usr/lib64/libpthread-2.17.so
2b7f74946000-2b7f74b45000 ---p 00017000 00:24 3428781193                 /usr/lib64/libpthread-2.17.so
2b7f74b45000-2b7f74b46000 r--p 00016000 00:24 3428781193                 /usr/lib64/libpthread-2.17.so
2b7f74b46000-2b7f74b47000 rw-p 00017000 00:24 3428781193                 /usr/lib64/libpthread-2.17.so
2b7f74b47000-2b7f74b4b000 rw-p 00000000 00:00 0 
2b7f74b4b000-2b7f74d0f000 r-xp 00000000 00:24 3428781146                 /usr/lib64/libc-2.17.so
2b7f74d0f000-2b7f74f0e000 ---p 001c4000 00:24 3428781146                 /usr/lib64/libc-2.17.so
2b7f74f0e000-2b7f74f12000 r--p 001c3000 00:24 3428781146                 /usr/lib64/libc-2.17.so
2b7f74f12000-2b7f74f14000 rw-p 001c7000 00:24 3428781146                 /usr/lib64/libc-2.17.so
2b7f74f14000-2b7f74f19000 rw-p 00000000 00:00 0 
2b7f74f19000-2b7f74f1b000 r-xp 00000000 00:24 3428781159                 /usr/lib64/libdl-2.17.so
2b7f74f1b000-2b7f7511b000 ---p 00002000 00:24 3428781159                 /usr/lib64/libdl-2.17.so
2b7f7511b000-2b7f7511c000 r--p 00002000 00:24 3428781159                 /usr/lib64/libdl-2.17.so
2b7f7511c000-2b7f7511d000 rw-p 00003000 00:24 3428781159                 /usr/lib64/libdl-2.17.so
2b7f7511d000-2b7f75121000 r-xp 00000000 00:2c 21954920                   /apps/xalt/2.10.29/lib64/libuuid.so.1.3.0
2b7f75121000-2b7f75320000 ---p 00004000 00:2c 21954920                   /apps/xalt/2.10.29/lib64/libuuid.so.1.3.0
2b7f75320000-2b7f75321000 r--p 00003000 00:2c 21954920                   /apps/xalt/2.10.29/lib64/libuuid.so.1.3.0
2b7f75321000-2b7f75322000 rw-p 00004000 00:2c 21954920                   /apps/xalt/2.10.29/lib64/libuuid.so.1.3.0
2b7f7ed6f000-2b7f7ed70000 ---p 00000000 00:00 0 
2b7f7ed70000-2b7f7ef70000 rw-p 00000000 00:00 0 
2b7f7ef70000-2b7f7ef71000 ---p 00000000 00:00 0 
2b7f7ef71000-2b7f7f171000 rw-p 00000000 00:00 0 
2b7f7f171000-2b7f7f172000 ---p 00000000 00:00 0 
2b7f7f172000-2b7f7f372000 rw-p 00000000 00:00 0 
2b7f7f372000-2b7f7f373000 ---p 00000000 00:00 0 
2b7f7f373000-2b7f7f573000 rw-p 00000000 00:00 0 
2b7f7f573000-2b7f7f574000 ---p 00000000 00:00 0 
2b7f7f574000-2b7f7f774000 rw-p 00000000 00:00 0 
2b7f7f774000-2b7f7f775000 ---p 00000000 00:00 0 
2b7f7f775000-2b7f7f975000 rw-p 00000000 00:00 0 
2b7f7f975000-2b7f7f976000 ---p 00000000 00:00 0 
2b7f7f976000-2b7f7fb76000 rw-p 00000000 00:00 0 
2b7f7fb76000-2b7f7fb77000 ---p 00000000 00:00 0 
2b7f7fb77000-2b7f7fd77000 rw-p 00000000 00:00 0 
2b7f7fd77000-2b7f7fd78000 ---p 00000000 00:00 0 
2b7f7fd78000-2b7f7ff78000 rw-p 00000000 00:00 0 
2b7f7ff78000-2b7f7ff79000 ---p 00000000 00:00 0 
2b7f7ff79000-2b7f80179000 rw-p 00000000 00:00 0 
2b7f80179000-2b7f8017a000 ---p 00000000 00:00 0 
2b7f8017a000-2b7f8037a000 rw-p 00000000 00:00 0 
2b7f8037a000-2b7f8037b000 ---p 00000000 00:00 0 
2b7f8037b000-2b7f8057b000 rw-p 00000000 00:00 0 
2b7f8057b000-2b7f8057c000 ---p 00000000 00:00 0 
2b7f8057c000-2b7f8077c000 rw-p 00000000 00:00 0 
2b7f8077c000-2b7f8077d000 ---p 00000000 00:00 0 
2b7f8077d000-2b7f8097d000 rw-p 00000000 00:00 0 
2b7f8097d000-2b7f8097e000 ---p 00000000 00:00 0 
2b7f8097e000-2b7f80b7e000 rw-p 00000000 00:00 0 
2b7f80b7e000-2b7f80b7f000 ---p 00000000 00:00 0 
2b7f80b7f000-2b7f80d7f000 rw-p 00000000 00:00 0 
2b7f80d7f000-2b7f80d80000 ---p 00000000 00:00 0 
2b7f80d80000-2b7f80f80000 rw-p 00000000 00:00 0 
2b7f80f80000-2b7f80f81000 ---p 00000000 00:00 0 
2b7f80f81000-2b7f81181000 rw-p 00000000 00:00 0 
2b7f81181000-2b7f81182000 ---p 00000000 00:00 0 
2b7f81182000-2b7f81382000 rw-p 00000000 00:00 0 
2b7f84000000-2b7f840d4000 rw-p 00000000 00:00 0 
2b7f840d4000-2b7f88000000 ---p 00000000 00:00 0 
2b7f88000000-2b7f880d7000 rw-p 00000000 00:00 0 
2b7f880d7000-2b7f8c000000 ---p 00000000 00:00 0 
2b7f8c000000-2b7f8c0d5000 rw-p 00000000 00:00 0 
2b7f8c0d5000-2b7f90000000 ---p 00000000 00:00 0 
2b7f90000000-2b7f900cb000 rw-p 00000000 00:00 0 
2b7f900cb000-2b7f94000000 ---p 00000000 00:00 0 
2b7f94000000-2b7f940d6000 rw-p 00000000 00:00 0 
2b7f940d6000-2b7f98000000 ---p 00000000 00:00 0 
2b7f98000000-2b7f980cd000 rw-p 00000000 00:00 0 
2b7f980cd000-2b7f9c000000 ---p 00000000 00:00 0 
2b7f9c000000-2b7f9c0cd000 rw-p 00000000 00:00 0 
2b7f9c0cd000-2b7fa0000000 ---p 00000000 00:00 0 
2b7fa0000000-2b7fa00d3000 rw-p 00000000 00:00 0 
2b7fa00d3000-2b7fa4000000 ---p 00000000 00:00 0 
2b7fa4000000-2b7fa40cd000 rw-p 00000000 00:00 0 
2b7fa40cd000-2b7fa8000000 ---p 00000000 00:00 0 
2b7fa8000000-2b7fa80ce000 rw-p 00000000 00:00 0 
2b7fa80ce000-2b7fac000000 ---p 00000000 00:00 0 
2b7fac000000-2b7fac0d2000 rw-p 00000000 00:00 0 
2b7fac0d2000-2b7fb0000000 ---p 00000000 00:00 0 
2b7fb0000000-2b7fb00d2000 rw-p 00000000 00:00 0 
2b7fb00d2000-2b7fb4000000 ---p 00000000 00:00 0 
2b7fb4000000-2b7fb40d4000 rw-p 00000000 00:00 0 
2b7fb40d4000-2b7fb8000000 ---p 00000000 00:00 0 
2b7fb8000000-2b7fb80ce000 rw-p 00000000 00:00 0 
2b7fb80ce000-2b7fbc000000 ---p 00000000 00:00 0 
2b7fbc000000-2b7fbc0ce000 rw-p 00000000 00:00 0 
2b7fbc0ce000-2b7fc0000000 ---p 00000000 00:00 0 
2b7fc0000000-2b7fc00d4000 rw-p 00000000 00:00 0 
2b7fc00d4000-2b7fc4000000 ---p 00000000 00:00 0 
2b7fc4000000-2b7fc40ce000 rw-p 00000000 00:00 0 
2b7fc40ce000-2b7fc8000000 ---p 00000000 00:00 0 
2b7fc8000000-2b7fc80d5000 rw-p 00000000 00:00 0 
2b7fc80d5000-2b7fcc000000 ---p 00000000 00:00 0 
2b7fcc000000-2b7fcc0d9000 rw-p 00000000 00:00 0 
2b7fcc0d9000-2b7fd0000000 ---p 00000000 00:00 0 
2b7fd0000000-2b7fd00cf000 rw-p 00000000 00:00 0 
2b7fd00cf000-2b7fd4000000 ---p 00000000 00:00 0 
2b7fd4000000-2b7fd40cf000 rw-p 00000000 00:00 0 
2b7fd40cf000-2b7fd8000000 ---p 00000000 00:00 0 
2b7fd8000000-2b7fd80cf000 rw-p 00000000 00:00 0 
2b7fd80cf000-2b7fdc000000 ---p 00000000 00:00 0 
2b7fdc000000-2b7fdc0cf000 rw-p 00000000 00:00 0 
2b7fdc0cf000-2b7fe0000000 ---p 00000000 00:00 0 
2b7fe0000000-2b7fe00cf000 rw-p 00000000 00:00 0 
2b7fe00cf000-2b7fe4000000 ---p 00000000 00:00 0 
2b7fe4000000-2b7fe40d4000 rw-p 00000000 00:00 0 
2b7fe40d4000-2b7fe8000000 ---p 00000000 00:00 0 
2b7fe8000000-2b7fe80d4000 rw-p 00000000 00:00 0 
2b7fe80d4000-2b7fec000000 ---p 00000000 00:00 0 
2b7fec000000-2b7fec0cc000 rw-p 00000000 00:00 0 
2b7fec0cc000-2b7ff0000000 ---p 00000000 00:00 0 
2b7ff0000000-2b7ff00d0000 rw-p 00000000 00:00 0 
2b7ff00d0000-2b7ff4000000 ---p 00000000 00:00 0 
2b7ff4000000-2b7ff40cf000 rw-p 00000000 00:00 0 
2b7ff40cf000-2b7ff8000000 ---p 00000000 00:00 0 
2b7ff8000000-2b7ff80ce000 rw-p 00000000 00:00 0 
2b7ff80ce000-2b7ffc000000 ---p 00000000 00:00 0 
2b7ffc000000-2b7ffc0d1000 rw-p 00000000 00:00 0 
2b7ffc0d1000-2b8000000000 ---p 00000000 00:00 0 
2b8000000000-2b80000d3000 rw-p 00000000 00:00 0 
2b80000d3000-2b8004000000 ---p 00000000 00:00 0 
2b8004000000-2b80040ce000 rw-p 00000000 00:00 0 
2b80040ce000-2b8008000000 ---p 00000000 00:00 0 
2b8008000000-2b80080cc000 rw-p 00000000 00:00 0 
2b80080cc000-2b800c000000 ---p 00000000 00:00 0 
2b800c000000-2b800c0cc000 rw-p 00000000 00:00 0 
2b800c0cc000-2b8010000000 ---p 00000000 00:00 0 
2b8010000000-2b80100ce000 rw-p 00000000 00:00 0 
2b80100ce000-2b8014000000 ---p 00000000 00:00 0 
2b8014000000-2b80140cd000 rw-p 00000000 00:00 0 
2b80140cd000-2b8018000000 ---p 00000000 00:00 0 
2b8018000000-2b80180ce000 rw-p 00000000 00:00 0 
2b80180ce000-2b801c000000 ---p 00000000 00:00 0 
2b801c000000-2b801c0d4000 rw-p 00000000 00:00 0 
2b801c0d4000-2b8020000000 ---p 00000000 00:00 0 
2b8020000000-2b80200cf000 rw-p 00000000 00:00 0 
2b80200cf000-2b8024000000 ---p 00000000 00:00 0 
2b8024000000-2b80240d4000 rw-p 00000000 00:00 0 
2b80240d4000-2b8028000000 ---p 00000000 00:00 0 
2b8028000000-2b80280d6000 rw-p 00000000 00:00 0 
2b80280d6000-2b802c000000 ---p 00000000 00:00 0 
2b802c000000-2b802c0d1000 rw-p 00000000 00:00 0 
2b802c0d1000-2b8030000000 ---p 00000000 00:00 0 
2b8030000000-2b80300cd000 rw-p 00000000 00:00 0 
2b80300cd000-2b8034000000 ---p 00000000 00:00 0 
2b8034000000-2b80340d2000 rw-p 00000000 00:00 0 
2b80340d2000-2b8038000000 ---p 00000000 00:00 0 
2b8038000000-2b80380d3000 rw-p 00000000 00:00 0 
2b80380d3000-2b803c000000 ---p 00000000 00:00 0 
2b803c000000-2b803c0ce000 rw-p 00000000 00:00 0 
2b803c0ce000-2b8040000000 ---p 00000000 00:00 0 
2b8040000000-2b80400d5000 rw-p 00000000 00:00 0 
2b80400d5000-2b8044000000 ---p 00000000 00:00 0 
2b8044000000-2b80440d2000 rw-p 00000000 00:00 0 
2b80440d2000-2b8048000000 ---p 00000000 00:00 0 
2b8048000000-2b80480d0000 rw-p 00000000 00:00 0 
2b80480d0000-2b804c000000 ---p 00000000 00:00 0 
2b804c000000-2b804c0cf000 rw-p 00000000 00:00 0 
2b804c0cf000-2b8050000000 ---p 00000000 00:00 0 
2b8050000000-2b80500d5000 rw-p 00000000 00:00 0 
2b80500d5000-2b8054000000 ---p 00000000 00:00 0 
2b8054000000-2b80540cd000 rw-p 00000000 00:00 0 
2b80540cd000-2b8058000000 ---p 00000000 00:00 0 
2b8058000000-2b80580cf000 rw-p 00000000 00:00 0 
2b80580cf000-2b805c000000 ---p 00000000 00:00 0 
2b805c000000-2b805c0d2000 rw-p 00000000 00:00 0 
2b805c0d2000-2b8060000000 ---p 00000000 00:00 0 
2b8060000000-2b80600d0000 rw-p 00000000 00:00 0 
2b80600d0000-2b8064000000 ---p 00000000 00:00 0 
2b8064000000-2b80640d5000 rw-p 00000000 00:00 0 
2b80640d5000-2b8068000000 ---p 00000000 00:00 0 
2b8068000000-2b80680ce000 rw-p 00000000 00:00 0 
2b80680ce000-2b806c000000 ---p 00000000 00:00 0 
2b806c000000-2b806c0d5000 rw-p 00000000 00:00 0 
2b806c0d5000-2b8070000000 ---p 00000000 00:00 0 
2b8070000000-2b80700d5000 rw-p 00000000 00:00 0 
2b80700d5000-2b8074000000 ---p 00000000 00:00 0 
2b8074000000-2b80740d5000 rw-p 00000000 00:00 0 
2b80740d5000-2b8078000000 ---p 00000000 00:00 0 
2b8078000000-2b80780d2000 rw-p 00000000 00:00 0 
2b80780d2000-2b807c000000 ---p 00000000 00:00 0 
2b807c000000-2b807c0d3000 rw-p 00000000 00:00 0 
2b807c0d3000-2b8080000000 ---p 00000000 00:00 0 
2b8080000000-2b80800d2000 rw-p 00000000 00:00 0 
2b80800d2000-2b8084000000 ---p 00000000 00:00 0 
2b8084000000-2b80840ce000 rw-p 00000000 00:00 0 
2b80840ce000-2b8088000000 ---p 00000000 00:00 0 
2b8088000000-2b80880ce000 rw-p 00000000 00:00 0 
2b80880ce000-2b808c000000 ---p 00000000 00:00 0 
2b808c000000-2b808c0cf000 rw-p 00000000 00:00 0 
2b808c0cf000-2b8090000000 ---p 00000000 00:00 0 
2b8090000000-2b80900d4000 rw-p 00000000 00:00 0 
2b80900d4000-2b8094000000 ---p 00000000 00:00 0 
2b8094000000-2b80940d2000 rw-p 00000000 00:00 0 
2b80940d2000-2b8098000000 ---p 00000000 00:00 0 
2b8098000000-2b80980d2000 rw-p 00000000 00:00 0 
2b80980d2000-2b809c000000 ---p 00000000 00:00 0 
2b809c000000-2b809c0ce000 rw-p 00000000 00:00 0 
2b809c0ce000-2b80a0000000 ---p 00000000 00:00 0 
2b80a0000000-2b80a00d0000 rw-p 00000000 00:00 0 
2b80a00d0000-2b80a4000000 ---p 00000000 00:00 0 
2b80a4000000-2b80a40ce000 rw-p 00000000 00:00 0 
2b80a40ce000-2b80a8000000 ---p 00000000 00:00 0 
2b80a8000000-2b80a80cc000 rw-p 00000000 00:00 0 
2b80a80cc000-2b80ac000000 ---p 00000000 00:00 0 
2b80ac000000-2b80ac0d0000 rw-p 00000000 00:00 0 
2b80ac0d0000-2b80b0000000 ---p 00000000 00:00 0 
2b80b0000000-2b80b00cd000 rw-p 00000000 00:00 0 
2b80b00cd000-2b80b4000000 ---p 00000000 00:00 0 
2b80b4000000-2b80b40cd000 rw-p 00000000 00:00 0 
2b80b40cd000-2b80b8000000 ---p 00000000 00:00 0 
2b80b8000000-2b80b80cb000 rw-p 00000000 00:00 0 
2b80b80cb000-2b80bc000000 ---p 00000000 00:00 0 
2b80bc000000-2b80bc0ce000 rw-p 00000000 00:00 0 
2b80bc0ce000-2b80c0000000 ---p 00000000 00:00 0 
2b80c0000000-2b80c00d4000 rw-p 00000000 00:00 0 
2b80c00d4000-2b80c4000000 ---p 00000000 00:00 0 
2b80c4000000-2b80c40ce000 rw-p 00000000 00:00 0 
2b80c40ce000-2b80c8000000 ---p 00000000 00:00 0 
2b80c8000000-2b80c80cd000 rw-p 00000000 00:00 0 
2b80c80cd000-2b80cc000000 ---p 00000000 00:00 0 
2b80cc000000-2b80cc0cb000 rw-p 00000000 00:00 0 
2b80cc0cb000-2b80d0000000 ---p 00000000 00:00 0 
2b80d0000000-2b80d00cd000 rw-p 00000000 00:00 0 
2b80d00cd000-2b80d4000000 ---p 00000000 00:00 0 
2b80d4000000-2b80d40ce000 rw-p 00000000 00:00 0 
2b80d40ce000-2b80d8000000 ---p 00000000 00:00 0 
2b80d8000000-2b80d80cb000 rw-p 00000000 00:00 0 
2b80d80cb000-2b80dc000000 ---p 00000000 00:00 0 
2b80dc000000-2b80dc0ce000 rw-p 00000000 00:00 0 
2b80dc0ce000-2b80e0000000 ---p 00000000 00:00 0 
2b80e0000000-2b80e00cf000 rw-p 00000000 00:00 0 
2b80e00cf000-2b80e4000000 ---p 00000000 00:00 0 
2b80e4000000-2b80e40ce000 rw-p 00000000 00:00 0 
2b80e40ce000-2b80e8000000 ---p 00000000 00:00 0 
2b80e8000000-2b80e80ce000 rw-p 00000000 00:00 0 
2b80e80ce000-2b80ec000000 ---p 00000000 00:00 0 
2b80ec000000-2b80ec0ce000 rw-p 00000000 00:00 0 
2b80ec0ce000-2b80f0000000 ---p 00000000 00:00 0 
2b80f0000000-2b80f00d4000 rw-p 00000000 00:00 0 
2b80f00d4000-2b80f4000000 ---p 00000000 00:00 0 
2b80f4000000-2b80f40d2000 rw-p 00000000 00:00 0 
2b80f40d2000-2b80f8000000 ---p 00000000 00:00 0 
2b80f8000000-2b80f80d5000 rw-p 00000000 00:00 0 
2b80f80d5000-2b80fc000000 ---p 00000000 00:00 0 
2b80fc000000-2b80fc0d0000 rw-p 00000000 00:00 0 
2b80fc0d0000-2b8100000000 ---p 00000000 00:00 0 
2b8100000000-2b81000ca000 rw-p 00000000 00:00 0 
2b81000ca000-2b8104000000 ---p 00000000 00:00 0 
7ffdcacc4000-7ffdcace8000 rw-p 00000000 00:00 0                          [stack]
7ffdcadc1000-7ffdcadc3000 r-xp 00000000 00:00 0                          [vdso]
ffffffffff600000-ffffffffff601000 r-xp 00000000 00:00 0                  [vsyscall]

******************************************************************************************************
                                                                                    1197-16:5:53
*****************************************************************************************************


Command terminated by signal 6
	Command being timed: "./lgo txed 100 2 12 0.1 1.0 12"
	User time (seconds): 359.23
	System time (seconds): 4.17
	Percent of CPU this job got: 99%
	Elapsed (wall clock) time (h:mm:ss or m:ss): 6:06.26
	Average shared text size (kbytes): 0
	Average unshared data size (kbytes): 0
	Average stack size (kbytes): 0
	Average total size (kbytes): 0
	Maximum resident set size (kbytes): 1158284
	Average resident set size (kbytes): 0
	Major (requiring I/O) page faults: 0
	Minor (reclaiming a frame) page faults: 1916614
	Voluntary context switches: 263285
	Involuntary context switches: 89362
	Swaps: 0
	File system inputs: 0
	File system outputs: 2583576
	Socket messages sent: 0
	Socket messages received: 0
	Signals delivered: 0
	Page size (bytes): 4096
	Exit status: 0
