C++17!
Using LSH-Graph for txed ...
c=        1.5
k=        100
L=        1
K=        12
T=        12
lsh_UB=   0
LOADING DATA...
Load from new file: /users/PAS2671/kabir36/kabir/similarity-search/dataset/txed/
N=    519589
dim=  256

LOADING TIME: 0.761537s.

LOADING BENMARK...
LOADING TIME: 0.000496s.

mkdir: missing operand
Try 'mkdir --help' for more information.

START HASHING...

SETTING HASH PARAMETER...
SETTING TIME: 7.2e-05s.

COMPUTING HASH...
COMPUTING TIME: 0.214862s.

[1m[31mWARNING:
[31mRanges of hash values is too LARGE. 
Please increase W at least 1times.
[0m[31mOld W=    0.3
New W=    1.62479e+06
Increase  5.41595e+06times.
[0mCONSTRUCTING GRAPH...

0%   10   20   30   40   50   60   70   80   90   100%
|----|----|----|----|----|----|----|----|----|----|
***************************************************
CONSTRUCTING TIME: 347.724s.

SAVING GRAPH...
SAVING TIME: 0.357361s.

dist=1116.215698, cnt=16.267057, unique=1, std=4.791136, Recall=0.000851
cc=1010.237122, pruning=0.146799

Loading FastGraph...
*******************************************************************************************************
The result of LSH-G for txed is as follow: k=100, probQ = 0.9, L = 1, K = 12, T = 12
******************************************************************************************************
     algName       k      ef        Time      Recall        Cost        CPQ1        CPQ2     Pruning

       fastG     100     200      0.8258      0.5184     2250.55     135.688     2386.24    0.147093

Command terminated by signal 11
	Command being timed: "./lgo txed 100 1 12 0.1 1.0 12"
	User time (seconds): 346.22
	System time (seconds): 2.81
	Percent of CPU this job got: 99%
	Elapsed (wall clock) time (h:mm:ss or m:ss): 5:50.47
	Average shared text size (kbytes): 0
	Average unshared data size (kbytes): 0
	Average stack size (kbytes): 0
	Average total size (kbytes): 0
	Maximum resident set size (kbytes): 1111156
	Average resident set size (kbytes): 0
	Major (requiring I/O) page faults: 0
	Minor (reclaiming a frame) page faults: 1691121
	Voluntary context switches: 153274
	Involuntary context switches: 80279
	Swaps: 0
	File system inputs: 0
	File system outputs: 1369784
	Socket messages sent: 0
	Socket messages received: 0
	Signals delivered: 0
	Page size (bytes): 4096
	Exit status: 0
