C++17!
Using LSH-Graph for txed ...
c=        1.5
k=        100
L=        1
K=        6
T=        12
lsh_UB=   0
LOADING DATA...
Load from new file: /users/PAS2671/kabir36/kabir/similarity-search/dataset/txed/
N=    519589
dim=  256

LOADING TIME: 4.49199s.

MAKING BENMARK...

0%   10   20   30   40   50   60   70   80   90   100%
|----|----|----|----|----|----|----|----|----|----|
***************************************************
MAKING TIME: 40.0878s.

SAVING BENMARK...
SAVING TIME: 0.002366s.

mkdir: missing operand
Try 'mkdir --help' for more information.

START HASHING...

SETTING HASH PARAMETER...
SETTING TIME: 4.3e-05s.

COMPUTING HASH...
COMPUTING TIME: 0.129329s.

[1m[31mWARNING:
[31mRanges of hash values is too LARGE. 
Please increase W at least 1times.
[0m[31mOld W=    0.3
New W=    42588.7
Increase  141962times.
[0mCONSTRUCTING GRAPH...

0%   10   20   30   40   50   60   70   80   90   100%
|----|----|----|----|----|----|----|----|----|----|
***************************************************
CONSTRUCTING TIME: 368.262s.

SAVING GRAPH...
SAVING TIME: 0.320386s.

dist=1264.157837, cnt=16.265327, unique=1, std=4.786963, Recall=0.000833
cc=1012.284058, pruning=0.137519

Loading FastGraph...
*******************************************************************************************************
The result of LSH-G for txed is as follow: k=100, probQ = 0.9, L = 1, K = 6, T = 12
******************************************************************************************************
     algName       k      ef        Time      Recall        Cost        CPQ1        CPQ2     Pruning

       fastG     100     200     0.90935      0.4837     2214.93     69.4999     2284.43     0.18248

Command terminated by signal 11
	Command being timed: "./lgo txed 100 1 6 0.1 1.0 12"
	User time (seconds): 406.20
	System time (seconds): 3.70
	Percent of CPU this job got: 98%
	Elapsed (wall clock) time (h:mm:ss or m:ss): 6:55.42
	Average shared text size (kbytes): 0
	Average unshared data size (kbytes): 0
	Average stack size (kbytes): 0
	Average total size (kbytes): 0
	Maximum resident set size (kbytes): 1518324
	Average resident set size (kbytes): 0
	Major (requiring I/O) page faults: 0
	Minor (reclaiming a frame) page faults: 1765159
	Voluntary context switches: 172555
	Involuntary context switches: 104572
	Swaps: 0
	File system inputs: 1043448
	File system outputs: 2164216
	Socket messages sent: 0
	Socket messages received: 0
	Signals delivered: 0
	Page size (bytes): 4096
	Exit status: 0
