C++17!
Using LSH-Graph for uqv ...
c=        1.5
k=        100
L=        2
K=        12
T=        12
lsh_UB=   0
LOADING DATA...
Load from new file: /users/PAS2671/kabir36/kabir/similarity-search/dataset/uqv/
N=    1000000
dim=  256

LOADING TIME: 1.39566s.

LOADING BENMARK...
LOADING TIME: 0.000887s.

mkdir: missing operand
Try 'mkdir --help' for more information.

START HASHING...

SETTING HASH PARAMETER...
SETTING TIME: 0.000129s.

COMPUTING HASH...
COMPUTING TIME: 0.804416s.

[1m[31mWARNING:
[31mRanges of hash values is too LARGE. 
Please increase W at least 1times.
[0m[31mOld W=    0.3
New W=    0.640614
Increase  2.13538times.
[0mCONSTRUCTING GRAPH...

0%   10   20   30   40   50   60   70   80   90   100%
|----|----|----|----|----|----|----|----|----|----|
***************************************************
CONSTRUCTING TIME: 419.393s.

SAVING GRAPH...
SAVING TIME: 1.01305s.

dist=0.015197, cnt=18.207783, unique=1, std=4.774862, Recall=0.000000
cc=451.500000, pruning=0.439070

Loading FastGraph...
*******************************************************************************************************
The result of LSH-G for uqv is as follow: k=100, probQ = 0.9, L = 2, K = 12, T = 12
******************************************************************************************************
     algName       k      ef        Time      Recall        Cost        CPQ1        CPQ2     Pruning

       fastG     100     200      0.5322      0.9152      992.91     90.4271     1083.34    0.299342


******************************************************************************************************
                                                                                    1180-5:24:38
*****************************************************************************************************


	Command being timed: "./lgo uqv 100 2 12 0.1 1.0 12"
	User time (seconds): 416.90
	System time (seconds): 5.55
	Percent of CPU this job got: 99%
	Elapsed (wall clock) time (h:mm:ss or m:ss): 7:03.74
	Average shared text size (kbytes): 0
	Average unshared data size (kbytes): 0
	Average stack size (kbytes): 0
	Average total size (kbytes): 0
	Maximum resident set size (kbytes): 2217440
	Average resident set size (kbytes): 0
	Major (requiring I/O) page faults: 0
	Minor (reclaiming a frame) page faults: 4023634
	Voluntary context switches: 508682
	Involuntary context switches: 99890
	Swaps: 0
	File system inputs: 0
	File system outputs: 552560
	Socket messages sent: 0
	Socket messages received: 0
	Signals delivered: 0
	Page size (bytes): 4096
	Exit status: 0
