C++17!
Using LSH-Graph for uqv ...
c=        1.5
k=        100
L=        2
K=        6
T=        12
lsh_UB=   0
LOADING DATA...
Load from new file: /users/PAS2671/kabir36/kabir/similarity-search/dataset/uqv/
N=    1000000
dim=  256

LOADING TIME: 1.48546s.

LOADING BENMARK...
LOADING TIME: 0.000557s.

mkdir: missing operand
Try 'mkdir --help' for more information.

START HASHING...

SETTING HASH PARAMETER...
SETTING TIME: 7.7e-05s.

COMPUTING HASH...
COMPUTING TIME: 0.486478s.

[31mOld W=    0.3
New W=    0.3
Increase  1times.
[0mCONSTRUCTING GRAPH...

0%   10   20   30   40   50   60   70   80   90   100%
|----|----|----|----|----|----|----|----|----|----|
***************************************************
CONSTRUCTING TIME: 434.232s.

SAVING GRAPH...
SAVING TIME: 0.998284s.

dist=0.014541, cnt=18.210487, unique=1, std=4.772022, Recall=0.000000
cc=514.161621, pruning=0.259700

Loading FastGraph...
*******************************************************************************************************
The result of LSH-G for uqv is as follow: k=100, probQ = 0.9, L = 2, K = 6, T = 12
******************************************************************************************************
     algName       k      ef        Time      Recall        Cost        CPQ1        CPQ2     Pruning

       fastG     100     200     0.45167      0.9164     1026.29     42.3709     1068.66    0.208002


******************************************************************************************************
                                                                                    1180-5:6:20
*****************************************************************************************************


	Command being timed: "./lgo uqv 100 2 6 0.1 1.0 12"
	User time (seconds): 431.29
	System time (seconds): 5.62
	Percent of CPU this job got: 99%
	Elapsed (wall clock) time (h:mm:ss or m:ss): 7:18.26
	Average shared text size (kbytes): 0
	Average unshared data size (kbytes): 0
	Average stack size (kbytes): 0
	Average total size (kbytes): 0
	Maximum resident set size (kbytes): 2202164
	Average resident set size (kbytes): 0
	Major (requiring I/O) page faults: 0
	Minor (reclaiming a frame) page faults: 3990301
	Voluntary context switches: 517651
	Involuntary context switches: 105340
	Swaps: 0
	File system inputs: 0
	File system outputs: 458776
	Socket messages sent: 0
	Socket messages received: 0
	Signals delivered: 0
	Page size (bytes): 4096
	Exit status: 0
