C++17!
Using LSH-Graph for uqv ...
c=        1.5
k=        100
L=        1
K=        6
T=        24
lsh_UB=   0
LOADING DATA...
Load from new file: /users/PAS2671/kabir36/kabir/similarity-search/dataset/uqv/
N=    1000000
dim=  256

LOADING TIME: 1.40516s.

LOADING BENMARK...
LOADING TIME: 0.00047s.

mkdir: missing operand
Try 'mkdir --help' for more information.

START HASHING...

SETTING HASH PARAMETER...
SETTING TIME: 4.3e-05s.

COMPUTING HASH...
COMPUTING TIME: 0.233437s.

[31mOld W=    0.3
New W=    0.3
Increase  1times.
[0mCONSTRUCTING GRAPH...

0%   10   20   30   40   50   60   70   80   90   100%
|----|----|----|----|----|----|----|----|----|----|
***************************************************
CONSTRUCTING TIME: 702.359s.

SAVING GRAPH...
SAVING TIME: 0.918504s.

dist=0.016344, cnt=36.604824, unique=1, std=9.402755, Recall=0.000000
cc=766.673950, pruning=0.348043

Loading FastGraph...
*******************************************************************************************************
The result of LSH-G for uqv is as follow: k=100, probQ = 0.9, L = 1, K = 6, T = 24
******************************************************************************************************
     algName       k      ef        Time      Recall        Cost        CPQ1        CPQ2     Pruning

       fastG     100     200     0.53747      0.9363     1320.49     52.7456     1373.24    0.337928


******************************************************************************************************
                                                                                    1180-4:22:17
*****************************************************************************************************


	Command being timed: "./lgo uqv 100 1 6 0.1 1.0 24"
	User time (seconds): 696.28
	System time (seconds): 7.47
	Percent of CPU this job got: 99%
	Elapsed (wall clock) time (h:mm:ss or m:ss): 11:45.79
	Average shared text size (kbytes): 0
	Average unshared data size (kbytes): 0
	Average stack size (kbytes): 0
	Average total size (kbytes): 0
	Maximum resident set size (kbytes): 2155076
	Average resident set size (kbytes): 0
	Major (requiring I/O) page faults: 0
	Minor (reclaiming a frame) page faults: 6192853
	Voluntary context switches: 434402
	Involuntary context switches: 165790
	Swaps: 0
	File system inputs: 0
	File system outputs: 675888
	Socket messages sent: 0
	Socket messages received: 0
	Signals delivered: 0
	Page size (bytes): 4096
	Exit status: 0
