C++17!
Using LSH-Graph for uqv ...
c=        1.5
k=        100
L=        1
K=        18
T=        12
lsh_UB=   0
LOADING DATA...
Load from new file: /users/PAS2671/kabir36/kabir/similarity-search/dataset/uqv/
N=    1000000
dim=  256

LOADING TIME: 1.38078s.

LOADING BENMARK...
LOADING TIME: 0.001671s.

mkdir: missing operand
Try 'mkdir --help' for more information.

START HASHING...

SETTING HASH PARAMETER...
SETTING TIME: 9.9e-05s.

COMPUTING HASH...
COMPUTING TIME: 0.56985s.

[1m[31mWARNING:
[31mRanges of hash values is too LARGE. 
Please increase W at least 1times.
[0m[31mOld W=    0.3
New W=    2.837
Increase  9.45668times.
[0mCONSTRUCTING GRAPH...

0%   10   20   30   40   50   60   70   80   90   100%
|----|----|----|----|----|----|----|----|----|----|
***************************************************
CONSTRUCTING TIME: 437.947s.

SAVING GRAPH...
SAVING TIME: 0.772685s.

dist=0.014821, cnt=18.219339, unique=1, std=4.773899, Recall=0.000000
cc=450.455963, pruning=0.475273

Loading FastGraph...
*******************************************************************************************************
The result of LSH-G for uqv is as follow: k=100, probQ = 0.9, L = 1, K = 18, T = 12
******************************************************************************************************
     algName       k      ef        Time      Recall        Cost        CPQ1        CPQ2     Pruning

       fastG     100     200     0.50454      0.9316      961.81     119.613     1081.42    0.334463


******************************************************************************************************
                                                                                    1180-4:47:59
*****************************************************************************************************


	Command being timed: "./lgo uqv 100 1 18 0.1 1.0 12"
	User time (seconds): 435.49
	System time (seconds): 4.78
	Percent of CPU this job got: 99%
	Elapsed (wall clock) time (h:mm:ss or m:ss): 7:21.57
	Average shared text size (kbytes): 0
	Average unshared data size (kbytes): 0
	Average stack size (kbytes): 0
	Average total size (kbytes): 0
	Maximum resident set size (kbytes): 2133656
	Average resident set size (kbytes): 0
	Major (requiring I/O) page faults: 0
	Minor (reclaiming a frame) page faults: 3887561
	Voluntary context switches: 285109
	Involuntary context switches: 103839
	Swaps: 0
	File system inputs: 0
	File system outputs: 482400
	Socket messages sent: 0
	Socket messages received: 0
	Signals delivered: 0
	Page size (bytes): 4096
	Exit status: 0
