C++17!
Using LSH-Graph for uqv ...
c=        1.5
k=        100
L=        1
K=        12
T=        24
lsh_UB=   0
LOADING DATA...
Load from new file: /users/PAS2671/kabir36/kabir/similarity-search/dataset/uqv/
N=    1000000
dim=  256

LOADING TIME: 1.38592s.

LOADING BENMARK...
LOADING TIME: 0.000529s.

mkdir: missing operand
Try 'mkdir --help' for more information.

START HASHING...

SETTING HASH PARAMETER...
SETTING TIME: 7.2e-05s.

COMPUTING HASH...
COMPUTING TIME: 0.406295s.

[1m[31mWARNING:
[31mRanges of hash values is too LARGE. 
Please increase W at least 1times.
[0m[31mOld W=    0.3
New W=    0.640614
Increase  2.13538times.
[0mCONSTRUCTING GRAPH...

0%   10   20   30   40   50   60   70   80   90   100%
|----|----|----|----|----|----|----|----|----|----|
***************************************************
CONSTRUCTING TIME: 660.413s.

SAVING GRAPH...
SAVING TIME: 0.941748s.

dist=0.016636, cnt=36.610291, unique=1, std=9.403380, Recall=0.000000
cc=628.642029, pruning=0.631676

Loading FastGraph...
*******************************************************************************************************
The result of LSH-G for uqv is as follow: k=100, probQ = 0.9, L = 1, K = 12, T = 24
******************************************************************************************************
     algName       k      ef        Time      Recall        Cost        CPQ1        CPQ2     Pruning

       fastG     100     200     0.58189      0.9372     1205.41     126.559     1331.97    0.506774


******************************************************************************************************
                                                                                    1180-4:40:37
*****************************************************************************************************


	Command being timed: "./lgo uqv 100 1 12 0.1 1.0 24"
	User time (seconds): 655.92
	System time (seconds): 6.22
	Percent of CPU this job got: 99%
	Elapsed (wall clock) time (h:mm:ss or m:ss): 11:04.06
	Average shared text size (kbytes): 0
	Average unshared data size (kbytes): 0
	Average stack size (kbytes): 0
	Average total size (kbytes): 0
	Maximum resident set size (kbytes): 2330744
	Average resident set size (kbytes): 0
	Major (requiring I/O) page faults: 0
	Minor (reclaiming a frame) page faults: 5108083
	Voluntary context switches: 400468
	Involuntary context switches: 153833
	Swaps: 0
	File system inputs: 0
	File system outputs: 722880
	Socket messages sent: 0
	Socket messages received: 0
	Signals delivered: 0
	Page size (bytes): 4096
	Exit status: 0
