C++17!
Using LSH-Graph for uqv ...
c=        1.5
k=        100
L=        1
K=        18
T=        24
lsh_UB=   0
LOADING DATA...
Load from new file: /users/PAS2671/kabir36/kabir/similarity-search/dataset/uqv/
N=    1000000
dim=  256

LOADING TIME: 1.39986s.

LOADING BENMARK...
LOADING TIME: 0.000592s.

mkdir: missing operand
Try 'mkdir --help' for more information.

START HASHING...

SETTING HASH PARAMETER...
SETTING TIME: 0.000113s.

COMPUTING HASH...
COMPUTING TIME: 0.595332s.

[1m[31mWARNING:
[31mRanges of hash values is too LARGE. 
Please increase W at least 1times.
[0m[31mOld W=    0.3
New W=    2.837
Increase  9.45668times.
[0mCONSTRUCTING GRAPH...

0%   10   20   30   40   50   60   70   80   90   100%
|----|----|----|----|----|----|----|----|----|----|
***************************************************
CONSTRUCTING TIME: 659.057s.

SAVING GRAPH...
SAVING TIME: 1.04465s.

dist=0.016381, cnt=36.625717, unique=1, std=9.404859, Recall=0.000000
cc=631.418396, pruning=0.683426

Loading FastGraph...
*******************************************************************************************************
The result of LSH-G for uqv is as follow: k=100, probQ = 0.9, L = 1, K = 18, T = 24
******************************************************************************************************
     algName       k      ef        Time      Recall        Cost        CPQ1        CPQ2     Pruning

       fastG     100     200     0.65007      0.9492     1115.83     210.995     1326.82    0.593477


******************************************************************************************************
                                                                                    1180-4:59:2
*****************************************************************************************************


	Command being timed: "./lgo uqv 100 1 18 0.1 1.0 24"
	User time (seconds): 655.49
	System time (seconds): 5.60
	Percent of CPU this job got: 99%
	Elapsed (wall clock) time (h:mm:ss or m:ss): 11:03.12
	Average shared text size (kbytes): 0
	Average unshared data size (kbytes): 0
	Average stack size (kbytes): 0
	Average total size (kbytes): 0
	Maximum resident set size (kbytes): 2330700
	Average resident set size (kbytes): 0
	Major (requiring I/O) page faults: 0
	Minor (reclaiming a frame) page faults: 4191584
	Voluntary context switches: 316541
	Involuntary context switches: 153414
	Swaps: 0
	File system inputs: 0
	File system outputs: 770016
	Socket messages sent: 0
	Socket messages received: 0
	Signals delivered: 0
	Page size (bytes): 4096
	Exit status: 0
