C++17!
Using LSH-Graph for uqv ...
c=        1.5
k=        100
L=        1
K=        6
T=        12
lsh_UB=   0
LOADING DATA...
Load from new file: /users/PAS2671/kabir36/kabir/similarity-search/dataset/uqv/
N=    1000000
dim=  256

LOADING TIME: 19.2704s.

MAKING BENMARK...

0%   10   20   30   40   50   60   70   80   90   100%
|----|----|----|----|----|----|----|----|----|----|
***************************************************
MAKING TIME: 75.4982s.

SAVING BENMARK...
SAVING TIME: 0.006787s.

mkdir: missing operand
Try 'mkdir --help' for more information.

START HASHING...

SETTING HASH PARAMETER...
SETTING TIME: 4.4e-05s.

COMPUTING HASH...
COMPUTING TIME: 0.287259s.

[31mOld W=    0.3
New W=    0.3
Increase  1times.
[0mCONSTRUCTING GRAPH...

0%   10   20   30   40   50   60   70   80   90   100%
|----|----|----|----|----|----|----|----|----|----|
***************************************************
CONSTRUCTING TIME: 448.313s.

SAVING GRAPH...
SAVING TIME: 0.67195s.

dist=0.014640, cnt=18.209385, unique=1, std=4.777166, Recall=0.000000
cc=514.550476, pruning=0.261028

Loading FastGraph...
*******************************************************************************************************
The result of LSH-G for uqv is as follow: k=100, probQ = 0.9, L = 1, K = 6, T = 12
******************************************************************************************************
     algName       k      ef        Time      Recall        Cost        CPQ1        CPQ2     Pruning

       fastG     100     200     0.43498      0.9072       989.5     35.6041      1025.1    0.216614


******************************************************************************************************
                                                                                    1180-4:10:32
*****************************************************************************************************


	Command being timed: "./lgo uqv 100 1 6 0.1 1.0 12"
	User time (seconds): 521.13
	System time (seconds): 5.90
	Percent of CPU this job got: 96%
	Elapsed (wall clock) time (h:mm:ss or m:ss): 9:04.84
	Average shared text size (kbytes): 0
	Average unshared data size (kbytes): 0
	Average stack size (kbytes): 0
	Average total size (kbytes): 0
	Maximum resident set size (kbytes): 2907900
	Average resident set size (kbytes): 0
	Major (requiring I/O) page faults: 0
	Minor (reclaiming a frame) page faults: 4007824
	Voluntary context switches: 345322
	Involuntary context switches: 129691
	Swaps: 0
	File system inputs: 2027896
	File system outputs: 389000
	Socket messages sent: 0
	Socket messages received: 0
	Signals delivered: 0
	Page size (bytes): 4096
	Exit status: 0
