C++17!
Using LSH-Graph for uqv ...
c=        1.5
k=        100
L=        2
K=        18
T=        12
lsh_UB=   0
LOADING DATA...
Load from new file: /users/PAS2671/kabir36/kabir/similarity-search/dataset/uqv/
N=    1000000
dim=  256

LOADING TIME: 1.39954s.

LOADING BENMARK...
LOADING TIME: 0.000465s.

mkdir: missing operand
Try 'mkdir --help' for more information.

START HASHING...

SETTING HASH PARAMETER...
SETTING TIME: 0.000187s.

COMPUTING HASH...
COMPUTING TIME: 1.39298s.

[1m[31mWARNING:
[31mRanges of hash values is too LARGE. 
Please increase W at least 1times.
[0m[31mOld W=    0.3
New W=    2.837
Increase  9.45668times.
[0mCONSTRUCTING GRAPH...

0%   10   20   30   40   50   60   70   80   90   100%
|----|----|----|----|----|----|----|----|----|----|
***************************************************
CONSTRUCTING TIME: 444.588s.

SAVING GRAPH...
SAVING TIME: 1.05747s.

dist=0.015469, cnt=18.221109, unique=1, std=4.774312, Recall=0.000000
cc=455.309235, pruning=0.470733

Loading FastGraph...
*******************************************************************************************************
The result of LSH-G for uqv is as follow: k=100, probQ = 0.9, L = 2, K = 18, T = 12
******************************************************************************************************
     algName       k      ef        Time      Recall        Cost        CPQ1        CPQ2     Pruning

       fastG     100     200     0.50369      0.9322      947.73     137.916     1085.65    0.346153


******************************************************************************************************
                                                                                    1180-5:42:59
*****************************************************************************************************


	Command being timed: "./lgo uqv 100 2 18 0.1 1.0 12"
	User time (seconds): 443.09
	System time (seconds): 5.32
	Percent of CPU this job got: 99%
	Elapsed (wall clock) time (h:mm:ss or m:ss): 7:29.82
	Average shared text size (kbytes): 0
	Average unshared data size (kbytes): 0
	Average stack size (kbytes): 0
	Average total size (kbytes): 0
	Maximum resident set size (kbytes): 2299960
	Average resident set size (kbytes): 0
	Major (requiring I/O) page faults: 0
	Minor (reclaiming a frame) page faults: 3573563
	Voluntary context switches: 472985
	Involuntary context switches: 107303
	Swaps: 0
	File system inputs: 0
	File system outputs: 646528
	Socket messages sent: 0
	Socket messages received: 0
	Signals delivered: 0
	Page size (bytes): 4096
	Exit status: 0
