C++17!
Using LSH-Graph for vcseis ...
c=        1.5
k=        100
L=        2
K=        18
T=        12
lsh_UB=   0
LOADING DATA...
Load from new file: /users/PAS2671/kabir36/kabir/similarity-search/dataset/vcseis/
N=    160178
dim=  256

LOADING TIME: 0.241809s.

LOADING BENMARK...
LOADING TIME: 0.000746s.

mkdir: missing operand
Try 'mkdir --help' for more information.

START HASHING...

SETTING HASH PARAMETER...
SETTING TIME: 0.000307s.

COMPUTING HASH...
COMPUTING TIME: 0.22882s.

[1m[31mWARNING:
[31mRanges of hash values is too LARGE. 
Please increase W at least 1times.
[0m[31mOld W=    0.3
New W=    2.12469e+09
Increase  7.08231e+09times.
[0mCONSTRUCTING GRAPH...

0%   10   20   30   40   50   60   70   80   90   100%
|----|----|----|----|----|----|----|----|----|----|
***************************************************
CONSTRUCTING TIME: 69.519s.

SAVING GRAPH...
SAVING TIME: 0.166624s.

dist=329.981567, cnt=16.778721, unique=1, std=4.880857, Recall=0.001126
cc=592.642822, pruning=0.314485

Loading FastGraph...
*******************************************************************************************************
The result of LSH-G for vcseis is as follow: k=100, probQ = 0.9, L = 2, K = 18, T = 12
******************************************************************************************************
     algName       k      ef        Time      Recall        Cost        CPQ1        CPQ2     Pruning

       fastG     100     200     0.32538      0.5129      742.81     -702.27     40.5399     1.07074

Command terminated by signal 11
	Command being timed: "./lgo vcseis 100 2 18 0.1 1.0 12"
	User time (seconds): 69.59
	System time (seconds): 0.72
	Percent of CPU this job got: 99%
	Elapsed (wall clock) time (h:mm:ss or m:ss): 1:10.76
	Average shared text size (kbytes): 0
	Average unshared data size (kbytes): 0
	Average stack size (kbytes): 0
	Average total size (kbytes): 0
	Maximum resident set size (kbytes): 378212
	Average resident set size (kbytes): 0
	Major (requiring I/O) page faults: 0
	Minor (reclaiming a frame) page faults: 173834
	Voluntary context switches: 45431
	Involuntary context switches: 14739
	Swaps: 0
	File system inputs: 0
	File system outputs: 526832
	Socket messages sent: 0
	Socket messages received: 0
	Signals delivered: 0
	Page size (bytes): 4096
	Exit status: 0
