C++17!
Using LSH-Graph for vcseis ...
c=        1.5
k=        100
L=        2
K=        6
T=        12
lsh_UB=   0
LOADING DATA...
Load from new file: /users/PAS2671/kabir36/kabir/similarity-search/dataset/vcseis/
N=    160178
dim=  256

LOADING TIME: 0.242452s.

LOADING BENMARK...
LOADING TIME: 0.000495s.

mkdir: missing operand
Try 'mkdir --help' for more information.

START HASHING...

SETTING HASH PARAMETER...
SETTING TIME: 7.7e-05s.

COMPUTING HASH...
COMPUTING TIME: 0.062826s.

[1m[31mWARNING:
[31mRanges of hash values is too LARGE. 
Please increase W at least 1times.
[0m[31mOld W=    0.3
New W=    1.15352e+07
Increase  3.84505e+07times.
[0mCONSTRUCTING GRAPH...

0%   10   20   30   40   50   60   70   80   90   100%
|----|----|----|----|----|----|----|----|----|----|
***************************************************
CONSTRUCTING TIME: 72.9235s.

SAVING GRAPH...
SAVING TIME: 0.148158s.

dist=311.245758, cnt=16.806160, unique=1, std=4.882460, Recall=0.000856
cc=681.556519, pruning=0.191820

Loading FastGraph...
*******************************************************************************************************
The result of LSH-G for vcseis is as follow: k=100, probQ = 0.9, L = 2, K = 6, T = 12
******************************************************************************************************
     algName       k      ef        Time      Recall        Cost        CPQ1        CPQ2     Pruning

       fastG     100     200     0.33322      0.5235      849.89     259.684     1109.57    0.919578

Command terminated by signal 11
	Command being timed: "./lgo vcseis 100 2 6 0.1 1.0 12"
	User time (seconds): 72.82
	System time (seconds): 0.69
	Percent of CPU this job got: 99%
	Elapsed (wall clock) time (h:mm:ss or m:ss): 1:13.91
	Average shared text size (kbytes): 0
	Average unshared data size (kbytes): 0
	Average stack size (kbytes): 0
	Average total size (kbytes): 0
	Maximum resident set size (kbytes): 364700
	Average resident set size (kbytes): 0
	Major (requiring I/O) page faults: 0
	Minor (reclaiming a frame) page faults: 173845
	Voluntary context switches: 50424
	Involuntary context switches: 15496
	Swaps: 0
	File system inputs: 0
	File system outputs: 468712
	Socket messages sent: 0
	Socket messages received: 0
	Signals delivered: 0
	Page size (bytes): 4096
	Exit status: 0
