C++17!
Using LSH-Graph for vcseis ...
c=        1.5
k=        100
L=        1
K=        6
T=        24
lsh_UB=   0
LOADING DATA...
Load from new file: /users/PAS2671/kabir36/kabir/similarity-search/dataset/vcseis/
N=    160178
dim=  256

LOADING TIME: 0.249823s.

LOADING BENMARK...
LOADING TIME: 0.000492s.

mkdir: missing operand
Try 'mkdir --help' for more information.

START HASHING...

SETTING HASH PARAMETER...
SETTING TIME: 4.4e-05s.

COMPUTING HASH...
COMPUTING TIME: 0.037437s.

[1m[31mWARNING:
[31mRanges of hash values is too LARGE. 
Please increase W at least 1times.
[0m[31mOld W=    0.3
New W=    7.30954e+06
Increase  2.43651e+07times.
[0mCONSTRUCTING GRAPH...

0%   10   20   30   40   50   60   70   80   90   100%
|----|----|----|----|----|----|----|----|----|----|
***************************************************
CONSTRUCTING TIME: 115.724s.

SAVING GRAPH...
SAVING TIME: 0.159532s.

dist=364.290100, cnt=33.890667, unique=1, std=9.694885, Recall=0.000430
cc=984.467896, pruning=0.274711

Loading FastGraph...
*******************************************************************************************************
The result of LSH-G for vcseis is as follow: k=100, probQ = 0.9, L = 1, K = 6, T = 24
******************************************************************************************************
     algName       k      ef        Time      Recall        Cost        CPQ1        CPQ2     Pruning

       fastG     100     200     0.42908      0.5488     1107.77    -459.395     648.375     1.05579

Command terminated by signal 11
	Command being timed: "./lgo vcseis 100 1 6 0.1 1.0 24"
	User time (seconds): 115.33
	System time (seconds): 0.85
	Percent of CPU this job got: 99%
	Elapsed (wall clock) time (h:mm:ss or m:ss): 1:56.75
	Average shared text size (kbytes): 0
	Average unshared data size (kbytes): 0
	Average stack size (kbytes): 0
	Average total size (kbytes): 0
	Maximum resident set size (kbytes): 395392
	Average resident set size (kbytes): 0
	Major (requiring I/O) page faults: 0
	Minor (reclaiming a frame) page faults: 244142
	Voluntary context switches: 44917
	Involuntary context switches: 25847
	Swaps: 0
	File system inputs: 0
	File system outputs: 562632
	Socket messages sent: 0
	Socket messages received: 0
	Signals delivered: 0
	Page size (bytes): 4096
	Exit status: 0
