C++17!
Using LSH-Graph for vcseis ...
c=        1.5
k=        100
L=        2
K=        12
T=        12
lsh_UB=   0
LOADING DATA...
Load from new file: /users/PAS2671/kabir36/kabir/similarity-search/dataset/vcseis/
N=    160178
dim=  256

LOADING TIME: 0.255746s.

LOADING BENMARK...
LOADING TIME: 0.000585s.

mkdir: missing operand
Try 'mkdir --help' for more information.

START HASHING...

SETTING HASH PARAMETER...
SETTING TIME: 0.00013s.

COMPUTING HASH...
COMPUTING TIME: 0.118553s.

[1m[31mWARNING:
[31mRanges of hash values is too LARGE. 
Please increase W at least 1times.
[0m[31mOld W=    0.3
New W=    4.79769e+08
Increase  1.59923e+09times.
[0mCONSTRUCTING GRAPH...

0%   10   20   30   40   50   60   70   80   90   100%
|----|----|----|----|----|----|----|----|----|----|
***************************************************
CONSTRUCTING TIME: 71.7144s.

SAVING GRAPH...
SAVING TIME: 0.181604s.

dist=361.375610, cnt=16.788960, unique=1, std=4.881101, Recall=0.000572
cc=636.838806, pruning=0.241051

Loading FastGraph...
*******************************************************************************************************
The result of LSH-G for vcseis is as follow: k=100, probQ = 0.9, L = 2, K = 12, T = 12
******************************************************************************************************
     algName       k      ef        Time      Recall        Cost        CPQ1        CPQ2     Pruning

       fastG     100     200     0.33225      0.5327      860.65     148.302     1008.95    0.675443

*** Error in `./lgo': free(): invalid pointer: 0x0000000009ef7551 ***
======= Backtrace: =========
/lib64/libc.so.6(+0x81329)[0x2b1256267329]
./lgo[0x40bb5e]
./lgo[0x408415]
/lib64/libc.so.6(__libc_start_main+0xf5)[0x2b1256208555]
./lgo[0x408e0c]
======= Memory map: ========
00400000-00449000 r-xp 00000000 00:41 1794793                            /users/PAS2671/kabir36/kabir/similarity-search/models/LSH-APG/cppCode/LSH-APG/lgo
00648000-0064a000 r--p 00048000 00:41 1794793                            /users/PAS2671/kabir36/kabir/similarity-search/models/LSH-APG/cppCode/LSH-APG/lgo
0064a000-0064b000 rw-p 0004a000 00:41 1794793                            /users/PAS2671/kabir36/kabir/similarity-search/models/LSH-APG/cppCode/LSH-APG/lgo
01419000-1585c000 rw-p 00000000 00:00 0                                  [heap]
2b1254e98000-2b1254eba000 r-xp 00000000 00:24 3428292698                 /usr/lib64/ld-2.17.so
2b1254eba000-2b1254ec1000 rw-p 00000000 00:00 0 
2b1254f07000-2b1254f0e000 rw-p 00000000 00:00 0 
2b12550b9000-2b12550ba000 r--p 00021000 00:24 3428292698                 /usr/lib64/ld-2.17.so
2b12550ba000-2b12550bb000 rw-p 00022000 00:24 3428292698                 /usr/lib64/ld-2.17.so
2b12550bb000-2b12550bc000 rw-p 00000000 00:00 0 
2b12550bc000-2b12550f4000 r-xp 00000000 00:2c 19202863                   /apps/xalt/2.10.29/lib64/libxalt_init.so
2b12550f4000-2b12552f4000 ---p 00038000 00:2c 19202863                   /apps/xalt/2.10.29/lib64/libxalt_init.so
2b12552f4000-2b12552f5000 r--p 00038000 00:2c 19202863                   /apps/xalt/2.10.29/lib64/libxalt_init.so
2b12552f5000-2b12552f6000 rw-p 00039000 00:2c 19202863                   /apps/xalt/2.10.29/lib64/libxalt_init.so
2b12552f6000-2b12552f7000 rw-p 00000000 00:00 0 
2b12552f7000-2b12552fe000 r-xp 00000000 00:24 3428781212                 /usr/lib64/librt-2.17.so
2b12552fe000-2b12554fd000 ---p 00007000 00:24 3428781212                 /usr/lib64/librt-2.17.so
2b12554fd000-2b12554fe000 r--p 00006000 00:24 3428781212                 /usr/lib64/librt-2.17.so
2b12554fe000-2b12554ff000 rw-p 00007000 00:24 3428781212                 /usr/lib64/librt-2.17.so
2b12554ff000-2b1255673000 r-xp 00000000 00:2c 7905980                    /apps/gnu/8.4.0/lib64/libstdc++.so.6.0.25
2b1255673000-2b1255872000 ---p 00174000 00:2c 7905980                    /apps/gnu/8.4.0/lib64/libstdc++.so.6.0.25
2b1255872000-2b125587c000 r--p 00173000 00:2c 7905980                    /apps/gnu/8.4.0/lib64/libstdc++.so.6.0.25
2b125587c000-2b125587e000 rw-p 0017d000 00:2c 7905980                    /apps/gnu/8.4.0/lib64/libstdc++.so.6.0.25
2b125587e000-2b1255882000 rw-p 00000000 00:00 0 
2b1255882000-2b1255983000 r-xp 00000000 00:24 3428781161                 /usr/lib64/libm-2.17.so
2b1255983000-2b1255b82000 ---p 00101000 00:24 3428781161                 /usr/lib64/libm-2.17.so
2b1255b82000-2b1255b83000 r--p 00100000 00:24 3428781161                 /usr/lib64/libm-2.17.so
2b1255b83000-2b1255b84000 rw-p 00101000 00:24 3428781161                 /usr/lib64/libm-2.17.so
2b1255b84000-2b1255bb1000 r-xp 00000000 00:2c 5669150                    /apps/gnu/8.4.0/lib64/libgomp.so.1.0.0
2b1255bb1000-2b1255db0000 ---p 0002d000 00:2c 5669150                    /apps/gnu/8.4.0/lib64/libgomp.so.1.0.0
2b1255db0000-2b1255db1000 r--p 0002c000 00:2c 5669150                    /apps/gnu/8.4.0/lib64/libgomp.so.1.0.0
2b1255db1000-2b1255db2000 rw-p 0002d000 00:2c 5669150                    /apps/gnu/8.4.0/lib64/libgomp.so.1.0.0
2b1255db2000-2b1255dc9000 r-xp 00000000 00:2c 5669148                    /apps/gnu/8.4.0/lib64/libgcc_s.so.1
2b1255dc9000-2b1255fc8000 ---p 00017000 00:2c 5669148                    /apps/gnu/8.4.0/lib64/libgcc_s.so.1
2b1255fc8000-2b1255fc9000 r--p 00016000 00:2c 5669148                    /apps/gnu/8.4.0/lib64/libgcc_s.so.1
2b1255fc9000-2b1255fca000 rw-p 00017000 00:2c 5669148                    /apps/gnu/8.4.0/lib64/libgcc_s.so.1
2b1255fca000-2b1255fe1000 r-xp 00000000 00:24 3428781193                 /usr/lib64/libpthread-2.17.so
2b1255fe1000-2b12561e0000 ---p 00017000 00:24 3428781193                 /usr/lib64/libpthread-2.17.so
2b12561e0000-2b12561e1000 r--p 00016000 00:24 3428781193                 /usr/lib64/libpthread-2.17.so
2b12561e1000-2b12561e2000 rw-p 00017000 00:24 3428781193                 /usr/lib64/libpthread-2.17.so
2b12561e2000-2b12561e6000 rw-p 00000000 00:00 0 
2b12561e6000-2b12563aa000 r-xp 00000000 00:24 3428781146                 /usr/lib64/libc-2.17.so
2b12563aa000-2b12565a9000 ---p 001c4000 00:24 3428781146                 /usr/lib64/libc-2.17.so
2b12565a9000-2b12565ad000 r--p 001c3000 00:24 3428781146                 /usr/lib64/libc-2.17.so
2b12565ad000-2b12565af000 rw-p 001c7000 00:24 3428781146                 /usr/lib64/libc-2.17.so
2b12565af000-2b12565b4000 rw-p 00000000 00:00 0 
2b12565b4000-2b12565b6000 r-xp 00000000 00:24 3428781159                 /usr/lib64/libdl-2.17.so
2b12565b6000-2b12567b6000 ---p 00002000 00:24 3428781159                 /usr/lib64/libdl-2.17.so
2b12567b6000-2b12567b7000 r--p 00002000 00:24 3428781159                 /usr/lib64/libdl-2.17.so
2b12567b7000-2b12567b8000 rw-p 00003000 00:24 3428781159                 /usr/lib64/libdl-2.17.so
2b12567b8000-2b12567bc000 r-xp 00000000 00:2c 21954920                   /apps/xalt/2.10.29/lib64/libuuid.so.1.3.0
2b12567bc000-2b12569bb000 ---p 00004000 00:2c 21954920                   /apps/xalt/2.10.29/lib64/libuuid.so.1.3.0
2b12569bb000-2b12569bc000 r--p 00003000 00:2c 21954920                   /apps/xalt/2.10.29/lib64/libuuid.so.1.3.0
2b12569bc000-2b12569bd000 rw-p 00004000 00:2c 21954920                   /apps/xalt/2.10.29/lib64/libuuid.so.1.3.0
2b126040a000-2b126040b000 ---p 00000000 00:00 0 
2b126040b000-2b126060b000 rw-p 00000000 00:00 0 
2b126060b000-2b126060c000 ---p 00000000 00:00 0 
2b126060c000-2b126080c000 rw-p 00000000 00:00 0 
2b126080c000-2b126080d000 ---p 00000000 00:00 0 
2b126080d000-2b1260a0d000 rw-p 00000000 00:00 0 
2b1260a0d000-2b1260a0e000 ---p 00000000 00:00 0 
2b1260a0e000-2b1260c0e000 rw-p 00000000 00:00 0 
2b1260c0e000-2b1260c0f000 ---p 00000000 00:00 0 
2b1260c0f000-2b1260e0f000 rw-p 00000000 00:00 0 
2b1260e0f000-2b1260e10000 ---p 00000000 00:00 0 
2b1260e10000-2b1261010000 rw-p 00000000 00:00 0 
2b1261010000-2b1261011000 ---p 00000000 00:00 0 
2b1261011000-2b1261211000 rw-p 00000000 00:00 0 
2b1261211000-2b1261212000 ---p 00000000 00:00 0 
2b1261212000-2b1261412000 rw-p 00000000 00:00 0 
2b1261412000-2b1261413000 ---p 00000000 00:00 0 
2b1261413000-2b1261613000 rw-p 00000000 00:00 0 
2b1261613000-2b1261614000 ---p 00000000 00:00 0 
2b1261614000-2b1261814000 rw-p 00000000 00:00 0 
2b1261814000-2b1261815000 ---p 00000000 00:00 0 
2b1261815000-2b1261a15000 rw-p 00000000 00:00 0 
2b1261a15000-2b1261a16000 ---p 00000000 00:00 0 
2b1261a16000-2b1261c16000 rw-p 00000000 00:00 0 
2b1261c16000-2b1261c17000 ---p 00000000 00:00 0 
2b1261c17000-2b1261e17000 rw-p 00000000 00:00 0 
2b1261e17000-2b1261e18000 ---p 00000000 00:00 0 
2b1261e18000-2b1262018000 rw-p 00000000 00:00 0 
2b1262018000-2b1262019000 ---p 00000000 00:00 0 
2b1262019000-2b1262219000 rw-p 00000000 00:00 0 
2b1262219000-2b126221a000 ---p 00000000 00:00 0 
2b126221a000-2b126241a000 rw-p 00000000 00:00 0 
2b126241a000-2b126241b000 ---p 00000000 00:00 0 
2b126241b000-2b126261b000 rw-p 00000000 00:00 0 
2b126261b000-2b126261c000 ---p 00000000 00:00 0 
2b126261c000-2b126281c000 rw-p 00000000 00:00 0 
2b126281c000-2b126281d000 ---p 00000000 00:00 0 
2b126281d000-2b1262a1d000 rw-p 00000000 00:00 0 
2b1264000000-2b126405b000 rw-p 00000000 00:00 0 
2b126405b000-2b1268000000 ---p 00000000 00:00 0 
2b1268000000-2b126805a000 rw-p 00000000 00:00 0 
2b126805a000-2b126c000000 ---p 00000000 00:00 0 
2b126c000000-2b126c058000 rw-p 00000000 00:00 0 
2b126c058000-2b1270000000 ---p 00000000 00:00 0 
2b1270000000-2b127005a000 rw-p 00000000 00:00 0 
2b127005a000-2b1274000000 ---p 00000000 00:00 0 
2b1274000000-2b1274059000 rw-p 00000000 00:00 0 
2b1274059000-2b1278000000 ---p 00000000 00:00 0 
2b1278000000-2b1278057000 rw-p 00000000 00:00 0 
2b1278057000-2b127c000000 ---p 00000000 00:00 0 
2b127c000000-2b127c060000 rw-p 00000000 00:00 0 
2b127c060000-2b1280000000 ---p 00000000 00:00 0 
2b1280000000-2b128005a000 rw-p 00000000 00:00 0 
2b128005a000-2b1284000000 ---p 00000000 00:00 0 
2b1284000000-2b1284057000 rw-p 00000000 00:00 0 
2b1284057000-2b1288000000 ---p 00000000 00:00 0 
2b1288000000-2b1288059000 rw-p 00000000 00:00 0 
2b1288059000-2b128c000000 ---p 00000000 00:00 0 
2b128c000000-2b128c058000 rw-p 00000000 00:00 0 
2b128c058000-2b1290000000 ---p 00000000 00:00 0 
2b1290000000-2b1290059000 rw-p 00000000 00:00 0 
2b1290059000-2b1294000000 ---p 00000000 00:00 0 
2b1294000000-2b1294058000 rw-p 00000000 00:00 0 
2b1294058000-2b1298000000 ---p 00000000 00:00 0 
2b1298000000-2b1298057000 rw-p 00000000 00:00 0 
2b1298057000-2b129c000000 ---p 00000000 00:00 0 
2b129c000000-2b129c056000 rw-p 00000000 00:00 0 
2b129c056000-2b12a0000000 ---p 00000000 00:00 0 
2b12a0000000-2b12a0058000 rw-p 00000000 00:00 0 
2b12a0058000-2b12a4000000 ---p 00000000 00:00 0 
2b12a4000000-2b12a4057000 rw-p 00000000 00:00 0 
2b12a4057000-2b12a8000000 ---p 00000000 00:00 0 
2b12a8000000-2b12a8057000 rw-p 00000000 00:00 0 
2b12a8057000-2b12ac000000 ---p 00000000 00:00 0 
2b12ac000000-2b12ac054000 rw-p 00000000 00:00 0 
2b12ac054000-2b12b0000000 ---p 00000000 00:00 0 
2b12b0000000-2b12b0058000 rw-p 00000000 00:00 0 
2b12b0058000-2b12b4000000 ---p 00000000 00:00 0 
2b12b4000000-2b12b4058000 rw-p 00000000 00:00 0 
2b12b4058000-2b12b8000000 ---p 00000000 00:00 0 
2b12b8000000-2b12b8056000 rw-p 00000000 00:00 0 
2b12b8056000-2b12bc000000 ---p 00000000 00:00 0 
2b12bc000000-2b12bc059000 rw-p 00000000 00:00 0 
2b12bc059000-2b12c0000000 ---p 00000000 00:00 0 
2b12c0000000-2b12c0058000 rw-p 00000000 00:00 0 
2b12c0058000-2b12c4000000 ---p 00000000 00:00 0 
2b12c4000000-2b12c4058000 rw-p 00000000 00:00 0 
2b12c4058000-2b12c8000000 ---p 00000000 00:00 0 
2b12c8000000-2b12c8061000 rw-p 00000000 00:00 0 
2b12c8061000-2b12cc000000 ---p 00000000 00:00 0 
2b12cc000000-2b12cc057000 rw-p 00000000 00:00 0 
2b12cc057000-2b12d0000000 ---p 00000000 00:00 0 
2b12d0000000-2b12d0058000 rw-p 00000000 00:00 0 
2b12d0058000-2b12d4000000 ---p 00000000 00:00 0 
2b12d4000000-2b12d4058000 rw-p 00000000 00:00 0 
2b12d4058000-2b12d8000000 ---p 00000000 00:00 0 
2b12d8000000-2b12d8058000 rw-p 00000000 00:00 0 
2b12d8058000-2b12dc000000 ---p 00000000 00:00 0 
2b12dc000000-2b12dc057000 rw-p 00000000 00:00 0 
2b12dc057000-2b12e0000000 ---p 00000000 00:00 0 
2b12e0000000-2b12e0058000 rw-p 00000000 00:00 0 
2b12e0058000-2b12e4000000 ---p 00000000 00:00 0 
2b12e4000000-2b12e4057000 rw-p 00000000 00:00 0 
2b12e4057000-2b12e8000000 ---p 00000000 00:00 0 
2b12e8000000-2b12e805a000 rw-p 00000000 00:00 0 
2b12e805a000-2b12ec000000 ---p 00000000 00:00 0 
2b12ec000000-2b12ec05b000 rw-p 00000000 00:00 0 
2b12ec05b000-2b12f0000000 ---p 00000000 00:00 0 
2b12f0000000-2b12f0055000 rw-p 00000000 00:00 0 
2b12f0055000-2b12f4000000 ---p 00000000 00:00 0 
2b12f4000000-2b12f4055000 rw-p 00000000 00:00 0 
2b12f4055000-2b12f8000000 ---p 00000000 00:00 0 
2b12f8000000-2b12f8057000 rw-p 00000000 00:00 0 
2b12f8057000-2b12fc000000 ---p 00000000 00:00 0 
2b12fc000000-2b12fc059000 rw-p 00000000 00:00 0 
2b12fc059000-2b1300000000 ---p 00000000 00:00 0 
2b1300000000-2b1300059000 rw-p 00000000 00:00 0 
2b1300059000-2b1304000000 ---p 00000000 00:00 0 
2b1304000000-2b1304056000 rw-p 00000000 00:00 0 
2b1304056000-2b1308000000 ---p 00000000 00:00 0 
2b1308000000-2b1308057000 rw-p 00000000 00:00 0 
2b1308057000-2b130c000000 ---p 00000000 00:00 0 
2b130c000000-2b130c056000 rw-p 00000000 00:00 0 
2b130c056000-2b1310000000 ---p 00000000 00:00 0 
2b1310000000-2b1310057000 rw-p 00000000 00:00 0 
2b1310057000-2b1314000000 ---p 00000000 00:00 0 
2b1314000000-2b1314057000 rw-p 00000000 00:00 0 
2b1314057000-2b1318000000 ---p 00000000 00:00 0 
2b1318000000-2b1318059000 rw-p 00000000 00:00 0 
2b1318059000-2b131c000000 ---p 00000000 00:00 0 
2b131c000000-2b131c056000 rw-p 00000000 00:00 0 
2b131c056000-2b1320000000 ---p 00000000 00:00 0 
2b1320000000-2b1320059000 rw-p 00000000 00:00 0 
2b1320059000-2b1324000000 ---p 00000000 00:00 0 
2b1324000000-2b1324058000 rw-p 00000000 00:00 0 
2b1324058000-2b1328000000 ---p 00000000 00:00 0 
2b1328000000-2b1328058000 rw-p 00000000 00:00 0 
2b1328058000-2b132c000000 ---p 00000000 00:00 0 
2b132c000000-2b132c057000 rw-p 00000000 00:00 0 
2b132c057000-2b1330000000 ---p 00000000 00:00 0 
2b1330000000-2b1330059000 rw-p 00000000 00:00 0 
2b1330059000-2b1334000000 ---p 00000000 00:00 0 
2b1334000000-2b1334058000 rw-p 00000000 00:00 0 
2b1334058000-2b1338000000 ---p 00000000 00:00 0 
2b1338000000-2b133805d000 rw-p 00000000 00:00 0 
2b133805d000-2b133c000000 ---p 00000000 00:00 0 
2b133c000000-2b133c058000 rw-p 00000000 00:00 0 
2b133c058000-2b1340000000 ---p 00000000 00:00 0 
2b1340000000-2b1340058000 rw-p 00000000 00:00 0 
2b1340058000-2b1344000000 ---p 00000000 00:00 0 
2b1344000000-2b1344058000 rw-p 00000000 00:00 0 
2b1344058000-2b1348000000 ---p 00000000 00:00 0 
2b1348000000-2b134805c000 rw-p 00000000 00:00 0 
2b134805c000-2b134c000000 ---p 00000000 00:00 0 
2b134c000000-2b134c059000 rw-p 00000000 00:00 0 
2b134c059000-2b1350000000 ---p 00000000 00:00 0 
2b1350000000-2b1350058000 rw-p 00000000 00:00 0 
2b1350058000-2b1354000000 ---p 00000000 00:00 0 
2b1354000000-2b1354058000 rw-p 00000000 00:00 0 
2b1354058000-2b1358000000 ---p 00000000 00:00 0 
2b1358000000-2b1358058000 rw-p 00000000 00:00 0 
2b1358058000-2b135c000000 ---p 00000000 00:00 0 
2b135c000000-2b135c057000 rw-p 00000000 00:00 0 
2b135c057000-2b1360000000 ---p 00000000 00:00 0 
2b1360000000-2b1360056000 rw-p 00000000 00:00 0 
2b1360056000-2b1364000000 ---p 00000000 00:00 0 
2b1364000000-2b136405a000 rw-p 00000000 00:00 0 
2b136405a000-2b1368000000 ---p 00000000 00:00 0 
2b1368000000-2b1368059000 rw-p 00000000 00:00 0 
2b1368059000-2b136c000000 ---p 00000000 00:00 0 
2b136c000000-2b136c059000 rw-p 00000000 00:00 0 
2b136c059000-2b1370000000 ---p 00000000 00:00 0 
2b1370000000-2b1370058000 rw-p 00000000 00:00 0 
2b1370058000-2b1374000000 ---p 00000000 00:00 0 
2b1374000000-2b1374058000 rw-p 00000000 00:00 0 
2b1374058000-2b1378000000 ---p 00000000 00:00 0 
2b1378000000-2b1378056000 rw-p 00000000 00:00 0 
2b1378056000-2b137c000000 ---p 00000000 00:00 0 
2b137c000000-2b137c058000 rw-p 00000000 00:00 0 
2b137c058000-2b1380000000 ---p 00000000 00:00 0 
2b1380000000-2b1380057000 rw-p 00000000 00:00 0 
2b1380057000-2b1384000000 ---p 00000000 00:00 0 
2b1384000000-2b1384058000 rw-p 00000000 00:00 0 
2b1384058000-2b1388000000 ---p 00000000 00:00 0 
2b1388000000-2b1388058000 rw-p 00000000 00:00 0 
2b1388058000-2b138c000000 ---p 00000000 00:00 0 
2b138c000000-2b138c058000 rw-p 00000000 00:00 0 
2b138c058000-2b1390000000 ---p 00000000 00:00 0 
2b1390000000-2b1390058000 rw-p 00000000 00:00 0 
2b1390058000-2b1394000000 ---p 00000000 00:00 0 
2b1394000000-2b1394056000 rw-p 00000000 00:00 0 
2b1394056000-2b1398000000 ---p 00000000 00:00 0 
2b1398000000-2b1398057000 rw-p 00000000 00:00 0 
2b1398057000-2b139c000000 ---p 00000000 00:00 0 
2b139c000000-2b139c059000 rw-p 00000000 00:00 0 
2b139c059000-2b13a0000000 ---p 00000000 00:00 0 
2b13a0000000-2b13a0059000 rw-p 00000000 00:00 0 
2b13a0059000-2b13a4000000 ---p 00000000 00:00 0 
2b13a4000000-2b13a4059000 rw-p 00000000 00:00 0 
2b13a4059000-2b13a8000000 ---p 00000000 00:00 0 
2b13a8000000-2b13a8058000 rw-p 00000000 00:00 0 
2b13a8058000-2b13ac000000 ---p 00000000 00:00 0 
2b13ac000000-2b13ac057000 rw-p 00000000 00:00 0 
2b13ac057000-2b13b0000000 ---p 00000000 00:00 0 
2b13b0000000-2b13b0057000 rw-p 00000000 00:00 0 
2b13b0057000-2b13b4000000 ---p 00000000 00:00 0 
2b13b4000000-2b13b4057000 rw-p 00000000 00:00 0 
2b13b4057000-2b13b8000000 ---p 00000000 00:00 0 
2b13b8000000-2b13b8057000 rw-p 00000000 00:00 0 
2b13b8057000-2b13bc000000 ---p 00000000 00:00 0 
2b13bc000000-2b13bc054000 rw-p 00000000 00:00 0 
2b13bc054000-2b13c0000000 ---p 00000000 00:00 0 
2b13c0000000-2b13c0056000 rw-p 00000000 00:00 0 
2b13c0056000-2b13c4000000 ---p 00000000 00:00 0 
2b13c4000000-2b13c405a000 rw-p 00000000 00:00 0 
2b13c405a000-2b13c8000000 ---p 00000000 00:00 0 
2b13c8000000-2b13c8056000 rw-p 00000000 00:00 0 
2b13c8056000-2b13cc000000 ---p 00000000 00:00 0 
2b13cc000000-2b13cc059000 rw-p 00000000 00:00 0 
2b13cc059000-2b13d0000000 ---p 00000000 00:00 0 
2b13d0000000-2b13d0058000 rw-p 00000000 00:00 0 
2b13d0058000-2b13d4000000 ---p 00000000 00:00 0 
2b13d4000000-2b13d4057000 rw-p 00000000 00:00 0 
2b13d4057000-2b13d8000000 ---p 00000000 00:00 0 
2b13d8000000-2b13d8056000 rw-p 00000000 00:00 0 
2b13d8056000-2b13dc000000 ---p 00000000 00:00 0 
2b13dc000000-2b13dc058000 rw-p 00000000 00:00 0 
2b13dc058000-2b13e0000000 ---p 00000000 00:00 0 
2b13e0000000-2b13e0057000 rw-p 00000000 00:00 0 
2b13e0057000-2b13e4000000 ---p 00000000 00:00 0 
7ffdc5521000-7ffdc5545000 rw-p 00000000 00:00 0                          [stack]
7ffdc5573000-7ffdc5575000 r-xp 00000000 00:00 0                          [vdso]
ffffffffff600000-ffffffffff601000 r-xp 00000000 00:00 0                  [vsyscall]

******************************************************************************************************
                                                                                    1197-15:6:25
*****************************************************************************************************


Command terminated by signal 6
	Command being timed: "./lgo vcseis 100 2 12 0.1 1.0 12"
	User time (seconds): 71.72
	System time (seconds): 0.76
	Percent of CPU this job got: 99%
	Elapsed (wall clock) time (h:mm:ss or m:ss): 1:13.04
	Average shared text size (kbytes): 0
	Average unshared data size (kbytes): 0
	Average stack size (kbytes): 0
	Average total size (kbytes): 0
	Maximum resident set size (kbytes): 368384
	Average resident set size (kbytes): 0
	Major (requiring I/O) page faults: 0
	Minor (reclaiming a frame) page faults: 175165
	Voluntary context switches: 53329
	Involuntary context switches: 15279
	Swaps: 0
	File system inputs: 0
	File system outputs: 817368
	Socket messages sent: 0
	Socket messages received: 0
	Signals delivered: 0
	Page size (bytes): 4096
	Exit status: 0
