C++17!
Using LSH-Graph for vcseis ...
c=        1.5
k=        100
L=        1
K=        18
T=        24
lsh_UB=   0
LOADING DATA...
Load from new file: /users/PAS2671/kabir36/kabir/similarity-search/dataset/vcseis/
N=    160178
dim=  256

LOADING TIME: 0.240766s.

LOADING BENMARK...
LOADING TIME: 0.000459s.

mkdir: missing operand
Try 'mkdir --help' for more information.

START HASHING...

SETTING HASH PARAMETER...
SETTING TIME: 0.0001s.

COMPUTING HASH...
COMPUTING TIME: 0.08815s.

[1m[31mWARNING:
[31mRanges of hash values is too LARGE. 
Please increase W at least 1times.
[0m[31mOld W=    0.3
New W=    1.68578e+09
Increase  5.61927e+09times.
[0mCONSTRUCTING GRAPH...

0%   10   20   30   40   50   60   70   80   90   100%
|----|----|----|----|----|----|----|----|----|----|
***************************************************
CONSTRUCTING TIME: 106.831s.

SAVING GRAPH...
SAVING TIME: 0.155372s.

dist=334.736450, cnt=33.866013, unique=1, std=9.680374, Recall=0.000573
cc=859.123108, pruning=0.395066

Loading FastGraph...
*******************************************************************************************************
The result of LSH-G for vcseis is as follow: k=100, probQ = 0.9, L = 1, K = 18, T = 24
******************************************************************************************************
     algName       k      ef        Time      Recall        Cost        CPQ1        CPQ2     Pruning

       fastG     100     200     0.38386      0.5155      825.44    -42.6125     782.828     1.95754

Command terminated by signal 11
	Command being timed: "./lgo vcseis 100 1 18 0.1 1.0 24"
	User time (seconds): 106.57
	System time (seconds): 0.78
	Percent of CPU this job got: 99%
	Elapsed (wall clock) time (h:mm:ss or m:ss): 1:47.88
	Average shared text size (kbytes): 0
	Average unshared data size (kbytes): 0
	Average stack size (kbytes): 0
	Average total size (kbytes): 0
	Maximum resident set size (kbytes): 387736
	Average resident set size (kbytes): 0
	Major (requiring I/O) page faults: 0
	Minor (reclaiming a frame) page faults: 252602
	Voluntary context switches: 45235
	Involuntary context switches: 23024
	Swaps: 0
	File system inputs: 0
	File system outputs: 562304
	Socket messages sent: 0
	Socket messages received: 0
	Signals delivered: 0
	Page size (bytes): 4096
	Exit status: 0
