C++17!
Using LSH-Graph for vcseis ...
c=        1.5
k=        100
L=        1
K=        18
T=        12
lsh_UB=   0
LOADING DATA...
Load from new file: /users/PAS2671/kabir36/kabir/similarity-search/dataset/vcseis/
N=    160178
dim=  256

LOADING TIME: 0.241242s.

LOADING BENMARK...
LOADING TIME: 0.000487s.

mkdir: missing operand
Try 'mkdir --help' for more information.

START HASHING...

SETTING HASH PARAMETER...
SETTING TIME: 9.8e-05s.

COMPUTING HASH...
COMPUTING TIME: 0.087367s.

[1m[31mWARNING:
[31mRanges of hash values is too LARGE. 
Please increase W at least 1times.
[0m[31mOld W=    0.3
New W=    1.68578e+09
Increase  5.61927e+09times.
[0mCONSTRUCTING GRAPH...

0%   10   20   30   40   50   60   70   80   90   100%
|----|----|----|----|----|----|----|----|----|----|
***************************************************
CONSTRUCTING TIME: 71.6264s.

SAVING GRAPH...
SAVING TIME: 0.117989s.

dist=333.772095, cnt=16.792475, unique=1, std=4.876249, Recall=0.000849
cc=618.582214, pruning=0.302309

Loading FastGraph...
*******************************************************************************************************
The result of LSH-G for vcseis is as follow: k=100, probQ = 0.9, L = 1, K = 18, T = 12
******************************************************************************************************
     algName       k      ef        Time      Recall        Cost        CPQ1        CPQ2     Pruning

       fastG     100     200     0.29756      0.5123      659.35    -108.711     550.639     1.36588

Command terminated by signal 11
	Command being timed: "./lgo vcseis 100 1 18 0.1 1.0 12"
	User time (seconds): 71.55
	System time (seconds): 0.63
	Percent of CPU this job got: 99%
	Elapsed (wall clock) time (h:mm:ss or m:ss): 1:12.56
	Average shared text size (kbytes): 0
	Average unshared data size (kbytes): 0
	Average stack size (kbytes): 0
	Average total size (kbytes): 0
	Maximum resident set size (kbytes): 355104
	Average resident set size (kbytes): 0
	Major (requiring I/O) page faults: 0
	Minor (reclaiming a frame) page faults: 171714
	Voluntary context switches: 34387
	Involuntary context switches: 15003
	Swaps: 0
	File system inputs: 0
	File system outputs: 453360
	Socket messages sent: 0
	Socket messages received: 0
	Signals delivered: 0
	Page size (bytes): 4096
	Exit status: 0
