C++17!
Using LSH-Graph for vcseis ...
c=        1.5
k=        100
L=        1
K=        6
T=        12
lsh_UB=   0
LOADING DATA...
Load from new file: /users/PAS2671/kabir36/kabir/similarity-search/dataset/vcseis/
N=    160178
dim=  256

LOADING TIME: 2.1508s.

MAKING BENMARK...

0%   10   20   30   40   50   60   70   80   90   100%
|----|----|----|----|----|----|----|----|----|----|
***************************************************
MAKING TIME: 11.8931s.

SAVING BENMARK...
SAVING TIME: 0.002494s.

mkdir: missing operand
Try 'mkdir --help' for more information.

START HASHING...

SETTING HASH PARAMETER...
SETTING TIME: 4.5e-05s.

COMPUTING HASH...
COMPUTING TIME: 0.038943s.

[1m[31mWARNING:
[31mRanges of hash values is too LARGE. 
Please increase W at least 1times.
[0m[31mOld W=    0.3
New W=    7.30954e+06
Increase  2.43651e+07times.
[0mCONSTRUCTING GRAPH...

0%   10   20   30   40   50   60   70   80   90   100%
|----|----|----|----|----|----|----|----|----|----|
***************************************************
CONSTRUCTING TIME: 73.3406s.

SAVING GRAPH...
SAVING TIME: 0.107643s.

dist=333.946533, cnt=16.765779, unique=1, std=4.879593, Recall=0.000850
cc=644.793640, pruning=0.229959

Loading FastGraph...
*******************************************************************************************************
The result of LSH-G for vcseis is as follow: k=100, probQ = 0.9, L = 1, K = 6, T = 12
******************************************************************************************************
     algName       k      ef        Time      Recall        Cost        CPQ1        CPQ2     Pruning

       fastG     100     200     0.33492      0.5434       850.5     115.061     965.561    0.817225

Command terminated by signal 11
	Command being timed: "./lgo vcseis 100 1 6 0.1 1.0 12"
	User time (seconds): 85.11
	System time (seconds): 0.90
	Percent of CPU this job got: 97%
	Elapsed (wall clock) time (h:mm:ss or m:ss): 1:28.33
	Average shared text size (kbytes): 0
	Average unshared data size (kbytes): 0
	Average stack size (kbytes): 0
	Average total size (kbytes): 0
	Maximum resident set size (kbytes): 458704
	Average resident set size (kbytes): 0
	Major (requiring I/O) page faults: 0
	Minor (reclaiming a frame) page faults: 200913
	Voluntary context switches: 38190
	Involuntary context switches: 19068
	Swaps: 0
	File system inputs: 321816
	File system outputs: 687552
	Socket messages sent: 0
	Socket messages received: 0
	Signals delivered: 0
	Page size (bytes): 4096
	Exit status: 0
