C++17!
Using LSH-Graph for word2vec ...
c=        1.5
k=        100
L=        2
K=        6
T=        24
lsh_UB=   0
LOADING DATA...
Load from new file: /users/PAS2671/kabir36/kabir/similarity-search/dataset/word2vec/
N=    1000000
dim=  300

LOADING TIME: 1.60388s.

LOADING BENMARK...
LOADING TIME: 0.000465s.

mkdir: missing operand
Try 'mkdir --help' for more information.

START HASHING...

SETTING HASH PARAMETER...
SETTING TIME: 8.1e-05s.

COMPUTING HASH...
COMPUTING TIME: 0.938088s.

[31mOld W=    0.3
New W=    0.3
Increase  1times.
[0mCONSTRUCTING GRAPH...

0%   10   20   30   40   50   60   70   80   90   100%
|----|----|----|----|----|----|----|----|----|----|
***************************************************
CONSTRUCTING TIME: 1091.04s.

SAVING GRAPH...
SAVING TIME: 1.07833s.

dist=2.193794, cnt=31.027679, unique=1, std=9.110609, Recall=0.000000
cc=1411.799316, pruning=0.147791

Loading FastGraph...
*******************************************************************************************************
The result of LSH-G for word2vec is as follow: k=100, probQ = 0.9, L = 2, K = 6, T = 24
******************************************************************************************************
     algName       k      ef        Time      Recall        Cost        CPQ1        CPQ2     Pruning

       fastG     100     200     2.72227      0.7237     3218.35     86.6706     3305.02    0.137987


******************************************************************************************************
                                                                                    1180-5:56:55
*****************************************************************************************************


	Command being timed: "./lgo word2vec 100 2 6 0.1 1.0 24"
	User time (seconds): 1082.69
	System time (seconds): 10.45
	Percent of CPU this job got: 99%
	Elapsed (wall clock) time (h:mm:ss or m:ss): 18:16.08
	Average shared text size (kbytes): 0
	Average unshared data size (kbytes): 0
	Average stack size (kbytes): 0
	Average total size (kbytes): 0
	Maximum resident set size (kbytes): 2536652
	Average resident set size (kbytes): 0
	Major (requiring I/O) page faults: 0
	Minor (reclaiming a frame) page faults: 7826277
	Voluntary context switches: 784010
	Involuntary context switches: 233285
	Swaps: 0
	File system inputs: 0
	File system outputs: 659112
	Socket messages sent: 0
	Socket messages received: 0
	Signals delivered: 0
	Page size (bytes): 4096
	Exit status: 0
