C++17!
Using LSH-Graph for word2vec ...
c=        1.5
k=        100
L=        2
K=        12
T=        12
lsh_UB=   0
LOADING DATA...
Load from new file: /users/PAS2671/kabir36/kabir/similarity-search/dataset/word2vec/
N=    1000000
dim=  300

LOADING TIME: 1.60691s.

LOADING BENMARK...
LOADING TIME: 0.000511s.

mkdir: missing operand
Try 'mkdir --help' for more information.

START HASHING...

SETTING HASH PARAMETER...
SETTING TIME: 0.000153s.

COMPUTING HASH...
COMPUTING TIME: 1.92114s.

[1m[31mWARNING:
[31mRanges of hash values is too LARGE. 
Please increase W at least 1times.
[0m[31mOld W=    0.3
New W=    2.36608
Increase  7.88693times.
[0mCONSTRUCTING GRAPH...

0%   10   20   30   40   50   60   70   80   90   100%
|----|----|----|----|----|----|----|----|----|----|
***************************************************
CONSTRUCTING TIME: 647.606s.

SAVING GRAPH...
SAVING TIME: 0.991135s.

dist=2.196159, cnt=15.224098, unique=1, std=4.500108, Recall=0.000000
cc=824.378052, pruning=0.150988

Loading FastGraph...
*******************************************************************************************************
The result of LSH-G for word2vec is as follow: k=100, probQ = 0.9, L = 2, K = 12, T = 12
******************************************************************************************************
     algName       k      ef        Time      Recall        Cost        CPQ1        CPQ2     Pruning

       fastG     100     200     1.24209      0.6313     2035.98     116.533     2152.51    0.119888


******************************************************************************************************
                                                                                    1180-6:7:49
*****************************************************************************************************


	Command being timed: "./lgo word2vec 100 2 12 0.1 1.0 12"
	User time (seconds): 642.24
	System time (seconds): 9.34
	Percent of CPU this job got: 99%
	Elapsed (wall clock) time (h:mm:ss or m:ss): 10:53.42
	Average shared text size (kbytes): 0
	Average unshared data size (kbytes): 0
	Average stack size (kbytes): 0
	Average total size (kbytes): 0
	Maximum resident set size (kbytes): 2532136
	Average resident set size (kbytes): 0
	Major (requiring I/O) page faults: 0
	Minor (reclaiming a frame) page faults: 7690998
	Voluntary context switches: 682115
	Involuntary context switches: 145951
	Swaps: 0
	File system inputs: 0
	File system outputs: 505952
	Socket messages sent: 0
	Socket messages received: 0
	Signals delivered: 0
	Page size (bytes): 4096
	Exit status: 0
