C++17!
Using LSH-Graph for word2vec ...
c=        1.5
k=        100
L=        1
K=        12
T=        24
lsh_UB=   0
LOADING DATA...
Load from new file: /users/PAS2671/kabir36/kabir/similarity-search/dataset/word2vec/
N=    1000000
dim=  300

LOADING TIME: 1.56152s.

LOADING BENMARK...
LOADING TIME: 0.000502s.

mkdir: missing operand
Try 'mkdir --help' for more information.

START HASHING...

SETTING HASH PARAMETER...
SETTING TIME: 8.5e-05s.

COMPUTING HASH...
COMPUTING TIME: 0.884178s.

[1m[31mWARNING:
[31mRanges of hash values is too LARGE. 
Please increase W at least 1times.
[0m[31mOld W=    0.3
New W=    2.27582
Increase  7.58607times.
[0mCONSTRUCTING GRAPH...

0%   10   20   30   40   50   60   70   80   90   100%
|----|----|----|----|----|----|----|----|----|----|
***************************************************
CONSTRUCTING TIME: 973.269s.

SAVING GRAPH...
SAVING TIME: 0.912069s.

dist=2.202837, cnt=31.036219, unique=1, std=9.116948, Recall=0.000189
cc=1353.661743, pruning=0.191287

Loading FastGraph...
*******************************************************************************************************
The result of LSH-G for word2vec is as follow: k=100, probQ = 0.9, L = 1, K = 12, T = 24
******************************************************************************************************
     algName       k      ef        Time      Recall        Cost        CPQ1        CPQ2     Pruning

       fastG     100     200     2.23433      0.7638      3146.9     159.963     3306.86    0.149274


******************************************************************************************************
                                                                                    1180-4:56:21
*****************************************************************************************************


	Command being timed: "./lgo word2vec 100 1 12 0.1 1.0 24"
	User time (seconds): 968.35
	System time (seconds): 6.79
	Percent of CPU this job got: 99%
	Elapsed (wall clock) time (h:mm:ss or m:ss): 16:17.85
	Average shared text size (kbytes): 0
	Average unshared data size (kbytes): 0
	Average stack size (kbytes): 0
	Average total size (kbytes): 0
	Maximum resident set size (kbytes): 2473352
	Average resident set size (kbytes): 0
	Major (requiring I/O) page faults: 0
	Minor (reclaiming a frame) page faults: 4743616
	Voluntary context switches: 463030
	Involuntary context switches: 209982
	Swaps: 0
	File system inputs: 0
	File system outputs: 635824
	Socket messages sent: 0
	Socket messages received: 0
	Signals delivered: 0
	Page size (bytes): 4096
	Exit status: 0
