C++17!
Using LSH-Graph for word2vec ...
c=        1.5
k=        100
L=        1
K=        18
T=        12
lsh_UB=   0
LOADING DATA...
Load from new file: /users/PAS2671/kabir36/kabir/similarity-search/dataset/word2vec/
N=    1000000
dim=  300

LOADING TIME: 1.60632s.

LOADING BENMARK...
LOADING TIME: 0.00049s.

mkdir: missing operand
Try 'mkdir --help' for more information.

START HASHING...

SETTING HASH PARAMETER...
SETTING TIME: 0.000112s.

COMPUTING HASH...
COMPUTING TIME: 1.40999s.

[1m[31mWARNING:
[31mRanges of hash values is too LARGE. 
Please increase W at least 1times.
[0m[31mOld W=    0.3
New W=    10.4783
Increase  34.9278times.
[0mCONSTRUCTING GRAPH...

0%   10   20   30   40   50   60   70   80   90   100%
|----|----|----|----|----|----|----|----|----|----|
***************************************************
CONSTRUCTING TIME: 744.509s.

SAVING GRAPH...
SAVING TIME: 0.895405s.

dist=2.183763, cnt=15.212346, unique=1, std=4.498249, Recall=0.000000
cc=830.593994, pruning=0.171569

Loading FastGraph...
*******************************************************************************************************
The result of LSH-G for word2vec is as follow: k=100, probQ = 0.9, L = 1, K = 18, T = 12
******************************************************************************************************
     algName       k      ef        Time      Recall        Cost        CPQ1        CPQ2     Pruning

       fastG     100     200     1.28435      0.6077      1884.3     152.221     2036.52    0.157671


******************************************************************************************************
                                                                                    1180-5:8:51
*****************************************************************************************************


	Command being timed: "./lgo word2vec 100 1 18 0.1 1.0 12"
	User time (seconds): 737.77
	System time (seconds): 9.69
	Percent of CPU this job got: 99%
	Elapsed (wall clock) time (h:mm:ss or m:ss): 12:29.51
	Average shared text size (kbytes): 0
	Average unshared data size (kbytes): 0
	Average stack size (kbytes): 0
	Average total size (kbytes): 0
	Maximum resident set size (kbytes): 2465116
	Average resident set size (kbytes): 0
	Major (requiring I/O) page faults: 0
	Minor (reclaiming a frame) page faults: 8018596
	Voluntary context switches: 493033
	Involuntary context switches: 164315
	Swaps: 0
	File system inputs: 0
	File system outputs: 435448
	Socket messages sent: 0
	Socket messages received: 0
	Signals delivered: 0
	Page size (bytes): 4096
	Exit status: 0
