C++17!
Using LSH-Graph for word2vec ...
c=        1.5
k=        100
L=        1
K=        12
T=        12
lsh_UB=   0
LOADING DATA...
Load from new file: /users/PAS2671/kabir36/kabir/similarity-search/dataset/word2vec/
N=    1000000
dim=  300

LOADING TIME: 1.59207s.

LOADING BENMARK...
LOADING TIME: 0.000465s.

mkdir: missing operand
Try 'mkdir --help' for more information.

START HASHING...

SETTING HASH PARAMETER...
SETTING TIME: 0.0001s.

COMPUTING HASH...
COMPUTING TIME: 0.882085s.

[1m[31mWARNING:
[31mRanges of hash values is too LARGE. 
Please increase W at least 1times.
[0m[31mOld W=    0.3
New W=    2.27582
Increase  7.58607times.
[0mCONSTRUCTING GRAPH...

0%   10   20   30   40   50   60   70   80   90   100%
|----|----|----|----|----|----|----|----|----|----|
***************************************************
CONSTRUCTING TIME: 574.869s.

SAVING GRAPH...
SAVING TIME: 0.647858s.

dist=2.172975, cnt=15.225088, unique=1, std=4.503185, Recall=0.000000
cc=824.863098, pruning=0.151049

Loading FastGraph...
*******************************************************************************************************
The result of LSH-G for word2vec is as follow: k=100, probQ = 0.9, L = 1, K = 12, T = 12
******************************************************************************************************
     algName       k      ef        Time      Recall        Cost        CPQ1        CPQ2     Pruning

       fastG     100     200     1.15904      0.6196     2028.78     103.488     2132.27    0.112989


******************************************************************************************************
                                                                                    1180-4:40:3
*****************************************************************************************************


	Command being timed: "./lgo word2vec 100 1 12 0.1 1.0 12"
	User time (seconds): 571.58
	System time (seconds): 5.83
	Percent of CPU this job got: 99%
	Elapsed (wall clock) time (h:mm:ss or m:ss): 9:38.96
	Average shared text size (kbytes): 0
	Average unshared data size (kbytes): 0
	Average stack size (kbytes): 0
	Average total size (kbytes): 0
	Maximum resident set size (kbytes): 2466056
	Average resident set size (kbytes): 0
	Major (requiring I/O) page faults: 0
	Minor (reclaiming a frame) page faults: 4641161
	Voluntary context switches: 387254
	Involuntary context switches: 127804
	Swaps: 0
	File system inputs: 0
	File system outputs: 388744
	Socket messages sent: 0
	Socket messages received: 0
	Signals delivered: 0
	Page size (bytes): 4096
	Exit status: 0
