C++17!
Using LSH-Graph for word2vec ...
c=        1.5
k=        100
L=        1
K=        6
T=        24
lsh_UB=   0
LOADING DATA...
Load from new file: /users/PAS2671/kabir36/kabir/similarity-search/dataset/word2vec/
N=    1000000
dim=  300

LOADING TIME: 1.62972s.

LOADING BENMARK...
LOADING TIME: 0.028581s.

mkdir: missing operand
Try 'mkdir --help' for more information.

START HASHING...

SETTING HASH PARAMETER...
SETTING TIME: 6.6e-05s.

COMPUTING HASH...
COMPUTING TIME: 0.513559s.

[31mOld W=    0.3
New W=    0.3
Increase  1times.
[0mCONSTRUCTING GRAPH...

0%   10   20   30   40   50   60   70   80   90   100%
|----|----|----|----|----|----|----|----|----|----|
***************************************************
CONSTRUCTING TIME: 1014.41s.

SAVING GRAPH...
SAVING TIME: 0.781951s.

dist=2.212632, cnt=31.015524, unique=1, std=9.108473, Recall=0.000381
cc=1417.261475, pruning=0.146708

Loading FastGraph...
*******************************************************************************************************
The result of LSH-G for word2vec is as follow: k=100, probQ = 0.9, L = 1, K = 6, T = 24
******************************************************************************************************
     algName       k      ef        Time      Recall        Cost        CPQ1        CPQ2     Pruning

       fastG     100     200     1.54098      0.7434     3140.46     78.9134     3219.37    0.138578


******************************************************************************************************
                                                                                    1180-4:30:24
*****************************************************************************************************


	Command being timed: "./lgo word2vec 100 1 6 0.1 1.0 24"
	User time (seconds): 1008.66
	System time (seconds): 7.05
	Percent of CPU this job got: 99%
	Elapsed (wall clock) time (h:mm:ss or m:ss): 16:58.45
	Average shared text size (kbytes): 0
	Average unshared data size (kbytes): 0
	Average stack size (kbytes): 0
	Average total size (kbytes): 0
	Maximum resident set size (kbytes): 2473628
	Average resident set size (kbytes): 0
	Major (requiring I/O) page faults: 0
	Minor (reclaiming a frame) page faults: 4747406
	Voluntary context switches: 465055
	Involuntary context switches: 217883
	Swaps: 0
	File system inputs: 0
	File system outputs: 588600
	Socket messages sent: 0
	Socket messages received: 0
	Signals delivered: 0
	Page size (bytes): 4096
	Exit status: 0
