C++17!
Using LSH-Graph for word2vec ...
c=        1.5
k=        100
L=        2
K=        18
T=        12
lsh_UB=   0
LOADING DATA...
Load from new file: /users/PAS2671/kabir36/kabir/similarity-search/dataset/word2vec/
N=    1000000
dim=  300

LOADING TIME: 1.61975s.

LOADING BENMARK...
LOADING TIME: 0.000513s.

mkdir: missing operand
Try 'mkdir --help' for more information.

START HASHING...

SETTING HASH PARAMETER...
SETTING TIME: 0.000213s.

COMPUTING HASH...
COMPUTING TIME: 2.90535s.

[1m[31mWARNING:
[31mRanges of hash values is too LARGE. 
Please increase W at least 1times.
[0m[31mOld W=    0.3
New W=    10.4783
Increase  34.9278times.
[0mCONSTRUCTING GRAPH...

0%   10   20   30   40   50   60   70   80   90   100%
|----|----|----|----|----|----|----|----|----|----|
***************************************************
CONSTRUCTING TIME: 667.639s.

SAVING GRAPH...
SAVING TIME: 1.0644s.

dist=2.172231, cnt=15.219229, unique=1, std=4.499100, Recall=0.000000
cc=837.213562, pruning=0.170147

Loading FastGraph...
*******************************************************************************************************
The result of LSH-G for word2vec is as follow: k=100, probQ = 0.9, L = 2, K = 18, T = 12
******************************************************************************************************
     algName       k      ef        Time      Recall        Cost        CPQ1        CPQ2     Pruning

       fastG     100     200     1.18386      0.6283     1917.91     171.838     2089.75    0.152854


******************************************************************************************************
                                                                                    1180-6:36:41
*****************************************************************************************************


	Command being timed: "./lgo word2vec 100 2 18 0.1 1.0 12"
	User time (seconds): 662.82
	System time (seconds): 10.00
	Percent of CPU this job got: 99%
	Elapsed (wall clock) time (h:mm:ss or m:ss): 11:14.74
	Average shared text size (kbytes): 0
	Average unshared data size (kbytes): 0
	Average stack size (kbytes): 0
	Average total size (kbytes): 0
	Maximum resident set size (kbytes): 2534064
	Average resident set size (kbytes): 0
	Major (requiring I/O) page faults: 0
	Minor (reclaiming a frame) page faults: 8364195
	Voluntary context switches: 695379
	Involuntary context switches: 149510
	Swaps: 0
	File system inputs: 0
	File system outputs: 599648
	Socket messages sent: 0
	Socket messages received: 0
	Signals delivered: 0
	Page size (bytes): 4096
	Exit status: 0
