C++17!
Using LSH-Graph for word2vec ...
c=        1.5
k=        100
L=        2
K=        6
T=        12
lsh_UB=   0
LOADING DATA...
Load from new file: /users/PAS2671/kabir36/kabir/similarity-search/dataset/word2vec/
N=    1000000
dim=  300

LOADING TIME: 1.62694s.

LOADING BENMARK...
LOADING TIME: 0.000485s.

mkdir: missing operand
Try 'mkdir --help' for more information.

START HASHING...

SETTING HASH PARAMETER...
SETTING TIME: 8.1e-05s.

COMPUTING HASH...
COMPUTING TIME: 0.948917s.

[31mOld W=    0.3
New W=    0.3
Increase  1times.
[0mCONSTRUCTING GRAPH...

0%   10   20   30   40   50   60   70   80   90   100%
|----|----|----|----|----|----|----|----|----|----|
***************************************************
CONSTRUCTING TIME: 630.387s.

SAVING GRAPH...
SAVING TIME: 0.910332s.

dist=2.172073, cnt=15.214487, unique=1, std=4.498725, Recall=0.000000
cc=855.831665, pruning=0.120228

Loading FastGraph...
*******************************************************************************************************
The result of LSH-G for word2vec is as follow: k=100, probQ = 0.9, L = 2, K = 6, T = 12
******************************************************************************************************
     algName       k      ef        Time      Recall        Cost        CPQ1        CPQ2     Pruning

       fastG     100     200     1.31359      0.5982     2041.65     58.0071     2099.66    0.112463


******************************************************************************************************
                                                                                    1180-5:38:39
*****************************************************************************************************


	Command being timed: "./lgo word2vec 100 2 6 0.1 1.0 12"
	User time (seconds): 625.42
	System time (seconds): 7.96
	Percent of CPU this job got: 99%
	Elapsed (wall clock) time (h:mm:ss or m:ss): 10:35.09
	Average shared text size (kbytes): 0
	Average unshared data size (kbytes): 0
	Average stack size (kbytes): 0
	Average total size (kbytes): 0
	Maximum resident set size (kbytes): 2532288
	Average resident set size (kbytes): 0
	Major (requiring I/O) page faults: 0
	Minor (reclaiming a frame) page faults: 6241986
	Voluntary context switches: 670027
	Involuntary context switches: 142072
	Swaps: 0
	File system inputs: 0
	File system outputs: 412024
	Socket messages sent: 0
	Socket messages received: 0
	Signals delivered: 0
	Page size (bytes): 4096
	Exit status: 0
