C++17!
Using LSH-Graph for yahoomusic ...
c=        1.5
k=        100
L=        1
K=        12
T=        12
lsh_UB=   0
LOADING DATA...
Load from new file: /users/PAS2671/kabir36/kabir/similarity-search/dataset/yahoomusic/
N=    136736
dim=  300

LOADING TIME: 0.22253s.

LOADING BENMARK...
LOADING TIME: 0.000466s.

mkdir: missing operand
Try 'mkdir --help' for more information.

START HASHING...

SETTING HASH PARAMETER...
SETTING TIME: 7.9e-05s.

COMPUTING HASH...
COMPUTING TIME: 0.123031s.

[1m[31mWARNING:
[31mRanges of hash values is too LARGE. 
Please increase W at least 1times.
[0m[31mOld W=    0.3
New W=    0.419886
Increase  1.39962times.
[0mCONSTRUCTING GRAPH...

0%   10   20   30   40   50   60   70   80   90   100%
|----|----|----|----|----|----|----|----|----|----|
***************************************************
CONSTRUCTING TIME: 32.9448s.

SAVING GRAPH...
SAVING TIME: 0.100115s.

dist=0.443423, cnt=18.924095, unique=1, std=4.610940, Recall=0.000000
cc=327.542877, pruning=0.196590

Loading FastGraph...
*******************************************************************************************************
The result of LSH-G for yahoomusic is as follow: k=100, probQ = 0.9, L = 1, K = 12, T = 12
******************************************************************************************************
     algName       k      ef        Time      Recall        Cost        CPQ1        CPQ2     Pruning

       fastG     100     200      0.5106      0.9401     1115.36     64.8839     1180.24    0.156371

Command terminated by signal 11
	Command being timed: "./lgo yahoomusic 100 1 12 0.1 1.0 12"
	User time (seconds): 33.09
	System time (seconds): 0.48
	Percent of CPU this job got: 99%
	Elapsed (wall clock) time (h:mm:ss or m:ss): 0:33.87
	Average shared text size (kbytes): 0
	Average unshared data size (kbytes): 0
	Average stack size (kbytes): 0
	Average total size (kbytes): 0
	Maximum resident set size (kbytes): 343156
	Average resident set size (kbytes): 0
	Major (requiring I/O) page faults: 0
	Minor (reclaiming a frame) page faults: 162191
	Voluntary context switches: 31715
	Involuntary context switches: 7911
	Swaps: 0
	File system inputs: 0
	File system outputs: 417496
	Socket messages sent: 0
	Socket messages received: 0
	Signals delivered: 0
	Page size (bytes): 4096
	Exit status: 0
