C++17!
Using LSH-Graph for yahoomusic ...
c=        1.5
k=        100
L=        1
K=        18
T=        24
lsh_UB=   0
LOADING DATA...
Load from new file: /users/PAS2671/kabir36/kabir/similarity-search/dataset/yahoomusic/
N=    136736
dim=  300

LOADING TIME: 0.220098s.

LOADING BENMARK...
LOADING TIME: 0.000508s.

mkdir: missing operand
Try 'mkdir --help' for more information.

START HASHING...

SETTING HASH PARAMETER...
SETTING TIME: 0.000116s.

COMPUTING HASH...
COMPUTING TIME: 0.17864s.

[1m[31mWARNING:
[31mRanges of hash values is too LARGE. 
Please increase W at least 1times.
[0m[31mOld W=    0.3
New W=    1.85949
Increase  6.19832times.
[0mCONSTRUCTING GRAPH...

0%   10   20   30   40   50   60   70   80   90   100%
|----|----|----|----|----|----|----|----|----|----|
***************************************************
CONSTRUCTING TIME: 47.6887s.

SAVING GRAPH...
SAVING TIME: 0.183635s.

dist=0.509235, cnt=37.972839, unique=1, std=9.062742, Recall=0.000000
cc=411.538452, pruning=0.473462

Loading FastGraph...
*******************************************************************************************************
The result of LSH-G for yahoomusic is as follow: k=100, probQ = 0.9, L = 1, K = 18, T = 24
******************************************************************************************************
     algName       k      ef        Time      Recall        Cost        CPQ1        CPQ2     Pruning

       fastG     100     200     0.68726      0.9784     1493.08     141.691     1634.77    0.275739

Command terminated by signal 11
	Command being timed: "./lgo yahoomusic 100 1 18 0.1 1.0 24"
	User time (seconds): 47.88
	System time (seconds): 0.49
	Percent of CPU this job got: 99%
	Elapsed (wall clock) time (h:mm:ss or m:ss): 0:48.83
	Average shared text size (kbytes): 0
	Average unshared data size (kbytes): 0
	Average stack size (kbytes): 0
	Average total size (kbytes): 0
	Maximum resident set size (kbytes): 345964
	Average resident set size (kbytes): 0
	Major (requiring I/O) page faults: 0
	Minor (reclaiming a frame) page faults: 166568
	Voluntary context switches: 33512
	Involuntary context switches: 10909
	Swaps: 0
	File system inputs: 0
	File system outputs: 470320
	Socket messages sent: 0
	Socket messages received: 0
	Signals delivered: 0
	Page size (bytes): 4096
	Exit status: 0
