C++17!
Using LSH-Graph for yahoomusic ...
c=        1.5
k=        100
L=        2
K=        6
T=        24
lsh_UB=   0
LOADING DATA...
Load from new file: /users/PAS2671/kabir36/kabir/similarity-search/dataset/yahoomusic/
N=    136736
dim=  300

LOADING TIME: 0.224382s.

LOADING BENMARK...
LOADING TIME: 0.000499s.

mkdir: missing operand
Try 'mkdir --help' for more information.

START HASHING...

SETTING HASH PARAMETER...
SETTING TIME: 7.8e-05s.

COMPUTING HASH...
COMPUTING TIME: 0.12265s.

[31mOld W=    0.3
New W=    0.3
Increase  1times.
[0mCONSTRUCTING GRAPH...

0%   10   20   30   40   50   60   70   80   90   100%
|----|----|----|----|----|----|----|----|----|----|
***************************************************
CONSTRUCTING TIME: 50.3117s.

SAVING GRAPH...
SAVING TIME: 0.147514s.

dist=0.511548, cnt=37.961182, unique=1, std=9.058813, Recall=0.000257
cc=497.314819, pruning=0.227621

Loading FastGraph...
*******************************************************************************************************
The result of LSH-G for yahoomusic is as follow: k=100, probQ = 0.9, L = 2, K = 6, T = 24
******************************************************************************************************
     algName       k      ef        Time      Recall        Cost        CPQ1        CPQ2     Pruning

       fastG     100     200     0.71168      0.9668     1637.57      52.558     1690.13     0.19248

Command terminated by signal 11
	Command being timed: "./lgo yahoomusic 100 2 6 0.1 1.0 24"
	User time (seconds): 50.39
	System time (seconds): 0.58
	Percent of CPU this job got: 99%
	Elapsed (wall clock) time (h:mm:ss or m:ss): 0:51.36
	Average shared text size (kbytes): 0
	Average unshared data size (kbytes): 0
	Average stack size (kbytes): 0
	Average total size (kbytes): 0
	Maximum resident set size (kbytes): 354156
	Average resident set size (kbytes): 0
	Major (requiring I/O) page faults: 0
	Minor (reclaiming a frame) page faults: 168919
	Voluntary context switches: 56618
	Involuntary context switches: 12023
	Swaps: 0
	File system inputs: 0
	File system outputs: 483184
	Socket messages sent: 0
	Socket messages received: 0
	Signals delivered: 0
	Page size (bytes): 4096
	Exit status: 0
