C++17!
Using LSH-Graph for yahoomusic ...
c=        1.5
k=        100
L=        1
K=        18
T=        12
lsh_UB=   0
LOADING DATA...
Load from new file: /users/PAS2671/kabir36/kabir/similarity-search/dataset/yahoomusic/
N=    136736
dim=  300

LOADING TIME: 0.221636s.

LOADING BENMARK...
LOADING TIME: 0.000804s.

mkdir: missing operand
Try 'mkdir --help' for more information.

START HASHING...

SETTING HASH PARAMETER...
SETTING TIME: 0.000114s.

COMPUTING HASH...
COMPUTING TIME: 0.182436s.

[1m[31mWARNING:
[31mRanges of hash values is too LARGE. 
Please increase W at least 1times.
[0m[31mOld W=    0.3
New W=    1.85949
Increase  6.19832times.
[0mCONSTRUCTING GRAPH...

0%   10   20   30   40   50   60   70   80   90   100%
|----|----|----|----|----|----|----|----|----|----|
***************************************************
CONSTRUCTING TIME: 33.2998s.

SAVING GRAPH...
SAVING TIME: 0.110752s.

dist=0.449440, cnt=18.904751, unique=1, std=4.610151, Recall=0.000000
cc=306.181488, pruning=0.277848

Loading FastGraph...
*******************************************************************************************************
The result of LSH-G for yahoomusic is as follow: k=100, probQ = 0.9, L = 1, K = 18, T = 12
******************************************************************************************************
     algName       k      ef        Time      Recall        Cost        CPQ1        CPQ2     Pruning

       fastG     100     200     0.53005      0.9454     1106.99     97.7813     1204.77    0.167481

Command terminated by signal 11
	Command being timed: "./lgo yahoomusic 100 1 18 0.1 1.0 12"
	User time (seconds): 33.55
	System time (seconds): 0.44
	Percent of CPU this job got: 99%
	Elapsed (wall clock) time (h:mm:ss or m:ss): 0:34.29
	Average shared text size (kbytes): 0
	Average unshared data size (kbytes): 0
	Average stack size (kbytes): 0
	Average total size (kbytes): 0
	Maximum resident set size (kbytes): 343140
	Average resident set size (kbytes): 0
	Major (requiring I/O) page faults: 0
	Minor (reclaiming a frame) page faults: 162676
	Voluntary context switches: 34264
	Involuntary context switches: 8089
	Swaps: 0
	File system inputs: 0
	File system outputs: 423704
	Socket messages sent: 0
	Socket messages received: 0
	Signals delivered: 0
	Page size (bytes): 4096
	Exit status: 0
