C++17!
Using LSH-Graph for Yelp ...
c=        1.5
k=        100
L=        2
K=        6
T=        24
lsh_UB=   0
LOADING DATA...
Load from new file: /users/PAS2671/kabir36/kabir/similarity-search/dataset/Yelp/
N=    77079
dim=  50

LOADING TIME: 0.037046s.

LOADING BENMARK...
LOADING TIME: 0.000452s.

mkdir: missing operand
Try 'mkdir --help' for more information.

START HASHING...

SETTING HASH PARAMETER...
SETTING TIME: 2.8e-05s.

COMPUTING HASH...
COMPUTING TIME: 0.014941s.

[31mOld W=    0.3
New W=    0.3
Increase  1times.
[0mCONSTRUCTING GRAPH...

0%   10   20   30   40   50   60   70   80   90   100%
|----|----|----|----|----|----|----|----|----|----|
***************************************************
CONSTRUCTING TIME: 19.723s.

SAVING GRAPH...
SAVING TIME: 0.088926s.

dist=0.871882, cnt=36.390572, unique=1, std=9.460365, Recall=0.000000
cc=412.150330, pruning=0.225637

Loading FastGraph...
*******************************************************************************************************
The result of LSH-G for Yelp is as follow: k=100, probQ = 0.9, L = 2, K = 6, T = 24
******************************************************************************************************
     algName       k      ef        Time      Recall        Cost        CPQ1        CPQ2     Pruning

       fastG     100     200     0.38366       0.504     1801.72     274.747     2076.47    0.177131

Command terminated by signal 11
	Command being timed: "./lgo Yelp 100 2 6 0.1 1.0 24"
	User time (seconds): 19.72
	System time (seconds): 0.27
	Percent of CPU this job got: 99%
	Elapsed (wall clock) time (h:mm:ss or m:ss): 0:20.18
	Average shared text size (kbytes): 0
	Average unshared data size (kbytes): 0
	Average stack size (kbytes): 0
	Average total size (kbytes): 0
	Maximum resident set size (kbytes): 122264
	Average resident set size (kbytes): 0
	Major (requiring I/O) page faults: 0
	Minor (reclaiming a frame) page faults: 25720
	Voluntary context switches: 27312
	Involuntary context switches: 4397
	Swaps: 0
	File system inputs: 0
	File system outputs: 297472
	Socket messages sent: 0
	Socket messages received: 0
	Signals delivered: 0
	Page size (bytes): 4096
	Exit status: 0
