C++17!
Using LSH-Graph for Yelp ...
c=        1.5
k=        100
L=        2
K=        18
T=        24
lsh_UB=   0
LOADING DATA...
Load from new file: /users/PAS2671/kabir36/kabir/similarity-search/dataset/Yelp/
N=    77079
dim=  50

LOADING TIME: 0.036411s.

LOADING BENMARK...
LOADING TIME: 0.000478s.

mkdir: missing operand
Try 'mkdir --help' for more information.

START HASHING...

SETTING HASH PARAMETER...
SETTING TIME: 4.8e-05s.

COMPUTING HASH...
COMPUTING TIME: 0.039822s.

[1m[31mWARNING:
[31mRanges of hash values is too LARGE. 
Please increase W at least 1times.
[0m[31mOld W=    0.3
New W=    1.89298
Increase  6.30994times.
[0mCONSTRUCTING GRAPH...

0%   10   20   30   40   50   60   70   80   90   100%
|----|----|----|----|----|----|----|----|----|----|
***************************************************
CONSTRUCTING TIME: 19.3411s.

SAVING GRAPH...
SAVING TIME: 0.106062s.

dist=0.859052, cnt=36.414848, unique=1, std=9.474992, Recall=0.000137
cc=358.723236, pruning=0.361274

Loading FastGraph...
*******************************************************************************************************
The result of LSH-G for Yelp is as follow: k=100, probQ = 0.9, L = 2, K = 18, T = 24
******************************************************************************************************
     algName       k      ef        Time      Recall        Cost        CPQ1        CPQ2     Pruning

       fastG     100     200     0.43134      0.4352     1817.99     825.196     2643.19    0.170705

Command terminated by signal 11
	Command being timed: "./lgo Yelp 100 2 18 0.1 1.0 24"
	User time (seconds): 19.39
	System time (seconds): 0.27
	Percent of CPU this job got: 98%
	Elapsed (wall clock) time (h:mm:ss or m:ss): 0:19.86
	Average shared text size (kbytes): 0
	Average unshared data size (kbytes): 0
	Average stack size (kbytes): 0
	Average total size (kbytes): 0
	Maximum resident set size (kbytes): 128576
	Average resident set size (kbytes): 0
	Major (requiring I/O) page faults: 0
	Minor (reclaiming a frame) page faults: 26799
	Voluntary context switches: 22690
	Involuntary context switches: 4275
	Swaps: 0
	File system inputs: 0
	File system outputs: 324552
	Socket messages sent: 0
	Socket messages received: 0
	Signals delivered: 0
	Page size (bytes): 4096
	Exit status: 0
