C++17!
Using LSH-Graph for Yelp ...
c=        1.5
k=        100
L=        1
K=        18
T=        24
lsh_UB=   0
LOADING DATA...
Load from new file: /users/PAS2671/kabir36/kabir/similarity-search/dataset/Yelp/
N=    77079
dim=  50

LOADING TIME: 0.036581s.

LOADING BENMARK...
LOADING TIME: 0.000494s.

mkdir: missing operand
Try 'mkdir --help' for more information.

START HASHING...

SETTING HASH PARAMETER...
SETTING TIME: 3.2e-05s.

COMPUTING HASH...
COMPUTING TIME: 0.020603s.

[1m[31mWARNING:
[31mRanges of hash values is too LARGE. 
Please increase W at least 1times.
[0m[31mOld W=    0.3
New W=    1.82071
Increase  6.06902times.
[0mCONSTRUCTING GRAPH...

0%   10   20   30   40   50   60   70   80   90   100%
|----|----|----|----|----|----|----|----|----|----|
***************************************************
CONSTRUCTING TIME: 19.9921s.

SAVING GRAPH...
SAVING TIME: 0.090406s.

dist=0.857092, cnt=36.376316, unique=1, std=9.462512, Recall=0.000000
cc=395.264526, pruning=0.344934

Loading FastGraph...
*******************************************************************************************************
The result of LSH-G for Yelp is as follow: k=100, probQ = 0.9, L = 1, K = 18, T = 24
******************************************************************************************************
     algName       k      ef        Time      Recall        Cost        CPQ1        CPQ2     Pruning

       fastG     100     200     0.49881      0.4951     1839.47     801.373     2640.84     0.15467

Command terminated by signal 11
	Command being timed: "./lgo Yelp 100 1 18 0.1 1.0 24"
	User time (seconds): 20.03
	System time (seconds): 0.24
	Percent of CPU this job got: 98%
	Elapsed (wall clock) time (h:mm:ss or m:ss): 0:20.49
	Average shared text size (kbytes): 0
	Average unshared data size (kbytes): 0
	Average stack size (kbytes): 0
	Average total size (kbytes): 0
	Maximum resident set size (kbytes): 119328
	Average resident set size (kbytes): 0
	Major (requiring I/O) page faults: 0
	Minor (reclaiming a frame) page faults: 25259
	Voluntary context switches: 14072
	Involuntary context switches: 4076
	Swaps: 0
	File system inputs: 0
	File system outputs: 293352
	Socket messages sent: 0
	Socket messages received: 0
	Signals delivered: 0
	Page size (bytes): 4096
	Exit status: 0
