C++17!
Using LSH-Graph for Yelp ...
c=        1.5
k=        100
L=        1
K=        6
T=        24
lsh_UB=   0
LOADING DATA...
Load from new file: /users/PAS2671/kabir36/kabir/similarity-search/dataset/Yelp/
N=    77079
dim=  50

LOADING TIME: 0.038711s.

LOADING BENMARK...
LOADING TIME: 0.000535s.

mkdir: missing operand
Try 'mkdir --help' for more information.

START HASHING...

SETTING HASH PARAMETER...
SETTING TIME: 1.9e-05s.

COMPUTING HASH...
COMPUTING TIME: 0.008123s.

[31mOld W=    0.3
New W=    0.3
Increase  1times.
[0mCONSTRUCTING GRAPH...

0%   10   20   30   40   50   60   70   80   90   100%
|----|----|----|----|----|----|----|----|----|----|
***************************************************
CONSTRUCTING TIME: 21.3709s.

SAVING GRAPH...
SAVING TIME: 0.073006s.

dist=0.862989, cnt=36.383514, unique=1, std=9.455288, Recall=0.000711
cc=464.322693, pruning=0.207948

Loading FastGraph...
*******************************************************************************************************
The result of LSH-G for Yelp is as follow: k=100, probQ = 0.9, L = 1, K = 6, T = 24
******************************************************************************************************
     algName       k      ef        Time      Recall        Cost        CPQ1        CPQ2     Pruning

       fastG     100     200      0.3595      0.5324     1933.02     285.968     2218.99    0.171467

*** Error in `./lgo': free(): invalid pointer: 0x0000000000f4f181 ***
======= Backtrace: =========
/lib64/libc.so.6(+0x81329)[0x2b7aff631329]
./lgo[0x40bb5e]
./lgo[0x408415]
/lib64/libc.so.6(__libc_start_main+0xf5)[0x2b7aff5d2555]
./lgo[0x408e0c]
======= Memory map: ========
00400000-00449000 r-xp 00000000 00:41 1794793                            /users/PAS2671/kabir36/kabir/similarity-search/models/LSH-APG/cppCode/LSH-APG/lgo
00648000-0064a000 r--p 00048000 00:41 1794793                            /users/PAS2671/kabir36/kabir/similarity-search/models/LSH-APG/cppCode/LSH-APG/lgo
0064a000-0064b000 rw-p 0004a000 00:41 1794793                            /users/PAS2671/kabir36/kabir/similarity-search/models/LSH-APG/cppCode/LSH-APG/lgo
0064d000-02730000 rw-p 00000000 00:00 0                                  [heap]
2b7afe262000-2b7afe284000 r-xp 00000000 00:24 3428292698                 /usr/lib64/ld-2.17.so
2b7afe284000-2b7afe28b000 rw-p 00000000 00:00 0 
2b7afe2d1000-2b7afe2d8000 rw-p 00000000 00:00 0 
2b7afe483000-2b7afe484000 r--p 00021000 00:24 3428292698                 /usr/lib64/ld-2.17.so
2b7afe484000-2b7afe485000 rw-p 00022000 00:24 3428292698                 /usr/lib64/ld-2.17.so
2b7afe485000-2b7afe486000 rw-p 00000000 00:00 0 
2b7afe486000-2b7afe4be000 r-xp 00000000 00:2c 19202863                   /apps/xalt/2.10.29/lib64/libxalt_init.so
2b7afe4be000-2b7afe6be000 ---p 00038000 00:2c 19202863                   /apps/xalt/2.10.29/lib64/libxalt_init.so
2b7afe6be000-2b7afe6bf000 r--p 00038000 00:2c 19202863                   /apps/xalt/2.10.29/lib64/libxalt_init.so
2b7afe6bf000-2b7afe6c0000 rw-p 00039000 00:2c 19202863                   /apps/xalt/2.10.29/lib64/libxalt_init.so
2b7afe6c0000-2b7afe6c1000 rw-p 00000000 00:00 0 
2b7afe6c1000-2b7afe6c8000 r-xp 00000000 00:24 3428781212                 /usr/lib64/librt-2.17.so
2b7afe6c8000-2b7afe8c7000 ---p 00007000 00:24 3428781212                 /usr/lib64/librt-2.17.so
2b7afe8c7000-2b7afe8c8000 r--p 00006000 00:24 3428781212                 /usr/lib64/librt-2.17.so
2b7afe8c8000-2b7afe8c9000 rw-p 00007000 00:24 3428781212                 /usr/lib64/librt-2.17.so
2b7afe8c9000-2b7afea3d000 r-xp 00000000 00:2c 7905980                    /apps/gnu/8.4.0/lib64/libstdc++.so.6.0.25
2b7afea3d000-2b7afec3c000 ---p 00174000 00:2c 7905980                    /apps/gnu/8.4.0/lib64/libstdc++.so.6.0.25
2b7afec3c000-2b7afec46000 r--p 00173000 00:2c 7905980                    /apps/gnu/8.4.0/lib64/libstdc++.so.6.0.25
2b7afec46000-2b7afec48000 rw-p 0017d000 00:2c 7905980                    /apps/gnu/8.4.0/lib64/libstdc++.so.6.0.25
2b7afec48000-2b7afec4c000 rw-p 00000000 00:00 0 
2b7afec4c000-2b7afed4d000 r-xp 00000000 00:24 3428781161                 /usr/lib64/libm-2.17.so
2b7afed4d000-2b7afef4c000 ---p 00101000 00:24 3428781161                 /usr/lib64/libm-2.17.so
2b7afef4c000-2b7afef4d000 r--p 00100000 00:24 3428781161                 /usr/lib64/libm-2.17.so
2b7afef4d000-2b7afef4e000 rw-p 00101000 00:24 3428781161                 /usr/lib64/libm-2.17.so
2b7afef4e000-2b7afef7b000 r-xp 00000000 00:2c 5669150                    /apps/gnu/8.4.0/lib64/libgomp.so.1.0.0
2b7afef7b000-2b7aff17a000 ---p 0002d000 00:2c 5669150                    /apps/gnu/8.4.0/lib64/libgomp.so.1.0.0
2b7aff17a000-2b7aff17b000 r--p 0002c000 00:2c 5669150                    /apps/gnu/8.4.0/lib64/libgomp.so.1.0.0
2b7aff17b000-2b7aff17c000 rw-p 0002d000 00:2c 5669150                    /apps/gnu/8.4.0/lib64/libgomp.so.1.0.0
2b7aff17c000-2b7aff193000 r-xp 00000000 00:2c 5669148                    /apps/gnu/8.4.0/lib64/libgcc_s.so.1
2b7aff193000-2b7aff392000 ---p 00017000 00:2c 5669148                    /apps/gnu/8.4.0/lib64/libgcc_s.so.1
2b7aff392000-2b7aff393000 r--p 00016000 00:2c 5669148                    /apps/gnu/8.4.0/lib64/libgcc_s.so.1
2b7aff393000-2b7aff394000 rw-p 00017000 00:2c 5669148                    /apps/gnu/8.4.0/lib64/libgcc_s.so.1
2b7aff394000-2b7aff3ab000 r-xp 00000000 00:24 3428781193                 /usr/lib64/libpthread-2.17.so
2b7aff3ab000-2b7aff5aa000 ---p 00017000 00:24 3428781193                 /usr/lib64/libpthread-2.17.so
2b7aff5aa000-2b7aff5ab000 r--p 00016000 00:24 3428781193                 /usr/lib64/libpthread-2.17.so
2b7aff5ab000-2b7aff5ac000 rw-p 00017000 00:24 3428781193                 /usr/lib64/libpthread-2.17.so
2b7aff5ac000-2b7aff5b0000 rw-p 00000000 00:00 0 
2b7aff5b0000-2b7aff774000 r-xp 00000000 00:24 3428781146                 /usr/lib64/libc-2.17.so
2b7aff774000-2b7aff973000 ---p 001c4000 00:24 3428781146                 /usr/lib64/libc-2.17.so
2b7aff973000-2b7aff977000 r--p 001c3000 00:24 3428781146                 /usr/lib64/libc-2.17.so
2b7aff977000-2b7aff979000 rw-p 001c7000 00:24 3428781146                 /usr/lib64/libc-2.17.so
2b7aff979000-2b7aff97e000 rw-p 00000000 00:00 0 
2b7aff97e000-2b7aff980000 r-xp 00000000 00:24 3428781159                 /usr/lib64/libdl-2.17.so
2b7aff980000-2b7affb80000 ---p 00002000 00:24 3428781159                 /usr/lib64/libdl-2.17.so
2b7affb80000-2b7affb81000 r--p 00002000 00:24 3428781159                 /usr/lib64/libdl-2.17.so
2b7affb81000-2b7affb82000 rw-p 00003000 00:24 3428781159                 /usr/lib64/libdl-2.17.so
2b7affb82000-2b7affb86000 r-xp 00000000 00:2c 21954920                   /apps/xalt/2.10.29/lib64/libuuid.so.1.3.0
2b7affb86000-2b7affd85000 ---p 00004000 00:2c 21954920                   /apps/xalt/2.10.29/lib64/libuuid.so.1.3.0
2b7affd85000-2b7affd86000 r--p 00003000 00:2c 21954920                   /apps/xalt/2.10.29/lib64/libuuid.so.1.3.0
2b7affd86000-2b7affd87000 rw-p 00004000 00:2c 21954920                   /apps/xalt/2.10.29/lib64/libuuid.so.1.3.0
2b7affd87000-2b7b03afc000 rw-p 00000000 00:00 0 
2b7b0c6e0000-2b7b0c6e1000 ---p 00000000 00:00 0 
2b7b0c6e1000-2b7b0c8e1000 rw-p 00000000 00:00 0 
2b7b0c8e1000-2b7b0c8e2000 ---p 00000000 00:00 0 
2b7b0c8e2000-2b7b0cae2000 rw-p 00000000 00:00 0 
2b7b0cae2000-2b7b0cae3000 ---p 00000000 00:00 0 
2b7b0cae3000-2b7b0cce3000 rw-p 00000000 00:00 0 
2b7b0cce3000-2b7b0cce4000 ---p 00000000 00:00 0 
2b7b0cce4000-2b7b0cee4000 rw-p 00000000 00:00 0 
2b7b0cee4000-2b7b0cee5000 ---p 00000000 00:00 0 
2b7b0cee5000-2b7b0d0e5000 rw-p 00000000 00:00 0 
2b7b0d0e5000-2b7b0d0e6000 ---p 00000000 00:00 0 
2b7b0d0e6000-2b7b0d2e6000 rw-p 00000000 00:00 0 
2b7b0d2e6000-2b7b0d2e7000 ---p 00000000 00:00 0 
2b7b0d2e7000-2b7b0d4e7000 rw-p 00000000 00:00 0 
2b7b0d4e7000-2b7b0d4e8000 ---p 00000000 00:00 0 
2b7b0d4e8000-2b7b0d6e8000 rw-p 00000000 00:00 0 
2b7b0d6e8000-2b7b0d6e9000 ---p 00000000 00:00 0 
2b7b0d6e9000-2b7b0d8e9000 rw-p 00000000 00:00 0 
2b7b0d8e9000-2b7b0d8ea000 ---p 00000000 00:00 0 
2b7b0d8ea000-2b7b0daea000 rw-p 00000000 00:00 0 
2b7b0daea000-2b7b0daeb000 ---p 00000000 00:00 0 
2b7b0daeb000-2b7b0dceb000 rw-p 00000000 00:00 0 
2b7b0dceb000-2b7b0dcec000 ---p 00000000 00:00 0 
2b7b0dcec000-2b7b0deec000 rw-p 00000000 00:00 0 
2b7b0deec000-2b7b0deed000 ---p 00000000 00:00 0 
2b7b0deed000-2b7b0e0ed000 rw-p 00000000 00:00 0 
2b7b0e0ed000-2b7b0e0ee000 ---p 00000000 00:00 0 
2b7b0e0ee000-2b7b0e2ee000 rw-p 00000000 00:00 0 
2b7b0e2ee000-2b7b0e2ef000 ---p 00000000 00:00 0 
2b7b0e2ef000-2b7b0e4ef000 rw-p 00000000 00:00 0 
2b7b0e4ef000-2b7b0e4f0000 ---p 00000000 00:00 0 
2b7b0e4f0000-2b7b0e6f0000 rw-p 00000000 00:00 0 
2b7b0e6f0000-2b7b0e6f1000 ---p 00000000 00:00 0 
2b7b0e6f1000-2b7b0e8f1000 rw-p 00000000 00:00 0 
2b7b0e8f1000-2b7b0e8f2000 ---p 00000000 00:00 0 
2b7b0e8f2000-2b7b0eaf2000 rw-p 00000000 00:00 0 
2b7b0eaf2000-2b7b0eaf3000 ---p 00000000 00:00 0 
2b7b0eaf3000-2b7b0ecf3000 rw-p 00000000 00:00 0 
2b7b10000000-2b7b1002c000 rw-p 00000000 00:00 0 
2b7b1002c000-2b7b14000000 ---p 00000000 00:00 0 
2b7b14000000-2b7b1402d000 rw-p 00000000 00:00 0 
2b7b1402d000-2b7b18000000 ---p 00000000 00:00 0 
2b7b18000000-2b7b18035000 rw-p 00000000 00:00 0 
2b7b18035000-2b7b1c000000 ---p 00000000 00:00 0 
2b7b1c000000-2b7b1c02d000 rw-p 00000000 00:00 0 
2b7b1c02d000-2b7b20000000 ---p 00000000 00:00 0 
2b7b20000000-2b7b2002c000 rw-p 00000000 00:00 0 
2b7b2002c000-2b7b24000000 ---p 00000000 00:00 0 
2b7b24000000-2b7b2402c000 rw-p 00000000 00:00 0 
2b7b2402c000-2b7b28000000 ---p 00000000 00:00 0 
2b7b28000000-2b7b2802c000 rw-p 00000000 00:00 0 
2b7b2802c000-2b7b2c000000 ---p 00000000 00:00 0 
2b7b2c000000-2b7b2c035000 rw-p 00000000 00:00 0 
2b7b2c035000-2b7b30000000 ---p 00000000 00:00 0 
2b7b30000000-2b7b3002b000 rw-p 00000000 00:00 0 
2b7b3002b000-2b7b34000000 ---p 00000000 00:00 0 
2b7b34000000-2b7b3402b000 rw-p 00000000 00:00 0 
2b7b3402b000-2b7b38000000 ---p 00000000 00:00 0 
2b7b38000000-2b7b3802c000 rw-p 00000000 00:00 0 
2b7b3802c000-2b7b3c000000 ---p 00000000 00:00 0 
2b7b3c000000-2b7b3c030000 rw-p 00000000 00:00 0 
2b7b3c030000-2b7b40000000 ---p 00000000 00:00 0 
2b7b40000000-2b7b4002c000 rw-p 00000000 00:00 0 
2b7b4002c000-2b7b44000000 ---p 00000000 00:00 0 
2b7b44000000-2b7b4402b000 rw-p 00000000 00:00 0 
2b7b4402b000-2b7b48000000 ---p 00000000 00:00 0 
2b7b48000000-2b7b4802a000 rw-p 00000000 00:00 0 
2b7b4802a000-2b7b4c000000 ---p 00000000 00:00 0 
2b7b4c000000-2b7b4c02b000 rw-p 00000000 00:00 0 
2b7b4c02b000-2b7b50000000 ---p 00000000 00:00 0 
2b7b50000000-2b7b5002b000 rw-p 00000000 00:00 0 
2b7b5002b000-2b7b54000000 ---p 00000000 00:00 0 
2b7b54000000-2b7b5402c000 rw-p 00000000 00:00 0 
2b7b5402c000-2b7b58000000 ---p 00000000 00:00 0 
2b7b58000000-2b7b5802b000 rw-p 00000000 00:00 0 
2b7b5802b000-2b7b5c000000 ---p 00000000 00:00 0 
2b7b5c000000-2b7b5c02c000 rw-p 00000000 00:00 0 
2b7b5c02c000-2b7b60000000 ---p 00000000 00:00 0 
2b7b60000000-2b7b6002d000 rw-p 00000000 00:00 0 
2b7b6002d000-2b7b64000000 ---p 00000000 00:00 0 
2b7b64000000-2b7b6402c000 rw-p 00000000 00:00 0 
2b7b6402c000-2b7b68000000 ---p 00000000 00:00 0 
2b7b68000000-2b7b6802c000 rw-p 00000000 00:00 0 
2b7b6802c000-2b7b6c000000 ---p 00000000 00:00 0 
2b7b6c000000-2b7b6c02c000 rw-p 00000000 00:00 0 
2b7b6c02c000-2b7b70000000 ---p 00000000 00:00 0 
2b7b70000000-2b7b7002c000 rw-p 00000000 00:00 0 
2b7b7002c000-2b7b74000000 ---p 00000000 00:00 0 
2b7b74000000-2b7b7402b000 rw-p 00000000 00:00 0 
2b7b7402b000-2b7b78000000 ---p 00000000 00:00 0 
2b7b78000000-2b7b7802c000 rw-p 00000000 00:00 0 
2b7b7802c000-2b7b7c000000 ---p 00000000 00:00 0 
2b7b7c000000-2b7b7c02e000 rw-p 00000000 00:00 0 
2b7b7c02e000-2b7b80000000 ---p 00000000 00:00 0 
2b7b80000000-2b7b80034000 rw-p 00000000 00:00 0 
2b7b80034000-2b7b84000000 ---p 00000000 00:00 0 
2b7b84000000-2b7b8402f000 rw-p 00000000 00:00 0 
2b7b8402f000-2b7b88000000 ---p 00000000 00:00 0 
2b7b88000000-2b7b8802b000 rw-p 00000000 00:00 0 
2b7b8802b000-2b7b8c000000 ---p 00000000 00:00 0 
2b7b8c000000-2b7b8c02b000 rw-p 00000000 00:00 0 
2b7b8c02b000-2b7b90000000 ---p 00000000 00:00 0 
2b7b90000000-2b7b90033000 rw-p 00000000 00:00 0 
2b7b90033000-2b7b94000000 ---p 00000000 00:00 0 
2b7b94000000-2b7b94031000 rw-p 00000000 00:00 0 
2b7b94031000-2b7b98000000 ---p 00000000 00:00 0 
2b7b98000000-2b7b9802f000 rw-p 00000000 00:00 0 
2b7b9802f000-2b7b9c000000 ---p 00000000 00:00 0 
2b7b9c000000-2b7b9c02a000 rw-p 00000000 00:00 0 
2b7b9c02a000-2b7ba0000000 ---p 00000000 00:00 0 
2b7ba0000000-2b7ba0029000 rw-p 00000000 00:00 0 
2b7ba0029000-2b7ba4000000 ---p 00000000 00:00 0 
2b7ba4000000-2b7ba402b000 rw-p 00000000 00:00 0 
2b7ba402b000-2b7ba8000000 ---p 00000000 00:00 0 
2b7ba8000000-2b7ba802d000 rw-p 00000000 00:00 0 
2b7ba802d000-2b7bac000000 ---p 00000000 00:00 0 
2b7bac000000-2b7bac02f000 rw-p 00000000 00:00 0 
2b7bac02f000-2b7bb0000000 ---p 00000000 00:00 0 
2b7bb0000000-2b7bb002d000 rw-p 00000000 00:00 0 
2b7bb002d000-2b7bb4000000 ---p 00000000 00:00 0 
2b7bb4000000-2b7bb402c000 rw-p 00000000 00:00 0 
2b7bb402c000-2b7bb8000000 ---p 00000000 00:00 0 
2b7bb8000000-2b7bb8028000 rw-p 00000000 00:00 0 
2b7bb8028000-2b7bbc000000 ---p 00000000 00:00 0 
2b7bbc000000-2b7bbc02d000 rw-p 00000000 00:00 0 
2b7bbc02d000-2b7bc0000000 ---p 00000000 00:00 0 
2b7bc0000000-2b7bc002d000 rw-p 00000000 00:00 0 
2b7bc002d000-2b7bc4000000 ---p 00000000 00:00 0 
2b7bc4000000-2b7bc4037000 rw-p 00000000 00:00 0 
2b7bc4037000-2b7bc8000000 ---p 00000000 00:00 0 
2b7bc8000000-2b7bc8031000 rw-p 00000000 00:00 0 
2b7bc8031000-2b7bcc000000 ---p 00000000 00:00 0 
2b7bcc000000-2b7bcc032000 rw-p 00000000 00:00 0 
2b7bcc032000-2b7bd0000000 ---p 00000000 00:00 0 
2b7bd0000000-2b7bd0032000 rw-p 00000000 00:00 0 
2b7bd0032000-2b7bd4000000 ---p 00000000 00:00 0 
2b7bd4000000-2b7bd4034000 rw-p 00000000 00:00 0 
2b7bd4034000-2b7bd8000000 ---p 00000000 00:00 0 
2b7bd8000000-2b7bd802d000 rw-p 00000000 00:00 0 
2b7bd802d000-2b7bdc000000 ---p 00000000 00:00 0 
2b7bdc000000-2b7bdc034000 rw-p 00000000 00:00 0 
2b7bdc034000-2b7be0000000 ---p 00000000 00:00 0 
2b7be0000000-2b7be002b000 rw-p 00000000 00:00 0 
2b7be002b000-2b7be4000000 ---p 00000000 00:00 0 
2b7be4000000-2b7be402e000 rw-p 00000000 00:00 0 
2b7be402e000-2b7be8000000 ---p 00000000 00:00 0 
2b7be8000000-2b7be802d000 rw-p 00000000 00:00 0 
2b7be802d000-2b7bec000000 ---p 00000000 00:00 0 
2b7bec000000-2b7bec02b000 rw-p 00000000 00:00 0 
2b7bec02b000-2b7bf0000000 ---p 00000000 00:00 0 
2b7bf0000000-2b7bf002d000 rw-p 00000000 00:00 0 
2b7bf002d000-2b7bf4000000 ---p 00000000 00:00 0 
2b7bf4000000-2b7bf402b000 rw-p 00000000 00:00 0 
2b7bf402b000-2b7bf8000000 ---p 00000000 00:00 0 
2b7bf8000000-2b7bf802c000 rw-p 00000000 00:00 0 
2b7bf802c000-2b7bfc000000 ---p 00000000 00:00 0 
2b7bfc000000-2b7bfc030000 rw-p 00000000 00:00 0 
2b7bfc030000-2b7c00000000 ---p 00000000 00:00 0 
2b7c00000000-2b7c00030000 rw-p 00000000 00:00 0 
2b7c00030000-2b7c04000000 ---p 00000000 00:00 0 
2b7c04000000-2b7c04031000 rw-p 00000000 00:00 0 
2b7c04031000-2b7c08000000 ---p 00000000 00:00 0 
2b7c08000000-2b7c0802d000 rw-p 00000000 00:00 0 
2b7c0802d000-2b7c0c000000 ---p 00000000 00:00 0 
2b7c0c000000-2b7c0c02a000 rw-p 00000000 00:00 0 
2b7c0c02a000-2b7c10000000 ---p 00000000 00:00 0 
2b7c10000000-2b7c10031000 rw-p 00000000 00:00 0 
2b7c10031000-2b7c14000000 ---p 00000000 00:00 0 
2b7c14000000-2b7c1402a000 rw-p 00000000 00:00 0 
2b7c1402a000-2b7c18000000 ---p 00000000 00:00 0 
2b7c18000000-2b7c1802c000 rw-p 00000000 00:00 0 
2b7c1802c000-2b7c1c000000 ---p 00000000 00:00 0 
2b7c1c000000-2b7c1c02c000 rw-p 00000000 00:00 0 
2b7c1c02c000-2b7c20000000 ---p 00000000 00:00 0 
2b7c20000000-2b7c2002d000 rw-p 00000000 00:00 0 
2b7c2002d000-2b7c24000000 ---p 00000000 00:00 0 
2b7c24000000-2b7c2402c000 rw-p 00000000 00:00 0 
2b7c2402c000-2b7c28000000 ---p 00000000 00:00 0 
2b7c28000000-2b7c2802c000 rw-p 00000000 00:00 0 
2b7c2802c000-2b7c2c000000 ---p 00000000 00:00 0 
2b7c2c000000-2b7c2c02b000 rw-p 00000000 00:00 0 
2b7c2c02b000-2b7c30000000 ---p 00000000 00:00 0 
2b7c30000000-2b7c3002b000 rw-p 00000000 00:00 0 
2b7c3002b000-2b7c34000000 ---p 00000000 00:00 0 
2b7c34000000-2b7c3402b000 rw-p 00000000 00:00 0 
2b7c3402b000-2b7c38000000 ---p 00000000 00:00 0 
2b7c38000000-2b7c3802a000 rw-p 00000000 00:00 0 
2b7c3802a000-2b7c3c000000 ---p 00000000 00:00 0 
2b7c3c000000-2b7c3c035000 rw-p 00000000 00:00 0 
2b7c3c035000-2b7c40000000 ---p 00000000 00:00 0 
2b7c40000000-2b7c4002d000 rw-p 00000000 00:00 0 
2b7c4002d000-2b7c44000000 ---p 00000000 00:00 0 
2b7c44000000-2b7c4402d000 rw-p 00000000 00:00 0 
2b7c4402d000-2b7c48000000 ---p 00000000 00:00 0 
2b7c48000000-2b7c4802d000 rw-p 00000000 00:00 0 
2b7c4802d000-2b7c4c000000 ---p 00000000 00:00 0 
2b7c4c000000-2b7c4c02e000 rw-p 00000000 00:00 0 
2b7c4c02e000-2b7c50000000 ---p 00000000 00:00 0 
2b7c50000000-2b7c5002a000 rw-p 00000000 00:00 0 
2b7c5002a000-2b7c54000000 ---p 00000000 00:00 0 
2b7c54000000-2b7c54032000 rw-p 00000000 00:00 0 
2b7c54032000-2b7c58000000 ---p 00000000 00:00 0 
2b7c58000000-2b7c58033000 rw-p 00000000 00:00 0 
2b7c58033000-2b7c5c000000 ---p 00000000 00:00 0 
2b7c5c000000-2b7c5c034000 rw-p 00000000 00:00 0 
2b7c5c034000-2b7c60000000 ---p 00000000 00:00 0 
2b7c60000000-2b7c6002d000 rw-p 00000000 00:00 0 
2b7c6002d000-2b7c64000000 ---p 00000000 00:00 0 
2b7c64000000-2b7c6402f000 rw-p 00000000 00:00 0 
2b7c6402f000-2b7c68000000 ---p 00000000 00:00 0 
2b7c68000000-2b7c6802c000 rw-p 00000000 00:00 0 
2b7c6802c000-2b7c6c000000 ---p 00000000 00:00 0 
2b7c6c000000-2b7c6c02d000 rw-p 00000000 00:00 0 
2b7c6c02d000-2b7c70000000 ---p 00000000 00:00 0 
2b7c70000000-2b7c7002b000 rw-p 00000000 00:00 0 
2b7c7002b000-2b7c74000000 ---p 00000000 00:00 0 
2b7c74000000-2b7c7402d000 rw-p 00000000 00:00 0 
2b7c7402d000-2b7c78000000 ---p 00000000 00:00 0 
2b7c78000000-2b7c7802c000 rw-p 00000000 00:00 0 
2b7c7802c000-2b7c7c000000 ---p 00000000 00:00 0 
2b7c7c000000-2b7c7c02e000 rw-p 00000000 00:00 0 
2b7c7c02e000-2b7c80000000 ---p 00000000 00:00 0 
2b7c80000000-2b7c8002a000 rw-p 00000000 00:00 0 
2b7c8002a000-2b7c84000000 ---p 00000000 00:00 0 
2b7c84000000-2b7c8402e000 rw-p 00000000 00:00 0 
2b7c8402e000-2b7c88000000 ---p 00000000 00:00 0 
2b7c88000000-2b7c8802c000 rw-p 00000000 00:00 0 
2b7c8802c000-2b7c8c000000 ---p 00000000 00:00 0 
2b7c8c000000-2b7c8c02c000 rw-p 00000000 00:00 0 
2b7c8c02c000-2b7c90000000 ---p 00000000 00:00 0 
7ffc1a19e000-7ffc1a1c2000 rw-p 00000000 00:00 0                          [stack]
7ffc1a1fb000-7ffc1a1fd000 r-xp 00000000 00:00 0                          [vdso]
ffffffffff600000-ffffffffff601000 r-xp 00000000 00:00 0                  [vsyscall]

******************************************************************************************************
                                                                                    1197-14:53:13
*****************************************************************************************************


Command terminated by signal 6
	Command being timed: "./lgo Yelp 100 1 6 0.1 1.0 24"
	User time (seconds): 21.35
	System time (seconds): 0.23
	Percent of CPU this job got: 99%
	Elapsed (wall clock) time (h:mm:ss or m:ss): 0:21.78
	Average shared text size (kbytes): 0
	Average unshared data size (kbytes): 0
	Average stack size (kbytes): 0
	Average total size (kbytes): 0
	Maximum resident set size (kbytes): 116432
	Average resident set size (kbytes): 0
	Major (requiring I/O) page faults: 0
	Minor (reclaiming a frame) page faults: 24391
	Voluntary context switches: 16163
	Involuntary context switches: 4418
	Swaps: 0
	File system inputs: 0
	File system outputs: 280264
	Socket messages sent: 0
	Socket messages received: 0
	Signals delivered: 0
	Page size (bytes): 4096
	Exit status: 0
