C++17!
Using LSH-Graph for Yelp ...
c=        1.5
k=        100
L=        1
K=        12
T=        12
lsh_UB=   0
LOADING DATA...
Load from new file: /users/PAS2671/kabir36/kabir/similarity-search/dataset/Yelp/
N=    77079
dim=  50

LOADING TIME: 0.035963s.

LOADING BENMARK...
LOADING TIME: 0.000471s.

mkdir: missing operand
Try 'mkdir --help' for more information.

START HASHING...

SETTING HASH PARAMETER...
SETTING TIME: 2.6e-05s.

COMPUTING HASH...
COMPUTING TIME: 0.015112s.

[1m[31mWARNING:
[31mRanges of hash values is too LARGE. 
Please increase W at least 1times.
[0m[31mOld W=    0.3
New W=    0.411127
Increase  1.37042times.
[0mCONSTRUCTING GRAPH...

0%   10   20   30   40   50   60   70   80   90   100%
|----|----|----|----|----|----|----|----|----|----|
***************************************************
CONSTRUCTING TIME: 14.7369s.

SAVING GRAPH...
SAVING TIME: 0.061544s.

dist=0.850463, cnt=18.021614, unique=1, std=4.791416, Recall=0.000000
cc=337.632568, pruning=0.176010

Loading FastGraph...
*******************************************************************************************************
The result of LSH-G for Yelp is as follow: k=100, probQ = 0.9, L = 1, K = 12, T = 12
******************************************************************************************************
     algName       k      ef        Time      Recall        Cost        CPQ1        CPQ2     Pruning

       fastG     100     200     0.34641      0.4308     1510.26     416.927     1927.19    0.104869

*** Error in `./lgo': free(): invalid pointer: 0x0000000000f4f181 ***
======= Backtrace: =========
/lib64/libc.so.6(+0x81329)[0x2ae12f11a329]
./lgo[0x40bb5e]
./lgo[0x408415]
/lib64/libc.so.6(__libc_start_main+0xf5)[0x2ae12f0bb555]
./lgo[0x408e0c]
======= Memory map: ========
00400000-00449000 r-xp 00000000 00:41 1794793                            /users/PAS2671/kabir36/kabir/similarity-search/models/LSH-APG/cppCode/LSH-APG/lgo
00648000-0064a000 r--p 00048000 00:41 1794793                            /users/PAS2671/kabir36/kabir/similarity-search/models/LSH-APG/cppCode/LSH-APG/lgo
0064a000-0064b000 rw-p 0004a000 00:41 1794793                            /users/PAS2671/kabir36/kabir/similarity-search/models/LSH-APG/cppCode/LSH-APG/lgo
0077a000-02a92000 rw-p 00000000 00:00 0                                  [heap]
2ae12dd4b000-2ae12dd6d000 r-xp 00000000 00:24 3428292698                 /usr/lib64/ld-2.17.so
2ae12dd6d000-2ae12dd6f000 r-xp 00000000 00:00 0                          [vdso]
2ae12dd6f000-2ae12dd76000 rw-p 00000000 00:00 0 
2ae12ddbc000-2ae12ddc3000 rw-p 00000000 00:00 0 
2ae12df6c000-2ae12df6d000 r--p 00021000 00:24 3428292698                 /usr/lib64/ld-2.17.so
2ae12df6d000-2ae12df6e000 rw-p 00022000 00:24 3428292698                 /usr/lib64/ld-2.17.so
2ae12df6e000-2ae12df6f000 rw-p 00000000 00:00 0 
2ae12df6f000-2ae12dfa7000 r-xp 00000000 00:2c 19202863                   /apps/xalt/2.10.29/lib64/libxalt_init.so
2ae12dfa7000-2ae12e1a7000 ---p 00038000 00:2c 19202863                   /apps/xalt/2.10.29/lib64/libxalt_init.so
2ae12e1a7000-2ae12e1a8000 r--p 00038000 00:2c 19202863                   /apps/xalt/2.10.29/lib64/libxalt_init.so
2ae12e1a8000-2ae12e1a9000 rw-p 00039000 00:2c 19202863                   /apps/xalt/2.10.29/lib64/libxalt_init.so
2ae12e1a9000-2ae12e1aa000 rw-p 00000000 00:00 0 
2ae12e1aa000-2ae12e1b1000 r-xp 00000000 00:24 3428781212                 /usr/lib64/librt-2.17.so
2ae12e1b1000-2ae12e3b0000 ---p 00007000 00:24 3428781212                 /usr/lib64/librt-2.17.so
2ae12e3b0000-2ae12e3b1000 r--p 00006000 00:24 3428781212                 /usr/lib64/librt-2.17.so
2ae12e3b1000-2ae12e3b2000 rw-p 00007000 00:24 3428781212                 /usr/lib64/librt-2.17.so
2ae12e3b2000-2ae12e526000 r-xp 00000000 00:2c 7905980                    /apps/gnu/8.4.0/lib64/libstdc++.so.6.0.25
2ae12e526000-2ae12e725000 ---p 00174000 00:2c 7905980                    /apps/gnu/8.4.0/lib64/libstdc++.so.6.0.25
2ae12e725000-2ae12e72f000 r--p 00173000 00:2c 7905980                    /apps/gnu/8.4.0/lib64/libstdc++.so.6.0.25
2ae12e72f000-2ae12e731000 rw-p 0017d000 00:2c 7905980                    /apps/gnu/8.4.0/lib64/libstdc++.so.6.0.25
2ae12e731000-2ae12e735000 rw-p 00000000 00:00 0 
2ae12e735000-2ae12e836000 r-xp 00000000 00:24 3428781161                 /usr/lib64/libm-2.17.so
2ae12e836000-2ae12ea35000 ---p 00101000 00:24 3428781161                 /usr/lib64/libm-2.17.so
2ae12ea35000-2ae12ea36000 r--p 00100000 00:24 3428781161                 /usr/lib64/libm-2.17.so
2ae12ea36000-2ae12ea37000 rw-p 00101000 00:24 3428781161                 /usr/lib64/libm-2.17.so
2ae12ea37000-2ae12ea64000 r-xp 00000000 00:2c 5669150                    /apps/gnu/8.4.0/lib64/libgomp.so.1.0.0
2ae12ea64000-2ae12ec63000 ---p 0002d000 00:2c 5669150                    /apps/gnu/8.4.0/lib64/libgomp.so.1.0.0
2ae12ec63000-2ae12ec64000 r--p 0002c000 00:2c 5669150                    /apps/gnu/8.4.0/lib64/libgomp.so.1.0.0
2ae12ec64000-2ae12ec65000 rw-p 0002d000 00:2c 5669150                    /apps/gnu/8.4.0/lib64/libgomp.so.1.0.0
2ae12ec65000-2ae12ec7c000 r-xp 00000000 00:2c 5669148                    /apps/gnu/8.4.0/lib64/libgcc_s.so.1
2ae12ec7c000-2ae12ee7b000 ---p 00017000 00:2c 5669148                    /apps/gnu/8.4.0/lib64/libgcc_s.so.1
2ae12ee7b000-2ae12ee7c000 r--p 00016000 00:2c 5669148                    /apps/gnu/8.4.0/lib64/libgcc_s.so.1
2ae12ee7c000-2ae12ee7d000 rw-p 00017000 00:2c 5669148                    /apps/gnu/8.4.0/lib64/libgcc_s.so.1
2ae12ee7d000-2ae12ee94000 r-xp 00000000 00:24 3428781193                 /usr/lib64/libpthread-2.17.so
2ae12ee94000-2ae12f093000 ---p 00017000 00:24 3428781193                 /usr/lib64/libpthread-2.17.so
2ae12f093000-2ae12f094000 r--p 00016000 00:24 3428781193                 /usr/lib64/libpthread-2.17.so
2ae12f094000-2ae12f095000 rw-p 00017000 00:24 3428781193                 /usr/lib64/libpthread-2.17.so
2ae12f095000-2ae12f099000 rw-p 00000000 00:00 0 
2ae12f099000-2ae12f25d000 r-xp 00000000 00:24 3428781146                 /usr/lib64/libc-2.17.so
2ae12f25d000-2ae12f45c000 ---p 001c4000 00:24 3428781146                 /usr/lib64/libc-2.17.so
2ae12f45c000-2ae12f460000 r--p 001c3000 00:24 3428781146                 /usr/lib64/libc-2.17.so
2ae12f460000-2ae12f462000 rw-p 001c7000 00:24 3428781146                 /usr/lib64/libc-2.17.so
2ae12f462000-2ae12f467000 rw-p 00000000 00:00 0 
2ae12f467000-2ae12f469000 r-xp 00000000 00:24 3428781159                 /usr/lib64/libdl-2.17.so
2ae12f469000-2ae12f669000 ---p 00002000 00:24 3428781159                 /usr/lib64/libdl-2.17.so
2ae12f669000-2ae12f66a000 r--p 00002000 00:24 3428781159                 /usr/lib64/libdl-2.17.so
2ae12f66a000-2ae12f66b000 rw-p 00003000 00:24 3428781159                 /usr/lib64/libdl-2.17.so
2ae12f66b000-2ae12f66f000 r-xp 00000000 00:2c 21954920                   /apps/xalt/2.10.29/lib64/libuuid.so.1.3.0
2ae12f66f000-2ae12f86e000 ---p 00004000 00:2c 21954920                   /apps/xalt/2.10.29/lib64/libuuid.so.1.3.0
2ae12f86e000-2ae12f86f000 r--p 00003000 00:2c 21954920                   /apps/xalt/2.10.29/lib64/libuuid.so.1.3.0
2ae12f86f000-2ae12f870000 rw-p 00004000 00:2c 21954920                   /apps/xalt/2.10.29/lib64/libuuid.so.1.3.0
2ae12f870000-2ae132ed6000 rw-p 00000000 00:00 0 
2ae13c1c9000-2ae13c1ca000 ---p 00000000 00:00 0 
2ae13c1ca000-2ae13c3ca000 rw-p 00000000 00:00 0 
2ae13c3ca000-2ae13c3cb000 ---p 00000000 00:00 0 
2ae13c3cb000-2ae13c5cb000 rw-p 00000000 00:00 0 
2ae13c5cb000-2ae13c5cc000 ---p 00000000 00:00 0 
2ae13c5cc000-2ae13c7cc000 rw-p 00000000 00:00 0 
2ae13c7cc000-2ae13c7cd000 ---p 00000000 00:00 0 
2ae13c7cd000-2ae13c9cd000 rw-p 00000000 00:00 0 
2ae13c9cd000-2ae13c9ce000 ---p 00000000 00:00 0 
2ae13c9ce000-2ae13cbce000 rw-p 00000000 00:00 0 
2ae13cbce000-2ae13cbcf000 ---p 00000000 00:00 0 
2ae13cbcf000-2ae13cdcf000 rw-p 00000000 00:00 0 
2ae13cdcf000-2ae13cdd0000 ---p 00000000 00:00 0 
2ae13cdd0000-2ae13cfd0000 rw-p 00000000 00:00 0 
2ae13cfd0000-2ae13cfd1000 ---p 00000000 00:00 0 
2ae13cfd1000-2ae13d1d1000 rw-p 00000000 00:00 0 
2ae13d1d1000-2ae13d1d2000 ---p 00000000 00:00 0 
2ae13d1d2000-2ae13d3d2000 rw-p 00000000 00:00 0 
2ae13d3d2000-2ae13d3d3000 ---p 00000000 00:00 0 
2ae13d3d3000-2ae13d5d3000 rw-p 00000000 00:00 0 
2ae13d5d3000-2ae13d5d4000 ---p 00000000 00:00 0 
2ae13d5d4000-2ae13d7d4000 rw-p 00000000 00:00 0 
2ae13d7d4000-2ae13d7d5000 ---p 00000000 00:00 0 
2ae13d7d5000-2ae13d9d5000 rw-p 00000000 00:00 0 
2ae13d9d5000-2ae13d9d6000 ---p 00000000 00:00 0 
2ae13d9d6000-2ae13dbd6000 rw-p 00000000 00:00 0 
2ae13dbd6000-2ae13dbd7000 ---p 00000000 00:00 0 
2ae13dbd7000-2ae13ddd7000 rw-p 00000000 00:00 0 
2ae13ddd7000-2ae13ddd8000 ---p 00000000 00:00 0 
2ae13ddd8000-2ae13dfd8000 rw-p 00000000 00:00 0 
2ae13dfd8000-2ae13dfd9000 ---p 00000000 00:00 0 
2ae13dfd9000-2ae13e1d9000 rw-p 00000000 00:00 0 
2ae13e1d9000-2ae13e1da000 ---p 00000000 00:00 0 
2ae13e1da000-2ae13e3da000 rw-p 00000000 00:00 0 
2ae13e3da000-2ae13e3db000 ---p 00000000 00:00 0 
2ae13e3db000-2ae13e5db000 rw-p 00000000 00:00 0 
2ae13e5db000-2ae13e5dc000 ---p 00000000 00:00 0 
2ae13e5dc000-2ae13e7dc000 rw-p 00000000 00:00 0 
2ae140000000-2ae140023000 rw-p 00000000 00:00 0 
2ae140023000-2ae144000000 ---p 00000000 00:00 0 
2ae144000000-2ae144021000 rw-p 00000000 00:00 0 
2ae144021000-2ae148000000 ---p 00000000 00:00 0 
2ae148000000-2ae148021000 rw-p 00000000 00:00 0 
2ae148021000-2ae14c000000 ---p 00000000 00:00 0 
2ae14c000000-2ae14c023000 rw-p 00000000 00:00 0 
2ae14c023000-2ae150000000 ---p 00000000 00:00 0 
2ae150000000-2ae150029000 rw-p 00000000 00:00 0 
2ae150029000-2ae154000000 ---p 00000000 00:00 0 
2ae154000000-2ae154021000 rw-p 00000000 00:00 0 
2ae154021000-2ae158000000 ---p 00000000 00:00 0 
2ae158000000-2ae158021000 rw-p 00000000 00:00 0 
2ae158021000-2ae15c000000 ---p 00000000 00:00 0 
2ae15c000000-2ae15c021000 rw-p 00000000 00:00 0 
2ae15c021000-2ae160000000 ---p 00000000 00:00 0 
2ae160000000-2ae160021000 rw-p 00000000 00:00 0 
2ae160021000-2ae164000000 ---p 00000000 00:00 0 
2ae164000000-2ae164021000 rw-p 00000000 00:00 0 
2ae164021000-2ae168000000 ---p 00000000 00:00 0 
2ae168000000-2ae168021000 rw-p 00000000 00:00 0 
2ae168021000-2ae16c000000 ---p 00000000 00:00 0 
2ae16c000000-2ae16c025000 rw-p 00000000 00:00 0 
2ae16c025000-2ae170000000 ---p 00000000 00:00 0 
2ae170000000-2ae170029000 rw-p 00000000 00:00 0 
2ae170029000-2ae174000000 ---p 00000000 00:00 0 
2ae174000000-2ae174021000 rw-p 00000000 00:00 0 
2ae174021000-2ae178000000 ---p 00000000 00:00 0 
2ae178000000-2ae178026000 rw-p 00000000 00:00 0 
2ae178026000-2ae17c000000 ---p 00000000 00:00 0 
2ae17c000000-2ae17c021000 rw-p 00000000 00:00 0 
2ae17c021000-2ae180000000 ---p 00000000 00:00 0 
2ae180000000-2ae180021000 rw-p 00000000 00:00 0 
2ae180021000-2ae184000000 ---p 00000000 00:00 0 
2ae184000000-2ae184021000 rw-p 00000000 00:00 0 
2ae184021000-2ae188000000 ---p 00000000 00:00 0 
2ae188000000-2ae188021000 rw-p 00000000 00:00 0 
2ae188021000-2ae18c000000 ---p 00000000 00:00 0 
2ae18c000000-2ae18c028000 rw-p 00000000 00:00 0 
2ae18c028000-2ae190000000 ---p 00000000 00:00 0 
2ae190000000-2ae190022000 rw-p 00000000 00:00 0 
2ae190022000-2ae194000000 ---p 00000000 00:00 0 
2ae194000000-2ae194021000 rw-p 00000000 00:00 0 
2ae194021000-2ae198000000 ---p 00000000 00:00 0 
2ae198000000-2ae198021000 rw-p 00000000 00:00 0 
2ae198021000-2ae19c000000 ---p 00000000 00:00 0 
2ae19c000000-2ae19c026000 rw-p 00000000 00:00 0 
2ae19c026000-2ae1a0000000 ---p 00000000 00:00 0 
2ae1a0000000-2ae1a0028000 rw-p 00000000 00:00 0 
2ae1a0028000-2ae1a4000000 ---p 00000000 00:00 0 
2ae1a4000000-2ae1a4026000 rw-p 00000000 00:00 0 
2ae1a4026000-2ae1a8000000 ---p 00000000 00:00 0 
2ae1a8000000-2ae1a8021000 rw-p 00000000 00:00 0 
2ae1a8021000-2ae1ac000000 ---p 00000000 00:00 0 
2ae1ac000000-2ae1ac026000 rw-p 00000000 00:00 0 
2ae1ac026000-2ae1b0000000 ---p 00000000 00:00 0 
2ae1b0000000-2ae1b0022000 rw-p 00000000 00:00 0 
2ae1b0022000-2ae1b4000000 ---p 00000000 00:00 0 
2ae1b4000000-2ae1b4021000 rw-p 00000000 00:00 0 
2ae1b4021000-2ae1b8000000 ---p 00000000 00:00 0 
2ae1b8000000-2ae1b8026000 rw-p 00000000 00:00 0 
2ae1b8026000-2ae1bc000000 ---p 00000000 00:00 0 
2ae1bc000000-2ae1bc021000 rw-p 00000000 00:00 0 
2ae1bc021000-2ae1c0000000 ---p 00000000 00:00 0 
2ae1c0000000-2ae1c0024000 rw-p 00000000 00:00 0 
2ae1c0024000-2ae1c4000000 ---p 00000000 00:00 0 
2ae1c4000000-2ae1c4021000 rw-p 00000000 00:00 0 
2ae1c4021000-2ae1c8000000 ---p 00000000 00:00 0 
2ae1c8000000-2ae1c8028000 rw-p 00000000 00:00 0 
2ae1c8028000-2ae1cc000000 ---p 00000000 00:00 0 
2ae1cc000000-2ae1cc021000 rw-p 00000000 00:00 0 
2ae1cc021000-2ae1d0000000 ---p 00000000 00:00 0 
2ae1d0000000-2ae1d0021000 rw-p 00000000 00:00 0 
2ae1d0021000-2ae1d4000000 ---p 00000000 00:00 0 
2ae1d4000000-2ae1d4022000 rw-p 00000000 00:00 0 
2ae1d4022000-2ae1d8000000 ---p 00000000 00:00 0 
2ae1d8000000-2ae1d8029000 rw-p 00000000 00:00 0 
2ae1d8029000-2ae1dc000000 ---p 00000000 00:00 0 
2ae1dc000000-2ae1dc025000 rw-p 00000000 00:00 0 
2ae1dc025000-2ae1e0000000 ---p 00000000 00:00 0 
2ae1e0000000-2ae1e0022000 rw-p 00000000 00:00 0 
2ae1e0022000-2ae1e4000000 ---p 00000000 00:00 0 
2ae1e4000000-2ae1e4021000 rw-p 00000000 00:00 0 
2ae1e4021000-2ae1e8000000 ---p 00000000 00:00 0 
2ae1e8000000-2ae1e8027000 rw-p 00000000 00:00 0 
2ae1e8027000-2ae1ec000000 ---p 00000000 00:00 0 
2ae1ec000000-2ae1ec026000 rw-p 00000000 00:00 0 
2ae1ec026000-2ae1f0000000 ---p 00000000 00:00 0 
2ae1f0000000-2ae1f0021000 rw-p 00000000 00:00 0 
2ae1f0021000-2ae1f4000000 ---p 00000000 00:00 0 
2ae1f4000000-2ae1f4021000 rw-p 00000000 00:00 0 
2ae1f4021000-2ae1f8000000 ---p 00000000 00:00 0 
2ae1f8000000-2ae1f8023000 rw-p 00000000 00:00 0 
2ae1f8023000-2ae1fc000000 ---p 00000000 00:00 0 
2ae1fc000000-2ae1fc027000 rw-p 00000000 00:00 0 
2ae1fc027000-2ae200000000 ---p 00000000 00:00 0 
2ae200000000-2ae200027000 rw-p 00000000 00:00 0 
2ae200027000-2ae204000000 ---p 00000000 00:00 0 
2ae204000000-2ae204021000 rw-p 00000000 00:00 0 
2ae204021000-2ae208000000 ---p 00000000 00:00 0 
2ae208000000-2ae208022000 rw-p 00000000 00:00 0 
2ae208022000-2ae20c000000 ---p 00000000 00:00 0 
2ae20c000000-2ae20c027000 rw-p 00000000 00:00 0 
2ae20c027000-2ae210000000 ---p 00000000 00:00 0 
2ae210000000-2ae210021000 rw-p 00000000 00:00 0 
2ae210021000-2ae214000000 ---p 00000000 00:00 0 
2ae214000000-2ae214027000 rw-p 00000000 00:00 0 
2ae214027000-2ae218000000 ---p 00000000 00:00 0 
2ae218000000-2ae218021000 rw-p 00000000 00:00 0 
2ae218021000-2ae21c000000 ---p 00000000 00:00 0 
2ae21c000000-2ae21c027000 rw-p 00000000 00:00 0 
2ae21c027000-2ae220000000 ---p 00000000 00:00 0 
2ae220000000-2ae220021000 rw-p 00000000 00:00 0 
2ae220021000-2ae224000000 ---p 00000000 00:00 0 
2ae224000000-2ae224021000 rw-p 00000000 00:00 0 
2ae224021000-2ae228000000 ---p 00000000 00:00 0 
2ae228000000-2ae228026000 rw-p 00000000 00:00 0 
2ae228026000-2ae22c000000 ---p 00000000 00:00 0 
2ae22c000000-2ae22c027000 rw-p 00000000 00:00 0 
2ae22c027000-2ae230000000 ---p 00000000 00:00 0 
2ae230000000-2ae230028000 rw-p 00000000 00:00 0 
2ae230028000-2ae234000000 ---p 00000000 00:00 0 
2ae234000000-2ae234021000 rw-p 00000000 00:00 0 
2ae234021000-2ae238000000 ---p 00000000 00:00 0 
2ae238000000-2ae238029000 rw-p 00000000 00:00 0 
2ae238029000-2ae23c000000 ---p 00000000 00:00 0 
2ae23c000000-2ae23c021000 rw-p 00000000 00:00 0 
2ae23c021000-2ae240000000 ---p 00000000 00:00 0 
2ae240000000-2ae240025000 rw-p 00000000 00:00 0 
2ae240025000-2ae244000000 ---p 00000000 00:00 0 
2ae244000000-2ae244029000 rw-p 00000000 00:00 0 
2ae244029000-2ae248000000 ---p 00000000 00:00 0 
2ae248000000-2ae248022000 rw-p 00000000 00:00 0 
2ae248022000-2ae24c000000 ---p 00000000 00:00 0 
2ae24c000000-2ae24c021000 rw-p 00000000 00:00 0 
2ae24c021000-2ae250000000 ---p 00000000 00:00 0 
2ae250000000-2ae250028000 rw-p 00000000 00:00 0 
2ae250028000-2ae254000000 ---p 00000000 00:00 0 
2ae254000000-2ae254021000 rw-p 00000000 00:00 0 
2ae254021000-2ae258000000 ---p 00000000 00:00 0 
2ae258000000-2ae258021000 rw-p 00000000 00:00 0 
2ae258021000-2ae25c000000 ---p 00000000 00:00 0 
2ae25c000000-2ae25c028000 rw-p 00000000 00:00 0 
2ae25c028000-2ae260000000 ---p 00000000 00:00 0 
2ae260000000-2ae260021000 rw-p 00000000 00:00 0 
2ae260021000-2ae264000000 ---p 00000000 00:00 0 
2ae264000000-2ae264026000 rw-p 00000000 00:00 0 
2ae264026000-2ae268000000 ---p 00000000 00:00 0 
2ae268000000-2ae268021000 rw-p 00000000 00:00 0 
2ae268021000-2ae26c000000 ---p 00000000 00:00 0 
2ae26c000000-2ae26c021000 rw-p 00000000 00:00 0 
2ae26c021000-2ae270000000 ---p 00000000 00:00 0 
2ae270000000-2ae270027000 rw-p 00000000 00:00 0 
2ae270027000-2ae274000000 ---p 00000000 00:00 0 
2ae274000000-2ae274021000 rw-p 00000000 00:00 0 
2ae274021000-2ae278000000 ---p 00000000 00:00 0 
2ae278000000-2ae278021000 rw-p 00000000 00:00 0 
2ae278021000-2ae27c000000 ---p 00000000 00:00 0 
2ae27c000000-2ae27c023000 rw-p 00000000 00:00 0 
2ae27c023000-2ae280000000 ---p 00000000 00:00 0 
2ae280000000-2ae280021000 rw-p 00000000 00:00 0 
2ae280021000-2ae284000000 ---p 00000000 00:00 0 
2ae284000000-2ae284021000 rw-p 00000000 00:00 0 
2ae284021000-2ae288000000 ---p 00000000 00:00 0 
2ae288000000-2ae288021000 rw-p 00000000 00:00 0 
2ae288021000-2ae28c000000 ---p 00000000 00:00 0 
2ae28c000000-2ae28c021000 rw-p 00000000 00:00 0 
2ae28c021000-2ae290000000 ---p 00000000 00:00 0 
2ae290000000-2ae290026000 rw-p 00000000 00:00 0 
2ae290026000-2ae294000000 ---p 00000000 00:00 0 
2ae294000000-2ae294021000 rw-p 00000000 00:00 0 
2ae294021000-2ae298000000 ---p 00000000 00:00 0 
2ae298000000-2ae298027000 rw-p 00000000 00:00 0 
2ae298027000-2ae29c000000 ---p 00000000 00:00 0 
2ae29c000000-2ae29c021000 rw-p 00000000 00:00 0 
2ae29c021000-2ae2a0000000 ---p 00000000 00:00 0 
2ae2a0000000-2ae2a0021000 rw-p 00000000 00:00 0 
2ae2a0021000-2ae2a4000000 ---p 00000000 00:00 0 
2ae2a4000000-2ae2a4021000 rw-p 00000000 00:00 0 
2ae2a4021000-2ae2a8000000 ---p 00000000 00:00 0 
2ae2a8000000-2ae2a8026000 rw-p 00000000 00:00 0 
2ae2a8026000-2ae2ac000000 ---p 00000000 00:00 0 
2ae2ac000000-2ae2ac021000 rw-p 00000000 00:00 0 
2ae2ac021000-2ae2b0000000 ---p 00000000 00:00 0 
2ae2b0000000-2ae2b0026000 rw-p 00000000 00:00 0 
2ae2b0026000-2ae2b4000000 ---p 00000000 00:00 0 
2ae2b4000000-2ae2b4021000 rw-p 00000000 00:00 0 
2ae2b4021000-2ae2b8000000 ---p 00000000 00:00 0 
2ae2b8000000-2ae2b802a000 rw-p 00000000 00:00 0 
2ae2b802a000-2ae2bc000000 ---p 00000000 00:00 0 
2ae2bc000000-2ae2bc021000 rw-p 00000000 00:00 0 
2ae2bc021000-2ae2c0000000 ---p 00000000 00:00 0 
7fff075b8000-7fff075dc000 rw-p 00000000 00:00 0                          [stack]
ffffffffff600000-ffffffffff601000 r-xp 00000000 00:00 0                  [vsyscall]

******************************************************************************************************
                                                                                    1197-14:53:28
*****************************************************************************************************


Command terminated by signal 6
	Command being timed: "./lgo Yelp 100 1 12 0.1 1.0 12"
	User time (seconds): 14.76
	System time (seconds): 0.20
	Percent of CPU this job got: 98%
	Elapsed (wall clock) time (h:mm:ss or m:ss): 0:15.11
	Average shared text size (kbytes): 0
	Average unshared data size (kbytes): 0
	Average stack size (kbytes): 0
	Average total size (kbytes): 0
	Maximum resident set size (kbytes): 107368
	Average resident set size (kbytes): 0
	Major (requiring I/O) page faults: 0
	Minor (reclaiming a frame) page faults: 23882
	Voluntary context switches: 13823
	Involuntary context switches: 3338
	Swaps: 0
	File system inputs: 0
	File system outputs: 243640
	Socket messages sent: 0
	Socket messages received: 0
	Signals delivered: 0
	Page size (bytes): 4096
	Exit status: 0
