C++17!
Using LSH-Graph for Yelp ...
c=        1.5
k=        100
L=        1
K=        6
T=        12
lsh_UB=   0
LOADING DATA...
Load from new file: /users/PAS2671/kabir36/kabir/similarity-search/dataset/Yelp/
N=    77079
dim=  50

LOADING TIME: 0.22995s.

MAKING BENMARK...

0%   10   20   30   40   50   60   70   80   90   100%
|----|----|----|----|----|----|----|----|----|----|
***************************************************
MAKING TIME: 3.50811s.

SAVING BENMARK...
SAVING TIME: 0.002054s.

mkdir: missing operand
Try 'mkdir --help' for more information.

START HASHING...

SETTING HASH PARAMETER...
SETTING TIME: 2.1e-05s.

COMPUTING HASH...
COMPUTING TIME: 0.008604s.

[31mOld W=    0.3
New W=    0.3
Increase  1times.
[0mCONSTRUCTING GRAPH...

0%   10   20   30   40   50   60   70   80   90   100%
|----|----|----|----|----|----|----|----|----|----|
***************************************************
CONSTRUCTING TIME: 15.1286s.

SAVING GRAPH...
SAVING TIME: 0.052578s.

dist=0.853410, cnt=18.026569, unique=1, std=4.777816, Recall=0.000000
cc=359.752808, pruning=0.151635

Loading FastGraph...
*******************************************************************************************************
The result of LSH-G for Yelp is as follow: k=100, probQ = 0.9, L = 1, K = 6, T = 12
******************************************************************************************************
     algName       k      ef        Time      Recall        Cost        CPQ1        CPQ2     Pruning

       fastG     100     200     0.33425      0.4458     1387.31     204.451     1591.76    0.161118

Command terminated by signal 11
	Command being timed: "./lgo Yelp 100 1 6 0.1 1.0 12"
	User time (seconds): 18.66
	System time (seconds): 0.25
	Percent of CPU this job got: 97%
	Elapsed (wall clock) time (h:mm:ss or m:ss): 0:19.32
	Average shared text size (kbytes): 0
	Average unshared data size (kbytes): 0
	Average stack size (kbytes): 0
	Average total size (kbytes): 0
	Maximum resident set size (kbytes): 166220
	Average resident set size (kbytes): 0
	Major (requiring I/O) page faults: 0
	Minor (reclaiming a frame) page faults: 38667
	Voluntary context switches: 14110
	Involuntary context switches: 4077
	Swaps: 0
	File system inputs: 30752
	File system outputs: 359208
	Socket messages sent: 0
	Socket messages received: 0
	Signals delivered: 0
	Page size (bytes): 4096
	Exit status: 0
