C++17!
Using LSH-Graph for Yelp ...
c=        1.5
k=        100
L=        2
K=        6
T=        12
lsh_UB=   0
LOADING DATA...
Load from new file: /users/PAS2671/kabir36/kabir/similarity-search/dataset/Yelp/
N=    77079
dim=  50

LOADING TIME: 0.037566s.

LOADING BENMARK...
LOADING TIME: 0.000541s.

mkdir: missing operand
Try 'mkdir --help' for more information.

START HASHING...

SETTING HASH PARAMETER...
SETTING TIME: 2.7e-05s.

COMPUTING HASH...
COMPUTING TIME: 0.014816s.

[31mOld W=    0.3
New W=    0.3
Increase  1times.
[0mCONSTRUCTING GRAPH...

0%   10   20   30   40   50   60   70   80   90   100%
|----|----|----|----|----|----|----|----|----|----|
***************************************************
CONSTRUCTING TIME: 14.6612s.

SAVING GRAPH...
SAVING TIME: 0.075286s.

dist=0.836162, cnt=17.988050, unique=1, std=4.793523, Recall=0.000000
cc=323.611450, pruning=0.167240

Loading FastGraph...
*******************************************************************************************************
The result of LSH-G for Yelp is as follow: k=100, probQ = 0.9, L = 2, K = 6, T = 12
******************************************************************************************************
     algName       k      ef        Time      Recall        Cost        CPQ1        CPQ2     Pruning

       fastG     100     200     0.31512      0.4763     1343.21     201.083     1544.29    0.147542

*** Error in `./lgo': free(): invalid pointer: 0x0000000000f4f181 ***
======= Backtrace: =========
/lib64/libc.so.6(+0x81329)[0x2b65b30e1329]
./lgo[0x40bb5e]
./lgo[0x408415]
/lib64/libc.so.6(__libc_start_main+0xf5)[0x2b65b3082555]
./lgo[0x408e0c]
======= Memory map: ========
00400000-00449000 r-xp 00000000 00:41 1794793                            /users/PAS2671/kabir36/kabir/similarity-search/models/LSH-APG/cppCode/LSH-APG/lgo
00648000-0064a000 r--p 00048000 00:41 1794793                            /users/PAS2671/kabir36/kabir/similarity-search/models/LSH-APG/cppCode/LSH-APG/lgo
0064a000-0064b000 rw-p 0004a000 00:41 1794793                            /users/PAS2671/kabir36/kabir/similarity-search/models/LSH-APG/cppCode/LSH-APG/lgo
00821000-02c66000 rw-p 00000000 00:00 0                                  [heap]
2b65b1d12000-2b65b1d34000 r-xp 00000000 00:24 3428292698                 /usr/lib64/ld-2.17.so
2b65b1d34000-2b65b1d3b000 rw-p 00000000 00:00 0 
2b65b1d81000-2b65b1d88000 rw-p 00000000 00:00 0 
2b65b1f33000-2b65b1f34000 r--p 00021000 00:24 3428292698                 /usr/lib64/ld-2.17.so
2b65b1f34000-2b65b1f35000 rw-p 00022000 00:24 3428292698                 /usr/lib64/ld-2.17.so
2b65b1f35000-2b65b1f36000 rw-p 00000000 00:00 0 
2b65b1f36000-2b65b1f6e000 r-xp 00000000 00:2c 19202863                   /apps/xalt/2.10.29/lib64/libxalt_init.so
2b65b1f6e000-2b65b216e000 ---p 00038000 00:2c 19202863                   /apps/xalt/2.10.29/lib64/libxalt_init.so
2b65b216e000-2b65b216f000 r--p 00038000 00:2c 19202863                   /apps/xalt/2.10.29/lib64/libxalt_init.so
2b65b216f000-2b65b2170000 rw-p 00039000 00:2c 19202863                   /apps/xalt/2.10.29/lib64/libxalt_init.so
2b65b2170000-2b65b2171000 rw-p 00000000 00:00 0 
2b65b2171000-2b65b2178000 r-xp 00000000 00:24 3428781212                 /usr/lib64/librt-2.17.so
2b65b2178000-2b65b2377000 ---p 00007000 00:24 3428781212                 /usr/lib64/librt-2.17.so
2b65b2377000-2b65b2378000 r--p 00006000 00:24 3428781212                 /usr/lib64/librt-2.17.so
2b65b2378000-2b65b2379000 rw-p 00007000 00:24 3428781212                 /usr/lib64/librt-2.17.so
2b65b2379000-2b65b24ed000 r-xp 00000000 00:2c 7905980                    /apps/gnu/8.4.0/lib64/libstdc++.so.6.0.25
2b65b24ed000-2b65b26ec000 ---p 00174000 00:2c 7905980                    /apps/gnu/8.4.0/lib64/libstdc++.so.6.0.25
2b65b26ec000-2b65b26f6000 r--p 00173000 00:2c 7905980                    /apps/gnu/8.4.0/lib64/libstdc++.so.6.0.25
2b65b26f6000-2b65b26f8000 rw-p 0017d000 00:2c 7905980                    /apps/gnu/8.4.0/lib64/libstdc++.so.6.0.25
2b65b26f8000-2b65b26fc000 rw-p 00000000 00:00 0 
2b65b26fc000-2b65b27fd000 r-xp 00000000 00:24 3428781161                 /usr/lib64/libm-2.17.so
2b65b27fd000-2b65b29fc000 ---p 00101000 00:24 3428781161                 /usr/lib64/libm-2.17.so
2b65b29fc000-2b65b29fd000 r--p 00100000 00:24 3428781161                 /usr/lib64/libm-2.17.so
2b65b29fd000-2b65b29fe000 rw-p 00101000 00:24 3428781161                 /usr/lib64/libm-2.17.so
2b65b29fe000-2b65b2a2b000 r-xp 00000000 00:2c 5669150                    /apps/gnu/8.4.0/lib64/libgomp.so.1.0.0
2b65b2a2b000-2b65b2c2a000 ---p 0002d000 00:2c 5669150                    /apps/gnu/8.4.0/lib64/libgomp.so.1.0.0
2b65b2c2a000-2b65b2c2b000 r--p 0002c000 00:2c 5669150                    /apps/gnu/8.4.0/lib64/libgomp.so.1.0.0
2b65b2c2b000-2b65b2c2c000 rw-p 0002d000 00:2c 5669150                    /apps/gnu/8.4.0/lib64/libgomp.so.1.0.0
2b65b2c2c000-2b65b2c43000 r-xp 00000000 00:2c 5669148                    /apps/gnu/8.4.0/lib64/libgcc_s.so.1
2b65b2c43000-2b65b2e42000 ---p 00017000 00:2c 5669148                    /apps/gnu/8.4.0/lib64/libgcc_s.so.1
2b65b2e42000-2b65b2e43000 r--p 00016000 00:2c 5669148                    /apps/gnu/8.4.0/lib64/libgcc_s.so.1
2b65b2e43000-2b65b2e44000 rw-p 00017000 00:2c 5669148                    /apps/gnu/8.4.0/lib64/libgcc_s.so.1
2b65b2e44000-2b65b2e5b000 r-xp 00000000 00:24 3428781193                 /usr/lib64/libpthread-2.17.so
2b65b2e5b000-2b65b305a000 ---p 00017000 00:24 3428781193                 /usr/lib64/libpthread-2.17.so
2b65b305a000-2b65b305b000 r--p 00016000 00:24 3428781193                 /usr/lib64/libpthread-2.17.so
2b65b305b000-2b65b305c000 rw-p 00017000 00:24 3428781193                 /usr/lib64/libpthread-2.17.so
2b65b305c000-2b65b3060000 rw-p 00000000 00:00 0 
2b65b3060000-2b65b3224000 r-xp 00000000 00:24 3428781146                 /usr/lib64/libc-2.17.so
2b65b3224000-2b65b3423000 ---p 001c4000 00:24 3428781146                 /usr/lib64/libc-2.17.so
2b65b3423000-2b65b3427000 r--p 001c3000 00:24 3428781146                 /usr/lib64/libc-2.17.so
2b65b3427000-2b65b3429000 rw-p 001c7000 00:24 3428781146                 /usr/lib64/libc-2.17.so
2b65b3429000-2b65b342e000 rw-p 00000000 00:00 0 
2b65b342e000-2b65b3430000 r-xp 00000000 00:24 3428781159                 /usr/lib64/libdl-2.17.so
2b65b3430000-2b65b3630000 ---p 00002000 00:24 3428781159                 /usr/lib64/libdl-2.17.so
2b65b3630000-2b65b3631000 r--p 00002000 00:24 3428781159                 /usr/lib64/libdl-2.17.so
2b65b3631000-2b65b3632000 rw-p 00003000 00:24 3428781159                 /usr/lib64/libdl-2.17.so
2b65b3632000-2b65b3636000 r-xp 00000000 00:2c 21954920                   /apps/xalt/2.10.29/lib64/libuuid.so.1.3.0
2b65b3636000-2b65b3835000 ---p 00004000 00:2c 21954920                   /apps/xalt/2.10.29/lib64/libuuid.so.1.3.0
2b65b3835000-2b65b3836000 r--p 00003000 00:2c 21954920                   /apps/xalt/2.10.29/lib64/libuuid.so.1.3.0
2b65b3836000-2b65b3837000 rw-p 00004000 00:2c 21954920                   /apps/xalt/2.10.29/lib64/libuuid.so.1.3.0
2b65b3837000-2b65b6e9d000 rw-p 00000000 00:00 0 
2b65c0190000-2b65c0191000 ---p 00000000 00:00 0 
2b65c0191000-2b65c0391000 rw-p 00000000 00:00 0 
2b65c0391000-2b65c0392000 ---p 00000000 00:00 0 
2b65c0392000-2b65c0592000 rw-p 00000000 00:00 0 
2b65c0592000-2b65c0593000 ---p 00000000 00:00 0 
2b65c0593000-2b65c0793000 rw-p 00000000 00:00 0 
2b65c0793000-2b65c0794000 ---p 00000000 00:00 0 
2b65c0794000-2b65c0994000 rw-p 00000000 00:00 0 
2b65c0994000-2b65c0995000 ---p 00000000 00:00 0 
2b65c0995000-2b65c0b95000 rw-p 00000000 00:00 0 
2b65c0b95000-2b65c0b96000 ---p 00000000 00:00 0 
2b65c0b96000-2b65c0d96000 rw-p 00000000 00:00 0 
2b65c0d96000-2b65c0d97000 ---p 00000000 00:00 0 
2b65c0d97000-2b65c0f97000 rw-p 00000000 00:00 0 
2b65c0f97000-2b65c0f98000 ---p 00000000 00:00 0 
2b65c0f98000-2b65c1198000 rw-p 00000000 00:00 0 
2b65c1198000-2b65c1199000 ---p 00000000 00:00 0 
2b65c1199000-2b65c1399000 rw-p 00000000 00:00 0 
2b65c1399000-2b65c139a000 ---p 00000000 00:00 0 
2b65c139a000-2b65c159a000 rw-p 00000000 00:00 0 
2b65c159a000-2b65c159b000 ---p 00000000 00:00 0 
2b65c159b000-2b65c179b000 rw-p 00000000 00:00 0 
2b65c179b000-2b65c179c000 ---p 00000000 00:00 0 
2b65c179c000-2b65c199c000 rw-p 00000000 00:00 0 
2b65c199c000-2b65c199d000 ---p 00000000 00:00 0 
2b65c199d000-2b65c1b9d000 rw-p 00000000 00:00 0 
2b65c1b9d000-2b65c1b9e000 ---p 00000000 00:00 0 
2b65c1b9e000-2b65c1d9e000 rw-p 00000000 00:00 0 
2b65c1d9e000-2b65c1d9f000 ---p 00000000 00:00 0 
2b65c1d9f000-2b65c1f9f000 rw-p 00000000 00:00 0 
2b65c1f9f000-2b65c1fa0000 ---p 00000000 00:00 0 
2b65c1fa0000-2b65c21a0000 rw-p 00000000 00:00 0 
2b65c21a0000-2b65c21a1000 ---p 00000000 00:00 0 
2b65c21a1000-2b65c23a1000 rw-p 00000000 00:00 0 
2b65c23a1000-2b65c23a2000 ---p 00000000 00:00 0 
2b65c23a2000-2b65c25a2000 rw-p 00000000 00:00 0 
2b65c25a2000-2b65c25a3000 ---p 00000000 00:00 0 
2b65c25a3000-2b65c27a3000 rw-p 00000000 00:00 0 
2b65c4000000-2b65c402b000 rw-p 00000000 00:00 0 
2b65c402b000-2b65c8000000 ---p 00000000 00:00 0 
2b65c8000000-2b65c8029000 rw-p 00000000 00:00 0 
2b65c8029000-2b65cc000000 ---p 00000000 00:00 0 
2b65cc000000-2b65cc028000 rw-p 00000000 00:00 0 
2b65cc028000-2b65d0000000 ---p 00000000 00:00 0 
2b65d0000000-2b65d0029000 rw-p 00000000 00:00 0 
2b65d0029000-2b65d4000000 ---p 00000000 00:00 0 
2b65d4000000-2b65d402a000 rw-p 00000000 00:00 0 
2b65d402a000-2b65d8000000 ---p 00000000 00:00 0 
2b65d8000000-2b65d8029000 rw-p 00000000 00:00 0 
2b65d8029000-2b65dc000000 ---p 00000000 00:00 0 
2b65dc000000-2b65dc033000 rw-p 00000000 00:00 0 
2b65dc033000-2b65e0000000 ---p 00000000 00:00 0 
2b65e0000000-2b65e0029000 rw-p 00000000 00:00 0 
2b65e0029000-2b65e4000000 ---p 00000000 00:00 0 
2b65e4000000-2b65e4028000 rw-p 00000000 00:00 0 
2b65e4028000-2b65e8000000 ---p 00000000 00:00 0 
2b65e8000000-2b65e802b000 rw-p 00000000 00:00 0 
2b65e802b000-2b65ec000000 ---p 00000000 00:00 0 
2b65ec000000-2b65ec027000 rw-p 00000000 00:00 0 
2b65ec027000-2b65f0000000 ---p 00000000 00:00 0 
2b65f0000000-2b65f0029000 rw-p 00000000 00:00 0 
2b65f0029000-2b65f4000000 ---p 00000000 00:00 0 
2b65f4000000-2b65f402e000 rw-p 00000000 00:00 0 
2b65f402e000-2b65f8000000 ---p 00000000 00:00 0 
2b65f8000000-2b65f8029000 rw-p 00000000 00:00 0 
2b65f8029000-2b65fc000000 ---p 00000000 00:00 0 
2b65fc000000-2b65fc028000 rw-p 00000000 00:00 0 
2b65fc028000-2b6600000000 ---p 00000000 00:00 0 
2b6600000000-2b6600028000 rw-p 00000000 00:00 0 
2b6600028000-2b6604000000 ---p 00000000 00:00 0 
2b6604000000-2b6604027000 rw-p 00000000 00:00 0 
2b6604027000-2b6608000000 ---p 00000000 00:00 0 
2b6608000000-2b6608029000 rw-p 00000000 00:00 0 
2b6608029000-2b660c000000 ---p 00000000 00:00 0 
2b660c000000-2b660c026000 rw-p 00000000 00:00 0 
2b660c026000-2b6610000000 ---p 00000000 00:00 0 
2b6610000000-2b6610029000 rw-p 00000000 00:00 0 
2b6610029000-2b6614000000 ---p 00000000 00:00 0 
2b6614000000-2b661402c000 rw-p 00000000 00:00 0 
2b661402c000-2b6618000000 ---p 00000000 00:00 0 
2b6618000000-2b6618027000 rw-p 00000000 00:00 0 
2b6618027000-2b661c000000 ---p 00000000 00:00 0 
2b661c000000-2b661c028000 rw-p 00000000 00:00 0 
2b661c028000-2b6620000000 ---p 00000000 00:00 0 
2b6620000000-2b6620028000 rw-p 00000000 00:00 0 
2b6620028000-2b6624000000 ---p 00000000 00:00 0 
2b6624000000-2b6624029000 rw-p 00000000 00:00 0 
2b6624029000-2b6628000000 ---p 00000000 00:00 0 
2b6628000000-2b662802e000 rw-p 00000000 00:00 0 
2b662802e000-2b662c000000 ---p 00000000 00:00 0 
2b662c000000-2b662c029000 rw-p 00000000 00:00 0 
2b662c029000-2b6630000000 ---p 00000000 00:00 0 
2b6630000000-2b6630028000 rw-p 00000000 00:00 0 
2b6630028000-2b6634000000 ---p 00000000 00:00 0 
2b6634000000-2b6634027000 rw-p 00000000 00:00 0 
2b6634027000-2b6638000000 ---p 00000000 00:00 0 
2b6638000000-2b6638029000 rw-p 00000000 00:00 0 
2b6638029000-2b663c000000 ---p 00000000 00:00 0 
2b663c000000-2b663c028000 rw-p 00000000 00:00 0 
2b663c028000-2b6640000000 ---p 00000000 00:00 0 
2b6640000000-2b664002c000 rw-p 00000000 00:00 0 
2b664002c000-2b6644000000 ---p 00000000 00:00 0 
2b6644000000-2b664402b000 rw-p 00000000 00:00 0 
2b664402b000-2b6648000000 ---p 00000000 00:00 0 
2b6648000000-2b6648029000 rw-p 00000000 00:00 0 
2b6648029000-2b664c000000 ---p 00000000 00:00 0 
2b664c000000-2b664c029000 rw-p 00000000 00:00 0 
2b664c029000-2b6650000000 ---p 00000000 00:00 0 
2b6650000000-2b665002a000 rw-p 00000000 00:00 0 
2b665002a000-2b6654000000 ---p 00000000 00:00 0 
2b6654000000-2b665402c000 rw-p 00000000 00:00 0 
2b665402c000-2b6658000000 ---p 00000000 00:00 0 
2b6658000000-2b6658029000 rw-p 00000000 00:00 0 
2b6658029000-2b665c000000 ---p 00000000 00:00 0 
2b665c000000-2b665c028000 rw-p 00000000 00:00 0 
2b665c028000-2b6660000000 ---p 00000000 00:00 0 
2b6660000000-2b6660029000 rw-p 00000000 00:00 0 
2b6660029000-2b6664000000 ---p 00000000 00:00 0 
2b6664000000-2b6664026000 rw-p 00000000 00:00 0 
2b6664026000-2b6668000000 ---p 00000000 00:00 0 
2b6668000000-2b666802a000 rw-p 00000000 00:00 0 
2b666802a000-2b666c000000 ---p 00000000 00:00 0 
2b666c000000-2b666c02d000 rw-p 00000000 00:00 0 
2b666c02d000-2b6670000000 ---p 00000000 00:00 0 
2b6670000000-2b667002a000 rw-p 00000000 00:00 0 
2b667002a000-2b6674000000 ---p 00000000 00:00 0 
2b6674000000-2b6674028000 rw-p 00000000 00:00 0 
2b6674028000-2b6678000000 ---p 00000000 00:00 0 
2b6678000000-2b6678029000 rw-p 00000000 00:00 0 
2b6678029000-2b667c000000 ---p 00000000 00:00 0 
2b667c000000-2b667c02d000 rw-p 00000000 00:00 0 
2b667c02d000-2b6680000000 ---p 00000000 00:00 0 
2b6680000000-2b668002a000 rw-p 00000000 00:00 0 
2b668002a000-2b6684000000 ---p 00000000 00:00 0 
2b6684000000-2b668402b000 rw-p 00000000 00:00 0 
2b668402b000-2b6688000000 ---p 00000000 00:00 0 
2b6688000000-2b668802d000 rw-p 00000000 00:00 0 
2b668802d000-2b668c000000 ---p 00000000 00:00 0 
2b668c000000-2b668c027000 rw-p 00000000 00:00 0 
2b668c027000-2b6690000000 ---p 00000000 00:00 0 
2b6690000000-2b669002b000 rw-p 00000000 00:00 0 
2b669002b000-2b6694000000 ---p 00000000 00:00 0 
2b6694000000-2b669402a000 rw-p 00000000 00:00 0 
2b669402a000-2b6698000000 ---p 00000000 00:00 0 
2b6698000000-2b669802a000 rw-p 00000000 00:00 0 
2b669802a000-2b669c000000 ---p 00000000 00:00 0 
2b669c000000-2b669c026000 rw-p 00000000 00:00 0 
2b669c026000-2b66a0000000 ---p 00000000 00:00 0 
2b66a0000000-2b66a002a000 rw-p 00000000 00:00 0 
2b66a002a000-2b66a4000000 ---p 00000000 00:00 0 
2b66a4000000-2b66a4029000 rw-p 00000000 00:00 0 
2b66a4029000-2b66a8000000 ---p 00000000 00:00 0 
2b66a8000000-2b66a8027000 rw-p 00000000 00:00 0 
2b66a8027000-2b66ac000000 ---p 00000000 00:00 0 
2b66ac000000-2b66ac029000 rw-p 00000000 00:00 0 
2b66ac029000-2b66b0000000 ---p 00000000 00:00 0 
2b66b0000000-2b66b002a000 rw-p 00000000 00:00 0 
2b66b002a000-2b66b4000000 ---p 00000000 00:00 0 
2b66b4000000-2b66b4030000 rw-p 00000000 00:00 0 
2b66b4030000-2b66b8000000 ---p 00000000 00:00 0 
2b66b8000000-2b66b802d000 rw-p 00000000 00:00 0 
2b66b802d000-2b66bc000000 ---p 00000000 00:00 0 
2b66bc000000-2b66bc028000 rw-p 00000000 00:00 0 
2b66bc028000-2b66c0000000 ---p 00000000 00:00 0 
2b66c0000000-2b66c0028000 rw-p 00000000 00:00 0 
2b66c0028000-2b66c4000000 ---p 00000000 00:00 0 
2b66c4000000-2b66c4028000 rw-p 00000000 00:00 0 
2b66c4028000-2b66c8000000 ---p 00000000 00:00 0 
2b66c8000000-2b66c8028000 rw-p 00000000 00:00 0 
2b66c8028000-2b66cc000000 ---p 00000000 00:00 0 
2b66cc000000-2b66cc02c000 rw-p 00000000 00:00 0 
2b66cc02c000-2b66d0000000 ---p 00000000 00:00 0 
2b66d0000000-2b66d0029000 rw-p 00000000 00:00 0 
2b66d0029000-2b66d4000000 ---p 00000000 00:00 0 
2b66d4000000-2b66d4027000 rw-p 00000000 00:00 0 
2b66d4027000-2b66d8000000 ---p 00000000 00:00 0 
2b66d8000000-2b66d802b000 rw-p 00000000 00:00 0 
2b66d802b000-2b66dc000000 ---p 00000000 00:00 0 
2b66dc000000-2b66dc031000 rw-p 00000000 00:00 0 
2b66dc031000-2b66e0000000 ---p 00000000 00:00 0 
2b66e0000000-2b66e002c000 rw-p 00000000 00:00 0 
2b66e002c000-2b66e4000000 ---p 00000000 00:00 0 
2b66e4000000-2b66e402b000 rw-p 00000000 00:00 0 
2b66e402b000-2b66e8000000 ---p 00000000 00:00 0 
2b66e8000000-2b66e802d000 rw-p 00000000 00:00 0 
2b66e802d000-2b66ec000000 ---p 00000000 00:00 0 
2b66ec000000-2b66ec029000 rw-p 00000000 00:00 0 
2b66ec029000-2b66f0000000 ---p 00000000 00:00 0 
2b66f0000000-2b66f0029000 rw-p 00000000 00:00 0 
2b66f0029000-2b66f4000000 ---p 00000000 00:00 0 
2b66f4000000-2b66f4026000 rw-p 00000000 00:00 0 
2b66f4026000-2b66f8000000 ---p 00000000 00:00 0 
2b66f8000000-2b66f8028000 rw-p 00000000 00:00 0 
2b66f8028000-2b66fc000000 ---p 00000000 00:00 0 
2b66fc000000-2b66fc029000 rw-p 00000000 00:00 0 
2b66fc029000-2b6700000000 ---p 00000000 00:00 0 
2b6700000000-2b6700027000 rw-p 00000000 00:00 0 
2b6700027000-2b6704000000 ---p 00000000 00:00 0 
2b6704000000-2b670402a000 rw-p 00000000 00:00 0 
2b670402a000-2b6708000000 ---p 00000000 00:00 0 
2b6708000000-2b6708028000 rw-p 00000000 00:00 0 
2b6708028000-2b670c000000 ---p 00000000 00:00 0 
2b670c000000-2b670c02b000 rw-p 00000000 00:00 0 
2b670c02b000-2b6710000000 ---p 00000000 00:00 0 
2b6710000000-2b671002a000 rw-p 00000000 00:00 0 
2b671002a000-2b6714000000 ---p 00000000 00:00 0 
2b6714000000-2b671402d000 rw-p 00000000 00:00 0 
2b671402d000-2b6718000000 ---p 00000000 00:00 0 
2b6718000000-2b6718029000 rw-p 00000000 00:00 0 
2b6718029000-2b671c000000 ---p 00000000 00:00 0 
2b671c000000-2b671c029000 rw-p 00000000 00:00 0 
2b671c029000-2b6720000000 ---p 00000000 00:00 0 
2b6720000000-2b6720027000 rw-p 00000000 00:00 0 
2b6720027000-2b6724000000 ---p 00000000 00:00 0 
2b6724000000-2b6724029000 rw-p 00000000 00:00 0 
2b6724029000-2b6728000000 ---p 00000000 00:00 0 
2b6728000000-2b6728033000 rw-p 00000000 00:00 0 
2b6728033000-2b672c000000 ---p 00000000 00:00 0 
2b672c000000-2b672c027000 rw-p 00000000 00:00 0 
2b672c027000-2b6730000000 ---p 00000000 00:00 0 
2b6730000000-2b6730028000 rw-p 00000000 00:00 0 
2b6730028000-2b6734000000 ---p 00000000 00:00 0 
2b6734000000-2b6734028000 rw-p 00000000 00:00 0 
2b6734028000-2b6738000000 ---p 00000000 00:00 0 
2b6738000000-2b6738028000 rw-p 00000000 00:00 0 
2b6738028000-2b673c000000 ---p 00000000 00:00 0 
2b673c000000-2b673c030000 rw-p 00000000 00:00 0 
2b673c030000-2b6740000000 ---p 00000000 00:00 0 
2b6740000000-2b6740026000 rw-p 00000000 00:00 0 
2b6740026000-2b6744000000 ---p 00000000 00:00 0 
7ffc2602f000-7ffc26053000 rw-p 00000000 00:00 0                          [stack]
7ffc260f7000-7ffc260f9000 r-xp 00000000 00:00 0                          [vdso]
ffffffffff600000-ffffffffff601000 r-xp 00000000 00:00 0                  [vsyscall]

******************************************************************************************************
                                                                                    1197-14:54:39
*****************************************************************************************************


Command terminated by signal 6
	Command being timed: "./lgo Yelp 100 2 6 0.1 1.0 12"
	User time (seconds): 14.66
	System time (seconds): 0.24
	Percent of CPU this job got: 98%
	Elapsed (wall clock) time (h:mm:ss or m:ss): 0:15.06
	Average shared text size (kbytes): 0
	Average unshared data size (kbytes): 0
	Average stack size (kbytes): 0
	Average total size (kbytes): 0
	Maximum resident set size (kbytes): 111476
	Average resident set size (kbytes): 0
	Major (requiring I/O) page faults: 0
	Minor (reclaiming a frame) page faults: 24968
	Voluntary context switches: 24878
	Involuntary context switches: 3535
	Swaps: 0
	File system inputs: 0
	File system outputs: 253616
	Socket messages sent: 0
	Socket messages received: 0
	Signals delivered: 0
	Page size (bytes): 4096
	Exit status: 0
