C++17!
Using LSH-Graph for Yelp ...
c=        1.5
k=        100
L=        2
K=        18
T=        12
lsh_UB=   0
LOADING DATA...
Load from new file: /users/PAS2671/kabir36/kabir/similarity-search/dataset/Yelp/
N=    77079
dim=  50

LOADING TIME: 0.036839s.

LOADING BENMARK...
LOADING TIME: 0.000464s.

mkdir: missing operand
Try 'mkdir --help' for more information.

START HASHING...

SETTING HASH PARAMETER...
SETTING TIME: 5e-05s.

COMPUTING HASH...
COMPUTING TIME: 0.03957s.

[1m[31mWARNING:
[31mRanges of hash values is too LARGE. 
Please increase W at least 1times.
[0m[31mOld W=    0.3
New W=    1.89298
Increase  6.30994times.
[0mCONSTRUCTING GRAPH...

0%   10   20   30   40   50   60   70   80   90   100%
|----|----|----|----|----|----|----|----|----|----|
***************************************************
CONSTRUCTING TIME: 14.2291s.

SAVING GRAPH...
SAVING TIME: 0.085634s.

dist=0.824974, cnt=17.990879, unique=1, std=4.807036, Recall=0.000000
cc=292.079956, pruning=0.249554

Loading FastGraph...
*******************************************************************************************************
The result of LSH-G for Yelp is as follow: k=100, probQ = 0.9, L = 2, K = 18, T = 12
******************************************************************************************************
     algName       k      ef        Time      Recall        Cost        CPQ1        CPQ2     Pruning

       fastG     100     200     0.34833      0.3767     1370.82     606.226     1977.05    0.134562

Command terminated by signal 11
	Command being timed: "./lgo Yelp 100 2 18 0.1 1.0 12"
	User time (seconds): 14.28
	System time (seconds): 0.25
	Percent of CPU this job got: 98%
	Elapsed (wall clock) time (h:mm:ss or m:ss): 0:14.70
	Average shared text size (kbytes): 0
	Average unshared data size (kbytes): 0
	Average stack size (kbytes): 0
	Average total size (kbytes): 0
	Maximum resident set size (kbytes): 117828
	Average resident set size (kbytes): 0
	Major (requiring I/O) page faults: 0
	Minor (reclaiming a frame) page faults: 26419
	Voluntary context switches: 20982
	Involuntary context switches: 3389
	Swaps: 0
	File system inputs: 0
	File system outputs: 280864
	Socket messages sent: 0
	Socket messages received: 0
	Signals delivered: 0
	Page size (bytes): 4096
	Exit status: 0
