C++17!
Using LSH-Graph for Yelp ...
c=        1.5
k=        100
L=        2
K=        12
T=        12
lsh_UB=   0
LOADING DATA...
Load from new file: /users/PAS2671/kabir36/kabir/similarity-search/dataset/Yelp/
N=    77079
dim=  50

LOADING TIME: 0.037509s.

LOADING BENMARK...
LOADING TIME: 0.000468s.

mkdir: missing operand
Try 'mkdir --help' for more information.

START HASHING...

SETTING HASH PARAMETER...
SETTING TIME: 3.7e-05s.

COMPUTING HASH...
COMPUTING TIME: 0.027686s.

[1m[31mWARNING:
[31mRanges of hash values is too LARGE. 
Please increase W at least 1times.
[0m[31mOld W=    0.3
New W=    0.427448
Increase  1.42483times.
[0mCONSTRUCTING GRAPH...

0%   10   20   30   40   50   60   70   80   90   100%
|----|----|----|----|----|----|----|----|----|----|
***************************************************
CONSTRUCTING TIME: 14.0401s.

SAVING GRAPH...
SAVING TIME: 0.080758s.

dist=0.815458, cnt=17.992891, unique=1, std=4.801616, Recall=0.000000
cc=307.668884, pruning=0.186336

Loading FastGraph...
*******************************************************************************************************
The result of LSH-G for Yelp is as follow: k=100, probQ = 0.9, L = 2, K = 12, T = 12
******************************************************************************************************
     algName       k      ef        Time      Recall        Cost        CPQ1        CPQ2     Pruning

       fastG     100     200     0.30769      0.3611     1327.05     380.169     1707.22    0.105784

Command terminated by signal 11
	Command being timed: "./lgo Yelp 100 2 12 0.1 1.0 12"
	User time (seconds): 14.09
	System time (seconds): 0.23
	Percent of CPU this job got: 98%
	Elapsed (wall clock) time (h:mm:ss or m:ss): 0:14.48
	Average shared text size (kbytes): 0
	Average unshared data size (kbytes): 0
	Average stack size (kbytes): 0
	Average total size (kbytes): 0
	Maximum resident set size (kbytes): 114444
	Average resident set size (kbytes): 0
	Major (requiring I/O) page faults: 0
	Minor (reclaiming a frame) page faults: 26081
	Voluntary context switches: 24472
	Involuntary context switches: 3333
	Swaps: 0
	File system inputs: 0
	File system outputs: 266912
	Socket messages sent: 0
	Socket messages received: 0
	Signals delivered: 0
	Page size (bytes): 4096
	Exit status: 0
