C++17!
Using LSH-Graph for Yelp ...
c=        1.5
k=        100
L=        1
K=        12
T=        24
lsh_UB=   0
LOADING DATA...
Load from new file: /users/PAS2671/kabir36/kabir/similarity-search/dataset/Yelp/
N=    77079
dim=  50

LOADING TIME: 0.036731s.

LOADING BENMARK...
LOADING TIME: 0.000442s.

mkdir: missing operand
Try 'mkdir --help' for more information.

START HASHING...

SETTING HASH PARAMETER...
SETTING TIME: 2.6e-05s.

COMPUTING HASH...
COMPUTING TIME: 0.014401s.

[1m[31mWARNING:
[31mRanges of hash values is too LARGE. 
Please increase W at least 1times.
[0m[31mOld W=    0.3
New W=    0.411127
Increase  1.37042times.
[0mCONSTRUCTING GRAPH...

0%   10   20   30   40   50   60   70   80   90   100%
|----|----|----|----|----|----|----|----|----|----|
***************************************************
CONSTRUCTING TIME: 19.6618s.

SAVING GRAPH...
SAVING TIME: 0.076169s.

dist=0.854487, cnt=36.359074, unique=1, std=9.452456, Recall=0.000000
cc=428.762238, pruning=0.251049

Loading FastGraph...
*******************************************************************************************************
The result of LSH-G for Yelp is as follow: k=100, probQ = 0.9, L = 1, K = 12, T = 24
******************************************************************************************************
     algName       k      ef        Time      Recall        Cost        CPQ1        CPQ2     Pruning

       fastG     100     200     0.40645      0.4168     2112.73     592.748     2705.48    0.126893

*** Error in `./lgo': free(): invalid pointer: 0x0000000000f4f181 ***
======= Backtrace: =========
/lib64/libc.so.6(+0x81329)[0x2abc6a4b1329]
./lgo[0x40bb5e]
./lgo[0x408415]
/lib64/libc.so.6(__libc_start_main+0xf5)[0x2abc6a452555]
./lgo[0x408e0c]
======= Memory map: ========
00400000-00449000 r-xp 00000000 00:41 1794793                            /users/PAS2671/kabir36/kabir/similarity-search/models/LSH-APG/cppCode/LSH-APG/lgo
00648000-0064a000 r--p 00048000 00:41 1794793                            /users/PAS2671/kabir36/kabir/similarity-search/models/LSH-APG/cppCode/LSH-APG/lgo
0064a000-0064b000 rw-p 0004a000 00:41 1794793                            /users/PAS2671/kabir36/kabir/similarity-search/models/LSH-APG/cppCode/LSH-APG/lgo
00ecb000-031e3000 rw-p 00000000 00:00 0                                  [heap]
2abc690e2000-2abc69104000 r-xp 00000000 00:24 3428292698                 /usr/lib64/ld-2.17.so
2abc69104000-2abc6910b000 rw-p 00000000 00:00 0 
2abc69151000-2abc69158000 rw-p 00000000 00:00 0 
2abc69303000-2abc69304000 r--p 00021000 00:24 3428292698                 /usr/lib64/ld-2.17.so
2abc69304000-2abc69305000 rw-p 00022000 00:24 3428292698                 /usr/lib64/ld-2.17.so
2abc69305000-2abc69306000 rw-p 00000000 00:00 0 
2abc69306000-2abc6933e000 r-xp 00000000 00:2c 19202863                   /apps/xalt/2.10.29/lib64/libxalt_init.so
2abc6933e000-2abc6953e000 ---p 00038000 00:2c 19202863                   /apps/xalt/2.10.29/lib64/libxalt_init.so
2abc6953e000-2abc6953f000 r--p 00038000 00:2c 19202863                   /apps/xalt/2.10.29/lib64/libxalt_init.so
2abc6953f000-2abc69540000 rw-p 00039000 00:2c 19202863                   /apps/xalt/2.10.29/lib64/libxalt_init.so
2abc69540000-2abc69541000 rw-p 00000000 00:00 0 
2abc69541000-2abc69548000 r-xp 00000000 00:24 3428781212                 /usr/lib64/librt-2.17.so
2abc69548000-2abc69747000 ---p 00007000 00:24 3428781212                 /usr/lib64/librt-2.17.so
2abc69747000-2abc69748000 r--p 00006000 00:24 3428781212                 /usr/lib64/librt-2.17.so
2abc69748000-2abc69749000 rw-p 00007000 00:24 3428781212                 /usr/lib64/librt-2.17.so
2abc69749000-2abc698bd000 r-xp 00000000 00:2c 7905980                    /apps/gnu/8.4.0/lib64/libstdc++.so.6.0.25
2abc698bd000-2abc69abc000 ---p 00174000 00:2c 7905980                    /apps/gnu/8.4.0/lib64/libstdc++.so.6.0.25
2abc69abc000-2abc69ac6000 r--p 00173000 00:2c 7905980                    /apps/gnu/8.4.0/lib64/libstdc++.so.6.0.25
2abc69ac6000-2abc69ac8000 rw-p 0017d000 00:2c 7905980                    /apps/gnu/8.4.0/lib64/libstdc++.so.6.0.25
2abc69ac8000-2abc69acc000 rw-p 00000000 00:00 0 
2abc69acc000-2abc69bcd000 r-xp 00000000 00:24 3428781161                 /usr/lib64/libm-2.17.so
2abc69bcd000-2abc69dcc000 ---p 00101000 00:24 3428781161                 /usr/lib64/libm-2.17.so
2abc69dcc000-2abc69dcd000 r--p 00100000 00:24 3428781161                 /usr/lib64/libm-2.17.so
2abc69dcd000-2abc69dce000 rw-p 00101000 00:24 3428781161                 /usr/lib64/libm-2.17.so
2abc69dce000-2abc69dfb000 r-xp 00000000 00:2c 5669150                    /apps/gnu/8.4.0/lib64/libgomp.so.1.0.0
2abc69dfb000-2abc69ffa000 ---p 0002d000 00:2c 5669150                    /apps/gnu/8.4.0/lib64/libgomp.so.1.0.0
2abc69ffa000-2abc69ffb000 r--p 0002c000 00:2c 5669150                    /apps/gnu/8.4.0/lib64/libgomp.so.1.0.0
2abc69ffb000-2abc69ffc000 rw-p 0002d000 00:2c 5669150                    /apps/gnu/8.4.0/lib64/libgomp.so.1.0.0
2abc69ffc000-2abc6a013000 r-xp 00000000 00:2c 5669148                    /apps/gnu/8.4.0/lib64/libgcc_s.so.1
2abc6a013000-2abc6a212000 ---p 00017000 00:2c 5669148                    /apps/gnu/8.4.0/lib64/libgcc_s.so.1
2abc6a212000-2abc6a213000 r--p 00016000 00:2c 5669148                    /apps/gnu/8.4.0/lib64/libgcc_s.so.1
2abc6a213000-2abc6a214000 rw-p 00017000 00:2c 5669148                    /apps/gnu/8.4.0/lib64/libgcc_s.so.1
2abc6a214000-2abc6a22b000 r-xp 00000000 00:24 3428781193                 /usr/lib64/libpthread-2.17.so
2abc6a22b000-2abc6a42a000 ---p 00017000 00:24 3428781193                 /usr/lib64/libpthread-2.17.so
2abc6a42a000-2abc6a42b000 r--p 00016000 00:24 3428781193                 /usr/lib64/libpthread-2.17.so
2abc6a42b000-2abc6a42c000 rw-p 00017000 00:24 3428781193                 /usr/lib64/libpthread-2.17.so
2abc6a42c000-2abc6a430000 rw-p 00000000 00:00 0 
2abc6a430000-2abc6a5f4000 r-xp 00000000 00:24 3428781146                 /usr/lib64/libc-2.17.so
2abc6a5f4000-2abc6a7f3000 ---p 001c4000 00:24 3428781146                 /usr/lib64/libc-2.17.so
2abc6a7f3000-2abc6a7f7000 r--p 001c3000 00:24 3428781146                 /usr/lib64/libc-2.17.so
2abc6a7f7000-2abc6a7f9000 rw-p 001c7000 00:24 3428781146                 /usr/lib64/libc-2.17.so
2abc6a7f9000-2abc6a7fe000 rw-p 00000000 00:00 0 
2abc6a7fe000-2abc6a800000 r-xp 00000000 00:24 3428781159                 /usr/lib64/libdl-2.17.so
2abc6a800000-2abc6aa00000 ---p 00002000 00:24 3428781159                 /usr/lib64/libdl-2.17.so
2abc6aa00000-2abc6aa01000 r--p 00002000 00:24 3428781159                 /usr/lib64/libdl-2.17.so
2abc6aa01000-2abc6aa02000 rw-p 00003000 00:24 3428781159                 /usr/lib64/libdl-2.17.so
2abc6aa02000-2abc6aa06000 r-xp 00000000 00:2c 21954920                   /apps/xalt/2.10.29/lib64/libuuid.so.1.3.0
2abc6aa06000-2abc6ac05000 ---p 00004000 00:2c 21954920                   /apps/xalt/2.10.29/lib64/libuuid.so.1.3.0
2abc6ac05000-2abc6ac06000 r--p 00003000 00:2c 21954920                   /apps/xalt/2.10.29/lib64/libuuid.so.1.3.0
2abc6ac06000-2abc6ac07000 rw-p 00004000 00:2c 21954920                   /apps/xalt/2.10.29/lib64/libuuid.so.1.3.0
2abc6ac07000-2abc6e97c000 rw-p 00000000 00:00 0 
2abc77560000-2abc77561000 ---p 00000000 00:00 0 
2abc77561000-2abc77761000 rw-p 00000000 00:00 0 
2abc77761000-2abc77762000 ---p 00000000 00:00 0 
2abc77762000-2abc77962000 rw-p 00000000 00:00 0 
2abc77962000-2abc77963000 ---p 00000000 00:00 0 
2abc77963000-2abc77b63000 rw-p 00000000 00:00 0 
2abc77b63000-2abc77b64000 ---p 00000000 00:00 0 
2abc77b64000-2abc77d64000 rw-p 00000000 00:00 0 
2abc77d64000-2abc77d65000 ---p 00000000 00:00 0 
2abc77d65000-2abc77f65000 rw-p 00000000 00:00 0 
2abc77f65000-2abc77f66000 ---p 00000000 00:00 0 
2abc77f66000-2abc78166000 rw-p 00000000 00:00 0 
2abc78166000-2abc78167000 ---p 00000000 00:00 0 
2abc78167000-2abc78367000 rw-p 00000000 00:00 0 
2abc78367000-2abc78368000 ---p 00000000 00:00 0 
2abc78368000-2abc78568000 rw-p 00000000 00:00 0 
2abc78568000-2abc78569000 ---p 00000000 00:00 0 
2abc78569000-2abc78769000 rw-p 00000000 00:00 0 
2abc78769000-2abc7876a000 ---p 00000000 00:00 0 
2abc7876a000-2abc7896a000 rw-p 00000000 00:00 0 
2abc7896a000-2abc7896b000 ---p 00000000 00:00 0 
2abc7896b000-2abc78b6b000 rw-p 00000000 00:00 0 
2abc78b6b000-2abc78b6c000 ---p 00000000 00:00 0 
2abc78b6c000-2abc78d6c000 rw-p 00000000 00:00 0 
2abc78d6c000-2abc78d6d000 ---p 00000000 00:00 0 
2abc78d6d000-2abc78f6d000 rw-p 00000000 00:00 0 
2abc78f6d000-2abc78f6e000 ---p 00000000 00:00 0 
2abc78f6e000-2abc7916e000 rw-p 00000000 00:00 0 
2abc7916e000-2abc7916f000 ---p 00000000 00:00 0 
2abc7916f000-2abc7936f000 rw-p 00000000 00:00 0 
2abc7936f000-2abc79370000 ---p 00000000 00:00 0 
2abc79370000-2abc79570000 rw-p 00000000 00:00 0 
2abc79570000-2abc79571000 ---p 00000000 00:00 0 
2abc79571000-2abc79771000 rw-p 00000000 00:00 0 
2abc79771000-2abc79772000 ---p 00000000 00:00 0 
2abc79772000-2abc79972000 rw-p 00000000 00:00 0 
2abc79972000-2abc79973000 ---p 00000000 00:00 0 
2abc79973000-2abc79b73000 rw-p 00000000 00:00 0 
2abc7c000000-2abc7c02a000 rw-p 00000000 00:00 0 
2abc7c02a000-2abc80000000 ---p 00000000 00:00 0 
2abc80000000-2abc8002d000 rw-p 00000000 00:00 0 
2abc8002d000-2abc84000000 ---p 00000000 00:00 0 
2abc84000000-2abc8402c000 rw-p 00000000 00:00 0 
2abc8402c000-2abc88000000 ---p 00000000 00:00 0 
2abc88000000-2abc8802a000 rw-p 00000000 00:00 0 
2abc8802a000-2abc8c000000 ---p 00000000 00:00 0 
2abc8c000000-2abc8c026000 rw-p 00000000 00:00 0 
2abc8c026000-2abc90000000 ---p 00000000 00:00 0 
2abc90000000-2abc9002c000 rw-p 00000000 00:00 0 
2abc9002c000-2abc94000000 ---p 00000000 00:00 0 
2abc94000000-2abc9402c000 rw-p 00000000 00:00 0 
2abc9402c000-2abc98000000 ---p 00000000 00:00 0 
2abc98000000-2abc98040000 rw-p 00000000 00:00 0 
2abc98040000-2abc9c000000 ---p 00000000 00:00 0 
2abc9c000000-2abc9c02e000 rw-p 00000000 00:00 0 
2abc9c02e000-2abca0000000 ---p 00000000 00:00 0 
2abca0000000-2abca0029000 rw-p 00000000 00:00 0 
2abca0029000-2abca4000000 ---p 00000000 00:00 0 
2abca4000000-2abca402b000 rw-p 00000000 00:00 0 
2abca402b000-2abca8000000 ---p 00000000 00:00 0 
2abca8000000-2abca8033000 rw-p 00000000 00:00 0 
2abca8033000-2abcac000000 ---p 00000000 00:00 0 
2abcac000000-2abcac02c000 rw-p 00000000 00:00 0 
2abcac02c000-2abcb0000000 ---p 00000000 00:00 0 
2abcb0000000-2abcb002c000 rw-p 00000000 00:00 0 
2abcb002c000-2abcb4000000 ---p 00000000 00:00 0 
2abcb4000000-2abcb4027000 rw-p 00000000 00:00 0 
2abcb4027000-2abcb8000000 ---p 00000000 00:00 0 
2abcb8000000-2abcb802a000 rw-p 00000000 00:00 0 
2abcb802a000-2abcbc000000 ---p 00000000 00:00 0 
2abcbc000000-2abcbc02f000 rw-p 00000000 00:00 0 
2abcbc02f000-2abcc0000000 ---p 00000000 00:00 0 
2abcc0000000-2abcc002d000 rw-p 00000000 00:00 0 
2abcc002d000-2abcc4000000 ---p 00000000 00:00 0 
2abcc4000000-2abcc402a000 rw-p 00000000 00:00 0 
2abcc402a000-2abcc8000000 ---p 00000000 00:00 0 
2abcc8000000-2abcc8033000 rw-p 00000000 00:00 0 
2abcc8033000-2abccc000000 ---p 00000000 00:00 0 
2abccc000000-2abccc02b000 rw-p 00000000 00:00 0 
2abccc02b000-2abcd0000000 ---p 00000000 00:00 0 
2abcd0000000-2abcd0025000 rw-p 00000000 00:00 0 
2abcd0025000-2abcd4000000 ---p 00000000 00:00 0 
2abcd4000000-2abcd402c000 rw-p 00000000 00:00 0 
2abcd402c000-2abcd8000000 ---p 00000000 00:00 0 
2abcd8000000-2abcd802e000 rw-p 00000000 00:00 0 
2abcd802e000-2abcdc000000 ---p 00000000 00:00 0 
2abcdc000000-2abcdc02c000 rw-p 00000000 00:00 0 
2abcdc02c000-2abce0000000 ---p 00000000 00:00 0 
2abce0000000-2abce002c000 rw-p 00000000 00:00 0 
2abce002c000-2abce4000000 ---p 00000000 00:00 0 
2abce4000000-2abce4030000 rw-p 00000000 00:00 0 
2abce4030000-2abce8000000 ---p 00000000 00:00 0 
2abce8000000-2abce802a000 rw-p 00000000 00:00 0 
2abce802a000-2abcec000000 ---p 00000000 00:00 0 
2abcec000000-2abcec02b000 rw-p 00000000 00:00 0 
2abcec02b000-2abcf0000000 ---p 00000000 00:00 0 
2abcf0000000-2abcf0028000 rw-p 00000000 00:00 0 
2abcf0028000-2abcf4000000 ---p 00000000 00:00 0 
2abcf4000000-2abcf402d000 rw-p 00000000 00:00 0 
2abcf402d000-2abcf8000000 ---p 00000000 00:00 0 
2abcf8000000-2abcf802b000 rw-p 00000000 00:00 0 
2abcf802b000-2abcfc000000 ---p 00000000 00:00 0 
2abcfc000000-2abcfc02a000 rw-p 00000000 00:00 0 
2abcfc02a000-2abd00000000 ---p 00000000 00:00 0 
2abd00000000-2abd0002a000 rw-p 00000000 00:00 0 
2abd0002a000-2abd04000000 ---p 00000000 00:00 0 
2abd04000000-2abd0402f000 rw-p 00000000 00:00 0 
2abd0402f000-2abd08000000 ---p 00000000 00:00 0 
2abd08000000-2abd0802c000 rw-p 00000000 00:00 0 
2abd0802c000-2abd0c000000 ---p 00000000 00:00 0 
2abd0c000000-2abd0c02b000 rw-p 00000000 00:00 0 
2abd0c02b000-2abd10000000 ---p 00000000 00:00 0 
2abd10000000-2abd1002c000 rw-p 00000000 00:00 0 
2abd1002c000-2abd14000000 ---p 00000000 00:00 0 
2abd14000000-2abd14035000 rw-p 00000000 00:00 0 
2abd14035000-2abd18000000 ---p 00000000 00:00 0 
2abd18000000-2abd1802a000 rw-p 00000000 00:00 0 
2abd1802a000-2abd1c000000 ---p 00000000 00:00 0 
2abd1c000000-2abd1c02b000 rw-p 00000000 00:00 0 
2abd1c02b000-2abd20000000 ---p 00000000 00:00 0 
2abd20000000-2abd2002c000 rw-p 00000000 00:00 0 
2abd2002c000-2abd24000000 ---p 00000000 00:00 0 
2abd24000000-2abd2402b000 rw-p 00000000 00:00 0 
2abd2402b000-2abd28000000 ---p 00000000 00:00 0 
2abd28000000-2abd2802b000 rw-p 00000000 00:00 0 
2abd2802b000-2abd2c000000 ---p 00000000 00:00 0 
2abd2c000000-2abd2c028000 rw-p 00000000 00:00 0 
2abd2c028000-2abd30000000 ---p 00000000 00:00 0 
2abd30000000-2abd3002e000 rw-p 00000000 00:00 0 
2abd3002e000-2abd34000000 ---p 00000000 00:00 0 
2abd34000000-2abd3402a000 rw-p 00000000 00:00 0 
2abd3402a000-2abd38000000 ---p 00000000 00:00 0 
2abd38000000-2abd38028000 rw-p 00000000 00:00 0 
2abd38028000-2abd3c000000 ---p 00000000 00:00 0 
2abd3c000000-2abd3c027000 rw-p 00000000 00:00 0 
2abd3c027000-2abd40000000 ---p 00000000 00:00 0 
2abd40000000-2abd4002a000 rw-p 00000000 00:00 0 
2abd4002a000-2abd44000000 ---p 00000000 00:00 0 
2abd44000000-2abd4402c000 rw-p 00000000 00:00 0 
2abd4402c000-2abd48000000 ---p 00000000 00:00 0 
2abd48000000-2abd4802c000 rw-p 00000000 00:00 0 
2abd4802c000-2abd4c000000 ---p 00000000 00:00 0 
2abd4c000000-2abd4c030000 rw-p 00000000 00:00 0 
2abd4c030000-2abd50000000 ---p 00000000 00:00 0 
2abd50000000-2abd50033000 rw-p 00000000 00:00 0 
2abd50033000-2abd54000000 ---p 00000000 00:00 0 
2abd54000000-2abd5402b000 rw-p 00000000 00:00 0 
2abd5402b000-2abd58000000 ---p 00000000 00:00 0 
2abd58000000-2abd58031000 rw-p 00000000 00:00 0 
2abd58031000-2abd5c000000 ---p 00000000 00:00 0 
2abd5c000000-2abd5c02b000 rw-p 00000000 00:00 0 
2abd5c02b000-2abd60000000 ---p 00000000 00:00 0 
2abd60000000-2abd6002d000 rw-p 00000000 00:00 0 
2abd6002d000-2abd64000000 ---p 00000000 00:00 0 
2abd64000000-2abd6402a000 rw-p 00000000 00:00 0 
2abd6402a000-2abd68000000 ---p 00000000 00:00 0 
2abd68000000-2abd6802a000 rw-p 00000000 00:00 0 
2abd6802a000-2abd6c000000 ---p 00000000 00:00 0 
2abd6c000000-2abd6c02f000 rw-p 00000000 00:00 0 
2abd6c02f000-2abd70000000 ---p 00000000 00:00 0 
2abd70000000-2abd7002a000 rw-p 00000000 00:00 0 
2abd7002a000-2abd74000000 ---p 00000000 00:00 0 
2abd74000000-2abd7402b000 rw-p 00000000 00:00 0 
2abd7402b000-2abd78000000 ---p 00000000 00:00 0 
2abd78000000-2abd7802e000 rw-p 00000000 00:00 0 
2abd7802e000-2abd7c000000 ---p 00000000 00:00 0 
2abd7c000000-2abd7c028000 rw-p 00000000 00:00 0 
2abd7c028000-2abd80000000 ---p 00000000 00:00 0 
2abd80000000-2abd8002b000 rw-p 00000000 00:00 0 
2abd8002b000-2abd84000000 ---p 00000000 00:00 0 
2abd84000000-2abd8402b000 rw-p 00000000 00:00 0 
2abd8402b000-2abd88000000 ---p 00000000 00:00 0 
2abd88000000-2abd8802d000 rw-p 00000000 00:00 0 
2abd8802d000-2abd8c000000 ---p 00000000 00:00 0 
2abd8c000000-2abd8c032000 rw-p 00000000 00:00 0 
2abd8c032000-2abd90000000 ---p 00000000 00:00 0 
2abd90000000-2abd9002c000 rw-p 00000000 00:00 0 
2abd9002c000-2abd94000000 ---p 00000000 00:00 0 
2abd94000000-2abd9402c000 rw-p 00000000 00:00 0 
2abd9402c000-2abd98000000 ---p 00000000 00:00 0 
2abd98000000-2abd98034000 rw-p 00000000 00:00 0 
2abd98034000-2abd9c000000 ---p 00000000 00:00 0 
2abd9c000000-2abd9c02c000 rw-p 00000000 00:00 0 
2abd9c02c000-2abda0000000 ---p 00000000 00:00 0 
2abda0000000-2abda002b000 rw-p 00000000 00:00 0 
2abda002b000-2abda4000000 ---p 00000000 00:00 0 
2abda4000000-2abda402a000 rw-p 00000000 00:00 0 
2abda402a000-2abda8000000 ---p 00000000 00:00 0 
2abda8000000-2abda802c000 rw-p 00000000 00:00 0 
2abda802c000-2abdac000000 ---p 00000000 00:00 0 
2abdac000000-2abdac02b000 rw-p 00000000 00:00 0 
2abdac02b000-2abdb0000000 ---p 00000000 00:00 0 
2abdb0000000-2abdb002d000 rw-p 00000000 00:00 0 
2abdb002d000-2abdb4000000 ---p 00000000 00:00 0 
2abdb4000000-2abdb402b000 rw-p 00000000 00:00 0 
2abdb402b000-2abdb8000000 ---p 00000000 00:00 0 
2abdb8000000-2abdb8033000 rw-p 00000000 00:00 0 
2abdb8033000-2abdbc000000 ---p 00000000 00:00 0 
2abdbc000000-2abdbc02e000 rw-p 00000000 00:00 0 
2abdbc02e000-2abdc0000000 ---p 00000000 00:00 0 
2abdc0000000-2abdc0027000 rw-p 00000000 00:00 0 
2abdc0027000-2abdc4000000 ---p 00000000 00:00 0 
2abdc4000000-2abdc402a000 rw-p 00000000 00:00 0 
2abdc402a000-2abdc8000000 ---p 00000000 00:00 0 
2abdc8000000-2abdc8029000 rw-p 00000000 00:00 0 
2abdc8029000-2abdcc000000 ---p 00000000 00:00 0 
2abdcc000000-2abdcc02a000 rw-p 00000000 00:00 0 
2abdcc02a000-2abdd0000000 ---p 00000000 00:00 0 
2abdd0000000-2abdd002d000 rw-p 00000000 00:00 0 
2abdd002d000-2abdd4000000 ---p 00000000 00:00 0 
2abdd4000000-2abdd402a000 rw-p 00000000 00:00 0 
2abdd402a000-2abdd8000000 ---p 00000000 00:00 0 
2abdd8000000-2abdd802d000 rw-p 00000000 00:00 0 
2abdd802d000-2abddc000000 ---p 00000000 00:00 0 
2abddc000000-2abddc032000 rw-p 00000000 00:00 0 
2abddc032000-2abde0000000 ---p 00000000 00:00 0 
2abde0000000-2abde0031000 rw-p 00000000 00:00 0 
2abde0031000-2abde4000000 ---p 00000000 00:00 0 
2abde4000000-2abde4028000 rw-p 00000000 00:00 0 
2abde4028000-2abde8000000 ---p 00000000 00:00 0 
2abde8000000-2abde8029000 rw-p 00000000 00:00 0 
2abde8029000-2abdec000000 ---p 00000000 00:00 0 
2abdec000000-2abdec02b000 rw-p 00000000 00:00 0 
2abdec02b000-2abdf0000000 ---p 00000000 00:00 0 
2abdf0000000-2abdf0031000 rw-p 00000000 00:00 0 
2abdf0031000-2abdf4000000 ---p 00000000 00:00 0 
2abdf4000000-2abdf402d000 rw-p 00000000 00:00 0 
2abdf402d000-2abdf8000000 ---p 00000000 00:00 0 
2abdf8000000-2abdf802d000 rw-p 00000000 00:00 0 
2abdf802d000-2abdfc000000 ---p 00000000 00:00 0 
7ffd87335000-7ffd87359000 rw-p 00000000 00:00 0                          [stack]
7ffd873c1000-7ffd873c3000 r-xp 00000000 00:00 0                          [vdso]
ffffffffff600000-ffffffffff601000 r-xp 00000000 00:00 0                  [vsyscall]

******************************************************************************************************
                                                                                    1197-14:53:48
*****************************************************************************************************


Command terminated by signal 6
	Command being timed: "./lgo Yelp 100 1 12 0.1 1.0 24"
	User time (seconds): 19.68
	System time (seconds): 0.20
	Percent of CPU this job got: 99%
	Elapsed (wall clock) time (h:mm:ss or m:ss): 0:20.08
	Average shared text size (kbytes): 0
	Average unshared data size (kbytes): 0
	Average stack size (kbytes): 0
	Average total size (kbytes): 0
	Maximum resident set size (kbytes): 118340
	Average resident set size (kbytes): 0
	Major (requiring I/O) page faults: 0
	Minor (reclaiming a frame) page faults: 25196
	Voluntary context switches: 14157
	Involuntary context switches: 4006
	Swaps: 0
	File system inputs: 0
	File system outputs: 287664
	Socket messages sent: 0
	Socket messages received: 0
	Signals delivered: 0
	Page size (bytes): 4096
	Exit status: 0
